 -----------------------------------------------------------------------------
 -----------------------------------------------------------------------------
 |         __  __ ____ ___        _    __  __ ______     ___    ____         |
 |        |  \/  |  _ \_ _|      / \  |  \/  |  _ \ \   / / \  / ___|        |
 |        | |\/| | |_) | |_____ / _ \ | |\/| | |_) \ \ / / _ \| |            |
 |        | |  | |  __/| |_____/ ___ \| |  | |  _ < \ V / ___ \ |___         |
 |        |_|  |_|_|  |___|   /_/   \_\_|  |_|_| \_\ \_/_/   \_\____|        |
 -----------------------------------------------------------------------------
 -----------------------------------------------------------------------------
 Spitzer MHD: par:   0.21633973559351147       ,perp:    2.1685795904764041E-011
 Combination of Colgan (2008) for high temperatures and
 Dalgarno & McCray (1972), DM2, for low temperatures
 Reading amrvac.par
 
 Output type | tsavestart |  dtsave   | ditsave | itsave(1) | tsave(1)
         log | 0.000E+00  | 0.100E+00 | ******  |      0    | *********
      normal | 0.000E+00  | 0.200E+00 | ******  |      0    | *********
       slice | 0.000E+00  | ********* | ******  | ******    | *********
   collapsed | 0.000E+00  | ********* | ******  | ******    | *********
    analysis | 0.000E+00  | ********* | ******  | ******    | *********
 
         Domain size (cells): 96 48 
                Level one dx: 0.208E+00 0.208E+00 
           Refine estimation: Lohner's scheme
 Note, Grid is reconstructed once every           3 iterations
           restart_from_file:  output/solar_atm_a0129.dat
                  converting: F

 minra  0.10256244189917035     
 rhob   7382.7014817162089     
 pb   59.061613380997102     
 nw=          11  and nw found in restart file=           8
 Please be aware of changes in w at restart.
 Using TRACL(ine) method with a mask
 By default, magnetic field lines are traced every 4 grid cells
 NOTE:  2D TRAC method take the y-dir == grav-dir
 Memory requirement for each processor in TRAC:
           1  MB
 -------------------------------------------------------------------------------
 Startup phase took :             0.102 sec
 -------------------------------------------------------------------------------
 Start integrating, print status every  3.00E+01 seconds
   #        it        time          dt  wc-time(s)
   #    428251  6.4500E+01  1.3315E-04  2.9767E-02
   #    428571  6.4543E+01  1.3301E-04  3.0069E+01
   #    428897  6.4586E+01  1.3282E-04  6.0082E+01
   #    429258  6.4634E+01  1.3260E-04  9.0105E+01
   #    429626  6.4682E+01  1.3250E-04  1.2011E+02
   #    429988  6.4730E+01  1.3253E-04  1.5015E+02
   #    430357  6.4779E+01  1.3262E-04  1.8021E+02
   #    430726  6.4828E+01  1.3279E-04  2.1026E+02
   #    431094  6.4877E+01  1.3297E-04  2.4027E+02
   #    431458  6.4925E+01  1.3310E-04  2.7030E+02
   #    431827  6.4975E+01  1.3319E-04  3.0038E+02
   #    432193  6.5023E+01  1.3326E-04  3.3042E+02
   #    432561  6.5072E+01  1.3340E-04  3.6048E+02
   #    432920  6.5120E+01  1.3358E-04  3.9051E+02
   #    433278  6.5168E+01  1.3376E-04  4.2061E+02
   #    433617  6.5213E+01  1.3390E-04  4.5061E+02
   #    433953  6.5258E+01  1.3388E-04  4.8066E+02
   #    434289  6.5303E+01  1.3379E-04  5.1073E+02
   #    434629  6.5349E+01  1.3367E-04  5.4076E+02
   #    434967  6.5394E+01  1.3355E-04  5.7090E+02
   #    435332  6.5442E+01  1.3343E-04  6.0093E+02
   #    435703  6.5492E+01  1.3327E-04  6.3093E+02
   #    436067  6.5540E+01  1.3308E-04  6.6096E+02
   #    436430  6.5589E+01  1.3295E-04  6.9099E+02
   #    436790  6.5636E+01  1.3288E-04  7.2101E+02
   #    437136  6.5682E+01  1.3295E-04  7.5104E+02
   #    437498  6.5730E+01  1.3296E-04  7.8105E+02
   #    437860  6.5779E+01  1.3298E-04  8.1107E+02
   #    438222  6.5827E+01  1.3279E-04  8.4114E+02
   #    438575  6.5873E+01  1.3258E-04  8.7116E+02
   #    438926  6.5920E+01  1.3241E-04  9.0119E+02
   #    439285  6.5967E+01  1.3230E-04  9.3122E+02
   #    439619  6.6012E+01  1.3219E-04  9.6122E+02
   #    439986  6.6060E+01  1.3205E-04  9.9129E+02
   #    440352  6.6108E+01  1.3201E-04  1.0213E+03
   #    440723  6.6157E+01  1.3184E-04  1.0514E+03
   #    441092  6.6206E+01  1.3151E-04  1.0814E+03
   #    441455  6.6253E+01  1.3114E-04  1.1115E+03
   #    441826  6.6302E+01  1.3084E-04  1.1416E+03
   #    442193  6.6350E+01  1.3058E-04  1.1716E+03
   #    442555  6.6397E+01  1.3047E-04  1.2016E+03
   #    442925  6.6445E+01  1.3045E-04  1.2316E+03
   #    443295  6.6494E+01  1.3043E-04  1.2617E+03
   #    443665  6.6542E+01  1.3041E-04  1.2917E+03
   #    444025  6.6589E+01  1.3033E-04  1.3217E+03
   #    444386  6.6636E+01  1.2993E-04  1.3518E+03
   #    444750  6.6683E+01  1.2940E-04  1.3818E+03
   #    445110  6.6729E+01  1.2899E-04  1.4119E+03
   #    445469  6.6776E+01  1.2874E-04  1.4419E+03
   #    445838  6.6823E+01  1.2866E-04  1.4720E+03
   #    446202  6.6870E+01  1.2864E-04  1.5020E+03
   #    446549  6.6914E+01  1.2873E-04  1.5321E+03
   #    446911  6.6961E+01  1.2885E-04  1.5621E+03
   #    447274  6.7008E+01  1.2894E-04  1.5922E+03
   #    447634  6.7054E+01  1.2898E-04  1.6223E+03
   #    447993  6.7100E+01  1.2890E-04  1.6523E+03
   #    448350  6.7146E+01  1.2877E-04  1.6824E+03
   #    448711  6.7193E+01  1.2864E-04  1.7124E+03
   #    449074  6.7239E+01  1.2857E-04  1.7425E+03
   #    449435  6.7286E+01  1.2859E-04  1.7725E+03
   #    449792  6.7332E+01  1.2868E-04  1.8025E+03
   #    450149  6.7378E+01  1.2878E-04  1.8326E+03
   #    450498  6.7423E+01  1.2890E-04  1.8626E+03
   #    450861  6.7469E+01  1.2905E-04  1.8927E+03
   #    451226  6.7517E+01  1.2921E-04  1.9227E+03
   #    451588  6.7563E+01  1.2934E-04  1.9528E+03
   #    451956  6.7611E+01  1.2944E-04  1.9828E+03
   #    452322  6.7658E+01  1.2955E-04  2.0128E+03
   #    452688  6.7706E+01  1.2973E-04  2.0429E+03
   #    453056  6.7753E+01  1.2988E-04  2.0729E+03
   #    453418  6.7800E+01  1.3003E-04  2.1029E+03
   #    453784  6.7848E+01  1.3006E-04  2.1330E+03
   #    454152  6.7896E+01  1.2994E-04  2.1630E+03
   #    454497  6.7941E+01  1.2974E-04  2.1931E+03
   #    454863  6.7988E+01  1.2949E-04  2.2231E+03
   #    455230  6.8035E+01  1.2925E-04  2.2532E+03
   #    455599  6.8083E+01  1.2905E-04  2.2832E+03
   #    455966  6.8130E+01  1.2892E-04  2.3133E+03
   #    456330  6.8177E+01  1.2885E-04  2.3433E+03
   #    456696  6.8224E+01  1.2881E-04  2.3733E+03
   #    457063  6.8271E+01  1.2878E-04  2.4034E+03
   #    457430  6.8319E+01  1.2877E-04  2.4335E+03
   #    457791  6.8365E+01  1.2876E-04  2.4635E+03
   #    458135  6.8409E+01  1.2875E-04  2.4935E+03
   #    458493  6.8455E+01  1.2873E-04  2.5235E+03
   #    458846  6.8501E+01  1.2872E-04  2.5536E+03
   #    459210  6.8548E+01  1.2871E-04  2.5837E+03
   #    459570  6.8594E+01  1.2869E-04  2.6137E+03
   #    459928  6.8640E+01  1.2864E-04  2.6437E+03
   #    460284  6.8686E+01  1.2853E-04  2.6738E+03
   #    460647  6.8732E+01  1.2837E-04  2.7039E+03
   #    461006  6.8779E+01  1.2814E-04  2.7339E+03
   #    461364  6.8824E+01  1.2790E-04  2.7639E+03
   #    461724  6.8870E+01  1.2764E-04  2.7940E+03
   #    462086  6.8916E+01  1.2745E-04  2.8240E+03
   #    462449  6.8963E+01  1.2736E-04  2.8541E+03
   #    462814  6.9009E+01  1.2730E-04  2.8842E+03
   #    463178  6.9055E+01  1.2732E-04  2.9142E+03
   #    463543  6.9102E+01  1.2741E-04  2.9442E+03
   #    463912  6.9149E+01  1.2747E-04  2.9743E+03
   #    464278  6.9195E+01  1.2732E-04  3.0044E+03
   #    464644  6.9242E+01  1.2713E-04  3.0344E+03
   #    465011  6.9289E+01  1.2702E-04  3.0645E+03
   #    465374  6.9335E+01  1.2696E-04  3.0945E+03
   #    465732  6.9380E+01  1.2689E-04  3.1245E+03
   #    466091  6.9426E+01  1.2687E-04  3.1546E+03
   #    466448  6.9471E+01  1.2686E-04  3.1846E+03
   #    466801  6.9516E+01  1.2683E-04  3.2147E+03
   #    467153  6.9560E+01  1.2678E-04  3.2447E+03
   #    467495  6.9604E+01  1.2662E-04  3.2747E+03
   #    467856  6.9649E+01  1.2631E-04  3.3047E+03
   #    468204  6.9693E+01  1.2609E-04  3.3348E+03
   #    468564  6.9738E+01  1.2595E-04  3.3648E+03
   #    468898  6.9780E+01  1.2599E-04  3.3948E+03
   #    469251  6.9825E+01  1.2604E-04  3.4248E+03
   #    469605  6.9870E+01  1.2624E-04  3.4549E+03
   #    469957  6.9914E+01  1.2657E-04  3.4849E+03
   #    470317  6.9960E+01  1.2688E-04  3.5149E+03
   #    470676  7.0005E+01  1.2706E-04  3.5449E+03
   #    471035  7.0051E+01  1.2716E-04  3.5749E+03
   #    471390  7.0096E+01  1.2722E-04  3.6050E+03
   #    471729  7.0139E+01  1.2729E-04  3.6350E+03
   #    472083  7.0184E+01  1.2738E-04  3.6651E+03
   #    472442  7.0230E+01  1.2749E-04  3.6951E+03
   #    472804  7.0276E+01  1.2764E-04  3.7251E+03
   #    473169  7.0323E+01  1.2785E-04  3.7551E+03
   #    473518  7.0367E+01  1.2801E-04  3.7852E+03
   #    473880  7.0414E+01  1.2818E-04  3.8152E+03
   #    474240  7.0460E+01  1.2837E-04  3.8453E+03
   #    474602  7.0506E+01  1.2859E-04  3.8753E+03
   #    474961  7.0552E+01  1.2875E-04  3.9054E+03
   #    475310  7.0597E+01  1.2883E-04  3.9356E+03
   #    475627  7.0638E+01  1.2886E-04  3.9657E+03
   #    475881  7.0671E+01  1.2886E-04  3.9957E+03
   #    476137  7.0704E+01  1.2886E-04  4.0258E+03
   #    476399  7.0737E+01  1.2885E-04  4.0558E+03
   #    476717  7.0778E+01  1.2885E-04  4.0859E+03
   #    477045  7.0821E+01  1.2885E-04  4.1159E+03
   #    477337  7.0858E+01  1.2884E-04  4.1459E+03
   #    477611  7.0894E+01  1.2882E-04  4.1763E+03
   #    477913  7.0932E+01  1.2878E-04  4.2064E+03
   #    478196  7.0969E+01  1.2871E-04  4.2365E+03
   #    478496  7.1007E+01  1.2861E-04  4.2665E+03
   #    478819  7.1049E+01  1.2846E-04  4.2966E+03
   #    479089  7.1084E+01  1.2833E-04  4.3267E+03
   #    479340  7.1116E+01  1.2820E-04  4.3567E+03
   #    479651  7.1155E+01  1.2804E-04  4.3870E+03
   #    479946  7.1193E+01  1.2791E-04  4.4171E+03
   #    480203  7.1226E+01  1.2781E-04  4.4471E+03
   #    480505  7.1265E+01  1.2770E-04  4.4772E+03
   #    480830  7.1306E+01  1.2759E-04  4.5073E+03
   #    481102  7.1341E+01  1.2751E-04  4.5373E+03
   #    481359  7.1374E+01  1.2738E-04  4.5673E+03
   #    481681  7.1415E+01  1.2715E-04  4.5974E+03
   #    481986  7.1453E+01  1.2693E-04  4.6276E+03
   #    482249  7.1487E+01  1.2673E-04  4.6576E+03
   #    482575  7.1528E+01  1.2650E-04  4.6876E+03
   #    482905  7.1570E+01  1.2628E-04  4.7177E+03
   #    483235  7.1611E+01  1.2607E-04  4.7477E+03
   #    483493  7.1644E+01  1.2592E-04  4.7777E+03
   #    483834  7.1687E+01  1.2579E-04  4.8078E+03
   #    484169  7.1729E+01  1.2570E-04  4.8378E+03
   #    484506  7.1771E+01  1.2566E-04  4.8679E+03
   #    484798  7.1808E+01  1.2562E-04  4.8979E+03
   #    485135  7.1850E+01  1.2560E-04  4.9279E+03
   #    485407  7.1884E+01  1.2558E-04  4.9579E+03
   #    485702  7.1921E+01  1.2549E-04  4.9881E+03
   #    485900  7.1946E+01  1.2541E-04  5.0183E+03
   #    486044  7.1964E+01  1.2537E-04  5.0486E+03
   #    486213  7.1985E+01  1.2532E-04  5.0787E+03
   #    486444  7.2014E+01  1.2527E-04  5.1088E+03
   #    486676  7.2043E+01  1.2524E-04  5.1388E+03
   #    486899  7.2071E+01  1.2525E-04  5.1688E+03
   #    487212  7.2110E+01  1.2531E-04  5.1989E+03
   #    487483  7.2144E+01  1.2540E-04  5.2289E+03
   #    487688  7.2170E+01  1.2548E-04  5.2592E+03
   #    487898  7.2196E+01  1.2558E-04  5.2892E+03
   #    488184  7.2232E+01  1.2570E-04  5.3193E+03
   #    488496  7.2271E+01  1.2588E-04  5.3493E+03
   #    488797  7.2309E+01  1.2604E-04  5.3794E+03
   #    489055  7.2341E+01  1.2617E-04  5.4099E+03
   #    489295  7.2372E+01  1.2625E-04  5.4400E+03
   #    489450  7.2391E+01  1.2630E-04  5.4700E+03
   #    489755  7.2430E+01  1.2642E-04  5.5000E+03
   #    490099  7.2473E+01  1.2657E-04  5.5301E+03
   #    490415  7.2513E+01  1.2672E-04  5.5610E+03
   #    490712  7.2551E+01  1.2689E-04  5.5911E+03
   #    490982  7.2585E+01  1.2704E-04  5.6213E+03
   #    491240  7.2618E+01  1.2717E-04  5.6513E+03
   #    491535  7.2655E+01  1.2733E-04  5.6814E+03
   #    491868  7.2698E+01  1.2751E-04  5.7115E+03
   #    492205  7.2741E+01  1.2769E-04  5.7415E+03
   #    492512  7.2780E+01  1.2785E-04  5.7715E+03
   #    492829  7.2821E+01  1.2798E-04  5.8015E+03
   #    493138  7.2860E+01  1.2807E-04  5.8316E+03
   #    493435  7.2898E+01  1.2816E-04  5.8620E+03
   #    493709  7.2933E+01  1.2824E-04  5.8920E+03
   #    494068  7.2979E+01  1.2833E-04  5.9221E+03
   #    494396  7.3021E+01  1.2835E-04  5.9522E+03
   #    494641  7.3053E+01  1.2834E-04  5.9822E+03
   #    494898  7.3086E+01  1.2831E-04  6.0123E+03
   #    495212  7.3126E+01  1.2828E-04  6.0423E+03
   #    495515  7.3165E+01  1.2825E-04  6.0724E+03
   #    495858  7.3209E+01  1.2818E-04  6.1024E+03
   #    496193  7.3252E+01  1.2808E-04  6.1324E+03
   #    496492  7.3290E+01  1.2795E-04  6.1626E+03
   #    496778  7.3327E+01  1.2781E-04  6.1926E+03
   #    497111  7.3369E+01  1.2759E-04  6.2227E+03
   #    497437  7.3411E+01  1.2735E-04  6.2528E+03
   #    497774  7.3453E+01  1.2706E-04  6.2828E+03
   #    498116  7.3497E+01  1.2672E-04  6.3128E+03
   #    498451  7.3539E+01  1.2645E-04  6.3428E+03
   #    498755  7.3578E+01  1.2625E-04  6.3729E+03
   #    499105  7.3622E+01  1.2605E-04  6.4029E+03
   #    499465  7.3667E+01  1.2595E-04  6.4330E+03
   #    499816  7.3711E+01  1.2590E-04  6.4630E+03
   #    500153  7.3754E+01  1.2584E-04  6.4930E+03
   #    500480  7.3795E+01  1.2575E-04  6.5230E+03
   #    500791  7.3834E+01  1.2567E-04  6.5531E+03
   #    501120  7.3875E+01  1.2560E-04  6.5831E+03
   #    501466  7.3919E+01  1.2548E-04  6.6132E+03
   #    501819  7.3963E+01  1.2528E-04  6.6433E+03
   #    502176  7.4008E+01  1.2504E-04  6.6733E+03
   #    502518  7.4050E+01  1.2477E-04  6.7034E+03
   #    502825  7.4088E+01  1.2462E-04  6.7335E+03
   #    503180  7.4133E+01  1.2452E-04  6.7635E+03
   #    503537  7.4177E+01  1.2441E-04  6.7935E+03
   #    503907  7.4223E+01  1.2432E-04  6.8235E+03
   #    504272  7.4268E+01  1.2430E-04  6.8536E+03
   #    504642  7.4314E+01  1.2438E-04  6.8837E+03
   #    504961  7.4354E+01  1.2450E-04  6.9137E+03
   #    505251  7.4390E+01  1.2463E-04  6.9438E+03
   #    505490  7.4420E+01  1.2474E-04  6.9744E+03
   #    505818  7.4461E+01  1.2490E-04  7.0045E+03
   #    506175  7.4505E+01  1.2502E-04  7.0345E+03
   #    506527  7.4549E+01  1.2510E-04  7.0647E+03
   #    506807  7.4584E+01  1.2515E-04  7.0947E+03
   #    506920  7.4599E+01  1.2517E-04  7.1250E+03
   #    506999  7.4608E+01  1.2519E-04  7.1551E+03
   #    507162  7.4629E+01  1.2523E-04  7.1858E+03
   #    507343  7.4651E+01  1.2530E-04  7.2160E+03
   #    507534  7.4675E+01  1.2537E-04  7.2460E+03
   #    507731  7.4700E+01  1.2545E-04  7.2761E+03
   #    508024  7.4737E+01  1.2555E-04  7.3062E+03
   #    508186  7.4757E+01  1.2561E-04  7.3363E+03
   #    508431  7.4788E+01  1.2572E-04  7.3670E+03
   #    508600  7.4809E+01  1.2581E-04  7.3971E+03
   #    508794  7.4833E+01  1.2591E-04  7.4272E+03
   #    509107  7.4873E+01  1.2609E-04  7.4572E+03
   #    509430  7.4914E+01  1.2629E-04  7.4872E+03
   #    509768  7.4956E+01  1.2646E-04  7.5172E+03
   #    510037  7.4990E+01  1.2661E-04  7.5478E+03
   #    510324  7.5027E+01  1.2679E-04  7.5778E+03
   #    510615  7.5064E+01  1.2691E-04  7.6082E+03
   #    510775  7.5084E+01  1.2698E-04  7.6386E+03
   #    510987  7.5111E+01  1.2707E-04  7.6686E+03
   #    511231  7.5142E+01  1.2716E-04  7.6986E+03
   #    511517  7.5178E+01  1.2716E-04  7.7287E+03
   #    511776  7.5211E+01  1.2712E-04  7.7588E+03
   #    512009  7.5241E+01  1.2706E-04  7.7888E+03
   #    512263  7.5273E+01  1.2699E-04  7.8189E+03
   #    512403  7.5291E+01  1.2694E-04  7.8505E+03
   #    512469  7.5299E+01  1.2692E-04  7.8806E+03
   #    512679  7.5326E+01  1.2687E-04  7.9106E+03
   #    512926  7.5357E+01  1.2681E-04  7.9406E+03
   #    513231  7.5396E+01  1.2674E-04  7.9707E+03
   #    513492  7.5429E+01  1.2668E-04  8.0008E+03
   #    513624  7.5445E+01  1.2665E-04  8.0308E+03
   #    513774  7.5464E+01  1.2662E-04  8.0609E+03
   #    514032  7.5497E+01  1.2658E-04  8.0909E+03
   #    514295  7.5530E+01  1.2655E-04  8.1210E+03
   #    514623  7.5572E+01  1.2653E-04  8.1510E+03
   #    514901  7.5607E+01  1.2654E-04  8.1811E+03
   #    515223  7.5648E+01  1.2657E-04  8.2111E+03
   #    515549  7.5689E+01  1.2659E-04  8.2412E+03
   #    515891  7.5732E+01  1.2656E-04  8.2713E+03
   #    516219  7.5774E+01  1.2646E-04  8.3013E+03
   #    516541  7.5814E+01  1.2632E-04  8.3314E+03
   #    516841  7.5852E+01  1.2619E-04  8.3615E+03
   #    517118  7.5887E+01  1.2612E-04  8.3915E+03
   #    517424  7.5925E+01  1.2607E-04  8.4216E+03
   #    517776  7.5970E+01  1.2600E-04  8.4517E+03
   #    518121  7.6013E+01  1.2591E-04  8.4817E+03
   #    518463  7.6056E+01  1.2577E-04  8.5118E+03
   #    518822  7.6101E+01  1.2568E-04  8.5418E+03
   #    519154  7.6143E+01  1.2563E-04  8.5718E+03
   #    519481  7.6184E+01  1.2564E-04  8.6018E+03
   #    519796  7.6224E+01  1.2567E-04  8.6318E+03
   #    520122  7.6265E+01  1.2570E-04  8.6625E+03
   #    520453  7.6306E+01  1.2568E-04  8.6926E+03
   #    520794  7.6349E+01  1.2563E-04  8.7226E+03
   #    521128  7.6391E+01  1.2552E-04  8.7527E+03
   #    521470  7.6434E+01  1.2535E-04  8.7827E+03
   #    521800  7.6475E+01  1.2507E-04  8.8128E+03
   #    522097  7.6512E+01  1.2483E-04  8.8428E+03
   #    522409  7.6551E+01  1.2467E-04  8.8729E+03
   #    522712  7.6589E+01  1.2460E-04  8.9030E+03
   #    523005  7.6625E+01  1.2459E-04  8.9331E+03
   #    523316  7.6664E+01  1.2466E-04  8.9631E+03
   #    523642  7.6705E+01  1.2479E-04  8.9932E+03
   #    523957  7.6744E+01  1.2497E-04  9.0233E+03
   #    524255  7.6781E+01  1.2517E-04  9.0533E+03
   #    524538  7.6817E+01  1.2532E-04  9.0834E+03
   #    524816  7.6852E+01  1.2545E-04  9.1135E+03
   #    525100  7.6887E+01  1.2557E-04  9.1437E+03
   #    525394  7.6924E+01  1.2567E-04  9.1737E+03
   #    525709  7.6964E+01  1.2573E-04  9.2038E+03
   #    526047  7.7006E+01  1.2575E-04  9.2338E+03
   #    526382  7.7048E+01  1.2577E-04  9.2639E+03
   #    526715  7.7090E+01  1.2582E-04  9.2939E+03
   #    527042  7.7131E+01  1.2600E-04  9.3240E+03
   #    527346  7.7170E+01  1.2619E-04  9.3540E+03
   #    527474  7.7186E+01  1.2630E-04  9.3840E+03
   #    527546  7.7195E+01  1.2635E-04  9.4147E+03
   #    527740  7.7219E+01  1.2647E-04  9.4447E+03
   #    527957  7.7247E+01  1.2664E-04  9.4748E+03
   #    528184  7.7275E+01  1.2682E-04  9.5049E+03
   #    528469  7.7312E+01  1.2705E-04  9.5350E+03
   #    528789  7.7352E+01  1.2730E-04  9.5650E+03
   #    528910  7.7368E+01  1.2736E-04  9.5951E+03
   #    529028  7.7383E+01  1.2743E-04  9.6264E+03
   #    529230  7.7408E+01  1.2754E-04  9.6565E+03
   #    529418  7.7432E+01  1.2764E-04  9.6865E+03
   #    529629  7.7459E+01  1.2776E-04  9.7165E+03
   #    529845  7.7487E+01  1.2785E-04  9.7466E+03
   #    530132  7.7524E+01  1.2791E-04  9.7770E+03
   #    530306  7.7546E+01  1.2792E-04  9.8074E+03
   #    530391  7.7557E+01  1.2791E-04  9.8381E+03
   #    530543  7.7576E+01  1.2789E-04  9.8682E+03
   #    530761  7.7604E+01  1.2781E-04  9.8982E+03
   #    531013  7.7636E+01  1.2770E-04  9.9282E+03
   #    531248  7.7666E+01  1.2759E-04  9.9583E+03
   #    531520  7.7701E+01  1.2745E-04  9.9883E+03
   #    531774  7.7733E+01  1.2731E-04  1.0019E+04
   #    531854  7.7743E+01  1.2726E-04  1.0049E+04
   #    531976  7.7759E+01  1.2717E-04  1.0081E+04
   #    532165  7.7783E+01  1.2704E-04  1.0112E+04
   #    532401  7.7813E+01  1.2694E-04  1.0142E+04
   #    532645  7.7844E+01  1.2686E-04  1.0172E+04
   #    532904  7.7877E+01  1.2682E-04  1.0202E+04
   #    533167  7.7910E+01  1.2682E-04  1.0232E+04
   #    533303  7.7927E+01  1.2683E-04  1.0262E+04
   #    533359  7.7934E+01  1.2684E-04  1.0292E+04
   #    533491  7.7951E+01  1.2685E-04  1.0322E+04
   #    533688  7.7976E+01  1.2686E-04  1.0352E+04
   #    533912  7.8004E+01  1.2685E-04  1.0382E+04
   #    534187  7.8039E+01  1.2681E-04  1.0412E+04
   #    534468  7.8075E+01  1.2674E-04  1.0442E+04
   #    534651  7.8098E+01  1.2668E-04  1.0472E+04
   #    534757  7.8111E+01  1.2664E-04  1.0504E+04
   #    534815  7.8119E+01  1.2662E-04  1.0536E+04
   #    534933  7.8134E+01  1.2658E-04  1.0566E+04
   #    535138  7.8159E+01  1.2652E-04  1.0596E+04
   #    535357  7.8187E+01  1.2646E-04  1.0626E+04
   #    535639  7.8223E+01  1.2640E-04  1.0656E+04
   #    535814  7.8245E+01  1.2638E-04  1.0687E+04
   #    535923  7.8259E+01  1.2636E-04  1.0717E+04
   #    535989  7.8267E+01  1.2636E-04  1.0748E+04
   #    536151  7.8287E+01  1.2636E-04  1.0779E+04
   #    536340  7.8311E+01  1.2637E-04  1.0810E+04
   #    536505  7.8332E+01  1.2639E-04  1.0840E+04
   #    536786  7.8368E+01  1.2644E-04  1.0870E+04
   #    537064  7.8403E+01  1.2650E-04  1.0900E+04
   #    537195  7.8419E+01  1.2652E-04  1.0930E+04
   #    537294  7.8432E+01  1.2654E-04  1.0960E+04
   #    537466  7.8454E+01  1.2657E-04  1.0991E+04
   #    537661  7.8478E+01  1.2660E-04  1.1021E+04
   #    537891  7.8507E+01  1.2663E-04  1.1051E+04
   #    538191  7.8545E+01  1.2667E-04  1.1081E+04
   #    538494  7.8584E+01  1.2670E-04  1.1111E+04
   #    538679  7.8607E+01  1.2671E-04  1.1141E+04
   #    538765  7.8618E+01  1.2671E-04  1.1173E+04
   #    538977  7.8645E+01  1.2671E-04  1.1203E+04
   #    539187  7.8671E+01  1.2671E-04  1.1233E+04
   #    539469  7.8707E+01  1.2673E-04  1.1263E+04
   #    539802  7.8749E+01  1.2681E-04  1.1293E+04
   #    540139  7.8792E+01  1.2691E-04  1.1323E+04
   #    540264  7.8808E+01  1.2694E-04  1.1354E+04
   #    540354  7.8819E+01  1.2697E-04  1.1384E+04
   #    540527  7.8841E+01  1.2701E-04  1.1414E+04
   #    540772  7.8872E+01  1.2704E-04  1.1444E+04
   #    541020  7.8904E+01  1.2705E-04  1.1474E+04
   #    541320  7.8942E+01  1.2704E-04  1.1504E+04
   #    541611  7.8979E+01  1.2707E-04  1.1534E+04
   #    541744  7.8996E+01  1.2709E-04  1.1565E+04
   #    541811  7.9004E+01  1.2711E-04  1.1595E+04
   #    541902  7.9016E+01  1.2714E-04  1.1625E+04
   #    542059  7.9036E+01  1.2719E-04  1.1655E+04
   #    542203  7.9054E+01  1.2724E-04  1.1685E+04
   #    542408  7.9080E+01  1.2730E-04  1.1715E+04
   #    542741  7.9122E+01  1.2733E-04  1.1745E+04
   #    542980  7.9153E+01  1.2728E-04  1.1776E+04
   #    543049  7.9161E+01  1.2725E-04  1.1806E+04
   #    543140  7.9173E+01  1.2721E-04  1.1836E+04
   #    543233  7.9185E+01  1.2716E-04  1.1866E+04
   #    543412  7.9208E+01  1.2702E-04  1.1896E+04
   #    543612  7.9233E+01  1.2688E-04  1.1927E+04
   #    543931  7.9273E+01  1.2669E-04  1.1957E+04
   #    544227  7.9311E+01  1.2656E-04  1.1987E+04
   #    544358  7.9327E+01  1.2653E-04  1.2017E+04
   #    544427  7.9336E+01  1.2651E-04  1.2047E+04
   #    544561  7.9353E+01  1.2650E-04  1.2077E+04
   #    544797  7.9383E+01  1.2650E-04  1.2107E+04
   #    545006  7.9409E+01  1.2651E-04  1.2137E+04
   #    545230  7.9438E+01  1.2653E-04  1.2167E+04
   #    545560  7.9479E+01  1.2657E-04  1.2198E+04
   #    545815  7.9512E+01  1.2663E-04  1.2228E+04
   #    546059  7.9543E+01  1.2671E-04  1.2258E+04
   #    546329  7.9577E+01  1.2684E-04  1.2288E+04
   #    546619  7.9614E+01  1.2695E-04  1.2318E+04
   #    546925  7.9652E+01  1.2709E-04  1.2348E+04
   #    547249  7.9694E+01  1.2724E-04  1.2378E+04
   #    547553  7.9732E+01  1.2742E-04  1.2408E+04
   #    547800  7.9764E+01  1.2759E-04  1.2438E+04
   #    548071  7.9798E+01  1.2774E-04  1.2468E+04
   #    548371  7.9837E+01  1.2782E-04  1.2498E+04
   #    548668  7.9875E+01  1.2784E-04  1.2528E+04
   #    548991  7.9916E+01  1.2784E-04  1.2558E+04
   #    549320  7.9958E+01  1.2789E-04  1.2588E+04
   #    549567  7.9990E+01  1.2795E-04  1.2618E+04
   #    549803  8.0020E+01  1.2803E-04  1.2648E+04
   #    550093  8.0057E+01  1.2814E-04  1.2678E+04
   #    550379  8.0094E+01  1.2825E-04  1.2709E+04
   #    550693  8.0134E+01  1.2834E-04  1.2739E+04
   #    551028  8.0177E+01  1.2847E-04  1.2769E+04
   #    551364  8.0220E+01  1.2870E-04  1.2799E+04
   #    551684  8.0261E+01  1.2891E-04  1.2829E+04
   #    551912  8.0291E+01  1.2897E-04  1.2859E+04
   #    551984  8.0300E+01  1.2898E-04  1.2890E+04
   #    552042  8.0307E+01  1.2899E-04  1.2920E+04
   #    552284  8.0338E+01  1.2902E-04  1.2950E+04
   #    552556  8.0374E+01  1.2905E-04  1.2980E+04
   #    552798  8.0405E+01  1.2896E-04  1.3010E+04
   #    553029  8.0434E+01  1.2887E-04  1.3040E+04
   #    553162  8.0452E+01  1.2884E-04  1.3071E+04
   #    553311  8.0471E+01  1.2878E-04  1.3101E+04
   #    553608  8.0509E+01  1.2871E-04  1.3131E+04
   #    553891  8.0545E+01  1.2869E-04  1.3161E+04
   #    554183  8.0583E+01  1.2869E-04  1.3191E+04
   #    554519  8.0626E+01  1.2863E-04  1.3221E+04
   #    554850  8.0669E+01  1.2851E-04  1.3251E+04
   #    555070  8.0697E+01  1.2845E-04  1.3282E+04
   #    555206  8.0714E+01  1.2842E-04  1.3312E+04
   #    555501  8.0752E+01  1.2834E-04  1.3342E+04
   #    555796  8.0790E+01  1.2827E-04  1.3372E+04
   #    556096  8.0828E+01  1.2806E-04  1.3402E+04
   #    556422  8.0870E+01  1.2778E-04  1.3432E+04
   #    556750  8.0912E+01  1.2754E-04  1.3462E+04
   #    556994  8.0943E+01  1.2741E-04  1.3492E+04
   #    557192  8.0968E+01  1.2735E-04  1.3522E+04
   #    557506  8.1008E+01  1.2734E-04  1.3552E+04
   #    557802  8.1046E+01  1.2739E-04  1.3582E+04
   #    558058  8.1078E+01  1.2741E-04  1.3612E+04
   #    558277  8.1106E+01  1.2737E-04  1.3642E+04
   #    558447  8.1128E+01  1.2730E-04  1.3672E+04
   #    558751  8.1167E+01  1.2709E-04  1.3703E+04
   #    559019  8.1201E+01  1.2679E-04  1.3733E+04
   #    559204  8.1224E+01  1.2661E-04  1.3763E+04
   #    559503  8.1262E+01  1.2644E-04  1.3793E+04
   #    559645  8.1280E+01  1.2637E-04  1.3823E+04
   #    559896  8.1311E+01  1.2631E-04  1.3853E+04
   #    560221  8.1352E+01  1.2635E-04  1.3883E+04
   #    560555  8.1395E+01  1.2654E-04  1.3913E+04
   #    560878  8.1435E+01  1.2667E-04  1.3943E+04
   #    561181  8.1474E+01  1.2680E-04  1.3973E+04
   #    561489  8.1513E+01  1.2690E-04  1.4003E+04
   #    561701  8.1540E+01  1.2696E-04  1.4034E+04
   #    561891  8.1564E+01  1.2701E-04  1.4064E+04
   #    562223  8.1606E+01  1.2710E-04  1.4094E+04
   #    562524  8.1644E+01  1.2726E-04  1.4124E+04
   #    562856  8.1687E+01  1.2742E-04  1.4154E+04
   #    563164  8.1726E+01  1.2757E-04  1.4184E+04
   #    563495  8.1768E+01  1.2769E-04  1.4214E+04
   #    563828  8.1810E+01  1.2785E-04  1.4244E+04
   #    564116  8.1847E+01  1.2795E-04  1.4274E+04
   #    564406  8.1884E+01  1.2786E-04  1.4305E+04
   #    564702  8.1922E+01  1.2775E-04  1.4335E+04
   #    564992  8.1959E+01  1.2766E-04  1.4365E+04
   #    565257  8.1993E+01  1.2760E-04  1.4395E+04
   #    565550  8.2030E+01  1.2757E-04  1.4425E+04
   #    565860  8.2070E+01  1.2756E-04  1.4455E+04
   #    566101  8.2101E+01  1.2757E-04  1.4485E+04
   #    566372  8.2135E+01  1.2758E-04  1.4515E+04
   #    566677  8.2174E+01  1.2763E-04  1.4545E+04
   #    566997  8.2215E+01  1.2770E-04  1.4575E+04
   #    567287  8.2252E+01  1.2776E-04  1.4605E+04
   #    567617  8.2294E+01  1.2781E-04  1.4635E+04
   #    567944  8.2336E+01  1.2785E-04  1.4665E+04
   #    568218  8.2371E+01  1.2787E-04  1.4695E+04
   #    568462  8.2402E+01  1.2785E-04  1.4725E+04
   #    568752  8.2439E+01  1.2780E-04  1.4755E+04
   #    569037  8.2476E+01  1.2766E-04  1.4786E+04
   #    569305  8.2510E+01  1.2749E-04  1.4816E+04
   #    569598  8.2547E+01  1.2731E-04  1.4846E+04
   #    569853  8.2579E+01  1.2716E-04  1.4876E+04
   #    570005  8.2599E+01  1.2708E-04  1.4907E+04
   #    570254  8.2630E+01  1.2699E-04  1.4937E+04
   #    570542  8.2667E+01  1.2690E-04  1.4967E+04
   #    570871  8.2709E+01  1.2680E-04  1.4997E+04
   #    571137  8.2742E+01  1.2671E-04  1.5027E+04
   #    571418  8.2778E+01  1.2661E-04  1.5057E+04
   #    571637  8.2806E+01  1.2653E-04  1.5087E+04
   #    571806  8.2827E+01  1.2648E-04  1.5117E+04
   #    571881  8.2836E+01  1.2645E-04  1.5147E+04
   #    572068  8.2860E+01  1.2636E-04  1.5177E+04
   #    572293  8.2888E+01  1.2626E-04  1.5207E+04
   #    572493  8.2914E+01  1.2617E-04  1.5238E+04
   #    572689  8.2938E+01  1.2609E-04  1.5268E+04
   #    572909  8.2966E+01  1.2600E-04  1.5298E+04
   #    573100  8.2990E+01  1.2594E-04  1.5328E+04
   #    573200  8.3003E+01  1.2591E-04  1.5359E+04
   #    573270  8.3011E+01  1.2589E-04  1.5389E+04
   #    573439  8.3033E+01  1.2586E-04  1.5419E+04
   #    573560  8.3048E+01  1.2580E-04  1.5449E+04
   #    573643  8.3058E+01  1.2576E-04  1.5479E+04
   #    573802  8.3078E+01  1.2570E-04  1.5510E+04
   #    574006  8.3104E+01  1.2562E-04  1.5540E+04
   #    574242  8.3134E+01  1.2558E-04  1.5570E+04
   #    574401  8.3154E+01  1.2556E-04  1.5600E+04
   #    574611  8.3180E+01  1.2555E-04  1.5630E+04
   #    574860  8.3211E+01  1.2553E-04  1.5660E+04
   #    575093  8.3240E+01  1.2551E-04  1.5690E+04
   #    575291  8.3265E+01  1.2551E-04  1.5720E+04
   #    575489  8.3290E+01  1.2552E-04  1.5750E+04
   #    575744  8.3322E+01  1.2547E-04  1.5780E+04
   #    575912  8.3343E+01  1.2543E-04  1.5810E+04
   #    576130  8.3371E+01  1.2540E-04  1.5841E+04
   #    576438  8.3409E+01  1.2537E-04  1.5871E+04
   #    576757  8.3449E+01  1.2535E-04  1.5901E+04
   #    577043  8.3485E+01  1.2538E-04  1.5931E+04
   #    577297  8.3517E+01  1.2542E-04  1.5961E+04
   #    577588  8.3553E+01  1.2547E-04  1.5991E+04
   #    577867  8.3588E+01  1.2544E-04  1.6021E+04
   #    578060  8.3612E+01  1.2543E-04  1.6051E+04
   #    578308  8.3643E+01  1.2543E-04  1.6081E+04
   #    578610  8.3681E+01  1.2543E-04  1.6111E+04
   #    578893  8.3717E+01  1.2542E-04  1.6141E+04
   #    579077  8.3740E+01  1.2540E-04  1.6173E+04
   #    579326  8.3771E+01  1.2534E-04  1.6203E+04
   #    579513  8.3794E+01  1.2529E-04  1.6234E+04
   #    579532  8.3797E+01  1.2527E-04  1.6270E+04
   #    579583  8.3803E+01  1.2525E-04  1.6300E+04
   #    579770  8.3827E+01  1.2516E-04  1.6330E+04
   #    579911  8.3844E+01  1.2510E-04  1.6361E+04
   #    580041  8.3860E+01  1.2504E-04  1.6391E+04
   #    580143  8.3873E+01  1.2500E-04  1.6425E+04
   #    580197  8.3880E+01  1.2498E-04  1.6455E+04
   #    580217  8.3882E+01  1.2497E-04  1.6486E+04
   #    580425  8.3908E+01  1.2490E-04  1.6516E+04
   #    580706  8.3943E+01  1.2483E-04  1.6547E+04
   #    580897  8.3967E+01  1.2482E-04  1.6577E+04
   #    581064  8.3988E+01  1.2483E-04  1.6607E+04
   #    581172  8.4001E+01  1.2485E-04  1.6637E+04
   #    581339  8.4022E+01  1.2486E-04  1.6667E+04
   #    581574  8.4052E+01  1.2485E-04  1.6697E+04
   #    581766  8.4076E+01  1.2481E-04  1.6727E+04
   #    581960  8.4100E+01  1.2475E-04  1.6757E+04
   #    582147  8.4123E+01  1.2469E-04  1.6787E+04
   #    582378  8.4152E+01  1.2462E-04  1.6817E+04
   #    582580  8.4177E+01  1.2456E-04  1.6848E+04
   #    582845  8.4210E+01  1.2452E-04  1.6878E+04
   #    583088  8.4240E+01  1.2440E-04  1.6908E+04
   #    583284  8.4265E+01  1.2429E-04  1.6938E+04
   #    583519  8.4294E+01  1.2417E-04  1.6968E+04
   #    583744  8.4322E+01  1.2407E-04  1.6998E+04
   #    583989  8.4352E+01  1.2399E-04  1.7028E+04
   #    584165  8.4374E+01  1.2395E-04  1.7059E+04
   #    584317  8.4393E+01  1.2392E-04  1.7089E+04
   #    584599  8.4428E+01  1.2389E-04  1.7119E+04
   #    584891  8.4464E+01  1.2388E-04  1.7149E+04
   #    585149  8.4496E+01  1.2388E-04  1.7179E+04
   #    585406  8.4527E+01  1.2387E-04  1.7209E+04
   #    585665  8.4559E+01  1.2386E-04  1.7239E+04
   #    585816  8.4578E+01  1.2384E-04  1.7269E+04
   #    585900  8.4589E+01  1.2384E-04  1.7299E+04
   #    586047  8.4607E+01  1.2383E-04  1.7329E+04
   #    586274  8.4635E+01  1.2382E-04  1.7359E+04
   #    586435  8.4655E+01  1.2381E-04  1.7391E+04
   #    586569  8.4671E+01  1.2381E-04  1.7421E+04
   #    586723  8.4690E+01  1.2382E-04  1.7451E+04
   #    586810  8.4701E+01  1.2381E-04  1.7481E+04
   #    586905  8.4713E+01  1.2382E-04  1.7511E+04
   #    587078  8.4734E+01  1.2383E-04  1.7542E+04
   #    587264  8.4757E+01  1.2384E-04  1.7572E+04
   #    587449  8.4780E+01  1.2384E-04  1.7602E+04
   #    587535  8.4791E+01  1.2384E-04  1.7634E+04
   #    587681  8.4809E+01  1.2383E-04  1.7664E+04
   #    587849  8.4830E+01  1.2380E-04  1.7694E+04
   #    587946  8.4842E+01  1.2378E-04  1.7725E+04
   #    588089  8.4859E+01  1.2375E-04  1.7755E+04
   #    588293  8.4885E+01  1.2369E-04  1.7785E+04
   #    588574  8.4919E+01  1.2357E-04  1.7815E+04
   #    588845  8.4953E+01  1.2344E-04  1.7846E+04
   #    589156  8.4991E+01  1.2325E-04  1.7876E+04
   #    589474  8.5030E+01  1.2312E-04  1.7906E+04
   #    589747  8.5064E+01  1.2302E-04  1.7936E+04
   #    590021  8.5097E+01  1.2292E-04  1.7966E+04
   #    590319  8.5134E+01  1.2286E-04  1.7996E+04
   #    590616  8.5171E+01  1.2279E-04  1.8026E+04
   #    590924  8.5208E+01  1.2273E-04  1.8056E+04
   #    591235  8.5246E+01  1.2267E-04  1.8086E+04
   #    591553  8.5285E+01  1.2262E-04  1.8116E+04
   #    591860  8.5323E+01  1.2257E-04  1.8146E+04
   #    592163  8.5360E+01  1.2253E-04  1.8176E+04
   #    592472  8.5398E+01  1.2248E-04  1.8206E+04
   #    592783  8.5436E+01  1.2240E-04  1.8236E+04
   #    593102  8.5475E+01  1.2231E-04  1.8266E+04
   #    593425  8.5514E+01  1.2223E-04  1.8296E+04
   #    593709  8.5549E+01  1.2218E-04  1.8326E+04
   #    593998  8.5584E+01  1.2216E-04  1.8356E+04
   #    594318  8.5623E+01  1.2214E-04  1.8386E+04
   #    594636  8.5662E+01  1.2211E-04  1.8416E+04
   #    594936  8.5699E+01  1.2208E-04  1.8446E+04
   #    595239  8.5736E+01  1.2202E-04  1.8476E+04
   #    595558  8.5775E+01  1.2196E-04  1.8506E+04
   #    595864  8.5812E+01  1.2190E-04  1.8536E+04
   #    596146  8.5846E+01  1.2184E-04  1.8566E+04
   #    596422  8.5880E+01  1.2179E-04  1.8597E+04
   #    596710  8.5915E+01  1.2177E-04  1.8627E+04
   #    597016  8.5952E+01  1.2178E-04  1.8657E+04
   #    597319  8.5989E+01  1.2177E-04  1.8687E+04
   #    597619  8.6026E+01  1.2174E-04  1.8717E+04
   #    597915  8.6062E+01  1.2169E-04  1.8747E+04
   #    598185  8.6094E+01  1.2164E-04  1.8777E+04
   #    598440  8.6125E+01  1.2161E-04  1.8807E+04
   #    598682  8.6155E+01  1.2158E-04  1.8837E+04
   #    598884  8.6179E+01  1.2159E-04  1.8867E+04
   #    599136  8.6210E+01  1.2160E-04  1.8897E+04
   #    599394  8.6241E+01  1.2157E-04  1.8927E+04
   #    599678  8.6276E+01  1.2156E-04  1.8957E+04
   #    599915  8.6305E+01  1.2154E-04  1.8987E+04
   #    600148  8.6333E+01  1.2153E-04  1.9018E+04
   #    600410  8.6365E+01  1.2151E-04  1.9048E+04
   #    600687  8.6398E+01  1.2149E-04  1.9078E+04
   #    600948  8.6430E+01  1.2146E-04  1.9108E+04
   #    601227  8.6464E+01  1.2143E-04  1.9138E+04
   #    601520  8.6500E+01  1.2139E-04  1.9168E+04
   #    601827  8.6537E+01  1.2136E-04  1.9198E+04
   #    602119  8.6572E+01  1.2132E-04  1.9228E+04
   #    602413  8.6608E+01  1.2129E-04  1.9258E+04
   #    602707  8.6643E+01  1.2127E-04  1.9288E+04
   #    602966  8.6675E+01  1.2124E-04  1.9318E+04
   #    603217  8.6705E+01  1.2122E-04  1.9348E+04
   #    603497  8.6739E+01  1.2117E-04  1.9378E+04
   #    603757  8.6771E+01  1.2115E-04  1.9408E+04
   #    603926  8.6791E+01  1.2114E-04  1.9439E+04
   #    604196  8.6824E+01  1.2113E-04  1.9469E+04
   #    604494  8.6860E+01  1.2111E-04  1.9499E+04
   #    604751  8.6891E+01  1.2101E-04  1.9529E+04
   #    604968  8.6917E+01  1.2084E-04  1.9559E+04
   #    605190  8.6944E+01  1.2067E-04  1.9589E+04
   #    605398  8.6969E+01  1.2051E-04  1.9619E+04
   #    605632  8.6997E+01  1.2038E-04  1.9649E+04
   #    605889  8.7028E+01  1.2025E-04  1.9679E+04
   #    606156  8.7060E+01  1.2015E-04  1.9709E+04
   #    606442  8.7095E+01  1.2010E-04  1.9740E+04
   #    606638  8.7118E+01  1.2006E-04  1.9770E+04
   #    606798  8.7137E+01  1.2004E-04  1.9800E+04
   #    607008  8.7163E+01  1.2003E-04  1.9830E+04
   #    607039  8.7166E+01  1.2003E-04  1.9865E+04
   #    607083  8.7172E+01  1.2003E-04  1.9895E+04
   #    607238  8.7190E+01  1.2000E-04  1.9925E+04
   #    607542  8.7227E+01  1.1995E-04  1.9955E+04
   #    607744  8.7251E+01  1.1989E-04  1.9985E+04
   #    607914  8.7271E+01  1.1985E-04  2.0016E+04
   #    608122  8.7296E+01  1.1977E-04  2.0046E+04
   #    608156  8.7300E+01  1.1976E-04  2.0079E+04
   #    608248  8.7311E+01  1.1973E-04  2.0109E+04
   #    608540  8.7346E+01  1.1962E-04  2.0139E+04
   #    608840  8.7382E+01  1.1946E-04  2.0169E+04
   #    609140  8.7418E+01  1.1930E-04  2.0199E+04
   #    609417  8.7451E+01  1.1919E-04  2.0229E+04
   #    609723  8.7487E+01  1.1908E-04  2.0259E+04
   #    610038  8.7525E+01  1.1899E-04  2.0290E+04
   #    610340  8.7560E+01  1.1891E-04  2.0320E+04
   #    610670  8.7600E+01  1.1884E-04  2.0350E+04
   #    610974  8.7636E+01  1.1880E-04  2.0380E+04
   #    611255  8.7669E+01  1.1878E-04  2.0410E+04
   #    611538  8.7703E+01  1.1876E-04  2.0440E+04
   #    611770  8.7730E+01  1.1877E-04  2.0470E+04
   #    611902  8.7746E+01  1.1875E-04  2.0500E+04
   #    612093  8.7769E+01  1.1873E-04  2.0530E+04
   #    612342  8.7798E+01  1.1871E-04  2.0560E+04
   #    612552  8.7823E+01  1.1871E-04  2.0590E+04
   #    612745  8.7846E+01  1.1872E-04  2.0620E+04
   #    612951  8.7870E+01  1.1874E-04  2.0650E+04
   #    613142  8.7893E+01  1.1877E-04  2.0680E+04
   #    613257  8.7907E+01  1.1877E-04  2.0713E+04
   #    613484  8.7934E+01  1.1877E-04  2.0743E+04
   #    613760  8.7966E+01  1.1878E-04  2.0773E+04
   #    614018  8.7997E+01  1.1879E-04  2.0803E+04
   #    614277  8.8028E+01  1.1879E-04  2.0833E+04
   #    614509  8.8055E+01  1.1881E-04  2.0863E+04
   #    614695  8.8077E+01  1.1882E-04  2.0893E+04
   #    614786  8.8088E+01  1.1880E-04  2.0924E+04
   #    614908  8.8103E+01  1.1880E-04  2.0954E+04
   #    615118  8.8128E+01  1.1878E-04  2.0984E+04
   #    615358  8.8156E+01  1.1875E-04  2.1014E+04
   #    615571  8.8181E+01  1.1869E-04  2.1044E+04
   #    615813  8.8210E+01  1.1857E-04  2.1074E+04
   #    616083  8.8242E+01  1.1846E-04  2.1104E+04
   #    616233  8.8260E+01  1.1839E-04  2.1134E+04
   #    616342  8.8273E+01  1.1835E-04  2.1164E+04
   #    616524  8.8294E+01  1.1829E-04  2.1194E+04
   #    616761  8.8322E+01  1.1821E-04  2.1224E+04
   #    616971  8.8347E+01  1.1816E-04  2.1254E+04
   #    617159  8.8369E+01  1.1812E-04  2.1284E+04
   #    617457  8.8404E+01  1.1798E-04  2.1314E+04
   #    617716  8.8435E+01  1.1778E-04  2.1345E+04
   #    617860  8.8452E+01  1.1770E-04  2.1375E+04
   #    618085  8.8478E+01  1.1763E-04  2.1405E+04
   #    618379  8.8513E+01  1.1757E-04  2.1435E+04
   #    618652  8.8545E+01  1.1751E-04  2.1465E+04
   #    618913  8.8576E+01  1.1744E-04  2.1495E+04
   #    619205  8.8610E+01  1.1737E-04  2.1525E+04
   #    619483  8.8642E+01  1.1731E-04  2.1555E+04
   #    619668  8.8664E+01  1.1729E-04  2.1585E+04
   #    619901  8.8691E+01  1.1727E-04  2.1615E+04
   #    620164  8.8722E+01  1.1723E-04  2.1645E+04
   #    620423  8.8753E+01  1.1721E-04  2.1675E+04
   #    620650  8.8779E+01  1.1722E-04  2.1705E+04
   #    620907  8.8809E+01  1.1725E-04  2.1735E+04
   #    621149  8.8838E+01  1.1730E-04  2.1765E+04
   #    621398  8.8867E+01  1.1737E-04  2.1795E+04
   #    621638  8.8895E+01  1.1744E-04  2.1825E+04
   #    621908  8.8927E+01  1.1745E-04  2.1855E+04
   #    622210  8.8962E+01  1.1746E-04  2.1885E+04
   #    622464  8.8992E+01  1.1748E-04  2.1916E+04
   #    622739  8.9024E+01  1.1747E-04  2.1946E+04
   #    623014  8.9056E+01  1.1748E-04  2.1976E+04
   #    623265  8.9086E+01  1.1746E-04  2.2006E+04
   #    623495  8.9113E+01  1.1744E-04  2.2036E+04
   #    623788  8.9147E+01  1.1744E-04  2.2066E+04
   #    624099  8.9184E+01  1.1744E-04  2.2096E+04
   #    624397  8.9219E+01  1.1740E-04  2.2126E+04
   #    624674  8.9251E+01  1.1734E-04  2.2156E+04
   #    624961  8.9285E+01  1.1727E-04  2.2186E+04
   #    625256  8.9319E+01  1.1717E-04  2.2216E+04
   #    625536  8.9352E+01  1.1700E-04  2.2246E+04
   #    625828  8.9386E+01  1.1690E-04  2.2276E+04
   #    626085  8.9416E+01  1.1684E-04  2.2306E+04
   #    626333  8.9445E+01  1.1678E-04  2.2336E+04
   #    626586  8.9475E+01  1.1673E-04  2.2366E+04
   #    626865  8.9507E+01  1.1667E-04  2.2396E+04
   #    627162  8.9542E+01  1.1661E-04  2.2426E+04
   #    627441  8.9574E+01  1.1654E-04  2.2456E+04
   #    627721  8.9607E+01  1.1645E-04  2.2486E+04
   #    628022  8.9642E+01  1.1637E-04  2.2516E+04
   #    628293  8.9674E+01  1.1633E-04  2.2547E+04
   #    628465  8.9694E+01  1.1630E-04  2.2577E+04
   #    628652  8.9715E+01  1.1628E-04  2.2608E+04
   #    628909  8.9745E+01  1.1626E-04  2.2638E+04
   #    629101  8.9767E+01  1.1626E-04  2.2668E+04
   #    629324  8.9793E+01  1.1626E-04  2.2698E+04
   #    629571  8.9822E+01  1.1624E-04  2.2728E+04
   #    629840  8.9853E+01  1.1627E-04  2.2758E+04
   #    630065  8.9879E+01  1.1630E-04  2.2788E+04
   #    630313  8.9908E+01  1.1635E-04  2.2818E+04
   #    630582  8.9939E+01  1.1640E-04  2.2848E+04
   #    630843  8.9970E+01  1.1643E-04  2.2878E+04
   #    631083  8.9998E+01  1.1643E-04  2.2908E+04
   #    631300  9.0023E+01  1.1640E-04  2.2939E+04
   #    631536  9.0050E+01  1.1639E-04  2.2969E+04
   #    631813  9.0083E+01  1.1638E-04  2.2999E+04
   #    632041  9.0109E+01  1.1639E-04  2.3029E+04
   #    632262  9.0135E+01  1.1641E-04  2.3059E+04
   #    632479  9.0160E+01  1.1640E-04  2.3089E+04
   #    632743  9.0191E+01  1.1636E-04  2.3119E+04
   #    632966  9.0217E+01  1.1634E-04  2.3149E+04
   #    633200  9.0244E+01  1.1633E-04  2.3180E+04
   #    633448  9.0273E+01  1.1633E-04  2.3210E+04
   #    633704  9.0302E+01  1.1633E-04  2.3240E+04
   #    633937  9.0330E+01  1.1632E-04  2.3270E+04
   #    634132  9.0352E+01  1.1631E-04  2.3300E+04
   #    634310  9.0373E+01  1.1631E-04  2.3330E+04
   #    634569  9.0403E+01  1.1633E-04  2.3360E+04
   #    634816  9.0432E+01  1.1634E-04  2.3390E+04
   #    634982  9.0451E+01  1.1629E-04  2.3420E+04
   #    635175  9.0474E+01  1.1626E-04  2.3450E+04
   #    635413  9.0501E+01  1.1622E-04  2.3480E+04
   #    635630  9.0526E+01  1.1619E-04  2.3510E+04
   #    635839  9.0551E+01  1.1615E-04  2.3540E+04
   #    636035  9.0573E+01  1.1609E-04  2.3570E+04
   #    636239  9.0597E+01  1.1603E-04  2.3601E+04
   #    636475  9.0624E+01  1.1595E-04  2.3631E+04
   #    636703  9.0651E+01  1.1587E-04  2.3661E+04
   #    636907  9.0674E+01  1.1578E-04  2.3691E+04
   #    637151  9.0703E+01  1.1567E-04  2.3721E+04
   #    637380  9.0729E+01  1.1557E-04  2.3752E+04
   #    637509  9.0744E+01  1.1549E-04  2.3782E+04
   #    637638  9.0759E+01  1.1540E-04  2.3812E+04
   #    637855  9.0784E+01  1.1527E-04  2.3842E+04
   #    638103  9.0812E+01  1.1509E-04  2.3872E+04
   #    638290  9.0834E+01  1.1499E-04  2.3902E+04
   #    638539  9.0862E+01  1.1490E-04  2.3932E+04
   #    638802  9.0893E+01  1.1478E-04  2.3962E+04
   #    639022  9.0918E+01  1.1472E-04  2.3992E+04
   #    639255  9.0945E+01  1.1468E-04  2.4022E+04
   #    639508  9.0974E+01  1.1465E-04  2.4053E+04
   #    639769  9.1004E+01  1.1462E-04  2.4083E+04
   #    640062  9.1037E+01  1.1460E-04  2.4113E+04
   #    640357  9.1071E+01  1.1457E-04  2.4143E+04
   #    640652  9.1105E+01  1.1454E-04  2.4173E+04
   #    640940  9.1138E+01  1.1449E-04  2.4203E+04
   #    641229  9.1171E+01  1.1443E-04  2.4233E+04
   #    641529  9.1205E+01  1.1435E-04  2.4263E+04
   #    641827  9.1239E+01  1.1427E-04  2.4293E+04
   #    642122  9.1273E+01  1.1418E-04  2.4323E+04
   #    642422  9.1307E+01  1.1408E-04  2.4353E+04
   #    642731  9.1342E+01  1.1398E-04  2.4383E+04
   #    643041  9.1378E+01  1.1390E-04  2.4413E+04
   #    643336  9.1411E+01  1.1385E-04  2.4443E+04
   #    643649  9.1447E+01  1.1381E-04  2.4473E+04
   #    643954  9.1481E+01  1.1380E-04  2.4503E+04
   #    644263  9.1517E+01  1.1381E-04  2.4533E+04
   #    644574  9.1552E+01  1.1375E-04  2.4563E+04
   #    644881  9.1587E+01  1.1374E-04  2.4593E+04
   #    645174  9.1620E+01  1.1376E-04  2.4623E+04
   #    645477  9.1654E+01  1.1375E-04  2.4653E+04
   #    645782  9.1689E+01  1.1372E-04  2.4684E+04
   #    646086  9.1724E+01  1.1370E-04  2.4714E+04
   #    646390  9.1758E+01  1.1371E-04  2.4744E+04
   #    646696  9.1793E+01  1.1370E-04  2.4774E+04
   #    646988  9.1826E+01  1.1370E-04  2.4804E+04
   #    647283  9.1860E+01  1.1370E-04  2.4834E+04
   #    647582  9.1894E+01  1.1369E-04  2.4864E+04
   #    647882  9.1928E+01  1.1370E-04  2.4894E+04
   #    648193  9.1963E+01  1.1371E-04  2.4924E+04
   #    648495  9.1997E+01  1.1372E-04  2.4954E+04
   #    648745  9.2026E+01  1.1373E-04  2.4984E+04
   #    649023  9.2057E+01  1.1372E-04  2.5014E+04
   #    649316  9.2091E+01  1.1369E-04  2.5044E+04
   #    649596  9.2123E+01  1.1366E-04  2.5074E+04
   #    649894  9.2156E+01  1.1361E-04  2.5104E+04
   #    650202  9.2191E+01  1.1354E-04  2.5134E+04
   #    650482  9.2223E+01  1.1346E-04  2.5164E+04
   #    650752  9.2254E+01  1.1338E-04  2.5194E+04
   #    651040  9.2286E+01  1.1329E-04  2.5224E+04
   #    651323  9.2318E+01  1.1320E-04  2.5255E+04
   #    651625  9.2353E+01  1.1311E-04  2.5285E+04
   #    651927  9.2387E+01  1.1302E-04  2.5315E+04
   #    652218  9.2419E+01  1.1293E-04  2.5345E+04
   #    652510  9.2452E+01  1.1283E-04  2.5375E+04
   #    652803  9.2485E+01  1.1274E-04  2.5405E+04
   #    653098  9.2519E+01  1.1263E-04  2.5435E+04
   #    653414  9.2554E+01  1.1248E-04  2.5465E+04
   #    653717  9.2588E+01  1.1232E-04  2.5495E+04
   #    654020  9.2622E+01  1.1220E-04  2.5525E+04
   #    654330  9.2657E+01  1.1204E-04  2.5555E+04
   #    654638  9.2691E+01  1.1191E-04  2.5585E+04
   #    654949  9.2726E+01  1.1178E-04  2.5615E+04
   #    655258  9.2761E+01  1.1167E-04  2.5645E+04
   #    655540  9.2792E+01  1.1157E-04  2.5675E+04
   #    655816  9.2823E+01  1.1149E-04  2.5705E+04
   #    656079  9.2852E+01  1.1143E-04  2.5736E+04
   #    656365  9.2884E+01  1.1138E-04  2.5766E+04
   #    656662  9.2917E+01  1.1132E-04  2.5796E+04
   #    656974  9.2952E+01  1.1128E-04  2.5826E+04
   #    657250  9.2982E+01  1.1123E-04  2.5856E+04
   #    657519  9.3012E+01  1.1116E-04  2.5886E+04
   #    657794  9.3043E+01  1.1109E-04  2.5916E+04
   #    658042  9.3070E+01  1.1103E-04  2.5946E+04
   #    658311  9.3100E+01  1.1096E-04  2.5976E+04
   #    658620  9.3134E+01  1.1090E-04  2.6006E+04
   #    658896  9.3165E+01  1.1084E-04  2.6036E+04
   #    659162  9.3195E+01  1.1079E-04  2.6066E+04
   #    659414  9.3222E+01  1.1074E-04  2.6096E+04
   #    659676  9.3251E+01  1.1069E-04  2.6126E+04
   #    659923  9.3279E+01  1.1065E-04  2.6156E+04
   #    660206  9.3310E+01  1.1061E-04  2.6186E+04
   #    660466  9.3339E+01  1.1059E-04  2.6217E+04
   #    660723  9.3367E+01  1.1058E-04  2.6247E+04
   #    660957  9.3393E+01  1.1060E-04  2.6277E+04
   #    661242  9.3425E+01  1.1062E-04  2.6307E+04
   #    661531  9.3457E+01  1.1063E-04  2.6337E+04
   #    661838  9.3490E+01  1.1065E-04  2.6367E+04
   #    662141  9.3524E+01  1.1066E-04  2.6397E+04
   #    662438  9.3557E+01  1.1068E-04  2.6427E+04
   #    662740  9.3590E+01  1.1070E-04  2.6458E+04
   #    663037  9.3623E+01  1.1073E-04  2.6488E+04
   #    663333  9.3656E+01  1.1074E-04  2.6518E+04
   #    663631  9.3689E+01  1.1076E-04  2.6548E+04
   #    663912  9.3720E+01  1.1077E-04  2.6578E+04
   #    664192  9.3751E+01  1.1077E-04  2.6608E+04
   #    664493  9.3784E+01  1.1081E-04  2.6638E+04
   #    664787  9.3817E+01  1.1086E-04  2.6668E+04
   #    665095  9.3851E+01  1.1093E-04  2.6698E+04
   #    665399  9.3885E+01  1.1101E-04  2.6728E+04
   #    665688  9.3917E+01  1.1108E-04  2.6758E+04
   #    665989  9.3950E+01  1.1123E-04  2.6788E+04
   #    666282  9.3983E+01  1.1137E-04  2.6818E+04
   #    666577  9.4016E+01  1.1153E-04  2.6848E+04
   #    666877  9.4049E+01  1.1169E-04  2.6878E+04
   #    667179  9.4083E+01  1.1186E-04  2.6909E+04
   #    667468  9.4115E+01  1.1204E-04  2.6939E+04
   #    667764  9.4148E+01  1.1222E-04  2.6969E+04
   #    668053  9.4181E+01  1.1240E-04  2.6999E+04
   #    668360  9.4215E+01  1.1257E-04  2.7029E+04
   #    668659  9.4249E+01  1.1273E-04  2.7059E+04
   #    668953  9.4282E+01  1.1289E-04  2.7089E+04
   #    669264  9.4317E+01  1.1306E-04  2.7119E+04
   #    669574  9.4352E+01  1.1323E-04  2.7149E+04
   #    669888  9.4388E+01  1.1340E-04  2.7179E+04
   #    670206  9.4424E+01  1.1357E-04  2.7209E+04
   #    670517  9.4459E+01  1.1373E-04  2.7239E+04
   #    670833  9.4495E+01  1.1390E-04  2.7269E+04
   #    671149  9.4531E+01  1.1407E-04  2.7299E+04
   #    671456  9.4566E+01  1.1417E-04  2.7330E+04
   #    671749  9.4600E+01  1.1422E-04  2.7360E+04
   #    672057  9.4635E+01  1.1411E-04  2.7390E+04
   #    672371  9.4670E+01  1.1396E-04  2.7420E+04
   #    672687  9.4706E+01  1.1381E-04  2.7450E+04
   #    673008  9.4743E+01  1.1367E-04  2.7480E+04
   #    673324  9.4779E+01  1.1356E-04  2.7510E+04
   #    673626  9.4813E+01  1.1346E-04  2.7540E+04
   #    673946  9.4849E+01  1.1336E-04  2.7570E+04
   #    674265  9.4885E+01  1.1329E-04  2.7600E+04
   #    674585  9.4922E+01  1.1324E-04  2.7630E+04
   #    674894  9.4957E+01  1.1319E-04  2.7660E+04
   #    675182  9.4989E+01  1.1317E-04  2.7690E+04
   #    675491  9.5024E+01  1.1316E-04  2.7720E+04
   #    675800  9.5059E+01  1.1316E-04  2.7750E+04
   #    676118  9.5095E+01  1.1314E-04  2.7780E+04
   #    676442  9.5132E+01  1.1311E-04  2.7810E+04
   #    676741  9.5165E+01  1.1308E-04  2.7841E+04
   #    677046  9.5200E+01  2.6065E-05  2.7871E+04
   #    677348  9.5234E+01  1.1306E-04  2.7901E+04
   #    677662  9.5270E+01  1.1303E-04  2.7931E+04
   #    677973  9.5305E+01  1.1302E-04  2.7961E+04
   #    678292  9.5341E+01  1.1303E-04  2.7991E+04
   #    678611  9.5377E+01  1.1306E-04  2.8021E+04
   #    678928  9.5413E+01  1.1311E-04  2.8051E+04
   #    679241  9.5448E+01  1.1319E-04  2.8081E+04
   #    679556  9.5484E+01  1.1329E-04  2.8111E+04
   #    679868  9.5519E+01  1.1332E-04  2.8141E+04
   #    680188  9.5555E+01  1.1313E-04  2.8171E+04
   #    680501  9.5591E+01  1.1296E-04  2.8201E+04
   #    680817  9.5626E+01  1.1278E-04  2.8231E+04
   #    681137  9.5662E+01  1.1261E-04  2.8261E+04
   #    681456  9.5698E+01  1.1246E-04  2.8291E+04
   #    681772  9.5734E+01  1.1233E-04  2.8321E+04
   #    682090  9.5769E+01  1.1222E-04  2.8351E+04
   #    682411  9.5805E+01  1.1211E-04  2.8381E+04
   #    682733  9.5841E+01  1.1201E-04  2.8411E+04
   #    683053  9.5877E+01  1.1191E-04  2.8441E+04
   #    683374  9.5913E+01  1.1181E-04  2.8471E+04
   #    683697  9.5949E+01  1.1170E-04  2.8502E+04
   #    684021  9.5985E+01  1.1157E-04  2.8532E+04
   #    684334  9.6020E+01  1.1140E-04  2.8562E+04
   #    684652  9.6056E+01  1.1117E-04  2.8592E+04
   #    684976  9.6092E+01  1.1091E-04  2.8622E+04
   #    685299  9.6127E+01  1.1068E-04  2.8652E+04
   #    685622  9.6163E+01  1.1045E-04  2.8682E+04
   #    685946  9.6199E+01  1.1018E-04  2.8712E+04
   #    686267  9.6234E+01  1.0995E-04  2.8742E+04
   #    686589  9.6269E+01  1.0971E-04  2.8772E+04
   #    686909  9.6304E+01  1.0939E-04  2.8802E+04
#################~ JOB EFFICIENCY REPORT ~##################
# JobID:                   133905                          #
# Cluster:                 dejar                           #
# Cores:                   28                              #
# Wall-clock time:         8.00 hours                      #
# User-CPU utilized:       216.78 CPU-hours                #
# User-CPU load:           96.8 %                          #
# System-CPU utilized:     3.64 CPU-hours                  #
# System-CPU load:         1.6 %                           #
# Memory utilized          4.34 GB                         #
# Memory efficiency        4.1 %                           #
#~~~~~~~~~~~~~~~~~~~~~~~~~~~~~~~~~~~~~~~~~~~~~~~~~~~~~~~~~~#
# If your job has low CPU Efficiency or you have doubts    #
# about setting up a job, do not hesitate and contact us:  #
#                    res_support@iac.es                    #
############################################################
