 -----------------------------------------------------------------------------
 -----------------------------------------------------------------------------
 |         __  __ ____ ___        _    __  __ ______     ___    ____         |
 |        |  \/  |  _ \_ _|      / \  |  \/  |  _ \ \   / / \  / ___|        |
 |        | |\/| | |_) | |_____ / _ \ | |\/| | |_) \ \ / / _ \| |            |
 |        | |  | |  __/| |_____/ ___ \| |  | |  _ < \ V / ___ \ |___         |
 |        |_|  |_|_|  |___|   /_/   \_\_|  |_|_| \_\ \_/_/   \_\____|        |
 -----------------------------------------------------------------------------
 -----------------------------------------------------------------------------
 Spitzer MHD: par:   0.21633973559351147       ,perp:    2.1685795904764041E-011
 Combination of Colgan (2008) for high temperatures and
 Dalgarno & McCray (1972), DM2, for low temperatures
 Reading amrvac.par
 
 Output type | tsavestart |  dtsave   | ditsave | itsave(1) | tsave(1)
         log | 0.000E+00  | 0.200E+00 | ******  |      0    | *********
      normal | 0.000E+00  | 0.200E+00 | ******  |      0    | *********
       slice | 0.000E+00  | ********* | ******  | ******    | *********
   collapsed | 0.000E+00  | ********* | ******  | ******    | *********
    analysis | 0.000E+00  | ********* | ******  | ******    | *********
 
         Domain size (cells): 96 48 
                Level one dx: 0.208E+00 0.208E+00 
           Refine estimation: Lohner's scheme
 Note, Grid is reconstructed once every           3 iterations
           restart_from_file:  output/solar_atm_a0155.dat
                  converting: F

 minra  0.10256244189917035     
 rhob   7382.7014817162089     
 pb   59.061613380997102     
 Using TRACL(ine) method with a mask
 By default, magnetic field lines are traced every 4 grid cells
 NOTE:  2D TRAC method take the y-dir == grav-dir
 Memory requirement for each processor in TRAC:
           1  MB
 -------------------------------------------------------------------------------
 Startup phase took :             0.209 sec
 -------------------------------------------------------------------------------
 Start integrating, print status every  3.00E+01 seconds
   #        it        time          dt  wc-time(s)
   #    468269  6.9702E+01  1.2627E-04  5.2678E-01
   #    468676  6.9753E+01  1.2607E-04  3.0578E+01
   #    469088  6.9805E+01  1.2590E-04  6.0610E+01
   #    469500  6.9857E+01  1.2581E-04  9.0651E+01
   #    469911  6.9908E+01  1.2586E-04  1.2071E+02
   #    470323  6.9960E+01  1.2599E-04  1.5075E+02
   #    470735  7.0012E+01  1.2634E-04  1.8082E+02
   #    471146  7.0064E+01  1.2671E-04  2.1083E+02
   #    471547  7.0115E+01  1.2693E-04  2.4085E+02
   #    471956  7.0167E+01  1.2711E-04  2.7090E+02
   #    472365  7.0219E+01  1.2724E-04  3.0094E+02
   #    472766  7.0270E+01  1.2735E-04  3.3095E+02
   #    473163  7.0321E+01  1.2747E-04  3.6099E+02
   #    473572  7.0373E+01  1.2763E-04  3.9104E+02
   #    473981  7.0425E+01  1.2783E-04  4.2112E+02
   #    474390  7.0477E+01  1.2804E-04  4.5119E+02
   #    474788  7.0528E+01  1.2826E-04  4.8119E+02
   #    475197  7.0581E+01  1.2850E-04  5.1126E+02
   #    475606  7.0633E+01  1.2872E-04  5.4133E+02
   #    476019  7.0687E+01  1.2888E-04  5.7134E+02
   #    476424  7.0739E+01  1.2898E-04  6.0137E+02
   #    476841  7.0793E+01  1.2900E-04  6.3143E+02
   #    477248  7.0845E+01  1.2899E-04  6.6147E+02
   #    477665  7.0899E+01  1.2897E-04  6.9154E+02
   #    478071  7.0951E+01  1.2895E-04  7.2157E+02
   #    478488  7.1005E+01  1.2887E-04  7.5163E+02
   #    478904  7.1059E+01  1.2874E-04  7.8165E+02
   #    479314  7.1111E+01  1.2850E-04  8.1171E+02
   #    479730  7.1165E+01  1.2826E-04  8.4173E+02
   #    480147  7.1218E+01  1.2803E-04  8.7178E+02
   #    480563  7.1271E+01  1.2785E-04  9.0180E+02
   #    480969  7.1323E+01  1.2776E-04  9.3181E+02
   #    481379  7.1376E+01  1.2768E-04  9.6191E+02
   #    481795  7.1429E+01  1.2764E-04  9.9195E+02
   #    482212  7.1482E+01  1.2762E-04  1.0220E+03
   #    482617  7.1534E+01  1.2756E-04  1.0521E+03
   #    483033  7.1587E+01  1.2738E-04  1.0821E+03
   #    483450  7.1640E+01  1.2702E-04  1.1121E+03
   #    483867  7.1693E+01  1.2661E-04  1.1422E+03
   #    484272  7.1744E+01  1.2626E-04  1.1722E+03
   #    484689  7.1796E+01  1.2599E-04  1.2023E+03
   #    485106  7.1849E+01  1.2588E-04  1.2323E+03
   #    485523  7.1901E+01  1.2591E-04  1.2624E+03
   #    485921  7.1951E+01  1.2595E-04  1.2925E+03
   #    486338  7.2004E+01  1.2607E-04  1.3225E+03
   #    486754  7.2056E+01  1.2621E-04  1.3525E+03
   #    487161  7.2108E+01  1.2629E-04  1.3826E+03
   #    487578  7.2160E+01  1.2629E-04  1.4126E+03
   #    487995  7.2213E+01  1.2628E-04  1.4427E+03
   #    488411  7.2266E+01  1.2634E-04  1.4727E+03
   #    488817  7.2317E+01  1.2643E-04  1.5027E+03
   #    489234  7.2370E+01  1.2655E-04  1.5327E+03
   #    489651  7.2422E+01  1.2671E-04  1.5628E+03
   #    490068  7.2475E+01  1.2687E-04  1.5928E+03
   #    490465  7.2526E+01  1.2696E-04  1.6228E+03
   #    490882  7.2579E+01  1.2703E-04  1.6529E+03
   #    491299  7.2631E+01  1.2709E-04  1.6829E+03
   #    491716  7.2684E+01  1.2716E-04  1.7130E+03
   #    492121  7.2736E+01  1.2727E-04  1.7430E+03
   #    492537  7.2789E+01  1.2741E-04  1.7730E+03
   #    492954  7.2842E+01  1.2755E-04  1.8031E+03
   #    493370  7.2895E+01  1.2774E-04  1.8331E+03
   #    493778  7.2947E+01  1.2792E-04  1.8631E+03
   #    494195  7.3001E+01  1.2801E-04  1.8931E+03
   #    494612  7.3054E+01  1.2806E-04  1.9232E+03
   #    495007  7.3104E+01  1.2801E-04  1.9532E+03
   #    495420  7.3157E+01  1.2780E-04  1.9833E+03
   #    495833  7.3210E+01  1.2754E-04  2.0133E+03
   #    496246  7.3263E+01  1.2728E-04  2.0433E+03
   #    496649  7.3314E+01  1.2705E-04  2.0734E+03
   #    497062  7.3366E+01  1.2689E-04  2.1034E+03
   #    497475  7.3419E+01  1.2681E-04  2.1334E+03
   #    497888  7.3471E+01  1.2678E-04  2.1634E+03
   #    498289  7.3522E+01  1.2677E-04  2.1935E+03
   #    498702  7.3574E+01  1.2671E-04  2.2235E+03
   #    499115  7.3626E+01  1.2658E-04  2.2535E+03
   #    499519  7.3677E+01  1.2642E-04  2.2836E+03
   #    499921  7.3728E+01  1.2626E-04  2.3136E+03
   #    500334  7.3780E+01  1.2610E-04  2.3436E+03
   #    500747  7.3832E+01  1.2595E-04  2.3737E+03
   #    501160  7.3884E+01  1.2588E-04  2.4037E+03
   #    501564  7.3935E+01  1.2583E-04  2.4337E+03
   #    501976  7.3987E+01  1.2581E-04  2.4637E+03
   #    502389  7.4039E+01  1.2588E-04  2.4938E+03
   #    502802  7.4091E+01  1.2607E-04  2.5238E+03
   #    503205  7.4142E+01  1.2622E-04  2.5538E+03
   #    503618  7.4194E+01  1.2643E-04  2.5839E+03
   #    504023  7.4245E+01  1.2660E-04  2.6139E+03
   #    504436  7.4297E+01  1.2674E-04  2.6439E+03
   #    504841  7.4349E+01  1.2684E-04  2.6740E+03
   #    505254  7.4401E+01  1.2691E-04  2.7040E+03
   #    505666  7.4453E+01  1.2697E-04  2.7341E+03
   #    506068  7.4504E+01  1.2705E-04  2.7641E+03
   #    506481  7.4557E+01  1.2709E-04  2.7941E+03
   #    506894  7.4609E+01  1.2718E-04  2.8242E+03
   #    507306  7.4662E+01  1.2728E-04  2.8542E+03
   #    507711  7.4713E+01  1.2738E-04  2.8842E+03
   #    508115  7.4765E+01  1.2748E-04  2.9143E+03
   #    508527  7.4817E+01  1.2755E-04  2.9443E+03
   #    508940  7.4870E+01  1.2758E-04  2.9744E+03
   #    509343  7.4921E+01  1.2749E-04  3.0044E+03
   #    509756  7.4974E+01  1.2727E-04  3.0345E+03
   #    510169  7.5026E+01  1.2701E-04  3.0645E+03
   #    510582  7.5079E+01  1.2675E-04  3.0946E+03
   #    510984  7.5130E+01  1.2659E-04  3.1246E+03
   #    511397  7.5182E+01  1.2658E-04  3.1547E+03
   #    511810  7.5234E+01  1.2665E-04  3.1847E+03
   #    512226  7.5287E+01  1.2673E-04  3.2147E+03
   #    512627  7.5338E+01  1.2685E-04  3.2448E+03
   #    513045  7.5391E+01  1.2695E-04  3.2748E+03
   #    513462  7.5444E+01  1.2695E-04  3.3049E+03
   #    513858  7.5494E+01  1.2688E-04  3.3349E+03
   #    514240  7.5543E+01  1.2679E-04  3.3650E+03
   #    514632  7.5592E+01  1.2673E-04  3.3950E+03
   #    515024  7.5642E+01  1.2676E-04  3.4251E+03
   #    515416  7.5692E+01  1.2682E-04  3.4551E+03
   #    515799  7.5740E+01  1.2695E-04  3.4852E+03
   #    516183  7.5789E+01  1.2708E-04  3.5152E+03
   #    516551  7.5836E+01  1.2717E-04  3.5452E+03
   #    516901  7.5880E+01  1.2725E-04  3.5753E+03
   #    517247  7.5924E+01  1.2737E-04  3.6053E+03
   #    517602  7.5969E+01  1.2748E-04  3.6353E+03
   #    517957  7.6015E+01  1.2736E-04  3.6653E+03
   #    518316  7.6060E+01  1.2722E-04  3.6954E+03
   #    518663  7.6104E+01  1.2709E-04  3.7254E+03
   #    519017  7.6149E+01  1.2705E-04  3.7555E+03
   #    519369  7.6194E+01  1.2708E-04  3.7855E+03
   #    519723  7.6239E+01  1.2719E-04  3.8155E+03
   #    520073  7.6284E+01  1.2740E-04  3.8456E+03
   #    520419  7.6328E+01  1.2762E-04  3.8756E+03
   #    520754  7.6370E+01  1.2784E-04  3.9057E+03
   #    521077  7.6412E+01  1.2805E-04  3.9358E+03
   #    521404  7.6454E+01  1.2804E-04  3.9658E+03
   #    521739  7.6497E+01  1.2793E-04  3.9958E+03
   #    522070  7.6539E+01  1.2776E-04  4.0258E+03
   #    522411  7.6582E+01  1.2762E-04  4.0558E+03
   #    522752  7.6626E+01  1.2753E-04  4.0859E+03
   #    523093  7.6669E+01  1.2751E-04  4.1159E+03
   #    523428  7.6712E+01  1.2736E-04  4.1460E+03
   #    523768  7.6755E+01  1.2720E-04  4.1761E+03
   #    524105  7.6798E+01  1.2715E-04  4.2061E+03
   #    524435  7.6840E+01  1.2708E-04  4.2361E+03
   #    524770  7.6883E+01  1.2702E-04  4.2661E+03
   #    525085  7.6923E+01  1.2690E-04  4.2962E+03
   #    525428  7.6966E+01  1.2684E-04  4.3263E+03
   #    525768  7.7009E+01  1.2679E-04  4.3563E+03
   #    526122  7.7054E+01  1.2688E-04  4.3863E+03
   #    526473  7.7099E+01  1.2699E-04  4.4164E+03
   #    526809  7.7141E+01  1.2720E-04  4.4464E+03
   #    527153  7.7185E+01  1.2735E-04  4.4765E+03
   #    527496  7.7229E+01  1.2716E-04  4.5065E+03
   #    527837  7.7272E+01  1.2707E-04  4.5367E+03
   #    528167  7.7314E+01  1.2706E-04  4.5667E+03
   #    528512  7.7358E+01  1.2712E-04  4.5967E+03
   #    528882  7.7405E+01  1.2716E-04  4.6267E+03
   #    529252  7.7452E+01  1.2709E-04  4.6568E+03
   #    529623  7.7499E+01  1.2635E-04  4.6868E+03
   #    529978  7.7544E+01  1.2614E-04  4.7169E+03
   #    530342  7.7589E+01  1.2586E-04  4.7469E+03
   #    530709  7.7636E+01  1.2513E-04  4.7769E+03
   #    531077  7.7681E+01  1.2466E-04  4.8070E+03
   #    531434  7.7726E+01  1.2412E-04  4.8370E+03
   #    531793  7.7770E+01  1.2366E-04  4.8670E+03
   #    532136  7.7813E+01  1.2305E-04  4.8971E+03
   #    532471  7.7854E+01  1.2251E-04  4.9271E+03
   #    532807  7.7895E+01  1.2175E-04  4.9572E+03
   #    533133  7.7934E+01  1.2121E-04  4.9872E+03
   #    533468  7.7975E+01  1.2115E-04  5.0173E+03
   #    533803  7.8015E+01  1.2050E-04  5.0473E+03
   #    534145  7.8056E+01  1.1965E-04  5.0773E+03
   #    534492  7.8098E+01  1.1901E-04  5.1074E+03
   #    534822  7.8137E+01  1.1867E-04  5.1374E+03
   #    535143  7.8175E+01  1.1876E-04  5.1674E+03
   #    535453  7.8212E+01  1.1783E-04  5.1975E+03
   #    535769  7.8249E+01  1.1696E-04  5.2275E+03
   #    536088  7.8286E+01  1.1651E-04  5.2576E+03
   #    536402  7.8323E+01  1.1627E-04  5.2876E+03
   #    536725  7.8360E+01  1.1623E-04  5.3176E+03
   #    537048  7.8398E+01  1.1629E-04  5.3477E+03
   #    537370  7.8435E+01  1.1539E-04  5.3777E+03
   #    537692  7.8472E+01  1.1511E-04  5.4078E+03
   #    538004  7.8508E+01  1.1505E-04  5.4379E+03
   #    538325  7.8545E+01  1.1479E-04  5.4680E+03
   #    538645  7.8581E+01  1.1433E-04  5.4980E+03
   #    538959  7.8617E+01  1.1390E-04  5.5281E+03
   #    539279  7.8654E+01  1.1347E-04  5.5581E+03
   #    539600  7.8690E+01  1.1300E-04  5.5882E+03
   #    539910  7.8725E+01  1.1251E-04  5.6183E+03
   #    540230  7.8761E+01  1.1193E-04  5.6483E+03
   #    540551  7.8797E+01  1.1154E-04  5.6783E+03
   #    540875  7.8833E+01  1.1100E-04  5.7084E+03
   #    541198  7.8868E+01  1.1064E-04  5.7384E+03
   #    541521  7.8904E+01  1.1034E-04  5.7685E+03
   #    541834  7.8939E+01  1.0976E-04  5.7985E+03
   #    542155  7.8974E+01  1.0956E-04  5.8286E+03
   #    542467  7.9008E+01  1.0930E-04  5.8586E+03
   #    542786  7.9043E+01  1.0914E-04  5.8886E+03
   #    543109  7.9078E+01  1.0904E-04  5.9187E+03
   #    543425  7.9112E+01  1.0884E-04  5.9488E+03
   #    543751  7.9148E+01  1.0866E-04  5.9789E+03
   #    544086  7.9184E+01  1.0850E-04  6.0089E+03
   #    544427  7.9221E+01  1.0838E-04  6.0390E+03
   #    544770  7.9258E+01  1.0820E-04  6.0690E+03
   #    545113  7.9295E+01  1.0797E-04  6.0991E+03
   #    545445  7.9331E+01  1.0787E-04  6.1291E+03
   #    545788  7.9368E+01  1.0775E-04  6.1591E+03
   #    546124  7.9404E+01  1.0742E-04  6.1892E+03
   #    546465  7.9441E+01  1.0704E-04  6.2192E+03
   #    546798  7.9476E+01  1.0678E-04  6.2493E+03
   #    547116  7.9510E+01  1.0646E-04  6.2794E+03
   #    547445  7.9545E+01  1.0627E-04  6.3094E+03
   #    547774  7.9580E+01  1.0588E-04  6.3395E+03
   #    548103  7.9615E+01  1.0537E-04  6.3696E+03
   #    548436  7.9650E+01  1.0489E-04  6.3996E+03
   #    548768  7.9685E+01  1.0450E-04  6.4297E+03
   #    549085  7.9718E+01  1.0421E-04  6.4597E+03
   #    549409  7.9752E+01  1.0379E-04  6.4897E+03
   #    549740  7.9786E+01  1.0355E-04  6.5198E+03
   #    550067  7.9820E+01  1.0330E-04  6.5498E+03
   #    550394  7.9853E+01  1.0292E-04  6.5799E+03
   #    550721  7.9887E+01  1.0265E-04  6.6100E+03
   #    551039  7.9920E+01  1.0240E-04  6.6401E+03
   #    551366  7.9953E+01  1.0210E-04  6.6702E+03
   #    551689  7.9986E+01  1.0183E-04  6.7002E+03
   #    552013  8.0019E+01  1.0153E-04  6.7303E+03
   #    552337  8.0052E+01  1.0129E-04  6.7603E+03
   #    552660  8.0084E+01  1.0093E-04  6.7904E+03
   #    552968  8.0115E+01  1.0054E-04  6.8204E+03
   #    553293  8.0148E+01  1.0018E-04  6.8505E+03
   #    553617  8.0180E+01  9.9863E-05  6.8805E+03
   #    553941  8.0213E+01  9.9534E-05  6.9106E+03
   #    554268  8.0245E+01  9.9215E-05  6.9406E+03
   #    554599  8.0278E+01  9.8916E-05  6.9707E+03
   #    554921  8.0310E+01  9.8590E-05  7.0007E+03
   #    555251  8.0342E+01  9.8270E-05  7.0308E+03
   #    555581  8.0375E+01  9.7970E-05  7.0608E+03
   #    555911  8.0407E+01  9.7738E-05  7.0909E+03
   #    556240  8.0439E+01  9.7520E-05  7.1209E+03
   #    556562  8.0470E+01  9.7302E-05  7.1510E+03
   #    556890  8.0502E+01  9.7123E-05  7.1811E+03
   #    557210  8.0533E+01  9.6933E-05  7.2111E+03
   #    557540  8.0565E+01  9.6787E-05  7.2412E+03
   #    557870  8.0597E+01  9.6631E-05  7.2713E+03
   #    558200  8.0629E+01  9.6500E-05  7.3013E+03
   #    558530  8.0661E+01  9.6367E-05  7.3314E+03
   #    558857  8.0692E+01  9.6271E-05  7.3614E+03
   #    559173  8.0723E+01  9.6185E-05  7.3915E+03
   #    559501  8.0754E+01  9.6046E-05  7.4216E+03
   #    559829  8.0786E+01  9.5834E-05  7.4516E+03
   #    560149  8.0816E+01  9.5637E-05  7.4816E+03
   #    560474  8.0847E+01  9.5496E-05  7.5116E+03
   #    560800  8.0878E+01  9.5349E-05  7.5417E+03
   #    561113  8.0908E+01  9.5197E-05  7.5717E+03
   #    561437  8.0939E+01  9.5056E-05  7.6018E+03
   #    561763  8.0970E+01  9.4916E-05  7.6318E+03
   #    562089  8.1001E+01  9.4790E-05  7.6618E+03
   #    562414  8.1032E+01  9.4661E-05  7.6919E+03
   #    562738  8.1062E+01  9.4533E-05  7.7219E+03
   #    563065  8.1093E+01  9.4378E-05  7.7519E+03
   #    563384  8.1123E+01  9.4141E-05  7.7820E+03
   #    563705  8.1154E+01  9.3881E-05  7.8120E+03
   #    564030  8.1184E+01  9.3609E-05  7.8420E+03
   #    564349  8.1214E+01  9.3334E-05  7.8720E+03
   #    564672  8.1244E+01  9.3049E-05  7.9021E+03
   #    564997  8.1274E+01  9.2753E-05  7.9321E+03
   #    565322  8.1304E+01  9.2463E-05  7.9622E+03
   #    565636  8.1333E+01  9.2187E-05  7.9922E+03
   #    565961  8.1363E+01  9.1901E-05  8.0222E+03
   #    566287  8.1393E+01  9.1619E-05  8.0523E+03
   #    566612  8.1423E+01  9.1320E-05  8.0823E+03
   #    566939  8.1452E+01  9.1001E-05  8.1125E+03
   #    567264  8.1482E+01  9.0671E-05  8.1425E+03
   #    567584  8.1511E+01  9.0334E-05  8.1725E+03
   #    567914  8.1541E+01  8.9985E-05  8.2026E+03
   #    568244  8.1570E+01  8.9632E-05  8.2327E+03
   #    568569  8.1599E+01  8.9285E-05  8.2627E+03
   #    568886  8.1628E+01  8.8959E-05  8.2928E+03
   #    569203  8.1656E+01  8.8629E-05  8.3228E+03
   #    569511  8.1683E+01  8.8319E-05  8.3529E+03
   #    569810  8.1709E+01  8.8030E-05  8.3829E+03
   #    570118  8.1736E+01  8.7740E-05  8.4130E+03
   #    570419  8.1763E+01  8.7456E-05  8.4431E+03
   #    570726  8.1790E+01  8.7161E-05  8.4731E+03
   #    571033  8.1816E+01  8.6873E-05  8.5032E+03
   #    571339  8.1843E+01  8.6593E-05  8.5332E+03
   #    571645  8.1869E+01  8.6316E-05  8.5633E+03
   #    571950  8.1895E+01  8.6034E-05  8.5933E+03
   #    572244  8.1921E+01  8.5753E-05  8.6234E+03
   #    572552  8.1947E+01  8.5460E-05  8.6535E+03
   #    572869  8.1974E+01  8.5161E-05  8.6836E+03
   #    573185  8.2001E+01  8.4865E-05  8.7136E+03
   #    573509  8.2028E+01  8.4563E-05  8.7437E+03
   #    573829  8.2055E+01  8.4260E-05  8.7737E+03
   #    574156  8.2083E+01  8.3950E-05  8.8038E+03
   #    574474  8.2110E+01  8.3656E-05  8.8338E+03
   #    574805  8.2137E+01  8.3356E-05  8.8638E+03
   #    575145  8.2165E+01  8.3055E-05  8.8938E+03
   #    575488  8.2194E+01  8.2757E-05  8.9239E+03
   #    575830  8.2222E+01  8.2467E-05  8.9539E+03
   #    576171  8.2250E+01  8.2184E-05  8.9839E+03
   #    576515  8.2278E+01  8.1902E-05  9.0140E+03
   #    576850  8.2306E+01  8.1634E-05  9.0443E+03
   #    577194  8.2334E+01  8.1364E-05  9.0744E+03
   #    577530  8.2361E+01  8.1103E-05  9.1044E+03
   #    577872  8.2389E+01  8.0847E-05  9.1344E+03
   #    578214  8.2416E+01  8.0604E-05  9.1645E+03
   #    578557  8.2444E+01  8.0373E-05  9.1945E+03
   #    578902  8.2472E+01  8.0158E-05  9.2245E+03
   #    579246  8.2499E+01  7.9963E-05  9.2545E+03
   #    579577  8.2526E+01  7.9796E-05  9.2846E+03
   #    579918  8.2553E+01  7.9645E-05  9.3147E+03
   #    580260  8.2580E+01  7.9514E-05  9.3447E+03
   #    580602  8.2607E+01  7.9404E-05  9.3747E+03
   #    580945  8.2634E+01  7.9321E-05  9.4048E+03
   #    581281  8.2661E+01  7.9262E-05  9.4348E+03
   #    581624  8.2688E+01  7.9225E-05  9.4649E+03
   #    581955  8.2714E+01  7.9210E-05  9.4949E+03
   #    582295  8.2741E+01  7.9213E-05  9.5250E+03
   #    582636  8.2768E+01  7.9232E-05  9.5551E+03
   #    582978  8.2796E+01  7.9263E-05  9.5851E+03
   #    583319  8.2823E+01  7.9306E-05  9.6152E+03
   #    583662  8.2850E+01  7.9361E-05  9.6452E+03
   #    584003  8.2877E+01  7.9438E-05  9.6752E+03
   #    584344  8.2904E+01  7.9516E-05  9.7053E+03
   #    584674  8.2930E+01  7.9603E-05  9.7353E+03
   #    585007  8.2957E+01  7.9694E-05  9.7654E+03
   #    585347  8.2984E+01  7.9813E-05  9.7954E+03
   #    585689  8.3011E+01  7.9960E-05  9.8255E+03
   #    586032  8.3039E+01  8.0103E-05  9.8555E+03
   #    586376  8.3066E+01  8.0277E-05  9.8856E+03
   #    586719  8.3094E+01  8.0470E-05  9.9156E+03
   #    587053  8.3121E+01  8.0665E-05  9.9457E+03
   #    587396  8.3148E+01  8.0891E-05  9.9757E+03
   #    587740  8.3176E+01  8.1148E-05  1.0006E+04
   #    588085  8.3204E+01  8.1423E-05  1.0036E+04
   #    588423  8.3232E+01  8.1708E-05  1.0066E+04
   #    588767  8.3260E+01  8.1979E-05  1.0096E+04
   #    589111  8.3288E+01  8.2242E-05  1.0126E+04
   #    589446  8.3316E+01  8.2481E-05  1.0156E+04
   #    589791  8.3344E+01  8.2692E-05  1.0186E+04
   #    590135  8.3373E+01  8.2897E-05  1.0216E+04
   #    590480  8.3401E+01  8.3068E-05  1.0246E+04
   #    590825  8.3430E+01  8.3198E-05  1.0276E+04
   #    591170  8.3459E+01  8.3297E-05  1.0306E+04
   #    591515  8.3487E+01  8.3355E-05  1.0336E+04
   #    591849  8.3515E+01  8.3367E-05  1.0366E+04
   #    592185  8.3543E+01  8.3366E-05  1.0396E+04
   #    592528  8.3572E+01  8.3333E-05  1.0426E+04
   #    592871  8.3600E+01  8.3143E-05  1.0456E+04
   #    593214  8.3629E+01  8.3071E-05  1.0486E+04
   #    593556  8.3657E+01  8.3361E-05  1.0516E+04
   #    593899  8.3686E+01  8.4240E-05  1.0547E+04
   #    594231  8.3714E+01  8.6016E-05  1.0577E+04
   #    594573  8.3744E+01  8.9166E-05  1.0607E+04
   #    594915  8.3775E+01  9.3462E-05  1.0637E+04
   #    595256  8.3808E+01  9.7328E-05  1.0667E+04
   #    595597  8.3842E+01  1.0012E-04  1.0697E+04
   #    595932  8.3876E+01  1.0267E-04  1.0727E+04
   #    596261  8.3910E+01  1.0537E-04  1.0757E+04
   #    596601  8.3946E+01  1.0663E-04  1.0787E+04
   #    596940  8.3982E+01  1.0738E-04  1.0817E+04
   #    597279  8.4019E+01  1.0816E-04  1.0847E+04
   #    597618  8.4055E+01  1.0893E-04  1.0877E+04
   #    597956  8.4092E+01  1.0964E-04  1.0907E+04
   #    598281  8.4128E+01  1.1043E-04  1.0937E+04
   #    598616  8.4165E+01  1.1122E-04  1.0967E+04
   #    598952  8.4203E+01  1.1194E-04  1.0997E+04
   #    599287  8.4240E+01  1.1267E-04  1.1027E+04
   #    599615  8.4277E+01  1.1316E-04  1.1057E+04
   #    599940  8.4314E+01  1.1365E-04  1.1087E+04
   #    600275  8.4352E+01  1.1416E-04  1.1117E+04
   #    600609  8.4390E+01  1.1453E-04  1.1147E+04
   #    600940  8.4428E+01  1.1472E-04  1.1177E+04
   #    601271  8.4466E+01  1.1487E-04  1.1207E+04
   #    601602  8.4504E+01  1.1494E-04  1.1237E+04
   #    601925  8.4541E+01  1.1484E-04  1.1267E+04
   #    602257  8.4580E+01  1.1448E-04  1.1297E+04
   #    602589  8.4617E+01  1.1380E-04  1.1328E+04
   #    602921  8.4655E+01  1.1306E-04  1.1358E+04
   #    603247  8.4692E+01  1.1259E-04  1.1388E+04
   #    603570  8.4728E+01  1.1249E-04  1.1418E+04
   #    603908  8.4766E+01  1.1257E-04  1.1448E+04
   #    604229  8.4802E+01  1.1295E-04  1.1478E+04
   #    604541  8.4838E+01  1.1320E-04  1.1508E+04
   #    604853  8.4873E+01  1.1382E-04  1.1538E+04
   #    605156  8.4908E+01  1.1418E-04  1.1568E+04
   #    605468  8.4943E+01  1.1492E-04  1.1598E+04
   #    605778  8.4979E+01  1.1533E-04  1.1628E+04
   #    606089  8.5015E+01  1.1609E-04  1.1658E+04
   #    606401  8.5051E+01  1.1649E-04  1.1688E+04
   #    606706  8.5087E+01  1.1725E-04  1.1718E+04
   #    607006  8.5122E+01  1.1754E-04  1.1748E+04
   #    607317  8.5159E+01  1.1825E-04  1.1778E+04
   #    607631  8.5196E+01  1.1841E-04  1.1808E+04
   #    607947  8.5233E+01  1.1904E-04  1.1838E+04
   #    608263  8.5271E+01  1.1926E-04  1.1868E+04
   #    608570  8.5308E+01  1.1973E-04  1.1898E+04
   #    608885  8.5345E+01  1.1998E-04  1.1928E+04
   #    609201  8.5383E+01  1.2042E-04  1.1959E+04
   #    609517  8.5421E+01  1.2069E-04  1.1989E+04
   #    609826  8.5459E+01  1.2125E-04  1.2019E+04
   #    610141  8.5497E+01  1.2138E-04  1.2049E+04
   #    610446  8.5534E+01  1.2207E-04  1.2079E+04
   #    610761  8.5573E+01  1.2233E-04  1.2109E+04
   #    611076  8.5611E+01  1.2273E-04  1.2139E+04
   #    611391  8.5650E+01  1.2349E-04  1.2169E+04
   #    611706  8.5689E+01  1.2395E-04  1.2199E+04
   #    612012  8.5727E+01  1.2433E-04  1.2229E+04
   #    612327  8.5766E+01  1.2511E-04  1.2259E+04
   #    612642  8.5806E+01  1.2604E-04  1.2289E+04
   #    612957  8.5845E+01  1.2679E-04  1.2319E+04
   #    613266  8.5885E+01  1.2712E-04  1.2349E+04
   #    613571  8.5923E+01  1.2726E-04  1.2379E+04
   #    613886  8.5964E+01  1.2741E-04  1.2409E+04
   #    614201  8.6004E+01  1.2758E-04  1.2439E+04
   #    614516  8.6044E+01  1.2774E-04  1.2469E+04
   #    614831  8.6084E+01  1.2790E-04  1.2499E+04
   #    615136  8.6123E+01  1.2805E-04  1.2529E+04
   #    615450  8.6163E+01  1.2818E-04  1.2560E+04
   #    615763  8.6203E+01  1.2834E-04  1.2590E+04
   #    616071  8.6243E+01  1.2848E-04  1.2620E+04
   #    616378  8.6282E+01  1.2860E-04  1.2650E+04
   #    616669  8.6320E+01  1.2870E-04  1.2680E+04
   #    616977  8.6360E+01  1.2882E-04  1.2710E+04
   #    617285  8.6399E+01  1.2894E-04  1.2740E+04
   #    617592  8.6439E+01  1.2905E-04  1.2770E+04
   #    617900  8.6479E+01  1.2914E-04  1.2800E+04
   #    618197  8.6517E+01  1.2922E-04  1.2830E+04
   #    618505  8.6557E+01  1.2928E-04  1.2860E+04
   #    618806  8.6596E+01  1.2934E-04  1.2890E+04
   #    619104  8.6634E+01  1.2939E-04  1.2920E+04
   #    619401  8.6673E+01  1.2944E-04  1.2950E+04
   #    619695  8.6711E+01  1.2949E-04  1.2980E+04
   #    619996  8.6750E+01  1.2955E-04  1.3010E+04
   #    620303  8.6789E+01  1.2966E-04  1.3040E+04
   #    620610  8.6829E+01  1.2976E-04  1.3070E+04
   #    620917  8.6869E+01  1.2985E-04  1.3100E+04
   #    621216  8.6908E+01  1.2995E-04  1.3130E+04
   #    621524  8.6948E+01  1.3005E-04  1.3160E+04
   #    621832  8.6988E+01  1.3015E-04  1.3190E+04
   #    622140  8.7028E+01  1.3029E-04  1.3220E+04
   #    622448  8.7068E+01  1.3045E-04  1.3251E+04
   #    622747  8.7107E+01  1.3057E-04  1.3281E+04
   #    623052  8.7147E+01  1.3073E-04  1.3311E+04
   #    623351  8.7186E+01  1.3094E-04  1.3341E+04
   #    623655  8.7226E+01  1.3117E-04  1.3371E+04
   #    623959  8.7266E+01  1.3136E-04  1.3401E+04
   #    624264  8.7306E+01  1.3157E-04  1.3431E+04
   #    624560  8.7345E+01  1.3178E-04  1.3461E+04
   #    624865  8.7385E+01  1.3199E-04  1.3491E+04
   #    625170  8.7425E+01  1.3210E-04  1.3521E+04
   #    625474  8.7466E+01  1.3219E-04  1.3551E+04
   #    625779  8.7506E+01  1.3217E-04  1.3581E+04
   #    626074  8.7545E+01  1.3217E-04  1.3611E+04
   #    626372  8.7584E+01  1.3218E-04  1.3641E+04
   #    626677  8.7624E+01  1.3221E-04  1.3671E+04
   #    626982  8.7665E+01  1.3227E-04  1.3701E+04
   #    627286  8.7705E+01  1.3233E-04  1.3731E+04
   #    627583  8.7744E+01  1.3237E-04  1.3761E+04
   #    627887  8.7785E+01  1.3243E-04  1.3791E+04
   #    628191  8.7825E+01  1.3251E-04  1.3821E+04
   #    628495  8.7865E+01  1.3259E-04  1.3851E+04
   #    628798  8.7905E+01  1.3262E-04  1.3881E+04
   #    629093  8.7944E+01  1.3261E-04  1.3912E+04
   #    629396  8.7985E+01  1.3260E-04  1.3942E+04
   #    629694  8.8024E+01  1.3259E-04  1.3972E+04
   #    629997  8.8064E+01  1.3257E-04  1.4002E+04
   #    630300  8.8104E+01  1.3253E-04  1.4032E+04
   #    630596  8.8144E+01  1.3251E-04  1.4062E+04
   #    630899  8.8184E+01  1.3249E-04  1.4092E+04
   #    631202  8.8224E+01  1.3248E-04  1.4122E+04
   #    631505  8.8264E+01  1.3246E-04  1.4152E+04
   #    631809  8.8304E+01  1.3244E-04  1.4182E+04
   #    632105  8.8343E+01  1.3241E-04  1.4212E+04
   #    632408  8.8384E+01  1.3236E-04  1.4242E+04
   #    632711  8.8424E+01  1.3230E-04  1.4272E+04
   #    633008  8.8463E+01  1.3224E-04  1.4302E+04
   #    633311  8.8503E+01  1.3216E-04  1.4332E+04
   #    633604  8.8542E+01  1.3205E-04  1.4362E+04
   #    633908  8.8582E+01  1.3194E-04  1.4392E+04
   #    634213  8.8622E+01  1.3182E-04  1.4422E+04
   #    634516  8.8662E+01  1.3172E-04  1.4453E+04
   #    634818  8.8702E+01  1.3162E-04  1.4483E+04
   #    635111  8.8740E+01  1.3153E-04  1.4513E+04
   #    635414  8.8780E+01  1.3145E-04  1.4543E+04
   #    635721  8.8820E+01  1.3137E-04  1.4573E+04
   #    636023  8.8860E+01  1.3130E-04  1.4603E+04
   #    636311  8.8898E+01  1.3124E-04  1.4633E+04
   #    636592  8.8935E+01  1.3119E-04  1.4663E+04
   #    636883  8.8973E+01  1.3113E-04  1.4693E+04
   #    637172  8.9011E+01  1.3107E-04  1.4723E+04
   #    637459  8.9048E+01  1.3101E-04  1.4753E+04
   #    637748  8.9086E+01  1.3094E-04  1.4783E+04
   #    638038  8.9124E+01  1.3087E-04  1.4813E+04
   #    638334  8.9163E+01  1.3079E-04  1.4843E+04
   #    638630  8.9201E+01  1.3070E-04  1.4873E+04
   #    638926  8.9240E+01  1.3062E-04  1.4903E+04
   #    639222  8.9279E+01  1.3055E-04  1.4933E+04
   #    639501  8.9315E+01  1.3049E-04  1.4963E+04
   #    639785  8.9352E+01  1.3042E-04  1.4993E+04
   #    640075  8.9390E+01  1.3036E-04  1.5023E+04
   #    640365  8.9428E+01  1.3029E-04  1.5053E+04
   #    640652  8.9465E+01  1.3021E-04  1.5083E+04
   #    640941  8.9503E+01  1.3015E-04  1.5114E+04
   #    641236  8.9541E+01  1.3008E-04  1.5144E+04
   #    641557  8.9583E+01  1.3001E-04  1.5174E+04
   #    641879  8.9625E+01  1.2995E-04  1.5204E+04
   #    642195  8.9666E+01  1.2990E-04  1.5234E+04
   #    642502  8.9706E+01  1.2985E-04  1.5264E+04
   #    642811  8.9746E+01  1.2981E-04  1.5294E+04
   #    643133  8.9788E+01  1.2976E-04  1.5324E+04
   #    643455  8.9829E+01  1.2971E-04  1.5354E+04
   #    643769  8.9870E+01  1.2967E-04  1.5384E+04
   #    644069  8.9909E+01  1.2960E-04  1.5414E+04
   #    644378  8.9949E+01  1.2953E-04  1.5444E+04
   #    644687  8.9989E+01  1.2944E-04  1.5474E+04
   #    644997  9.0029E+01  1.2932E-04  1.5504E+04
   #    645306  9.0069E+01  1.2921E-04  1.5535E+04
   #    645610  9.0108E+01  1.2911E-04  1.5565E+04
   #    645913  9.0147E+01  1.2900E-04  1.5595E+04
   #    646224  9.0187E+01  1.2891E-04  1.5625E+04
   #    646535  9.0227E+01  1.2882E-04  1.5655E+04
   #    646846  9.0267E+01  1.2874E-04  1.5685E+04
   #    647157  9.0307E+01  1.2867E-04  1.5715E+04
   #    647460  9.0346E+01  1.2862E-04  1.5745E+04
   #    647771  9.0386E+01  1.2858E-04  1.5776E+04
   #    648083  9.0426E+01  1.2855E-04  1.5806E+04
   #    648394  9.0466E+01  1.2852E-04  1.5836E+04
   #    648706  9.0506E+01  1.2850E-04  1.5866E+04
   #    649008  9.0545E+01  1.2850E-04  1.5896E+04
   #    649313  9.0584E+01  1.2848E-04  1.5926E+04
   #    649625  9.0624E+01  1.2847E-04  1.5956E+04
   #    649937  9.0664E+01  1.2846E-04  1.5986E+04
   #    650249  9.0705E+01  1.2846E-04  1.6016E+04
   #    650551  9.0743E+01  1.2846E-04  1.6046E+04
   #    650862  9.0783E+01  1.2848E-04  1.6076E+04
   #    651173  9.0823E+01  1.2849E-04  1.6106E+04
   #    651484  9.0863E+01  1.2850E-04  1.6136E+04
   #    651795  9.0903E+01  1.2850E-04  1.6166E+04
   #    652094  9.0942E+01  1.2846E-04  1.6196E+04
   #    652405  9.0982E+01  1.2840E-04  1.6226E+04
   #    652711  9.1021E+01  1.2836E-04  1.6256E+04
   #    653022  9.1061E+01  1.2832E-04  1.6286E+04
   #    653333  9.1101E+01  1.2829E-04  1.6316E+04
   #    653633  9.1139E+01  1.2826E-04  1.6346E+04
   #    653944  9.1179E+01  1.2825E-04  1.6377E+04
   #    654255  9.1219E+01  1.2824E-04  1.6407E+04
   #    654566  9.1259E+01  1.2824E-04  1.6437E+04
   #    654877  9.1299E+01  1.2820E-04  1.6467E+04
   #    655179  9.1337E+01  1.2793E-04  1.6497E+04
   #    655496  9.1378E+01  1.2764E-04  1.6527E+04
   #    655820  9.1419E+01  1.2736E-04  1.6557E+04
   #    656137  9.1459E+01  1.2709E-04  1.6587E+04
   #    656441  9.1498E+01  1.2683E-04  1.6617E+04
   #    656732  9.1535E+01  1.2660E-04  1.6647E+04
   #    657032  9.1573E+01  1.2636E-04  1.6677E+04
   #    657332  9.1611E+01  1.2614E-04  1.6707E+04
   #    657632  9.1648E+01  1.2596E-04  1.6737E+04
   #    657932  9.1686E+01  1.2581E-04  1.6767E+04
   #    658222  9.1723E+01  1.2570E-04  1.6797E+04
   #    658522  9.1760E+01  1.2563E-04  1.6827E+04
   #    658822  9.1798E+01  1.2560E-04  1.6857E+04
   #    659122  9.1836E+01  1.2561E-04  1.6887E+04
   #    659415  9.1872E+01  1.2557E-04  1.6917E+04
   #    659705  9.1909E+01  1.2539E-04  1.6948E+04
   #    660005  9.1946E+01  1.2519E-04  1.6978E+04
   #    660305  9.1984E+01  1.2500E-04  1.7008E+04
   #    660605  9.2021E+01  1.2488E-04  1.7038E+04
   #    660905  9.2059E+01  1.2481E-04  1.7068E+04
   #    661205  9.2096E+01  1.2478E-04  1.7098E+04
   #    661495  9.2132E+01  1.2484E-04  1.7128E+04
   #    661795  9.2170E+01  1.2486E-04  1.7158E+04
   #    662095  9.2207E+01  1.2479E-04  1.7188E+04
   #    662389  9.2244E+01  1.2480E-04  1.7218E+04
   #    662688  9.2281E+01  1.2484E-04  1.7248E+04
   #    662979  9.2318E+01  1.2488E-04  1.7278E+04
   #    663279  9.2355E+01  1.2490E-04  1.7308E+04
   #    663579  9.2393E+01  1.2492E-04  1.7338E+04
   #    663879  9.2430E+01  1.2490E-04  1.7368E+04
   #    664179  9.2467E+01  1.2495E-04  1.7398E+04
   #    664478  9.2505E+01  1.2501E-04  1.7428E+04
   #    664769  9.2541E+01  1.2497E-04  1.7459E+04
   #    665068  9.2579E+01  1.2494E-04  1.7489E+04
   #    665367  9.2616E+01  1.2499E-04  1.7519E+04
   #    665660  9.2652E+01  1.2498E-04  1.7549E+04
   #    665959  9.2690E+01  1.2505E-04  1.7579E+04
   #    666250  9.2726E+01  1.2518E-04  1.7609E+04
   #    666549  9.2764E+01  1.2525E-04  1.7639E+04
   #    666849  9.2801E+01  1.2529E-04  1.7669E+04
   #    667148  9.2839E+01  1.2513E-04  1.7699E+04
   #    667447  9.2876E+01  1.2493E-04  1.7729E+04
   #    667736  9.2912E+01  1.2478E-04  1.7759E+04
   #    668036  9.2950E+01  1.2465E-04  1.7789E+04
   #    668336  9.2987E+01  1.2452E-04  1.7819E+04
   #    668636  9.3024E+01  1.2439E-04  1.7849E+04
   #    668930  9.3061E+01  1.2427E-04  1.7879E+04
   #    669230  9.3098E+01  1.2417E-04  1.7909E+04
   #    669519  9.3134E+01  1.2408E-04  1.7940E+04
   #    669821  9.3171E+01  1.2398E-04  1.7970E+04
   #    670123  9.3209E+01  1.2387E-04  1.8000E+04
   #    670421  9.3246E+01  1.2374E-04  1.8030E+04
   #    670717  9.3282E+01  1.2364E-04  1.8060E+04
   #    671006  9.3318E+01  1.2357E-04  1.8090E+04
   #    671302  9.3355E+01  1.2350E-04  1.8120E+04
   #    671601  9.3392E+01  1.2346E-04  1.8150E+04
   #    671904  9.3429E+01  1.2339E-04  1.8180E+04
   #    672201  9.3466E+01  1.2332E-04  1.8210E+04
   #    672504  9.3503E+01  1.2324E-04  1.8240E+04
   #    672794  9.3539E+01  1.2317E-04  1.8270E+04
   #    673097  9.3576E+01  1.2310E-04  1.8300E+04
   #    673400  9.3613E+01  1.2302E-04  1.8330E+04
   #    673703  9.3650E+01  1.2297E-04  1.8360E+04
   #    674006  9.3688E+01  1.2293E-04  1.8390E+04
   #    674300  9.3724E+01  1.2290E-04  1.8421E+04
   #    674620  9.3763E+01  1.2289E-04  1.8451E+04
   #    674933  9.3802E+01  1.2288E-04  1.8481E+04
   #    675244  9.3840E+01  1.2288E-04  1.8511E+04
   #    675566  9.3879E+01  1.2290E-04  1.8541E+04
   #    675885  9.3919E+01  1.2293E-04  1.8571E+04
   #    676215  9.3959E+01  1.2283E-04  1.8601E+04
   #    676545  9.4000E+01  1.2252E-04  1.8631E+04
   #    676875  9.4040E+01  1.2237E-04  1.8661E+04
   #    677204  9.4080E+01  1.2215E-04  1.8691E+04
   #    677525  9.4119E+01  1.2217E-04  1.8721E+04
   #    677855  9.4160E+01  1.2200E-04  1.8751E+04
   #    678185  9.4200E+01  1.1738E-04  1.8781E+04
   #    678514  9.4240E+01  1.2209E-04  1.8811E+04
   #    678837  9.4279E+01  1.2215E-04  1.8841E+04
   #    679157  9.4319E+01  1.2224E-04  1.8871E+04
   #    679486  9.4359E+01  1.2242E-04  1.8901E+04
   #    679815  9.4399E+01  1.2246E-04  1.8931E+04
   #    680144  9.4439E+01  1.2225E-04  1.8962E+04
   #    680473  9.4479E+01  1.2203E-04  1.8992E+04
   #    680792  9.4518E+01  1.2180E-04  1.9022E+04
   #    681121  9.4558E+01  1.2159E-04  1.9052E+04
   #    681450  9.4598E+01  1.2137E-04  1.9082E+04
   #    681779  9.4638E+01  1.2117E-04  1.9112E+04
   #    682108  9.4678E+01  1.2099E-04  1.9142E+04
   #    682421  9.4716E+01  1.2086E-04  1.9172E+04
   #    682751  9.4756E+01  1.2061E-04  1.9202E+04
   #    683077  9.4795E+01  1.2037E-04  1.9232E+04
   #    683399  9.4834E+01  1.2012E-04  1.9262E+04
   #    683723  9.4873E+01  1.1992E-04  1.9292E+04
   #    684036  9.4910E+01  1.1969E-04  1.9322E+04
   #    684361  9.4949E+01  1.1953E-04  1.9352E+04
   #    684685  9.4988E+01  1.1939E-04  1.9382E+04
   #    685010  9.5026E+01  1.1927E-04  1.9412E+04
   #    685335  9.5065E+01  1.1919E-04  1.9442E+04
   #    685659  9.5104E+01  1.1912E-04  1.9472E+04
   #    685966  9.5140E+01  1.1904E-04  1.9502E+04
   #    686289  9.5179E+01  1.1894E-04  1.9532E+04
   #    686612  9.5217E+01  1.1881E-04  1.9562E+04
   #    686934  9.5255E+01  1.1864E-04  1.9592E+04
   #    687256  9.5293E+01  1.1846E-04  1.9622E+04
   #    687569  9.5330E+01  1.1828E-04  1.9653E+04
   #    687899  9.5369E+01  1.1807E-04  1.9683E+04
   #    688230  9.5408E+01  1.1790E-04  1.9713E+04
   #    688561  9.5447E+01  1.1774E-04  1.9743E+04
   #    688892  9.5486E+01  1.1760E-04  1.9773E+04
   #    689212  9.5524E+01  1.1748E-04  1.9803E+04
   #    689537  9.5562E+01  1.1736E-04  1.9833E+04
   #    689868  9.5601E+01  1.1726E-04  1.9863E+04
   #    690199  9.5640E+01  1.1718E-04  1.9893E+04
   #    690530  9.5679E+01  1.1714E-04  1.9923E+04
   #    690852  9.5716E+01  1.1713E-04  1.9953E+04
   #    691183  9.5755E+01  1.1717E-04  1.9983E+04
   #    691514  9.5794E+01  1.1720E-04  2.0013E+04
   #    691846  9.5833E+01  1.1727E-04  2.0043E+04
   #    692185  9.5872E+01  1.1736E-04  2.0073E+04
   #    692516  9.5911E+01  1.1744E-04  2.0103E+04
   #    692855  9.5951E+01  1.1752E-04  2.0133E+04
   #    693187  9.5990E+01  1.1757E-04  2.0163E+04
   #    693526  9.6030E+01  1.1762E-04  2.0193E+04
   #    693864  9.6070E+01  1.1756E-04  2.0223E+04
   #    694203  9.6110E+01  1.1749E-04  2.0253E+04
   #    694532  9.6148E+01  1.1743E-04  2.0283E+04
   #    694871  9.6188E+01  1.1737E-04  2.0313E+04
   #    695210  9.6228E+01  1.1733E-04  2.0343E+04
   #    695549  9.6267E+01  1.1729E-04  2.0373E+04
   #    695888  9.6307E+01  1.1726E-04  2.0403E+04
   #    696217  9.6346E+01  1.1721E-04  2.0433E+04
   #    696557  9.6386E+01  1.1715E-04  2.0464E+04
   #    696891  9.6425E+01  1.1710E-04  2.0494E+04
   #    697232  9.6465E+01  1.1702E-04  2.0524E+04
   #    697573  9.6505E+01  1.1689E-04  2.0554E+04
   #    697904  9.6543E+01  1.1674E-04  2.0584E+04
   #    698246  9.6583E+01  1.1656E-04  2.0614E+04
   #    698587  9.6623E+01  1.1637E-04  2.0644E+04
   #    698928  9.6662E+01  1.1617E-04  2.0674E+04
   #    699269  9.6702E+01  1.1599E-04  2.0704E+04
   #    699600  9.6740E+01  1.1578E-04  2.0734E+04
   #    699941  9.6780E+01  1.1554E-04  2.0764E+04
   #    700275  9.6818E+01  1.1533E-04  2.0794E+04
   #    700616  9.6858E+01  1.1522E-04  2.0824E+04
   #    700954  9.6896E+01  1.1513E-04  2.0854E+04
   #    701279  9.6934E+01  1.1503E-04  2.0884E+04
   #    701614  9.6972E+01  1.1489E-04  2.0914E+04
   #    701950  9.7011E+01  1.1468E-04  2.0944E+04
   #    702285  9.7049E+01  1.1445E-04  2.0974E+04
   #    702621  9.7088E+01  1.1425E-04  2.1004E+04
   #    702946  9.7125E+01  1.1414E-04  2.1034E+04
   #    703281  9.7163E+01  1.1404E-04  2.1064E+04
   #    703616  9.7201E+01  1.1394E-04  2.1094E+04
   #    703944  9.7238E+01  1.1380E-04  2.1124E+04
   #    704279  9.7277E+01  1.1369E-04  2.1154E+04
   #    704604  9.7314E+01  1.1357E-04  2.1184E+04
   #    704939  9.7352E+01  1.1345E-04  2.1214E+04
   #    705274  9.7390E+01  1.1336E-04  2.1245E+04
   #    705610  9.7428E+01  1.1329E-04  2.1275E+04
   #    705945  9.7465E+01  1.1319E-04  2.1305E+04
   #    706280  9.7503E+01  1.1310E-04  2.1335E+04
   #    706603  9.7540E+01  1.1301E-04  2.1365E+04
   #    706935  9.7577E+01  1.1296E-04  2.1395E+04
   #    707267  9.7615E+01  1.1293E-04  2.1425E+04
   #    707597  9.7652E+01  1.1293E-04  2.1455E+04
   #    707938  9.7691E+01  1.1297E-04  2.1485E+04
   #    708269  9.7728E+01  1.1301E-04  2.1515E+04
   #    708609  9.7766E+01  1.1308E-04  2.1545E+04
   #    708950  9.7805E+01  1.1316E-04  2.1575E+04
   #    709291  9.7844E+01  1.1326E-04  2.1605E+04
   #    709632  9.7882E+01  1.1332E-04  2.1635E+04
   #    709963  9.7920E+01  1.1337E-04  2.1665E+04
   #    710304  9.7958E+01  1.1339E-04  2.1695E+04
   #    710644  9.7997E+01  1.1343E-04  2.1725E+04
   #    710985  9.8036E+01  1.1347E-04  2.1755E+04
   #    711319  9.8074E+01  1.1352E-04  2.1785E+04
   #    711650  9.8111E+01  1.1356E-04  2.1815E+04
   #    711990  9.8150E+01  1.1362E-04  2.1845E+04
   #    712331  9.8188E+01  1.1370E-04  2.1875E+04
   #    712672  9.8227E+01  1.1378E-04  2.1906E+04
   #    713013  9.8266E+01  1.1387E-04  2.1936E+04
   #    713353  9.8305E+01  1.1395E-04  2.1966E+04
   #    713683  9.8342E+01  1.1403E-04  2.1996E+04
   #    714023  9.8381E+01  1.1410E-04  2.2026E+04
   #    714363  9.8420E+01  1.1415E-04  2.2056E+04
   #    714703  9.8459E+01  1.1411E-04  2.2086E+04
   #    715035  9.8497E+01  1.1400E-04  2.2116E+04
   #    715367  9.8534E+01  1.1386E-04  2.2146E+04
   #    715707  9.8573E+01  1.1366E-04  2.2176E+04
   #    716047  9.8612E+01  1.1344E-04  2.2206E+04
   #    716387  9.8650E+01  1.1319E-04  2.2236E+04
   #    716727  9.8689E+01  1.1293E-04  2.2266E+04
   #    717055  9.8726E+01  1.1272E-04  2.2296E+04
   #    717395  9.8764E+01  1.1249E-04  2.2326E+04
   #    717735  9.8802E+01  1.1221E-04  2.2356E+04
   #    718075  9.8840E+01  1.1191E-04  2.2386E+04
   #    718408  9.8877E+01  1.1166E-04  2.2416E+04
   #    718737  9.8914E+01  1.1146E-04  2.2446E+04
   #    719077  9.8952E+01  1.1128E-04  2.2476E+04
   #    719417  9.8990E+01  1.1110E-04  2.2507E+04
   #    719757  9.9027E+01  1.1098E-04  2.2537E+04
   #    720097  9.9065E+01  1.1092E-04  2.2567E+04
   #    720437  9.9103E+01  1.1084E-04  2.2597E+04
   #    720767  9.9139E+01  1.1073E-04  2.2627E+04
   #    721107  9.9177E+01  1.1063E-04  2.2657E+04
   #    721447  9.9215E+01  1.1054E-04  2.2687E+04
   #    721787  9.9252E+01  1.1044E-04  2.2717E+04
   #    722121  9.9289E+01  1.1038E-04  2.2747E+04
   #    722453  9.9326E+01  1.1033E-04  2.2777E+04
   #    722793  9.9363E+01  1.1027E-04  2.2807E+04
   #    723134  9.9401E+01  1.1016E-04  2.2837E+04
   #    723475  9.9438E+01  1.0999E-04  2.2867E+04
   #    723816  9.9476E+01  1.0981E-04  2.2897E+04
   #    724147  9.9512E+01  1.0968E-04  2.2927E+04
   #    724487  9.9549E+01  1.0957E-04  2.2957E+04
   #    724827  9.9587E+01  1.0953E-04  2.2987E+04
   #    725168  9.9624E+01  1.0949E-04  2.3017E+04
   #    725509  9.9661E+01  1.0949E-04  2.3047E+04
   #    725843  9.9698E+01  1.0953E-04  2.3077E+04
   #    726172  9.9734E+01  1.0961E-04  2.3107E+04
   #    726513  9.9771E+01  1.0971E-04  2.3137E+04
   #    726854  9.9808E+01  1.0977E-04  2.3168E+04
   #    727195  9.9846E+01  1.0983E-04  2.3198E+04
   #    727535  9.9883E+01  1.0990E-04  2.3228E+04
   #    727866  9.9920E+01  1.0998E-04  2.3258E+04
   #    728207  9.9957E+01  1.1007E-04  2.3288E+04
   #    728548  9.9995E+01  1.1015E-04  2.3318E+04
   #    728880  1.0003E+02  1.1022E-04  2.3348E+04
   #    729210  1.0007E+02  1.1028E-04  2.3378E+04
   #    729534  1.0010E+02  1.1036E-04  2.3408E+04
   #    729853  1.0014E+02  1.1044E-04  2.3438E+04
   #    730183  1.0017E+02  1.1052E-04  2.3468E+04
   #    730513  1.0021E+02  1.1062E-04  2.3498E+04
   #    730843  1.0025E+02  1.1077E-04  2.3528E+04
   #    731173  1.0028E+02  1.1089E-04  2.3558E+04
   #    731493  1.0032E+02  1.1099E-04  2.3588E+04
   #    731823  1.0036E+02  1.1106E-04  2.3618E+04
   #    732153  1.0039E+02  1.1112E-04  2.3648E+04
   #    732483  1.0043E+02  1.1116E-04  2.3678E+04
   #    732813  1.0047E+02  1.1119E-04  2.3708E+04
   #    733137  1.0050E+02  1.1120E-04  2.3738E+04
   #    733457  1.0054E+02  1.1112E-04  2.3768E+04
   #    733787  1.0057E+02  1.1103E-04  2.3799E+04
   #    734118  1.0061E+02  1.1093E-04  2.3829E+04
   #    734448  1.0065E+02  1.1081E-04  2.3859E+04
   #    734778  1.0068E+02  1.1065E-04  2.3889E+04
   #    735098  1.0072E+02  1.1045E-04  2.3919E+04
   #    735428  1.0076E+02  1.1026E-04  2.3949E+04
   #    735758  1.0079E+02  1.1004E-04  2.3979E+04
   #    736089  1.0083E+02  1.0977E-04  2.4009E+04
   #    736419  1.0087E+02  1.0949E-04  2.4039E+04
   #    736747  1.0090E+02  1.0916E-04  2.4069E+04
   #    737069  1.0094E+02  1.0890E-04  2.4099E+04
   #    737401  1.0097E+02  1.0863E-04  2.4129E+04
   #    737733  1.0101E+02  1.0842E-04  2.4159E+04
   #    738065  1.0104E+02  1.0830E-04  2.4189E+04
   #    738397  1.0108E+02  1.0820E-04  2.4219E+04
   #    738719  1.0112E+02  1.0811E-04  2.4249E+04
   #    739051  1.0115E+02  1.0803E-04  2.4279E+04
   #    739383  1.0119E+02  1.0794E-04  2.4309E+04
   #    739715  1.0122E+02  1.0787E-04  2.4339E+04
   #    740040  1.0126E+02  1.0782E-04  2.4369E+04
   #    740372  1.0129E+02  1.0780E-04  2.4399E+04
   #    740696  1.0133E+02  1.0780E-04  2.4430E+04
   #    741027  1.0136E+02  1.0784E-04  2.4460E+04
   #    741358  1.0140E+02  1.0788E-04  2.4490E+04
   #    741694  1.0144E+02  1.0790E-04  2.4520E+04
   #    742029  1.0147E+02  1.0789E-04  2.4550E+04
   #    742364  1.0151E+02  1.0779E-04  2.4580E+04
   #    742690  1.0154E+02  1.0768E-04  2.4610E+04
   #    743026  1.0158E+02  1.0758E-04  2.4640E+04
   #    743361  1.0162E+02  1.0751E-04  2.4670E+04
   #    743689  1.0165E+02  1.0748E-04  2.4700E+04
   #    744024  1.0169E+02  1.0745E-04  2.4730E+04
   #    744348  1.0172E+02  1.0743E-04  2.4760E+04
   #    744682  1.0176E+02  1.0745E-04  2.4790E+04
   #    745016  1.0179E+02  1.0747E-04  2.4820E+04
   #    745350  1.0183E+02  1.0751E-04  2.4850E+04
   #    745684  1.0187E+02  1.0757E-04  2.4880E+04
   #    746018  1.0190E+02  1.0764E-04  2.4910E+04
   #    746341  1.0194E+02  1.0771E-04  2.4940E+04
   #    746675  1.0197E+02  1.0781E-04  2.4970E+04
   #    747009  1.0201E+02  1.0790E-04  2.5000E+04
   #    747337  1.0204E+02  1.0800E-04  2.5030E+04
   #    747671  1.0208E+02  1.0810E-04  2.5060E+04
   #    747994  1.0211E+02  1.0822E-04  2.5090E+04
   #    748328  1.0215E+02  1.0837E-04  2.5120E+04
   #    748661  1.0219E+02  1.0848E-04  2.5150E+04
   #    748995  1.0222E+02  1.0862E-04  2.5181E+04
   #    749329  1.0226E+02  1.0877E-04  2.5211E+04
   #    749663  1.0230E+02  1.0891E-04  2.5241E+04
   #    749989  1.0233E+02  1.0906E-04  2.5271E+04
   #    750323  1.0237E+02  1.0927E-04  2.5301E+04
   #    750657  1.0240E+02  1.0951E-04  2.5331E+04
   #    750983  1.0244E+02  1.0970E-04  2.5361E+04
   #    751316  1.0248E+02  1.0987E-04  2.5391E+04
   #    751642  1.0251E+02  1.0992E-04  2.5421E+04
   #    751976  1.0255E+02  1.0991E-04  2.5451E+04
   #    752310  1.0259E+02  1.0977E-04  2.5481E+04
   #    752644  1.0262E+02  1.0955E-04  2.5511E+04
   #    752977  1.0266E+02  1.0929E-04  2.5541E+04
   #    753310  1.0269E+02  1.0902E-04  2.5571E+04
   #    753634  1.0273E+02  1.0879E-04  2.5601E+04
   #    753967  1.0277E+02  1.0858E-04  2.5631E+04
   #    754301  1.0280E+02  1.0837E-04  2.5662E+04
   #    754629  1.0284E+02  1.0812E-04  2.5692E+04
   #    754963  1.0287E+02  1.0791E-04  2.5722E+04
   #    755297  1.0291E+02  1.0775E-04  2.5752E+04
   #    755621  1.0294E+02  1.0757E-04  2.5782E+04
   #    755954  1.0298E+02  1.0743E-04  2.5812E+04
   #    756287  1.0302E+02  1.0736E-04  2.5842E+04
   #    756620  1.0305E+02  1.0737E-04  2.5872E+04
   #    756953  1.0309E+02  1.0744E-04  2.5902E+04
   #    757278  1.0312E+02  1.0748E-04  2.5932E+04
   #    757612  1.0316E+02  1.0754E-04  2.5962E+04
   #    757938  1.0319E+02  1.0757E-04  2.5992E+04
   #    758271  1.0323E+02  1.0754E-04  2.6022E+04
   #    758604  1.0327E+02  1.0737E-04  2.6052E+04
   #    758937  1.0330E+02  1.0720E-04  2.6082E+04
   #    759261  1.0334E+02  1.0706E-04  2.6112E+04
   #    759594  1.0337E+02  1.0699E-04  2.6142E+04
   #    759927  1.0341E+02  1.0695E-04  2.6173E+04
   #    760260  1.0344E+02  1.0690E-04  2.6203E+04
   #    760593  1.0348E+02  1.0685E-04  2.6233E+04
   #    760916  1.0351E+02  1.0680E-04  2.6263E+04
   #    761249  1.0355E+02  1.0677E-04  2.6293E+04
   #    761574  1.0358E+02  1.0675E-04  2.6323E+04
   #    761907  1.0362E+02  1.0677E-04  2.6353E+04
   #    762238  1.0365E+02  1.0680E-04  2.6383E+04
   #    762567  1.0369E+02  1.0685E-04  2.6413E+04
   #    762886  1.0372E+02  1.0692E-04  2.6443E+04
   #    763215  1.0376E+02  1.0702E-04  2.6473E+04
   #    763544  1.0379E+02  1.0712E-04  2.6503E+04
   #    763873  1.0383E+02  1.0722E-04  2.6533E+04
   #    764202  1.0386E+02  1.0734E-04  2.6563E+04
   #    764531  1.0390E+02  1.0746E-04  2.6593E+04
   #    764852  1.0393E+02  1.0760E-04  2.6623E+04
   #    765175  1.0397E+02  1.0775E-04  2.6653E+04
   #    765504  1.0400E+02  1.0791E-04  2.6683E+04
   #    765833  1.0404E+02  1.0805E-04  2.6713E+04
   #    766162  1.0407E+02  1.0823E-04  2.6743E+04
   #    766492  1.0411E+02  1.0838E-04  2.6773E+04
   #    766812  1.0415E+02  1.0849E-04  2.6803E+04
   #    767142  1.0418E+02  1.0864E-04  2.6833E+04
   #    767472  1.0422E+02  1.0883E-04  2.6863E+04
   #    767801  1.0425E+02  1.0871E-04  2.6893E+04
   #    768130  1.0429E+02  1.0852E-04  2.6923E+04
   #    768448  1.0432E+02  1.0860E-04  2.6954E+04
   #    768770  1.0436E+02  1.0884E-04  2.6984E+04
   #    769100  1.0439E+02  1.0941E-04  2.7014E+04
   #    769429  1.0443E+02  1.0946E-04  2.7044E+04
   #    769758  1.0447E+02  1.0947E-04  2.7074E+04
   #    770087  1.0450E+02  1.0942E-04  2.7104E+04
   #    770407  1.0454E+02  1.0929E-04  2.7134E+04
   #    770736  1.0457E+02  1.0914E-04  2.7164E+04
   #    771066  1.0461E+02  1.0896E-04  2.7194E+04
   #    771395  1.0464E+02  1.0877E-04  2.7224E+04
   #    771725  1.0468E+02  1.0858E-04  2.7254E+04
   #    772044  1.0472E+02  1.0844E-04  2.7284E+04
   #    772367  1.0475E+02  1.0835E-04  2.7314E+04
   #    772696  1.0479E+02  1.0821E-04  2.7344E+04
   #    773024  1.0482E+02  1.0803E-04  2.7374E+04
   #    773353  1.0486E+02  1.0785E-04  2.7404E+04
   #    773681  1.0489E+02  1.0767E-04  2.7434E+04
   #    773999  1.0493E+02  1.0756E-04  2.7464E+04
   #    774327  1.0496E+02  1.0742E-04  2.7494E+04
   #    774656  1.0500E+02  1.0730E-04  2.7524E+04
   #    774986  1.0503E+02  1.0720E-04  2.7555E+04
   #    775315  1.0507E+02  1.0717E-04  2.7585E+04
   #    775644  1.0510E+02  1.0718E-04  2.7615E+04
   #    775958  1.0514E+02  1.0720E-04  2.7645E+04
   #    776287  1.0517E+02  1.0724E-04  2.7675E+04
   #    776616  1.0521E+02  1.0729E-04  2.7705E+04
   #    776945  1.0524E+02  1.0735E-04  2.7735E+04
   #    777274  1.0528E+02  1.0744E-04  2.7765E+04
   #    777602  1.0531E+02  1.0746E-04  2.7796E+04
   #    777931  1.0535E+02  1.0743E-04  2.7826E+04
   #    778260  1.0538E+02  1.0734E-04  2.7856E+04
   #    778589  1.0542E+02  1.0725E-04  2.7886E+04
   #    778918  1.0545E+02  1.0716E-04  2.7916E+04
   #    779240  1.0549E+02  1.0712E-04  2.7946E+04
   #    779560  1.0552E+02  1.0710E-04  2.7976E+04
   #    779889  1.0556E+02  1.0710E-04  2.8006E+04
   #    780218  1.0559E+02  1.0717E-04  2.8036E+04
   #    780547  1.0563E+02  1.0728E-04  2.8066E+04
   #    780876  1.0566E+02  1.0737E-04  2.8096E+04
   #    781205  1.0570E+02  1.0743E-04  2.8126E+04
   #    781524  1.0573E+02  1.0749E-04  2.8156E+04
   #    781853  1.0577E+02  1.0756E-04  2.8186E+04
   #    782183  1.0580E+02  1.0765E-04  2.8216E+04
   #    782513  1.0584E+02  1.0779E-04  2.8246E+04
   #    782836  1.0587E+02  1.0794E-04  2.8276E+04
   #    783166  1.0591E+02  1.0810E-04  2.8306E+04
   #    783486  1.0594E+02  1.0824E-04  2.8336E+04
   #    783816  1.0598E+02  1.0839E-04  2.8366E+04
   #    784146  1.0602E+02  1.0852E-04  2.8396E+04
   #    784475  1.0605E+02  1.0864E-04  2.8426E+04
   #    784805  1.0609E+02  1.0877E-04  2.8457E+04
   #    785122  1.0612E+02  1.0890E-04  2.8487E+04
   #    785448  1.0616E+02  1.0902E-04  2.8517E+04
   #    785775  1.0619E+02  1.0915E-04  2.8547E+04
   #    786101  1.0623E+02  1.0928E-04  2.8577E+04
   #    786421  1.0626E+02  1.0941E-04  2.8607E+04
   #    786747  1.0630E+02  1.0958E-04  2.8637E+04
   #    787064  1.0633E+02  1.0972E-04  2.8667E+04
   #    787390  1.0637E+02  1.0987E-04  2.8697E+04
   #    787716  1.0641E+02  1.1001E-04  2.8727E+04
   #    788042  1.0644E+02  1.1014E-04  2.8757E+04
   #    788368  1.0648E+02  1.1022E-04  2.8787E+04
   #    788688  1.0651E+02  1.1024E-04  2.8817E+04
   #    789014  1.0655E+02  1.1014E-04  2.8847E+04
   #    789340  1.0659E+02  1.0996E-04  2.8877E+04
   #    789666  1.0662E+02  1.0975E-04  2.8907E+04
   #    789985  1.0666E+02  1.0956E-04  2.8937E+04
   #    790310  1.0669E+02  1.0939E-04  2.8967E+04
   #    790627  1.0673E+02  1.0925E-04  2.8998E+04
   #    790953  1.0676E+02  1.0912E-04  2.9028E+04
   #    791279  1.0680E+02  1.0900E-04  2.9058E+04
   #    791605  1.0683E+02  1.0886E-04  2.9088E+04
   #    791931  1.0687E+02  1.0870E-04  2.9118E+04
   #    792257  1.0690E+02  1.0850E-04  2.9148E+04
   #    792572  1.0694E+02  1.0838E-04  2.9178E+04
   #    792898  1.0697E+02  1.0826E-04  2.9208E+04
   #    793223  1.0701E+02  1.0820E-04  2.9238E+04
   #    793541  1.0704E+02  1.0809E-04  2.9268E+04
   #    793867  1.0708E+02  1.0801E-04  2.9298E+04
   #    794193  1.0711E+02  1.0795E-04  2.9328E+04
   #    794510  1.0715E+02  1.0793E-04  2.9358E+04
   #    794836  1.0718E+02  1.0796E-04  2.9388E+04
   #    795162  1.0722E+02  1.0804E-04  2.9418E+04
   #    795488  1.0725E+02  1.0816E-04  2.9448E+04
   #    795815  1.0729E+02  1.0828E-04  2.9478E+04
   #    796131  1.0732E+02  1.0834E-04  2.9508E+04
   #    796458  1.0736E+02  1.0833E-04  2.9538E+04
   #    796779  1.0739E+02  1.0821E-04  2.9568E+04
   #    797107  1.0743E+02  1.0810E-04  2.9598E+04
   #    797435  1.0746E+02  1.0805E-04  2.9629E+04
   #    797764  1.0750E+02  1.0805E-04  2.9659E+04
   #    798083  1.0753E+02  1.0807E-04  2.9689E+04
   #    798411  1.0757E+02  1.0813E-04  2.9719E+04
   #    798740  1.0760E+02  1.0822E-04  2.9749E+04
   #    799068  1.0764E+02  1.0837E-04  2.9779E+04
   #    799396  1.0768E+02  1.0842E-04  2.9809E+04
   #    799724  1.0771E+02  1.0848E-04  2.9839E+04
   #    800042  1.0775E+02  1.0854E-04  2.9869E+04
   #    800363  1.0778E+02  1.0861E-04  2.9899E+04
   #    800688  1.0782E+02  1.0874E-04  2.9929E+04
   #    800992  1.0785E+02  1.0885E-04  2.9959E+04
