 -----------------------------------------------------------------------------
 -----------------------------------------------------------------------------
 |         __  __ ____ ___        _    __  __ ______     ___    ____         |
 |        |  \/  |  _ \_ _|      / \  |  \/  |  _ \ \   / / \  / ___|        |
 |        | |\/| | |_) | |_____ / _ \ | |\/| | |_) \ \ / / _ \| |            |
 |        | |  | |  __/| |_____/ ___ \| |  | |  _ < \ V / ___ \ |___         |
 |        |_|  |_|_|  |___|   /_/   \_\_|  |_|_| \_\ \_/_/   \_\____|        |
 -----------------------------------------------------------------------------
 -----------------------------------------------------------------------------
 Spitzer MHD: par:   0.21633973559351147       ,perp:    2.1685795904764041E-011
 Combination of Colgan (2008) for high temperatures and
 Dalgarno & McCray (1972), DM2, for low temperatures
 Reading amrvac.par
 
 Output type | tsavestart |  dtsave   | ditsave | itsave(1) | tsave(1)
         log | 0.000E+00  | 0.200E+00 | ******  |      0    | *********
      normal | 0.000E+00  | 0.200E+00 | ******  |      0    | *********
       slice | 0.000E+00  | ********* | ******  | ******    | *********
   collapsed | 0.000E+00  | ********* | ******  | ******    | *********
    analysis | 0.000E+00  | ********* | ******  | ******    | *********
 
         Domain size (cells): 96 48 
                Level one dx: 0.208E+00 0.208E+00 
           Refine estimation: Lohner's scheme
 Note, Grid is reconstructed once every           3 iterations
           restart_from_file:  output/solar_atm_a0178.dat
                  converting: F

 minra  0.10256244189917035     
 rhob   7382.7014817162089     
 pb   59.061613380997102     
 Using TRACL(ine) method with a mask
 By default, magnetic field lines are traced every 4 grid cells
 NOTE:  2D TRAC method take the y-dir == grav-dir
 Memory requirement for each processor in TRAC:
           1  MB
 -------------------------------------------------------------------------------
 Startup phase took :             0.202 sec
 -------------------------------------------------------------------------------
 Start integrating, print status every  3.00E+01 seconds
   #        it        time          dt  wc-time(s)
   #    504481  7.4303E+01  1.2675E-04  5.4073E-01
   #    504893  7.4355E+01  1.2685E-04  3.0566E+01
   #    505310  7.4408E+01  1.2692E-04  6.0570E+01
   #    505727  7.4461E+01  1.2698E-04  9.0579E+01
   #    506144  7.4514E+01  1.2706E-04  1.2064E+02
   #    506562  7.4567E+01  1.2713E-04  1.5069E+02
   #    506967  7.4619E+01  1.2723E-04  1.8073E+02
   #    507385  7.4672E+01  1.2733E-04  2.1079E+02
   #    507793  7.4724E+01  1.2745E-04  2.4085E+02
   #    508211  7.4777E+01  1.2755E-04  2.7089E+02
   #    508629  7.4830E+01  1.2761E-04  3.0093E+02
   #    509047  7.4884E+01  1.2756E-04  3.3098E+02
   #    509455  7.4936E+01  1.2742E-04  3.6105E+02
   #    509873  7.4989E+01  1.2722E-04  3.9112E+02
   #    510287  7.5042E+01  1.2694E-04  4.2119E+02
   #    510673  7.5091E+01  1.2663E-04  4.5125E+02
   #    511050  7.5138E+01  1.2643E-04  4.8127E+02
   #    511468  7.5191E+01  1.2638E-04  5.1133E+02
   #    511885  7.5244E+01  1.2642E-04  5.4133E+02
   #    512309  7.5297E+01  1.2653E-04  5.7139E+02
   #    512724  7.5350E+01  1.2667E-04  6.0143E+02
   #    513148  7.5404E+01  1.2680E-04  6.3145E+02
   #    513574  7.5458E+01  1.2679E-04  6.6150E+02
   #    513991  7.5510E+01  1.2668E-04  6.9150E+02
   #    514417  7.5564E+01  1.2656E-04  7.2150E+02
   #    514844  7.5618E+01  1.2652E-04  7.5155E+02
   #    515271  7.5672E+01  1.2667E-04  7.8158E+02
   #    515677  7.5724E+01  1.2682E-04  8.1165E+02
   #    516100  7.5778E+01  1.2710E-04  8.4166E+02
   #    516521  7.5831E+01  1.2733E-04  8.7169E+02
   #    516939  7.5884E+01  1.2725E-04  9.0176E+02
   #    517348  7.5936E+01  1.2692E-04  9.3180E+02
   #    517768  7.5989E+01  1.2664E-04  9.6181E+02
   #    518190  7.6043E+01  1.2651E-04  9.9184E+02
   #    518611  7.6096E+01  1.2645E-04  1.0219E+03
   #    519020  7.6148E+01  1.2647E-04  1.0519E+03
   #    519437  7.6201E+01  1.2655E-04  1.0819E+03
   #    519856  7.6254E+01  1.2675E-04  1.1120E+03
   #    520252  7.6304E+01  1.2703E-04  1.1420E+03
   #    520667  7.6357E+01  1.2734E-04  1.1720E+03
   #    521083  7.6410E+01  1.2764E-04  1.2021E+03
   #    521489  7.6461E+01  1.2794E-04  1.2321E+03
   #    521883  7.6512E+01  1.2818E-04  1.2622E+03
   #    522298  7.6565E+01  1.2823E-04  1.2922E+03
   #    522713  7.6618E+01  1.2827E-04  1.3222E+03
   #    523113  7.6670E+01  1.2777E-04  1.3523E+03
   #    523503  7.6719E+01  1.2744E-04  1.3824E+03
   #    523902  7.6770E+01  1.2683E-04  1.4124E+03
   #    524301  7.6820E+01  1.2642E-04  1.4425E+03
   #    524687  7.6869E+01  1.2616E-04  1.4725E+03
   #    525076  7.6918E+01  1.2576E-04  1.5025E+03
   #    525474  7.6968E+01  1.2546E-04  1.5326E+03
   #    525874  7.7018E+01  1.2524E-04  1.5626E+03
   #    526274  7.7068E+01  1.2493E-04  1.5927E+03
   #    526665  7.7117E+01  1.2458E-04  1.6227E+03
   #    527068  7.7167E+01  1.2430E-04  1.6528E+03
   #    527471  7.7217E+01  1.2408E-04  1.6828E+03
   #    527873  7.7267E+01  1.2394E-04  1.7128E+03
   #    528266  7.7316E+01  1.2369E-04  1.7429E+03
   #    528669  7.7366E+01  1.2348E-04  1.7729E+03
   #    529052  7.7413E+01  1.2325E-04  1.8029E+03
   #    529455  7.7462E+01  1.2302E-04  1.8329E+03
   #    529846  7.7511E+01  1.2290E-04  1.8630E+03
   #    530248  7.7560E+01  1.2277E-04  1.8930E+03
   #    530651  7.7609E+01  1.2264E-04  1.9230E+03
   #    531054  7.7659E+01  1.2253E-04  1.9531E+03
   #    531447  7.7707E+01  1.2241E-04  1.9831E+03
   #    531848  7.7756E+01  1.2229E-04  2.0132E+03
   #    532248  7.7805E+01  1.2222E-04  2.0432E+03
   #    532650  7.7854E+01  1.2216E-04  2.0732E+03
   #    533053  7.7903E+01  1.2214E-04  2.1032E+03
   #    533438  7.7950E+01  1.2214E-04  2.1333E+03
   #    533841  7.7999E+01  1.2221E-04  2.1633E+03
   #    534244  7.8049E+01  1.2228E-04  2.1934E+03
   #    534646  7.8098E+01  1.2243E-04  2.2234E+03
   #    535039  7.8146E+01  1.2264E-04  2.2535E+03
   #    535441  7.8195E+01  1.2280E-04  2.2835E+03
   #    535834  7.8243E+01  1.2297E-04  2.3135E+03
   #    536225  7.8292E+01  1.2320E-04  2.3436E+03
   #    536606  7.8338E+01  1.2350E-04  2.3736E+03
   #    536998  7.8387E+01  1.2376E-04  2.4036E+03
   #    537380  7.8434E+01  1.2403E-04  2.4336E+03
   #    537774  7.8483E+01  1.2431E-04  2.4637E+03
   #    538159  7.8531E+01  1.2452E-04  2.4937E+03
   #    538554  7.8580E+01  1.2474E-04  2.5238E+03
   #    538948  7.8629E+01  1.2489E-04  2.5538E+03
   #    539343  7.8679E+01  1.2499E-04  2.5838E+03
   #    539728  7.8727E+01  1.2512E-04  2.6138E+03
   #    540124  7.8776E+01  1.2529E-04  2.6439E+03
   #    540520  7.8826E+01  1.2548E-04  2.6739E+03
   #    540913  7.8875E+01  1.2565E-04  2.7040E+03
   #    541299  7.8924E+01  1.2577E-04  2.7341E+03
   #    541689  7.8973E+01  1.2587E-04  2.7641E+03
   #    542089  7.9023E+01  1.2596E-04  2.7941E+03
   #    542488  7.9073E+01  1.2604E-04  2.8241E+03
   #    542876  7.9122E+01  1.2611E-04  2.8542E+03
   #    543272  7.9172E+01  1.2620E-04  2.8842E+03
   #    543668  7.9222E+01  1.2631E-04  2.9142E+03
   #    544064  7.9272E+01  1.2646E-04  2.9442E+03
   #    544451  7.9321E+01  1.2660E-04  2.9743E+03
   #    544847  7.9371E+01  1.2676E-04  3.0043E+03
   #    545243  7.9422E+01  1.2693E-04  3.0343E+03
   #    545639  7.9472E+01  1.2719E-04  3.0643E+03
   #    546018  7.9520E+01  1.2736E-04  3.0944E+03
   #    546416  7.9571E+01  1.2753E-04  3.1244E+03
   #    546811  7.9621E+01  1.2774E-04  3.1545E+03
   #    547207  7.9672E+01  1.2792E-04  3.1846E+03
   #    547595  7.9721E+01  1.2809E-04  3.2146E+03
   #    547993  7.9773E+01  1.2834E-04  3.2447E+03
   #    548391  7.9823E+01  1.2825E-04  3.2748E+03
   #    548786  7.9874E+01  1.2814E-04  3.3048E+03
   #    549171  7.9923E+01  1.2806E-04  3.3348E+03
   #    549566  7.9974E+01  1.2796E-04  3.3649E+03
   #    549961  8.0024E+01  1.2787E-04  3.3949E+03
   #    550344  8.0073E+01  1.2780E-04  3.4250E+03
   #    550730  8.0123E+01  1.2776E-04  3.4550E+03
   #    551126  8.0173E+01  1.2774E-04  3.4850E+03
   #    551520  8.0224E+01  1.2771E-04  3.5151E+03
   #    551915  8.0274E+01  1.2770E-04  3.5451E+03
   #    552300  8.0323E+01  1.2772E-04  3.5751E+03
   #    552695  8.0374E+01  1.2778E-04  3.6052E+03
   #    553090  8.0424E+01  1.2784E-04  3.6352E+03
   #    553488  8.0475E+01  1.2789E-04  3.6653E+03
   #    553876  8.0525E+01  1.2791E-04  3.6953E+03
   #    554272  8.0575E+01  1.2797E-04  3.7254E+03
   #    554657  8.0624E+01  1.2801E-04  3.7554E+03
   #    555056  8.0676E+01  1.2810E-04  3.7855E+03
   #    555451  8.0726E+01  1.2824E-04  3.8156E+03
   #    555855  8.0778E+01  1.2840E-04  3.8456E+03
   #    556259  8.0830E+01  1.2847E-04  3.8756E+03
   #    556662  8.0882E+01  1.2852E-04  3.9057E+03
   #    557056  8.0932E+01  1.2856E-04  3.9357E+03
   #    557460  8.0984E+01  1.2866E-04  3.9657E+03
   #    557864  8.1036E+01  1.2875E-04  3.9957E+03
   #    558268  8.1088E+01  1.2883E-04  4.0258E+03
   #    558653  8.1138E+01  1.2881E-04  4.0559E+03
   #    559054  8.1189E+01  1.2852E-04  4.0859E+03
   #    559458  8.1241E+01  1.2814E-04  4.1159E+03
   #    559862  8.1293E+01  1.2774E-04  4.1460E+03
   #    560256  8.1343E+01  1.2742E-04  4.1760E+03
   #    560660  8.1395E+01  1.2714E-04  4.2060E+03
   #    561063  8.1446E+01  1.2688E-04  4.2360E+03
   #    561466  8.1497E+01  1.2663E-04  4.2660E+03
   #    561860  8.1547E+01  1.2636E-04  4.2961E+03
   #    562264  8.1598E+01  1.2610E-04  4.3261E+03
   #    562667  8.1648E+01  1.2587E-04  4.3561E+03
   #    563057  8.1697E+01  1.2569E-04  4.3862E+03
   #    563450  8.1747E+01  1.2553E-04  4.4162E+03
   #    563854  8.1797E+01  1.2537E-04  4.4463E+03
   #    564257  8.1848E+01  1.2524E-04  4.4763E+03
   #    564659  8.1898E+01  1.2517E-04  4.5063E+03
   #    565046  8.1947E+01  1.2509E-04  4.5363E+03
   #    565443  8.1996E+01  1.2506E-04  4.5664E+03
   #    565840  8.2046E+01  1.2485E-04  4.5965E+03
   #    566236  8.2095E+01  1.2458E-04  4.6265E+03
   #    566623  8.2143E+01  1.2447E-04  4.6565E+03
   #    567019  8.2193E+01  1.2434E-04  4.6865E+03
   #    567402  8.2240E+01  1.2424E-04  4.7166E+03
   #    567798  8.2289E+01  1.2421E-04  4.7466E+03
   #    568177  8.2337E+01  1.2424E-04  4.7766E+03
   #    568573  8.2386E+01  1.2427E-04  4.8067E+03
   #    568969  8.2435E+01  1.2428E-04  4.8367E+03
   #    569365  8.2484E+01  1.2428E-04  4.8668E+03
   #    569752  8.2532E+01  1.2429E-04  4.8968E+03
   #    570148  8.2581E+01  1.2439E-04  4.9269E+03
   #    570544  8.2631E+01  1.2454E-04  4.9569E+03
   #    570940  8.2680E+01  1.2459E-04  4.9869E+03
   #    571326  8.2728E+01  1.2469E-04  5.0169E+03
   #    571710  8.2776E+01  1.2483E-04  5.0469E+03
   #    572106  8.2825E+01  1.2494E-04  5.0770E+03
   #    572502  8.2875E+01  1.2509E-04  5.1070E+03
   #    572887  8.2923E+01  1.2523E-04  5.1371E+03
   #    573283  8.2973E+01  1.2553E-04  5.1671E+03
   #    573679  8.3023E+01  1.2573E-04  5.1971E+03
   #    574076  8.3072E+01  1.2585E-04  5.2272E+03
   #    574462  8.3121E+01  1.2597E-04  5.2572E+03
   #    574858  8.3171E+01  1.2600E-04  5.2872E+03
   #    575254  8.3221E+01  1.2598E-04  5.3173E+03
   #    575650  8.3271E+01  1.2594E-04  5.3473E+03
   #    576026  8.3318E+01  1.2589E-04  5.3774E+03
   #    576422  8.3368E+01  1.2585E-04  5.4074E+03
   #    576818  8.3418E+01  1.2584E-04  5.4374E+03
   #    577214  8.3467E+01  1.2580E-04  5.4675E+03
   #    577600  8.3516E+01  1.2576E-04  5.4975E+03
   #    577996  8.3566E+01  1.2565E-04  5.5275E+03
   #    578392  8.3615E+01  1.2549E-04  5.5575E+03
   #    578788  8.3665E+01  1.2533E-04  5.5876E+03
   #    579174  8.3713E+01  1.2518E-04  5.6176E+03
   #    579570  8.3763E+01  1.2497E-04  5.6476E+03
   #    579965  8.3812E+01  1.2476E-04  5.6776E+03
   #    580350  8.3860E+01  1.2447E-04  5.7077E+03
   #    580736  8.3908E+01  1.2422E-04  5.7377E+03
   #    581131  8.3957E+01  1.2390E-04  5.7678E+03
   #    581527  8.4006E+01  1.2365E-04  5.7978E+03
   #    581923  8.4055E+01  1.2339E-04  5.8278E+03
   #    582319  8.4104E+01  1.2316E-04  5.8579E+03
   #    582706  8.4152E+01  1.2298E-04  5.8879E+03
   #    583102  8.4200E+01  1.2280E-04  5.9180E+03
   #    583498  8.4249E+01  1.2266E-04  5.9480E+03
   #    583894  8.4297E+01  1.2252E-04  5.9780E+03
   #    584269  8.4343E+01  1.2238E-04  6.0081E+03
   #    584664  8.4391E+01  1.2220E-04  6.0381E+03
   #    585060  8.4440E+01  1.2203E-04  6.0681E+03
   #    585456  8.4488E+01  1.2188E-04  6.0981E+03
   #    585842  8.4535E+01  1.2173E-04  6.1282E+03
   #    586238  8.4583E+01  1.2156E-04  6.1582E+03
   #    586634  8.4631E+01  1.2138E-04  6.1882E+03
   #    587030  8.4679E+01  1.2130E-04  6.2183E+03
   #    587417  8.4726E+01  1.2128E-04  6.2483E+03
   #    587813  8.4774E+01  1.2129E-04  6.2783E+03
   #    588209  8.4822E+01  1.2135E-04  6.3084E+03
   #    588593  8.4869E+01  1.2142E-04  6.3384E+03
   #    588979  8.4916E+01  1.2151E-04  6.3685E+03
   #    589375  8.4964E+01  1.2156E-04  6.3985E+03
   #    589771  8.5012E+01  1.2146E-04  6.4286E+03
   #    590167  8.5060E+01  1.2130E-04  6.4586E+03
   #    590553  8.5107E+01  1.2122E-04  6.4887E+03
   #    590949  8.5155E+01  1.2111E-04  6.5188E+03
   #    591345  8.5203E+01  1.2111E-04  6.5488E+03
   #    591740  8.5251E+01  1.2118E-04  6.5788E+03
   #    592136  8.5299E+01  1.2136E-04  6.6089E+03
   #    592521  8.5345E+01  1.2146E-04  6.6389E+03
   #    592906  8.5392E+01  1.2175E-04  6.6690E+03
   #    593303  8.5441E+01  1.2187E-04  6.6990E+03
   #    593700  8.5489E+01  1.2217E-04  6.7291E+03
   #    594087  8.5536E+01  1.2257E-04  6.7591E+03
   #    594483  8.5585E+01  1.2291E-04  6.7891E+03
   #    594880  8.5634E+01  1.2318E-04  6.8192E+03
   #    595277  8.5683E+01  1.2347E-04  6.8492E+03
   #    595664  8.5731E+01  1.2376E-04  6.8792E+03
   #    596061  8.5780E+01  1.2400E-04  6.9093E+03
   #    596457  8.5829E+01  1.2413E-04  6.9393E+03
   #    596854  8.5878E+01  1.2422E-04  6.9693E+03
   #    597229  8.5925E+01  1.2428E-04  6.9993E+03
   #    597626  8.5974E+01  1.2429E-04  7.0294E+03
   #    598030  8.6024E+01  1.2432E-04  7.0594E+03
   #    598437  8.6075E+01  1.2430E-04  7.0894E+03
   #    598834  8.6124E+01  1.2425E-04  7.1194E+03
   #    599239  8.6174E+01  1.2422E-04  7.1494E+03
   #    599645  8.6225E+01  1.2420E-04  7.1795E+03
   #    600051  8.6275E+01  1.2426E-04  7.2095E+03
   #    600448  8.6325E+01  1.2428E-04  7.2396E+03
   #    600854  8.6375E+01  1.2433E-04  7.2696E+03
   #    601260  8.6426E+01  1.2442E-04  7.2997E+03
   #    601652  8.6474E+01  1.2453E-04  7.3297E+03
   #    602048  8.6524E+01  1.2470E-04  7.3597E+03
   #    602454  8.6574E+01  1.2485E-04  7.3898E+03
   #    602860  8.6625E+01  1.2470E-04  7.4198E+03
   #    603266  8.6676E+01  1.2454E-04  7.4499E+03
   #    603661  8.6725E+01  1.2438E-04  7.4799E+03
   #    604067  8.6775E+01  1.2419E-04  7.5099E+03
   #    604473  8.6826E+01  1.2391E-04  7.5400E+03
   #    604873  8.6875E+01  1.2364E-04  7.5701E+03
   #    605262  8.6923E+01  1.2336E-04  7.6001E+03
   #    605659  8.6972E+01  1.2307E-04  7.6302E+03
   #    606044  8.7019E+01  1.2285E-04  7.6602E+03
   #    606442  8.7068E+01  1.2268E-04  7.6902E+03
   #    606830  8.7116E+01  1.2247E-04  7.7202E+03
   #    607228  8.7164E+01  1.2228E-04  7.7503E+03
   #    607626  8.7213E+01  1.2216E-04  7.7803E+03
   #    608022  8.7261E+01  1.2205E-04  7.8103E+03
   #    608407  8.7308E+01  1.2199E-04  7.8404E+03
   #    608802  8.7356E+01  1.2199E-04  7.8704E+03
   #    609196  8.7405E+01  1.2204E-04  7.9004E+03
   #    609591  8.7453E+01  1.2212E-04  7.9305E+03
   #    609973  8.7499E+01  1.2220E-04  7.9605E+03
   #    610358  8.7546E+01  1.2227E-04  7.9906E+03
   #    610753  8.7595E+01  1.2238E-04  8.0206E+03
   #    611157  8.7644E+01  1.2255E-04  8.0507E+03
   #    611561  8.7694E+01  1.2277E-04  8.0808E+03
   #    611955  8.7742E+01  1.2294E-04  8.1108E+03
   #    612359  8.7792E+01  1.2316E-04  8.1409E+03
   #    612763  8.7842E+01  1.2331E-04  8.1709E+03
   #    613166  8.7891E+01  1.2335E-04  8.2010E+03
   #    613550  8.7939E+01  1.2338E-04  8.2310E+03
   #    613950  8.7988E+01  1.2340E-04  8.2611E+03
   #    614337  8.8036E+01  1.2342E-04  8.2911E+03
   #    614737  8.8085E+01  1.2346E-04  8.3212E+03
   #    615129  8.8134E+01  1.2352E-04  8.3512E+03
   #    615529  8.8183E+01  1.2366E-04  8.3813E+03
   #    615929  8.8232E+01  1.2378E-04  8.4113E+03
   #    616329  8.8282E+01  1.2394E-04  8.4414E+03
   #    616719  8.8330E+01  1.2414E-04  8.4714E+03
   #    617125  8.8381E+01  1.2432E-04  8.5015E+03
   #    617534  8.8432E+01  1.2451E-04  8.5316E+03
   #    617943  8.8483E+01  1.2469E-04  8.5616E+03
   #    618342  8.8532E+01  1.2490E-04  8.5917E+03
   #    618739  8.8582E+01  1.2513E-04  8.6217E+03
   #    619148  8.8633E+01  1.2541E-04  8.6518E+03
   #    619557  8.8685E+01  1.2567E-04  8.6818E+03
   #    619959  8.8735E+01  1.2589E-04  8.7119E+03
   #    620368  8.8787E+01  1.2618E-04  8.7419E+03
   #    620777  8.8838E+01  1.2644E-04  8.7720E+03
   #    621186  8.8890E+01  1.2663E-04  8.8020E+03
   #    621585  8.8941E+01  1.2683E-04  8.8320E+03
   #    621990  8.8992E+01  1.2697E-04  8.8620E+03
   #    622396  8.9043E+01  1.2703E-04  8.8921E+03
   #    622802  8.9095E+01  1.2708E-04  8.9221E+03
   #    623187  8.9144E+01  1.2721E-04  8.9521E+03
   #    623593  8.9196E+01  1.2728E-04  8.9822E+03
   #    623999  8.9247E+01  1.2732E-04  9.0122E+03
   #    624405  8.9299E+01  1.2743E-04  9.0422E+03
   #    624800  8.9349E+01  1.2747E-04  9.0722E+03
   #    625205  8.9401E+01  1.2744E-04  9.1023E+03
   #    625610  8.9452E+01  1.2742E-04  9.1323E+03
   #    626015  8.9504E+01  1.2743E-04  9.1624E+03
   #    626407  8.9554E+01  1.2746E-04  9.1924E+03
   #    626799  8.9604E+01  1.2749E-04  9.2224E+03
   #    627191  8.9654E+01  1.2749E-04  9.2525E+03
   #    627570  8.9702E+01  1.2745E-04  9.2825E+03
   #    627953  8.9751E+01  1.2742E-04  9.3126E+03
   #    628346  8.9801E+01  1.2739E-04  9.3426E+03
   #    628738  8.9851E+01  1.2737E-04  9.3726E+03
   #    629131  8.9901E+01  1.2736E-04  9.4027E+03
   #    629514  8.9950E+01  1.2730E-04  9.4327E+03
   #    629906  9.0000E+01  1.2721E-04  9.4627E+03
   #    630298  9.0049E+01  1.2715E-04  9.4927E+03
   #    630690  9.0099E+01  1.2711E-04  9.5227E+03
   #    631072  9.0148E+01  1.2707E-04  9.5528E+03
   #    631461  9.0197E+01  1.2706E-04  9.5828E+03
   #    631844  9.0246E+01  1.2687E-04  9.6128E+03
   #    632236  9.0296E+01  1.2668E-04  9.6428E+03
   #    632619  9.0344E+01  1.2655E-04  9.6729E+03
   #    633011  9.0394E+01  1.2640E-04  9.7029E+03
   #    633403  9.0443E+01  1.2622E-04  9.7329E+03
   #    633796  9.0493E+01  1.2611E-04  9.7630E+03
   #    634179  9.0541E+01  1.2599E-04  9.7930E+03
   #    634572  9.0590E+01  1.2589E-04  9.8231E+03
   #    634965  9.0640E+01  1.2573E-04  9.8531E+03
   #    635361  9.0690E+01  1.2561E-04  9.8832E+03
   #    635738  9.0737E+01  1.2556E-04  9.9132E+03
   #    636136  9.0787E+01  1.2554E-04  9.9432E+03
   #    636534  9.0837E+01  1.2552E-04  9.9733E+03
   #    636932  9.0887E+01  1.2555E-04  1.0003E+04
   #    637320  9.0935E+01  1.2557E-04  1.0033E+04
   #    637717  9.0985E+01  1.2561E-04  1.0063E+04
   #    638115  9.1035E+01  1.2564E-04  1.0093E+04
   #    638513  9.1085E+01  1.2570E-04  1.0123E+04
   #    638900  9.1134E+01  1.2579E-04  1.0153E+04
   #    639298  9.1184E+01  1.2573E-04  1.0184E+04
   #    639696  9.1234E+01  1.2572E-04  1.0214E+04
   #    640081  9.1282E+01  1.2571E-04  1.0244E+04
   #    640469  9.1331E+01  1.2573E-04  1.0274E+04
   #    640867  9.1381E+01  1.2579E-04  1.0304E+04
   #    641262  9.1431E+01  1.2587E-04  1.0334E+04
   #    641653  9.1480E+01  1.2592E-04  1.0364E+04
   #    642037  9.1528E+01  1.2593E-04  1.0394E+04
   #    642428  9.1578E+01  1.2598E-04  1.0424E+04
   #    642820  9.1627E+01  1.2603E-04  1.0454E+04
   #    643212  9.1676E+01  1.2595E-04  1.0484E+04
   #    643596  9.1725E+01  1.2566E-04  1.0514E+04
   #    643987  9.1774E+01  1.2543E-04  1.0544E+04
   #    644367  9.1821E+01  1.2519E-04  1.0574E+04
   #    644759  9.1870E+01  1.2483E-04  1.0604E+04
   #    645141  9.1918E+01  1.2448E-04  1.0634E+04
   #    645532  9.1967E+01  1.2415E-04  1.0664E+04
   #    645924  9.2015E+01  1.2384E-04  1.0694E+04
   #    646316  9.2064E+01  1.2354E-04  1.0724E+04
   #    646698  9.2111E+01  1.2329E-04  1.0754E+04
   #    647090  9.2159E+01  1.2304E-04  1.0784E+04
   #    647482  9.2207E+01  1.2280E-04  1.0814E+04
   #    647874  9.2255E+01  1.2245E-04  1.0844E+04
   #    648266  9.2303E+01  1.2214E-04  1.0874E+04
   #    648638  9.2349E+01  1.2189E-04  1.0905E+04
   #    649030  9.2396E+01  1.2158E-04  1.0935E+04
   #    649421  9.2444E+01  1.2133E-04  1.0965E+04
   #    649812  9.2491E+01  1.2114E-04  1.0995E+04
   #    650194  9.2537E+01  1.2095E-04  1.1025E+04
   #    650585  9.2585E+01  1.2076E-04  1.1055E+04
   #    650976  9.2632E+01  1.2062E-04  1.1085E+04
   #    651367  9.2679E+01  1.2053E-04  1.1115E+04
   #    651749  9.2725E+01  1.2050E-04  1.1145E+04
   #    652140  9.2772E+01  1.2044E-04  1.1175E+04
   #    652531  9.2819E+01  1.2038E-04  1.1205E+04
   #    652911  9.2865E+01  1.2040E-04  1.1235E+04
   #    653293  9.2911E+01  1.2047E-04  1.1265E+04
   #    653685  9.2958E+01  1.2060E-04  1.1295E+04
   #    654076  9.3005E+01  1.2079E-04  1.1325E+04
   #    654467  9.3052E+01  1.2094E-04  1.1355E+04
   #    654859  9.3100E+01  1.2114E-04  1.1385E+04
   #    655241  9.3146E+01  1.2136E-04  1.1415E+04
   #    655631  9.3194E+01  1.2159E-04  1.1445E+04
   #    656019  9.3241E+01  1.2179E-04  1.1475E+04
   #    656407  9.3288E+01  1.2202E-04  1.1505E+04
   #    656774  9.3333E+01  1.2222E-04  1.1535E+04
   #    657161  9.3380E+01  1.2218E-04  1.1565E+04
   #    657546  9.3427E+01  1.2203E-04  1.1595E+04
   #    657931  9.3474E+01  1.2190E-04  1.1625E+04
   #    658307  9.3520E+01  1.2178E-04  1.1656E+04
   #    658692  9.3567E+01  1.2167E-04  1.1686E+04
   #    659076  9.3613E+01  1.2155E-04  1.1716E+04
   #    659459  9.3660E+01  1.2140E-04  1.1746E+04
   #    659844  9.3707E+01  1.2128E-04  1.1776E+04
   #    660216  9.3752E+01  1.2119E-04  1.1806E+04
   #    660601  9.3798E+01  1.2113E-04  1.1836E+04
   #    660974  9.3843E+01  1.2105E-04  1.1866E+04
   #    661358  9.3890E+01  1.2095E-04  1.1896E+04
   #    661744  9.3937E+01  1.2087E-04  1.1926E+04
   #    662145  9.3985E+01  1.2078E-04  1.1956E+04
   #    662546  9.4033E+01  1.2067E-04  1.1986E+04
   #    662947  9.4082E+01  1.2061E-04  1.2016E+04
   #    663338  9.4129E+01  1.2051E-04  1.2046E+04
   #    663736  9.4177E+01  1.2043E-04  1.2076E+04
   #    664129  9.4224E+01  1.2041E-04  1.2106E+04
   #    664522  9.4272E+01  1.2043E-04  1.2136E+04
   #    664904  9.4318E+01  1.2046E-04  1.2166E+04
   #    665286  9.4364E+01  1.2044E-04  1.2196E+04
   #    665679  9.4411E+01  1.2038E-04  1.2227E+04
   #    666072  9.4458E+01  1.2017E-04  1.2257E+04
   #    666465  9.4505E+01  1.1991E-04  1.2287E+04
   #    666848  9.4551E+01  1.1978E-04  1.2317E+04
   #    667241  9.4598E+01  1.1974E-04  1.2347E+04
   #    667634  9.4645E+01  1.1978E-04  1.2377E+04
   #    668027  9.4692E+01  1.1983E-04  1.2407E+04
   #    668411  9.4738E+01  1.1986E-04  1.2437E+04
   #    668804  9.4785E+01  1.1975E-04  1.2467E+04
   #    669197  9.4832E+01  1.1960E-04  1.2497E+04
   #    669577  9.4878E+01  1.1952E-04  1.2527E+04
   #    669960  9.4924E+01  1.1940E-04  1.2557E+04
   #    670353  9.4971E+01  1.1939E-04  1.2587E+04
   #    670744  9.5017E+01  1.1944E-04  1.2617E+04
   #    671135  9.5064E+01  1.1940E-04  1.2647E+04
   #    671516  9.5109E+01  1.1933E-04  1.2677E+04
   #    671907  9.5156E+01  1.1935E-04  1.2707E+04
   #    672298  9.5203E+01  1.1936E-04  1.2737E+04
   #    672689  9.5249E+01  1.1945E-04  1.2767E+04
   #    673082  9.5296E+01  1.1959E-04  1.2797E+04
   #    673467  9.5342E+01  1.1980E-04  1.2827E+04
   #    673849  9.5388E+01  1.1993E-04  1.2857E+04
   #    674242  9.5435E+01  1.1998E-04  1.2887E+04
   #    674636  9.5483E+01  1.1992E-04  1.2917E+04
   #    675021  9.5529E+01  1.1984E-04  1.2947E+04
   #    675415  9.5576E+01  1.1974E-04  1.2978E+04
   #    675809  9.5623E+01  1.1963E-04  1.3008E+04
   #    676201  9.5670E+01  1.1936E-04  1.3038E+04
   #    676582  9.5715E+01  1.1903E-04  1.3068E+04
   #    676973  9.5762E+01  1.1877E-04  1.3098E+04
   #    677365  9.5808E+01  1.1866E-04  1.3128E+04
   #    677755  9.5854E+01  1.1860E-04  1.3158E+04
   #    678140  9.5900E+01  1.1856E-04  1.3188E+04
   #    678524  9.5946E+01  1.1862E-04  1.3218E+04
   #    678919  9.5993E+01  1.1866E-04  1.3248E+04
   #    679314  9.6039E+01  1.1874E-04  1.3278E+04
   #    679709  9.6086E+01  1.1879E-04  1.3308E+04
   #    680095  9.6132E+01  1.1892E-04  1.3338E+04
   #    680492  9.6179E+01  1.1880E-04  1.3368E+04
   #    680890  9.6226E+01  1.1864E-04  1.3398E+04
   #    681287  9.6274E+01  1.1856E-04  1.3428E+04
   #    681672  9.6319E+01  1.1854E-04  1.3458E+04
   #    682056  9.6365E+01  1.1860E-04  1.3488E+04
   #    682453  9.6412E+01  1.1869E-04  1.3518E+04
   #    682850  9.6459E+01  1.1883E-04  1.3548E+04
   #    683248  9.6506E+01  1.1897E-04  1.3578E+04
   #    683638  9.6553E+01  1.1907E-04  1.3608E+04
   #    684037  9.6600E+01  1.1917E-04  1.3638E+04
   #    684436  9.6648E+01  1.1921E-04  1.3668E+04
   #    684835  9.6695E+01  1.1913E-04  1.3698E+04
   #    685224  9.6742E+01  1.1899E-04  1.3728E+04
   #    685623  9.6789E+01  1.1887E-04  1.3758E+04
   #    686022  9.6836E+01  1.1868E-04  1.3788E+04
   #    686409  9.6882E+01  1.1843E-04  1.3818E+04
   #    686798  9.6928E+01  1.1826E-04  1.3848E+04
   #    687197  9.6975E+01  1.1811E-04  1.3878E+04
   #    687596  9.7022E+01  1.1807E-04  1.3908E+04
   #    687996  9.7070E+01  1.1805E-04  1.3938E+04
   #    688385  9.7116E+01  1.1805E-04  1.3968E+04
   #    688784  9.7163E+01  1.1802E-04  1.3999E+04
   #    689183  9.7210E+01  1.1787E-04  1.4029E+04
   #    689582  9.7257E+01  1.1765E-04  1.4059E+04
   #    689981  9.7304E+01  1.1739E-04  1.4089E+04
   #    690370  9.7349E+01  1.1715E-04  1.4119E+04
   #    690756  9.7394E+01  1.1693E-04  1.4149E+04
   #    691153  9.7441E+01  1.1677E-04  1.4179E+04
   #    691549  9.7487E+01  1.1660E-04  1.4209E+04
   #    691933  9.7532E+01  1.1645E-04  1.4239E+04
   #    692325  9.7577E+01  1.1633E-04  1.4269E+04
   #    692717  9.7623E+01  1.1625E-04  1.4299E+04
   #    693108  9.7668E+01  1.1609E-04  1.4329E+04
   #    693490  9.7713E+01  1.1595E-04  1.4359E+04
   #    693882  9.7758E+01  1.1585E-04  1.4389E+04
   #    694274  9.7803E+01  1.1581E-04  1.4419E+04
   #    694665  9.7849E+01  1.1579E-04  1.4449E+04
   #    695045  9.7893E+01  1.1577E-04  1.4479E+04
   #    695427  9.7937E+01  1.1573E-04  1.4509E+04
   #    695819  9.7982E+01  1.1565E-04  1.4539E+04
   #    696211  9.8028E+01  1.1557E-04  1.4569E+04
   #    696605  9.8073E+01  1.1552E-04  1.4599E+04
   #    696991  9.8118E+01  1.1550E-04  1.4629E+04
   #    697387  9.8163E+01  1.1550E-04  1.4659E+04
   #    697783  9.8209E+01  1.1549E-04  1.4690E+04
   #    698179  9.8255E+01  1.1550E-04  1.4720E+04
   #    698570  9.8300E+01  1.1552E-04  1.4750E+04
   #    698950  9.8344E+01  1.1562E-04  1.4780E+04
   #    699327  9.8387E+01  1.1579E-04  1.4810E+04
   #    699716  9.8432E+01  1.1598E-04  1.4840E+04
   #    700105  9.8478E+01  1.1618E-04  1.4870E+04
   #    700485  9.8522E+01  1.1644E-04  1.4900E+04
   #    700873  9.8567E+01  1.1672E-04  1.4930E+04
   #    701262  9.8612E+01  1.1697E-04  1.4960E+04
   #    701652  9.8658E+01  1.1723E-04  1.4990E+04
   #    702042  9.8704E+01  1.1737E-04  1.5020E+04
   #    702424  9.8749E+01  1.1744E-04  1.5050E+04
   #    702814  9.8794E+01  1.1735E-04  1.5080E+04
   #    703192  9.8839E+01  1.1720E-04  1.5110E+04
   #    703583  9.8884E+01  1.1701E-04  1.5140E+04
   #    703967  9.8929E+01  1.1681E-04  1.5170E+04
   #    704359  9.8975E+01  1.1659E-04  1.5200E+04
   #    704752  9.9021E+01  1.1638E-04  1.5230E+04
   #    705147  9.9067E+01  1.1621E-04  1.5260E+04
   #    705532  9.9111E+01  1.1608E-04  1.5290E+04
   #    705927  9.9157E+01  1.1596E-04  1.5320E+04
   #    706322  9.9203E+01  1.1570E-04  1.5350E+04
   #    706716  9.9249E+01  1.1547E-04  1.5380E+04
   #    707111  9.9294E+01  1.1526E-04  1.5410E+04
   #    707484  9.9337E+01  1.1510E-04  1.5440E+04
   #    707879  9.9383E+01  1.1501E-04  1.5470E+04
   #    708274  9.9428E+01  1.1479E-04  1.5501E+04
   #    708669  9.9473E+01  1.1453E-04  1.5531E+04
   #    709056  9.9517E+01  1.1421E-04  1.5561E+04
   #    709451  9.9563E+01  1.1394E-04  1.5591E+04
   #    709846  9.9607E+01  1.1379E-04  1.5621E+04
   #    710241  9.9652E+01  1.1365E-04  1.5651E+04
   #    710628  9.9696E+01  1.1362E-04  1.5681E+04
   #    711015  9.9740E+01  1.1369E-04  1.5711E+04
   #    711410  9.9785E+01  1.1383E-04  1.5741E+04
   #    711792  9.9829E+01  1.1406E-04  1.5771E+04
   #    712186  9.9874E+01  1.1443E-04  1.5801E+04
   #    712570  9.9918E+01  1.1481E-04  1.5831E+04
   #    712964  9.9963E+01  1.1512E-04  1.5861E+04
   #    713359  1.0001E+02  1.1541E-04  1.5891E+04
   #    713754  1.0005E+02  1.1569E-04  1.5921E+04
   #    714149  1.0010E+02  1.1595E-04  1.5951E+04
   #    714535  1.0014E+02  1.1613E-04  1.5981E+04
   #    714930  1.0019E+02  1.1628E-04  1.6011E+04
   #    715325  1.0024E+02  1.1639E-04  1.6041E+04
   #    715719  1.0028E+02  1.1651E-04  1.6071E+04
   #    716092  1.0033E+02  1.1663E-04  1.6101E+04
   #    716487  1.0037E+02  1.1674E-04  1.6132E+04
   #    716881  1.0042E+02  1.1684E-04  1.6162E+04
   #    717276  1.0046E+02  1.1697E-04  1.6192E+04
   #    717671  1.0051E+02  1.1712E-04  1.6222E+04
   #    718056  1.0056E+02  1.1728E-04  1.6252E+04
   #    718451  1.0060E+02  1.1740E-04  1.6282E+04
   #    718843  1.0065E+02  1.1747E-04  1.6312E+04
   #    719235  1.0069E+02  1.1751E-04  1.6342E+04
   #    719617  1.0074E+02  1.1754E-04  1.6372E+04
   #    720009  1.0078E+02  1.1753E-04  1.6402E+04
   #    720388  1.0083E+02  1.1742E-04  1.6432E+04
   #    720779  1.0088E+02  1.1731E-04  1.6462E+04
   #    721160  1.0092E+02  1.1719E-04  1.6492E+04
   #    721548  1.0097E+02  1.1710E-04  1.6522E+04
   #    721935  1.0101E+02  1.1706E-04  1.6552E+04
   #    722327  1.0106E+02  1.1707E-04  1.6582E+04
   #    722721  1.0110E+02  1.1707E-04  1.6612E+04
   #    723105  1.0115E+02  1.1701E-04  1.6642E+04
   #    723498  1.0119E+02  1.1683E-04  1.6672E+04
   #    723893  1.0124E+02  1.1657E-04  1.6702E+04
   #    724290  1.0129E+02  1.1631E-04  1.6732E+04
   #    724663  1.0133E+02  1.1618E-04  1.6762E+04
   #    725058  1.0137E+02  1.1599E-04  1.6792E+04
   #    725453  1.0142E+02  1.1589E-04  1.6822E+04
   #    725848  1.0147E+02  1.1584E-04  1.6853E+04
   #    726235  1.0151E+02  1.1580E-04  1.6883E+04
   #    726630  1.0156E+02  1.1573E-04  1.6913E+04
   #    727025  1.0160E+02  1.1563E-04  1.6943E+04
   #    727420  1.0165E+02  1.1546E-04  1.6973E+04
   #    727814  1.0169E+02  1.1528E-04  1.7003E+04
   #    728201  1.0174E+02  1.1520E-04  1.7033E+04
   #    728583  1.0178E+02  1.1521E-04  1.7063E+04
   #    728978  1.0183E+02  1.1529E-04  1.7093E+04
   #    729373  1.0187E+02  1.1542E-04  1.7123E+04
   #    729759  1.0192E+02  1.1557E-04  1.7153E+04
   #    730154  1.0196E+02  1.1582E-04  1.7183E+04
   #    730549  1.0201E+02  1.1618E-04  1.7213E+04
   #    730943  1.0206E+02  1.1650E-04  1.7243E+04
   #    731337  1.0210E+02  1.1671E-04  1.7273E+04
   #    731722  1.0215E+02  1.1689E-04  1.7303E+04
   #    732116  1.0219E+02  1.1703E-04  1.7333E+04
   #    732511  1.0224E+02  1.1713E-04  1.7363E+04
   #    732893  1.0228E+02  1.1721E-04  1.7394E+04
   #    733278  1.0233E+02  1.1733E-04  1.7424E+04
   #    733672  1.0237E+02  1.1749E-04  1.7454E+04
   #    734067  1.0242E+02  1.1767E-04  1.7484E+04
   #    734461  1.0247E+02  1.1789E-04  1.7514E+04
   #    734846  1.0251E+02  1.1816E-04  1.7544E+04
   #    735240  1.0256E+02  1.1839E-04  1.7574E+04
   #    735634  1.0261E+02  1.1861E-04  1.7604E+04
   #    736029  1.0265E+02  1.1882E-04  1.7634E+04
   #    736424  1.0270E+02  1.1898E-04  1.7664E+04
   #    736811  1.0275E+02  1.1902E-04  1.7694E+04
   #    737193  1.0279E+02  1.1894E-04  1.7724E+04
   #    737588  1.0284E+02  1.1883E-04  1.7754E+04
   #    737983  1.0289E+02  1.1874E-04  1.7784E+04
   #    738370  1.0293E+02  1.1865E-04  1.7814E+04
   #    738765  1.0298E+02  1.1849E-04  1.7844E+04
   #    739161  1.0302E+02  1.1836E-04  1.7874E+04
   #    739557  1.0307E+02  1.1829E-04  1.7904E+04
   #    739941  1.0312E+02  1.1825E-04  1.7934E+04
   #    740337  1.0316E+02  1.1823E-04  1.7964E+04
   #    740732  1.0321E+02  1.1820E-04  1.7994E+04
   #    741127  1.0326E+02  1.1813E-04  1.8024E+04
   #    741508  1.0330E+02  1.1797E-04  1.8054E+04
   #    741893  1.0335E+02  1.1778E-04  1.8084E+04
   #    742287  1.0339E+02  1.1758E-04  1.8114E+04
   #    742681  1.0344E+02  1.1743E-04  1.8144E+04
   #    743076  1.0349E+02  1.1730E-04  1.8174E+04
   #    743461  1.0353E+02  1.1721E-04  1.8204E+04
   #    743856  1.0358E+02  1.1716E-04  1.8234E+04
   #    744251  1.0362E+02  1.1714E-04  1.8265E+04
   #    744645  1.0367E+02  1.1712E-04  1.8295E+04
   #    745031  1.0372E+02  1.1719E-04  1.8325E+04
   #    745425  1.0376E+02  1.1729E-04  1.8355E+04
   #    745807  1.0381E+02  1.1734E-04  1.8385E+04
   #    746202  1.0385E+02  1.1735E-04  1.8415E+04
   #    746597  1.0390E+02  1.1733E-04  1.8445E+04
   #    746981  1.0394E+02  1.1729E-04  1.8475E+04
   #    747375  1.0399E+02  1.1724E-04  1.8505E+04
   #    747769  1.0404E+02  1.1721E-04  1.8535E+04
   #    748163  1.0408E+02  1.1718E-04  1.8565E+04
   #    748549  1.0413E+02  1.1717E-04  1.8595E+04
   #    748943  1.0417E+02  1.1720E-04  1.8625E+04
   #    749337  1.0422E+02  1.1729E-04  1.8655E+04
   #    749726  1.0427E+02  1.1737E-04  1.8685E+04
   #    750116  1.0431E+02  1.1735E-04  1.8715E+04
   #    750501  1.0436E+02  1.1730E-04  1.8745E+04
   #    750895  1.0440E+02  1.1720E-04  1.8775E+04
   #    751289  1.0445E+02  1.1712E-04  1.8805E+04
   #    751683  1.0450E+02  1.1713E-04  1.8835E+04
   #    752065  1.0454E+02  1.1727E-04  1.8865E+04
   #    752457  1.0459E+02  1.1748E-04  1.8895E+04
   #    752849  1.0463E+02  1.1777E-04  1.8926E+04
   #    753241  1.0468E+02  1.1806E-04  1.8956E+04
   #    753623  1.0472E+02  1.1830E-04  1.8986E+04
   #    754002  1.0477E+02  1.1859E-04  1.9016E+04
   #    754394  1.0481E+02  1.1885E-04  1.9046E+04
   #    754786  1.0486E+02  1.1893E-04  1.9076E+04
   #    755178  1.0491E+02  1.1885E-04  1.9106E+04
   #    755560  1.0495E+02  1.1881E-04  1.9136E+04
   #    755952  1.0500E+02  1.1872E-04  1.9166E+04
   #    756344  1.0505E+02  1.1865E-04  1.9196E+04
   #    756736  1.0509E+02  1.1857E-04  1.9226E+04
   #    757119  1.0514E+02  1.1848E-04  1.9256E+04
   #    757511  1.0518E+02  1.1839E-04  1.9286E+04
   #    757903  1.0523E+02  1.1829E-04  1.9316E+04
   #    758282  1.0528E+02  1.1821E-04  1.9346E+04
   #    758664  1.0532E+02  1.1815E-04  1.9376E+04
   #    759056  1.0537E+02  1.1811E-04  1.9406E+04
   #    759448  1.0541E+02  1.1809E-04  1.9436E+04
   #    759840  1.0546E+02  1.1809E-04  1.9466E+04
   #    760232  1.0551E+02  1.1811E-04  1.9496E+04
   #    760614  1.0555E+02  1.1815E-04  1.9526E+04
   #    761006  1.0560E+02  1.1816E-04  1.9556E+04
   #    761398  1.0564E+02  1.1814E-04  1.9586E+04
   #    761790  1.0569E+02  1.1807E-04  1.9616E+04
   #    762172  1.0574E+02  1.1792E-04  1.9646E+04
   #    762552  1.0578E+02  1.1779E-04  1.9676E+04
   #    762944  1.0583E+02  1.1772E-04  1.9706E+04
   #    763337  1.0587E+02  1.1765E-04  1.9736E+04
   #    763721  1.0592E+02  1.1760E-04  1.9767E+04
   #    764114  1.0596E+02  1.1757E-04  1.9797E+04
   #    764508  1.0601E+02  1.1751E-04  1.9827E+04
   #    764901  1.0606E+02  1.1744E-04  1.9857E+04
   #    765294  1.0610E+02  1.1736E-04  1.9887E+04
   #    765677  1.0615E+02  1.1726E-04  1.9917E+04
   #    766070  1.0619E+02  1.1714E-04  1.9947E+04
   #    766463  1.0624E+02  1.1704E-04  1.9977E+04
   #    766843  1.0628E+02  1.1695E-04  2.0007E+04
   #    767229  1.0633E+02  1.1688E-04  2.0037E+04
   #    767622  1.0637E+02  1.1677E-04  2.0067E+04
   #    768015  1.0642E+02  1.1665E-04  2.0097E+04
   #    768408  1.0647E+02  1.1648E-04  2.0127E+04
   #    768801  1.0651E+02  1.1626E-04  2.0157E+04
   #    769183  1.0656E+02  1.1605E-04  2.0187E+04
   #    769576  1.0660E+02  1.1580E-04  2.0217E+04
   #    769969  1.0665E+02  1.1559E-04  2.0247E+04
   #    770362  1.0669E+02  1.1547E-04  2.0277E+04
   #    770745  1.0674E+02  1.1541E-04  2.0307E+04
   #    771126  1.0678E+02  1.1536E-04  2.0337E+04
   #    771518  1.0683E+02  1.1534E-04  2.0367E+04
   #    771911  1.0687E+02  1.1548E-04  2.0397E+04
   #    772296  1.0692E+02  1.1566E-04  2.0427E+04
   #    772689  1.0696E+02  1.1587E-04  2.0457E+04
   #    773082  1.0701E+02  1.1604E-04  2.0487E+04
   #    773475  1.0705E+02  1.1621E-04  2.0517E+04
   #    773868  1.0710E+02  1.1634E-04  2.0547E+04
   #    774251  1.0714E+02  1.1640E-04  2.0577E+04
   #    774643  1.0719E+02  1.1646E-04  2.0607E+04
   #    775025  1.0723E+02  1.1653E-04  2.0638E+04
   #    775418  1.0728E+02  1.1657E-04  2.0668E+04
   #    775802  1.0732E+02  1.1663E-04  2.0698E+04
   #    776195  1.0737E+02  1.1667E-04  2.0728E+04
   #    776588  1.0742E+02  1.1666E-04  2.0758E+04
   #    776981  1.0746E+02  1.1665E-04  2.0788E+04
   #    777374  1.0751E+02  1.1665E-04  2.0818E+04
   #    777757  1.0755E+02  1.1665E-04  2.0848E+04
   #    778150  1.0760E+02  1.1665E-04  2.0878E+04
   #    778543  1.0764E+02  1.1664E-04  2.0908E+04
   #    778936  1.0769E+02  1.1658E-04  2.0938E+04
   #    779307  1.0773E+02  1.1652E-04  2.0968E+04
   #    779700  1.0778E+02  1.1646E-04  2.0998E+04
   #    780093  1.0782E+02  1.1632E-04  2.1028E+04
   #    780486  1.0787E+02  1.1620E-04  2.1058E+04
   #    780869  1.0791E+02  1.1609E-04  2.1088E+04
   #    781262  1.0796E+02  1.1603E-04  2.1118E+04
   #    781655  1.0801E+02  1.1600E-04  2.1148E+04
   #    782048  1.0805E+02  1.1595E-04  2.1178E+04
   #    782441  1.0810E+02  1.1584E-04  2.1208E+04
   #    782824  1.0814E+02  1.1575E-04  2.1238E+04
   #    783217  1.0819E+02  1.1559E-04  2.1268E+04
   #    783599  1.0823E+02  1.1537E-04  2.1298E+04
   #    783994  1.0828E+02  1.1511E-04  2.1328E+04
   #    784380  1.0832E+02  1.1490E-04  2.1358E+04
   #    784775  1.0837E+02  1.1473E-04  2.1388E+04
   #    785170  1.0841E+02  1.1459E-04  2.1418E+04
   #    785566  1.0846E+02  1.1450E-04  2.1448E+04
   #    785961  1.0850E+02  1.1443E-04  2.1478E+04
   #    786347  1.0855E+02  1.1439E-04  2.1508E+04
   #    786742  1.0859E+02  1.1433E-04  2.1538E+04
   #    787138  1.0864E+02  1.1429E-04  2.1568E+04
   #    787534  1.0868E+02  1.1425E-04  2.1599E+04
   #    787909  1.0872E+02  1.1421E-04  2.1629E+04
   #    788305  1.0877E+02  1.1414E-04  2.1659E+04
   #    788701  1.0881E+02  1.1400E-04  2.1689E+04
   #    789097  1.0886E+02  1.1381E-04  2.1719E+04
   #    789493  1.0890E+02  1.1367E-04  2.1749E+04
   #    789879  1.0895E+02  1.1350E-04  2.1779E+04
   #    790275  1.0899E+02  1.1338E-04  2.1809E+04
   #    790671  1.0904E+02  1.1332E-04  2.1839E+04
   #    791067  1.0908E+02  1.1335E-04  2.1869E+04
   #    791454  1.0913E+02  1.1342E-04  2.1899E+04
   #    791843  1.0917E+02  1.1349E-04  2.1929E+04
   #    792218  1.0921E+02  1.1353E-04  2.1959E+04
   #    792604  1.0926E+02  1.1357E-04  2.1989E+04
   #    792990  1.0930E+02  1.1367E-04  2.2019E+04
   #    793367  1.0934E+02  1.1381E-04  2.2049E+04
   #    793753  1.0939E+02  1.1401E-04  2.2079E+04
   #    794139  1.0943E+02  1.1411E-04  2.2109E+04
   #    794525  1.0948E+02  1.1420E-04  2.2139E+04
   #    794903  1.0952E+02  1.1433E-04  2.2169E+04
   #    795289  1.0956E+02  1.1446E-04  2.2199E+04
   #    795675  1.0961E+02  1.1451E-04  2.2229E+04
   #    796060  1.0965E+02  1.1457E-04  2.2259E+04
   #    796435  1.0969E+02  1.1466E-04  2.2289E+04
   #    796811  1.0974E+02  1.1473E-04  2.2319E+04
   #    797197  1.0978E+02  1.1483E-04  2.2350E+04
   #    797583  1.0983E+02  1.1491E-04  2.2380E+04
   #    797969  1.0987E+02  1.1499E-04  2.2410E+04
   #    798346  1.0991E+02  1.1508E-04  2.2440E+04
   #    798732  1.0996E+02  1.1513E-04  2.2470E+04
   #    799118  1.1000E+02  1.1517E-04  2.2500E+04
   #    799504  1.1005E+02  1.1519E-04  2.2530E+04
   #    799890  1.1009E+02  1.1517E-04  2.2560E+04
   #    800258  1.1013E+02  1.1509E-04  2.2590E+04
   #    800644  1.1018E+02  1.1495E-04  2.2620E+04
   #    801031  1.1022E+02  1.1473E-04  2.2650E+04
   #    801417  1.1027E+02  1.1459E-04  2.2680E+04
   #    801803  1.1031E+02  1.1437E-04  2.2710E+04
   #    802180  1.1035E+02  1.1418E-04  2.2740E+04
   #    802566  1.1040E+02  1.1404E-04  2.2770E+04
   #    802952  1.1044E+02  1.1391E-04  2.2800E+04
   #    803338  1.1049E+02  1.1385E-04  2.2830E+04
   #    803715  1.1053E+02  1.1374E-04  2.2860E+04
   #    804101  1.1057E+02  1.1362E-04  2.2890E+04
   #    804476  1.1062E+02  1.1350E-04  2.2920E+04
   #    804862  1.1066E+02  1.1333E-04  2.2950E+04
   #    805248  1.1070E+02  1.1314E-04  2.2980E+04
   #    805629  1.1075E+02  1.1296E-04  2.3010E+04
   #    806019  1.1079E+02  1.1282E-04  2.3040E+04
   #    806409  1.1083E+02  1.1275E-04  2.3070E+04
   #    806799  1.1088E+02  1.1270E-04  2.3100E+04
   #    807183  1.1092E+02  1.1267E-04  2.3131E+04
   #    807573  1.1097E+02  1.1261E-04  2.3161E+04
   #    807964  1.1101E+02  1.1251E-04  2.3191E+04
   #    808354  1.1105E+02  1.1241E-04  2.3221E+04
   #    808733  1.1110E+02  1.1221E-04  2.3251E+04
   #    809113  1.1114E+02  1.1211E-04  2.3281E+04
   #    809504  1.1118E+02  1.1213E-04  2.3311E+04
   #    809894  1.1123E+02  1.1220E-04  2.3341E+04
   #    810284  1.1127E+02  1.1230E-04  2.3371E+04
   #    810675  1.1131E+02  1.1244E-04  2.3401E+04
   #    811056  1.1136E+02  1.1263E-04  2.3431E+04
   #    811447  1.1140E+02  1.1283E-04  2.3461E+04
   #    811837  1.1144E+02  1.1304E-04  2.3491E+04
   #    812220  1.1149E+02  1.1327E-04  2.3521E+04
   #    812601  1.1153E+02  1.1347E-04  2.3551E+04
   #    812979  1.1157E+02  1.1366E-04  2.3581E+04
   #    813370  1.1162E+02  1.1384E-04  2.3611E+04
   #    813761  1.1166E+02  1.1399E-04  2.3641E+04
   #    814152  1.1171E+02  1.1413E-04  2.3671E+04
   #    814533  1.1175E+02  1.1430E-04  2.3701E+04
   #    814924  1.1180E+02  1.1444E-04  2.3731E+04
   #    815315  1.1184E+02  1.1452E-04  2.3761E+04
   #    815706  1.1189E+02  1.1461E-04  2.3792E+04
   #    816088  1.1193E+02  1.1467E-04  2.3822E+04
   #    816479  1.1197E+02  1.1468E-04  2.3852E+04
   #    816870  1.1202E+02  1.1465E-04  2.3882E+04
   #    817248  1.1206E+02  1.1462E-04  2.3912E+04
   #    817639  1.1211E+02  1.1461E-04  2.3942E+04
   #    818020  1.1215E+02  1.1464E-04  2.3972E+04
   #    818411  1.1220E+02  1.1466E-04  2.4002E+04
   #    818802  1.1224E+02  1.1464E-04  2.4032E+04
   #    819193  1.1229E+02  1.1458E-04  2.4062E+04
   #    819574  1.1233E+02  1.1452E-04  2.4092E+04
   #    819965  1.1237E+02  1.1439E-04  2.4122E+04
   #    820356  1.1242E+02  1.1429E-04  2.4152E+04
   #    820747  1.1246E+02  1.1422E-04  2.4182E+04
   #    821126  1.1251E+02  1.1401E-04  2.4212E+04
   #    821508  1.1255E+02  1.1382E-04  2.4242E+04
   #    821899  1.1259E+02  1.1367E-04  2.4272E+04
   #    822290  1.1264E+02  1.1360E-04  2.4303E+04
   #    822680  1.1268E+02  1.1353E-04  2.4333E+04
   #    823061  1.1273E+02  1.1343E-04  2.4363E+04
   #    823451  1.1277E+02  1.1334E-04  2.4393E+04
   #    823842  1.1281E+02  1.1325E-04  2.4423E+04
   #    824233  1.1286E+02  1.1314E-04  2.4453E+04
   #    824624  1.1290E+02  1.1303E-04  2.4483E+04
   #    825005  1.1295E+02  1.1296E-04  2.4513E+04
   #    825385  1.1299E+02  1.1290E-04  2.4543E+04
   #    825776  1.1303E+02  1.1282E-04  2.4573E+04
   #    826166  1.1308E+02  1.1271E-04  2.4603E+04
   #    826545  1.1312E+02  1.1266E-04  2.4633E+04
   #    826936  1.1316E+02  1.1255E-04  2.4663E+04
   #    827326  1.1321E+02  1.1251E-04  2.4693E+04
   #    827717  1.1325E+02  1.1249E-04  2.4723E+04
   #    828108  1.1330E+02  1.1250E-04  2.4753E+04
   #    828489  1.1334E+02  1.1256E-04  2.4783E+04
   #    828880  1.1338E+02  1.1268E-04  2.4813E+04
   #    829271  1.1343E+02  1.1283E-04  2.4843E+04
   #    829650  1.1347E+02  1.1299E-04  2.4873E+04
   #    830041  1.1351E+02  1.1318E-04  2.4903E+04
   #    830422  1.1356E+02  1.1337E-04  2.4933E+04
   #    830813  1.1360E+02  1.1359E-04  2.4963E+04
   #    831204  1.1365E+02  1.1384E-04  2.4993E+04
   #    831595  1.1369E+02  1.1406E-04  2.5024E+04
   #    831977  1.1373E+02  1.1426E-04  2.5054E+04
   #    832368  1.1378E+02  1.1446E-04  2.5084E+04
   #    832759  1.1382E+02  1.1464E-04  2.5114E+04
   #    833150  1.1387E+02  1.1477E-04  2.5144E+04
   #    833541  1.1391E+02  1.1481E-04  2.5174E+04
   #    833910  1.1395E+02  1.1494E-04  2.5204E+04
   #    834301  1.1400E+02  1.0060E-04  2.5234E+04
   #    834692  1.1404E+02  1.1521E-04  2.5264E+04
   #    835082  1.1409E+02  1.1535E-04  2.5294E+04
   #    835463  1.1413E+02  1.1544E-04  2.5324E+04
   #    835853  1.1418E+02  1.1560E-04  2.5354E+04
   #    836244  1.1422E+02  1.1570E-04  2.5384E+04
   #    836635  1.1427E+02  1.1569E-04  2.5414E+04
   #    837026  1.1431E+02  1.1562E-04  2.5444E+04
   #    837407  1.1436E+02  1.1556E-04  2.5474E+04
   #    837798  1.1440E+02  1.1548E-04  2.5504E+04
   #    838175  1.1445E+02  1.1533E-04  2.5534E+04
   #    838566  1.1449E+02  1.1527E-04  2.5565E+04
   #    838948  1.1454E+02  1.1524E-04  2.5595E+04
   #    839339  1.1458E+02  1.1516E-04  2.5625E+04
   #    839729  1.1463E+02  1.1506E-04  2.5655E+04
   #    840120  1.1467E+02  1.1499E-04  2.5685E+04
   #    840503  1.1472E+02  1.1493E-04  2.5715E+04
   #    840894  1.1476E+02  1.1491E-04  2.5745E+04
   #    841285  1.1481E+02  1.1489E-04  2.5775E+04
   #    841676  1.1485E+02  1.1479E-04  2.5805E+04
   #    842062  1.1489E+02  1.1466E-04  2.5835E+04
   #    842435  1.1494E+02  1.1454E-04  2.5865E+04
   #    842825  1.1498E+02  1.1452E-04  2.5895E+04
   #    843215  1.1503E+02  1.1451E-04  2.5925E+04
   #    843606  1.1507E+02  1.1451E-04  2.5955E+04
   #    843992  1.1512E+02  1.1451E-04  2.5986E+04
   #    844383  1.1516E+02  1.1445E-04  2.6016E+04
   #    844774  1.1520E+02  1.1436E-04  2.6046E+04
   #    845165  1.1525E+02  1.1427E-04  2.6076E+04
   #    845555  1.1529E+02  1.1417E-04  2.6106E+04
   #    845936  1.1534E+02  1.1412E-04  2.6136E+04
   #    846314  1.1538E+02  1.1412E-04  2.6166E+04
   #    846704  1.1542E+02  1.1415E-04  2.6196E+04
   #    847094  1.1547E+02  1.1423E-04  2.6226E+04
   #    847485  1.1551E+02  1.1433E-04  2.6256E+04
   #    847866  1.1556E+02  1.1449E-04  2.6286E+04
   #    848257  1.1560E+02  1.1473E-04  2.6316E+04
   #    848647  1.1565E+02  1.1501E-04  2.6346E+04
   #    849037  1.1569E+02  1.1525E-04  2.6376E+04
   #    849418  1.1574E+02  1.1543E-04  2.6406E+04
   #    849808  1.1578E+02  1.1561E-04  2.6436E+04
   #    850199  1.1583E+02  1.1582E-04  2.6466E+04
   #    850577  1.1587E+02  1.1606E-04  2.6496E+04
   #    850966  1.1592E+02  1.1630E-04  2.6527E+04
   #    851356  1.1596E+02  1.1641E-04  2.6557E+04
   #    851747  1.1601E+02  1.1664E-04  2.6587E+04
   #    852138  1.1605E+02  1.1682E-04  2.6617E+04
   #    852528  1.1610E+02  1.1694E-04  2.6647E+04
   #    852908  1.1614E+02  1.1708E-04  2.6677E+04
   #    853299  1.1619E+02  1.1725E-04  2.6707E+04
   #    853690  1.1623E+02  1.1737E-04  2.6737E+04
   #    854081  1.1628E+02  1.1747E-04  2.6767E+04
   #    854461  1.1632E+02  1.1758E-04  2.6797E+04
   #    854839  1.1637E+02  1.1765E-04  2.6827E+04
   #    855229  1.1641E+02  1.1765E-04  2.6857E+04
   #    855619  1.1646E+02  1.1762E-04  2.6887E+04
   #    856009  1.1651E+02  1.1753E-04  2.6917E+04
   #    856389  1.1655E+02  1.1743E-04  2.6947E+04
   #    856779  1.1660E+02  1.1734E-04  2.6977E+04
   #    857169  1.1664E+02  1.1728E-04  2.7008E+04
   #    857559  1.1669E+02  1.1713E-04  2.7038E+04
   #    857939  1.1673E+02  1.1705E-04  2.7068E+04
   #    858329  1.1678E+02  1.1700E-04  2.7098E+04
   #    858719  1.1682E+02  1.1696E-04  2.7128E+04
   #    859101  1.1687E+02  1.1691E-04  2.7158E+04
   #    859496  1.1691E+02  1.1691E-04  2.7188E+04
   #    859882  1.1696E+02  1.1687E-04  2.7218E+04
   #    860277  1.1701E+02  1.1680E-04  2.7248E+04
   #    860672  1.1705E+02  1.1670E-04  2.7278E+04
   #    861067  1.1710E+02  1.1661E-04  2.7308E+04
   #    861452  1.1714E+02  1.1655E-04  2.7338E+04
   #    861847  1.1719E+02  1.1657E-04  2.7368E+04
   #    862242  1.1723E+02  1.1665E-04  2.7398E+04
   #    862637  1.1728E+02  1.1663E-04  2.7428E+04
   #    863022  1.1733E+02  1.1650E-04  2.7458E+04
   #    863405  1.1737E+02  1.1635E-04  2.7488E+04
   #    863799  1.1742E+02  1.1618E-04  2.7518E+04
   #    864192  1.1746E+02  1.1610E-04  2.7548E+04
   #    864584  1.1751E+02  1.1609E-04  2.7578E+04
   #    864967  1.1755E+02  1.1617E-04  2.7608E+04
   #    865359  1.1760E+02  1.1633E-04  2.7638E+04
   #    865751  1.1764E+02  1.1653E-04  2.7668E+04
   #    866143  1.1769E+02  1.1670E-04  2.7698E+04
   #    866526  1.1773E+02  1.1685E-04  2.7729E+04
   #    866918  1.1778E+02  1.1701E-04  2.7759E+04
   #    867298  1.1782E+02  1.1720E-04  2.7789E+04
   #    867690  1.1787E+02  1.1738E-04  2.7819E+04
   #    868082  1.1792E+02  1.1754E-04  2.7849E+04
   #    868461  1.1796E+02  1.1770E-04  2.7879E+04
   #    868844  1.1801E+02  1.1781E-04  2.7909E+04
   #    869227  1.1805E+02  1.1792E-04  2.7939E+04
   #    869610  1.1810E+02  1.1807E-04  2.7969E+04
   #    869986  1.1814E+02  1.1825E-04  2.7999E+04
   #    870378  1.1819E+02  1.1839E-04  2.8029E+04
   #    870770  1.1823E+02  1.1853E-04  2.8059E+04
   #    871162  1.1828E+02  1.1869E-04  2.8089E+04
   #    871530  1.1832E+02  1.1879E-04  2.8119E+04
   #    871921  1.1837E+02  1.1894E-04  2.8149E+04
   #    872307  1.1842E+02  1.1905E-04  2.8179E+04
   #    872693  1.1846E+02  1.1901E-04  2.8209E+04
