 -----------------------------------------------------------------------------
 -----------------------------------------------------------------------------
 |         __  __ ____ ___        _    __  __ ______     ___    ____         |
 |        |  \/  |  _ \_ _|      / \  |  \/  |  _ \ \   / / \  / ___|        |
 |        | |\/| | |_) | |_____ / _ \ | |\/| | |_) \ \ / / _ \| |            |
 |        | |  | |  __/| |_____/ ___ \| |  | |  _ < \ V / ___ \ |___         |
 |        |_|  |_|_|  |___|   /_/   \_\_|  |_|_| \_\ \_/_/   \_\____|        |
 -----------------------------------------------------------------------------
 -----------------------------------------------------------------------------
 Spitzer MHD: par:   0.21633973559351147       ,perp:    2.1685795904764041E-011
 Combination of Colgan (2008) for high temperatures and
 Dalgarno & McCray (1972), DM2, for low temperatures
 Reading amrvac.par
 
 Output type | tsavestart |  dtsave   | ditsave | itsave(1) | tsave(1)
         log | 0.000E+00  | 0.200E+00 | ******  |      0    | *********
      normal | 0.000E+00  | 0.200E+00 | ******  |      0    | *********
       slice | 0.000E+00  | ********* | ******  | ******    | *********
   collapsed | 0.000E+00  | ********* | ******  | ******    | *********
    analysis | 0.000E+00  | ********* | ******  | ******    | *********
 
         Domain size (cells): 96 48 
                Level one dx: 0.208E+00 0.208E+00 
           Refine estimation: Lohner's scheme
 Note, Grid is reconstructed once every           3 iterations
           restart_from_file:  output/solar_atm_a0178.dat
                  converting: F

 minra  0.10256244189917035     
 rhob   7382.7014817162089     
 pb   59.061613380997102     
 Using TRACL(ine) method with a mask
 By default, magnetic field lines are traced every 4 grid cells
 NOTE:  2D TRAC method take the y-dir == grav-dir
 Memory requirement for each processor in TRAC:
           1  MB
 -------------------------------------------------------------------------------
 Startup phase took :             0.224 sec
 -------------------------------------------------------------------------------
 Start integrating, print status every  3.00E+01 seconds
   #        it        time          dt  wc-time(s)
   #    504481  7.4303E+01  1.2675E-04  5.4222E-01
   #    504893  7.4355E+01  1.2685E-04  3.0559E+01
   #    505311  7.4408E+01  1.2692E-04  6.0624E+01
   #    505720  7.4460E+01  1.2698E-04  9.0664E+01
   #    506137  7.4513E+01  1.2706E-04  1.2069E+02
   #    506555  7.4566E+01  1.2713E-04  1.5074E+02
   #    506973  7.4619E+01  1.2723E-04  1.8080E+02
   #    507390  7.4673E+01  1.2733E-04  2.1081E+02
   #    507798  7.4725E+01  1.2745E-04  2.4086E+02
   #    508215  7.4778E+01  1.2755E-04  2.7088E+02
   #    508632  7.4831E+01  1.2761E-04  3.0088E+02
   #    509049  7.4884E+01  1.2756E-04  3.3089E+02
   #    509458  7.4936E+01  1.2742E-04  3.6093E+02
   #    509866  7.4988E+01  1.2722E-04  3.9094E+02
   #    510284  7.5041E+01  1.2695E-04  4.2099E+02
   #    510702  7.5094E+01  1.2661E-04  4.5106E+02
   #    511110  7.5146E+01  1.2641E-04  4.8107E+02
   #    511528  7.5199E+01  1.2640E-04  5.1113E+02
   #    511945  7.5251E+01  1.2646E-04  5.4114E+02
   #    512362  7.5304E+01  1.2659E-04  5.7115E+02
   #    512788  7.5358E+01  1.2671E-04  6.0118E+02
   #    513211  7.5412E+01  1.2680E-04  6.3123E+02
   #    513634  7.5465E+01  1.2670E-04  6.6128E+02
   #    514046  7.5517E+01  1.2659E-04  6.9131E+02
   #    514463  7.5570E+01  1.2650E-04  7.2134E+02
   #    514890  7.5624E+01  1.2653E-04  7.5139E+02
   #    515317  7.5678E+01  1.2666E-04  7.8145E+02
   #    515731  7.5731E+01  1.2684E-04  8.1150E+02
   #    516157  7.5785E+01  1.2706E-04  8.4154E+02
   #    516579  7.5838E+01  1.2712E-04  8.7159E+02
   #    517005  7.5892E+01  1.2718E-04  9.0164E+02
   #    517400  7.5943E+01  1.2727E-04  9.3165E+02
   #    517786  7.5992E+01  1.2742E-04  9.6166E+02
   #    518174  7.6041E+01  1.2741E-04  9.9170E+02
   #    518562  7.6091E+01  1.2726E-04  1.0217E+03
   #    518930  7.6137E+01  1.2702E-04  1.0517E+03
   #    519316  7.6186E+01  1.2685E-04  1.0817E+03
   #    519701  7.6235E+01  1.2673E-04  1.1118E+03
   #    520087  7.6284E+01  1.2672E-04  1.1419E+03
   #    520461  7.6331E+01  1.2682E-04  1.1719E+03
   #    520841  7.6380E+01  1.2703E-04  1.2020E+03
   #    521222  7.6428E+01  1.2730E-04  1.2320E+03
   #    521600  7.6476E+01  1.2753E-04  1.2620E+03
   #    521962  7.6522E+01  1.2781E-04  1.2921E+03
   #    522333  7.6570E+01  1.2813E-04  1.3221E+03
   #    522704  7.6617E+01  1.2833E-04  1.3521E+03
   #    523068  7.6664E+01  1.2847E-04  1.3821E+03
   #    523433  7.6711E+01  1.2858E-04  1.4122E+03
   #    523807  7.6759E+01  1.2873E-04  1.4422E+03
   #    524179  7.6807E+01  1.2885E-04  1.4723E+03
   #    524544  7.6854E+01  1.2874E-04  1.5023E+03
   #    524909  7.6901E+01  1.2797E-04  1.5323E+03
   #    525269  7.6947E+01  1.2781E-04  1.5624E+03
   #    525639  7.6994E+01  1.2740E-04  1.5924E+03
   #    526010  7.7041E+01  1.2687E-04  1.6225E+03
   #    526382  7.7088E+01  1.2608E-04  1.6525E+03
   #    526732  7.7132E+01  1.2548E-04  1.6825E+03
   #    527075  7.7175E+01  1.2501E-04  1.7126E+03
   #    527434  7.7220E+01  1.2459E-04  1.7427E+03
   #    527826  7.7269E+01  1.2411E-04  1.7728E+03
   #    528217  7.7317E+01  1.2348E-04  1.8028E+03
   #    528612  7.7366E+01  1.2284E-04  1.8328E+03
   #    529003  7.7414E+01  1.2216E-04  1.8628E+03
   #    529396  7.7462E+01  1.2153E-04  1.8929E+03
   #    529782  7.7508E+01  1.2106E-04  1.9229E+03
   #    530176  7.7556E+01  1.2058E-04  1.9529E+03
   #    530563  7.7603E+01  1.2016E-04  1.9830E+03
   #    530947  7.7649E+01  1.1983E-04  2.0130E+03
   #    531320  7.7693E+01  1.1943E-04  2.0431E+03
   #    531689  7.7737E+01  1.1917E-04  2.0731E+03
   #    532067  7.7782E+01  1.1879E-04  2.1031E+03
   #    532445  7.7827E+01  1.1847E-04  2.1331E+03
   #    532821  7.7872E+01  1.1815E-04  2.1632E+03
   #    533186  7.7915E+01  1.1792E-04  2.1932E+03
   #    533561  7.7959E+01  1.1765E-04  2.2233E+03
   #    533940  7.8003E+01  1.1735E-04  2.2533E+03
   #    534328  7.8049E+01  1.1696E-04  2.2833E+03
   #    534716  7.8094E+01  1.1649E-04  2.3133E+03
   #    535085  7.8137E+01  1.1597E-04  2.3434E+03
   #    535473  7.8182E+01  1.1541E-04  2.3734E+03
   #    535861  7.8226E+01  1.1492E-04  2.4034E+03
   #    536249  7.8271E+01  1.1453E-04  2.4334E+03
   #    536629  7.8314E+01  1.1407E-04  2.4635E+03
   #    537018  7.8359E+01  1.1365E-04  2.4935E+03
   #    537406  7.8403E+01  1.1321E-04  2.5236E+03
   #    537797  7.8447E+01  1.1285E-04  2.5536E+03
   #    538190  7.8491E+01  1.1250E-04  2.5836E+03
   #    538578  7.8535E+01  1.1214E-04  2.6136E+03
   #    538976  7.8579E+01  1.1168E-04  2.6436E+03
   #    539364  7.8622E+01  1.1131E-04  2.6737E+03
   #    539760  7.8666E+01  1.1097E-04  2.7037E+03
   #    540145  7.8709E+01  1.1063E-04  2.7337E+03
   #    540539  7.8753E+01  1.1033E-04  2.7638E+03
   #    540935  7.8796E+01  1.1006E-04  2.7938E+03
   #    541331  7.8840E+01  1.0979E-04  2.8238E+03
   #    541728  7.8883E+01  1.0949E-04  2.8539E+03
   #    542115  7.8926E+01  1.0925E-04  2.8839E+03
   #    542493  7.8967E+01  1.0896E-04  2.9139E+03
   #    542861  7.9007E+01  1.0865E-04  2.9440E+03
   #    543233  7.9047E+01  1.0836E-04  2.9740E+03
   #    543595  7.9086E+01  1.0809E-04  3.0040E+03
   #    543953  7.9125E+01  1.0781E-04  3.0341E+03
   #    544325  7.9165E+01  1.0752E-04  3.0641E+03
   #    544699  7.9205E+01  1.0720E-04  3.0941E+03
   #    545073  7.9245E+01  1.0683E-04  3.1242E+03
   #    545443  7.9285E+01  1.0648E-04  3.1542E+03
   #    545802  7.9323E+01  1.0615E-04  3.1842E+03
   #    546169  7.9362E+01  1.0582E-04  3.2142E+03
   #    546531  7.9400E+01  1.0550E-04  3.2443E+03
   #    546891  7.9438E+01  1.0516E-04  3.2743E+03
   #    547251  7.9476E+01  1.0483E-04  3.3043E+03
   #    547596  7.9512E+01  1.0452E-04  3.3343E+03
   #    547958  7.9549E+01  1.0421E-04  3.3644E+03
   #    548320  7.9587E+01  1.0390E-04  3.3945E+03
   #    548682  7.9625E+01  1.0359E-04  3.4245E+03
   #    549044  7.9662E+01  1.0326E-04  3.4545E+03
   #    549411  7.9700E+01  1.0293E-04  3.4845E+03
   #    549772  7.9737E+01  1.0261E-04  3.5146E+03
   #    550141  7.9775E+01  1.0230E-04  3.5446E+03
   #    550511  7.9812E+01  1.0202E-04  3.5746E+03
   #    550880  7.9850E+01  1.0174E-04  3.6046E+03
   #    551250  7.9888E+01  1.0148E-04  3.6347E+03
   #    551603  7.9923E+01  1.0125E-04  3.6648E+03
   #    551968  7.9960E+01  1.0101E-04  3.6948E+03
   #    552329  7.9997E+01  1.0078E-04  3.7248E+03
   #    552694  8.0033E+01  1.0057E-04  3.7549E+03
   #    553057  8.0070E+01  1.0037E-04  3.7849E+03
   #    553410  8.0105E+01  1.0018E-04  3.8150E+03
   #    553773  8.0142E+01  9.9997E-05  3.8450E+03
   #    554136  8.0178E+01  9.9821E-05  3.8750E+03
   #    554500  8.0214E+01  9.9647E-05  3.9050E+03
   #    554865  8.0250E+01  9.9478E-05  3.9351E+03
   #    555224  8.0286E+01  9.9326E-05  3.9651E+03
   #    555574  8.0321E+01  9.9187E-05  3.9951E+03
   #    555941  8.0357E+01  9.9049E-05  4.0252E+03
   #    556311  8.0394E+01  9.8915E-05  4.0552E+03
   #    556685  8.0431E+01  9.8790E-05  4.0853E+03
   #    557058  8.0468E+01  9.8684E-05  4.1154E+03
   #    557428  8.0504E+01  9.8596E-05  4.1454E+03
   #    557777  8.0539E+01  9.8527E-05  4.1755E+03
   #    558135  8.0574E+01  9.8471E-05  4.2055E+03
   #    558493  8.0609E+01  9.8411E-05  4.2356E+03
   #    558853  8.0644E+01  9.8371E-05  4.2656E+03
   #    559208  8.0679E+01  9.8334E-05  4.2956E+03
   #    559553  8.0713E+01  9.8305E-05  4.3256E+03
   #    559906  8.0748E+01  9.8291E-05  4.3557E+03
   #    560261  8.0783E+01  9.8274E-05  4.3857E+03
   #    560612  8.0817E+01  9.8267E-05  4.4158E+03
   #    560966  8.0852E+01  9.8309E-05  4.4458E+03
   #    561320  8.0887E+01  9.8403E-05  4.4758E+03
   #    561666  8.0921E+01  9.8537E-05  4.5058E+03
   #    562020  8.0956E+01  9.8714E-05  4.5358E+03
   #    562370  8.0990E+01  9.8903E-05  4.5658E+03
   #    562718  8.1025E+01  9.8931E-05  4.5959E+03
   #    563058  8.1058E+01  9.8968E-05  4.6259E+03
   #    563414  8.1094E+01  9.9052E-05  4.6560E+03
   #    563749  8.1127E+01  9.9181E-05  4.6860E+03
   #    564096  8.1161E+01  9.9378E-05  4.7160E+03
   #    564441  8.1196E+01  9.9637E-05  4.7461E+03
   #    564786  8.1230E+01  9.9938E-05  4.7761E+03
   #    565138  8.1265E+01  1.0028E-04  4.8062E+03
   #    565494  8.1301E+01  1.0065E-04  4.8362E+03
   #    565841  8.1336E+01  1.0106E-04  4.8663E+03
   #    566198  8.1372E+01  1.0153E-04  4.8963E+03
   #    566556  8.1409E+01  1.0203E-04  4.9264E+03
   #    566906  8.1444E+01  1.0253E-04  4.9564E+03
   #    567248  8.1480E+01  1.0301E-04  4.9865E+03
   #    567580  8.1514E+01  1.0344E-04  5.0165E+03
   #    567934  8.1550E+01  1.0383E-04  5.0466E+03
   #    568292  8.1588E+01  1.0414E-04  5.0766E+03
   #    568650  8.1625E+01  1.0412E-04  5.1067E+03
   #    568997  8.1661E+01  1.0409E-04  5.1367E+03
   #    569340  8.1697E+01  1.0406E-04  5.1667E+03
   #    569672  8.1731E+01  1.0409E-04  5.1967E+03
   #    570014  8.1767E+01  1.0416E-04  5.2267E+03
   #    570356  8.1803E+01  1.0424E-04  5.2568E+03
   #    570692  8.1838E+01  1.0432E-04  5.2868E+03
   #    571045  8.1874E+01  1.0438E-04  5.3168E+03
   #    571385  8.1910E+01  1.0437E-04  5.3469E+03
   #    571738  8.1947E+01  1.0426E-04  5.3770E+03
   #    572085  8.1983E+01  1.0413E-04  5.4070E+03
   #    572436  8.2019E+01  1.0399E-04  5.4371E+03
   #    572788  8.2056E+01  1.0353E-04  5.4672E+03
   #    573136  8.2092E+01  1.0302E-04  5.4972E+03
   #    573474  8.2127E+01  1.0248E-04  5.5272E+03
   #    573822  8.2162E+01  1.0226E-04  5.5573E+03
   #    574170  8.2198E+01  1.0207E-04  5.5873E+03
   #    574511  8.2232E+01  1.0221E-04  5.6173E+03
   #    574859  8.2268E+01  1.0256E-04  5.6473E+03
   #    575209  8.2304E+01  1.0339E-04  5.6773E+03
   #    575557  8.2340E+01  1.0488E-04  5.7073E+03
   #    575909  8.2378E+01  1.0726E-04  5.7373E+03
   #    576259  8.2416E+01  1.0995E-04  5.7674E+03
   #    576610  8.2455E+01  1.1248E-04  5.7975E+03
   #    576961  8.2495E+01  1.1452E-04  5.8276E+03
   #    577303  8.2534E+01  1.1603E-04  5.8577E+03
   #    577655  8.2575E+01  1.1709E-04  5.8877E+03
   #    577997  8.2615E+01  1.1842E-04  5.9177E+03
   #    578346  8.2657E+01  1.1963E-04  5.9477E+03
   #    578694  8.2699E+01  1.2167E-04  5.9778E+03
   #    579032  8.2740E+01  1.2354E-04  6.0079E+03
   #    579380  8.2784E+01  1.2573E-04  6.0379E+03
   #    579728  8.2827E+01  1.2627E-04  6.0680E+03
   #    580076  8.2871E+01  1.2609E-04  6.0980E+03
   #    580407  8.2913E+01  1.2594E-04  6.1280E+03
   #    580746  8.2956E+01  1.2586E-04  6.1581E+03
   #    581086  8.2998E+01  1.2583E-04  6.1881E+03
   #    581427  8.3041E+01  1.2590E-04  6.2181E+03
   #    581761  8.3083E+01  1.2602E-04  6.2482E+03
   #    582093  8.3125E+01  1.2625E-04  6.2782E+03
   #    582434  8.3168E+01  1.2647E-04  6.3082E+03
   #    582775  8.3211E+01  1.2663E-04  6.3383E+03
   #    583116  8.3255E+01  1.2672E-04  6.3683E+03
   #    583457  8.3298E+01  1.2683E-04  6.3984E+03
   #    583791  8.3340E+01  1.2693E-04  6.4284E+03
   #    584132  8.3384E+01  1.2706E-04  6.4585E+03
   #    584471  8.3427E+01  1.2719E-04  6.4885E+03
   #    584811  8.3470E+01  1.2728E-04  6.5186E+03
   #    585141  8.3512E+01  1.2726E-04  6.5486E+03
   #    585474  8.3554E+01  1.2708E-04  6.5786E+03
   #    585814  8.3597E+01  1.2694E-04  6.6087E+03
   #    586155  8.3641E+01  1.2680E-04  6.6387E+03
   #    586496  8.3684E+01  1.2672E-04  6.6687E+03
   #    586828  8.3726E+01  1.2666E-04  6.6988E+03
   #    587166  8.3769E+01  1.2662E-04  6.7288E+03
   #    587504  8.3811E+01  1.2661E-04  6.7589E+03
   #    587842  8.3854E+01  1.2663E-04  6.7890E+03
   #    588179  8.3897E+01  1.2665E-04  6.8190E+03
   #    588507  8.3938E+01  1.2664E-04  6.8490E+03
   #    588847  8.3981E+01  1.2666E-04  6.8790E+03
   #    589180  8.4024E+01  1.2668E-04  6.9090E+03
   #    589519  8.4067E+01  1.2656E-04  6.9391E+03
   #    589848  8.4108E+01  1.2623E-04  6.9691E+03
   #    590192  8.4151E+01  1.2589E-04  6.9991E+03
   #    590534  8.4194E+01  1.2559E-04  7.0292E+03
   #    590876  8.4237E+01  1.2531E-04  7.0592E+03
   #    591218  8.4280E+01  1.2516E-04  7.0893E+03
   #    591549  8.4321E+01  1.2508E-04  7.1193E+03
   #    591891  8.4364E+01  1.2512E-04  7.1494E+03
   #    592231  8.4407E+01  1.2515E-04  7.1794E+03
   #    592571  8.4449E+01  1.2523E-04  7.2095E+03
   #    592904  8.4491E+01  1.2531E-04  7.2395E+03
   #    593235  8.4533E+01  1.2540E-04  7.2696E+03
   #    593573  8.4575E+01  1.2547E-04  7.2996E+03
   #    593911  8.4617E+01  1.2560E-04  7.3296E+03
   #    594248  8.4660E+01  1.2546E-04  7.3597E+03
   #    594585  8.4702E+01  1.2532E-04  7.3897E+03
   #    594913  8.4743E+01  1.2527E-04  7.4198E+03
   #    595250  8.4785E+01  1.2529E-04  7.4498E+03
   #    595587  8.4827E+01  1.2540E-04  7.4799E+03
   #    595924  8.4870E+01  1.2559E-04  7.5099E+03
   #    596251  8.4911E+01  1.2590E-04  7.5400E+03
   #    596581  8.4952E+01  1.2629E-04  7.5700E+03
   #    596917  8.4995E+01  1.2680E-04  7.6001E+03
   #    597253  8.5037E+01  1.2722E-04  7.6301E+03
   #    597586  8.5080E+01  1.2730E-04  7.6601E+03
   #    597910  8.5121E+01  1.2744E-04  7.6902E+03
   #    598262  8.5166E+01  1.2755E-04  7.7202E+03
   #    598620  8.5212E+01  1.2749E-04  7.7502E+03
   #    598978  8.5257E+01  1.2759E-04  7.7802E+03
   #    599338  8.5303E+01  1.2779E-04  7.8103E+03
   #    599687  8.5348E+01  1.2807E-04  7.8404E+03
   #    600039  8.5393E+01  1.2834E-04  7.8704E+03
   #    600401  8.5439E+01  1.2865E-04  7.9004E+03
   #    600766  8.5486E+01  1.2895E-04  7.9305E+03
   #    601115  8.5532E+01  1.2926E-04  7.9605E+03
   #    601473  8.5578E+01  1.2954E-04  7.9906E+03
   #    601831  8.5624E+01  1.2978E-04  8.0207E+03
   #    602188  8.5671E+01  1.3003E-04  8.0507E+03
   #    602534  8.5716E+01  1.3031E-04  8.0808E+03
   #    602889  8.5762E+01  1.3069E-04  8.1108E+03
   #    603244  8.5808E+01  1.3087E-04  8.1409E+03
   #    603599  8.5855E+01  1.3098E-04  8.1710E+03
   #    603947  8.5900E+01  1.3108E-04  8.2010E+03
   #    604292  8.5946E+01  1.3118E-04  8.2310E+03
   #    604647  8.5992E+01  1.3127E-04  8.2611E+03
   #    605002  8.6039E+01  1.3138E-04  8.2911E+03
   #    605359  8.6086E+01  1.3148E-04  8.3211E+03
   #    605708  8.6132E+01  1.3159E-04  8.3511E+03
   #    606063  8.6178E+01  1.3169E-04  8.3812E+03
   #    606418  8.6225E+01  1.3177E-04  8.4113E+03
   #    606773  8.6272E+01  1.3183E-04  8.4413E+03
   #    607118  8.6317E+01  1.3191E-04  8.4713E+03
   #    607474  8.6364E+01  1.3201E-04  8.5014E+03
   #    607825  8.6411E+01  1.3211E-04  8.5314E+03
   #    608184  8.6458E+01  1.3223E-04  8.5615E+03
   #    608542  8.6506E+01  1.3235E-04  8.5915E+03
   #    608887  8.6551E+01  1.3248E-04  8.6216E+03
   #    609246  8.6599E+01  1.3259E-04  8.6516E+03
   #    609605  8.6646E+01  1.3272E-04  8.6816E+03
   #    609964  8.6694E+01  1.3276E-04  8.7117E+03
   #    610313  8.6740E+01  1.3277E-04  8.7417E+03
   #    610672  8.6788E+01  1.3277E-04  8.7717E+03
   #    611031  8.6836E+01  1.3274E-04  8.8017E+03
   #    611390  8.6883E+01  1.3276E-04  8.8318E+03
   #    611731  8.6929E+01  1.3278E-04  8.8618E+03
   #    612089  8.6976E+01  1.3281E-04  8.8918E+03
   #    612448  8.7024E+01  1.3286E-04  8.9218E+03
   #    612807  8.7071E+01  1.3278E-04  8.9518E+03
   #    613160  8.7118E+01  1.3274E-04  8.9819E+03
   #    613520  8.7166E+01  1.3273E-04  9.0119E+03
   #    613880  8.7214E+01  1.3285E-04  9.0420E+03
   #    614240  8.7262E+01  1.3309E-04  9.0720E+03
   #    614590  8.7308E+01  1.3326E-04  9.1021E+03
   #    614950  8.7356E+01  1.3331E-04  9.1322E+03
   #    615308  8.7404E+01  1.3327E-04  9.1622E+03
   #    615661  8.7451E+01  1.3318E-04  9.1923E+03
   #    616021  8.7499E+01  1.3308E-04  9.2223E+03
   #    616371  8.7545E+01  1.3295E-04  9.2524E+03
   #    616731  8.7593E+01  1.3278E-04  9.2824E+03
   #    617092  8.7641E+01  1.3265E-04  9.3125E+03
   #    617452  8.7689E+01  1.3252E-04  9.3426E+03
   #    617804  8.7735E+01  1.3239E-04  9.3727E+03
   #    618164  8.7783E+01  1.3228E-04  9.4027E+03
   #    618524  8.7831E+01  1.3218E-04  9.4327E+03
   #    618884  8.7878E+01  1.3209E-04  9.4627E+03
   #    619233  8.7924E+01  1.3201E-04  9.4929E+03
   #    619588  8.7971E+01  1.3194E-04  9.5229E+03
   #    619948  8.8018E+01  1.3187E-04  9.5530E+03
   #    620308  8.8066E+01  1.3184E-04  9.5830E+03
   #    620658  8.8112E+01  1.3182E-04  9.6130E+03
   #    621019  8.8160E+01  1.3184E-04  9.6431E+03
   #    621380  8.8207E+01  1.3187E-04  9.6732E+03
   #    621741  8.8255E+01  1.3188E-04  9.7032E+03
   #    622100  8.8302E+01  1.3190E-04  9.7333E+03
   #    622450  8.8348E+01  1.3194E-04  9.7633E+03
   #    622810  8.8396E+01  1.3198E-04  9.7934E+03
   #    623163  8.8442E+01  1.3205E-04  9.8234E+03
   #    623526  8.8490E+01  1.3213E-04  9.8535E+03
   #    623883  8.8538E+01  1.3221E-04  9.8835E+03
   #    624246  8.8586E+01  1.3229E-04  9.9135E+03
   #    624609  8.8633E+01  1.3235E-04  9.9436E+03
   #    624972  8.8682E+01  1.3242E-04  9.9736E+03
   #    625326  8.8728E+01  1.3238E-04  1.0004E+04
   #    625689  8.8776E+01  1.3235E-04  1.0034E+04
   #    626052  8.8824E+01  1.3216E-04  1.0064E+04
   #    626415  8.8872E+01  1.3196E-04  1.0094E+04
   #    626768  8.8919E+01  1.3176E-04  1.0124E+04
   #    627123  8.8966E+01  1.3158E-04  1.0154E+04
   #    627486  8.9013E+01  1.3139E-04  1.0184E+04
   #    627849  8.9061E+01  1.3121E-04  1.0214E+04
   #    628205  8.9108E+01  1.3104E-04  1.0244E+04
   #    628568  8.9155E+01  1.3089E-04  1.0274E+04
   #    628931  8.9203E+01  1.3076E-04  1.0304E+04
   #    629294  8.9250E+01  1.3065E-04  1.0334E+04
   #    629657  8.9298E+01  1.3054E-04  1.0364E+04
   #    630010  8.9344E+01  1.3045E-04  1.0394E+04
   #    630373  8.9391E+01  1.3034E-04  1.0424E+04
   #    630737  8.9438E+01  1.3025E-04  1.0454E+04
   #    631093  8.9485E+01  1.3015E-04  1.0484E+04
   #    631447  8.9531E+01  1.3004E-04  1.0515E+04
   #    631811  8.9578E+01  1.2993E-04  1.0545E+04
   #    632175  8.9625E+01  1.2980E-04  1.0575E+04
   #    632539  8.9672E+01  1.2969E-04  1.0605E+04
   #    632892  8.9718E+01  1.2958E-04  1.0635E+04
   #    633256  8.9765E+01  1.2934E-04  1.0665E+04
   #    633620  8.9812E+01  1.2909E-04  1.0695E+04
   #    633984  8.9859E+01  1.2887E-04  1.0725E+04
   #    634348  8.9906E+01  1.2866E-04  1.0755E+04
   #    634701  8.9951E+01  1.2849E-04  1.0785E+04
   #    635059  8.9997E+01  1.2834E-04  1.0815E+04
   #    635422  9.0044E+01  1.2818E-04  1.0845E+04
   #    635785  9.0090E+01  1.2806E-04  1.0875E+04
   #    636138  9.0136E+01  1.2791E-04  1.0905E+04
   #    636501  9.0182E+01  1.2776E-04  1.0935E+04
   #    636865  9.0228E+01  1.2762E-04  1.0965E+04
   #    637229  9.0275E+01  1.2751E-04  1.0995E+04
   #    637582  9.0320E+01  1.2740E-04  1.1025E+04
   #    637945  9.0366E+01  1.2729E-04  1.1055E+04
   #    638309  9.0412E+01  1.2721E-04  1.1085E+04
   #    638673  9.0459E+01  1.2714E-04  1.1115E+04
   #    639029  9.0504E+01  1.2710E-04  1.1145E+04
   #    639382  9.0549E+01  1.2708E-04  1.1175E+04
   #    639746  9.0595E+01  1.2708E-04  1.1205E+04
   #    640109  9.0641E+01  1.2708E-04  1.1235E+04
   #    640468  9.0687E+01  1.2706E-04  1.1265E+04
   #    640818  9.0731E+01  1.2704E-04  1.1295E+04
   #    641177  9.0777E+01  1.2700E-04  1.1326E+04
   #    641536  9.0822E+01  1.2695E-04  1.1356E+04
   #    641896  9.0868E+01  1.2687E-04  1.1386E+04
   #    642245  9.0912E+01  1.2663E-04  1.1416E+04
   #    642597  9.0957E+01  1.2640E-04  1.1446E+04
   #    642957  9.1002E+01  1.2618E-04  1.1476E+04
   #    643317  9.1047E+01  1.2598E-04  1.1506E+04
   #    643677  9.1093E+01  1.2581E-04  1.1536E+04
   #    644027  9.1137E+01  1.2569E-04  1.1566E+04
   #    644387  9.1182E+01  1.2560E-04  1.1596E+04
   #    644747  9.1227E+01  1.2553E-04  1.1626E+04
   #    645107  9.1272E+01  1.2546E-04  1.1656E+04
   #    645457  9.1316E+01  1.2539E-04  1.1686E+04
   #    645817  9.1361E+01  1.2533E-04  1.1716E+04
   #    646177  9.1406E+01  1.2527E-04  1.1746E+04
   #    646531  9.1451E+01  1.2522E-04  1.1776E+04
   #    646892  9.1496E+01  1.2518E-04  1.1806E+04
   #    647245  9.1540E+01  1.2516E-04  1.1836E+04
   #    647607  9.1585E+01  1.2512E-04  1.1866E+04
   #    647969  9.1631E+01  1.2502E-04  1.1896E+04
   #    648331  9.1676E+01  1.2486E-04  1.1926E+04
   #    648682  9.1720E+01  1.2472E-04  1.1956E+04
   #    649043  9.1765E+01  1.2464E-04  1.1986E+04
   #    649404  9.1810E+01  1.2454E-04  1.2016E+04
   #    649765  9.1855E+01  1.2445E-04  1.2047E+04
   #    650126  9.1899E+01  1.2440E-04  1.2077E+04
   #    650470  9.1942E+01  1.2433E-04  1.2107E+04
   #    650831  9.1987E+01  1.2426E-04  1.2137E+04
   #    651192  9.2032E+01  1.2423E-04  1.2167E+04
   #    651553  9.2077E+01  1.2408E-04  1.2197E+04
   #    651904  9.2120E+01  1.2376E-04  1.2227E+04
   #    652266  9.2165E+01  1.2352E-04  1.2257E+04
   #    652628  9.2210E+01  1.2328E-04  1.2287E+04
   #    652990  9.2254E+01  1.2309E-04  1.2317E+04
   #    653352  9.2299E+01  1.2297E-04  1.2347E+04
   #    653705  9.2342E+01  1.2286E-04  1.2377E+04
   #    654066  9.2386E+01  1.2279E-04  1.2407E+04
   #    654421  9.2430E+01  1.2272E-04  1.2437E+04
   #    654783  9.2474E+01  1.2268E-04  1.2467E+04
   #    655134  9.2517E+01  1.2260E-04  1.2497E+04
   #    655494  9.2562E+01  1.2239E-04  1.2527E+04
   #    655856  9.2606E+01  1.2209E-04  1.2557E+04
   #    656211  9.2649E+01  1.2190E-04  1.2587E+04
   #    656570  9.2693E+01  1.2174E-04  1.2617E+04
   #    656901  9.2733E+01  1.2162E-04  1.2647E+04
   #    657248  9.2775E+01  1.2153E-04  1.2677E+04
   #    657610  9.2819E+01  1.2146E-04  1.2707E+04
   #    657972  9.2863E+01  1.2143E-04  1.2737E+04
   #    658311  9.2904E+01  1.2142E-04  1.2767E+04
   #    658644  9.2945E+01  1.2141E-04  1.2797E+04
   #    658990  9.2987E+01  1.2138E-04  1.2827E+04
   #    659347  9.3030E+01  1.2139E-04  1.2857E+04
   #    659685  9.3071E+01  1.2143E-04  1.2887E+04
   #    660028  9.3113E+01  1.2148E-04  1.2918E+04
   #    660387  9.3156E+01  1.2155E-04  1.2948E+04
   #    660748  9.3200E+01  1.2157E-04  1.2978E+04
   #    661109  9.3244E+01  1.2163E-04  1.3008E+04
   #    661468  9.3288E+01  1.2170E-04  1.3038E+04
   #    661817  9.3330E+01  1.2177E-04  1.3068E+04
   #    662170  9.3373E+01  1.2179E-04  1.3098E+04
   #    662529  9.3417E+01  1.2171E-04  1.3128E+04
   #    662888  9.3460E+01  1.2162E-04  1.3158E+04
   #    663246  9.3504E+01  1.2155E-04  1.3188E+04
   #    663595  9.3546E+01  1.2153E-04  1.3218E+04
   #    663956  9.3590E+01  1.2144E-04  1.3248E+04
   #    664315  9.3634E+01  1.2115E-04  1.3278E+04
   #    664675  9.3677E+01  1.2062E-04  1.3308E+04
   #    665024  9.3719E+01  1.2020E-04  1.3338E+04
   #    665383  9.3762E+01  1.1992E-04  1.3368E+04
   #    665735  9.3804E+01  1.1966E-04  1.3398E+04
   #    666094  9.3847E+01  1.1946E-04  1.3428E+04
   #    666453  9.3890E+01  1.1935E-04  1.3458E+04
   #    666802  9.3932E+01  1.1932E-04  1.3488E+04
   #    667163  9.3975E+01  1.1927E-04  1.3518E+04
   #    667526  9.4018E+01  1.1931E-04  1.3548E+04
   #    667890  9.4062E+01  1.1931E-04  1.3578E+04
   #    668254  9.4105E+01  1.1935E-04  1.3608E+04
   #    668604  9.4147E+01  1.1931E-04  1.3638E+04
   #    668952  9.4188E+01  1.1904E-04  1.3668E+04
   #    669303  9.4230E+01  1.1875E-04  1.3699E+04
   #    669649  9.4271E+01  1.1846E-04  1.3729E+04
   #    669994  9.4312E+01  1.1820E-04  1.3759E+04
   #    670350  9.4354E+01  1.1792E-04  1.3789E+04
   #    670706  9.4396E+01  1.1762E-04  1.3819E+04
   #    671061  9.4437E+01  1.1739E-04  1.3849E+04
   #    671416  9.4479E+01  1.1719E-04  1.3879E+04
   #    671761  9.4520E+01  1.1696E-04  1.3909E+04
   #    672116  9.4561E+01  1.1672E-04  1.3939E+04
   #    672471  9.4602E+01  1.1648E-04  1.3969E+04
   #    672827  9.4644E+01  1.1622E-04  1.3999E+04
   #    673182  9.4685E+01  1.1595E-04  1.4029E+04
   #    673519  9.4724E+01  1.1571E-04  1.4059E+04
   #    673874  9.4765E+01  1.1547E-04  1.4089E+04
   #    674233  9.4806E+01  1.1520E-04  1.4119E+04
   #    674594  9.4848E+01  1.1492E-04  1.4149E+04
   #    674955  9.4889E+01  1.1465E-04  1.4179E+04
   #    675305  9.4929E+01  1.1434E-04  1.4209E+04
   #    675666  9.4971E+01  1.1413E-04  1.4239E+04
   #    676027  9.5012E+01  1.1397E-04  1.4269E+04
   #    676388  9.5053E+01  1.1388E-04  1.4299E+04
   #    676751  9.5094E+01  1.1380E-04  1.4329E+04
   #    677103  9.5134E+01  1.1373E-04  1.4359E+04
   #    677460  9.5175E+01  1.1363E-04  1.4389E+04
   #    677822  9.5216E+01  1.1352E-04  1.4420E+04
   #    678184  9.5257E+01  1.1339E-04  1.4450E+04
   #    678541  9.5297E+01  1.1329E-04  1.4480E+04
   #    678892  9.5337E+01  1.1322E-04  1.4510E+04
   #    679257  9.5378E+01  1.1322E-04  1.4540E+04
   #    679622  9.5420E+01  1.1333E-04  1.4570E+04
   #    679987  9.5461E+01  1.1346E-04  1.4600E+04
   #    680354  9.5503E+01  1.1360E-04  1.4630E+04
   #    680712  9.5544E+01  1.1371E-04  1.4660E+04
   #    681078  9.5585E+01  1.1382E-04  1.4690E+04
   #    681437  9.5626E+01  1.1392E-04  1.4720E+04
   #    681803  9.5668E+01  1.1407E-04  1.4750E+04
   #    682169  9.5710E+01  1.1373E-04  1.4780E+04
   #    682524  9.5750E+01  1.1327E-04  1.4810E+04
   #    682890  9.5791E+01  1.1294E-04  1.4840E+04
   #    683256  9.5832E+01  1.1275E-04  1.4870E+04
   #    683622  9.5874E+01  1.1265E-04  1.4900E+04
   #    683978  9.5914E+01  1.1259E-04  1.4930E+04
   #    684344  9.5955E+01  1.1254E-04  1.4960E+04
   #    684710  9.5996E+01  1.1253E-04  1.4990E+04
   #    685069  9.6037E+01  1.1254E-04  1.5020E+04
   #    685436  9.6078E+01  1.1257E-04  1.5050E+04
   #    685792  9.6118E+01  1.1259E-04  1.5080E+04
   #    686159  9.6159E+01  1.1267E-04  1.5110E+04
   #    686526  9.6201E+01  1.1277E-04  1.5140E+04
   #    686893  9.6242E+01  1.1288E-04  1.5170E+04
   #    687259  9.6283E+01  1.1303E-04  1.5201E+04
   #    687620  9.6324E+01  1.1319E-04  1.5231E+04
   #    687994  9.6367E+01  1.1336E-04  1.5261E+04
   #    688368  9.6409E+01  1.1349E-04  1.5291E+04
   #    688742  9.6451E+01  1.1359E-04  1.5321E+04
   #    689108  9.6493E+01  1.1368E-04  1.5351E+04
   #    689471  9.6534E+01  1.1367E-04  1.5381E+04
   #    689846  9.6577E+01  1.1367E-04  1.5411E+04
   #    690221  9.6619E+01  1.1370E-04  1.5441E+04
   #    690596  9.6662E+01  1.1372E-04  1.5471E+04
   #    690971  9.6705E+01  1.1373E-04  1.5501E+04
   #    691339  9.6746E+01  1.1375E-04  1.5531E+04
   #    691714  9.6789E+01  1.1369E-04  1.5561E+04
   #    692089  9.6832E+01  1.1357E-04  1.5591E+04
   #    692464  9.6874E+01  1.1339E-04  1.5621E+04
   #    692830  9.6916E+01  1.1322E-04  1.5651E+04
   #    693197  9.6957E+01  1.1309E-04  1.5681E+04
   #    693572  9.7000E+01  1.1303E-04  1.5711E+04
   #    693947  9.7042E+01  1.1289E-04  1.5741E+04
   #    694322  9.7084E+01  1.1261E-04  1.5771E+04
   #    694687  9.7125E+01  1.1231E-04  1.5801E+04
   #    695062  9.7167E+01  1.1203E-04  1.5831E+04
   #    695437  9.7209E+01  1.1179E-04  1.5861E+04
   #    695812  9.7251E+01  1.1153E-04  1.5891E+04
   #    696187  9.7293E+01  1.1131E-04  1.5921E+04
   #    696551  9.7333E+01  1.1111E-04  1.5951E+04
   #    696927  9.7375E+01  1.1090E-04  1.5982E+04
   #    697295  9.7416E+01  1.1070E-04  1.6012E+04
   #    697670  9.7457E+01  1.1055E-04  1.6042E+04
   #    698043  9.7498E+01  1.1030E-04  1.6072E+04
   #    698399  9.7538E+01  1.1003E-04  1.6102E+04
   #    698766  9.7578E+01  1.0970E-04  1.6132E+04
   #    699133  9.7618E+01  1.0949E-04  1.6162E+04
   #    699499  9.7658E+01  1.0932E-04  1.6192E+04
   #    699864  9.7698E+01  1.0913E-04  1.6222E+04
   #    700222  9.7737E+01  1.0898E-04  1.6252E+04
   #    700594  9.7778E+01  1.0886E-04  1.6282E+04
