 -----------------------------------------------------------------------------
 -----------------------------------------------------------------------------
 |         __  __ ____ ___        _    __  __ ______     ___    ____         |
 |        |  \/  |  _ \_ _|      / \  |  \/  |  _ \ \   / / \  / ___|        |
 |        | |\/| | |_) | |_____ / _ \ | |\/| | |_) \ \ / / _ \| |            |
 |        | |  | |  __/| |_____/ ___ \| |  | |  _ < \ V / ___ \ |___         |
 |        |_|  |_|_|  |___|   /_/   \_\_|  |_|_| \_\ \_/_/   \_\____|        |
 -----------------------------------------------------------------------------
 -----------------------------------------------------------------------------
 Spitzer MHD: par:   0.21633973559351147       ,perp:    2.1685795904764041E-011
 Combination of Colgan (2008) for high temperatures and
 Dalgarno & McCray (1972), DM2, for low temperatures
 Reading amrvac.par
 
 Output type | tsavestart |  dtsave   | ditsave | itsave(1) | tsave(1)
         log | 0.000E+00  | 0.200E+00 | ******  |      0    | *********
      normal | 0.000E+00  | 0.200E+00 | ******  |      0    | *********
       slice | 0.000E+00  | ********* | ******  | ******    | *********
   collapsed | 0.000E+00  | ********* | ******  | ******    | *********
    analysis | 0.000E+00  | ********* | ******  | ******    | *********
 
         Domain size (cells): 96 48 
                Level one dx: 0.208E+00 0.208E+00 
           Refine estimation: Lohner's scheme
 Note, Grid is reconstructed once every           3 iterations
           restart_from_file:  output/solar_atm_a0155.dat
                  converting: F

 minra  0.10256244189917035     
 rhob   7382.7014817162089     
 pb   59.061613380997102     
 Using TRACL(ine) method with a mask
 By default, magnetic field lines are traced every 4 grid cells
 NOTE:  2D TRAC method take the y-dir == grav-dir
 Memory requirement for each processor in TRAC:
           5  MB
 -------------------------------------------------------------------------------
 Startup phase took :             0.228 sec
 -------------------------------------------------------------------------------
 Start integrating, print status every  3.00E+01 seconds
   #        it        time          dt  wc-time(s)
   #    468269  6.9702E+01  1.2627E-04  5.5510E-01
   #    468469  6.9715E+01  6.5345E-05  3.0616E+01
   #    468672  6.9728E+01  6.5227E-05  6.0732E+01
   #    468868  6.9741E+01  6.5096E-05  9.0747E+01
   #    469068  6.9754E+01  6.4957E-05  1.2082E+02
   #    469268  6.9767E+01  6.4800E-05  1.5086E+02
   #    469468  6.9780E+01  6.4636E-05  1.8086E+02
   #    469669  6.9793E+01  6.4471E-05  2.1100E+02
   #    469870  6.9806E+01  6.4315E-05  2.4110E+02
   #    470071  6.9819E+01  6.4203E-05  2.7111E+02
   #    470273  6.9832E+01  6.4125E-05  3.0124E+02
   #    470474  6.9845E+01  6.4048E-05  3.3124E+02
   #    470676  6.9858E+01  6.3506E-05  3.6134E+02
   #    470872  6.9870E+01  6.3236E-05  3.9138E+02
   #    471071  6.9882E+01  6.2964E-05  4.2145E+02
   #    471270  6.9895E+01  6.2794E-05  4.5148E+02
   #    471468  6.9907E+01  6.2666E-05  4.8153E+02
   #    471666  6.9920E+01  6.2502E-05  5.1158E+02
   #    471863  6.9932E+01  6.2305E-05  5.4173E+02
   #    472060  6.9944E+01  6.2167E-05  5.7186E+02
   #    472256  6.9957E+01  6.2069E-05  6.0187E+02
   #    472451  6.9969E+01  6.1998E-05  6.3191E+02
   #    472647  6.9981E+01  6.1946E-05  6.6203E+02
   #    472843  6.9993E+01  6.1903E-05  6.9206E+02
   #    473041  7.0005E+01  6.1818E-05  7.2210E+02
   #    473244  7.0018E+01  6.1724E-05  7.5222E+02
   #    473447  7.0030E+01  6.1594E-05  7.8230E+02
   #    473650  7.0043E+01  6.1507E-05  8.1240E+02
   #    473853  7.0055E+01  6.1432E-05  8.4250E+02
   #    474050  7.0067E+01  6.1332E-05  8.7255E+02
   #    474246  7.0079E+01  6.1208E-05  9.0262E+02
   #    474442  7.0091E+01  6.1101E-05  9.3268E+02
   #    474633  7.0103E+01  6.0981E-05  9.6273E+02
   #    474832  7.0115E+01  6.0877E-05  9.9286E+02
   #    475031  7.0127E+01  6.0784E-05  1.0230E+03
   #    475226  7.0139E+01  6.0470E-05  1.0531E+03
   #    475424  7.0151E+01  6.0178E-05  1.0831E+03
   #    475623  7.0163E+01  5.9921E-05  1.1132E+03
   #    475822  7.0175E+01  5.9682E-05  1.1433E+03
   #    476020  7.0187E+01  5.9470E-05  1.1733E+03
   #    476219  7.0198E+01  5.9267E-05  1.2034E+03
   #    476418  7.0210E+01  5.9086E-05  1.2336E+03
   #    476614  7.0222E+01  5.8910E-05  1.2637E+03
   #    476811  7.0233E+01  5.8730E-05  1.2938E+03
   #    477008  7.0245E+01  5.8558E-05  1.3239E+03
   #    477205  7.0256E+01  5.8387E-05  1.3539E+03
   #    477397  7.0268E+01  5.8230E-05  1.3840E+03
   #    477593  7.0279E+01  5.8072E-05  1.4141E+03
   #    477790  7.0290E+01  5.7917E-05  1.4441E+03
   #    477988  7.0302E+01  5.7770E-05  1.4742E+03
   #    478178  7.0313E+01  5.7630E-05  1.5042E+03
   #    478376  7.0324E+01  5.7480E-05  1.5344E+03
   #    478574  7.0336E+01  5.7333E-05  1.5645E+03
   #    478772  7.0347E+01  5.7189E-05  1.5945E+03
   #    478970  7.0358E+01  5.7052E-05  1.6246E+03
   #    479168  7.0369E+01  5.6928E-05  1.6547E+03
   #    479366  7.0381E+01  5.6819E-05  1.6847E+03
   #    479558  7.0392E+01  5.6723E-05  1.7148E+03
   #    479753  7.0403E+01  5.6636E-05  1.7449E+03
   #    479950  7.0414E+01  5.6545E-05  1.7750E+03
   #    480146  7.0425E+01  5.6445E-05  1.8052E+03
   #    480341  7.0436E+01  5.6337E-05  1.8353E+03
   #    480535  7.0447E+01  5.6224E-05  1.8654E+03
   #    480729  7.0458E+01  5.6099E-05  1.8954E+03
   #    480923  7.0469E+01  5.5983E-05  1.9255E+03
   #    481117  7.0479E+01  5.5889E-05  1.9556E+03
   #    481311  7.0490E+01  5.5817E-05  1.9858E+03
   #    481501  7.0501E+01  5.5753E-05  2.0159E+03
   #    481686  7.0511E+01  5.5697E-05  2.0459E+03
   #    481879  7.0522E+01  5.5650E-05  2.0759E+03
   #    482073  7.0533E+01  5.5616E-05  2.1060E+03
   #    482267  7.0543E+01  5.5589E-05  2.1361E+03
   #    482459  7.0554E+01  5.5567E-05  2.1662E+03
   #    482651  7.0565E+01  5.5549E-05  2.1962E+03
   #    482844  7.0576E+01  5.5532E-05  2.2263E+03
   #    483038  7.0586E+01  5.5507E-05  2.2564E+03
   #    483232  7.0597E+01  5.5489E-05  2.2865E+03
   #    483426  7.0608E+01  5.5474E-05  2.3166E+03
   #    483616  7.0618E+01  5.5465E-05  2.3467E+03
   #    483810  7.0629E+01  5.5458E-05  2.3768E+03
   #    484004  7.0640E+01  5.5447E-05  2.4069E+03
   #    484196  7.0651E+01  5.5434E-05  2.4370E+03
   #    484387  7.0661E+01  5.5420E-05  2.4671E+03
   #    484577  7.0672E+01  5.5404E-05  2.4971E+03
   #    484767  7.0682E+01  5.5384E-05  2.5271E+03
   #    484957  7.0693E+01  5.5362E-05  2.5572E+03
   #    485136  7.0703E+01  5.5339E-05  2.5872E+03
   #    485324  7.0713E+01  5.5314E-05  2.6174E+03
   #    485512  7.0723E+01  5.5289E-05  2.6474E+03
   #    485696  7.0734E+01  5.5264E-05  2.6775E+03
   #    485884  7.0744E+01  5.5239E-05  2.7076E+03
   #    486072  7.0754E+01  5.5202E-05  2.7376E+03
   #    486261  7.0765E+01  5.5161E-05  2.7677E+03
   #    486450  7.0775E+01  5.5118E-05  2.7979E+03
   #    486639  7.0786E+01  5.5076E-05  2.8280E+03
   #    486828  7.0796E+01  5.5037E-05  2.8581E+03
   #    487016  7.0806E+01  5.5003E-05  2.8882E+03
   #    487203  7.0817E+01  5.4973E-05  2.9183E+03
   #    487390  7.0827E+01  5.4950E-05  2.9485E+03
   #    487576  7.0837E+01  5.4934E-05  2.9785E+03
   #    487760  7.0847E+01  5.4927E-05  3.0086E+03
   #    487947  7.0857E+01  5.4928E-05  3.0387E+03
   #    488133  7.0868E+01  5.4938E-05  3.0688E+03
   #    488316  7.0878E+01  5.4954E-05  3.0988E+03
   #    488499  7.0888E+01  5.4966E-05  3.1289E+03
   #    488682  7.0898E+01  5.4981E-05  3.1589E+03
   #    488858  7.0908E+01  5.5002E-05  3.1890E+03
   #    489041  7.0918E+01  5.5028E-05  3.2191E+03
   #    489225  7.0928E+01  5.5040E-05  3.2492E+03
   #    489408  7.0938E+01  5.5062E-05  3.2793E+03
   #    489591  7.0948E+01  5.5088E-05  3.3094E+03
   #    489771  7.0958E+01  5.5114E-05  3.3395E+03
   #    489955  7.0968E+01  5.5147E-05  3.3696E+03
   #    490139  7.0978E+01  5.5180E-05  3.3996E+03
   #    490324  7.0988E+01  5.5206E-05  3.4298E+03
   #    490508  7.0998E+01  5.5239E-05  3.4598E+03
   #    490693  7.1009E+01  5.5265E-05  3.4899E+03
   #    490878  7.1019E+01  5.5293E-05  3.5201E+03
   #    491060  7.1029E+01  5.5314E-05  3.5502E+03
   #    491241  7.1039E+01  5.5339E-05  3.5802E+03
   #    491422  7.1049E+01  5.5366E-05  3.6102E+03
   #    491600  7.1059E+01  5.5402E-05  3.6402E+03
   #    491781  7.1069E+01  5.5441E-05  3.6703E+03
   #    491964  7.1079E+01  5.5485E-05  3.7003E+03
   #    492147  7.1089E+01  5.5535E-05  3.7304E+03
   #    492330  7.1099E+01  5.5566E-05  3.7604E+03
   #    492506  7.1109E+01  5.5587E-05  3.7905E+03
   #    492690  7.1119E+01  5.5623E-05  3.8206E+03
   #    492874  7.1130E+01  5.5664E-05  3.8507E+03
   #    493058  7.1140E+01  5.5707E-05  3.8808E+03
   #    493241  7.1150E+01  5.5761E-05  3.9109E+03
   #    493425  7.1160E+01  5.5818E-05  3.9411E+03
   #    493604  7.1170E+01  5.5872E-05  3.9711E+03
   #    493787  7.1181E+01  5.5908E-05  4.0012E+03
   #    493970  7.1191E+01  5.5837E-05  4.0312E+03
   #    494153  7.1201E+01  5.5744E-05  4.0613E+03
   #    494336  7.1211E+01  5.5653E-05  4.0914E+03
   #    494518  7.1221E+01  5.5564E-05  4.1215E+03
   #    494698  7.1231E+01  5.5480E-05  4.1516E+03
   #    494878  7.1241E+01  5.5397E-05  4.1818E+03
   #    495058  7.1251E+01  5.5317E-05  4.2119E+03
   #    495238  7.1261E+01  5.5240E-05  4.2420E+03
   #    495418  7.1271E+01  5.5166E-05  4.2721E+03
   #    495597  7.1281E+01  5.5097E-05  4.3022E+03
   #    495779  7.1291E+01  5.5032E-05  4.3323E+03
   #    495961  7.1301E+01  5.4973E-05  4.3623E+03
   #    496135  7.1311E+01  5.4924E-05  4.3923E+03
   #    496316  7.1320E+01  5.4885E-05  4.4224E+03
   #    496497  7.1330E+01  5.4857E-05  4.4525E+03
   #    496678  7.1340E+01  5.4843E-05  4.4826E+03
   #    496860  7.1350E+01  5.4840E-05  4.5127E+03
   #    497042  7.1360E+01  5.4843E-05  4.5427E+03
   #    497225  7.1370E+01  5.4851E-05  4.5729E+03
   #    497408  7.1380E+01  5.4868E-05  4.6029E+03
   #    497588  7.1390E+01  5.4880E-05  4.6329E+03
   #    497771  7.1400E+01  5.4888E-05  4.6629E+03
   #    497954  7.1410E+01  5.4872E-05  4.6930E+03
   #    498137  7.1420E+01  5.4847E-05  4.7231E+03
   #    498320  7.1430E+01  5.4818E-05  4.7532E+03
   #    498502  7.1440E+01  5.4785E-05  4.7833E+03
   #    498685  7.1450E+01  5.4750E-05  4.8133E+03
   #    498869  7.1460E+01  5.4714E-05  4.8434E+03
   #    499053  7.1471E+01  5.4676E-05  4.8735E+03
   #    499236  7.1481E+01  5.4637E-05  4.9036E+03
   #    499419  7.1491E+01  5.4597E-05  4.9336E+03
   #    499601  7.1500E+01  5.4556E-05  4.9637E+03
   #    499777  7.1510E+01  5.4516E-05  4.9938E+03
   #    499960  7.1520E+01  5.4475E-05  5.0239E+03
   #    500140  7.1530E+01  5.4435E-05  5.0539E+03
   #    500322  7.1540E+01  5.4396E-05  5.0840E+03
   #    500507  7.1550E+01  5.4357E-05  5.1141E+03
   #    500691  7.1560E+01  5.4315E-05  5.1441E+03
   #    500875  7.1570E+01  5.4274E-05  5.1741E+03
   #    501060  7.1580E+01  5.4235E-05  5.2043E+03
   #    501244  7.1590E+01  5.4197E-05  5.2343E+03
   #    501426  7.1600E+01  5.4161E-05  5.2645E+03
   #    501609  7.1610E+01  5.4125E-05  5.2947E+03
   #    501792  7.1619E+01  5.4091E-05  5.3248E+03
   #    501974  7.1629E+01  5.4059E-05  5.3548E+03
   #    502157  7.1639E+01  5.4027E-05  5.3850E+03
   #    502340  7.1649E+01  5.3997E-05  5.4151E+03
   #    502523  7.1659E+01  5.3967E-05  5.4453E+03
   #    502706  7.1669E+01  5.3937E-05  5.4755E+03
   #    502889  7.1679E+01  5.3906E-05  5.5056E+03
   #    503072  7.1689E+01  5.3875E-05  5.5358E+03
   #    503254  7.1698E+01  5.3844E-05  5.5658E+03
   #    503424  7.1707E+01  5.3815E-05  5.5959E+03
   #    503607  7.1717E+01  5.3784E-05  5.6260E+03
   #    503789  7.1727E+01  5.3753E-05  5.6560E+03
   #    503972  7.1737E+01  5.3722E-05  5.6861E+03
   #    504155  7.1747E+01  5.3691E-05  5.7163E+03
   #    504337  7.1757E+01  5.3661E-05  5.7463E+03
   #    504520  7.1766E+01  5.3631E-05  5.7765E+03
   #    504700  7.1776E+01  5.3600E-05  5.8065E+03
   #    504879  7.1786E+01  5.3571E-05  5.8365E+03
   #    505058  7.1795E+01  5.3544E-05  5.8665E+03
   #    505237  7.1805E+01  5.3519E-05  5.8965E+03
   #    505414  7.1814E+01  5.3494E-05  5.9267E+03
   #    505594  7.1824E+01  5.3474E-05  5.9567E+03
   #    505774  7.1833E+01  5.3469E-05  5.9868E+03
   #    505954  7.1843E+01  5.3483E-05  6.0169E+03
   #    506134  7.1853E+01  5.3510E-05  6.0469E+03
   #    506315  7.1862E+01  5.3545E-05  6.0770E+03
   #    506496  7.1872E+01  5.3594E-05  6.1071E+03
   #    506677  7.1882E+01  5.3638E-05  6.1371E+03
   #    506858  7.1892E+01  5.3676E-05  6.1672E+03
   #    507039  7.1901E+01  5.3683E-05  6.1973E+03
   #    507208  7.1910E+01  5.3681E-05  6.2274E+03
   #    507382  7.1920E+01  5.3675E-05  6.2574E+03
   #    507560  7.1929E+01  5.3665E-05  6.2875E+03
   #    507738  7.1939E+01  5.3653E-05  6.3177E+03
   #    507916  7.1948E+01  5.3635E-05  6.3478E+03
   #    508094  7.1958E+01  5.3612E-05  6.3780E+03
   #    508272  7.1967E+01  5.3583E-05  6.4081E+03
   #    508450  7.1977E+01  5.3550E-05  6.4382E+03
   #    508628  7.1986E+01  5.3513E-05  6.4684E+03
   #    508806  7.1996E+01  5.3474E-05  6.4985E+03
   #    508984  7.2006E+01  5.3433E-05  6.5286E+03
   #    509161  7.2015E+01  5.3392E-05  6.5587E+03
   #    509335  7.2024E+01  5.3344E-05  6.5887E+03
   #    509511  7.2034E+01  5.3295E-05  6.6187E+03
   #    509688  7.2043E+01  5.3243E-05  6.6489E+03
   #    509864  7.2052E+01  5.3189E-05  6.6789E+03
   #    510040  7.2062E+01  5.3134E-05  6.7089E+03
   #    510216  7.2071E+01  5.3076E-05  6.7389E+03
   #    510393  7.2081E+01  5.3016E-05  6.7690E+03
   #    510571  7.2090E+01  5.2954E-05  6.7992E+03
   #    510749  7.2099E+01  5.2890E-05  6.8292E+03
   #    510920  7.2108E+01  5.2828E-05  6.8594E+03
   #    511097  7.2118E+01  5.2762E-05  6.8897E+03
   #    511274  7.2127E+01  5.2698E-05  6.9198E+03
   #    511452  7.2136E+01  5.2633E-05  6.9499E+03
   #    511630  7.2146E+01  5.2568E-05  6.9800E+03
   #    511808  7.2155E+01  5.2501E-05  7.0102E+03
   #    511985  7.2164E+01  5.2435E-05  7.0402E+03
   #    512162  7.2174E+01  5.2369E-05  7.0703E+03
   #    512339  7.2183E+01  5.2305E-05  7.1005E+03
   #    512517  7.2192E+01  5.2242E-05  7.1306E+03
   #    512695  7.2202E+01  5.2177E-05  7.1606E+03
   #    512874  7.2211E+01  5.2114E-05  7.1907E+03
   #    513050  7.2220E+01  5.2053E-05  7.2208E+03
   #    513230  7.2229E+01  5.1992E-05  7.2508E+03
   #    513412  7.2239E+01  5.1931E-05  7.2810E+03
   #    513593  7.2248E+01  5.1875E-05  7.3110E+03
   #    513775  7.2258E+01  5.1820E-05  7.3412E+03
   #    513956  7.2267E+01  5.1769E-05  7.3712E+03
   #    514137  7.2276E+01  5.1724E-05  7.4012E+03
   #    514318  7.2286E+01  5.1688E-05  7.4314E+03
   #    514499  7.2295E+01  5.1673E-05  7.4614E+03
   #    514672  7.2304E+01  5.1675E-05  7.4915E+03
   #    514853  7.2313E+01  5.1689E-05  7.5216E+03
   #    515030  7.2323E+01  5.1716E-05  7.5517E+03
   #    515211  7.2332E+01  5.1750E-05  7.5817E+03
   #    515392  7.2341E+01  5.1786E-05  7.6118E+03
   #    515573  7.2351E+01  5.1799E-05  7.6419E+03
   #    515754  7.2360E+01  5.1801E-05  7.6719E+03
   #    515934  7.2369E+01  5.1795E-05  7.7019E+03
   #    516114  7.2379E+01  5.1781E-05  7.7320E+03
   #    516294  7.2388E+01  5.1758E-05  7.7621E+03
   #    516474  7.2397E+01  5.1728E-05  7.7921E+03
   #    516654  7.2407E+01  5.1691E-05  7.8222E+03
   #    516830  7.2416E+01  5.1650E-05  7.8522E+03
   #    517002  7.2425E+01  5.1607E-05  7.8823E+03
   #    517177  7.2434E+01  5.1560E-05  7.9124E+03
   #    517355  7.2443E+01  5.1510E-05  7.9424E+03
   #    517533  7.2452E+01  5.1452E-05  7.9725E+03
   #    517711  7.2461E+01  5.1391E-05  8.0025E+03
   #    517889  7.2470E+01  5.1327E-05  8.0325E+03
   #    518067  7.2479E+01  5.1262E-05  8.0626E+03
   #    518245  7.2489E+01  5.1195E-05  8.0926E+03
   #    518423  7.2498E+01  5.1127E-05  8.1227E+03
   #    518594  7.2506E+01  5.1061E-05  8.1528E+03
   #    518772  7.2515E+01  5.0991E-05  8.1828E+03
   #    518948  7.2524E+01  5.0921E-05  8.2130E+03
   #    519126  7.2534E+01  5.0852E-05  8.2430E+03
   #    519302  7.2542E+01  5.0783E-05  8.2731E+03
   #    519478  7.2551E+01  5.0715E-05  8.3032E+03
   #    519654  7.2560E+01  5.0648E-05  8.3334E+03
   #    519830  7.2569E+01  5.0582E-05  8.3635E+03
   #    520006  7.2578E+01  5.0517E-05  8.3937E+03
   #    520182  7.2587E+01  5.0454E-05  8.4238E+03
   #    520358  7.2596E+01  5.0392E-05  8.4540E+03
   #    520534  7.2605E+01  5.0328E-05  8.4841E+03
   #    520709  7.2613E+01  5.0267E-05  8.5141E+03
   #    520883  7.2622E+01  5.0207E-05  8.5442E+03
   #    521058  7.2631E+01  5.0147E-05  8.5742E+03
   #    521234  7.2640E+01  5.0087E-05  8.6044E+03
   #    521409  7.2649E+01  5.0031E-05  8.6344E+03
   #    521585  7.2657E+01  4.9976E-05  8.6646E+03
   #    521761  7.2666E+01  4.9921E-05  8.6948E+03
   #    521937  7.2675E+01  4.9869E-05  8.7249E+03
   #    522113  7.2684E+01  4.9817E-05  8.7549E+03
   #    522289  7.2692E+01  4.9766E-05  8.7850E+03
   #    522465  7.2701E+01  4.9716E-05  8.8150E+03
   #    522630  7.2709E+01  4.9673E-05  8.8452E+03
   #    522806  7.2718E+01  4.9630E-05  8.8753E+03
   #    522982  7.2727E+01  4.9594E-05  8.9054E+03
   #    523158  7.2736E+01  4.9577E-05  8.9354E+03
   #    523334  7.2744E+01  4.9591E-05  8.9654E+03
   #    523510  7.2753E+01  4.9631E-05  8.9954E+03
   #    523686  7.2762E+01  4.9689E-05  9.0254E+03
   #    523862  7.2771E+01  4.9765E-05  9.0555E+03
   #    524038  7.2779E+01  4.9851E-05  9.0855E+03
   #    524214  7.2788E+01  4.9910E-05  9.1156E+03
   #    524391  7.2797E+01  4.9947E-05  9.1457E+03
   #    524567  7.2806E+01  4.9973E-05  9.1759E+03
   #    524746  7.2815E+01  4.9990E-05  9.2060E+03
   #    524924  7.2824E+01  4.9991E-05  9.2361E+03
   #    525101  7.2832E+01  4.9936E-05  9.2662E+03
   #    525278  7.2841E+01  4.9892E-05  9.2962E+03
   #    525455  7.2850E+01  4.9859E-05  9.3263E+03
   #    525632  7.2859E+01  4.9830E-05  9.3564E+03
   #    525809  7.2868E+01  4.9806E-05  9.3865E+03
   #    525986  7.2877E+01  4.9785E-05  9.4165E+03
   #    526163  7.2885E+01  4.9766E-05  9.4466E+03
   #    526340  7.2894E+01  4.9747E-05  9.4767E+03
   #    526505  7.2902E+01  4.9729E-05  9.5068E+03
   #    526680  7.2911E+01  4.9711E-05  9.5369E+03
   #    526855  7.2920E+01  4.9694E-05  9.5670E+03
   #    527030  7.2928E+01  4.9678E-05  9.5972E+03
   #    527205  7.2937E+01  4.9662E-05  9.6273E+03
   #    527380  7.2946E+01  4.9638E-05  9.6574E+03
   #    527555  7.2955E+01  4.9612E-05  9.6875E+03
   #    527730  7.2963E+01  4.9585E-05  9.7176E+03
   #    527905  7.2972E+01  4.9560E-05  9.7477E+03
   #    528080  7.2981E+01  4.9535E-05  9.7779E+03
   #    528255  7.2989E+01  4.9510E-05  9.8080E+03
   #    528427  7.2998E+01  4.9487E-05  9.8382E+03
   #    528602  7.3006E+01  4.9465E-05  9.8683E+03
   #    528777  7.3015E+01  4.9442E-05  9.8984E+03
   #    528952  7.3024E+01  4.9422E-05  9.9286E+03
   #    529127  7.3032E+01  4.9402E-05  9.9587E+03
   #    529302  7.3041E+01  4.9384E-05  9.9889E+03
   #    529474  7.3049E+01  4.9368E-05  1.0019E+04
   #    529649  7.3058E+01  4.9353E-05  1.0049E+04
   #    529824  7.3067E+01  4.9340E-05  1.0079E+04
   #    529999  7.3075E+01  4.9327E-05  1.0109E+04
   #    530174  7.3084E+01  4.9314E-05  1.0139E+04
   #    530346  7.3092E+01  4.9295E-05  1.0169E+04
   #    530521  7.3101E+01  4.9261E-05  1.0200E+04
   #    530688  7.3109E+01  4.9231E-05  1.0230E+04
   #    530863  7.3118E+01  4.9200E-05  1.0260E+04
   #    531038  7.3127E+01  4.9169E-05  1.0290E+04
   #    531213  7.3135E+01  4.9139E-05  1.0320E+04
   #    531388  7.3144E+01  4.9115E-05  1.0350E+04
   #    531563  7.3152E+01  4.9091E-05  1.0380E+04
   #    531738  7.3161E+01  4.9093E-05  1.0410E+04
   #    531913  7.3170E+01  4.9130E-05  1.0440E+04
   #    532085  7.3178E+01  4.9187E-05  1.0471E+04
   #    532260  7.3187E+01  4.9269E-05  1.0501E+04
   #    532435  7.3195E+01  4.9353E-05  1.0531E+04
   #    532610  7.3204E+01  4.9414E-05  1.0561E+04
   #    532785  7.3213E+01  4.9442E-05  1.0591E+04
   #    532961  7.3221E+01  4.9454E-05  1.0621E+04
   #    533137  7.3230E+01  4.9455E-05  1.0651E+04
   #    533313  7.3239E+01  4.9452E-05  1.0681E+04
   #    533489  7.3247E+01  4.9445E-05  1.0711E+04
   #    533665  7.3256E+01  4.9434E-05  1.0742E+04
   #    533841  7.3265E+01  4.9421E-05  1.0772E+04
   #    534014  7.3273E+01  4.9402E-05  1.0802E+04
   #    534189  7.3282E+01  4.9381E-05  1.0832E+04
   #    534364  7.3291E+01  4.9356E-05  1.0862E+04
   #    534540  7.3299E+01  4.9329E-05  1.0892E+04
   #    534708  7.3308E+01  4.9302E-05  1.0922E+04
   #    534884  7.3316E+01  4.9271E-05  1.0952E+04
   #    535061  7.3325E+01  4.9238E-05  1.0982E+04
   #    535237  7.3334E+01  4.9204E-05  1.1012E+04
   #    535413  7.3342E+01  4.9169E-05  1.1042E+04
   #    535587  7.3351E+01  4.9134E-05  1.1072E+04
   #    535759  7.3359E+01  4.9099E-05  1.1103E+04
   #    535927  7.3367E+01  4.9066E-05  1.1133E+04
   #    536098  7.3376E+01  4.9032E-05  1.1163E+04
   #    536268  7.3384E+01  4.9000E-05  1.1193E+04
   #    536438  7.3393E+01  4.8969E-05  1.1223E+04
   #    536608  7.3401E+01  4.8941E-05  1.1253E+04
   #    536778  7.3409E+01  4.8914E-05  1.1283E+04
   #    536948  7.3417E+01  4.8884E-05  1.1313E+04
   #    537118  7.3426E+01  4.8855E-05  1.1343E+04
   #    537288  7.3434E+01  4.8827E-05  1.1373E+04
   #    537458  7.3442E+01  4.8800E-05  1.1403E+04
   #    537628  7.3451E+01  4.8771E-05  1.1433E+04
   #    537795  7.3459E+01  4.8743E-05  1.1463E+04
   #    537965  7.3467E+01  4.8711E-05  1.1493E+04
   #    538135  7.3475E+01  4.8664E-05  1.1523E+04
   #    538306  7.3484E+01  4.8617E-05  1.1553E+04
   #    538477  7.3492E+01  4.8571E-05  1.1583E+04
   #    538648  7.3500E+01  4.8527E-05  1.1614E+04
   #    538811  7.3508E+01  4.8487E-05  1.1644E+04
   #    538982  7.3516E+01  4.8446E-05  1.1674E+04
   #    539153  7.3525E+01  4.8404E-05  1.1704E+04
   #    539322  7.3533E+01  4.8364E-05  1.1734E+04
   #    539493  7.3541E+01  4.8326E-05  1.1764E+04
   #    539661  7.3549E+01  4.8289E-05  1.1794E+04
   #    539832  7.3558E+01  4.8254E-05  1.1824E+04
   #    540003  7.3566E+01  4.8226E-05  1.1855E+04
   #    540174  7.3574E+01  4.8207E-05  1.1885E+04
   #    540345  7.3582E+01  4.8196E-05  1.1915E+04
   #    540517  7.3591E+01  4.8160E-05  1.1945E+04
   #    540689  7.3599E+01  4.8145E-05  1.1975E+04
   #    540861  7.3607E+01  4.8149E-05  1.2005E+04
   #    541033  7.3615E+01  4.8162E-05  1.2035E+04
   #    541205  7.3624E+01  4.8179E-05  1.2065E+04
   #    541374  7.3632E+01  4.8177E-05  1.2095E+04
   #    541546  7.3640E+01  4.8171E-05  1.2125E+04
   #    541719  7.3648E+01  4.8164E-05  1.2155E+04
   #    541892  7.3657E+01  4.8157E-05  1.2185E+04
   #    542063  7.3665E+01  4.8150E-05  1.2216E+04
   #    542235  7.3673E+01  4.8141E-05  1.2246E+04
   #    542407  7.3682E+01  4.8129E-05  1.2276E+04
   #    542579  7.3690E+01  4.8116E-05  1.2306E+04
   #    542752  7.3698E+01  4.8102E-05  1.2336E+04
   #    542916  7.3706E+01  4.8087E-05  1.2366E+04
   #    543088  7.3714E+01  4.8070E-05  1.2396E+04
   #    543258  7.3723E+01  4.8050E-05  1.2426E+04
   #    543430  7.3731E+01  4.8026E-05  1.2456E+04
   #    543602  7.3739E+01  4.7999E-05  1.2486E+04
   #    543774  7.3747E+01  4.7959E-05  1.2516E+04
   #    543946  7.3756E+01  4.7906E-05  1.2546E+04
   #    544118  7.3764E+01  4.7860E-05  1.2576E+04
   #    544290  7.3772E+01  4.7817E-05  1.2606E+04
   #    544462  7.3780E+01  4.7777E-05  1.2636E+04
   #    544634  7.3788E+01  4.7737E-05  1.2667E+04
   #    544806  7.3797E+01  4.7699E-05  1.2697E+04
   #    544978  7.3805E+01  4.7662E-05  1.2727E+04
   #    545147  7.3813E+01  4.7627E-05  1.2757E+04
   #    545319  7.3821E+01  4.7593E-05  1.2787E+04
   #    545491  7.3829E+01  4.7559E-05  1.2817E+04
   #    545663  7.3837E+01  4.7525E-05  1.2847E+04
   #    545835  7.3846E+01  4.7486E-05  1.2877E+04
   #    546007  7.3854E+01  4.7445E-05  1.2907E+04
   #    546179  7.3862E+01  4.7402E-05  1.2938E+04
   #    546351  7.3870E+01  4.7361E-05  1.2968E+04
   #    546523  7.3878E+01  4.7322E-05  1.2998E+04
   #    546695  7.3886E+01  4.7281E-05  1.3028E+04
   #    546867  7.3894E+01  4.7242E-05  1.3058E+04
   #    547034  7.3902E+01  4.7206E-05  1.3089E+04
   #    547206  7.3910E+01  4.7171E-05  1.3119E+04
   #    547378  7.3919E+01  4.7137E-05  1.3149E+04
   #    547550  7.3927E+01  4.7106E-05  1.3180E+04
   #    547722  7.3935E+01  4.7077E-05  1.3210E+04
   #    547894  7.3943E+01  4.7052E-05  1.3240E+04
   #    548066  7.3951E+01  4.7028E-05  1.3270E+04
   #    548238  7.3959E+01  4.7004E-05  1.3300E+04
   #    548410  7.3967E+01  4.6981E-05  1.3330E+04
   #    548582  7.3975E+01  4.6959E-05  1.3360E+04
   #    548751  7.3983E+01  4.6937E-05  1.3390E+04
   #    548923  7.3991E+01  4.6902E-05  1.3421E+04
   #    549095  7.3999E+01  4.6873E-05  1.3451E+04
   #    549267  7.4007E+01  4.6855E-05  1.3481E+04
   #    549439  7.4015E+01  4.6827E-05  1.3511E+04
   #    549611  7.4023E+01  4.6806E-05  1.3541E+04
   #    549783  7.4031E+01  4.6795E-05  1.3571E+04
   #    549955  7.4040E+01  4.6798E-05  1.3601E+04
   #    550127  7.4048E+01  4.6813E-05  1.3631E+04
   #    550299  7.4056E+01  4.6838E-05  1.3661E+04
   #    550471  7.4064E+01  4.6875E-05  1.3692E+04
   #    550639  7.4072E+01  4.6927E-05  1.3722E+04
   #    550811  7.4080E+01  4.6992E-05  1.3752E+04
   #    550983  7.4088E+01  4.7071E-05  1.3782E+04
   #    551155  7.4096E+01  4.7167E-05  1.3812E+04
   #    551319  7.4104E+01  4.7267E-05  1.3842E+04
   #    551491  7.4112E+01  4.7381E-05  1.3872E+04
   #    551663  7.4120E+01  4.7450E-05  1.3902E+04
   #    551835  7.4128E+01  4.7489E-05  1.3932E+04
   #    552007  7.4136E+01  4.7519E-05  1.3963E+04
   #    552179  7.4144E+01  4.7542E-05  1.3993E+04
   #    552351  7.4153E+01  4.7564E-05  1.4023E+04
   #    552520  7.4161E+01  4.7582E-05  1.4053E+04
   #    552692  7.4169E+01  4.7602E-05  1.4083E+04
   #    552864  7.4177E+01  4.7620E-05  1.4113E+04
   #    553036  7.4185E+01  4.7641E-05  1.4143E+04
   #    553208  7.4193E+01  4.7662E-05  1.4173E+04
   #    553380  7.4202E+01  4.7683E-05  1.4204E+04
   #    553552  7.4210E+01  4.7705E-05  1.4234E+04
   #    553724  7.4218E+01  4.7727E-05  1.4264E+04
   #    553896  7.4226E+01  4.7749E-05  1.4294E+04
   #    554068  7.4234E+01  4.7771E-05  1.4324E+04
   #    554240  7.4243E+01  4.7793E-05  1.4354E+04
   #    554409  7.4251E+01  4.7813E-05  1.4384E+04
   #    554581  7.4259E+01  4.7833E-05  1.4414E+04
   #    554752  7.4267E+01  4.7850E-05  1.4445E+04
   #    554923  7.4275E+01  4.7867E-05  1.4475E+04
   #    555094  7.4283E+01  4.7882E-05  1.4505E+04
   #    555265  7.4292E+01  4.7894E-05  1.4535E+04
   #    555436  7.4300E+01  4.7904E-05  1.4565E+04
   #    555601  7.4308E+01  4.7910E-05  1.4595E+04
   #    555775  7.4316E+01  4.7915E-05  1.4625E+04
   #    555950  7.4324E+01  4.7918E-05  1.4655E+04
   #    556124  7.4333E+01  4.7919E-05  1.4685E+04
   #    556296  7.4341E+01  4.7920E-05  1.4715E+04
   #    556470  7.4349E+01  4.7919E-05  1.4745E+04
   #    556644  7.4358E+01  4.7918E-05  1.4775E+04
   #    556818  7.4366E+01  4.7916E-05  1.4805E+04
   #    556992  7.4374E+01  4.7914E-05  1.4835E+04
   #    557166  7.4383E+01  4.7913E-05  1.4865E+04
   #    557340  7.4391E+01  4.7912E-05  1.4895E+04
   #    557514  7.4399E+01  4.7909E-05  1.4925E+04
   #    557688  7.4408E+01  4.7906E-05  1.4955E+04
   #    557862  7.4416E+01  4.7902E-05  1.4985E+04
   #    558034  7.4424E+01  4.7897E-05  1.5015E+04
   #    558208  7.4433E+01  4.7891E-05  1.5046E+04
   #    558382  7.4441E+01  4.7883E-05  1.5076E+04
   #    558556  7.4449E+01  4.7872E-05  1.5106E+04
   #    558731  7.4458E+01  4.7859E-05  1.5136E+04
   #    558906  7.4466E+01  4.7843E-05  1.5166E+04
   #    559081  7.4474E+01  4.7818E-05  1.5196E+04
   #    559255  7.4483E+01  4.7772E-05  1.5226E+04
   #    559430  7.4491E+01  4.7722E-05  1.5256E+04
   #    559604  7.4499E+01  4.7669E-05  1.5286E+04
   #    559770  7.4507E+01  4.7622E-05  1.5316E+04
   #    559942  7.4515E+01  4.7580E-05  1.5346E+04
   #    560116  7.4524E+01  4.7542E-05  1.5376E+04
   #    560291  7.4532E+01  4.7511E-05  1.5407E+04
   #    560466  7.4540E+01  4.7484E-05  1.5437E+04
   #    560637  7.4548E+01  4.7463E-05  1.5467E+04
   #    560807  7.4557E+01  4.7448E-05  1.5497E+04
   #    560977  7.4565E+01  4.7436E-05  1.5527E+04
   #    561147  7.4573E+01  4.7424E-05  1.5557E+04
   #    561317  7.4581E+01  4.7418E-05  1.5587E+04
   #    561487  7.4589E+01  4.7413E-05  1.5617E+04
   #    561657  7.4597E+01  4.7408E-05  1.5647E+04
   #    561824  7.4605E+01  4.7409E-05  1.5678E+04
   #    561994  7.4613E+01  4.7410E-05  1.5708E+04
   #    562164  7.4621E+01  4.7416E-05  1.5738E+04
   #    562334  7.4629E+01  4.7426E-05  1.5768E+04
   #    562505  7.4637E+01  4.7440E-05  1.5798E+04
   #    562680  7.4645E+01  4.7463E-05  1.5828E+04
   #    562855  7.4654E+01  4.7488E-05  1.5858E+04
   #    563030  7.4662E+01  4.7507E-05  1.5888E+04
   #    563205  7.4670E+01  4.7487E-05  1.5918E+04
   #    563380  7.4679E+01  4.7458E-05  1.5948E+04
   #    563555  7.4687E+01  4.7426E-05  1.5978E+04
   #    563727  7.4695E+01  4.7387E-05  1.6008E+04
   #    563893  7.4703E+01  4.7345E-05  1.6038E+04
   #    564068  7.4711E+01  4.7299E-05  1.6068E+04
   #    564243  7.4719E+01  4.7251E-05  1.6098E+04
   #    564419  7.4728E+01  4.7201E-05  1.6128E+04
   #    564595  7.4736E+01  4.7149E-05  1.6159E+04
   #    564770  7.4744E+01  4.7096E-05  1.6189E+04
   #    564945  7.4753E+01  4.7043E-05  1.6219E+04
   #    565120  7.4761E+01  4.6988E-05  1.6249E+04
   #    565296  7.4769E+01  4.6933E-05  1.6279E+04
   #    565472  7.4777E+01  4.6877E-05  1.6309E+04
   #    565645  7.4785E+01  4.6822E-05  1.6339E+04
   #    565820  7.4794E+01  4.6768E-05  1.6369E+04
   #    565996  7.4802E+01  4.6713E-05  1.6399E+04
   #    566171  7.4810E+01  4.6661E-05  1.6429E+04
   #    566346  7.4818E+01  4.6611E-05  1.6459E+04
   #    566521  7.4826E+01  4.6562E-05  1.6489E+04
   #    566696  7.4834E+01  4.6514E-05  1.6519E+04
   #    566872  7.4843E+01  4.6469E-05  1.6549E+04
   #    567048  7.4851E+01  4.6426E-05  1.6580E+04
   #    567223  7.4859E+01  4.6386E-05  1.6610E+04
   #    567396  7.4867E+01  4.6340E-05  1.6640E+04
   #    567571  7.4875E+01  4.6273E-05  1.6670E+04
   #    567746  7.4883E+01  4.6203E-05  1.6700E+04
   #    567922  7.4891E+01  4.6132E-05  1.6730E+04
   #    568098  7.4899E+01  4.6059E-05  1.6760E+04
   #    568265  7.4907E+01  4.5990E-05  1.6790E+04
   #    568440  7.4915E+01  4.5917E-05  1.6820E+04
   #    568615  7.4923E+01  4.5846E-05  1.6850E+04
   #    568790  7.4931E+01  4.5776E-05  1.6880E+04
   #    568966  7.4939E+01  4.5709E-05  1.6911E+04
   #    569142  7.4947E+01  4.5644E-05  1.6941E+04
   #    569314  7.4955E+01  4.5582E-05  1.6971E+04
   #    569489  7.4963E+01  4.5523E-05  1.7001E+04
   #    569664  7.4971E+01  4.5468E-05  1.7031E+04
   #    569839  7.4979E+01  4.5416E-05  1.7061E+04
   #    570014  7.4987E+01  4.5366E-05  1.7091E+04
   #    570190  7.4995E+01  4.5322E-05  1.7121E+04
   #    570366  7.5003E+01  4.5283E-05  1.7151E+04
   #    570542  7.5011E+01  4.5247E-05  1.7181E+04
   #    570717  7.5019E+01  4.5215E-05  1.7211E+04
   #    570893  7.5027E+01  4.5192E-05  1.7241E+04
   #    571068  7.5035E+01  4.5183E-05  1.7271E+04
   #    571240  7.5042E+01  4.5185E-05  1.7301E+04
   #    571415  7.5050E+01  4.5197E-05  1.7331E+04
   #    571590  7.5058E+01  4.5219E-05  1.7361E+04
   #    571765  7.5066E+01  4.5245E-05  1.7391E+04
   #    571941  7.5074E+01  4.5274E-05  1.7422E+04
   #    572118  7.5082E+01  4.5305E-05  1.7452E+04
   #    572295  7.5090E+01  4.5341E-05  1.7482E+04
   #    572471  7.5098E+01  4.5370E-05  1.7512E+04
   #    572640  7.5106E+01  4.5400E-05  1.7542E+04
   #    572816  7.5114E+01  4.5426E-05  1.7572E+04
   #    572993  7.5122E+01  4.5455E-05  1.7602E+04
   #    573167  7.5130E+01  4.5482E-05  1.7632E+04
   #    573342  7.5138E+01  4.5504E-05  1.7662E+04
   #    573517  7.5146E+01  4.5535E-05  1.7692E+04
   #    573692  7.5154E+01  4.5557E-05  1.7722E+04
   #    573867  7.5162E+01  4.5584E-05  1.7752E+04
   #    574042  7.5170E+01  4.5605E-05  1.7782E+04
   #    574217  7.5178E+01  4.5632E-05  1.7813E+04
   #    574392  7.5186E+01  4.5654E-05  1.7843E+04
   #    574567  7.5194E+01  4.5680E-05  1.7873E+04
   #    574742  7.5202E+01  4.5708E-05  1.7903E+04
   #    574917  7.5210E+01  4.5739E-05  1.7933E+04
   #    575089  7.5217E+01  4.5776E-05  1.7963E+04
   #    575264  7.5225E+01  4.5814E-05  1.7993E+04
   #    575439  7.5233E+01  4.5853E-05  1.8023E+04
   #    575614  7.5241E+01  4.5896E-05  1.8053E+04
   #    575789  7.5249E+01  4.5940E-05  1.8083E+04
   #    575964  7.5258E+01  4.5980E-05  1.8113E+04
   #    576139  7.5266E+01  4.6020E-05  1.8143E+04
   #    576314  7.5274E+01  4.6057E-05  1.8173E+04
   #    576489  7.5282E+01  4.6093E-05  1.8203E+04
   #    576664  7.5290E+01  4.6128E-05  1.8233E+04
   #    576839  7.5298E+01  4.6158E-05  1.8263E+04
   #    577004  7.5305E+01  4.6183E-05  1.8293E+04
   #    577180  7.5314E+01  4.6206E-05  1.8323E+04
   #    577355  7.5322E+01  4.6185E-05  1.8353E+04
   #    577531  7.5330E+01  4.6165E-05  1.8383E+04
   #    577706  7.5338E+01  4.6144E-05  1.8413E+04
   #    577881  7.5346E+01  4.6122E-05  1.8443E+04
   #    578056  7.5354E+01  4.6099E-05  1.8474E+04
   #    578231  7.5362E+01  4.6076E-05  1.8504E+04
   #    578406  7.5370E+01  4.6052E-05  1.8534E+04
   #    578581  7.5378E+01  4.6027E-05  1.8564E+04
   #    578753  7.5386E+01  4.6003E-05  1.8594E+04
   #    578928  7.5394E+01  4.5980E-05  1.8624E+04
   #    579103  7.5402E+01  4.5957E-05  1.8654E+04
   #    579278  7.5410E+01  4.5935E-05  1.8684E+04
   #    579453  7.5418E+01  4.5914E-05  1.8714E+04
   #    579628  7.5426E+01  4.5895E-05  1.8744E+04
   #    579803  7.5434E+01  4.5879E-05  1.8774E+04
   #    579978  7.5442E+01  4.5866E-05  1.8804E+04
   #    580153  7.5450E+01  4.5856E-05  1.8834E+04
   #    580328  7.5458E+01  4.5849E-05  1.8864E+04
   #    580503  7.5466E+01  4.5845E-05  1.8894E+04
   #    580676  7.5474E+01  4.5843E-05  1.8924E+04
   #    580851  7.5482E+01  4.5845E-05  1.8954E+04
   #    581026  7.5490E+01  4.5850E-05  1.8984E+04
   #    581201  7.5498E+01  4.5858E-05  1.9014E+04
   #    581368  7.5506E+01  4.5868E-05  1.9044E+04
   #    581543  7.5514E+01  4.5883E-05  1.9074E+04
   #    581718  7.5522E+01  4.5900E-05  1.9104E+04
   #    581893  7.5530E+01  4.5920E-05  1.9134E+04
   #    582068  7.5538E+01  4.5911E-05  1.9164E+04
   #    582243  7.5546E+01  4.5884E-05  1.9194E+04
   #    582418  7.5554E+01  4.5857E-05  1.9224E+04
   #    582590  7.5562E+01  4.5831E-05  1.9254E+04
   #    582765  7.5570E+01  4.5805E-05  1.9284E+04
   #    582940  7.5578E+01  4.5780E-05  1.9314E+04
   #    583115  7.5586E+01  4.5755E-05  1.9345E+04
   #    583290  7.5594E+01  4.5731E-05  1.9375E+04
   #    583465  7.5602E+01  4.5707E-05  1.9405E+04
   #    583640  7.5610E+01  4.5683E-05  1.9435E+04
   #    583815  7.5618E+01  4.5659E-05  1.9465E+04
   #    583990  7.5626E+01  4.5634E-05  1.9495E+04
   #    584165  7.5634E+01  4.5608E-05  1.9525E+04
   #    584340  7.5642E+01  4.5581E-05  1.9555E+04
   #    584512  7.5650E+01  4.5554E-05  1.9585E+04
   #    584687  7.5658E+01  4.5524E-05  1.9615E+04
   #    584862  7.5666E+01  4.5490E-05  1.9645E+04
   #    585037  7.5674E+01  4.5454E-05  1.9675E+04
   #    585212  7.5682E+01  4.5420E-05  1.9705E+04
   #    585387  7.5690E+01  4.5391E-05  1.9735E+04
   #    585562  7.5698E+01  4.5363E-05  1.9765E+04
   #    585729  7.5705E+01  4.5340E-05  1.9796E+04
   #    585904  7.5713E+01  4.5316E-05  1.9826E+04
   #    586079  7.5721E+01  4.5295E-05  1.9856E+04
   #    586254  7.5729E+01  4.5272E-05  1.9886E+04
   #    586427  7.5737E+01  4.5254E-05  1.9916E+04
   #    586602  7.5745E+01  4.5235E-05  1.9946E+04
   #    586777  7.5753E+01  4.5220E-05  1.9976E+04
   #    586953  7.5761E+01  4.5206E-05  2.0006E+04
   #    587129  7.5769E+01  4.5193E-05  2.0036E+04
   #    587305  7.5777E+01  4.5183E-05  2.0066E+04
   #    587481  7.5785E+01  4.5174E-05  2.0096E+04
   #    587657  7.5792E+01  4.5166E-05  2.0126E+04
   #    587833  7.5800E+01  4.5160E-05  2.0156E+04
   #    588009  7.5808E+01  4.5157E-05  2.0186E+04
   #    588182  7.5816E+01  4.5153E-05  2.0216E+04
   #    588358  7.5824E+01  4.5155E-05  2.0246E+04
   #    588534  7.5832E+01  4.5156E-05  2.0276E+04
   #    588710  7.5840E+01  4.5162E-05  2.0306E+04
   #    588886  7.5848E+01  4.5168E-05  2.0337E+04
   #    589062  7.5856E+01  4.5179E-05  2.0367E+04
   #    589238  7.5864E+01  4.5188E-05  2.0397E+04
   #    589408  7.5872E+01  4.5200E-05  2.0427E+04
   #    589577  7.5879E+01  4.5211E-05  2.0457E+04
   #    589746  7.5887E+01  4.5223E-05  2.0487E+04
   #    589915  7.5894E+01  4.5238E-05  2.0517E+04
   #    590081  7.5902E+01  4.5253E-05  2.0547E+04
   #    590241  7.5909E+01  4.5270E-05  2.0577E+04
   #    590413  7.5917E+01  4.5290E-05  2.0607E+04
   #    590585  7.5925E+01  4.5310E-05  2.0638E+04
   #    590757  7.5933E+01  4.5333E-05  2.0668E+04
   #    590929  7.5940E+01  4.5359E-05  2.0698E+04
   #    591101  7.5948E+01  4.5387E-05  2.0728E+04
   #    591273  7.5956E+01  4.5414E-05  2.0758E+04
   #    591445  7.5964E+01  4.5443E-05  2.0788E+04
   #    591617  7.5972E+01  4.5473E-05  2.0818E+04
   #    591789  7.5979E+01  4.5504E-05  2.0848E+04
   #    591958  7.5987E+01  4.5535E-05  2.0878E+04
   #    592130  7.5995E+01  4.5566E-05  2.0908E+04
   #    592302  7.6003E+01  4.5597E-05  2.0939E+04
   #    592474  7.6011E+01  4.5629E-05  2.0969E+04
   #    592646  7.6019E+01  4.5658E-05  2.0999E+04
   #    592818  7.6026E+01  4.5684E-05  2.1029E+04
   #    592990  7.6034E+01  4.5710E-05  2.1059E+04
   #    593158  7.6042E+01  4.5735E-05  2.1089E+04
   #    593326  7.6050E+01  4.5741E-05  2.1119E+04
   #    593495  7.6057E+01  4.5735E-05  2.1149E+04
   #    593663  7.6065E+01  4.5728E-05  2.1179E+04
   #    593828  7.6073E+01  4.5717E-05  2.1209E+04
   #    593999  7.6080E+01  4.5703E-05  2.1239E+04
   #    594174  7.6088E+01  4.5684E-05  2.1270E+04
   #    594351  7.6096E+01  4.5660E-05  2.1300E+04
   #    594520  7.6104E+01  4.5634E-05  2.1330E+04
   #    594697  7.6112E+01  4.5605E-05  2.1360E+04
   #    594874  7.6120E+01  4.5574E-05  2.1390E+04
   #    595051  7.6128E+01  4.5543E-05  2.1420E+04
   #    595228  7.6136E+01  4.5511E-05  2.1450E+04
   #    595403  7.6144E+01  4.5479E-05  2.1480E+04
   #    595578  7.6152E+01  4.5447E-05  2.1510E+04
   #    595750  7.6160E+01  4.5414E-05  2.1540E+04
   #    595925  7.6168E+01  4.5380E-05  2.1570E+04
   #    596100  7.6176E+01  4.5346E-05  2.1600E+04
   #    596276  7.6184E+01  4.5310E-05  2.1630E+04
   #    596450  7.6192E+01  4.5273E-05  2.1660E+04
   #    596623  7.6200E+01  4.5236E-05  2.1690E+04
   #    596796  7.6208E+01  4.5197E-05  2.1721E+04
   #    596969  7.6215E+01  4.5157E-05  2.1751E+04
   #    597143  7.6223E+01  4.5115E-05  2.1781E+04
   #    597317  7.6231E+01  4.5071E-05  2.1811E+04
   #    597492  7.6239E+01  4.5026E-05  2.1841E+04
   #    597663  7.6247E+01  4.4980E-05  2.1871E+04
   #    597838  7.6255E+01  4.4931E-05  2.1901E+04
   #    598014  7.6262E+01  4.4879E-05  2.1931E+04
   #    598190  7.6270E+01  4.4825E-05  2.1961E+04
   #    598366  7.6278E+01  4.4770E-05  2.1992E+04
   #    598541  7.6286E+01  4.4715E-05  2.2022E+04
   #    598715  7.6294E+01  4.4658E-05  2.2052E+04
   #    598889  7.6302E+01  4.4600E-05  2.2082E+04
   #    599055  7.6309E+01  4.4544E-05  2.2112E+04
   #    599228  7.6317E+01  4.4483E-05  2.2142E+04
   #    599401  7.6324E+01  4.4422E-05  2.2172E+04
   #    599575  7.6332E+01  4.4361E-05  2.2202E+04
   #    599749  7.6340E+01  4.4298E-05  2.2232E+04
   #    599924  7.6348E+01  4.4236E-05  2.2262E+04
   #    600099  7.6355E+01  4.4174E-05  2.2293E+04
   #    600274  7.6363E+01  4.4112E-05  2.2323E+04
   #    600449  7.6371E+01  4.4050E-05  2.2353E+04
   #    600624  7.6378E+01  4.3989E-05  2.2383E+04
   #    600799  7.6386E+01  4.3928E-05  2.2413E+04
   #    600974  7.6394E+01  4.3870E-05  2.2443E+04
   #    601149  7.6401E+01  4.3818E-05  2.2473E+04
   #    601321  7.6409E+01  4.3770E-05  2.2503E+04
   #    601496  7.6417E+01  4.3727E-05  2.2533E+04
   #    601671  7.6424E+01  4.3685E-05  2.2563E+04
   #    601846  7.6432E+01  4.3648E-05  2.2593E+04
   #    602021  7.6440E+01  4.3614E-05  2.2623E+04
   #    602195  7.6447E+01  4.3581E-05  2.2654E+04
   #    602370  7.6455E+01  4.3553E-05  2.2684E+04
   #    602546  7.6462E+01  4.3524E-05  2.2714E+04
   #    602722  7.6470E+01  4.3503E-05  2.2744E+04
   #    602897  7.6478E+01  4.3479E-05  2.2774E+04
   #    603072  7.6485E+01  4.3462E-05  2.2804E+04
   #    603244  7.6493E+01  4.3445E-05  2.2834E+04
   #    603419  7.6500E+01  4.3432E-05  2.2864E+04
   #    603585  7.6508E+01  4.3420E-05  2.2894E+04
   #    603760  7.6515E+01  4.3412E-05  2.2925E+04
   #    603935  7.6523E+01  4.3396E-05  2.2955E+04
   #    604110  7.6530E+01  4.3383E-05  2.2985E+04
   #    604285  7.6538E+01  4.3375E-05  2.3015E+04
   #    604460  7.6546E+01  4.3366E-05  2.3045E+04
   #    604635  7.6553E+01  4.3364E-05  2.3075E+04
   #    604810  7.6561E+01  4.3367E-05  2.3105E+04
   #    604985  7.6568E+01  4.3370E-05  2.3135E+04
   #    605157  7.6576E+01  4.3379E-05  2.3165E+04
   #    605332  7.6583E+01  4.3394E-05  2.3195E+04
   #    605507  7.6591E+01  4.3408E-05  2.3226E+04
   #    605682  7.6599E+01  4.3428E-05  2.3256E+04
   #    605857  7.6606E+01  4.3454E-05  2.3286E+04
   #    606032  7.6614E+01  4.3481E-05  2.3316E+04
   #    606207  7.6621E+01  4.3512E-05  2.3346E+04
   #    606382  7.6629E+01  4.3548E-05  2.3376E+04
   #    606557  7.6637E+01  4.3589E-05  2.3406E+04
   #    606732  7.6644E+01  4.3628E-05  2.3436E+04
   #    606907  7.6652E+01  4.3671E-05  2.3466E+04
   #    607077  7.6659E+01  4.3714E-05  2.3496E+04
   #    607249  7.6667E+01  4.3759E-05  2.3527E+04
   #    607421  7.6674E+01  4.3804E-05  2.3557E+04
   #    607593  7.6682E+01  4.3849E-05  2.3587E+04
   #    607765  7.6689E+01  4.3893E-05  2.3617E+04
   #    607937  7.6697E+01  4.3936E-05  2.3647E+04
   #    608101  7.6704E+01  4.3976E-05  2.3677E+04
   #    608272  7.6712E+01  4.4016E-05  2.3708E+04
   #    608443  7.6719E+01  4.4055E-05  2.3738E+04
   #    608614  7.6727E+01  4.4092E-05  2.3768E+04
   #    608783  7.6734E+01  4.4127E-05  2.3798E+04
   #    608954  7.6742E+01  4.4161E-05  2.3828E+04
   #    609126  7.6749E+01  4.4195E-05  2.3858E+04
   #    609298  7.6757E+01  4.4227E-05  2.3888E+04
   #    609470  7.6765E+01  4.4258E-05  2.3918E+04
   #    609642  7.6772E+01  4.4287E-05  2.3948E+04
   #    609814  7.6780E+01  4.4315E-05  2.3979E+04
   #    609985  7.6787E+01  4.4338E-05  2.4009E+04
   #    610157  7.6795E+01  4.4341E-05  2.4039E+04
   #    610328  7.6803E+01  4.4342E-05  2.4069E+04
   #    610498  7.6810E+01  4.4344E-05  2.4099E+04
   #    610666  7.6818E+01  4.4345E-05  2.4129E+04
   #    610836  7.6825E+01  4.4346E-05  2.4159E+04
   #    611004  7.6833E+01  4.4347E-05  2.4189E+04
   #    611172  7.6840E+01  4.4347E-05  2.4219E+04
   #    611340  7.6847E+01  4.4348E-05  2.4249E+04
   #    611507  7.6855E+01  4.4348E-05  2.4280E+04
   #    611673  7.6862E+01  4.4349E-05  2.4310E+04
   #    611839  7.6870E+01  4.4350E-05  2.4340E+04
   #    612008  7.6877E+01  4.4352E-05  2.4370E+04
   #    612177  7.6885E+01  4.4353E-05  2.4400E+04
   #    612346  7.6892E+01  4.4355E-05  2.4430E+04
   #    612512  7.6899E+01  4.4357E-05  2.4460E+04
   #    612672  7.6907E+01  4.4358E-05  2.4490E+04
   #    612838  7.6914E+01  4.4360E-05  2.4520E+04
   #    613004  7.6921E+01  4.4362E-05  2.4550E+04
   #    613170  7.6929E+01  4.4363E-05  2.4580E+04
   #    613337  7.6936E+01  4.4364E-05  2.4611E+04
   #    613504  7.6943E+01  4.4365E-05  2.4641E+04
   #    613671  7.6951E+01  4.4365E-05  2.4671E+04
   #    613838  7.6958E+01  4.4364E-05  2.4701E+04
   #    614005  7.6966E+01  4.4362E-05  2.4731E+04
   #    614172  7.6973E+01  4.4360E-05  2.4761E+04
   #    614336  7.6980E+01  4.4357E-05  2.4791E+04
   #    614503  7.6988E+01  4.4352E-05  2.4821E+04
   #    614670  7.6995E+01  4.4346E-05  2.4852E+04
   #    614837  7.7003E+01  4.4340E-05  2.4882E+04
   #    615004  7.7010E+01  4.4331E-05  2.4912E+04
   #    615171  7.7017E+01  4.4322E-05  2.4942E+04
   #    615338  7.7025E+01  4.4310E-05  2.4972E+04
   #    615505  7.7032E+01  4.4298E-05  2.5002E+04
   #    615672  7.7040E+01  4.4285E-05  2.5032E+04
   #    615839  7.7047E+01  4.4269E-05  2.5062E+04
   #    616003  7.7054E+01  4.4253E-05  2.5092E+04
   #    616170  7.7062E+01  4.4234E-05  2.5123E+04
   #    616337  7.7069E+01  4.4214E-05  2.5153E+04
   #    616504  7.7076E+01  4.4192E-05  2.5183E+04
   #    616671  7.7084E+01  4.4169E-05  2.5213E+04
   #    616838  7.7091E+01  4.4145E-05  2.5243E+04
   #    617004  7.7098E+01  4.4121E-05  2.5273E+04
   #    617162  7.7105E+01  4.4097E-05  2.5303E+04
   #    617328  7.7113E+01  4.4071E-05  2.5333E+04
   #    617494  7.7120E+01  4.4045E-05  2.5364E+04
   #    617660  7.7127E+01  4.4018E-05  2.5394E+04
   #    617823  7.7135E+01  4.3991E-05  2.5424E+04
   #    617988  7.7142E+01  4.3964E-05  2.5454E+04
   #    618152  7.7149E+01  4.3937E-05  2.5484E+04
   #    618316  7.7156E+01  4.3910E-05  2.5514E+04
   #    618480  7.7163E+01  4.3883E-05  2.5544E+04
   #    618645  7.7171E+01  4.3856E-05  2.5574E+04
   #    618810  7.7178E+01  4.3828E-05  2.5604E+04
   #    618975  7.7185E+01  4.3801E-05  2.5635E+04
   #    619140  7.7192E+01  4.3774E-05  2.5665E+04
   #    619306  7.7200E+01  4.3746E-05  2.5695E+04
   #    619474  7.7207E+01  4.3718E-05  2.5725E+04
   #    619640  7.7214E+01  4.3689E-05  2.5755E+04
   #    619808  7.7222E+01  4.3659E-05  2.5785E+04
   #    619976  7.7229E+01  4.3628E-05  2.5815E+04
   #    620144  7.7236E+01  4.3597E-05  2.5845E+04
   #    620312  7.7243E+01  4.3565E-05  2.5875E+04
   #    620480  7.7251E+01  4.3535E-05  2.5905E+04
   #    620648  7.7258E+01  4.3507E-05  2.5935E+04
   #    620816  7.7265E+01  4.3481E-05  2.5965E+04
   #    620984  7.7273E+01  4.3458E-05  2.5995E+04
   #    621152  7.7280E+01  4.3434E-05  2.6026E+04
   #    621320  7.7287E+01  4.3415E-05  2.6056E+04
   #    621485  7.7294E+01  4.3397E-05  2.6086E+04
   #    621653  7.7302E+01  4.3378E-05  2.6116E+04
   #    621812  7.7309E+01  4.3364E-05  2.6146E+04
   #    621980  7.7316E+01  4.3349E-05  2.6176E+04
   #    622148  7.7323E+01  4.3334E-05  2.6206E+04
   #    622316  7.7331E+01  4.3322E-05  2.6236E+04
   #    622484  7.7338E+01  4.3309E-05  2.6266E+04
   #    622653  7.7345E+01  4.3296E-05  2.6296E+04
   #    622821  7.7352E+01  4.3286E-05  2.6326E+04
   #    622989  7.7360E+01  4.3272E-05  2.6356E+04
   #    623158  7.7367E+01  4.3261E-05  2.6386E+04
   #    623324  7.7374E+01  4.3250E-05  2.6416E+04
   #    623492  7.7381E+01  4.3237E-05  2.6446E+04
   #    623660  7.7389E+01  4.3227E-05  2.6476E+04
   #    623828  7.7396E+01  4.3215E-05  2.6506E+04
   #    623997  7.7403E+01  4.3203E-05  2.6536E+04
   #    624165  7.7410E+01  4.3193E-05  2.6566E+04
   #    624333  7.7418E+01  4.3184E-05  2.6596E+04
   #    624501  7.7425E+01  4.3174E-05  2.6627E+04
   #    624669  7.7432E+01  4.3168E-05  2.6657E+04
   #    624837  7.7439E+01  4.3163E-05  2.6687E+04
   #    625004  7.7447E+01  4.3160E-05  2.6717E+04
   #    625172  7.7454E+01  4.3157E-05  2.6747E+04
   #    625340  7.7461E+01  4.3156E-05  2.6777E+04
   #    625508  7.7468E+01  4.3156E-05  2.6807E+04
   #    625675  7.7476E+01  4.3157E-05  2.6837E+04
   #    625842  7.7483E+01  4.3156E-05  2.6867E+04
   #    626009  7.7490E+01  4.3157E-05  2.6897E+04
   #    626176  7.7497E+01  4.3160E-05  2.6927E+04
   #    626335  7.7504E+01  4.3163E-05  2.6957E+04
   #    626502  7.7511E+01  4.3165E-05  2.6987E+04
   #    626669  7.7519E+01  4.3169E-05  2.7018E+04
   #    626833  7.7526E+01  4.3177E-05  2.7048E+04
   #    627000  7.7533E+01  4.3183E-05  2.7078E+04
   #    627167  7.7540E+01  4.3191E-05  2.7108E+04
   #    627334  7.7547E+01  4.3202E-05  2.7138E+04
   #    627501  7.7554E+01  4.3213E-05  2.7168E+04
   #    627668  7.7562E+01  4.3224E-05  2.7198E+04
   #    627835  7.7569E+01  4.3236E-05  2.7228E+04
   #    628002  7.7576E+01  4.3250E-05  2.7258E+04
   #    628169  7.7583E+01  4.3265E-05  2.7288E+04
   #    628336  7.7591E+01  4.3276E-05  2.7318E+04
   #    628503  7.7598E+01  4.3288E-05  2.7348E+04
   #    628667  7.7605E+01  4.3300E-05  2.7379E+04
   #    628834  7.7612E+01  4.3312E-05  2.7409E+04
   #    629001  7.7619E+01  4.3323E-05  2.7439E+04
   #    629168  7.7627E+01  4.3333E-05  2.7469E+04
   #    629335  7.7634E+01  4.3345E-05  2.7499E+04
   #    629502  7.7641E+01  4.3355E-05  2.7529E+04
   #    629669  7.7648E+01  4.3360E-05  2.7559E+04
   #    629836  7.7656E+01  4.3371E-05  2.7589E+04
   #    630003  7.7663E+01  4.3382E-05  2.7619E+04
   #    630170  7.7670E+01  4.3390E-05  2.7649E+04
   #    630337  7.7677E+01  4.3397E-05  2.7680E+04
   #    630501  7.7684E+01  4.3402E-05  2.7710E+04
   #    630668  7.7692E+01  4.3413E-05  2.7740E+04
   #    630835  7.7699E+01  4.3420E-05  2.7770E+04
   #    630994  7.7706E+01  4.3425E-05  2.7800E+04
   #    631161  7.7713E+01  4.3434E-05  2.7830E+04
   #    631327  7.7720E+01  4.3438E-05  2.7860E+04
   #    631491  7.7727E+01  4.3445E-05  2.7890E+04
   #    631655  7.7735E+01  4.3451E-05  2.7920E+04
   #    631819  7.7742E+01  4.3459E-05  2.7950E+04
   #    631983  7.7749E+01  4.3466E-05  2.7980E+04
   #    632147  7.7756E+01  4.3469E-05  2.8010E+04
   #    632309  7.7763E+01  4.3468E-05  2.8040E+04
   #    632474  7.7770E+01  4.3467E-05  2.8070E+04
   #    632639  7.7777E+01  4.3466E-05  2.8100E+04
   #    632804  7.7784E+01  4.3465E-05  2.8130E+04
   #    632969  7.7792E+01  4.3464E-05  2.8160E+04
   #    633134  7.7799E+01  4.3461E-05  2.8191E+04
   #    633299  7.7806E+01  4.3458E-05  2.8221E+04
   #    633464  7.7813E+01  4.3455E-05  2.8251E+04
   #    633629  7.7820E+01  4.3451E-05  2.8281E+04
   #    633794  7.7827E+01  4.3447E-05  2.8311E+04
   #    633958  7.7835E+01  4.3442E-05  2.8341E+04
   #    634120  7.7842E+01  4.3436E-05  2.8371E+04
   #    634284  7.7849E+01  4.3430E-05  2.8401E+04
   #    634448  7.7856E+01  4.3423E-05  2.8431E+04
   #    634613  7.7863E+01  4.3415E-05  2.8461E+04
   #    634778  7.7870E+01  4.3407E-05  2.8491E+04
   #    634943  7.7877E+01  4.3398E-05  2.8522E+04
   #    635108  7.7885E+01  4.3388E-05  2.8552E+04
   #    635273  7.7892E+01  4.3377E-05  2.8582E+04
   #    635438  7.7899E+01  4.3366E-05  2.8612E+04
   #    635596  7.7906E+01  4.3355E-05  2.8642E+04
   #    635758  7.7913E+01  4.3342E-05  2.8672E+04
   #    635923  7.7920E+01  4.3329E-05  2.8702E+04
   #    636088  7.7927E+01  4.3314E-05  2.8733E+04
   #    636253  7.7934E+01  4.3300E-05  2.8763E+04
   #    636418  7.7941E+01  4.3284E-05  2.8793E+04
   #    636583  7.7948E+01  4.3268E-05  2.8823E+04
   #    636748  7.7956E+01  4.3250E-05  2.8853E+04
   #    636913  7.7963E+01  4.3232E-05  2.8883E+04
   #    637078  7.7970E+01  4.3214E-05  2.8913E+04
   #    637243  7.7977E+01  4.3194E-05  2.8944E+04
   #    637408  7.7984E+01  4.3173E-05  2.8974E+04
   #    637569  7.7991E+01  4.3153E-05  2.9004E+04
   #    637734  7.7998E+01  4.3131E-05  2.9034E+04
   #    637899  7.8005E+01  4.3109E-05  2.9064E+04
   #    638063  7.8012E+01  4.3085E-05  2.9094E+04
   #    638227  7.8019E+01  4.3061E-05  2.9124E+04
   #    638391  7.8026E+01  4.3036E-05  2.9154E+04
   #    638555  7.8034E+01  4.3011E-05  2.9184E+04
   #    638719  7.8041E+01  4.2985E-05  2.9214E+04
   #    638883  7.8048E+01  4.2958E-05  2.9245E+04
   #    639047  7.8055E+01  4.2930E-05  2.9275E+04
   #    639211  7.8062E+01  4.2902E-05  2.9305E+04
   #    639372  7.8069E+01  4.2873E-05  2.9335E+04
   #    639535  7.8076E+01  4.2844E-05  2.9365E+04
   #    639699  7.8083E+01  4.2814E-05  2.9395E+04
   #    639863  7.8090E+01  4.2783E-05  2.9426E+04
   #    640027  7.8097E+01  4.2751E-05  2.9456E+04
   #    640182  7.8103E+01  4.2720E-05  2.9486E+04
   #    640346  7.8110E+01  4.2687E-05  2.9516E+04
   #    640510  7.8117E+01  4.2653E-05  2.9546E+04
   #    640674  7.8124E+01  4.2618E-05  2.9576E+04
   #    640838  7.8131E+01  4.2583E-05  2.9606E+04
   #    641002  7.8138E+01  4.2547E-05  2.9636E+04
   #    641163  7.8145E+01  4.2511E-05  2.9666E+04
   #    641327  7.8152E+01  4.2473E-05  2.9697E+04
   #    641491  7.8159E+01  4.2435E-05  2.9727E+04
   #    641655  7.8166E+01  4.2397E-05  2.9757E+04
   #    641819  7.8173E+01  4.2361E-05  2.9787E+04
   #    641983  7.8180E+01  4.2327E-05  2.9817E+04
   #    642147  7.8187E+01  4.2292E-05  2.9847E+04
   #    642311  7.8194E+01  4.2261E-05  2.9877E+04
   #    642475  7.8201E+01  4.2230E-05  2.9907E+04
   #    642639  7.8208E+01  4.2201E-05  2.9938E+04
   #    642800  7.8214E+01  4.2176E-05  2.9968E+04
   #    642964  7.8221E+01  4.2150E-05  2.9998E+04
   #    643128  7.8228E+01  4.2128E-05  3.0028E+04
   #    643292  7.8235E+01  4.2108E-05  3.0058E+04
   #    643455  7.8242E+01  4.2089E-05  3.0088E+04
   #    643617  7.8249E+01  4.2075E-05  3.0118E+04
   #    643780  7.8256E+01  4.2059E-05  3.0148E+04
   #    643944  7.8263E+01  4.2047E-05  3.0178E+04
   #    644108  7.8269E+01  4.2035E-05  3.0208E+04
   #    644272  7.8276E+01  4.2025E-05  3.0239E+04
   #    644436  7.8283E+01  4.2018E-05  3.0269E+04
   #    644597  7.8290E+01  4.2009E-05  3.0299E+04
   #    644761  7.8297E+01  4.2004E-05  3.0329E+04
   #    644924  7.8304E+01  4.1999E-05  3.0359E+04
   #    645088  7.8311E+01  4.1996E-05  3.0389E+04
   #    645252  7.8317E+01  4.1997E-05  3.0419E+04
   #    645416  7.8324E+01  4.1998E-05  3.0449E+04
   #    645580  7.8331E+01  4.2001E-05  3.0479E+04
   #    645744  7.8338E+01  4.2008E-05  3.0510E+04
   #    645908  7.8345E+01  4.2016E-05  3.0540E+04
   #    646072  7.8352E+01  4.2025E-05  3.0570E+04
   #    646236  7.8359E+01  4.2036E-05  3.0600E+04
   #    646397  7.8366E+01  4.2048E-05  3.0630E+04
   #    646561  7.8372E+01  4.2060E-05  3.0660E+04
   #    646725  7.8379E+01  4.2073E-05  3.0690E+04
   #    646889  7.8386E+01  4.2089E-05  3.0720E+04
   #    647053  7.8393E+01  4.2102E-05  3.0750E+04
   #    647217  7.8400E+01  4.2117E-05  3.0780E+04
   #    647381  7.8407E+01  4.2133E-05  3.0811E+04
   #    647545  7.8414E+01  4.2149E-05  3.0841E+04
   #    647709  7.8421E+01  4.2165E-05  3.0871E+04
   #    647873  7.8428E+01  4.2181E-05  3.0901E+04
   #    648037  7.8435E+01  4.2199E-05  3.0931E+04
   #    648198  7.8441E+01  4.2216E-05  3.0961E+04
   #    648362  7.8448E+01  4.2233E-05  3.0991E+04
   #    648526  7.8455E+01  4.2250E-05  3.1021E+04
   #    648690  7.8462E+01  4.2268E-05  3.1051E+04
   #    648854  7.8469E+01  4.2288E-05  3.1081E+04
   #    649018  7.8476E+01  4.2309E-05  3.1112E+04
   #    649182  7.8483E+01  4.2329E-05  3.1142E+04
   #    649346  7.8490E+01  4.2352E-05  3.1172E+04
   #    649510  7.8497E+01  4.2376E-05  3.1202E+04
   #    649666  7.8504E+01  4.2401E-05  3.1232E+04
   #    649830  7.8510E+01  4.2425E-05  3.1262E+04
   #    649992  7.8517E+01  4.2449E-05  3.1292E+04
   #    650156  7.8524E+01  4.2474E-05  3.1322E+04
   #    650321  7.8531E+01  4.2499E-05  3.1352E+04
   #    650485  7.8538E+01  4.2522E-05  3.1382E+04
   #    650649  7.8545E+01  4.2544E-05  3.1412E+04
   #    650815  7.8552E+01  4.2564E-05  3.1442E+04
   #    650982  7.8559E+01  4.2582E-05  3.1473E+04
   #    651149  7.8567E+01  4.2598E-05  3.1503E+04
   #    651316  7.8574E+01  4.2610E-05  3.1533E+04
   #    651483  7.8581E+01  4.2620E-05  3.1563E+04
   #    651647  7.8588E+01  4.2628E-05  3.1593E+04
   #    651814  7.8595E+01  4.2632E-05  3.1623E+04
   #    651981  7.8602E+01  4.2636E-05  3.1653E+04
   #    652148  7.8609E+01  4.2638E-05  3.1683E+04
   #    652315  7.8616E+01  4.2638E-05  3.1713E+04
   #    652482  7.8623E+01  4.2637E-05  3.1743E+04
   #    652649  7.8630E+01  4.2635E-05  3.1773E+04
   #    652816  7.8638E+01  4.2632E-05  3.1803E+04
   #    652983  7.8645E+01  4.2629E-05  3.1834E+04
   #    653150  7.8652E+01  4.2625E-05  3.1864E+04
   #    653317  7.8659E+01  4.2619E-05  3.1894E+04
   #    653481  7.8666E+01  4.2612E-05  3.1924E+04
   #    653648  7.8673E+01  4.2611E-05  3.1954E+04
   #    653813  7.8680E+01  4.2607E-05  3.1984E+04
   #    653978  7.8687E+01  4.2601E-05  3.2014E+04
   #    654143  7.8694E+01  4.2592E-05  3.2044E+04
   #    654308  7.8701E+01  4.2590E-05  3.2074E+04
   #    654465  7.8708E+01  4.2585E-05  3.2104E+04
   #    654630  7.8715E+01  4.2584E-05  3.2134E+04
   #    654795  7.8722E+01  4.2581E-05  3.2164E+04
   #    654960  7.8729E+01  4.2578E-05  3.2194E+04
   #    655125  7.8736E+01  4.2572E-05  3.2224E+04
   #    655288  7.8743E+01  4.2564E-05  3.2255E+04
   #    655451  7.8750E+01  4.2565E-05  3.2285E+04
   #    655616  7.8757E+01  4.2561E-05  3.2315E+04
   #    655781  7.8764E+01  4.2554E-05  3.2345E+04
   #    655945  7.8771E+01  4.2543E-05  3.2375E+04
   #    656108  7.8778E+01  4.2530E-05  3.2405E+04
   #    656271  7.8785E+01  4.2517E-05  3.2435E+04
   #    656433  7.8792E+01  4.2503E-05  3.2465E+04
   #    656595  7.8798E+01  4.2489E-05  3.2495E+04
   #    656757  7.8805E+01  4.2476E-05  3.2526E+04
   #    656919  7.8812E+01  4.2462E-05  3.2556E+04
   #    657078  7.8819E+01  4.2448E-05  3.2586E+04
   #    657239  7.8826E+01  4.2434E-05  3.2616E+04
   #    657400  7.8833E+01  4.2419E-05  3.2646E+04
   #    657561  7.8839E+01  4.2405E-05  3.2676E+04
   #    657722  7.8846E+01  4.2390E-05  3.2706E+04
   #    657883  7.8853E+01  4.2375E-05  3.2736E+04
   #    658044  7.8860E+01  4.2360E-05  3.2766E+04
   #    658205  7.8867E+01  4.2345E-05  3.2797E+04
   #    658366  7.8874E+01  4.2330E-05  3.2827E+04
   #    658527  7.8880E+01  4.2314E-05  3.2857E+04
   #    658688  7.8887E+01  4.2298E-05  3.2887E+04
   #    658846  7.8894E+01  4.2282E-05  3.2917E+04
   #    659007  7.8901E+01  4.2266E-05  3.2947E+04
   #    659160  7.8907E+01  4.2250E-05  3.2977E+04
   #    659321  7.8914E+01  4.2233E-05  3.3007E+04
   #    659482  7.8921E+01  4.2216E-05  3.3038E+04
   #    659642  7.8927E+01  4.2198E-05  3.3068E+04
   #    659803  7.8934E+01  4.2180E-05  3.3098E+04
   #    659964  7.8941E+01  4.2161E-05  3.3128E+04
   #    660125  7.8948E+01  4.2142E-05  3.3158E+04
   #    660286  7.8955E+01  4.2123E-05  3.3188E+04
   #    660444  7.8961E+01  4.2104E-05  3.3218E+04
   #    660605  7.8968E+01  4.2084E-05  3.3248E+04
   #    660766  7.8975E+01  4.2063E-05  3.3278E+04
   #    660926  7.8982E+01  4.2043E-05  3.3308E+04
   #    661087  7.8988E+01  4.2022E-05  3.3338E+04
   #    661248  7.8995E+01  4.2001E-05  3.3369E+04
   #    661409  7.9002E+01  4.1980E-05  3.3399E+04
   #    661570  7.9009E+01  4.1959E-05  3.3429E+04
   #    661731  7.9015E+01  4.1938E-05  3.3459E+04
   #    661892  7.9022E+01  4.1917E-05  3.3489E+04
   #    662053  7.9029E+01  4.1896E-05  3.3519E+04
   #    662212  7.9035E+01  4.1875E-05  3.3549E+04
   #    662373  7.9042E+01  4.1854E-05  3.3579E+04
   #    662534  7.9049E+01  4.1834E-05  3.3609E+04
   #    662695  7.9056E+01  4.1813E-05  3.3639E+04
   #    662856  7.9062E+01  4.1792E-05  3.3669E+04
   #    663017  7.9069E+01  4.1771E-05  3.3699E+04
   #    663178  7.9076E+01  4.1751E-05  3.3729E+04
   #    663339  7.9083E+01  4.1730E-05  3.3760E+04
   #    663500  7.9089E+01  4.1709E-05  3.3790E+04
   #    663661  7.9096E+01  4.1688E-05  3.3820E+04
   #    663822  7.9103E+01  4.1667E-05  3.3850E+04
   #    663972  7.9109E+01  4.1648E-05  3.3880E+04
   #    664133  7.9116E+01  4.1627E-05  3.3910E+04
   #    664294  7.9122E+01  4.1605E-05  3.3940E+04
   #    664455  7.9129E+01  4.1583E-05  3.3970E+04
   #    664616  7.9136E+01  4.1562E-05  3.4000E+04
   #    664777  7.9142E+01  4.1540E-05  3.4030E+04
   #    664938  7.9149E+01  4.1520E-05  3.4061E+04
   #    665099  7.9156E+01  4.1501E-05  3.4091E+04
   #    665261  7.9163E+01  4.1482E-05  3.4121E+04
   #    665423  7.9169E+01  4.1463E-05  3.4151E+04
   #    665585  7.9176E+01  4.1446E-05  3.4181E+04
   #    665744  7.9183E+01  4.1431E-05  3.4211E+04
   #    665906  7.9189E+01  4.1416E-05  3.4241E+04
   #    666065  7.9196E+01  4.1402E-05  3.4272E+04
   #    666227  7.9203E+01  4.1389E-05  3.4302E+04
   #    666388  7.9209E+01  4.1377E-05  3.4332E+04
   #    666550  7.9216E+01  4.1366E-05  3.4362E+04
   #    666711  7.9223E+01  4.1356E-05  3.4392E+04
   #    666872  7.9229E+01  4.1347E-05  3.4422E+04
   #    667033  7.9236E+01  4.1340E-05  3.4452E+04
   #    667194  7.9243E+01  4.1333E-05  3.4482E+04
   #    667355  7.9249E+01  4.1328E-05  3.4512E+04
   #    667514  7.9256E+01  4.1325E-05  3.4542E+04
######################## JOB EFFICIENCY REPORT ########################
# WARNING: The efficiency report has not been generated               #
#          because the job has not ended gracefully.                  #
#######################################################################
