 -----------------------------------------------------------------------------
 -----------------------------------------------------------------------------
 |         __  __ ____ ___        _    __  __ ______     ___    ____         |
 |        |  \/  |  _ \_ _|      / \  |  \/  |  _ \ \   / / \  / ___|        |
 |        | |\/| | |_) | |_____ / _ \ | |\/| | |_) \ \ / / _ \| |            |
 |        | |  | |  __/| |_____/ ___ \| |  | |  _ < \ V / ___ \ |___         |
 |        |_|  |_|_|  |___|   /_/   \_\_|  |_|_| \_\ \_/_/   \_\____|        |
 -----------------------------------------------------------------------------
 -----------------------------------------------------------------------------
 Spitzer MHD: par:   0.21633973559351147       ,perp:    2.1685795904764041E-011
 Combination of Colgan (2008) for high temperatures and
 Dalgarno & McCray (1972), DM2, for low temperatures
 Reading amrvac.par
 
 Output type | tsavestart |  dtsave   | ditsave | itsave(1) | tsave(1)
         log | 0.000E+00  | 0.200E+00 | ******  |      0    | *********
      normal | 0.000E+00  | 0.200E+00 | ******  |      0    | *********
       slice | 0.000E+00  | ********* | ******  | ******    | *********
   collapsed | 0.000E+00  | ********* | ******  | ******    | *********
    analysis | 0.000E+00  | ********* | ******  | ******    | *********
 
         Domain size (cells): 96 48 
                Level one dx: 0.208E+00 0.208E+00 
           Refine estimation: Lohner's scheme
 Note, Grid is reconstructed once every           3 iterations
           restart_from_file:  output/solar_atm_a0202.dat
                  converting: F

 minra  0.10256244189917035     
 rhob   7382.7014817162089     
 pb   59.061613380997102     
 Using TRACL(ine) method with a mask
 By default, magnetic field lines are traced every 4 grid cells
 NOTE:  2D TRAC method take the y-dir == grav-dir
 Memory requirement for each processor in TRAC:
           5  MB
 -------------------------------------------------------------------------------
 Startup phase took :             0.521 sec
 -------------------------------------------------------------------------------
 Start integrating, print status every  3.00E+01 seconds
   #        it        time          dt  wc-time(s)
   #    663824  7.9103E+01  4.1667E-05  5.8927E-01
   #    663983  7.9109E+01  4.1646E-05  3.0651E+01
   #    664144  7.9116E+01  4.1625E-05  6.0678E+01
   #    664305  7.9123E+01  4.1604E-05  9.0730E+01
   #    664466  7.9130E+01  4.1582E-05  1.2079E+02
   #    664627  7.9136E+01  4.1560E-05  1.5083E+02
   #    664788  7.9143E+01  4.1539E-05  1.8086E+02
   #    664946  7.9149E+01  4.1519E-05  2.1092E+02
   #    665108  7.9156E+01  4.1499E-05  2.4106E+02
   #    665270  7.9163E+01  4.1480E-05  2.7117E+02
   #    665432  7.9170E+01  4.1462E-05  3.0129E+02
   #    665594  7.9176E+01  4.1445E-05  3.3141E+02
   #    665756  7.9183E+01  4.1430E-05  3.6158E+02
   #    665918  7.9190E+01  4.1415E-05  3.9175E+02
   #    666080  7.9196E+01  4.1401E-05  4.2192E+02
   #    666242  7.9203E+01  4.1388E-05  4.5207E+02
   #    666404  7.9210E+01  4.1377E-05  4.8221E+02
   #    666566  7.9217E+01  4.1365E-05  5.1232E+02
   #    666725  7.9223E+01  4.1355E-05  5.4251E+02
   #    666887  7.9230E+01  4.1347E-05  5.7264E+02
   #    667049  7.9237E+01  4.1340E-05  6.0277E+02
   #    667211  7.9243E+01  4.1333E-05  6.3288E+02
   #    667373  7.9250E+01  4.1327E-05  6.6302E+02
   #    667535  7.9257E+01  4.1325E-05  6.9316E+02
   #    667697  7.9263E+01  4.1323E-05  7.2326E+02
   #    667859  7.9270E+01  4.1322E-05  7.5340E+02
   #    668021  7.9277E+01  4.1322E-05  7.8354E+02
   #    668183  7.9283E+01  4.1326E-05  8.1361E+02
   #    668342  7.9290E+01  4.1330E-05  8.4374E+02
   #    668504  7.9297E+01  4.1334E-05  8.7384E+02
   #    668665  7.9303E+01  4.1341E-05  9.0395E+02
   #    668827  7.9310E+01  4.1350E-05  9.3408E+02
   #    668989  7.9317E+01  4.1359E-05  9.6417E+02
   #    669151  7.9323E+01  4.1369E-05  9.9430E+02
   #    669313  7.9330E+01  4.1381E-05  1.0244E+03
   #    669475  7.9337E+01  4.1395E-05  1.0545E+03
   #    669637  7.9344E+01  4.1408E-05  1.0847E+03
   #    669799  7.9350E+01  4.1423E-05  1.1148E+03
   #    669961  7.9357E+01  4.1439E-05  1.1450E+03
   #    670119  7.9364E+01  4.1455E-05  1.1750E+03
   #    670281  7.9370E+01  4.1470E-05  1.2051E+03
   #    670443  7.9377E+01  4.1487E-05  1.2352E+03
   #    670605  7.9384E+01  4.1504E-05  1.2654E+03
   #    670767  7.9390E+01  4.1521E-05  1.2955E+03
   #    670929  7.9397E+01  4.1538E-05  1.3257E+03
   #    671091  7.9404E+01  4.1555E-05  1.3558E+03
   #    671253  7.9411E+01  4.1574E-05  1.3860E+03
   #    671415  7.9417E+01  4.1591E-05  1.4161E+03
   #    671577  7.9424E+01  4.1609E-05  1.4462E+03
   #    671736  7.9431E+01  4.1628E-05  1.4762E+03
   #    671892  7.9437E+01  4.1646E-05  1.5063E+03
   #    672051  7.9444E+01  4.1664E-05  1.5364E+03
   #    672210  7.9450E+01  4.1682E-05  1.5666E+03
   #    672369  7.9457E+01  4.1700E-05  1.5967E+03
   #    672528  7.9464E+01  4.1719E-05  1.6268E+03
   #    672687  7.9470E+01  4.1737E-05  1.6569E+03
   #    672846  7.9477E+01  4.1757E-05  1.6871E+03
   #    673005  7.9484E+01  4.1778E-05  1.7172E+03
   #    673164  7.9490E+01  4.1799E-05  1.7473E+03
   #    673320  7.9497E+01  4.1820E-05  1.7774E+03
   #    673466  7.9503E+01  4.1842E-05  1.8075E+03
   #    673612  7.9509E+01  4.1864E-05  1.8377E+03
   #    673760  7.9515E+01  4.1887E-05  1.8678E+03
   #    673908  7.9521E+01  4.1910E-05  1.8978E+03
   #    674056  7.9528E+01  4.1933E-05  1.9278E+03
   #    674204  7.9534E+01  4.1955E-05  1.9578E+03
   #    674352  7.9540E+01  4.1977E-05  1.9879E+03
   #    674500  7.9546E+01  4.1997E-05  2.0179E+03
   #    674648  7.9552E+01  4.2015E-05  2.0480E+03
   #    674796  7.9559E+01  4.2030E-05  2.0780E+03
   #    674944  7.9565E+01  4.2042E-05  2.1081E+03
   #    675092  7.9571E+01  4.2050E-05  2.1382E+03
   #    675237  7.9577E+01  4.2056E-05  2.1682E+03
   #    675385  7.9583E+01  4.2060E-05  2.1982E+03
   #    675533  7.9590E+01  4.2063E-05  2.2283E+03
   #    675681  7.9596E+01  4.2064E-05  2.2584E+03
   #    675829  7.9602E+01  4.2065E-05  2.2884E+03
   #    675977  7.9608E+01  4.2064E-05  2.3184E+03
   #    676127  7.9615E+01  4.2063E-05  2.3486E+03
   #    676277  7.9621E+01  4.2061E-05  2.3787E+03
   #    676427  7.9627E+01  4.2058E-05  2.4088E+03
   #    676577  7.9634E+01  4.2054E-05  2.4390E+03
   #    676724  7.9640E+01  4.2052E-05  2.4690E+03
   #    676874  7.9646E+01  4.2050E-05  2.4991E+03
   #    677024  7.9652E+01  4.2050E-05  2.5292E+03
   #    677174  7.9659E+01  4.2049E-05  2.5593E+03
   #    677324  7.9665E+01  4.2048E-05  2.5894E+03
   #    677474  7.9671E+01  4.2048E-05  2.6195E+03
   #    677624  7.9678E+01  4.2048E-05  2.6496E+03
   #    677774  7.9684E+01  4.2048E-05  2.6797E+03
   #    677924  7.9690E+01  4.2048E-05  2.7098E+03
   #    678074  7.9697E+01  4.2049E-05  2.7399E+03
   #    678224  7.9703E+01  4.2051E-05  2.7700E+03
   #    678365  7.9709E+01  4.2053E-05  2.8002E+03
   #    678515  7.9715E+01  4.2056E-05  2.8303E+03
   #    678665  7.9721E+01  4.2060E-05  2.8603E+03
   #    678815  7.9728E+01  4.2064E-05  2.8904E+03
   #    678965  7.9734E+01  4.2069E-05  2.9204E+03
   #    679115  7.9740E+01  4.2073E-05  2.9505E+03
   #    679266  7.9747E+01  4.2077E-05  2.9805E+03
   #    679417  7.9753E+01  4.2082E-05  3.0105E+03
   #    679568  7.9759E+01  4.2086E-05  3.0405E+03
   #    679720  7.9766E+01  4.2093E-05  3.0707E+03
   #    679871  7.9772E+01  4.2101E-05  3.1007E+03
   #    680020  7.9778E+01  4.2108E-05  3.1309E+03
   #    680171  7.9785E+01  4.2115E-05  3.1609E+03
   #    680322  7.9791E+01  4.2120E-05  3.1909E+03
   #    680474  7.9798E+01  4.2126E-05  3.2211E+03
   #    680626  7.9804E+01  4.2131E-05  3.2512E+03
   #    680778  7.9810E+01  4.2137E-05  3.2814E+03
   #    680930  7.9817E+01  4.2144E-05  3.3116E+03
   #    681082  7.9823E+01  4.2152E-05  3.3417E+03
   #    681234  7.9829E+01  4.2161E-05  3.3719E+03
   #    681386  7.9836E+01  4.2169E-05  3.4021E+03
   #    681538  7.9842E+01  4.2177E-05  3.4322E+03
   #    681686  7.9849E+01  4.2184E-05  3.4623E+03
   #    681837  7.9855E+01  4.2191E-05  3.4924E+03
   #    681988  7.9861E+01  4.2198E-05  3.5225E+03
   #    682139  7.9868E+01  4.2205E-05  3.5527E+03
   #    682290  7.9874E+01  4.2211E-05  3.5828E+03
   #    682441  7.9880E+01  4.2216E-05  3.6129E+03
   #    682592  7.9887E+01  4.2220E-05  3.6430E+03
   #    682743  7.9893E+01  4.2227E-05  3.6731E+03
   #    682894  7.9900E+01  4.2232E-05  3.7032E+03
   #    683038  7.9906E+01  4.2238E-05  3.7333E+03
   #    683189  7.9912E+01  4.2245E-05  3.7634E+03
   #    683337  7.9918E+01  4.2237E-05  3.7935E+03
   #    683487  7.9925E+01  4.2227E-05  3.8235E+03
   #    683638  7.9931E+01  4.2217E-05  3.8537E+03
   #    683789  7.9937E+01  4.2205E-05  3.8838E+03
   #    683939  7.9944E+01  4.2193E-05  3.9138E+03
   #    684090  7.9950E+01  4.2179E-05  3.9439E+03
   #    684241  7.9956E+01  4.2165E-05  3.9740E+03
   #    684392  7.9963E+01  4.2151E-05  4.0041E+03
   #    684543  7.9969E+01  4.2137E-05  4.0342E+03
   #    684694  7.9976E+01  4.2122E-05  4.0643E+03
   #    684842  7.9982E+01  4.2107E-05  4.0945E+03
   #    684993  7.9988E+01  4.2092E-05  4.1246E+03
   #    685144  7.9994E+01  4.2077E-05  4.1547E+03
   #    685295  8.0001E+01  4.2063E-05  4.1849E+03
   #    685446  8.0007E+01  4.2048E-05  4.2150E+03
   #    685597  8.0013E+01  4.2034E-05  4.2451E+03
   #    685748  8.0020E+01  4.2020E-05  4.2753E+03
   #    685899  8.0026E+01  4.2006E-05  4.3054E+03
   #    686050  8.0033E+01  4.1992E-05  4.3355E+03
   #    686201  8.0039E+01  4.1977E-05  4.3656E+03
   #    686352  8.0045E+01  4.1963E-05  4.3957E+03
   #    686500  8.0051E+01  4.1949E-05  4.4258E+03
   #    686651  8.0058E+01  4.1935E-05  4.4560E+03
   #    686802  8.0064E+01  4.1920E-05  4.4861E+03
   #    686953  8.0070E+01  4.1906E-05  4.5163E+03
   #    687104  8.0077E+01  4.1892E-05  4.5464E+03
   #    687255  8.0083E+01  4.1877E-05  4.5765E+03
   #    687406  8.0089E+01  4.1863E-05  4.6067E+03
   #    687557  8.0096E+01  4.1849E-05  4.6368E+03
   #    687708  8.0102E+01  4.1834E-05  4.6669E+03
   #    687852  8.0108E+01  4.1821E-05  4.6970E+03
   #    688003  8.0114E+01  4.1807E-05  4.7272E+03
   #    688151  8.0121E+01  4.1794E-05  4.7573E+03
   #    688302  8.0127E+01  4.1781E-05  4.7874E+03
   #    688453  8.0133E+01  4.1768E-05  4.8176E+03
   #    688604  8.0139E+01  4.1755E-05  4.8477E+03
   #    688755  8.0146E+01  4.1742E-05  4.8778E+03
   #    688906  8.0152E+01  4.1730E-05  4.9080E+03
   #    689057  8.0158E+01  4.1718E-05  4.9382E+03
   #    689208  8.0165E+01  4.1705E-05  4.9683E+03
   #    689359  8.0171E+01  4.1693E-05  4.9985E+03
   #    689510  8.0177E+01  4.1681E-05  5.0286E+03
   #    689661  8.0184E+01  4.1669E-05  5.0587E+03
   #    689809  8.0190E+01  4.1657E-05  5.0888E+03
   #    689960  8.0196E+01  4.1645E-05  5.1189E+03
   #    690111  8.0202E+01  4.1633E-05  5.1491E+03
   #    690262  8.0209E+01  4.1621E-05  5.1792E+03
   #    690413  8.0215E+01  4.1610E-05  5.2094E+03
   #    690564  8.0221E+01  4.1598E-05  5.2395E+03
   #    690715  8.0227E+01  4.1586E-05  5.2697E+03
   #    690866  8.0234E+01  4.1574E-05  5.2998E+03
   #    691017  8.0240E+01  4.1561E-05  5.3299E+03
   #    691168  8.0246E+01  4.1549E-05  5.3600E+03
   #    691318  8.0252E+01  4.1537E-05  5.3904E+03
   #    691468  8.0259E+01  4.1524E-05  5.4205E+03
   #    691619  8.0265E+01  4.1511E-05  5.4506E+03
   #    691769  8.0271E+01  4.1498E-05  5.4806E+03
   #    691920  8.0277E+01  4.1483E-05  5.5108E+03
   #    692070  8.0284E+01  4.1469E-05  5.5409E+03
   #    692220  8.0290E+01  4.1454E-05  5.5710E+03
   #    692370  8.0296E+01  4.1438E-05  5.6011E+03
   #    692519  8.0302E+01  4.1421E-05  5.6311E+03
   #    692661  8.0308E+01  4.1404E-05  5.6611E+03
   #    692808  8.0314E+01  4.1387E-05  5.6911E+03
   #    692952  8.0320E+01  4.1369E-05  5.7211E+03
   #    693099  8.0326E+01  4.1349E-05  5.7512E+03
   #    693246  8.0332E+01  4.1329E-05  5.7812E+03
   #    693394  8.0338E+01  4.1309E-05  5.8114E+03
   #    693541  8.0345E+01  4.1289E-05  5.8414E+03
   #    693688  8.0351E+01  4.1272E-05  5.8714E+03
   #    693835  8.0357E+01  4.1254E-05  5.9015E+03
   #    693982  8.0363E+01  4.1240E-05  5.9315E+03
   #    694129  8.0369E+01  4.1226E-05  5.9615E+03
   #    694276  8.0375E+01  4.1215E-05  5.9915E+03
   #    694424  8.0381E+01  4.1204E-05  6.0217E+03
   #    694569  8.0387E+01  4.1196E-05  6.0518E+03
   #    694717  8.0393E+01  4.1187E-05  6.0819E+03
   #    694867  8.0399E+01  4.1179E-05  6.1121E+03
   #    695017  8.0405E+01  4.1174E-05  6.1421E+03
   #    695167  8.0412E+01  4.1169E-05  6.1722E+03
   #    695317  8.0418E+01  4.1164E-05  6.2022E+03
   #    695467  8.0424E+01  4.1163E-05  6.2323E+03
   #    695617  8.0430E+01  4.1162E-05  6.2623E+03
   #    695768  8.0436E+01  4.1162E-05  6.2924E+03
   #    695920  8.0443E+01  4.1162E-05  6.3225E+03
   #    696071  8.0449E+01  4.1164E-05  6.3526E+03
   #    696220  8.0455E+01  4.1166E-05  6.3827E+03
   #    696372  8.0461E+01  4.1169E-05  6.4129E+03
   #    696523  8.0467E+01  4.1173E-05  6.4430E+03
   #    696674  8.0474E+01  4.1175E-05  6.4730E+03
   #    696824  8.0480E+01  4.1180E-05  6.5031E+03
   #    696974  8.0486E+01  4.1185E-05  6.5331E+03
   #    697124  8.0492E+01  4.1191E-05  6.5632E+03
   #    697274  8.0498E+01  4.1196E-05  6.5933E+03
   #    697417  8.0504E+01  4.1203E-05  6.6233E+03
   #    697567  8.0510E+01  4.1212E-05  6.6534E+03
   #    697718  8.0517E+01  4.1222E-05  6.6835E+03
   #    697866  8.0523E+01  4.1230E-05  6.7136E+03
   #    698017  8.0529E+01  4.1239E-05  6.7437E+03
   #    698168  8.0535E+01  4.1250E-05  6.7738E+03
   #    698319  8.0541E+01  4.1261E-05  6.8039E+03
   #    698471  8.0548E+01  4.1271E-05  6.8340E+03
   #    698623  8.0554E+01  4.1282E-05  6.8640E+03
   #    698775  8.0560E+01  4.1293E-05  6.8940E+03
   #    698927  8.0566E+01  4.1306E-05  6.9241E+03
   #    699079  8.0573E+01  4.1318E-05  6.9541E+03
   #    699232  8.0579E+01  4.1330E-05  6.9843E+03
   #    699385  8.0585E+01  4.1342E-05  7.0145E+03
   #    699536  8.0592E+01  4.1356E-05  7.0447E+03
   #    699689  8.0598E+01  4.1371E-05  7.0748E+03
   #    699842  8.0604E+01  4.1386E-05  7.1050E+03
   #    699995  8.0611E+01  4.1399E-05  7.1351E+03
   #    700148  8.0617E+01  4.1412E-05  7.1653E+03
   #    700301  8.0623E+01  4.1426E-05  7.1954E+03
   #    700454  8.0630E+01  4.1440E-05  7.2255E+03
   #    700607  8.0636E+01  4.1455E-05  7.2556E+03
   #    700760  8.0642E+01  4.1469E-05  7.2857E+03
   #    700913  8.0649E+01  4.1481E-05  7.3159E+03
   #    701063  8.0655E+01  4.1493E-05  7.3461E+03
   #    701216  8.0661E+01  4.1506E-05  7.3763E+03
   #    701369  8.0668E+01  4.1519E-05  7.4064E+03
   #    701521  8.0674E+01  4.1532E-05  7.4365E+03
   #    701672  8.0680E+01  4.1545E-05  7.4665E+03
   #    701823  8.0686E+01  4.1558E-05  7.4965E+03
   #    701974  8.0693E+01  4.1570E-05  7.5266E+03
   #    702125  8.0699E+01  4.1582E-05  7.5566E+03
   #    702268  8.0705E+01  4.1594E-05  7.5867E+03
   #    702419  8.0711E+01  4.1606E-05  7.6167E+03
   #    702570  8.0718E+01  4.1619E-05  7.6468E+03
   #    702718  8.0724E+01  4.1632E-05  7.6769E+03
   #    702868  8.0730E+01  4.1645E-05  7.7069E+03
   #    703018  8.0736E+01  4.1659E-05  7.7371E+03
   #    703167  8.0742E+01  4.1673E-05  7.7671E+03
   #    703316  8.0749E+01  4.1688E-05  7.7971E+03
   #    703465  8.0755E+01  4.1703E-05  7.8271E+03
   #    703614  8.0761E+01  4.1718E-05  7.8572E+03
   #    703763  8.0767E+01  4.1734E-05  7.8873E+03
   #    703912  8.0773E+01  4.1750E-05  7.9173E+03
   #    704061  8.0780E+01  4.1767E-05  7.9474E+03
   #    704210  8.0786E+01  4.1780E-05  7.9775E+03
   #    704357  8.0792E+01  4.1793E-05  8.0077E+03
   #    704506  8.0798E+01  4.1807E-05  8.0379E+03
   #    704655  8.0804E+01  4.1819E-05  8.0680E+03
   #    704804  8.0811E+01  4.1831E-05  8.0981E+03
   #    704953  8.0817E+01  4.1843E-05  8.1283E+03
   #    705102  8.0823E+01  4.1855E-05  8.1583E+03
   #    705251  8.0829E+01  4.1867E-05  8.1884E+03
   #    705400  8.0836E+01  4.1879E-05  8.2185E+03
   #    705549  8.0842E+01  4.1891E-05  8.2486E+03
   #    705699  8.0848E+01  4.1904E-05  8.2788E+03
   #    705849  8.0854E+01  4.1916E-05  8.3089E+03
   #    705996  8.0861E+01  4.1927E-05  8.3391E+03
   #    706145  8.0867E+01  4.1938E-05  8.3691E+03
   #    706294  8.0873E+01  4.1948E-05  8.3991E+03
   #    706444  8.0879E+01  4.1957E-05  8.4293E+03
   #    706593  8.0886E+01  4.1965E-05  8.4593E+03
   #    706742  8.0892E+01  4.1971E-05  8.4893E+03
   #    706892  8.0898E+01  4.1976E-05  8.5195E+03
   #    707036  8.0904E+01  4.1978E-05  8.5495E+03
   #    707186  8.0911E+01  4.1979E-05  8.5795E+03
   #    707337  8.0917E+01  4.1978E-05  8.6097E+03
   #    707488  8.0923E+01  4.1976E-05  8.6397E+03
   #    707635  8.0929E+01  4.1973E-05  8.6699E+03
   #    707785  8.0936E+01  4.1968E-05  8.7001E+03
   #    707935  8.0942E+01  4.1963E-05  8.7303E+03
   #    708084  8.0948E+01  4.1958E-05  8.7603E+03
   #    708234  8.0955E+01  4.1952E-05  8.7905E+03
   #    708384  8.0961E+01  4.1944E-05  8.8206E+03
   #    708535  8.0967E+01  4.1936E-05  8.8508E+03
   #    708686  8.0973E+01  4.1930E-05  8.8808E+03
   #    708837  8.0980E+01  4.1924E-05  8.9108E+03
   #    708988  8.0986E+01  4.1918E-05  8.9409E+03
   #    709137  8.0992E+01  4.1913E-05  8.9710E+03
   #    709288  8.0999E+01  4.1908E-05  9.0012E+03
   #    709437  8.1005E+01  4.1904E-05  9.0312E+03
   #    709586  8.1011E+01  4.1901E-05  9.0613E+03
   #    709736  8.1017E+01  4.1897E-05  9.0913E+03
   #    709885  8.1024E+01  4.1894E-05  9.1214E+03
   #    710034  8.1030E+01  4.1891E-05  9.1514E+03
   #    710183  8.1036E+01  4.1889E-05  9.1815E+03
   #    710332  8.1042E+01  4.1888E-05  9.2115E+03
   #    710481  8.1049E+01  4.1887E-05  9.2416E+03
   #    710630  8.1055E+01  4.1888E-05  9.2717E+03
   #    710778  8.1061E+01  4.1889E-05  9.3018E+03
   #    710928  8.1067E+01  4.1890E-05  9.3319E+03
   #    711078  8.1074E+01  4.1891E-05  9.3620E+03
   #    711228  8.1080E+01  4.1890E-05  9.3921E+03
   #    711378  8.1086E+01  4.1892E-05  9.4223E+03
   #    711526  8.1092E+01  4.1889E-05  9.4523E+03
   #    711675  8.1099E+01  4.1888E-05  9.4824E+03
   #    711818  8.1105E+01  4.1887E-05  9.5125E+03
   #    711968  8.1111E+01  4.1887E-05  9.5427E+03
   #    712118  8.1117E+01  4.1888E-05  9.5728E+03
   #    712268  8.1124E+01  4.1888E-05  9.6029E+03
   #    712414  8.1130E+01  4.1889E-05  9.6330E+03
   #    712563  8.1136E+01  4.1889E-05  9.6630E+03
   #    712712  8.1142E+01  4.1888E-05  9.6931E+03
   #    712861  8.1148E+01  4.1888E-05  9.7232E+03
   #    713010  8.1155E+01  4.1887E-05  9.7533E+03
   #    713159  8.1161E+01  4.1884E-05  9.7834E+03
   #    713308  8.1167E+01  4.1881E-05  9.8135E+03
   #    713457  8.1173E+01  4.1879E-05  9.8435E+03
   #    713606  8.1180E+01  4.1877E-05  9.8737E+03
   #    713754  8.1186E+01  4.1876E-05  9.9037E+03
   #    713902  8.1192E+01  4.1875E-05  9.9337E+03
   #    714048  8.1198E+01  4.1874E-05  9.9639E+03
   #    714197  8.1204E+01  4.1873E-05  9.9939E+03
   #    714347  8.1211E+01  4.1873E-05  1.0024E+04
   #    714497  8.1217E+01  4.1873E-05  1.0054E+04
   #    714646  8.1223E+01  4.1871E-05  1.0084E+04
   #    714795  8.1229E+01  4.1869E-05  1.0114E+04
   #    714945  8.1236E+01  4.1868E-05  1.0144E+04
   #    715095  8.1242E+01  4.1867E-05  1.0174E+04
   #    715246  8.1248E+01  4.1867E-05  1.0205E+04
   #    715397  8.1255E+01  4.1868E-05  1.0235E+04
   #    715547  8.1261E+01  4.1868E-05  1.0265E+04
   #    715694  8.1267E+01  4.1868E-05  1.0295E+04
   #    715844  8.1273E+01  4.1868E-05  1.0325E+04
   #    715994  8.1280E+01  4.1869E-05  1.0355E+04
   #    716144  8.1286E+01  4.1870E-05  1.0385E+04
   #    716294  8.1292E+01  4.1871E-05  1.0415E+04
   #    716444  8.1298E+01  4.1871E-05  1.0446E+04
   #    716587  8.1304E+01  4.1871E-05  1.0476E+04
   #    716737  8.1311E+01  4.1872E-05  1.0506E+04
   #    716886  8.1317E+01  4.1872E-05  1.0536E+04
   #    717034  8.1323E+01  4.1873E-05  1.0566E+04
   #    717180  8.1329E+01  4.1873E-05  1.0596E+04
   #    717329  8.1335E+01  4.1875E-05  1.0626E+04
   #    717478  8.1342E+01  4.1876E-05  1.0656E+04
   #    717627  8.1348E+01  4.1868E-05  1.0687E+04
   #    717775  8.1354E+01  4.1857E-05  1.0717E+04
   #    717923  8.1360E+01  4.1847E-05  1.0747E+04
   #    718071  8.1367E+01  4.1836E-05  1.0777E+04
   #    718219  8.1373E+01  4.1826E-05  1.0807E+04
   #    718366  8.1379E+01  4.1817E-05  1.0837E+04
   #    718513  8.1385E+01  4.1808E-05  1.0867E+04
   #    718660  8.1391E+01  4.1798E-05  1.0897E+04
   #    718804  8.1397E+01  4.1790E-05  1.0927E+04
   #    718951  8.1403E+01  4.1781E-05  1.0958E+04
   #    719097  8.1409E+01  4.1773E-05  1.0988E+04
   #    719244  8.1416E+01  4.1764E-05  1.1018E+04
   #    719392  8.1422E+01  4.1756E-05  1.1048E+04
   #    719539  8.1428E+01  4.1749E-05  1.1078E+04
   #    719686  8.1434E+01  4.1741E-05  1.1108E+04
   #    719834  8.1440E+01  4.1734E-05  1.1138E+04
   #    719982  8.1446E+01  4.1727E-05  1.1168E+04
   #    720130  8.1453E+01  4.1719E-05  1.1198E+04
   #    720278  8.1459E+01  4.1712E-05  1.1228E+04
   #    720422  8.1465E+01  4.1705E-05  1.1258E+04
   #    720569  8.1471E+01  4.1698E-05  1.1288E+04
   #    720717  8.1477E+01  4.1691E-05  1.1319E+04
   #    720865  8.1483E+01  4.1683E-05  1.1349E+04
   #    721012  8.1489E+01  4.1676E-05  1.1379E+04
   #    721160  8.1495E+01  4.1668E-05  1.1409E+04
   #    721308  8.1502E+01  4.1660E-05  1.1439E+04
   #    721449  8.1508E+01  4.1652E-05  1.1469E+04
   #    721597  8.1514E+01  4.1643E-05  1.1499E+04
   #    721744  8.1520E+01  4.1634E-05  1.1529E+04
   #    721892  8.1526E+01  4.1624E-05  1.1559E+04
   #    722037  8.1532E+01  4.1615E-05  1.1589E+04
   #    722185  8.1538E+01  4.1604E-05  1.1619E+04
   #    722332  8.1544E+01  4.1594E-05  1.1650E+04
   #    722479  8.1550E+01  4.1583E-05  1.1680E+04
   #    722626  8.1556E+01  4.1572E-05  1.1710E+04
   #    722772  8.1563E+01  4.1559E-05  1.1740E+04
   #    722920  8.1569E+01  4.1546E-05  1.1770E+04
   #    723068  8.1575E+01  4.1533E-05  1.1800E+04
   #    723216  8.1581E+01  4.1519E-05  1.1830E+04
   #    723364  8.1587E+01  4.1505E-05  1.1860E+04
   #    723512  8.1593E+01  4.1490E-05  1.1891E+04
   #    723657  8.1599E+01  4.1475E-05  1.1921E+04
   #    723806  8.1605E+01  4.1458E-05  1.1951E+04
   #    723955  8.1612E+01  4.1442E-05  1.1981E+04
   #    724103  8.1618E+01  4.1425E-05  1.2011E+04
   #    724251  8.1624E+01  4.1408E-05  1.2041E+04
   #    724399  8.1630E+01  4.1390E-05  1.2071E+04
   #    724548  8.1636E+01  4.1371E-05  1.2101E+04
   #    724697  8.1642E+01  4.1352E-05  1.2131E+04
   #    724846  8.1649E+01  4.1332E-05  1.2162E+04
   #    724995  8.1655E+01  4.1313E-05  1.2192E+04
   #    725141  8.1661E+01  4.1293E-05  1.2222E+04
   #    725290  8.1667E+01  4.1273E-05  1.2252E+04
   #    725439  8.1673E+01  4.1252E-05  1.2282E+04
   #    725588  8.1679E+01  4.1231E-05  1.2312E+04
   #    725736  8.1685E+01  4.1211E-05  1.2342E+04
   #    725884  8.1691E+01  4.1191E-05  1.2372E+04
   #    726032  8.1697E+01  4.1172E-05  1.2402E+04
   #    726173  8.1703E+01  4.1155E-05  1.2432E+04
   #    726321  8.1709E+01  4.1138E-05  1.2462E+04
   #    726469  8.1715E+01  4.1122E-05  1.2492E+04
   #    726618  8.1722E+01  4.1106E-05  1.2523E+04
   #    726764  8.1728E+01  4.1094E-05  1.2553E+04
   #    726912  8.1734E+01  4.1082E-05  1.2583E+04
   #    727060  8.1740E+01  4.1071E-05  1.2613E+04
   #    727208  8.1746E+01  4.1061E-05  1.2643E+04
   #    727357  8.1752E+01  4.1054E-05  1.2673E+04
   #    727505  8.1758E+01  4.1048E-05  1.2703E+04
   #    727653  8.1764E+01  4.1041E-05  1.2733E+04
   #    727801  8.1770E+01  4.1036E-05  1.2763E+04
   #    727949  8.1776E+01  4.1032E-05  1.2793E+04
   #    728097  8.1782E+01  4.1031E-05  1.2823E+04
   #    728244  8.1788E+01  4.1027E-05  1.2854E+04
   #    728388  8.1794E+01  4.1008E-05  1.2884E+04
   #    728535  8.1800E+01  4.0989E-05  1.2914E+04
   #    728682  8.1806E+01  4.0974E-05  1.2944E+04
   #    728829  8.1812E+01  4.0956E-05  1.2974E+04
   #    728976  8.1818E+01  4.0939E-05  1.3004E+04
   #    729123  8.1824E+01  4.0926E-05  1.3035E+04
   #    729269  8.1830E+01  4.0914E-05  1.3065E+04
   #    729416  8.1836E+01  4.0899E-05  1.3095E+04
   #    729563  8.1842E+01  4.0889E-05  1.3125E+04
   #    729710  8.1848E+01  4.0879E-05  1.3155E+04
   #    729857  8.1854E+01  4.0871E-05  1.3185E+04
   #    730001  8.1860E+01  4.0860E-05  1.3215E+04
   #    730148  8.1866E+01  4.0853E-05  1.3246E+04
   #    730295  8.1872E+01  4.0850E-05  1.3276E+04
   #    730442  8.1878E+01  4.0843E-05  1.3306E+04
   #    730588  8.1884E+01  4.0838E-05  1.3336E+04
   #    730735  8.1890E+01  4.0834E-05  1.3366E+04
   #    730881  8.1896E+01  4.0831E-05  1.3396E+04
   #    731028  8.1902E+01  4.0829E-05  1.3426E+04
   #    731169  8.1908E+01  4.0827E-05  1.3456E+04
   #    731316  8.1914E+01  4.0826E-05  1.3486E+04
   #    731461  8.1920E+01  4.0823E-05  1.3516E+04
   #    731606  8.1926E+01  4.0823E-05  1.3547E+04
   #    731752  8.1932E+01  4.0824E-05  1.3577E+04
   #    731898  8.1938E+01  4.0825E-05  1.3607E+04
   #    732044  8.1944E+01  4.0826E-05  1.3637E+04
   #    732191  8.1950E+01  4.0828E-05  1.3667E+04
   #    732338  8.1956E+01  4.0829E-05  1.3697E+04
   #    732484  8.1962E+01  4.0832E-05  1.3727E+04
   #    732631  8.1968E+01  4.0834E-05  1.3757E+04
   #    732777  8.1974E+01  4.0838E-05  1.3787E+04
   #    732924  8.1980E+01  4.0841E-05  1.3817E+04
   #    733068  8.1985E+01  4.0845E-05  1.3848E+04
   #    733214  8.1991E+01  4.0849E-05  1.3878E+04
   #    733360  8.1997E+01  4.0853E-05  1.3908E+04
   #    733506  8.2003E+01  4.0857E-05  1.3938E+04
   #    733652  8.2009E+01  4.0862E-05  1.3968E+04
   #    733798  8.2015E+01  4.0868E-05  1.3998E+04
   #    733944  8.2021E+01  4.0873E-05  1.4028E+04
   #    734090  8.2027E+01  4.0879E-05  1.4058E+04
   #    734236  8.2033E+01  4.0886E-05  1.4088E+04
   #    734382  8.2039E+01  4.0892E-05  1.4118E+04
   #    734528  8.2045E+01  4.0899E-05  1.4148E+04
   #    734672  8.2051E+01  4.0907E-05  1.4178E+04
   #    734819  8.2057E+01  4.0914E-05  1.4208E+04
   #    734967  8.2063E+01  4.0922E-05  1.4238E+04
   #    735116  8.2069E+01  4.0930E-05  1.4268E+04
   #    735264  8.2075E+01  4.0938E-05  1.4299E+04
   #    735412  8.2081E+01  4.0947E-05  1.4329E+04
   #    735560  8.2087E+01  4.0956E-05  1.4359E+04
   #    735708  8.2093E+01  4.0966E-05  1.4389E+04
   #    735856  8.2099E+01  4.0974E-05  1.4419E+04
   #    735996  8.2105E+01  4.0983E-05  1.4449E+04
   #    736144  8.2111E+01  4.0992E-05  1.4479E+04
   #    736289  8.2117E+01  4.1002E-05  1.4509E+04
   #    736437  8.2123E+01  4.1012E-05  1.4539E+04
   #    736584  8.2129E+01  4.1022E-05  1.4569E+04
   #    736730  8.2135E+01  4.1033E-05  1.4600E+04
   #    736875  8.2141E+01  4.1044E-05  1.4630E+04
   #    737020  8.2147E+01  4.1053E-05  1.4660E+04
   #    737166  8.2153E+01  4.1064E-05  1.4690E+04
   #    737312  8.2159E+01  4.1075E-05  1.4720E+04
   #    737458  8.2165E+01  4.1087E-05  1.4750E+04
   #    737604  8.2171E+01  4.1098E-05  1.4780E+04
   #    737749  8.2177E+01  4.1110E-05  1.4811E+04
   #    737891  8.2183E+01  4.1122E-05  1.4841E+04
   #    738036  8.2189E+01  4.1134E-05  1.4871E+04
   #    738181  8.2195E+01  4.1146E-05  1.4901E+04
   #    738326  8.2201E+01  4.1158E-05  1.4931E+04
   #    738471  8.2207E+01  4.1171E-05  1.4961E+04
   #    738617  8.2213E+01  4.1184E-05  1.4991E+04
   #    738763  8.2219E+01  4.1198E-05  1.5022E+04
   #    738908  8.2225E+01  4.1212E-05  1.5052E+04
   #    739053  8.2231E+01  4.1224E-05  1.5082E+04
   #    739198  8.2237E+01  4.1238E-05  1.5112E+04
   #    739342  8.2243E+01  4.1251E-05  1.5142E+04
   #    739486  8.2249E+01  4.1266E-05  1.5172E+04
   #    739631  8.2255E+01  4.1281E-05  1.5202E+04
   #    739776  8.2261E+01  4.1296E-05  1.5232E+04
   #    739921  8.2267E+01  4.1312E-05  1.5262E+04
   #    740066  8.2273E+01  4.1328E-05  1.5292E+04
   #    740211  8.2279E+01  4.1342E-05  1.5322E+04
   #    740355  8.2285E+01  4.1357E-05  1.5352E+04
   #    740500  8.2291E+01  4.1372E-05  1.5382E+04
   #    740644  8.2297E+01  4.1388E-05  1.5412E+04
   #    740788  8.2303E+01  4.1404E-05  1.5442E+04
   #    740923  8.2308E+01  4.1419E-05  1.5473E+04
   #    741067  8.2314E+01  4.1436E-05  1.5503E+04
   #    741211  8.2320E+01  4.1454E-05  1.5533E+04
   #    741356  8.2326E+01  4.1472E-05  1.5563E+04
   #    741501  8.2332E+01  4.1491E-05  1.5593E+04
   #    741646  8.2338E+01  4.1510E-05  1.5623E+04
   #    741791  8.2344E+01  4.1531E-05  1.5653E+04
   #    741936  8.2350E+01  4.1553E-05  1.5683E+04
   #    742080  8.2356E+01  4.1576E-05  1.5713E+04
   #    742224  8.2362E+01  4.1600E-05  1.5743E+04
   #    742368  8.2368E+01  4.1625E-05  1.5774E+04
   #    742510  8.2374E+01  4.1650E-05  1.5804E+04
   #    742654  8.2380E+01  4.1675E-05  1.5834E+04
   #    742798  8.2386E+01  4.1701E-05  1.5864E+04
   #    742942  8.2392E+01  4.1727E-05  1.5894E+04
   #    743086  8.2398E+01  4.1755E-05  1.5924E+04
   #    743230  8.2404E+01  4.1784E-05  1.5954E+04
   #    743374  8.2410E+01  4.1811E-05  1.5984E+04
   #    743518  8.2416E+01  4.1839E-05  1.6014E+04
   #    743662  8.2422E+01  4.1866E-05  1.6044E+04
   #    743806  8.2428E+01  4.1893E-05  1.6074E+04
   #    743950  8.2434E+01  4.1919E-05  1.6104E+04
   #    744091  8.2440E+01  4.1944E-05  1.6134E+04
   #    744235  8.2446E+01  4.1969E-05  1.6164E+04
   #    744379  8.2452E+01  4.1993E-05  1.6194E+04
   #    744523  8.2458E+01  4.2016E-05  1.6225E+04
   #    744667  8.2464E+01  4.2038E-05  1.6255E+04
   #    744811  8.2470E+01  4.2058E-05  1.6285E+04
   #    744955  8.2476E+01  4.2076E-05  1.6315E+04
   #    745099  8.2482E+01  4.2092E-05  1.6345E+04
   #    745243  8.2489E+01  4.2108E-05  1.6375E+04
   #    745387  8.2495E+01  4.2122E-05  1.6405E+04
   #    745531  8.2501E+01  4.2135E-05  1.6435E+04
   #    745666  8.2506E+01  4.2147E-05  1.6465E+04
   #    745810  8.2512E+01  4.2156E-05  1.6496E+04
   #    745954  8.2518E+01  4.2166E-05  1.6526E+04
   #    746098  8.2525E+01  4.2179E-05  1.6556E+04
   #    746242  8.2531E+01  4.2184E-05  1.6586E+04
   #    746386  8.2537E+01  4.2195E-05  1.6616E+04
   #    746530  8.2543E+01  4.2203E-05  1.6646E+04
   #    746674  8.2549E+01  4.2211E-05  1.6676E+04
   #    746818  8.2555E+01  4.2220E-05  1.6706E+04
   #    746962  8.2561E+01  4.2228E-05  1.6736E+04
   #    747106  8.2567E+01  4.2238E-05  1.6766E+04
   #    747247  8.2573E+01  4.2244E-05  1.6796E+04
   #    747391  8.2579E+01  4.2255E-05  1.6826E+04
   #    747535  8.2585E+01  4.2261E-05  1.6856E+04
   #    747678  8.2591E+01  4.2273E-05  1.6887E+04
   #    747821  8.2597E+01  4.2280E-05  1.6917E+04
   #    747964  8.2603E+01  4.2288E-05  1.6947E+04
   #    748107  8.2609E+01  4.2294E-05  1.6977E+04
   #    748250  8.2615E+01  4.2305E-05  1.7007E+04
   #    748393  8.2621E+01  4.2311E-05  1.7037E+04
   #    748536  8.2628E+01  4.2320E-05  1.7067E+04
   #    748677  8.2634E+01  4.2331E-05  1.7097E+04
   #    748820  8.2640E+01  4.2338E-05  1.7127E+04
   #    748963  8.2646E+01  4.2345E-05  1.7157E+04
   #    749106  8.2652E+01  4.2360E-05  1.7187E+04
   #    749248  8.2658E+01  4.2368E-05  1.7217E+04
   #    749390  8.2664E+01  4.2375E-05  1.7247E+04
   #    749532  8.2670E+01  4.2375E-05  1.7277E+04
   #    749674  8.2676E+01  4.2375E-05  1.7307E+04
   #    749817  8.2682E+01  4.2374E-05  1.7338E+04
   #    749960  8.2688E+01  4.2374E-05  1.7368E+04
   #    750102  8.2694E+01  4.2373E-05  1.7398E+04
   #    750241  8.2700E+01  4.2373E-05  1.7428E+04
   #    750377  8.2706E+01  4.2372E-05  1.7458E+04
   #    750520  8.2712E+01  4.2371E-05  1.7488E+04
   #    750663  8.2718E+01  4.2370E-05  1.7518E+04
   #    750806  8.2724E+01  4.2369E-05  1.7548E+04
   #    750947  8.2730E+01  4.2367E-05  1.7579E+04
   #    751087  8.2736E+01  4.2365E-05  1.7609E+04
   #    751227  8.2742E+01  4.2363E-05  1.7639E+04
   #    751367  8.2747E+01  4.2361E-05  1.7669E+04
   #    751508  8.2753E+01  4.2358E-05  1.7699E+04
   #    751649  8.2759E+01  4.2355E-05  1.7729E+04
   #    751788  8.2765E+01  4.2351E-05  1.7759E+04
   #    751930  8.2771E+01  4.2347E-05  1.7790E+04
   #    752071  8.2777E+01  4.2342E-05  1.7820E+04
   #    752212  8.2783E+01  4.2336E-05  1.7850E+04
   #    752353  8.2789E+01  4.2331E-05  1.7880E+04
   #    752494  8.2795E+01  4.2324E-05  1.7910E+04
   #    752635  8.2801E+01  4.2318E-05  1.7940E+04
   #    752776  8.2807E+01  4.2310E-05  1.7970E+04
   #    752916  8.2813E+01  4.2302E-05  1.8000E+04
   #    753057  8.2819E+01  4.2293E-05  1.8030E+04
   #    753198  8.2825E+01  4.2285E-05  1.8060E+04
   #    753336  8.2831E+01  4.2276E-05  1.8090E+04
   #    753476  8.2837E+01  4.2267E-05  1.8120E+04
   #    753616  8.2843E+01  4.2257E-05  1.8150E+04
   #    753756  8.2849E+01  4.2248E-05  1.8180E+04
   #    753896  8.2854E+01  4.2238E-05  1.8211E+04
   #    754036  8.2860E+01  4.2228E-05  1.8241E+04
   #    754176  8.2866E+01  4.2218E-05  1.8271E+04
   #    754316  8.2872E+01  4.2208E-05  1.8301E+04
   #    754456  8.2878E+01  4.2198E-05  1.8331E+04
   #    754596  8.2884E+01  4.2187E-05  1.8361E+04
   #    754736  8.2890E+01  4.2177E-05  1.8391E+04
   #    754874  8.2896E+01  4.2167E-05  1.8421E+04
   #    755014  8.2902E+01  4.2157E-05  1.8452E+04
   #    755146  8.2907E+01  4.2148E-05  1.8482E+04
   #    755285  8.2913E+01  4.2138E-05  1.8512E+04
   #    755424  8.2919E+01  4.2129E-05  1.8542E+04
   #    755563  8.2925E+01  4.2119E-05  1.8572E+04
   #    755701  8.2931E+01  4.2110E-05  1.8602E+04
   #    755839  8.2936E+01  4.2101E-05  1.8632E+04
   #    755977  8.2942E+01  4.2092E-05  1.8662E+04
   #    756115  8.2948E+01  4.2084E-05  1.8692E+04
   #    756250  8.2954E+01  4.2076E-05  1.8722E+04
   #    756388  8.2959E+01  4.2068E-05  1.8752E+04
   #    756526  8.2965E+01  4.2060E-05  1.8782E+04
   #    756664  8.2971E+01  4.2053E-05  1.8812E+04
   #    756802  8.2977E+01  4.2046E-05  1.8843E+04
   #    756940  8.2983E+01  4.2038E-05  1.8873E+04
   #    757078  8.2989E+01  4.2031E-05  1.8903E+04
   #    757216  8.2994E+01  4.2024E-05  1.8933E+04
   #    757354  8.3000E+01  4.2018E-05  1.8963E+04
   #    757492  8.3006E+01  4.2011E-05  1.8993E+04
   #    757630  8.3012E+01  4.2005E-05  1.9023E+04
   #    757765  8.3017E+01  4.1999E-05  1.9053E+04
   #    757903  8.3023E+01  4.1993E-05  1.9083E+04
   #    758041  8.3029E+01  4.1987E-05  1.9114E+04
   #    758179  8.3035E+01  4.1981E-05  1.9144E+04
   #    758317  8.3041E+01  4.1975E-05  1.9174E+04
   #    758455  8.3046E+01  4.1969E-05  1.9204E+04
   #    758594  8.3052E+01  4.1963E-05  1.9234E+04
   #    758733  8.3058E+01  4.1957E-05  1.9264E+04
   #    758873  8.3064E+01  4.1951E-05  1.9294E+04
   #    759013  8.3070E+01  4.1944E-05  1.9325E+04
   #    759152  8.3076E+01  4.1937E-05  1.9355E+04
   #    759288  8.3081E+01  4.1931E-05  1.9385E+04
   #    759426  8.3087E+01  4.1924E-05  1.9415E+04
   #    759564  8.3093E+01  4.1917E-05  1.9445E+04
   #    759703  8.3099E+01  4.1909E-05  1.9475E+04
   #    759834  8.3104E+01  4.1901E-05  1.9505E+04
   #    759973  8.3110E+01  4.1892E-05  1.9535E+04
   #    760112  8.3116E+01  4.1883E-05  1.9565E+04
   #    760251  8.3122E+01  4.1874E-05  1.9596E+04
   #    760390  8.3127E+01  4.1863E-05  1.9626E+04
   #    760529  8.3133E+01  4.1853E-05  1.9656E+04
   #    760668  8.3139E+01  4.1842E-05  1.9686E+04
   #    760804  8.3145E+01  4.1831E-05  1.9716E+04
   #    760941  8.3150E+01  4.1819E-05  1.9746E+04
   #    761078  8.3156E+01  4.1807E-05  1.9776E+04
   #    761215  8.3162E+01  4.1795E-05  1.9806E+04
   #    761352  8.3168E+01  4.1782E-05  1.9836E+04
   #    761489  8.3173E+01  4.1770E-05  1.9866E+04
   #    761627  8.3179E+01  4.1757E-05  1.9896E+04
   #    761765  8.3185E+01  4.1747E-05  1.9926E+04
   #    761903  8.3191E+01  4.1737E-05  1.9956E+04
   #    762041  8.3196E+01  4.1727E-05  1.9987E+04
   #    762179  8.3202E+01  4.1718E-05  2.0017E+04
   #    762314  8.3208E+01  4.1710E-05  2.0047E+04
   #    762452  8.3214E+01  4.1704E-05  2.0077E+04
   #    762590  8.3219E+01  4.1698E-05  2.0107E+04
   #    762728  8.3225E+01  4.1692E-05  2.0137E+04
   #    762866  8.3231E+01  4.1688E-05  2.0167E+04
   #    763004  8.3237E+01  4.1686E-05  2.0197E+04
   #    763142  8.3242E+01  4.1684E-05  2.0228E+04
   #    763280  8.3248E+01  4.1682E-05  2.0258E+04
   #    763418  8.3254E+01  4.1682E-05  2.0288E+04
   #    763556  8.3260E+01  4.1683E-05  2.0318E+04
   #    763691  8.3265E+01  4.1683E-05  2.0348E+04
   #    763829  8.3271E+01  4.1684E-05  2.0378E+04
   #    763967  8.3277E+01  4.1688E-05  2.0408E+04
   #    764105  8.3282E+01  4.1691E-05  2.0439E+04
   #    764243  8.3288E+01  4.1694E-05  2.0469E+04
   #    764381  8.3294E+01  4.1699E-05  2.0499E+04
   #    764519  8.3300E+01  4.1705E-05  2.0529E+04
   #    764651  8.3305E+01  4.1711E-05  2.0559E+04
   #    764789  8.3311E+01  4.1717E-05  2.0589E+04
   #    764927  8.3317E+01  4.1725E-05  2.0619E+04
   #    765065  8.3323E+01  4.1733E-05  2.0649E+04
   #    765200  8.3328E+01  4.1742E-05  2.0679E+04
   #    765338  8.3334E+01  4.1750E-05  2.0709E+04
   #    765476  8.3340E+01  4.1747E-05  2.0739E+04
   #    765614  8.3345E+01  4.1745E-05  2.0769E+04
   #    765752  8.3351E+01  4.1743E-05  2.0800E+04
   #    765890  8.3357E+01  4.1740E-05  2.0830E+04
   #    766028  8.3363E+01  4.1739E-05  2.0860E+04
   #    766165  8.3368E+01  4.1739E-05  2.0890E+04
   #    766302  8.3374E+01  4.1738E-05  2.0920E+04
   #    766440  8.3380E+01  4.1737E-05  2.0950E+04
   #    766578  8.3386E+01  4.1737E-05  2.0980E+04
   #    766713  8.3391E+01  4.1739E-05  2.1010E+04
   #    766851  8.3397E+01  4.1740E-05  2.1041E+04
   #    766989  8.3403E+01  4.1740E-05  2.1071E+04
   #    767127  8.3409E+01  4.1742E-05  2.1101E+04
   #    767265  8.3414E+01  4.1746E-05  2.1131E+04
   #    767403  8.3420E+01  4.1749E-05  2.1161E+04
   #    767541  8.3426E+01  4.1751E-05  2.1191E+04
   #    767679  8.3432E+01  4.1755E-05  2.1221E+04
   #    767817  8.3437E+01  4.1761E-05  2.1252E+04
   #    767955  8.3443E+01  4.1767E-05  2.1282E+04
   #    768093  8.3449E+01  4.1772E-05  2.1312E+04
   #    768228  8.3455E+01  4.1778E-05  2.1342E+04
   #    768366  8.3460E+01  4.1787E-05  2.1372E+04
   #    768503  8.3466E+01  4.1795E-05  2.1402E+04
   #    768640  8.3472E+01  4.1803E-05  2.1432E+04
   #    768777  8.3477E+01  4.1812E-05  2.1462E+04
   #    768913  8.3483E+01  4.1822E-05  2.1492E+04
   #    769049  8.3489E+01  4.1834E-05  2.1522E+04
   #    769185  8.3495E+01  4.1844E-05  2.1552E+04
   #    769321  8.3500E+01  4.1855E-05  2.1583E+04
   #    769451  8.3506E+01  4.1867E-05  2.1613E+04
   #    769587  8.3511E+01  4.1880E-05  2.1643E+04
   #    769721  8.3517E+01  4.1894E-05  2.1673E+04
   #    769857  8.3523E+01  4.1907E-05  2.1703E+04
   #    769993  8.3528E+01  4.1921E-05  2.1733E+04
   #    770129  8.3534E+01  4.1937E-05  2.1763E+04
   #    770266  8.3540E+01  4.1953E-05  2.1793E+04
   #    770403  8.3546E+01  4.1970E-05  2.1824E+04
   #    770540  8.3551E+01  4.1986E-05  2.1854E+04
   #    770677  8.3557E+01  4.2003E-05  2.1884E+04
   #    770813  8.3563E+01  4.2021E-05  2.1914E+04
   #    770949  8.3569E+01  4.2040E-05  2.1944E+04
   #    771083  8.3574E+01  4.2057E-05  2.1974E+04
   #    771219  8.3580E+01  4.2075E-05  2.2004E+04
   #    771355  8.3586E+01  4.2094E-05  2.2034E+04
   #    771491  8.3591E+01  4.2113E-05  2.2064E+04
   #    771627  8.3597E+01  4.2133E-05  2.2094E+04
   #    771764  8.3603E+01  4.2152E-05  2.2124E+04
   #    771900  8.3609E+01  4.2171E-05  2.2155E+04
   #    772036  8.3614E+01  4.2191E-05  2.2185E+04
   #    772172  8.3620E+01  4.2211E-05  2.2215E+04
   #    772307  8.3626E+01  4.2232E-05  2.2245E+04
   #    772443  8.3631E+01  4.2253E-05  2.2275E+04
   #    772577  8.3637E+01  4.2272E-05  2.2305E+04
   #    772713  8.3643E+01  4.2292E-05  2.2335E+04
   #    772849  8.3649E+01  4.2314E-05  2.2365E+04
   #    772984  8.3654E+01  4.2335E-05  2.2396E+04
   #    773119  8.3660E+01  4.2357E-05  2.2426E+04
   #    773254  8.3666E+01  4.2378E-05  2.2456E+04
   #    773389  8.3671E+01  4.2399E-05  2.2486E+04
   #    773524  8.3677E+01  4.2420E-05  2.2516E+04
   #    773658  8.3683E+01  4.2443E-05  2.2546E+04
   #    773792  8.3689E+01  4.2466E-05  2.2576E+04
   #    773926  8.3694E+01  4.2488E-05  2.2606E+04
   #    774057  8.3700E+01  4.2509E-05  2.2636E+04
   #    774185  8.3705E+01  4.2530E-05  2.2667E+04
   #    774319  8.3711E+01  4.2553E-05  2.2697E+04
   #    774453  8.3717E+01  4.2577E-05  2.2727E+04
   #    774585  8.3722E+01  4.2600E-05  2.2757E+04
   #    774714  8.3728E+01  4.2621E-05  2.2787E+04
   #    774844  8.3733E+01  4.2644E-05  2.2817E+04
   #    774971  8.3739E+01  4.2666E-05  2.2847E+04
   #    775097  8.3744E+01  4.2690E-05  2.2877E+04
   #    775222  8.3749E+01  4.2713E-05  2.2907E+04
   #    775347  8.3755E+01  4.2735E-05  2.2937E+04
   #    775470  8.3760E+01  4.2758E-05  2.2968E+04
   #    775595  8.3765E+01  4.2782E-05  2.2998E+04
   #    775720  8.3771E+01  4.2807E-05  2.3028E+04
   #    775845  8.3776E+01  4.2832E-05  2.3058E+04
   #    775970  8.3781E+01  4.2856E-05  2.3088E+04
   #    776095  8.3787E+01  4.2881E-05  2.3118E+04
   #    776220  8.3792E+01  4.2906E-05  2.3148E+04
   #    776345  8.3798E+01  4.2932E-05  2.3178E+04
   #    776470  8.3803E+01  4.2957E-05  2.3208E+04
   #    776596  8.3808E+01  4.2983E-05  2.3239E+04
   #    776721  8.3814E+01  4.3007E-05  2.3269E+04
   #    776846  8.3819E+01  4.3031E-05  2.3299E+04
   #    776972  8.3825E+01  4.3054E-05  2.3329E+04
   #    777098  8.3830E+01  4.3076E-05  2.3359E+04
   #    777224  8.3835E+01  4.3097E-05  2.3390E+04
   #    777350  8.3841E+01  4.3117E-05  2.3420E+04
   #    777476  8.3846E+01  4.3135E-05  2.3450E+04
   #    777602  8.3852E+01  4.3153E-05  2.3480E+04
   #    777728  8.3857E+01  4.3169E-05  2.3510E+04
   #    777854  8.3863E+01  4.3184E-05  2.3540E+04
   #    777980  8.3868E+01  4.3198E-05  2.3571E+04
   #    778103  8.3873E+01  4.3212E-05  2.3601E+04
   #    778229  8.3879E+01  4.3221E-05  2.3631E+04
   #    778354  8.3884E+01  4.3233E-05  2.3661E+04
   #    778480  8.3890E+01  4.3239E-05  2.3691E+04
   #    778605  8.3895E+01  4.3253E-05  2.3721E+04
   #    778730  8.3900E+01  4.3260E-05  2.3751E+04
   #    778848  8.3906E+01  4.3268E-05  2.3781E+04
   #    778973  8.3911E+01  4.3274E-05  2.3811E+04
   #    779098  8.3916E+01  4.3279E-05  2.3841E+04
   #    779223  8.3922E+01  4.3288E-05  2.3871E+04
   #    779348  8.3927E+01  4.3296E-05  2.3901E+04
   #    779471  8.3932E+01  4.3302E-05  2.3931E+04
   #    779597  8.3938E+01  4.3306E-05  2.3962E+04
   #    779723  8.3943E+01  4.3315E-05  2.3992E+04
   #    779849  8.3949E+01  4.3322E-05  2.4022E+04
   #    779975  8.3954E+01  4.3324E-05  2.4052E+04
   #    780101  8.3960E+01  4.3331E-05  2.4082E+04
   #    780227  8.3965E+01  4.3341E-05  2.4113E+04
   #    780353  8.3971E+01  4.3341E-05  2.4143E+04
   #    780479  8.3976E+01  4.3350E-05  2.4173E+04
   #    780605  8.3982E+01  4.3357E-05  2.4203E+04
   #    780731  8.3987E+01  4.3361E-05  2.4233E+04
   #    780855  8.3992E+01  4.3366E-05  2.4263E+04
   #    780981  8.3998E+01  4.3372E-05  2.4293E+04
   #    781107  8.4003E+01  4.3379E-05  2.4324E+04
   #    781232  8.4009E+01  4.3387E-05  2.4354E+04
   #    781357  8.4014E+01  4.3391E-05  2.4384E+04
   #    781482  8.4020E+01  4.3397E-05  2.4414E+04
   #    781607  8.4025E+01  4.3403E-05  2.4444E+04
   #    781732  8.4031E+01  4.3408E-05  2.4474E+04
   #    781857  8.4036E+01  4.3415E-05  2.4504E+04
   #    781982  8.4041E+01  4.3420E-05  2.4534E+04
   #    782107  8.4047E+01  4.3429E-05  2.4564E+04
   #    782230  8.4052E+01  4.3434E-05  2.4595E+04
   #    782355  8.4058E+01  4.3443E-05  2.4625E+04
   #    782480  8.4063E+01  4.3448E-05  2.4655E+04
   #    782605  8.4068E+01  4.3456E-05  2.4685E+04
   #    782729  8.4074E+01  4.3464E-05  2.4715E+04
   #    782854  8.4079E+01  4.3471E-05  2.4746E+04
   #    782979  8.4085E+01  4.3470E-05  2.4776E+04
   #    783104  8.4090E+01  4.3470E-05  2.4806E+04
   #    783229  8.4096E+01  4.3469E-05  2.4836E+04
   #    783354  8.4101E+01  4.3468E-05  2.4866E+04
   #    783470  8.4106E+01  4.3466E-05  2.4897E+04
   #    783595  8.4111E+01  4.3465E-05  2.4927E+04
   #    783719  8.4117E+01  4.3462E-05  2.4957E+04
   #    783843  8.4122E+01  4.3459E-05  2.4987E+04
   #    783967  8.4128E+01  4.3455E-05  2.5018E+04
   #    784091  8.4133E+01  4.3451E-05  2.5048E+04
   #    784215  8.4138E+01  4.3446E-05  2.5078E+04
   #    784339  8.4144E+01  4.3440E-05  2.5108E+04
   #    784463  8.4149E+01  4.3434E-05  2.5138E+04
   #    784587  8.4155E+01  4.3427E-05  2.5168E+04
   #    784711  8.4160E+01  4.3420E-05  2.5198E+04
   #    784833  8.4165E+01  4.3413E-05  2.5228E+04
   #    784957  8.4171E+01  4.3405E-05  2.5258E+04
   #    785079  8.4176E+01  4.3397E-05  2.5288E+04
   #    785201  8.4181E+01  4.3388E-05  2.5319E+04
   #    785323  8.4187E+01  4.3380E-05  2.5349E+04
   #    785445  8.4192E+01  4.3371E-05  2.5379E+04
   #    785567  8.4197E+01  4.3363E-05  2.5409E+04
   #    785689  8.4202E+01  4.3354E-05  2.5439E+04
   #    785811  8.4208E+01  4.3344E-05  2.5469E+04
   #    785933  8.4213E+01  4.3335E-05  2.5499E+04
   #    786055  8.4218E+01  4.3325E-05  2.5529E+04
   #    786175  8.4223E+01  4.3316E-05  2.5560E+04
   #    786297  8.4229E+01  4.3306E-05  2.5590E+04
   #    786419  8.4234E+01  4.3296E-05  2.5620E+04
   #    786541  8.4239E+01  4.3286E-05  2.5650E+04
   #    786663  8.4245E+01  4.3276E-05  2.5680E+04
   #    786785  8.4250E+01  4.3266E-05  2.5710E+04
   #    786907  8.4255E+01  4.3256E-05  2.5740E+04
   #    787029  8.4260E+01  4.3246E-05  2.5770E+04
   #    787151  8.4266E+01  4.3233E-05  2.5800E+04
   #    787273  8.4271E+01  4.3219E-05  2.5830E+04
   #    787395  8.4276E+01  4.3205E-05  2.5860E+04
   #    787514  8.4281E+01  4.3191E-05  2.5890E+04
   #    787638  8.4287E+01  4.3177E-05  2.5921E+04
   #    787762  8.4292E+01  4.3162E-05  2.5951E+04
   #    787886  8.4297E+01  4.3147E-05  2.5981E+04
   #    788009  8.4303E+01  4.3132E-05  2.6011E+04
   #    788127  8.4308E+01  4.3117E-05  2.6041E+04
   #    788251  8.4313E+01  4.3101E-05  2.6071E+04
   #    788375  8.4318E+01  4.3085E-05  2.6102E+04
   #    788499  8.4324E+01  4.3069E-05  2.6132E+04
   #    788622  8.4329E+01  4.3053E-05  2.6162E+04
   #    788745  8.4334E+01  4.3037E-05  2.6192E+04
   #    788866  8.4340E+01  4.3020E-05  2.6222E+04
   #    788990  8.4345E+01  4.3004E-05  2.6252E+04
   #    789114  8.4350E+01  4.2987E-05  2.6282E+04
   #    789239  8.4356E+01  4.2970E-05  2.6312E+04
   #    789364  8.4361E+01  4.2952E-05  2.6343E+04
   #    789489  8.4366E+01  4.2935E-05  2.6373E+04
   #    789614  8.4372E+01  4.2918E-05  2.6403E+04
   #    789741  8.4377E+01  4.2900E-05  2.6433E+04
   #    789868  8.4383E+01  4.2882E-05  2.6463E+04
   #    789994  8.4388E+01  4.2865E-05  2.6493E+04
   #    790118  8.4393E+01  4.2847E-05  2.6523E+04
   #    790244  8.4399E+01  4.2829E-05  2.6553E+04
   #    790370  8.4404E+01  4.2811E-05  2.6583E+04
   #    790496  8.4410E+01  4.2793E-05  2.6614E+04
   #    790622  8.4415E+01  4.2775E-05  2.6644E+04
   #    790748  8.4420E+01  4.2757E-05  2.6674E+04
   #    790874  8.4426E+01  4.2738E-05  2.6704E+04
   #    791000  8.4431E+01  4.2720E-05  2.6734E+04
   #    791126  8.4436E+01  4.2700E-05  2.6764E+04
   #    791252  8.4442E+01  4.2682E-05  2.6794E+04
   #    791378  8.4447E+01  4.2663E-05  2.6824E+04
   #    791501  8.4452E+01  4.2645E-05  2.6854E+04
   #    791627  8.4458E+01  4.2627E-05  2.6885E+04
   #    791753  8.4463E+01  4.2609E-05  2.6915E+04
   #    791879  8.4469E+01  4.2593E-05  2.6945E+04
   #    792005  8.4474E+01  4.2577E-05  2.6975E+04
   #    792131  8.4479E+01  4.2561E-05  2.7005E+04
   #    792256  8.4485E+01  4.2547E-05  2.7035E+04
   #    792381  8.4490E+01  4.2534E-05  2.7065E+04
   #    792506  8.4495E+01  4.2522E-05  2.7095E+04
   #    792631  8.4501E+01  4.2510E-05  2.7125E+04
   #    792749  8.4506E+01  4.2500E-05  2.7155E+04
   #    792872  8.4511E+01  4.2491E-05  2.7186E+04
   #    792997  8.4516E+01  4.2484E-05  2.7216E+04
   #    793122  8.4521E+01  4.2476E-05  2.7246E+04
   #    793247  8.4527E+01  4.2469E-05  2.7276E+04
   #    793373  8.4532E+01  4.2465E-05  2.7306E+04
   #    793498  8.4537E+01  4.2460E-05  2.7336E+04
   #    793624  8.4543E+01  4.2456E-05  2.7366E+04
   #    793751  8.4548E+01  4.2455E-05  2.7396E+04
   #    793878  8.4554E+01  4.2454E-05  2.7426E+04
   #    794005  8.4559E+01  4.2452E-05  2.7456E+04
   #    794133  8.4564E+01  4.2453E-05  2.7486E+04
   #    794259  8.4570E+01  4.2455E-05  2.7517E+04
   #    794387  8.4575E+01  4.2457E-05  2.7547E+04
   #    794515  8.4581E+01  4.2461E-05  2.7577E+04
   #    794643  8.4586E+01  4.2466E-05  2.7607E+04
   #    794771  8.4591E+01  4.2472E-05  2.7637E+04
   #    794900  8.4597E+01  4.2478E-05  2.7667E+04
   #    795029  8.4602E+01  4.2487E-05  2.7697E+04
   #    795158  8.4608E+01  4.2496E-05  2.7727E+04
   #    795286  8.4613E+01  4.2506E-05  2.7757E+04
   #    795414  8.4619E+01  4.2514E-05  2.7787E+04
   #    795542  8.4624E+01  4.2525E-05  2.7817E+04
   #    795668  8.4630E+01  4.2531E-05  2.7847E+04
   #    795797  8.4635E+01  4.2536E-05  2.7878E+04
   #    795926  8.4641E+01  4.2543E-05  2.7908E+04
   #    796055  8.4646E+01  4.2547E-05  2.7938E+04
   #    796184  8.4652E+01  4.2554E-05  2.7968E+04
   #    796312  8.4657E+01  4.2563E-05  2.7998E+04
   #    796440  8.4662E+01  4.2570E-05  2.8029E+04
   #    796568  8.4668E+01  4.2579E-05  2.8059E+04
   #    796694  8.4673E+01  4.2590E-05  2.8089E+04
   #    796816  8.4678E+01  4.2603E-05  2.8119E+04
   #    796935  8.4684E+01  4.2617E-05  2.8149E+04
   #    797056  8.4689E+01  4.2630E-05  2.8179E+04
   #    797177  8.4694E+01  4.2644E-05  2.8209E+04
   #    797298  8.4699E+01  4.2659E-05  2.8240E+04
   #    797412  8.4704E+01  4.2675E-05  2.8270E+04
   #    797533  8.4709E+01  4.2689E-05  2.8300E+04
   #    797654  8.4714E+01  4.2705E-05  2.8330E+04
   #    797775  8.4719E+01  4.2721E-05  2.8360E+04
   #    797896  8.4725E+01  4.2739E-05  2.8390E+04
   #    798017  8.4730E+01  4.2754E-05  2.8421E+04
   #    798138  8.4735E+01  4.2770E-05  2.8451E+04
   #    798257  8.4740E+01  4.2788E-05  2.8481E+04
   #    798378  8.4745E+01  4.2806E-05  2.8511E+04
   #    798499  8.4750E+01  4.2824E-05  2.8541E+04
   #    798620  8.4756E+01  4.2841E-05  2.8571E+04
   #    798741  8.4761E+01  4.2859E-05  2.8601E+04
   #    798862  8.4766E+01  4.2879E-05  2.8631E+04
   #    798983  8.4771E+01  4.2899E-05  2.8661E+04
   #    799104  8.4776E+01  4.2918E-05  2.8691E+04
   #    799225  8.4781E+01  4.2938E-05  2.8722E+04
   #    799346  8.4787E+01  4.2959E-05  2.8752E+04
   #    799467  8.4792E+01  4.2981E-05  2.8782E+04
   #    799586  8.4797E+01  4.3003E-05  2.8812E+04
   #    799705  8.4802E+01  4.3024E-05  2.8842E+04
   #    799822  8.4807E+01  4.3045E-05  2.8872E+04
   #    799939  8.4812E+01  4.3067E-05  2.8902E+04
   #    800056  8.4817E+01  4.3090E-05  2.8932E+04
   #    800174  8.4822E+01  4.3114E-05  2.8962E+04
   #    800295  8.4827E+01  4.3138E-05  2.8992E+04
