 -----------------------------------------------------------------------------
 -----------------------------------------------------------------------------
 |         __  __ ____ ___        _    __  __ ______     ___    ____         |
 |        |  \/  |  _ \_ _|      / \  |  \/  |  _ \ \   / / \  / ___|        |
 |        | |\/| | |_) | |_____ / _ \ | |\/| | |_) \ \ / / _ \| |            |
 |        | |  | |  __/| |_____/ ___ \| |  | |  _ < \ V / ___ \ |___         |
 |        |_|  |_|_|  |___|   /_/   \_\_|  |_|_| \_\ \_/_/   \_\____|        |
 -----------------------------------------------------------------------------
 -----------------------------------------------------------------------------
 Spitzer MHD: par:   0.21633973559351147       ,perp:    2.1685795904764041E-011
 Combination of Colgan (2008) for high temperatures and
 Dalgarno & McCray (1972), DM2, for low temperatures
 Reading amrvac.par
 
 Output type | tsavestart |  dtsave   | ditsave | itsave(1) | tsave(1)
         log | 0.000E+00  | 0.200E+00 | ******  |      0    | *********
      normal | 0.000E+00  | 0.200E+00 | ******  |      0    | *********
       slice | 0.000E+00  | ********* | ******  | ******    | *********
   collapsed | 0.000E+00  | ********* | ******  | ******    | *********
    analysis | 0.000E+00  | ********* | ******  | ******    | *********
 
         Domain size (cells): 96 48 
                Level one dx: 0.208E+00 0.208E+00 
           Refine estimation: Lohner's scheme
 Note, Grid is reconstructed once every           3 iterations
           restart_from_file:  undefined
                  converting: F

 minra  0.10256244189917035     
 rhob   7382.7014817162089     
 pb   59.061613380997102     
 Simulating prominence perturbation
 Using TRACL(ine) method with a mask
 By default, magnetic field lines are traced every 4 grid cells
 NOTE:  2D TRAC method take the y-dir == grav-dir
 Memory requirement for each processor in TRAC:
           1  MB
 -------------------------------------------------------------------------------
 Startup phase took :             0.190 sec
 -------------------------------------------------------------------------------
 Start integrating, print status every  3.00E+01 seconds
   #        it        time          dt  wc-time(s)
   #         0  0.0000E+00  2.5154E-04  3.8742E-02
   #       904  2.2302E-01  2.3922E-04  3.0053E+01
   #      1738  4.1933E-01  2.3265E-04  6.0055E+01
   #      2541  6.0483E-01  2.2993E-04  9.0082E+01
   #      3344  7.8901E-01  2.2900E-04  1.2011E+02
   #      4138  9.7064E-01  2.2854E-04  1.5011E+02
   #      4923  1.1492E+00  2.2581E-04  1.8012E+02
   #      5706  1.3244E+00  2.2189E-04  2.1015E+02
   #      6468  1.4920E+00  2.1866E-04  2.4019E+02
   #      7188  1.6483E+00  2.1647E-04  2.7021E+02
   #      7906  1.8032E+00  2.1513E-04  3.0024E+02
   #      8621  1.9567E+00  2.1443E-04  3.3026E+02
   #      9321  2.1069E+00  2.1478E-04  3.6031E+02
   #     10018  2.2567E+00  2.1571E-04  3.9032E+02
   #     10707  2.4054E+00  2.1627E-04  4.2034E+02
   #     11388  2.5528E+00  2.1643E-04  4.5037E+02
   #     12064  2.6989E+00  2.1631E-04  4.8039E+02
   #     12736  2.8440E+00  2.1565E-04  5.1041E+02
   #     13406  2.9883E+00  2.1511E-04  5.4044E+02
   #     14060  3.1287E+00  2.1470E-04  5.7048E+02
   #     14686  3.2628E+00  2.1435E-04  6.0048E+02
   #     15308  3.3960E+00  2.1369E-04  6.3050E+02
   #     15934  3.5294E+00  2.1251E-04  6.6053E+02
   #     16544  3.6586E+00  2.1104E-04  6.9056E+02
   #     17152  3.7864E+00  2.0946E-04  7.2060E+02
   #     17766  3.9143E+00  2.0796E-04  7.5065E+02
   #     18384  4.0424E+00  2.0661E-04  7.8067E+02
   #     19002  4.1697E+00  2.0525E-04  8.1070E+02
   #     19632  4.2985E+00  2.0373E-04  8.4074E+02
   #     20252  4.4243E+00  2.0226E-04  8.7075E+02
   #     20866  4.5481E+00  2.0099E-04  9.0076E+02
   #     21476  4.6703E+00  1.9989E-04  9.3078E+02
   #     22059  4.7865E+00  1.9892E-04  9.6080E+02
   #     22644  4.9025E+00  1.9787E-04  9.9080E+02
   #     23231  5.0183E+00  1.9664E-04  1.0208E+03
   #     23817  5.1331E+00  1.9530E-04  1.0508E+03
   #     24386  5.2437E+00  1.9403E-04  1.0809E+03
   #     24972  5.3570E+00  1.9277E-04  1.1109E+03
   #     25550  5.4679E+00  1.9152E-04  1.1410E+03
   #     26120  5.5768E+00  1.9035E-04  1.1710E+03
   #     26675  5.6819E+00  1.8925E-04  1.2010E+03
   #     27207  5.7823E+00  1.8817E-04  1.2311E+03
   #     27741  5.8825E+00  1.8698E-04  1.2611E+03
   #     28273  5.9816E+00  1.8566E-04  1.2911E+03
   #     28807  6.0802E+00  1.8426E-04  1.3211E+03
   #     29335  6.1772E+00  1.8294E-04  1.3512E+03
   #     29870  6.2747E+00  1.8170E-04  1.3812E+03
   #     30407  6.3719E+00  1.8052E-04  1.4112E+03
   #     30936  6.4671E+00  1.7939E-04  1.4412E+03
   #     31457  6.5602E+00  1.7831E-04  1.4712E+03
   #     31971  6.6515E+00  1.7740E-04  1.5012E+03
   #     32483  6.7421E+00  1.7622E-04  1.5312E+03
   #     32999  6.8325E+00  1.7455E-04  1.5613E+03
   #     33514  6.9220E+00  1.7290E-04  1.5913E+03
   #     34021  7.0091E+00  1.7107E-04  1.6213E+03
   #     34531  7.0958E+00  1.6920E-04  1.6513E+03
   #     35049  7.1830E+00  1.6761E-04  1.6814E+03
   #     35568  7.2695E+00  1.6621E-04  1.7114E+03
   #     36083  7.3548E+00  1.6488E-04  1.7415E+03
   #     36589  7.4379E+00  1.6368E-04  1.7715E+03
   #     37105  7.5219E+00  1.6206E-04  1.8015E+03
   #     37616  7.6042E+00  1.6050E-04  1.8315E+03
   #     38107  7.6826E+00  1.5905E-04  1.8616E+03
   #     38603  7.7611E+00  1.5755E-04  1.8916E+03
   #     39100  7.8389E+00  1.5598E-04  1.9217E+03
   #     39597  7.9161E+00  1.5442E-04  1.9518E+03
   #     40089  7.9917E+00  1.5298E-04  1.9818E+03
   #     40587  8.0674E+00  1.5135E-04  2.0119E+03
   #     41095  8.1439E+00  1.4982E-04  2.0419E+03
   #     41603  8.2194E+00  1.4816E-04  2.0719E+03
   #     42112  8.2945E+00  1.4662E-04  2.1020E+03
   #     42618  8.3683E+00  1.4534E-04  2.1320E+03
   #     43127  8.4419E+00  1.4425E-04  2.1620E+03
   #     43631  8.5144E+00  1.4333E-04  2.1921E+03
   #     44137  8.5867E+00  1.4255E-04  2.2221E+03
   #     44641  8.6583E+00  1.4173E-04  2.2521E+03
   #     45119  8.7258E+00  1.4088E-04  2.2822E+03
   #     45617  8.7958E+00  1.4008E-04  2.3122E+03
   #     46114  8.8651E+00  1.3928E-04  2.3423E+03
   #     46616  8.9348E+00  1.3837E-04  2.3723E+03
   #     47126  9.0051E+00  1.3739E-04  2.4023E+03
   #     47641  9.0756E+00  1.3645E-04  2.4324E+03
   #     48152  9.1451E+00  1.3580E-04  2.4624E+03
   #     48661  9.2141E+00  1.3531E-04  2.4924E+03
   #     49171  9.2829E+00  1.3463E-04  2.5225E+03
   #     49680  9.3513E+00  1.3386E-04  2.5525E+03
   #     50187  9.4189E+00  1.3308E-04  2.5825E+03
   #     50700  9.4870E+00  1.3227E-04  2.6125E+03
   #     51207  9.5538E+00  1.3145E-04  2.6426E+03
   #     51678  9.6156E+00  1.3068E-04  2.6726E+03
   #     52178  9.6807E+00  1.2989E-04  2.7026E+03
   #     52680  9.7457E+00  1.2913E-04  2.7327E+03
   #     53183  9.8104E+00  1.2833E-04  2.7627E+03
   #     53688  9.8750E+00  1.2754E-04  2.7927E+03
   #     54193  9.9392E+00  1.2681E-04  2.8228E+03
   #     54688  1.0002E+01  1.2618E-04  2.8528E+03
   #     55193  1.0065E+01  1.2558E-04  2.8828E+03
   #     55697  1.0128E+01  1.2503E-04  2.9128E+03
   #     56210  1.0192E+01  1.2457E-04  2.9429E+03
   #     56718  1.0256E+01  1.2439E-04  2.9729E+03
   #     57199  1.0315E+01  1.2444E-04  3.0030E+03
   #     57682  1.0376E+01  1.2458E-04  3.0330E+03
   #     58164  1.0436E+01  1.2476E-04  3.0633E+03
   #     58626  1.0493E+01  1.2492E-04  3.0933E+03
   #     59097  1.0552E+01  1.2505E-04  3.1234E+03
   #     59583  1.0613E+01  1.2507E-04  3.1534E+03
   #     60068  1.0674E+01  1.2511E-04  3.1835E+03
   #     60545  1.0733E+01  1.2519E-04  3.2135E+03
   #     61039  1.0795E+01  1.2530E-04  3.2435E+03
   #     61530  1.0857E+01  1.2540E-04  3.2736E+03
   #     62022  1.0918E+01  1.2549E-04  3.3036E+03
   #     62517  1.0981E+01  1.2559E-04  3.3337E+03
   #     63016  1.1043E+01  1.2570E-04  3.3637E+03
   #     63515  1.1106E+01  1.2581E-04  3.3937E+03
   #     64027  1.1170E+01  1.2588E-04  3.4238E+03
   #     64531  1.1234E+01  1.2594E-04  3.4539E+03
   #     65009  1.1294E+01  1.2599E-04  3.4839E+03
   #     65508  1.1357E+01  1.2604E-04  3.5139E+03
   #     66015  1.1421E+01  1.2607E-04  3.5439E+03
   #     66513  1.1483E+01  1.2610E-04  3.5740E+03
   #     67004  1.1545E+01  1.2619E-04  3.6040E+03
   #     67498  1.1608E+01  1.2634E-04  3.6341E+03
   #     67988  1.1670E+01  1.2653E-04  3.6641E+03
   #     68483  1.1732E+01  1.2672E-04  3.6941E+03
   #     68980  1.1795E+01  1.2697E-04  3.7242E+03
   #     69476  1.1858E+01  1.2728E-04  3.7542E+03
   #     69972  1.1922E+01  1.2766E-04  3.7842E+03
   #     70465  1.1985E+01  1.2811E-04  3.8143E+03
   #     70959  1.2048E+01  1.2859E-04  3.8443E+03
   #     71453  1.2112E+01  1.2908E-04  3.8743E+03
   #     71949  1.2176E+01  1.2956E-04  3.9043E+03
   #     72445  1.2240E+01  1.3008E-04  3.9344E+03
   #     72945  1.2305E+01  1.3066E-04  3.9644E+03
   #     73441  1.2370E+01  1.3127E-04  3.9944E+03
   #     73938  1.2435E+01  1.3191E-04  4.0244E+03
   #     74434  1.2501E+01  1.3256E-04  4.0545E+03
   #     74935  1.2568E+01  1.3322E-04  4.0845E+03
   #     75436  1.2634E+01  1.3388E-04  4.1146E+03
   #     75935  1.2701E+01  1.3449E-04  4.1446E+03
   #     76431  1.2768E+01  1.3509E-04  4.1746E+03
   #     76923  1.2835E+01  1.3563E-04  4.2046E+03
   #     77401  1.2900E+01  1.3611E-04  4.2347E+03
   #     77895  1.2967E+01  1.3662E-04  4.2647E+03
   #     78381  1.3034E+01  1.3712E-04  4.2950E+03
   #     78866  1.3100E+01  1.3765E-04  4.3250E+03
   #     79351  1.3167E+01  1.3822E-04  4.3550E+03
   #     79839  1.3235E+01  1.3882E-04  4.3851E+03
   #     80330  1.3303E+01  1.3942E-04  4.4151E+03
   #     80783  1.3366E+01  1.3996E-04  4.4452E+03
   #     81247  1.3431E+01  1.4051E-04  4.4752E+03
   #     81726  1.3499E+01  1.4106E-04  4.5052E+03
   #     82213  1.3568E+01  1.4157E-04  4.5352E+03
   #     82689  1.3635E+01  1.4207E-04  4.5653E+03
   #     83165  1.3703E+01  1.4261E-04  4.5953E+03
   #     83646  1.3772E+01  1.4319E-04  4.6253E+03
   #     84140  1.3842E+01  1.4381E-04  4.6554E+03
   #     84563  1.3903E+01  1.4436E-04  4.6854E+03
   #     85033  1.3971E+01  1.4493E-04  4.7154E+03
   #     85532  1.4044E+01  1.4546E-04  4.7455E+03
   #     86013  1.4114E+01  1.4593E-04  4.7755E+03
   #     86496  1.4184E+01  1.4642E-04  4.8055E+03
   #     86958  1.4252E+01  1.4691E-04  4.8355E+03
   #     87422  1.4320E+01  1.4741E-04  4.8656E+03
   #     87885  1.4389E+01  1.4787E-04  4.8956E+03
   #     88344  1.4457E+01  1.4827E-04  4.9257E+03
   #     88802  1.4525E+01  1.4861E-04  4.9557E+03
   #     89264  1.4593E+01  1.4892E-04  4.9857E+03
   #     89727  1.4662E+01  1.4924E-04  5.0158E+03
   #     90190  1.4731E+01  1.4955E-04  5.0458E+03
   #     90652  1.4800E+01  1.4985E-04  5.0758E+03
   #     91113  1.4870E+01  1.5014E-04  5.1058E+03
   #     91581  1.4940E+01  1.5040E-04  5.1359E+03
   #     92042  1.5009E+01  1.5063E-04  5.1659E+03
   #     92504  1.5079E+01  1.5083E-04  5.1959E+03
   #     92966  1.5149E+01  1.5103E-04  5.2259E+03
   #     93433  1.5219E+01  1.5125E-04  5.2560E+03
   #     93900  1.5290E+01  1.5148E-04  5.2860E+03
   #     94366  1.5360E+01  1.5168E-04  5.3160E+03
   #     94834  1.5431E+01  1.5185E-04  5.3461E+03
   #     95301  1.5502E+01  1.5203E-04  5.3761E+03
   #     95768  1.5573E+01  1.5220E-04  5.4061E+03
   #     96232  1.5644E+01  1.5239E-04  5.4362E+03
   #     96691  1.5714E+01  1.5258E-04  5.4662E+03
   #     97154  1.5785E+01  1.5277E-04  5.4962E+03
   #     97617  1.5855E+01  1.5295E-04  5.5262E+03
   #     98082  1.5926E+01  1.5303E-04  5.5562E+03
   #     98553  1.5998E+01  1.5325E-04  5.5863E+03
   #     99021  1.6070E+01  1.5351E-04  5.6163E+03
   #     99480  1.6141E+01  1.5378E-04  5.6464E+03
   #     99941  1.6212E+01  1.5399E-04  5.6764E+03
   #    100408  1.6284E+01  1.5418E-04  5.7064E+03
   #    100866  1.6354E+01  1.5437E-04  5.7365E+03
   #    101319  1.6424E+01  1.5454E-04  5.7665E+03
   #    101772  1.6494E+01  1.5467E-04  5.7965E+03
   #    102224  1.6564E+01  1.5479E-04  5.8266E+03
   #    102675  1.6634E+01  1.5491E-04  5.8566E+03
   #    103106  1.6701E+01  1.5505E-04  5.8867E+03
   #    103556  1.6771E+01  1.5525E-04  5.9167E+03
   #    104011  1.6841E+01  1.5547E-04  5.9467E+03
   #    104468  1.6912E+01  1.5567E-04  5.9768E+03
   #    104922  1.6983E+01  1.5582E-04  6.0068E+03
   #    105374  1.7053E+01  1.5596E-04  6.0369E+03
   #    105827  1.7124E+01  1.5611E-04  6.0669E+03
   #    106283  1.7195E+01  1.5627E-04  6.0969E+03
   #    106739  1.7266E+01  1.5641E-04  6.1270E+03
   #    107188  1.7337E+01  1.5655E-04  6.1570E+03
   #    107639  1.7407E+01  1.5669E-04  6.1870E+03
   #    108093  1.7478E+01  1.5683E-04  6.2170E+03
   #    108546  1.7549E+01  1.5698E-04  6.2470E+03
   #    108989  1.7619E+01  1.5711E-04  6.2771E+03
   #    109446  1.7691E+01  1.5722E-04  6.3071E+03
   #    109901  1.7762E+01  1.5729E-04  6.3372E+03
   #    110354  1.7834E+01  1.5731E-04  6.3672E+03
   #    110806  1.7905E+01  1.5735E-04  6.3972E+03
   #    111261  1.7976E+01  1.5741E-04  6.4272E+03
   #    111714  1.8047E+01  1.5747E-04  6.4572E+03
   #    112179  1.8121E+01  1.5752E-04  6.4872E+03
   #    112645  1.8194E+01  1.5756E-04  6.5173E+03
   #    113112  1.8268E+01  1.5758E-04  6.5473E+03
   #    113580  1.8341E+01  1.5756E-04  6.5773E+03
   #    114044  1.8414E+01  1.5758E-04  6.6074E+03
   #    114512  1.8488E+01  1.5765E-04  6.6374E+03
   #    114978  1.8562E+01  1.5776E-04  6.6674E+03
   #    115445  1.8635E+01  1.5788E-04  6.6974E+03
   #    115913  1.8709E+01  1.5798E-04  6.7274E+03
   #    116380  1.8783E+01  1.5805E-04  6.7575E+03
   #    116847  1.8857E+01  1.5810E-04  6.7875E+03
   #    117308  1.8929E+01  1.5813E-04  6.8176E+03
   #    117771  1.9003E+01  1.5808E-04  6.8476E+03
   #    118232  1.9076E+01  1.5785E-04  6.8776E+03
   #    118696  1.9149E+01  1.5764E-04  6.9076E+03
   #    119159  1.9222E+01  1.5750E-04  6.9377E+03
   #    119622  1.9294E+01  1.5734E-04  6.9677E+03
   #    120088  1.9368E+01  1.5718E-04  6.9978E+03
   #    120552  1.9441E+01  1.5705E-04  7.0278E+03
   #    121002  1.9511E+01  1.5694E-04  7.0578E+03
   #    121431  1.9578E+01  1.5686E-04  7.0879E+03
   #    121892  1.9651E+01  1.5681E-04  7.1179E+03
   #    122356  1.9723E+01  1.5677E-04  7.1479E+03
   #    122817  1.9796E+01  1.5675E-04  7.1780E+03
   #    123272  1.9867E+01  1.5674E-04  7.2080E+03
   #    123731  1.9939E+01  1.5671E-04  7.2380E+03
   #    124181  2.0009E+01  1.5666E-04  7.2681E+03
   #    124635  2.0080E+01  1.5658E-04  7.2981E+03
   #    125094  2.0152E+01  1.5646E-04  7.3281E+03
   #    125555  2.0224E+01  1.5633E-04  7.3582E+03
   #    126015  2.0296E+01  1.5616E-04  7.3882E+03
   #    126473  2.0368E+01  1.5599E-04  7.4182E+03
   #    126937  2.0440E+01  1.5583E-04  7.4483E+03
   #    127400  2.0512E+01  1.5563E-04  7.4783E+03
   #    127862  2.0584E+01  1.5515E-04  7.5083E+03
   #    128323  2.0655E+01  1.5458E-04  7.5384E+03
   #    128788  2.0727E+01  1.5401E-04  7.5684E+03
   #    129250  2.0798E+01  1.5351E-04  7.5984E+03
   #    129713  2.0869E+01  1.5309E-04  7.6284E+03
   #    130174  2.0939E+01  1.5270E-04  7.6585E+03
   #    130633  2.1009E+01  1.5228E-04  7.6885E+03
   #    131094  2.1079E+01  1.5188E-04  7.7185E+03
   #    131544  2.1148E+01  1.5160E-04  7.7485E+03
   #    131993  2.1216E+01  1.5139E-04  7.7785E+03
   #    132443  2.1284E+01  1.5117E-04  7.8086E+03
   #    132897  2.1352E+01  1.5090E-04  7.8386E+03
   #    133347  2.1420E+01  1.5068E-04  7.8686E+03
   #    133803  2.1489E+01  1.5053E-04  7.8987E+03
   #    134259  2.1557E+01  1.5036E-04  7.9287E+03
   #    134712  2.1625E+01  1.5019E-04  7.9588E+03
   #    135164  2.1693E+01  1.5002E-04  7.9888E+03
   #    135625  2.1762E+01  1.4991E-04  8.0188E+03
   #    136088  2.1832E+01  1.4985E-04  8.0489E+03
   #    136532  2.1898E+01  1.4982E-04  8.0789E+03
   #    136991  2.1967E+01  1.4976E-04  8.1089E+03
   #    137447  2.2035E+01  1.4977E-04  8.1390E+03
   #    137905  2.2104E+01  1.4986E-04  8.1690E+03
   #    138356  2.2171E+01  1.4999E-04  8.1990E+03
   #    138815  2.2240E+01  1.5010E-04  8.2291E+03
   #    139275  2.2309E+01  1.5017E-04  8.2591E+03
   #    139714  2.2375E+01  1.5021E-04  8.2891E+03
   #    140138  2.2439E+01  1.5020E-04  8.3192E+03
   #    140572  2.2504E+01  1.5012E-04  8.3493E+03
   #    141006  2.2569E+01  1.4997E-04  8.3793E+03
   #    141441  2.2634E+01  1.4974E-04  8.4093E+03
   #    141872  2.2699E+01  1.4945E-04  8.4394E+03
   #    142308  2.2764E+01  1.4909E-04  8.4694E+03
   #    142747  2.2829E+01  1.4868E-04  8.4994E+03
   #    143181  2.2893E+01  1.4824E-04  8.5294E+03
   #    143611  2.2957E+01  1.4778E-04  8.5595E+03
   #    144044  2.3021E+01  1.4730E-04  8.5895E+03
   #    144482  2.3085E+01  1.4683E-04  8.6196E+03
   #    144917  2.3149E+01  1.4641E-04  8.6496E+03
   #    145352  2.3213E+01  1.4602E-04  8.6797E+03
   #    145790  2.3277E+01  1.4560E-04  8.7097E+03
   #    146227  2.3340E+01  1.4516E-04  8.7397E+03
   #    146667  2.3404E+01  1.4466E-04  8.7697E+03
   #    147099  2.3466E+01  1.4409E-04  8.7998E+03
   #    147536  2.3529E+01  1.4348E-04  8.8298E+03
   #    147971  2.3591E+01  1.4287E-04  8.8598E+03
   #    148402  2.3653E+01  1.4234E-04  8.8899E+03
   #    148833  2.3714E+01  1.4187E-04  8.9199E+03
   #    149271  2.3776E+01  1.4149E-04  8.9499E+03
   #    149706  2.3837E+01  1.4113E-04  8.9800E+03
   #    150150  2.3900E+01  1.4079E-04  9.0100E+03
   #    150592  2.3962E+01  1.4049E-04  9.0401E+03
   #    151036  2.4024E+01  1.4024E-04  9.0701E+03
   #    151477  2.4086E+01  1.4004E-04  9.1001E+03
   #    151915  2.4147E+01  1.3988E-04  9.1302E+03
   #    152353  2.4209E+01  1.3974E-04  9.1602E+03
   #    152786  2.4269E+01  1.3967E-04  9.1902E+03
   #    153218  2.4329E+01  1.3966E-04  9.2203E+03
   #    153647  2.4389E+01  1.3973E-04  9.2503E+03
   #    154080  2.4450E+01  1.3984E-04  9.2804E+03
   #    154517  2.4511E+01  1.3999E-04  9.3104E+03
   #    154954  2.4572E+01  1.4016E-04  9.3404E+03
   #    155388  2.4633E+01  1.4031E-04  9.3704E+03
   #    155819  2.4693E+01  1.4046E-04  9.4004E+03
   #    156257  2.4755E+01  1.4061E-04  9.4305E+03
   #    156688  2.4816E+01  1.4079E-04  9.4605E+03
   #    157099  2.4874E+01  1.4101E-04  9.4906E+03
   #    157529  2.4934E+01  1.4121E-04  9.5206E+03
   #    157954  2.4994E+01  1.4143E-04  9.5506E+03
   #    158390  2.5056E+01  1.4167E-04  9.5807E+03
   #    158819  2.5117E+01  1.4193E-04  9.6107E+03
   #    159249  2.5178E+01  1.4220E-04  9.6408E+03
   #    159687  2.5240E+01  1.4247E-04  9.6708E+03
   #    160129  2.5303E+01  1.4272E-04  9.7008E+03
   #    160578  2.5367E+01  1.4295E-04  9.7309E+03
   #    161020  2.5430E+01  1.4315E-04  9.7609E+03
   #    161467  2.5495E+01  1.4332E-04  9.7909E+03
   #    161912  2.5558E+01  1.4345E-04  9.8210E+03
   #    162348  2.5621E+01  1.4351E-04  9.8510E+03
   #    162780  2.5683E+01  1.4355E-04  9.8810E+03
   #    163224  2.5747E+01  1.4359E-04  9.9110E+03
   #    163667  2.5810E+01  1.4361E-04  9.9411E+03
   #    164112  2.5874E+01  1.4362E-04  9.9711E+03
   #    164551  2.5937E+01  1.4361E-04  1.0001E+04
   #    164996  2.6001E+01  1.4356E-04  1.0031E+04
   #    165439  2.6064E+01  1.4351E-04  1.0061E+04
   #    165882  2.6128E+01  1.4344E-04  1.0091E+04
   #    166324  2.6191E+01  1.4339E-04  1.0121E+04
   #    166768  2.6255E+01  1.4335E-04  1.0151E+04
   #    167209  2.6318E+01  1.4332E-04  1.0181E+04
   #    167634  2.6379E+01  1.4329E-04  1.0211E+04
   #    168063  2.6441E+01  1.4322E-04  1.0241E+04
   #    168496  2.6503E+01  1.4313E-04  1.0271E+04
   #    168924  2.6564E+01  1.4304E-04  1.0302E+04
   #    169346  2.6624E+01  1.4297E-04  1.0332E+04
   #    169767  2.6684E+01  1.4291E-04  1.0362E+04
   #    170192  2.6745E+01  1.4287E-04  1.0392E+04
   #    170622  2.6806E+01  1.4285E-04  1.0422E+04
   #    171062  2.6869E+01  1.4286E-04  1.0452E+04
   #    171505  2.6932E+01  1.4295E-04  1.0482E+04
   #    171945  2.6995E+01  1.4308E-04  1.0512E+04
   #    172388  2.7059E+01  1.4326E-04  1.0542E+04
   #    172808  2.7119E+01  1.4347E-04  1.0572E+04
   #    173245  2.7182E+01  1.4374E-04  1.0602E+04
   #    173688  2.7245E+01  1.4405E-04  1.0632E+04
   #    174137  2.7310E+01  1.4442E-04  1.0662E+04
   #    174559  2.7371E+01  1.4481E-04  1.0692E+04
   #    175000  2.7435E+01  1.4525E-04  1.0722E+04
   #    175451  2.7501E+01  1.4570E-04  1.0752E+04
   #    175902  2.7566E+01  1.4615E-04  1.0782E+04
   #    176359  2.7633E+01  1.4658E-04  1.0812E+04
   #    176808  2.7699E+01  1.4699E-04  1.0842E+04
   #    177251  2.7764E+01  1.4739E-04  1.0872E+04
   #    177688  2.7829E+01  1.4780E-04  1.0902E+04
   #    178125  2.7893E+01  1.4817E-04  1.0932E+04
   #    178570  2.7959E+01  1.4853E-04  1.0962E+04
   #    179021  2.8026E+01  1.4889E-04  1.0992E+04
   #    179473  2.8094E+01  1.4921E-04  1.1022E+04
   #    179914  2.8160E+01  1.4952E-04  1.1052E+04
   #    180361  2.8227E+01  1.4981E-04  1.1082E+04
   #    180806  2.8293E+01  1.5002E-04  1.1112E+04
   #    181249  2.8360E+01  1.5017E-04  1.1142E+04
   #    181680  2.8424E+01  1.5027E-04  1.1172E+04
   #    182137  2.8493E+01  1.5040E-04  1.1202E+04
   #    182596  2.8562E+01  1.5064E-04  1.1233E+04
   #    183054  2.8631E+01  1.5082E-04  1.1263E+04
   #    183505  2.8699E+01  1.5095E-04  1.1293E+04
   #    183965  2.8769E+01  1.5104E-04  1.1323E+04
   #    184427  2.8838E+01  1.5108E-04  1.1353E+04
   #    184888  2.8908E+01  1.5113E-04  1.1383E+04
   #    185325  2.8974E+01  1.5129E-04  1.1413E+04
   #    185768  2.9041E+01  1.5143E-04  1.1443E+04
   #    186210  2.9108E+01  1.5152E-04  1.1473E+04
   #    186648  2.9174E+01  1.5163E-04  1.1503E+04
   #    187079  2.9239E+01  1.5176E-04  1.1533E+04
   #    187518  2.9306E+01  1.5194E-04  1.1563E+04
   #    187961  2.9373E+01  1.5213E-04  1.1593E+04
   #    188403  2.9441E+01  1.5232E-04  1.1623E+04
   #    188844  2.9508E+01  1.5252E-04  1.1653E+04
   #    189274  2.9574E+01  1.5273E-04  1.1683E+04
   #    189716  2.9641E+01  1.5297E-04  1.1713E+04
   #    190160  2.9709E+01  1.5322E-04  1.1743E+04
   #    190597  2.9776E+01  1.5349E-04  1.1773E+04
   #    191040  2.9844E+01  1.5376E-04  1.1803E+04
   #    191484  2.9912E+01  1.5403E-04  1.1833E+04
   #    191926  2.9980E+01  1.5426E-04  1.1863E+04
   #    192341  3.0044E+01  1.5444E-04  1.1893E+04
   #    192784  3.0113E+01  1.5463E-04  1.1923E+04
   #    193208  3.0179E+01  1.5482E-04  1.1953E+04
   #    193654  3.0248E+01  1.5495E-04  1.1983E+04
   #    194099  3.0317E+01  1.5504E-04  1.2013E+04
   #    194545  3.0386E+01  1.5485E-04  1.2043E+04
   #    194988  3.0454E+01  1.5472E-04  1.2073E+04
   #    195431  3.0523E+01  1.5463E-04  1.2104E+04
   #    195869  3.0590E+01  1.5459E-04  1.2134E+04
   #    196309  3.0658E+01  1.5444E-04  1.2164E+04
   #    196754  3.0727E+01  1.5434E-04  1.2194E+04
   #    197201  3.0796E+01  1.5430E-04  1.2224E+04
   #    197648  3.0865E+01  1.5430E-04  1.2254E+04
   #    198097  3.0934E+01  1.5435E-04  1.2284E+04
   #    198542  3.1003E+01  1.5443E-04  1.2314E+04
   #    198995  3.1073E+01  1.5456E-04  1.2344E+04
   #    199446  3.1143E+01  1.5476E-04  1.2374E+04
   #    199900  3.1213E+01  1.5507E-04  1.2404E+04
   #    200356  3.1284E+01  1.5544E-04  1.2434E+04
   #    200811  3.1354E+01  1.5582E-04  1.2464E+04
   #    201273  3.1426E+01  1.5617E-04  1.2494E+04
   #    201729  3.1498E+01  1.5649E-04  1.2524E+04
   #    202187  3.1569E+01  1.5684E-04  1.2554E+04
   #    202637  3.1640E+01  1.5720E-04  1.2584E+04
   #    203096  3.1712E+01  1.5758E-04  1.2614E+04
   #    203556  3.1785E+01  1.5796E-04  1.2644E+04
   #    204016  3.1858E+01  1.5832E-04  1.2674E+04
   #    204477  3.1931E+01  1.5865E-04  1.2704E+04
   #    204940  3.2004E+01  1.5898E-04  1.2734E+04
   #    205400  3.2077E+01  1.5931E-04  1.2764E+04
   #    205864  3.2151E+01  1.5963E-04  1.2795E+04
   #    206324  3.2225E+01  1.5992E-04  1.2825E+04
   #    206780  3.2298E+01  1.6020E-04  1.2855E+04
   #    207236  3.2371E+01  1.6049E-04  1.2885E+04
   #    207696  3.2445E+01  1.6071E-04  1.2915E+04
   #    208152  3.2518E+01  1.6084E-04  1.2945E+04
   #    208611  3.2592E+01  1.6094E-04  1.2975E+04
   #    209070  3.2666E+01  1.6104E-04  1.3005E+04
   #    209527  3.2739E+01  1.6107E-04  1.3035E+04
   #    209987  3.2813E+01  1.6098E-04  1.3065E+04
   #    210448  3.2888E+01  1.6091E-04  1.3095E+04
   #    210878  3.2957E+01  1.6094E-04  1.3125E+04
   #    211333  3.3030E+01  1.6103E-04  1.3155E+04
   #    211787  3.3103E+01  1.6110E-04  1.3185E+04
   #    212240  3.3176E+01  1.6124E-04  1.3215E+04
   #    212692  3.3249E+01  1.6139E-04  1.3245E+04
   #    213143  3.3322E+01  1.6157E-04  1.3275E+04
   #    213596  3.3395E+01  1.6176E-04  1.3305E+04
   #    214047  3.3468E+01  1.6195E-04  1.3335E+04
   #    214496  3.3541E+01  1.6214E-04  1.3365E+04
   #    214938  3.3612E+01  1.6232E-04  1.3395E+04
   #    215390  3.3686E+01  1.6251E-04  1.3425E+04
   #    215843  3.3759E+01  1.6269E-04  1.3455E+04
   #    216289  3.3832E+01  1.6283E-04  1.3485E+04
   #    216745  3.3906E+01  1.6295E-04  1.3515E+04
   #    217199  3.3980E+01  1.6303E-04  1.3545E+04
   #    217656  3.4054E+01  1.6313E-04  1.3575E+04
   #    218109  3.4128E+01  1.6331E-04  1.3605E+04
   #    218563  3.4202E+01  1.6341E-04  1.3635E+04
   #    219016  3.4276E+01  1.6334E-04  1.3665E+04
   #    219469  3.4350E+01  1.6321E-04  1.3695E+04
   #    219915  3.4423E+01  1.6300E-04  1.3725E+04
   #    220371  3.4497E+01  1.6275E-04  1.3756E+04
   #    220827  3.4572E+01  1.6248E-04  1.3786E+04
   #    221273  3.4644E+01  1.6225E-04  1.3816E+04
   #    221714  3.4715E+01  1.6200E-04  1.3846E+04
   #    222152  3.4786E+01  1.6179E-04  1.3876E+04
   #    222600  3.4859E+01  1.6158E-04  1.3906E+04
   #    223049  3.4931E+01  1.6148E-04  1.3936E+04
   #    223500  3.5004E+01  1.6150E-04  1.3966E+04
   #    223948  3.5076E+01  1.6161E-04  1.3996E+04
   #    224379  3.5146E+01  1.6174E-04  1.4026E+04
   #    224820  3.5217E+01  1.6191E-04  1.4056E+04
   #    225265  3.5289E+01  1.6211E-04  1.4086E+04
   #    225706  3.5361E+01  1.6235E-04  1.4116E+04
   #    226141  3.5431E+01  1.6265E-04  1.4146E+04
   #    226579  3.5503E+01  1.6298E-04  1.4176E+04
   #    227005  3.5572E+01  1.6328E-04  1.4206E+04
   #    227434  3.5642E+01  1.6351E-04  1.4236E+04
   #    227874  3.5714E+01  1.6369E-04  1.4266E+04
   #    228321  3.5787E+01  1.6387E-04  1.4296E+04
   #    228720  3.5853E+01  1.6396E-04  1.4326E+04
   #    229160  3.5925E+01  1.6385E-04  1.4356E+04
   #    229596  3.5996E+01  1.6367E-04  1.4386E+04
   #    230046  3.6070E+01  1.6344E-04  1.4416E+04
   #    230490  3.6142E+01  1.6319E-04  1.4446E+04
   #    230928  3.6214E+01  1.6294E-04  1.4476E+04
   #    231372  3.6286E+01  1.6269E-04  1.4506E+04
   #    231824  3.6359E+01  1.6243E-04  1.4536E+04
   #    232268  3.6431E+01  1.6216E-04  1.4566E+04
   #    232716  3.6504E+01  1.6179E-04  1.4596E+04
   #    233159  3.6575E+01  1.6155E-04  1.4626E+04
   #    233602  3.6647E+01  1.6146E-04  1.4657E+04
   #    234049  3.6719E+01  1.6144E-04  1.4687E+04
   #    234493  3.6791E+01  1.6149E-04  1.4717E+04
   #    234931  3.6862E+01  1.6153E-04  1.4747E+04
   #    235363  3.6931E+01  1.6148E-04  1.4777E+04
   #    235799  3.7002E+01  1.6147E-04  1.4807E+04
   #    236237  3.7072E+01  1.6151E-04  1.4837E+04
   #    236676  3.7143E+01  1.6162E-04  1.4867E+04
   #    237107  3.7213E+01  1.6177E-04  1.4897E+04
   #    237545  3.7284E+01  1.6196E-04  1.4927E+04
   #    237982  3.7355E+01  1.6219E-04  1.4957E+04
   #    238410  3.7424E+01  1.6245E-04  1.4987E+04
   #    238824  3.7491E+01  1.6270E-04  1.5017E+04
   #    239259  3.7562E+01  1.6293E-04  1.5047E+04
   #    239698  3.7634E+01  1.6314E-04  1.5077E+04
   #    240133  3.7705E+01  1.6331E-04  1.5107E+04
   #    240563  3.7775E+01  1.6343E-04  1.5137E+04
   #    241002  3.7847E+01  1.6351E-04  1.5167E+04
   #    241438  3.7918E+01  1.6348E-04  1.5197E+04
   #    241878  3.7990E+01  1.6333E-04  1.5227E+04
   #    242318  3.8062E+01  1.6308E-04  1.5257E+04
   #    242746  3.8131E+01  1.6277E-04  1.5287E+04
   #    243175  3.8201E+01  1.6240E-04  1.5317E+04
   #    243608  3.8271E+01  1.6199E-04  1.5347E+04
   #    244038  3.8341E+01  1.6160E-04  1.5377E+04
   #    244474  3.8411E+01  1.6122E-04  1.5408E+04
   #    244906  3.8481E+01  1.6088E-04  1.5438E+04
   #    245334  3.8549E+01  1.6056E-04  1.5468E+04
   #    245732  3.8613E+01  1.6030E-04  1.5498E+04
   #    246140  3.8679E+01  1.6005E-04  1.5528E+04
   #    246561  3.8746E+01  1.5981E-04  1.5558E+04
   #    246978  3.8812E+01  1.5958E-04  1.5588E+04
   #    247397  3.8879E+01  1.5937E-04  1.5618E+04
   #    247815  3.8946E+01  1.5919E-04  1.5648E+04
   #    248232  3.9012E+01  1.5905E-04  1.5678E+04
   #    248649  3.9078E+01  1.5898E-04  1.5708E+04
   #    249068  3.9145E+01  1.5896E-04  1.5738E+04
   #    249483  3.9211E+01  1.5898E-04  1.5768E+04
   #    249901  3.9277E+01  1.5900E-04  1.5798E+04
   #    250318  3.9344E+01  1.5903E-04  1.5828E+04
   #    250734  3.9410E+01  1.5908E-04  1.5858E+04
   #    251158  3.9477E+01  1.5912E-04  1.5888E+04
   #    251556  3.9541E+01  1.5919E-04  1.5918E+04
   #    251966  3.9606E+01  1.5932E-04  1.5948E+04
   #    252372  3.9671E+01  1.5950E-04  1.5978E+04
   #    252782  3.9736E+01  1.5969E-04  1.6008E+04
   #    253188  3.9801E+01  1.5985E-04  1.6038E+04
   #    253594  3.9866E+01  1.5990E-04  1.6069E+04
   #    254002  3.9931E+01  1.5982E-04  1.6099E+04
   #    254408  3.9996E+01  1.5959E-04  1.6129E+04
   #    254816  4.0061E+01  1.5934E-04  1.6159E+04
   #    255218  4.0125E+01  1.5910E-04  1.6189E+04
   #    255587  4.0183E+01  1.5889E-04  1.6219E+04
   #    255973  4.0245E+01  1.5869E-04  1.6249E+04
   #    256359  4.0306E+01  1.5846E-04  1.6279E+04
   #    256737  4.0366E+01  1.5819E-04  1.6309E+04
   #    257119  4.0426E+01  1.5786E-04  1.6339E+04
   #    257503  4.0486E+01  1.5750E-04  1.6369E+04
   #    257889  4.0547E+01  1.5715E-04  1.6399E+04
   #    258267  4.0606E+01  1.5683E-04  1.6429E+04
   #    258645  4.0666E+01  1.5653E-04  1.6459E+04
   #    259014  4.0723E+01  1.5625E-04  1.6489E+04
   #    259372  4.0779E+01  1.5595E-04  1.6519E+04
   #    259749  4.0838E+01  1.5561E-04  1.6549E+04
   #    260123  4.0896E+01  1.5531E-04  1.6579E+04
   #    260496  4.0954E+01  1.5504E-04  1.6609E+04
   #    260881  4.1013E+01  1.5478E-04  1.6639E+04
   #    261263  4.1073E+01  1.5453E-04  1.6669E+04
   #    261655  4.1133E+01  1.5427E-04  1.6699E+04
   #    262050  4.1194E+01  1.5400E-04  1.6729E+04
   #    262409  4.1249E+01  1.5377E-04  1.6759E+04
   #    262799  4.1309E+01  1.5352E-04  1.6789E+04
   #    263200  4.1371E+01  1.5325E-04  1.6820E+04
   #    263594  4.1431E+01  1.5297E-04  1.6850E+04
   #    263993  4.1492E+01  1.5268E-04  1.6880E+04
   #    264389  4.1552E+01  1.5239E-04  1.6910E+04
   #    264785  4.1612E+01  1.5211E-04  1.6940E+04
   #    265177  4.1672E+01  1.5183E-04  1.6970E+04
   #    265579  4.1733E+01  1.5153E-04  1.7000E+04
   #    265978  4.1793E+01  1.5115E-04  1.7030E+04
   #    266393  4.1856E+01  1.5074E-04  1.7060E+04
   #    266802  4.1917E+01  1.5035E-04  1.7090E+04
   #    267213  4.1979E+01  1.4996E-04  1.7120E+04
   #    267627  4.2041E+01  1.4958E-04  1.7150E+04
   #    268036  4.2102E+01  1.4919E-04  1.7180E+04
   #    268443  4.2163E+01  1.4881E-04  1.7210E+04
   #    268853  4.2224E+01  1.4844E-04  1.7240E+04
   #    269268  4.2285E+01  1.4789E-04  1.7270E+04
   #    269683  4.2346E+01  1.4732E-04  1.7300E+04
   #    270098  4.2407E+01  1.4675E-04  1.7330E+04
   #    270508  4.2467E+01  1.4619E-04  1.7360E+04
   #    270924  4.2528E+01  1.4563E-04  1.7390E+04
   #    271335  4.2588E+01  1.4510E-04  1.7420E+04
   #    271754  4.2649E+01  1.4461E-04  1.7450E+04
   #    272172  4.2709E+01  1.4417E-04  1.7480E+04
   #    272588  4.2769E+01  1.4379E-04  1.7510E+04
   #    273003  4.2828E+01  1.4347E-04  1.7540E+04
   #    273408  4.2886E+01  1.4314E-04  1.7570E+04
   #    273817  4.2945E+01  1.4287E-04  1.7600E+04
   #    274221  4.3002E+01  1.4263E-04  1.7630E+04
   #    274628  4.3060E+01  1.4241E-04  1.7660E+04
   #    275036  4.3118E+01  1.4217E-04  1.7691E+04
   #    275443  4.3176E+01  1.4191E-04  1.7721E+04
   #    275850  4.3234E+01  1.4161E-04  1.7751E+04
   #    276261  4.3292E+01  1.4123E-04  1.7781E+04
   #    276665  4.3349E+01  1.4085E-04  1.7811E+04
   #    277074  4.3406E+01  1.4044E-04  1.7841E+04
   #    277484  4.3464E+01  1.3998E-04  1.7871E+04
   #    277863  4.3517E+01  1.3954E-04  1.7901E+04
   #    278250  4.3571E+01  1.3910E-04  1.7931E+04
   #    278647  4.3626E+01  1.3861E-04  1.7961E+04
   #    279038  4.3680E+01  1.3813E-04  1.7991E+04
   #    279437  4.3735E+01  1.3769E-04  1.8021E+04
   #    279841  4.3791E+01  1.3730E-04  1.8051E+04
   #    280248  4.3846E+01  1.3695E-04  1.8081E+04
   #    280642  4.3900E+01  1.3664E-04  1.8111E+04
   #    281045  4.3955E+01  1.3630E-04  1.8141E+04
   #    281448  4.4010E+01  1.3592E-04  1.8171E+04
   #    281852  4.4065E+01  1.3552E-04  1.8201E+04
   #    282253  4.4119E+01  1.3508E-04  1.8231E+04
   #    282642  4.4172E+01  1.3463E-04  1.8261E+04
   #    283035  4.4224E+01  1.3413E-04  1.8291E+04
   #    283427  4.4277E+01  1.3364E-04  1.8321E+04
   #    283826  4.4330E+01  1.3317E-04  1.8351E+04
   #    284220  4.4382E+01  1.3274E-04  1.8381E+04
   #    284618  4.4435E+01  1.3236E-04  1.8411E+04
   #    285018  4.4488E+01  1.3202E-04  1.8441E+04
   #    285411  4.4540E+01  1.3169E-04  1.8472E+04
   #    285797  4.4591E+01  1.3135E-04  1.8502E+04
   #    286199  4.4643E+01  1.3093E-04  1.8532E+04
   #    286594  4.4695E+01  1.3047E-04  1.8562E+04
   #    286985  4.4746E+01  1.2998E-04  1.8592E+04
   #    287381  4.4797E+01  1.2950E-04  1.8622E+04
   #    287772  4.4848E+01  1.2911E-04  1.8652E+04
   #    288176  4.4900E+01  1.2890E-04  1.8682E+04
   #    288576  4.4951E+01  1.2882E-04  1.8712E+04
   #    288961  4.5001E+01  1.2880E-04  1.8742E+04
   #    289355  4.5052E+01  1.2883E-04  1.8772E+04
   #    289750  4.5103E+01  1.2887E-04  1.8802E+04
   #    290152  4.5154E+01  1.2894E-04  1.8832E+04
   #    290547  4.5205E+01  1.2902E-04  1.8862E+04
   #    290931  4.5255E+01  1.2909E-04  1.8892E+04
   #    291334  4.5307E+01  1.2918E-04  1.8922E+04
   #    291734  4.5359E+01  1.2923E-04  1.8952E+04
   #    292136  4.5410E+01  1.2924E-04  1.8982E+04
   #    292544  4.5463E+01  1.2923E-04  1.9012E+04
   #    292948  4.5515E+01  1.2923E-04  1.9042E+04
   #    293296  4.5560E+01  1.2923E-04  1.9072E+04
   #    293695  4.5612E+01  1.2926E-04  1.9102E+04
   #    294092  4.5663E+01  1.2930E-04  1.9133E+04
   #    294450  4.5710E+01  1.2935E-04  1.9163E+04
   #    294849  4.5761E+01  1.2941E-04  1.9193E+04
   #    295234  4.5811E+01  1.2952E-04  1.9223E+04
   #    295627  4.5862E+01  1.2966E-04  1.9253E+04
   #    296018  4.5913E+01  1.2960E-04  1.9283E+04
   #    296409  4.5963E+01  1.2932E-04  1.9313E+04
   #    296803  4.6014E+01  1.2906E-04  1.9343E+04
   #    297189  4.6064E+01  1.2886E-04  1.9373E+04
   #    297585  4.6115E+01  1.2876E-04  1.9403E+04
   #    297985  4.6166E+01  1.2871E-04  1.9433E+04
   #    298377  4.6217E+01  1.2870E-04  1.9463E+04
   #    298775  4.6268E+01  1.2866E-04  1.9493E+04
   #    299142  4.6315E+01  1.2856E-04  1.9523E+04
   #    299522  4.6364E+01  1.2838E-04  1.9553E+04
   #    299905  4.6413E+01  1.2818E-04  1.9583E+04
   #    300296  4.6463E+01  1.2803E-04  1.9613E+04
   #    300675  4.6512E+01  1.2796E-04  1.9643E+04
   #    301072  4.6562E+01  1.2792E-04  1.9673E+04
   #    301466  4.6613E+01  1.2791E-04  1.9703E+04
   #    301854  4.6662E+01  1.2790E-04  1.9733E+04
   #    302239  4.6712E+01  1.2790E-04  1.9763E+04
   #    302626  4.6761E+01  1.2794E-04  1.9794E+04
   #    302957  4.6803E+01  1.2797E-04  1.9824E+04
   #    303281  4.6845E+01  1.2803E-04  1.9854E+04
   #    303612  4.6887E+01  1.2812E-04  1.9884E+04
   #    303979  4.6934E+01  1.2825E-04  1.9914E+04
   #    304302  4.6976E+01  1.2837E-04  1.9944E+04
   #    304635  4.7018E+01  1.2852E-04  1.9974E+04
   #    305014  4.7067E+01  1.2872E-04  2.0004E+04
   #    305380  4.7114E+01  1.2896E-04  2.0035E+04
   #    305739  4.7161E+01  1.2924E-04  2.0065E+04
   #    306122  4.7210E+01  1.2959E-04  2.0095E+04
   #    306483  4.7257E+01  1.2995E-04  2.0125E+04
   #    306872  4.7308E+01  1.3030E-04  2.0155E+04
   #    307251  4.7357E+01  1.3051E-04  2.0185E+04
   #    307619  4.7405E+01  1.3074E-04  2.0215E+04
   #    307993  4.7454E+01  1.3097E-04  2.0245E+04
   #    308373  4.7504E+01  1.3114E-04  2.0275E+04
   #    308733  4.7551E+01  1.3127E-04  2.0305E+04
   #    309120  4.7602E+01  1.3139E-04  2.0335E+04
   #    309505  4.7652E+01  1.3150E-04  2.0365E+04
   #    309893  4.7703E+01  1.3164E-04  2.0395E+04
   #    310287  4.7755E+01  1.3181E-04  2.0425E+04
   #    310673  4.7806E+01  1.3197E-04  2.0456E+04
   #    311065  4.7858E+01  1.3215E-04  2.0486E+04
   #    311457  4.7910E+01  1.3233E-04  2.0516E+04
   #    311839  4.7960E+01  1.3252E-04  2.0546E+04
   #    312228  4.8012E+01  1.3274E-04  2.0576E+04
   #    312622  4.8064E+01  1.3299E-04  2.0606E+04
   #    313015  4.8116E+01  1.3325E-04  2.0636E+04
   #    313407  4.8169E+01  1.3349E-04  2.0666E+04
   #    313797  4.8221E+01  1.3372E-04  2.0696E+04
   #    314193  4.8274E+01  1.3391E-04  2.0726E+04
   #    314588  4.8327E+01  1.3404E-04  2.0756E+04
   #    314980  4.8379E+01  1.3414E-04  2.0786E+04
   #    315373  4.8432E+01  1.3424E-04  2.0816E+04
   #    315765  4.8485E+01  1.3436E-04  2.0846E+04
   #    316159  4.8538E+01  1.3451E-04  2.0876E+04
   #    316556  4.8591E+01  1.3468E-04  2.0906E+04
   #    316945  4.8643E+01  1.3487E-04  2.0936E+04
   #    317342  4.8697E+01  1.3505E-04  2.0966E+04
   #    317737  4.8750E+01  1.3522E-04  2.0996E+04
   #    318133  4.8804E+01  1.3530E-04  2.1026E+04
   #    318525  4.8857E+01  1.3538E-04  2.1056E+04
   #    318917  4.8910E+01  1.3550E-04  2.1086E+04
   #    319315  4.8964E+01  1.3561E-04  2.1116E+04
   #    319701  4.9016E+01  1.3570E-04  2.1146E+04
   #    320097  4.9070E+01  1.3582E-04  2.1176E+04
   #    320484  4.9122E+01  1.3597E-04  2.1206E+04
   #    320881  4.9177E+01  1.3618E-04  2.1236E+04
   #    321282  4.9231E+01  1.3643E-04  2.1266E+04
   #    321683  4.9286E+01  1.3671E-04  2.1296E+04
   #    322084  4.9341E+01  1.3701E-04  2.1326E+04
   #    322486  4.9396E+01  1.3731E-04  2.1357E+04
   #    322887  4.9451E+01  1.3762E-04  2.1387E+04
   #    323292  4.9507E+01  1.3792E-04  2.1417E+04
   #    323694  4.9562E+01  1.3822E-04  2.1447E+04
   #    324093  4.9617E+01  1.3851E-04  2.1477E+04
   #    324475  4.9670E+01  1.3878E-04  2.1507E+04
   #    324873  4.9726E+01  1.3905E-04  2.1537E+04
   #    325267  4.9780E+01  1.3932E-04  2.1567E+04
   #    325663  4.9836E+01  1.3961E-04  2.1597E+04
   #    326060  4.9891E+01  1.3991E-04  2.1627E+04
   #    326459  4.9947E+01  1.4024E-04  2.1657E+04
   #    326858  5.0003E+01  1.4058E-04  2.1687E+04
   #    327254  5.0059E+01  1.4094E-04  2.1717E+04
   #    327655  5.0115E+01  1.4131E-04  2.1747E+04
   #    328052  5.0171E+01  1.4166E-04  2.1777E+04
   #    328445  5.0227E+01  1.4200E-04  2.1807E+04
   #    328845  5.0284E+01  1.4232E-04  2.1837E+04
   #    329241  5.0340E+01  1.4261E-04  2.1867E+04
   #    329636  5.0397E+01  1.4290E-04  2.1897E+04
   #    330025  5.0452E+01  1.4316E-04  2.1927E+04
   #    330422  5.0509E+01  1.4340E-04  2.1957E+04
   #    330814  5.0565E+01  1.4365E-04  2.1987E+04
   #    331201  5.0621E+01  1.4392E-04  2.2017E+04
   #    331579  5.0675E+01  1.4419E-04  2.2048E+04
   #    331968  5.0732E+01  1.4449E-04  2.2078E+04
   #    332365  5.0789E+01  1.4479E-04  2.2108E+04
   #    332759  5.0846E+01  1.4510E-04  2.2138E+04
   #    333153  5.0903E+01  1.4541E-04  2.2168E+04
   #    333542  5.0960E+01  1.4573E-04  2.2198E+04
   #    333935  5.1017E+01  1.4606E-04  2.2228E+04
   #    334315  5.1073E+01  1.4639E-04  2.2258E+04
   #    334704  5.1130E+01  1.4673E-04  2.2288E+04
   #    335092  5.1187E+01  1.4705E-04  2.2318E+04
   #    335479  5.1244E+01  1.4734E-04  2.2348E+04
   #    335869  5.1301E+01  1.4762E-04  2.2378E+04
   #    336263  5.1359E+01  1.4789E-04  2.2408E+04
   #    336651  5.1417E+01  1.4815E-04  2.2438E+04
   #    337022  5.1472E+01  1.4839E-04  2.2468E+04
   #    337402  5.1528E+01  1.4862E-04  2.2498E+04
   #    337779  5.1584E+01  1.4886E-04  2.2528E+04
   #    338153  5.1640E+01  1.4910E-04  2.2558E+04
   #    338526  5.1696E+01  1.4934E-04  2.2588E+04
   #    338904  5.1752E+01  1.4960E-04  2.2618E+04
   #    339281  5.1809E+01  1.4985E-04  2.2648E+04
   #    339655  5.1865E+01  1.5010E-04  2.2678E+04
   #    340011  5.1918E+01  1.5035E-04  2.2708E+04
   #    340390  5.1975E+01  1.5062E-04  2.2738E+04
   #    340766  5.2032E+01  1.5089E-04  2.2768E+04
   #    341145  5.2089E+01  1.5118E-04  2.2799E+04
   #    341528  5.2147E+01  1.5148E-04  2.2829E+04
   #    341906  5.2204E+01  1.5179E-04  2.2859E+04
   #    342280  5.2261E+01  1.5210E-04  2.2889E+04
   #    342652  5.2318E+01  1.5215E-04  2.2919E+04
   #    343028  5.2375E+01  1.5202E-04  2.2949E+04
   #    343412  5.2433E+01  1.5190E-04  2.2979E+04
   #    343783  5.2489E+01  1.5180E-04  2.3009E+04
   #    344146  5.2545E+01  1.5168E-04  2.3039E+04
   #    344495  5.2597E+01  1.5154E-04  2.3069E+04
   #    344862  5.2653E+01  1.5139E-04  2.3099E+04
   #    345238  5.2710E+01  1.5134E-04  2.3129E+04
   #    345600  5.2765E+01  1.5135E-04  2.3159E+04
   #    345967  5.2820E+01  1.5133E-04  2.3189E+04
   #    346352  5.2878E+01  1.5128E-04  2.3219E+04
   #    346735  5.2936E+01  1.5120E-04  2.3249E+04
   #    347106  5.2992E+01  1.5113E-04  2.3279E+04
   #    347476  5.3048E+01  1.5101E-04  2.3310E+04
   #    347845  5.3104E+01  1.5090E-04  2.3340E+04
   #    348219  5.3160E+01  1.5083E-04  2.3370E+04
   #    348575  5.3214E+01  1.5081E-04  2.3400E+04
   #    348926  5.3267E+01  1.5079E-04  2.3430E+04
   #    349294  5.3322E+01  1.5072E-04  2.3460E+04
   #    349665  5.3378E+01  1.5062E-04  2.3490E+04
   #    350028  5.3433E+01  1.5049E-04  2.3520E+04
   #    350371  5.3484E+01  1.5036E-04  2.3550E+04
   #    350750  5.3541E+01  1.5023E-04  2.3580E+04
   #    351118  5.3597E+01  1.5015E-04  2.3610E+04
   #    351482  5.3651E+01  1.5015E-04  2.3640E+04
   #    351851  5.3707E+01  1.5021E-04  2.3670E+04
   #    352211  5.3761E+01  1.5024E-04  2.3700E+04
   #    352576  5.3815E+01  1.5022E-04  2.3730E+04
   #    352920  5.3867E+01  1.5016E-04  2.3760E+04
   #    353280  5.3921E+01  1.5008E-04  2.3790E+04
   #    353639  5.3975E+01  1.4999E-04  2.3820E+04
   #    353985  5.4027E+01  1.4992E-04  2.3850E+04
   #    354335  5.4079E+01  1.4986E-04  2.3880E+04
   #    354673  5.4130E+01  1.4975E-04  2.3910E+04
   #    355028  5.4183E+01  1.4960E-04  2.3940E+04
   #    355376  5.4235E+01  1.4945E-04  2.3970E+04
   #    355717  5.4286E+01  1.4929E-04  2.4001E+04
   #    356072  5.4339E+01  1.4916E-04  2.4031E+04
   #    356390  5.4386E+01  1.4911E-04  2.4061E+04
   #    356760  5.4441E+01  1.4913E-04  2.4091E+04
   #    357115  5.4494E+01  1.4914E-04  2.4121E+04
   #    357468  5.4547E+01  1.4903E-04  2.4151E+04
   #    357831  5.4601E+01  1.4885E-04  2.4181E+04
   #    358192  5.4655E+01  1.4875E-04  2.4211E+04
   #    358526  5.4704E+01  1.4866E-04  2.4241E+04
   #    358831  5.4750E+01  1.4854E-04  2.4271E+04
   #    359113  5.4792E+01  1.4841E-04  2.4301E+04
   #    359406  5.4835E+01  1.4829E-04  2.4331E+04
   #    359720  5.4882E+01  1.4813E-04  2.4361E+04
   #    360013  5.4925E+01  1.4803E-04  2.4391E+04
   #    360311  5.4969E+01  1.4797E-04  2.4422E+04
   #    360637  5.5017E+01  1.4780E-04  2.4452E+04
   #    360969  5.5066E+01  1.4759E-04  2.4482E+04
   #    361267  5.5110E+01  1.4743E-04  2.4512E+04
   #    361566  5.5154E+01  1.4736E-04  2.4542E+04
   #    361883  5.5201E+01  1.4737E-04  2.4572E+04
   #    362194  5.5247E+01  1.4739E-04  2.4602E+04
   #    362517  5.5294E+01  1.4725E-04  2.4632E+04
   #    362833  5.5341E+01  1.4709E-04  2.4662E+04
   #    363142  5.5386E+01  1.4694E-04  2.4692E+04
   #    363463  5.5433E+01  1.4686E-04  2.4722E+04
   #    363769  5.5478E+01  1.4685E-04  2.4753E+04
   #    364076  5.5523E+01  1.4675E-04  2.4783E+04
   #    364374  5.5567E+01  1.4672E-04  2.4813E+04
   #    364689  5.5613E+01  1.4662E-04  2.4843E+04
   #    365053  5.5667E+01  1.4650E-04  2.4873E+04
   #    365419  5.5720E+01  1.4643E-04  2.4903E+04
   #    365784  5.5774E+01  1.4628E-04  2.4933E+04
   #    366151  5.5827E+01  1.4613E-04  2.4963E+04
   #    366512  5.5880E+01  1.4608E-04  2.4993E+04
   #    366875  5.5933E+01  1.4605E-04  2.5023E+04
   #    367234  5.5985E+01  1.4594E-04  2.5053E+04
   #    367599  5.6038E+01  1.4565E-04  2.5083E+04
   #    367968  5.6092E+01  1.4568E-04  2.5113E+04
   #    368340  5.6146E+01  1.4571E-04  2.5143E+04
   #    368685  5.6197E+01  1.4567E-04  2.5173E+04
#################~ JOB EFFICIENCY REPORT ~##################
# JobID:                   133949                          #
# Cluster:                 dejar                           #
# Cores:                   28                              #
# Wall-clock time:         6.99 hours                      #
# User-CPU utilized:       190.50 CPU-hours                #
# User-CPU load:           97.2 %                          #
# System-CPU utilized:     4.75 CPU-hours                  #
# System-CPU load:         2.4 %                           #
# Memory utilized          6.22 GB                         #
# Memory efficiency        5.4 %                           #
#~~~~~~~~~~~~~~~~~~~~~~~~~~~~~~~~~~~~~~~~~~~~~~~~~~~~~~~~~~#
# If your job has low CPU Efficiency or you have doubts    #
# about setting up a job, do not hesitate and contact us:  #
#                    res_support@iac.es                    #
############################################################
