At line 589 of file mod_input_output.f (unit = 9, file = 'amrvac.par')
Fortran runtime error: Cannot match namelist object name .d0

Error termination. Backtrace:
At line 589 of file mod_input_output.f (unit = 9, file = 'amrvac.par')
Fortran runtime error: Cannot match namelist object name .d0

Error termination. Backtrace:
At line 589 of file mod_input_output.f (unit = 9, file = 'amrvac.par')
Fortran runtime error: Cannot match namelist object name .d0

Error termination. Backtrace:
At line 589 of file mod_input_output.f (unit = 9, file = 'amrvac.par')
Fortran runtime error: Cannot match namelist object name .d0

Error termination. Backtrace:
At line 589 of file mod_input_output.f (unit = 9, file = 'amrvac.par')
Fortran runtime error: Cannot match namelist object name .d0

Error termination. Backtrace:
At line 589 of file mod_input_output.f (unit = 9, file = 'amrvac.par')
Fortran runtime error: Cannot match namelist object name .d0

Error termination. Backtrace:
At line 589 of file mod_input_output.f (unit = 9, file = 'amrvac.par')
Fortran runtime error: Cannot match namelist object name .d0

Error termination. Backtrace:
At line 589 of file mod_input_output.f (unit = 9, file = 'amrvac.par')
Fortran runtime error: Cannot match namelist object name .d0

Error termination. Backtrace:
At line 589 of file mod_input_output.f (unit = 9, file = 'amrvac.par')
Fortran runtime error: Cannot match namelist object name .d0

Error termination. Backtrace:
At line 589 of file mod_input_output.f (unit = 9, file = 'amrvac.par')
Fortran runtime error: Cannot match namelist object name .d0

Error termination. Backtrace:
At line 589 of file mod_input_output.f (unit = 9, file = 'amrvac.par')
Fortran runtime error: Cannot match namelist object name .d0

Error termination. Backtrace:
At line 589 of file mod_input_output.f (unit = 9, file = 'amrvac.par')
Fortran runtime error: Cannot match namelist object name .d0

Error termination. Backtrace:
At line 589 of file mod_input_output.f (unit = 9, file = 'amrvac.par')
Fortran runtime error: Cannot match namelist object name .d0

Error termination. Backtrace:
At line 589 of file mod_input_output.f (unit = 9, file = 'amrvac.par')
Fortran runtime error: Cannot match namelist object name .d0

Error termination. Backtrace:
At line 589 of file mod_input_output.f (unit = 9, file = 'amrvac.par')
Fortran runtime error: Cannot match namelist object name .d0

Error termination. Backtrace:
At line 589 of file mod_input_output.f (unit = 9, file = 'amrvac.par')
Fortran runtime error: Cannot match namelist object name .d0

Error termination. Backtrace:
At line 589 of file mod_input_output.f (unit = 9, file = 'amrvac.par')
Fortran runtime error: Cannot match namelist object name .d0

Error termination. Backtrace:
At line 589 of file mod_input_output.f (unit = 9, file = 'amrvac.par')
Fortran runtime error: Cannot match namelist object name .d0

Error termination. Backtrace:
At line 589 of file mod_input_output.f (unit = 9, file = 'amrvac.par')
Fortran runtime error: Cannot match namelist object name .d0

Error termination. Backtrace:
At line 589 of file mod_input_output.f (unit = 9, file = 'amrvac.par')
Fortran runtime error: Cannot match namelist object name .d0

Error termination. Backtrace:
At line 589 of file mod_input_output.f (unit = 9, file = 'amrvac.par')
Fortran runtime error: Cannot match namelist object name .d0

Error termination. Backtrace:
At line 589 of file mod_input_output.f (unit = 9, file = 'amrvac.par')
Fortran runtime error: Cannot match namelist object name .d0

Error termination. Backtrace:
At line 589 of file mod_input_output.f (unit = 9, file = 'amrvac.par')
Fortran runtime error: Cannot match namelist object name .d0

Error termination. Backtrace:
At line 589 of file mod_input_output.f (unit = 9, file = 'amrvac.par')
Fortran runtime error: Cannot match namelist object name .d0
At line 589 of file mod_input_output.f (unit = 9, file = 'amrvac.par')
Fortran runtime error: Cannot match namelist object name .d0

Error termination. Backtrace:

Error termination. Backtrace:
At line 589 of file mod_input_output.f (unit = 9, file = 'amrvac.par')
Fortran runtime error: Cannot match namelist object name .d0

Error termination. Backtrace:
At line 589 of file mod_input_output.f (unit = 9, file = 'amrvac.par')
Fortran runtime error: Cannot match namelist object name .d0

Error termination. Backtrace:
At line 589 of file mod_input_output.f (unit = 9, file = 'amrvac.par')
Fortran runtime error: Cannot match namelist object name .d0

Error termination. Backtrace:
#0  0x7f6210987960 in ???
#1  0x7f62109884d9 in ???
#2  0x7f621098910f in ???
#3  0x7f6210bd69b4 in ???
#4  0x7f6210bdfd6d in ???
#5  0x7f6210be00e3 in ???
#6  0x55c1a6c921e8 in ???
#0  0x7f9e9a8da960 in ???
#1  0x7f9e9a8db4d9 in ???
#2  0x7f9e9a8dc10f in ???
#3  0x7f9e9ab299b4 in ???
#4  0x7f9e9ab32d6d in ???
#5  0x7f9e9ab330e3 in ???
#6  0x55e7c14a21e8 in ???
#0  0x7f00bb9b5960 in ???
#1  0x7f00bb9b64d9 in ???
#2  0x7f00bb9b710f in ???
#3  0x7f00bbc049b4 in ???
#4  0x7f00bbc0dd6d in ???
#5  0x7f00bbc0e0e3 in ???
#6  0x55e1e95eb1e8 in ???
#0  0x7f0e883db960 in ???
#1  0x7f0e883dc4d9 in ???
#2  0x7f0e883dd10f in ???
#3  0x7f0e8862a9b4 in ???
#4  0x7f0e88633d6d in ???
#5  0x7f0e886340e3 in ???
#6  0x556f074b01e8 in ???
#0  0x7f2cf2110960 in ???
#1  0x7f2cf21114d9 in ???
#2  0x7f2cf211210f in ???
#3  0x7f2cf235f9b4 in ???
#4  0x7f2cf2368d6d in ???
#5  0x7f2cf23690e3 in ???
#6  0x55cd22e261e8 in ???
#0  0x7f39289b6960 in ???
#1  0x7f39289b74d9 in ???
#2  0x7f39289b810f in ???
#3  0x7f3928c059b4 in ???
#4  0x7f3928c0ed6d in ???
#5  0x7f3928c0f0e3 in ???
#6  0x561ccc20f1e8 in ???
#0  0x7fe1a957f960 in ???
#1  0x7fe1a95804d9 in ???
#2  0x7fe1a958110f in ???
#3  0x7fe1a97ce9b4 in ???
#4  0x7fe1a97d7d6d in ???
#5  0x7fe1a97d80e3 in ???
#6  0x55e1eefb41e8 in ???
#0  0x7f1963ae8960 in ???
#1  0x7f1963ae94d9 in ???
#2  0x7f1963aea10f in ???
#3  0x7f1963d379b4 in ???
#4  0x7f1963d40d6d in ???
#5  0x7f1963d410e3 in ???
#6  0x5573587161e8 in ???
#0  0x7f2a54a95960 in ???
#0  0x7f43f9b84960 in ???
#1  0x7f43f9b854d9 in ???
#2  0x7f43f9b8610f in ???
#3  0x7f43f9dd39b4 in ???
#4  0x7f43f9ddcd6d in ???
#5  0x7f43f9ddd0e3 in ???
#6  0x56379160a1e8 in ???
#0  0x7facf46d2960 in ???
#1  0x7facf46d34d9 in ???
#2  0x7facf46d410f in ???
#3  0x7facf49219b4 in ???
#4  0x7facf492ad6d in ???
#5  0x7facf492b0e3 in ???
#6  0x5634fdf591e8 in ???
#7  0x55c1a6c18479 in ???
#8  0x55c1a6b26a19 in ???
#9  0x55c1a6b268ce in ???
#7  0x55e7c1428479 in ???
#8  0x55e7c1336a19 in ???
#9  0x55e7c13368ce in ???
#7  0x556f07436479 in ???
#8  0x556f07344a19 in ???
#9  0x556f073448ce in ???
#7  0x561ccc195479 in ???
#8  0x561ccc0a3a19 in ???
#9  0x561ccc0a38ce in ???
#7  0x55e1eef3a479 in ???
#8  0x55e1eee48a19 in ???
#9  0x55e1eee488ce in ???
#7  0x55735869c479 in ???
#8  0x5573585aaa19 in ???
#9  0x5573585aa8ce in ???
#7  0x563791590479 in ???
#8  0x56379149ea19 in ???
#9  0x56379149e8ce in ???
#7  0x5634fdedf479 in ???
#8  0x5634fddeda19 in ???
#9  0x5634fdded8ce in ???
#7  0x55e1e9571479 in ???
#8  0x55e1e947fa19 in ???
#9  0x55e1e947f8ce in ???
#7  0x55cd22dac479 in ???
#8  0x55cd22cbaa19 in ???
#9  0x55cd22cba8ce in ???
#0  0x7f66bc664960 in ???
#1  0x7f66bc6654d9 in ???
#2  0x7f66bc66610f in ???
#3  0x7f66bc8b39b4 in ???
#4  0x7f66bc8bcd6d in ???
#5  0x7f66bc8bd0e3 in ???
#0  0x7f22011ba960 in ???
#1  0x7f22011bb4d9 in ???
#2  0x7f22011bc10f in ???
#3  0x7f22014099b4 in ???
#4  0x7f2201412d6d in ???
#5  0x7f22014130e3 in ???
#6  0x558a5b6cf1e8 in ???
#6  0x55d850f691e8 in ???
#7  0x55d850eef479 in ???
#8  0x55d850dfda19 in ???
#9  0x55d850dfd8ce in ???
#10  0x7f6210560d8f in __libc_start_call_main
	at ../sysdeps/nptl/libc_start_call_main.h:58
#11  0x7f6210560e3f in __libc_start_main_impl
	at ../csu/libc-start.c:392
#12  0x55c1a6b26904 in ???
#13  0xffffffffffffffff in ???
#10  0x7f9e9a4b3d8f in __libc_start_call_main
	at ../sysdeps/nptl/libc_start_call_main.h:58
#11  0x7f9e9a4b3e3f in __libc_start_main_impl
	at ../csu/libc-start.c:392
#12  0x55e7c1336904 in ???
#13  0xffffffffffffffff in ???
#10  0x7f00bb58ed8f in __libc_start_call_main
	at ../sysdeps/nptl/libc_start_call_main.h:58
#11  0x7f00bb58ee3f in __libc_start_main_impl
	at ../csu/libc-start.c:392
#12  0x55e1e947f904 in ???
#13  0xffffffffffffffff in ???
#10  0x7f0e87fb4d8f in __libc_start_call_main
	at ../sysdeps/nptl/libc_start_call_main.h:58
#11  0x7f0e87fb4e3f in __libc_start_main_impl
	at ../csu/libc-start.c:392
#12  0x556f07344904 in ???
#13  0xffffffffffffffff in ???
#10  0x7f392858fd8f in __libc_start_call_main
	at ../sysdeps/nptl/libc_start_call_main.h:58
#11  0x7f392858fe3f in __libc_start_main_impl
	at ../csu/libc-start.c:392
#12  0x561ccc0a3904 in ???
#13  0xffffffffffffffff in ???
#10  0x7fe1a9158d8f in __libc_start_call_main
	at ../sysdeps/nptl/libc_start_call_main.h:58
#11  0x7fe1a9158e3f in __libc_start_main_impl
	at ../csu/libc-start.c:392
#12  0x55e1eee48904 in ???
#13  0xffffffffffffffff in ???
#10  0x7f19636c1d8f in __libc_start_call_main
	at ../sysdeps/nptl/libc_start_call_main.h:58
#11  0x7f19636c1e3f in __libc_start_main_impl
	at ../csu/libc-start.c:392
#12  0x5573585aa904 in ???
#13  0xffffffffffffffff in ???
#7  0x558a5b655479 in ???
#8  0x558a5b563a19 in ???
#9  0x558a5b5638ce in ???
#10  0x7f43f975dd8f in __libc_start_call_main
	at ../sysdeps/nptl/libc_start_call_main.h:58
#11  0x7f43f975de3f in __libc_start_main_impl
	at ../csu/libc-start.c:392
#12  0x56379149e904 in ???
#13  0xffffffffffffffff in ???
#10  0x7facf42abd8f in __libc_start_call_main
	at ../sysdeps/nptl/libc_start_call_main.h:58
#11  0x7facf42abe3f in __libc_start_main_impl
	at ../csu/libc-start.c:392
#12  0x5634fdded904 in ???
#13  0xffffffffffffffff in ???
#10  0x7f2cf1ce9d8f in __libc_start_call_main
	at ../sysdeps/nptl/libc_start_call_main.h:58
#11  0x7f2cf1ce9e3f in __libc_start_main_impl
	at ../csu/libc-start.c:392
#12  0x55cd22cba904 in ???
#13  0xffffffffffffffff in ???
#0  0x7f8768375960 in ???
#1  0x7f87683764d9 in ???
#2  0x7f876837710f in ???
#3  0x7f87685c49b4 in ???
#4  0x7f87685cdd6d in ???
#5  0x7f87685ce0e3 in ???
#6  0x55f56547a1e8 in ???
#7  0x55f565400479 in ???
#8  0x55f56530ea19 in ???
#9  0x55f56530e8ce in ???
#10  0x7f66bc23dd8f in __libc_start_call_main
	at ../sysdeps/nptl/libc_start_call_main.h:58
#11  0x7f66bc23de3f in __libc_start_main_impl
	at ../csu/libc-start.c:392
#12  0x55d850dfd904 in ???
#13  0xffffffffffffffff in ???
#10  0x7f2200d93d8f in __libc_start_call_main
	at ../sysdeps/nptl/libc_start_call_main.h:58
#11  0x7f2200d93e3f in __libc_start_main_impl
	at ../csu/libc-start.c:392
#12  0x558a5b563904 in ???
#13  0xffffffffffffffff in ???
#0  0x7f245c8e3960 in ???
#1  0x7f245c8e44d9 in ???
#2  0x7f245c8e510f in ???
#3  0x7f245cb329b4 in ???
#4  0x7f245cb3bd6d in ???
#5  0x7f245cb3c0e3 in ???
#6  0x564590bad1e8 in ???
#7  0x564590b33479 in ???
#8  0x564590a41a19 in ???
#9  0x564590a418ce in ???
#10  0x7f8767f4ed8f in __libc_start_call_main
	at ../sysdeps/nptl/libc_start_call_main.h:58
#11  0x7f8767f4ee3f in __libc_start_main_impl
	at ../csu/libc-start.c:392
#12  0x55f56530e904 in ???
#13  0xffffffffffffffff in ???
#0  0x7f6bbf448960 in ???
#1  0x7f6bbf4494d9 in ???
#2  0x7f6bbf44a10f in ???
#3  0x7f6bbf6979b4 in ???
#4  0x7f6bbf6a0d6d in ???
#5  0x7f6bbf6a10e3 in ???
#6  0x55e64c4391e8 in ???
#7  0x55e64c3bf479 in ???
#8  0x55e64c2cda19 in ???
#9  0x55e64c2cd8ce in ???
#0  0x7fdac3b96960 in ???
#1  0x7fdac3b974d9 in ???
#10  0x7f245c4bcd8f in __libc_start_call_main
	at ../sysdeps/nptl/libc_start_call_main.h:58
#11  0x7f245c4bce3f in __libc_start_main_impl
	at ../csu/libc-start.c:392
#12  0x564590a41904 in ???
#13  0xffffffffffffffff in ???
#2  0x7fdac3b9810f in ???
#3  0x7fdac3de59b4 in ???
#4  0x7fdac3deed6d in ???
#5  0x7fdac3def0e3 in ???
#6  0x557cf44cf1e8 in ???
#7  0x557cf4455479 in ???
#8  0x557cf4363a19 in ???
#9  0x557cf43638ce in ???
#10  0x7f6bbf021d8f in __libc_start_call_main
	at ../sysdeps/nptl/libc_start_call_main.h:58
#11  0x7f6bbf021e3f in __libc_start_main_impl
	at ../csu/libc-start.c:392
#12  0x55e64c2cd904 in ???
#13  0xffffffffffffffff in ???
#10  0x7fdac376fd8f in __libc_start_call_main
	at ../sysdeps/nptl/libc_start_call_main.h:58
#11  0x7fdac376fe3f in __libc_start_main_impl
	at ../csu/libc-start.c:392
#12  0x557cf4363904 in ???
#13  0xffffffffffffffff in ???
#0  0x7f8b5f222960 in ???
#1  0x7f8b5f2234d9 in ???
#2  0x7f8b5f22410f in ???
#0  0x7fe64abda960 in ???
#1  0x7fe64abdb4d9 in ???
#2  0x7fe64abdc10f in ???
#3  0x7fe64ae299b4 in ???
#4  0x7fe64ae32d6d in ???
#3  0x7f8b5f4719b4 in ???
#4  0x7f8b5f47ad6d in ???
#5  0x7f8b5f47b0e3 in ???
#6  0x558e0c77f1e8 in ???
#7  0x558e0c705479 in ???
#8  0x558e0c613a19 in ???
#5  0x7fe64ae330e3 in ???
#6  0x55df2d7da1e8 in ???
#7  0x55df2d760479 in ???
#8  0x55df2d66ea19 in ???
#9  0x55df2d66e8ce in ???
#9  0x558e0c6138ce in ???
#0  0x7f6ebab32960 in ???
#1  0x7f6ebab334d9 in ???
#2  0x7f6ebab3410f in ???
#3  0x7f6ebad819b4 in ???
#4  0x7f6ebad8ad6d in ???
#0  0x7f6acc65e960 in ???
#1  0x7f6acc65f4d9 in ???
#2  0x7f6acc66010f in ???
#0  0x7f2ea437b960 in ???
#1  0x7f2ea437c4d9 in ???
#2  0x7f2ea437d10f in ???
#3  0x7f2ea45ca9b4 in ???
#4  0x7f2ea45d3d6d in ???
#5  0x7f2ea45d40e3 in ???
#6  0x5574396321e8 in ???
#0  0x7f4fa54cd960 in ???
#1  0x7f4fa54ce4d9 in ???
#2  0x7f4fa54cf10f in ???
#3  0x7f4fa571c9b4 in ???
#4  0x7f4fa5725d6d in ???
#5  0x7f4fa57260e3 in ???
#6  0x561d2dc1c1e8 in ???
#5  0x7f6ebad8b0e3 in ???
#6  0x557b5645c1e8 in ???
#7  0x557b563e2479 in ???
#8  0x557b562f0a19 in ???
#9  0x557b562f08ce in ???
#3  0x7f6acc8ad9b4 in ???
#4  0x7f6acc8b6d6d in ???
#5  0x7f6acc8b70e3 in ???
#6  0x558b67a261e8 in ???
#7  0x558b679ac479 in ???
#8  0x558b678baa19 in ???
#9  0x558b678ba8ce in ???
#0  0x7f32a57c2960 in ???
#1  0x7f32a57c34d9 in ???
#2  0x7f32a57c410f in ???
#3  0x7f32a5a119b4 in ???
#4  0x7f32a5a1ad6d in ???
#5  0x7f32a5a1b0e3 in ???
#6  0x55ff7ddd41e8 in ???
#7  0x55ff7dd5a479 in ???
#8  0x55ff7dc68a19 in ???
#9  0x55ff7dc688ce in ???
#7  0x5574395b8479 in ???
#8  0x5574394c6a19 in ???
#9  0x5574394c68ce in ???
#0  0x7f854edcc960 in ???
#1  0x7f854edcd4d9 in ???
#2  0x7f854edce10f in ???
#3  0x7f854f01b9b4 in ???
#4  0x7f854f024d6d in ???
#5  0x7f854f0250e3 in ???
#6  0x55ae5bb441e8 in ???
#7  0x55ae5baca479 in ???
#8  0x55ae5b9d8a19 in ???
#9  0x55ae5b9d88ce in ???
#7  0x561d2dba2479 in ???
#8  0x561d2dab0a19 in ???
#9  0x561d2dab08ce in ???
#10  0x7fe64a7b3d8f in __libc_start_call_main
	at ../sysdeps/nptl/libc_start_call_main.h:58
#11  0x7fe64a7b3e3f in __libc_start_main_impl
	at ../csu/libc-start.c:392
#12  0x55df2d66e904 in ???
#13  0xffffffffffffffff in ???
#10  0x7f8b5edfbd8f in __libc_start_call_main
	at ../sysdeps/nptl/libc_start_call_main.h:58
#11  0x7f8b5edfbe3f in __libc_start_main_impl
	at ../csu/libc-start.c:392
#12  0x558e0c613904 in ???
#13  0xffffffffffffffff in ???
#10  0x7f6eba70bd8f in __libc_start_call_main
	at ../sysdeps/nptl/libc_start_call_main.h:58
#11  0x7f6eba70be3f in __libc_start_main_impl
	at ../csu/libc-start.c:392
#12  0x557b562f0904 in ???
#13  0xffffffffffffffff in ???
#10  0x7f2ea3f54d8f in __libc_start_call_main
	at ../sysdeps/nptl/libc_start_call_main.h:58
#11  0x7f2ea3f54e3f in __libc_start_main_impl
	at ../csu/libc-start.c:392
#12  0x5574394c6904 in ???
#13  0xffffffffffffffff in ???
#10  0x7f4fa50a6d8f in __libc_start_call_main
	at ../sysdeps/nptl/libc_start_call_main.h:58
#11  0x7f4fa50a6e3f in __libc_start_main_impl
	at ../csu/libc-start.c:392
#12  0x561d2dab0904 in ???
#13  0xffffffffffffffff in ???
#10  0x7f6acc237d8f in __libc_start_call_main
	at ../sysdeps/nptl/libc_start_call_main.h:58
#11  0x7f6acc237e3f in __libc_start_main_impl
	at ../csu/libc-start.c:392
#12  0x558b678ba904 in ???
#13  0xffffffffffffffff in ???
#10  0x7f32a539bd8f in __libc_start_call_main
	at ../sysdeps/nptl/libc_start_call_main.h:58
#11  0x7f32a539be3f in __libc_start_main_impl
	at ../csu/libc-start.c:392
#12  0x55ff7dc68904 in ???
#13  0xffffffffffffffff in ???
#10  0x7f854e9a5d8f in __libc_start_call_main
	at ../sysdeps/nptl/libc_start_call_main.h:58
#11  0x7f854e9a5e3f in __libc_start_main_impl
	at ../csu/libc-start.c:392
#12  0x55ae5b9d8904 in ???
#13  0xffffffffffffffff in ???
#0  0x7fc959e06960 in ???
#1  0x7fc959e074d9 in ???
#2  0x7fc959e0810f in ???
#3  0x7fc95a0559b4 in ???
#4  0x7fc95a05ed6d in ???
#5  0x7fc95a05f0e3 in ???
#6  0x562cd008b1e8 in ???
#7  0x562cd0011479 in ???
#8  0x562ccff1fa19 in ???
#9  0x562ccff1f8ce in ???
#10  0x7fc9599dfd8f in __libc_start_call_main
	at ../sysdeps/nptl/libc_start_call_main.h:58
#11  0x7fc9599dfe3f in __libc_start_main_impl
	at ../csu/libc-start.c:392
#12  0x562ccff1f904 in ???
#13  0xffffffffffffffff in ???
#1  0x7f2a54a964d9 in ???
#2  0x7f2a54a9710f in ???
#3  0x7f2a54ce49b4 in ???
#4  0x7f2a54cedd6d in ???
#5  0x7f2a54cee0e3 in ???
#6  0x55b6ab1dd1e8 in ???
#7  0x55b6ab163479 in ???
#8  0x55b6ab071a19 in ???
#9  0x55b6ab0718ce in ???
#10  0x7f2a5466ed8f in __libc_start_call_main
	at ../sysdeps/nptl/libc_start_call_main.h:58
#11  0x7f2a5466ee3f in __libc_start_main_impl
	at ../csu/libc-start.c:392
#12  0x55b6ab071904 in ???
#13  0xffffffffffffffff in ???
#0  0x7ff764dd1960 in ???
#1  0x7ff764dd24d9 in ???
#2  0x7ff764dd310f in ???
#3  0x7ff7650209b4 in ???
#4  0x7ff765029d6d in ???
#5  0x7ff76502a0e3 in ???
#6  0x55acd4b5d1e8 in ???
#7  0x55acd4ae3479 in ???
#8  0x55acd49f1a19 in ???
#9  0x55acd49f18ce in ???
#10  0x7ff7649aad8f in __libc_start_call_main
	at ../sysdeps/nptl/libc_start_call_main.h:58
#11  0x7ff7649aae3f in __libc_start_main_impl
	at ../csu/libc-start.c:392
#12  0x55acd49f1904 in ???
#13  0xffffffffffffffff in ???
#0  0x7fe9dbb2d960 in ???
#1  0x7fe9dbb2e4d9 in ???
#2  0x7fe9dbb2f10f in ???
#3  0x7fe9dbd7c9b4 in ???
#4  0x7fe9dbd85d6d in ???
#5  0x7fe9dbd860e3 in ???
#6  0x559eab23c1e8 in ???
#7  0x559eab1c2479 in ???
#8  0x559eab0d0a19 in ???
#9  0x559eab0d08ce in ???
#10  0x7fe9db706d8f in __libc_start_call_main
	at ../sysdeps/nptl/libc_start_call_main.h:58
#11  0x7fe9db706e3f in __libc_start_main_impl
	at ../csu/libc-start.c:392
#12  0x559eab0d0904 in ???
#13  0xffffffffffffffff in ???
srun: error: dejar: tasks 0-27: Exited with exit code 2
srun: Terminating StepId=134030.0
