 -----------------------------------------------------------------------------
 -----------------------------------------------------------------------------
 |         __  __ ____ ___        _    __  __ ______     ___    ____         |
 |        |  \/  |  _ \_ _|      / \  |  \/  |  _ \ \   / / \  / ___|        |
 |        | |\/| | |_) | |_____ / _ \ | |\/| | |_) \ \ / / _ \| |            |
 |        | |  | |  __/| |_____/ ___ \| |  | |  _ < \ V / ___ \ |___         |
 |        |_|  |_|_|  |___|   /_/   \_\_|  |_|_| \_\ \_/_/   \_\____|        |
 -----------------------------------------------------------------------------
 -----------------------------------------------------------------------------
 Spitzer MHD: par:   0.21633973559351147       ,perp:    2.1685795904764041E-011
 Combination of Colgan (2008) for high temperatures and
 Dalgarno & McCray (1972), DM2, for low temperatures
 Reading amrvac.par
 
 Output type | tsavestart |  dtsave   | ditsave | itsave(1) | tsave(1)
         log | 0.000E+00  | 0.200E+00 | ******  |      0    | *********
      normal | 0.000E+00  | 0.200E+00 | ******  |      0    | *********
       slice | 0.000E+00  | ********* | ******  | ******    | *********
   collapsed | 0.000E+00  | ********* | ******  | ******    | *********
    analysis | 0.000E+00  | ********* | ******  | ******    | *********
 
         Domain size (cells): 96 48 
                Level one dx: 0.208E+00 0.208E+00 
           Refine estimation: Lohner's scheme
 Note, Grid is reconstructed once every           3 iterations
           restart_from_file:  output/solar_atm_a0281.dat
                  converting: F

 minra  0.10256244189917035     
 rhob   7382.7014817162089     
 pb   59.061613380997102     
 Using TRACL(ine) method with a mask
 By default, magnetic field lines are traced every 4 grid cells
 NOTE:  2D TRAC method take the y-dir == grav-dir
 Memory requirement for each processor in TRAC:
           1  MB
 -------------------------------------------------------------------------------
 Startup phase took :             0.324 sec
 -------------------------------------------------------------------------------
 Start integrating, print status every  3.00E+01 seconds
   #        it        time          dt  wc-time(s)
   #    368708  5.6200E+01  1.4566E-04  4.5219E-02
   #    369080  5.6254E+01  1.4559E-04  3.0048E+01
   #    369467  5.6311E+01  1.4558E-04  6.0112E+01
   #    369852  5.6367E+01  1.4550E-04  9.0163E+01
   #    370238  5.6423E+01  1.4535E-04  1.2021E+02
   #    370622  5.6478E+01  1.4519E-04  1.5027E+02
   #    371007  5.6534E+01  1.4503E-04  1.8034E+02
   #    371392  5.6590E+01  1.4486E-04  2.1039E+02
   #    371778  5.6646E+01  1.4474E-04  2.4046E+02
   #    372158  5.6701E+01  1.4467E-04  2.7048E+02
   #    372541  5.6756E+01  1.4467E-04  3.0051E+02
   #    372921  5.6811E+01  1.4450E-04  3.3054E+02
   #    373303  5.6866E+01  1.4437E-04  3.6055E+02
   #    373685  5.6921E+01  1.4429E-04  3.9056E+02
   #    374071  5.6977E+01  1.4426E-04  4.2063E+02
   #    374452  5.7032E+01  1.4415E-04  4.5066E+02
   #    374828  5.7086E+01  1.4390E-04  4.8071E+02
   #    375198  5.7139E+01  1.4369E-04  5.1074E+02
   #    375571  5.7193E+01  1.4360E-04  5.4078E+02
   #    375947  5.7247E+01  1.4367E-04  5.7086E+02
   #    376321  5.7301E+01  1.4379E-04  6.0090E+02
   #    376690  5.7354E+01  1.4388E-04  6.3097E+02
   #    377056  5.7406E+01  1.4375E-04  6.6100E+02
   #    377416  5.7458E+01  1.4368E-04  6.9114E+02
   #    377758  5.7507E+01  1.4357E-04  7.2120E+02
   #    378129  5.7560E+01  1.4359E-04  7.5127E+02
   #    378505  5.7614E+01  1.4346E-04  7.8129E+02
   #    378869  5.7666E+01  1.4326E-04  8.1130E+02
   #    379239  5.7719E+01  1.4307E-04  8.4135E+02
   #    379615  5.7773E+01  1.4295E-04  8.7140E+02
   #    379983  5.7826E+01  1.4296E-04  9.0147E+02
   #    380353  5.7879E+01  1.4311E-04  9.3147E+02
   #    380713  5.7930E+01  1.4322E-04  9.6147E+02
   #    381079  5.7983E+01  1.4333E-04  9.9151E+02
   #    381448  5.8035E+01  1.4335E-04  1.0215E+03
   #    381826  5.8090E+01  1.4330E-04  1.0515E+03
   #    382202  5.8143E+01  1.4318E-04  1.0815E+03
   #    382584  5.8198E+01  1.4301E-04  1.1116E+03
   #    382965  5.8252E+01  1.4285E-04  1.1416E+03
   #    383346  5.8307E+01  1.4272E-04  1.1716E+03
   #    383723  5.8361E+01  1.4261E-04  1.2016E+03
   #    384100  5.8414E+01  1.4253E-04  1.2317E+03
   #    384483  5.8469E+01  1.4252E-04  1.2617E+03
   #    384866  5.8523E+01  1.4255E-04  1.2918E+03
   #    385247  5.8578E+01  1.4253E-04  1.3218E+03
   #    385630  5.8632E+01  1.4244E-04  1.3518E+03
   #    386015  5.8687E+01  1.4232E-04  1.3819E+03
   #    386398  5.8742E+01  1.4217E-04  1.4119E+03
   #    386780  5.8796E+01  1.4195E-04  1.4420E+03
   #    387162  5.8850E+01  1.4175E-04  1.4720E+03
   #    387545  5.8904E+01  1.4164E-04  1.5020E+03
   #    387931  5.8959E+01  1.4164E-04  1.5320E+03
   #    388318  5.9014E+01  1.4169E-04  1.5621E+03
   #    388704  5.9068E+01  1.4171E-04  1.5921E+03
   #    389089  5.9123E+01  1.4166E-04  1.6221E+03
   #    389468  5.9177E+01  1.4157E-04  1.6522E+03
   #    389844  5.9230E+01  1.4143E-04  1.6822E+03
   #    390216  5.9282E+01  1.4124E-04  1.7122E+03
   #    390595  5.9336E+01  1.4103E-04  1.7423E+03
   #    390973  5.9389E+01  1.4085E-04  1.7723E+03
   #    391349  5.9442E+01  1.4079E-04  1.8023E+03
   #    391728  5.9495E+01  1.4083E-04  1.8323E+03
   #    392113  5.9550E+01  1.4100E-04  1.8624E+03
   #    392484  5.9602E+01  1.4110E-04  1.8925E+03
   #    392862  5.9655E+01  1.4109E-04  1.9225E+03
   #    393238  5.9708E+01  1.4102E-04  1.9525E+03
   #    393622  5.9762E+01  1.4095E-04  1.9825E+03
   #    394003  5.9816E+01  1.4086E-04  2.0126E+03
   #    394387  5.9870E+01  1.4074E-04  2.0426E+03
   #    394768  5.9924E+01  1.4057E-04  2.0726E+03
   #    395150  5.9977E+01  1.4038E-04  2.1027E+03
   #    395531  6.0031E+01  1.4029E-04  2.1327E+03
   #    395905  6.0083E+01  1.4034E-04  2.1628E+03
   #    396283  6.0136E+01  1.4048E-04  2.1928E+03
   #    396660  6.0189E+01  1.4060E-04  2.2228E+03
   #    397039  6.0242E+01  1.4069E-04  2.2529E+03
   #    397412  6.0295E+01  1.4071E-04  2.2829E+03
   #    397783  6.0347E+01  1.4065E-04  2.3129E+03
   #    398161  6.0400E+01  1.4047E-04  2.3430E+03
   #    398539  6.0453E+01  1.4024E-04  2.3731E+03
   #    398921  6.0507E+01  1.4000E-04  2.4031E+03
   #    399302  6.0560E+01  1.3991E-04  2.4332E+03
   #    399684  6.0613E+01  1.3992E-04  2.4632E+03
   #    400069  6.0667E+01  1.3997E-04  2.4932E+03
   #    400446  6.0720E+01  1.4004E-04  2.5233E+03
   #    400813  6.0771E+01  1.4011E-04  2.5533E+03
   #    401188  6.0824E+01  1.4013E-04  2.5833E+03
   #    401559  6.0876E+01  1.4006E-04  2.6134E+03
   #    401930  6.0928E+01  1.3997E-04  2.6434E+03
   #    402305  6.0980E+01  1.3981E-04  2.6734E+03
   #    402673  6.1032E+01  1.3962E-04  2.7034E+03
   #    403048  6.1084E+01  1.3942E-04  2.7335E+03
   #    403429  6.1137E+01  1.3925E-04  2.7635E+03
   #    403804  6.1189E+01  1.3920E-04  2.7936E+03
   #    404179  6.1241E+01  1.3920E-04  2.8236E+03
   #    404560  6.1295E+01  1.3924E-04  2.8537E+03
   #    404912  6.1344E+01  1.3928E-04  2.8838E+03
   #    405266  6.1393E+01  1.3922E-04  2.9138E+03
   #    405631  6.1444E+01  1.3909E-04  2.9439E+03
   #    405991  6.1494E+01  1.3896E-04  2.9739E+03
   #    406346  6.1543E+01  1.3880E-04  3.0039E+03
   #    406691  6.1591E+01  1.3862E-04  3.0340E+03
   #    407047  6.1640E+01  1.3848E-04  3.0640E+03
   #    407381  6.1686E+01  1.3837E-04  3.0940E+03
   #    407729  6.1734E+01  1.3827E-04  3.1241E+03
   #    408089  6.1784E+01  1.3822E-04  3.1541E+03
   #    408448  6.1834E+01  1.3787E-04  3.1842E+03
   #    408801  6.1882E+01  1.3769E-04  3.2142E+03
   #    409147  6.1930E+01  1.3754E-04  3.2442E+03
   #    409492  6.1977E+01  1.3756E-04  3.2743E+03
   #    409839  6.2025E+01  1.3773E-04  3.3044E+03
   #    410180  6.2072E+01  1.3788E-04  3.3344E+03
   #    410541  6.2122E+01  1.3787E-04  3.3644E+03
   #    410885  6.2169E+01  1.3764E-04  3.3945E+03
   #    411176  6.2209E+01  1.3746E-04  3.4246E+03
   #    411513  6.2255E+01  1.3701E-04  3.4546E+03
   #    411861  6.2303E+01  1.3646E-04  3.4846E+03
   #    411998  6.2322E+01  1.3622E-04  3.5147E+03
   #    412041  6.2328E+01  1.3615E-04  3.5448E+03
   #    412254  6.2357E+01  1.3576E-04  3.5749E+03
   #    412545  6.2396E+01  1.3534E-04  3.6049E+03
   #    412791  6.2429E+01  1.3516E-04  3.6353E+03
   #    413101  6.2471E+01  1.3510E-04  3.6654E+03
   #    413471  6.2521E+01  1.3503E-04  3.6954E+03
   #    413637  6.2543E+01  1.3495E-04  3.7269E+03
   #    413684  6.2550E+01  1.3492E-04  3.7626E+03
   #    413836  6.2570E+01  1.3483E-04  3.7946E+03
   #    414055  6.2600E+01  1.3473E-04  3.8246E+03
   #    414377  6.2643E+01  1.3471E-04  3.8547E+03
   #    414692  6.2686E+01  1.3488E-04  3.8850E+03
   #    414922  6.2717E+01  1.3498E-04  3.9152E+03
   #    414976  6.2724E+01  1.3500E-04  3.9463E+03
   #    415085  6.2739E+01  1.3504E-04  3.9766E+03
   #    415233  6.2759E+01  1.3509E-04  4.0069E+03
   #    415467  6.2790E+01  1.3521E-04  4.0369E+03
   #    415766  6.2831E+01  1.3537E-04  4.0669E+03
   #    416117  6.2878E+01  1.3557E-04  4.0970E+03
   #    416265  6.2898E+01  1.3566E-04  4.1299E+03
   #    416333  6.2907E+01  1.3571E-04  4.1600E+03
   #    416469  6.2926E+01  1.3583E-04  4.1907E+03
   #    416696  6.2957E+01  1.3600E-04  4.2208E+03
   #    416951  6.2991E+01  1.3618E-04  4.2508E+03
   #    417303  6.3039E+01  1.3638E-04  4.2809E+03
   #    417588  6.3078E+01  1.3640E-04  4.3109E+03
   #    417720  6.3096E+01  1.3637E-04  4.3412E+03
   #    417828  6.3111E+01  1.3634E-04  4.3716E+03
   #    417919  6.3123E+01  1.3633E-04  4.4016E+03
   #    418098  6.3148E+01  1.3631E-04  4.4317E+03
   #    418333  6.3180E+01  1.3632E-04  4.4617E+03
   #    418674  6.3226E+01  1.3639E-04  4.4917E+03
   #    419035  6.3276E+01  1.3647E-04  4.5218E+03
   #    419217  6.3300E+01  1.3650E-04  4.5519E+03
   #    419341  6.3317E+01  1.3651E-04  4.5822E+03
   #    419463  6.3334E+01  1.3652E-04  4.6123E+03
   #    419596  6.3352E+01  1.3651E-04  4.6423E+03
   #    419744  6.3372E+01  1.3650E-04  4.6724E+03
   #    419945  6.3400E+01  1.3645E-04  4.7024E+03
   #    420237  6.3440E+01  1.3630E-04  4.7324E+03
   #    420395  6.3461E+01  1.3619E-04  4.7633E+03
   #    420482  6.3473E+01  1.3613E-04  4.7933E+03
   #    420546  6.3482E+01  1.3607E-04  4.8266E+03
   #    420604  6.3490E+01  1.3603E-04  4.8570E+03
   #    420810  6.3518E+01  1.3590E-04  4.8877E+03
   #    421033  6.3548E+01  1.3580E-04  4.9177E+03
   #    421282  6.3582E+01  1.3571E-04  4.9486E+03
   #    421474  6.3608E+01  1.3567E-04  4.9787E+03
   #    421697  6.3638E+01  1.3565E-04  5.0087E+03
   #    421856  6.3659E+01  1.3567E-04  5.0389E+03
   #    421938  6.3671E+01  1.3568E-04  5.0693E+03
   #    422066  6.3688E+01  1.3571E-04  5.0994E+03
   #    422305  6.3720E+01  1.3571E-04  5.1296E+03
   #    422537  6.3752E+01  1.3557E-04  5.1597E+03
   #    422664  6.3769E+01  1.3548E-04  5.1897E+03
   #    422806  6.3788E+01  1.3541E-04  5.2198E+03
   #    423082  6.3826E+01  1.3530E-04  5.2501E+03
   #    423335  6.3860E+01  1.3520E-04  5.2801E+03
   #    423534  6.3887E+01  1.3512E-04  5.3102E+03
   #    423790  6.3921E+01  1.3502E-04  5.3402E+03
   #    424047  6.3956E+01  1.3490E-04  5.3709E+03
   #    424181  6.3974E+01  1.3483E-04  5.4017E+03
   #    424362  6.3998E+01  1.3473E-04  5.4328E+03
   #    424613  6.4032E+01  1.3459E-04  5.4629E+03
   #    424874  6.4067E+01  1.3442E-04  5.4929E+03
   #    425119  6.4100E+01  1.3426E-04  5.5229E+03
   #    425325  6.4128E+01  1.3415E-04  5.5529E+03
   #    425567  6.4160E+01  1.3405E-04  5.5832E+03
   #    425710  6.4179E+01  1.3399E-04  5.6133E+03
   #    425907  6.4206E+01  1.3393E-04  5.6433E+03
   #    426073  6.4228E+01  1.3388E-04  5.6734E+03
   #    426389  6.4270E+01  1.3380E-04  5.7034E+03
   #    426747  6.4318E+01  1.3373E-04  5.7335E+03
   #    426975  6.4349E+01  1.3368E-04  5.7650E+03
   #    427068  6.4361E+01  1.3365E-04  5.7972E+03
   #    427259  6.4387E+01  1.3354E-04  5.8272E+03
   #    427396  6.4405E+01  1.3346E-04  5.8584E+03
   #    427512  6.4420E+01  1.3339E-04  5.8884E+03
   #    427760  6.4453E+01  1.3315E-04  5.9185E+03
   #    428115  6.4501E+01  1.3277E-04  5.9486E+03
   #    428356  6.4532E+01  1.3244E-04  5.9786E+03
   #    428439  6.4543E+01  1.3234E-04  6.0087E+03
   #    428599  6.4565E+01  1.3216E-04  6.0388E+03
   #    428760  6.4586E+01  1.3202E-04  6.0692E+03
   #    428883  6.4602E+01  1.3194E-04  6.0995E+03
   #    429167  6.4640E+01  1.3179E-04  6.1296E+03
   #    429477  6.4680E+01  1.3164E-04  6.1596E+03
   #    429684  6.4708E+01  1.3162E-04  6.1897E+03
   #    429879  6.4733E+01  1.3163E-04  6.2197E+03
   #    430011  6.4751E+01  1.3165E-04  6.2498E+03
   #    430196  6.4775E+01  1.3168E-04  6.2802E+03
   #    430327  6.4792E+01  1.3169E-04  6.3103E+03
   #    430565  6.4824E+01  1.3169E-04  6.3404E+03
   #    430868  6.4863E+01  1.3163E-04  6.3704E+03
   #    431028  6.4885E+01  1.3158E-04  6.4019E+03
   #    431219  6.4910E+01  1.3151E-04  6.4319E+03
   #    431529  6.4950E+01  1.3138E-04  6.4637E+03
   #    431728  6.4977E+01  1.3131E-04  6.4937E+03
   #    431921  6.5002E+01  1.3126E-04  6.5237E+03
 Total timeloop took        :     6530.847 sec
 Time spent on AMR          :      113.310 sec
                  Percentage:         1.73 %
 Time spent on IO in loop   :        2.904 sec
                  Percentage:         0.04 %
 Time spent on ghost cells  :     1554.517 sec
                  Percentage:        23.80 %
 Time spent on computing    :     4860.116 sec
                  Percentage:        74.42 %
 Cells updated / proc / sec :    1.631E+05
 Total time spent on IO     :        2.933 sec
 Total timeintegration took :     6530.877 sec
   #    431984   6.501E+01   0.000E+00   6.531E+03
 -------------------------------------------------------------------------------
 Finished AMRVAC in :          6531.202 sec
 -------------------------------------------------------------------------------
#################~ JOB EFFICIENCY REPORT ~##################
# JobID:                   134100                          #
# Cluster:                 dejar                           #
# Cores:                   28                              #
# Wall-clock time:         1.80 hours                      #
# User-CPU utilized:       49.18 CPU-hours                 #
# User-CPU load:           96.8 %                          #
# System-CPU utilized:     0.84 CPU-hours                  #
# System-CPU load:         1.7 %                           #
# Memory utilized          3.02 GB                         #
# Memory efficiency        3.4 %                           #
#~~~~~~~~~~~~~~~~~~~~~~~~~~~~~~~~~~~~~~~~~~~~~~~~~~~~~~~~~~#
# If your job has low CPU Efficiency or you have doubts    #
# about setting up a job, do not hesitate and contact us:  #
#                    res_support@iac.es                    #
############################################################
