 -----------------------------------------------------------------------------
 -----------------------------------------------------------------------------
 |         __  __ ____ ___        _    __  __ ______     ___    ____         |
 |        |  \/  |  _ \_ _|      / \  |  \/  |  _ \ \   / / \  / ___|        |
 |        | |\/| | |_) | |_____ / _ \ | |\/| | |_) \ \ / / _ \| |            |
 |        | |  | |  __/| |_____/ ___ \| |  | |  _ < \ V / ___ \ |___         |
 |        |_|  |_|_|  |___|   /_/   \_\_|  |_|_| \_\ \_/_/   \_\____|        |
 -----------------------------------------------------------------------------
 -----------------------------------------------------------------------------
 Spitzer MHD: par:   0.21633973559351147       ,perp:    2.1685795904764041E-011
 Combination of Colgan (2008) for high temperatures and
 Dalgarno & McCray (1972), DM2, for low temperatures
 Reading amrvac.par
 
 Output type | tsavestart |  dtsave   | ditsave | itsave(1) | tsave(1)
         log | 0.000E+00  | 0.200E+00 | ******  |      0    | *********
      normal | 0.000E+00  | 0.200E+00 | ******  |      0    | *********
       slice | 0.000E+00  | ********* | ******  | ******    | *********
   collapsed | 0.000E+00  | ********* | ******  | ******    | *********
    analysis | 0.000E+00  | ********* | ******  | ******    | *********
 
         Domain size (cells): 96 48 
                Level one dx: 0.208E+00 0.208E+00 
           Refine estimation: Lohner's scheme
 Note, Grid is reconstructed once every           3 iterations
           restart_from_file:  output/solar_atm_a0155.dat
                  converting: F

 minra  0.10256244189917035     
 rhob   7382.7014817162089     
 pb   59.061613380997102     
 Using TRACL(ine) method with a mask
 By default, magnetic field lines are traced every 4 grid cells
 NOTE:  2D TRAC method take the y-dir == grav-dir
 Memory requirement for each processor in TRAC:
           1  MB
 -------------------------------------------------------------------------------
 Startup phase took :             0.212 sec
 -------------------------------------------------------------------------------
 Start integrating, print status every  3.00E+01 seconds
   #        it        time          dt  wc-time(s)
   #    468269  6.9702E+01  1.2627E-04  5.6064E-01
   #    468674  6.9753E+01  1.2607E-04  3.0574E+01
   #    469085  6.9805E+01  1.2590E-04  6.0584E+01
   #    469496  6.9856E+01  1.2581E-04  9.0614E+01
   #    469906  6.9908E+01  1.2586E-04  1.2065E+02
   #    470317  6.9960E+01  1.2599E-04  1.5069E+02
   #    470728  7.0011E+01  1.2634E-04  1.8070E+02
   #    471139  7.0063E+01  1.2671E-04  2.1071E+02
   #    471539  7.0114E+01  1.2693E-04  2.4076E+02
   #    471948  7.0166E+01  1.2710E-04  2.7077E+02
   #    472356  7.0218E+01  1.2724E-04  3.0080E+02
   #    472755  7.0269E+01  1.2735E-04  3.3081E+02
   #    473156  7.0320E+01  1.2747E-04  3.6086E+02
   #    473564  7.0372E+01  1.2763E-04  3.9087E+02
   #    473972  7.0424E+01  1.2783E-04  4.2090E+02
   #    474380  7.0476E+01  1.2804E-04  4.5093E+02
   #    474778  7.0527E+01  1.2826E-04  4.8094E+02
   #    475186  7.0579E+01  1.2849E-04  5.1097E+02
   #    475594  7.0632E+01  1.2871E-04  5.4099E+02
   #    476007  7.0685E+01  1.2888E-04  5.7105E+02
   #    476415  7.0738E+01  1.2898E-04  6.0112E+02
   #    476831  7.0791E+01  1.2900E-04  6.3112E+02
   #    477239  7.0844E+01  1.2899E-04  6.6118E+02
   #    477655  7.0898E+01  1.2897E-04  6.9120E+02
   #    478059  7.0950E+01  1.2895E-04  7.2124E+02
   #    478475  7.1003E+01  1.2888E-04  7.5126E+02
   #    478891  7.1057E+01  1.2875E-04  7.8127E+02
   #    479297  7.1109E+01  1.2852E-04  8.1133E+02
   #    479713  7.1163E+01  1.2827E-04  8.4135E+02
   #    480130  7.1216E+01  1.2804E-04  8.7141E+02
   #    480546  7.1269E+01  1.2785E-04  9.0142E+02
   #    480953  7.1321E+01  1.2776E-04  9.3149E+02
   #    481360  7.1373E+01  1.2768E-04  9.6153E+02
   #    481776  7.1426E+01  1.2764E-04  9.9155E+02
   #    482192  7.1479E+01  1.2762E-04  1.0216E+03
   #    482596  7.1531E+01  1.2756E-04  1.0516E+03
   #    483012  7.1584E+01  1.2740E-04  1.0816E+03
   #    483429  7.1637E+01  1.2704E-04  1.1117E+03
   #    483845  7.1690E+01  1.2663E-04  1.1417E+03
   #    484250  7.1741E+01  1.2628E-04  1.1718E+03
   #    484666  7.1793E+01  1.2600E-04  1.2018E+03
   #    485082  7.1846E+01  1.2588E-04  1.2318E+03
   #    485498  7.1898E+01  1.2591E-04  1.2618E+03
   #    485895  7.1948E+01  1.2595E-04  1.2919E+03
   #    486311  7.2001E+01  1.2607E-04  1.3219E+03
   #    486728  7.2053E+01  1.2621E-04  1.3519E+03
   #    487132  7.2104E+01  1.2628E-04  1.3820E+03
   #    487548  7.2157E+01  1.2629E-04  1.4120E+03
   #    487964  7.2209E+01  1.2628E-04  1.4420E+03
   #    488380  7.2262E+01  1.2634E-04  1.4720E+03
   #    488786  7.2313E+01  1.2642E-04  1.5021E+03
   #    489202  7.2366E+01  1.2654E-04  1.5321E+03
   #    489619  7.2418E+01  1.2670E-04  1.5621E+03
   #    490035  7.2471E+01  1.2686E-04  1.5922E+03
   #    490433  7.2521E+01  1.2696E-04  1.6222E+03
   #    490850  7.2574E+01  1.2703E-04  1.6523E+03
   #    491266  7.2627E+01  1.2709E-04  1.6823E+03
   #    491682  7.2680E+01  1.2715E-04  1.7123E+03
   #    492086  7.2731E+01  1.2726E-04  1.7423E+03
   #    492503  7.2785E+01  1.2740E-04  1.7723E+03
   #    492919  7.2837E+01  1.2754E-04  1.8023E+03
   #    493335  7.2891E+01  1.2772E-04  1.8324E+03
   #    493741  7.2942E+01  1.2790E-04  1.8624E+03
   #    494157  7.2996E+01  1.2800E-04  1.8924E+03
   #    494573  7.3049E+01  1.2806E-04  1.9224E+03
   #    494979  7.3101E+01  1.2802E-04  1.9525E+03
   #    495381  7.3152E+01  1.2783E-04  1.9825E+03
   #    495794  7.3205E+01  1.2757E-04  2.0125E+03
   #    496207  7.3258E+01  1.2731E-04  2.0426E+03
   #    496610  7.3309E+01  1.2707E-04  2.0727E+03
   #    497023  7.3361E+01  1.2690E-04  2.1027E+03
   #    497436  7.3414E+01  1.2681E-04  2.1327E+03
   #    497849  7.3466E+01  1.2678E-04  2.1627E+03
   #    498251  7.3517E+01  1.2677E-04  2.1928E+03
   #    498664  7.3569E+01  1.2672E-04  2.2228E+03
   #    499077  7.3622E+01  1.2660E-04  2.2529E+03
   #    499481  7.3673E+01  1.2643E-04  2.2829E+03
   #    499883  7.3723E+01  1.2627E-04  2.3129E+03
   #    500296  7.3776E+01  1.2611E-04  2.3430E+03
   #    500709  7.3828E+01  1.2597E-04  2.3730E+03
   #    501122  7.3880E+01  1.2588E-04  2.4031E+03
   #    501525  7.3930E+01  1.2583E-04  2.4331E+03
   #    501938  7.3982E+01  1.2581E-04  2.4632E+03
   #    502351  7.4034E+01  1.2587E-04  2.4932E+03
   #    502763  7.4086E+01  1.2604E-04  2.5232E+03
   #    503166  7.4137E+01  1.2620E-04  2.5533E+03
   #    503569  7.4188E+01  1.2641E-04  2.5833E+03
   #    503981  7.4240E+01  1.2659E-04  2.6133E+03
   #    504394  7.4292E+01  1.2672E-04  2.6434E+03
   #    504797  7.4343E+01  1.2683E-04  2.6734E+03
   #    505210  7.4396E+01  1.2690E-04  2.7035E+03
   #    505623  7.4448E+01  1.2696E-04  2.7335E+03
   #    506035  7.4500E+01  1.2704E-04  2.7636E+03
   #    506438  7.4552E+01  1.2709E-04  2.7936E+03
   #    506850  7.4604E+01  1.2717E-04  2.8236E+03
   #    507262  7.4656E+01  1.2727E-04  2.8536E+03
   #    507664  7.4707E+01  1.2737E-04  2.8836E+03
   #    508069  7.4759E+01  1.2747E-04  2.9137E+03
   #    508482  7.4812E+01  1.2754E-04  2.9437E+03
   #    508895  7.4864E+01  1.2758E-04  2.9738E+03
   #    509297  7.4916E+01  1.2751E-04  3.0038E+03
   #    509710  7.4968E+01  1.2730E-04  3.0339E+03
   #    510123  7.5021E+01  1.2704E-04  3.0639E+03
   #    510536  7.5073E+01  1.2678E-04  3.0940E+03
   #    510938  7.5124E+01  1.2660E-04  3.1240E+03
   #    511351  7.5176E+01  1.2657E-04  3.1541E+03
   #    511764  7.5228E+01  1.2664E-04  3.1841E+03
   #    512179  7.5281E+01  1.2672E-04  3.2142E+03
   #    512579  7.5332E+01  1.2684E-04  3.2442E+03
   #    512998  7.5385E+01  1.2695E-04  3.2743E+03
   #    513417  7.5438E+01  1.2697E-04  3.3043E+03
   #    513834  7.5491E+01  1.2693E-04  3.3344E+03
   #    514240  7.5543E+01  1.2690E-04  3.3644E+03
   #    514658  7.5596E+01  1.2679E-04  3.3944E+03
   #    515076  7.5649E+01  1.2678E-04  3.4244E+03
   #    515494  7.5702E+01  1.2688E-04  3.4544E+03
   #    515902  7.5753E+01  1.2701E-04  3.4845E+03
   #    516320  7.5806E+01  1.2717E-04  3.5145E+03
   #    516738  7.5860E+01  1.2727E-04  3.5446E+03
   #    517137  7.5910E+01  1.2724E-04  3.5746E+03
   #    517557  7.5964E+01  1.2717E-04  3.6047E+03
   #    517972  7.6017E+01  1.2712E-04  3.6347E+03
   #    518386  7.6069E+01  1.2708E-04  3.6647E+03
   #    518791  7.6121E+01  1.2715E-04  3.6947E+03
   #    519205  7.6173E+01  1.2728E-04  3.7248E+03
   #    519619  7.6226E+01  1.2747E-04  3.7549E+03
   #    520033  7.6279E+01  1.2770E-04  3.7849E+03
   #    520437  7.6330E+01  1.2789E-04  3.8150E+03
   #    520858  7.6384E+01  1.2809E-04  3.8450E+03
   #    521274  7.6438E+01  1.2817E-04  3.8750E+03
   #    521676  7.6489E+01  1.2801E-04  3.9051E+03
   #    522078  7.6540E+01  1.2777E-04  3.9351E+03
   #    522490  7.6593E+01  1.2763E-04  3.9651E+03
   #    522903  7.6646E+01  1.2758E-04  3.9952E+03
   #    523317  7.6699E+01  1.2765E-04  4.0252E+03
   #    523724  7.6750E+01  1.2785E-04  4.0553E+03
   #    524141  7.6804E+01  1.2807E-04  4.0853E+03
   #    524557  7.6857E+01  1.2842E-04  4.1153E+03
   #    524958  7.6909E+01  1.2873E-04  4.1454E+03
   #    525369  7.6962E+01  1.2900E-04  4.1754E+03
   #    525781  7.7015E+01  1.2918E-04  4.2054E+03
   #    526184  7.7067E+01  1.2939E-04  4.2355E+03
   #    526586  7.7119E+01  1.2964E-04  4.2655E+03
   #    526999  7.7173E+01  1.2978E-04  4.2956E+03
   #    527417  7.7227E+01  1.2989E-04  4.3256E+03
   #    527835  7.7281E+01  1.2992E-04  4.3556E+03
   #    528243  7.7334E+01  1.2993E-04  4.3857E+03
   #    528661  7.7388E+01  1.2973E-04  4.4157E+03
   #    529080  7.7443E+01  1.2941E-04  4.4457E+03
   #    529499  7.7497E+01  1.2901E-04  4.4758E+03
   #    529900  7.7548E+01  1.2866E-04  4.5058E+03
   #    530295  7.7599E+01  1.2838E-04  4.5358E+03
   #    530700  7.7651E+01  1.2813E-04  4.5659E+03
   #    531107  7.7703E+01  1.2796E-04  4.5959E+03
   #    531505  7.7754E+01  1.2780E-04  4.6260E+03
   #    531914  7.7806E+01  1.2768E-04  4.6560E+03
   #    532322  7.7858E+01  1.2755E-04  4.6861E+03
   #    532720  7.7909E+01  1.2740E-04  4.7161E+03
   #    533123  7.7960E+01  1.2733E-04  4.7461E+03
   #    533522  7.8011E+01  1.2740E-04  4.7761E+03
   #    533921  7.8062E+01  1.2756E-04  4.8062E+03
   #    534310  7.8112E+01  1.2767E-04  4.8362E+03
   #    534701  7.8162E+01  1.2772E-04  4.8662E+03
   #    535103  7.8213E+01  1.2769E-04  4.8963E+03
   #    535503  7.8264E+01  1.2755E-04  4.9263E+03
   #    535890  7.8313E+01  1.2740E-04  4.9563E+03
   #    536296  7.8365E+01  1.2736E-04  4.9863E+03
   #    536699  7.8416E+01  1.2752E-04  5.0164E+03
   #    537101  7.8467E+01  1.2774E-04  5.0465E+03
   #    537493  7.8518E+01  1.2801E-04  5.0765E+03
   #    537888  7.8568E+01  1.2799E-04  5.1066E+03
   #    538282  7.8619E+01  1.2786E-04  5.1367E+03
   #    538676  7.8669E+01  1.2775E-04  5.1667E+03
   #    539056  7.8717E+01  1.2772E-04  5.1967E+03
   #    539458  7.8769E+01  1.2779E-04  5.2268E+03
   #    539860  7.8820E+01  1.2780E-04  5.2568E+03
   #    540261  7.8871E+01  1.2768E-04  5.2868E+03
   #    540651  7.8921E+01  1.2744E-04  5.3169E+03
   #    541050  7.8972E+01  1.2720E-04  5.3469E+03
   #    541441  7.9021E+01  1.2697E-04  5.3769E+03
   #    541832  7.9071E+01  1.2672E-04  5.4069E+03
   #    542213  7.9119E+01  1.2648E-04  5.4370E+03
   #    542605  7.9169E+01  1.2620E-04  5.4671E+03
   #    542996  7.9218E+01  1.2593E-04  5.4971E+03
   #    543380  7.9266E+01  1.2568E-04  5.5271E+03
   #    543762  7.9314E+01  1.2547E-04  5.5572E+03
   #    544154  7.9363E+01  1.2527E-04  5.5872E+03
   #    544545  7.9412E+01  1.2501E-04  5.6173E+03
   #    544936  7.9461E+01  1.2480E-04  5.6473E+03
   #    545318  7.9509E+01  1.2471E-04  5.6773E+03
   #    545708  7.9557E+01  1.2474E-04  5.7074E+03
   #    546096  7.9606E+01  1.2465E-04  5.7374E+03
   #    546485  7.9654E+01  1.2455E-04  5.7674E+03
   #    546874  7.9703E+01  1.2457E-04  5.7975E+03
   #    547253  7.9750E+01  1.2476E-04  5.8275E+03
   #    547634  7.9797E+01  1.2504E-04  5.8575E+03
   #    548023  7.9846E+01  1.2534E-04  5.8876E+03
   #    548412  7.9895E+01  1.2546E-04  5.9177E+03
   #    548791  7.9942E+01  1.2547E-04  5.9477E+03
   #    549180  7.9991E+01  1.2550E-04  5.9777E+03
   #    549569  8.0040E+01  1.2553E-04  6.0078E+03
   #    549958  8.0089E+01  1.2572E-04  6.0378E+03
   #    550337  8.0137E+01  1.2592E-04  6.0679E+03
   #    550728  8.0186E+01  1.2600E-04  6.0979E+03
   #    551119  8.0235E+01  1.2598E-04  6.1280E+03
   #    551500  8.0283E+01  1.2592E-04  6.1580E+03
   #    551878  8.0331E+01  1.2582E-04  6.1880E+03
   #    552267  8.0379E+01  1.2561E-04  6.2180E+03
   #    552657  8.0428E+01  1.2553E-04  6.2480E+03
   #    553047  8.0477E+01  1.2539E-04  6.2781E+03
   #    553425  8.0525E+01  1.2524E-04  6.3081E+03
   #    553811  8.0573E+01  1.2517E-04  6.3382E+03
   #    554201  8.0622E+01  1.2524E-04  6.3682E+03
   #    554592  8.0671E+01  1.2530E-04  6.3983E+03
   #    554970  8.0718E+01  1.2537E-04  6.4283E+03
   #    555359  8.0767E+01  1.2539E-04  6.4584E+03
   #    555745  8.0815E+01  1.2537E-04  6.4884E+03
   #    556141  8.0865E+01  1.2529E-04  6.5184E+03
   #    556528  8.0913E+01  1.2508E-04  6.5484E+03
   #    556922  8.0963E+01  1.2484E-04  6.5785E+03
   #    557312  8.1011E+01  1.2456E-04  6.6085E+03
   #    557698  8.1059E+01  1.2425E-04  6.6385E+03
   #    558074  8.1106E+01  1.2405E-04  6.6685E+03
   #    558459  8.1154E+01  1.2402E-04  6.6985E+03
   #    558840  8.1201E+01  1.2414E-04  6.7285E+03
   #    559220  8.1248E+01  1.2428E-04  6.7586E+03
   #    559596  8.1295E+01  1.2416E-04  6.7886E+03
   #    559956  8.1339E+01  1.2410E-04  6.8186E+03
   #    560331  8.1386E+01  1.2404E-04  6.8486E+03
   #    560708  8.1433E+01  1.2400E-04  6.8787E+03
   #    561085  8.1479E+01  1.2399E-04  6.9088E+03
   #    561453  8.1525E+01  1.2398E-04  6.9388E+03
   #    561830  8.1572E+01  1.2395E-04  6.9689E+03
   #    562207  8.1618E+01  1.2393E-04  6.9989E+03
   #    562592  8.1666E+01  1.2388E-04  7.0290E+03
   #    562969  8.1713E+01  1.2382E-04  7.0590E+03
   #    563354  8.1761E+01  1.2377E-04  7.0891E+03
   #    563740  8.1808E+01  1.2378E-04  7.1192E+03
   #    564117  8.1855E+01  1.2375E-04  7.1492E+03
   #    564502  8.1903E+01  1.2366E-04  7.1792E+03
   #    564878  8.1949E+01  1.2356E-04  7.2092E+03
   #    565263  8.1997E+01  1.2344E-04  7.2392E+03
   #    565640  8.2043E+01  1.2343E-04  7.2693E+03
   #    566018  8.2090E+01  1.2348E-04  7.2993E+03
   #    566382  8.2135E+01  1.2351E-04  7.3294E+03
   #    566755  8.2181E+01  1.2341E-04  7.3595E+03
   #    567127  8.2227E+01  1.2326E-04  7.3895E+03
   #    567496  8.2272E+01  1.2316E-04  7.4195E+03
   #    567856  8.2316E+01  1.2307E-04  7.4496E+03
   #    568219  8.2361E+01  1.2301E-04  7.4797E+03
   #    568590  8.2407E+01  1.2296E-04  7.5097E+03
   #    568961  8.2452E+01  1.2292E-04  7.5398E+03
   #    569332  8.2498E+01  1.2285E-04  7.5698E+03
   #    569692  8.2542E+01  1.2278E-04  7.5999E+03
   #    570062  8.2587E+01  1.2269E-04  7.6299E+03
   #    570432  8.2633E+01  1.2256E-04  7.6599E+03
   #    570803  8.2678E+01  1.2243E-04  7.6899E+03
   #    571159  8.2722E+01  1.2226E-04  7.7200E+03
   #    571516  8.2765E+01  1.2210E-04  7.7500E+03
   #    571883  8.2810E+01  1.2195E-04  7.7801E+03
   #    572242  8.2854E+01  1.2181E-04  7.8101E+03
   #    572606  8.2898E+01  1.2166E-04  7.8401E+03
   #    572960  8.2941E+01  1.2150E-04  7.8701E+03
   #    573325  8.2985E+01  1.2133E-04  7.9002E+03
   #    573689  8.3029E+01  1.2119E-04  7.9302E+03
   #    574054  8.3074E+01  1.2106E-04  7.9603E+03
   #    574410  8.3117E+01  1.2092E-04  7.9903E+03
   #    574775  8.3161E+01  1.2081E-04  8.0204E+03
   #    575141  8.3205E+01  1.2073E-04  8.0505E+03
   #    575506  8.3249E+01  1.2071E-04  8.0806E+03
   #    575862  8.3292E+01  1.2074E-04  8.1106E+03
   #    576212  8.3334E+01  1.2072E-04  8.1406E+03
   #    576573  8.3378E+01  1.2072E-04  8.1707E+03
   #    576933  8.3421E+01  1.2070E-04  8.2007E+03
   #    577294  8.3465E+01  1.2065E-04  8.2308E+03
   #    577644  8.3507E+01  1.2065E-04  8.2608E+03
   #    578001  8.3550E+01  1.2066E-04  8.2908E+03
   #    578366  8.3594E+01  1.2069E-04  8.3208E+03
   #    578727  8.3638E+01  1.2067E-04  8.3508E+03
   #    579090  8.3681E+01  1.2057E-04  8.3809E+03
   #    579440  8.3724E+01  1.2048E-04  8.4109E+03
   #    579794  8.3766E+01  1.2040E-04  8.4410E+03
   #    580155  8.3810E+01  1.2026E-04  8.4710E+03
   #    580517  8.3853E+01  1.2004E-04  8.5011E+03
   #    580878  8.3896E+01  1.1977E-04  8.5311E+03
   #    581229  8.3938E+01  1.1939E-04  8.5612E+03
   #    581591  8.3982E+01  1.1894E-04  8.5912E+03
   #    581955  8.4025E+01  1.1864E-04  8.6213E+03
   #    582319  8.4068E+01  1.1856E-04  8.6513E+03
   #    582672  8.4110E+01  1.1864E-04  8.6813E+03
   #    583036  8.4153E+01  1.1875E-04  8.7113E+03
   #    583399  8.4196E+01  1.1882E-04  8.7414E+03
   #    583758  8.4239E+01  1.1874E-04  8.7714E+03
   #    584125  8.4282E+01  1.1871E-04  8.8014E+03
   #    584480  8.4324E+01  1.1868E-04  8.8315E+03
   #    584821  8.4365E+01  1.1869E-04  8.8615E+03
   #    585162  8.4405E+01  1.1875E-04  8.8915E+03
   #    585503  8.4446E+01  1.1885E-04  8.9216E+03
   #    585844  8.4486E+01  1.1893E-04  8.9517E+03
   #    586174  8.4526E+01  1.1901E-04  8.9817E+03
   #    586514  8.4566E+01  1.1909E-04  9.0117E+03
   #    586854  8.4606E+01  1.1917E-04  9.0418E+03
   #    587194  8.4647E+01  1.1925E-04  9.0718E+03
   #    587527  8.4687E+01  1.1928E-04  9.1019E+03
   #    587857  8.4726E+01  1.1925E-04  9.1319E+03
   #    588197  8.4767E+01  1.1914E-04  9.1619E+03
   #    588538  8.4807E+01  1.1892E-04  9.1920E+03
   #    588878  8.4848E+01  1.1864E-04  9.2220E+03
   #    589218  8.4888E+01  1.1839E-04  9.2520E+03
   #    589547  8.4927E+01  1.1821E-04  9.2821E+03
   #    589885  8.4967E+01  1.1804E-04  9.3122E+03
   #    590223  8.5006E+01  1.1791E-04  9.3423E+03
   #    590560  8.5046E+01  1.1783E-04  9.3723E+03
   #    590898  8.5086E+01  1.1783E-04  9.4024E+03
   #    591218  8.5124E+01  1.1789E-04  9.4324E+03
   #    591554  8.5163E+01  1.1796E-04  9.4624E+03
   #    591891  8.5203E+01  1.1804E-04  9.4925E+03
   #    592228  8.5243E+01  1.1803E-04  9.5225E+03
   #    592565  8.5283E+01  1.1761E-04  9.5525E+03
   #    592889  8.5321E+01  1.1682E-04  9.5826E+03
   #    593226  8.5360E+01  1.1617E-04  9.6126E+03
   #    593557  8.5398E+01  1.1578E-04  9.6427E+03
   #    593884  8.5436E+01  1.1501E-04  9.6727E+03
   #    594209  8.5473E+01  1.1445E-04  9.7028E+03
   #    594515  8.5508E+01  1.1414E-04  9.7328E+03
   #    594827  8.5544E+01  1.1360E-04  9.7628E+03
   #    595145  8.5580E+01  1.1292E-04  9.7929E+03
   #    595459  8.5615E+01  1.1233E-04  9.8229E+03
   #    595782  8.5651E+01  1.1165E-04  9.8530E+03
   #    596099  8.5686E+01  1.1094E-04  9.8830E+03
   #    596419  8.5722E+01  1.1037E-04  9.9131E+03
   #    596738  8.5757E+01  1.0993E-04  9.9431E+03
   #    597073  8.5794E+01  1.0952E-04  9.9732E+03
   #    597401  8.5830E+01  1.0908E-04  1.0003E+04
   #    597736  8.5866E+01  1.0864E-04  1.0033E+04
   #    598063  8.5901E+01  1.0825E-04  1.0063E+04
   #    598389  8.5937E+01  1.0786E-04  1.0093E+04
   #    598724  8.5973E+01  1.0746E-04  1.0123E+04
   #    599059  8.6009E+01  1.0707E-04  1.0154E+04
   #    599394  8.6044E+01  1.0671E-04  1.0184E+04
   #    599729  8.6080E+01  1.0637E-04  1.0214E+04
   #    600054  8.6115E+01  1.0604E-04  1.0244E+04
   #    600383  8.6149E+01  1.0572E-04  1.0274E+04
   #    600712  8.6184E+01  1.0544E-04  1.0304E+04
   #    601040  8.6219E+01  1.0520E-04  1.0334E+04
   #    601368  8.6253E+01  1.0498E-04  1.0364E+04
   #    601694  8.6287E+01  1.0475E-04  1.0394E+04
   #    602016  8.6321E+01  1.0448E-04  1.0424E+04
   #    602341  8.6355E+01  1.0422E-04  1.0454E+04
   #    602664  8.6389E+01  1.0404E-04  1.0484E+04
   #    602987  8.6422E+01  1.0385E-04  1.0514E+04
   #    603310  8.6456E+01  1.0366E-04  1.0544E+04
   #    603635  8.6489E+01  1.0348E-04  1.0574E+04
   #    603952  8.6522E+01  1.0333E-04  1.0604E+04
   #    604278  8.6556E+01  1.0314E-04  1.0634E+04
   #    604604  8.6589E+01  1.0299E-04  1.0664E+04
   #    604931  8.6623E+01  1.0279E-04  1.0694E+04
   #    605250  8.6656E+01  1.0266E-04  1.0724E+04
   #    605576  8.6689E+01  1.0253E-04  1.0754E+04
   #    605894  8.6722E+01  1.0241E-04  1.0785E+04
   #    606220  8.6755E+01  1.0229E-04  1.0815E+04
   #    606547  8.6788E+01  1.0220E-04  1.0845E+04
   #    606879  8.6822E+01  1.0215E-04  1.0875E+04
   #    607211  8.6856E+01  1.0205E-04  1.0905E+04
   #    607543  8.6890E+01  1.0198E-04  1.0935E+04
   #    607866  8.6923E+01  1.0196E-04  1.0965E+04
   #    608198  8.6957E+01  1.0197E-04  1.0995E+04
   #    608526  8.6990E+01  1.0201E-04  1.1025E+04
   #    608839  8.7022E+01  1.0207E-04  1.1055E+04
   #    609159  8.7055E+01  1.0212E-04  1.1085E+04
   #    609480  8.7088E+01  1.0216E-04  1.1115E+04
   #    609796  8.7120E+01  1.0220E-04  1.1145E+04
   #    610129  8.7154E+01  1.0227E-04  1.1175E+04
   #    610462  8.7188E+01  1.0235E-04  1.1205E+04
   #    610795  8.7222E+01  1.0248E-04  1.1235E+04
   #    611128  8.7256E+01  1.0259E-04  1.1265E+04
   #    611461  8.7290E+01  1.0265E-04  1.1295E+04
   #    611783  8.7323E+01  1.0268E-04  1.1325E+04
   #    612116  8.7358E+01  1.0273E-04  1.1355E+04
   #    612442  8.7391E+01  1.0281E-04  1.1385E+04
   #    612775  8.7425E+01  1.0291E-04  1.1415E+04
   #    613108  8.7460E+01  1.0301E-04  1.1445E+04
   #    613441  8.7494E+01  1.0311E-04  1.1475E+04
   #    613764  8.7527E+01  1.0321E-04  1.1505E+04
   #    614097  8.7562E+01  1.0328E-04  1.1536E+04
   #    614430  8.7596E+01  1.0337E-04  1.1566E+04
   #    614763  8.7630E+01  1.0347E-04  1.1596E+04
   #    615097  8.7665E+01  1.0358E-04  1.1626E+04
   #    615432  8.7700E+01  1.0369E-04  1.1656E+04
   #    615753  8.7733E+01  1.0377E-04  1.1686E+04
   #    616081  8.7767E+01  1.0382E-04  1.1716E+04
   #    616404  8.7801E+01  1.0389E-04  1.1746E+04
   #    616729  8.7834E+01  1.0400E-04  1.1776E+04
   #    617055  8.7868E+01  1.0410E-04  1.1806E+04
   #    617381  8.7902E+01  1.0417E-04  1.1836E+04
   #    617697  8.7935E+01  1.0425E-04  1.1866E+04
   #    618023  8.7969E+01  1.0435E-04  1.1896E+04
   #    618349  8.8003E+01  1.0446E-04  1.1926E+04
   #    618675  8.8037E+01  1.0458E-04  1.1956E+04
   #    619000  8.8071E+01  1.0472E-04  1.1986E+04
   #    619315  8.8104E+01  1.0487E-04  1.2016E+04
   #    619625  8.8137E+01  1.0501E-04  1.2046E+04
   #    619949  8.8171E+01  1.0515E-04  1.2076E+04
   #    620275  8.8205E+01  1.0530E-04  1.2106E+04
   #    620601  8.8239E+01  1.0512E-04  1.2136E+04
   #    620927  8.8273E+01  1.0496E-04  1.2167E+04
   #    621253  8.8308E+01  1.0503E-04  1.2197E+04
   #    621574  8.8341E+01  1.0528E-04  1.2227E+04
   #    621895  8.8375E+01  1.0528E-04  1.2258E+04
   #    622216  8.8409E+01  1.0544E-04  1.2288E+04
   #    622537  8.8443E+01  1.0547E-04  1.2318E+04
   #    622850  8.8476E+01  1.0562E-04  1.2348E+04
   #    623159  8.8509E+01  1.0578E-04  1.2378E+04
   #    623478  8.8542E+01  1.0596E-04  1.2408E+04
   #    623797  8.8576E+01  1.0620E-04  1.2438E+04
   #    624116  8.8610E+01  1.0649E-04  1.2468E+04
   #    624437  8.8644E+01  1.0674E-04  1.2498E+04
   #    624765  8.8679E+01  1.0707E-04  1.2528E+04
   #    625083  8.8713E+01  1.0735E-04  1.2558E+04
   #    625410  8.8749E+01  1.0774E-04  1.2588E+04
   #    625737  8.8784E+01  1.0811E-04  1.2618E+04
   #    626064  8.8819E+01  1.0849E-04  1.2648E+04
   #    626385  8.8854E+01  1.0886E-04  1.2678E+04
   #    626716  8.8890E+01  1.0927E-04  1.2708E+04
   #    627035  8.8925E+01  1.0965E-04  1.2738E+04
   #    627364  8.8961E+01  1.1005E-04  1.2768E+04
   #    627693  8.8998E+01  1.1044E-04  1.2799E+04
   #    628022  8.9034E+01  1.1081E-04  1.2829E+04
   #    628352  8.9071E+01  1.1124E-04  1.2859E+04
   #    628683  8.9107E+01  1.1160E-04  1.2889E+04
   #    629005  8.9143E+01  1.1201E-04  1.2919E+04
   #    629336  8.9181E+01  1.1245E-04  1.2949E+04
   #    629654  8.9216E+01  1.1287E-04  1.2979E+04
   #    629956  8.9251E+01  1.1318E-04  1.3009E+04
   #    630264  8.9286E+01  1.1358E-04  1.3039E+04
   #    630563  8.9320E+01  1.1399E-04  1.3069E+04
   #    630871  8.9355E+01  1.1442E-04  1.3099E+04
   #    631178  8.9390E+01  1.1479E-04  1.3129E+04
   #    631485  8.9425E+01  1.1514E-04  1.3159E+04
   #    631791  8.9460E+01  1.1553E-04  1.3189E+04
   #    632095  8.9496E+01  1.1590E-04  1.3219E+04
   #    632390  8.9530E+01  1.1624E-04  1.3249E+04
   #    632694  8.9565E+01  1.1657E-04  1.3279E+04
   #    632991  8.9600E+01  5.0818E-05  1.3309E+04
   #    633295  8.9635E+01  1.1720E-04  1.3339E+04
   #    633599  8.9671E+01  1.1754E-04  1.3370E+04
   #    633903  8.9707E+01  1.1782E-04  1.3400E+04
   #    634196  8.9741E+01  1.1804E-04  1.3430E+04
   #    634498  8.9777E+01  1.1794E-04  1.3460E+04
   #    634812  8.9814E+01  1.1786E-04  1.3490E+04
   #    635124  8.9851E+01  1.1775E-04  1.3520E+04
   #    635436  8.9888E+01  1.1764E-04  1.3550E+04
   #    635739  8.9923E+01  1.1756E-04  1.3580E+04
   #    636055  8.9960E+01  1.1750E-04  1.3610E+04
   #    636365  8.9997E+01  1.1745E-04  1.3640E+04
   #    636681  9.0034E+01  1.1739E-04  1.3670E+04
   #    636997  9.0071E+01  1.1735E-04  1.3700E+04
   #    637313  9.0108E+01  1.1731E-04  1.3730E+04
   #    637618  9.0144E+01  1.1687E-04  1.3760E+04
   #    637931  9.0180E+01  1.1636E-04  1.3790E+04
   #    638244  9.0216E+01  1.1588E-04  1.3820E+04
   #    638556  9.0252E+01  1.1541E-04  1.3850E+04
   #    638868  9.0288E+01  1.1495E-04  1.3880E+04
   #    639172  9.0323E+01  1.1450E-04  1.3910E+04
   #    639485  9.0359E+01  1.1406E-04  1.3940E+04
   #    639790  9.0394E+01  1.1365E-04  1.3970E+04
   #    640102  9.0429E+01  1.1324E-04  1.4000E+04
   #    640414  9.0464E+01  1.1282E-04  1.4030E+04
   #    640726  9.0499E+01  1.1245E-04  1.4060E+04
   #    641031  9.0534E+01  1.1211E-04  1.4090E+04
   #    641343  9.0569E+01  1.1173E-04  1.4120E+04
   #    641656  9.0603E+01  1.1137E-04  1.4150E+04
   #    641969  9.0638E+01  1.1103E-04  1.4181E+04
   #    642278  9.0673E+01  1.1070E-04  1.4211E+04
   #    642585  9.0706E+01  1.1038E-04  1.4241E+04
   #    642882  9.0739E+01  1.1009E-04  1.4271E+04
   #    643182  9.0772E+01  1.0978E-04  1.4301E+04
   #    643500  9.0807E+01  1.0951E-04  1.4331E+04
   #    643831  9.0843E+01  1.0926E-04  1.4361E+04
   #    644162  9.0879E+01  1.0905E-04  1.4391E+04
   #    644484  9.0914E+01  1.0888E-04  1.4421E+04
   #    644818  9.0951E+01  1.0874E-04  1.4451E+04
   #    645152  9.0987E+01  1.0863E-04  1.4481E+04
   #    645486  9.1023E+01  1.0854E-04  1.4511E+04
   #    645820  9.1060E+01  1.0844E-04  1.4541E+04
   #    646154  9.1096E+01  1.0834E-04  1.4571E+04
   #    646483  9.1131E+01  1.0824E-04  1.4601E+04
   #    646813  9.1167E+01  1.0814E-04  1.4631E+04
   #    647145  9.1203E+01  1.0806E-04  1.4661E+04
   #    647478  9.1239E+01  1.0798E-04  1.4691E+04
   #    647812  9.1275E+01  1.0791E-04  1.4721E+04
   #    648137  9.1310E+01  1.0783E-04  1.4751E+04
   #    648471  9.1346E+01  1.0774E-04  1.4781E+04
   #    648806  9.1382E+01  1.0766E-04  1.4812E+04
   #    649141  9.1418E+01  1.0747E-04  1.4842E+04
   #    649475  9.1454E+01  1.0725E-04  1.4872E+04
   #    649808  9.1490E+01  1.0706E-04  1.4902E+04
   #    650131  9.1524E+01  1.0693E-04  1.4932E+04
   #    650456  9.1559E+01  1.0686E-04  1.4962E+04
   #    650788  9.1594E+01  1.0683E-04  1.4992E+04
   #    651120  9.1630E+01  1.0681E-04  1.5022E+04
   #    651452  9.1665E+01  1.0683E-04  1.5052E+04
   #    651784  9.1701E+01  1.0690E-04  1.5082E+04
   #    652103  9.1735E+01  1.0703E-04  1.5112E+04
   #    652433  9.1770E+01  1.0718E-04  1.5142E+04
   #    652766  9.1806E+01  1.0735E-04  1.5172E+04
   #    653098  9.1842E+01  1.0754E-04  1.5202E+04
   #    653430  9.1877E+01  1.0776E-04  1.5232E+04
   #    653746  9.1911E+01  1.0796E-04  1.5262E+04
   #    654078  9.1947E+01  1.0820E-04  1.5292E+04
   #    654411  9.1983E+01  1.0843E-04  1.5322E+04
   #    654744  9.2019E+01  1.0871E-04  1.5352E+04
   #    655077  9.2056E+01  1.0896E-04  1.5382E+04
   #    655410  9.2092E+01  1.0921E-04  1.5413E+04
   #    655731  9.2127E+01  1.0945E-04  1.5443E+04
   #    656064  9.2164E+01  1.0969E-04  1.5473E+04
   #    656395  9.2200E+01  5.7692E-05  1.5503E+04
   #    656726  9.2236E+01  1.1027E-04  1.5533E+04
   #    657057  9.2273E+01  1.1069E-04  1.5563E+04
   #    657380  9.2309E+01  1.1109E-04  1.5594E+04
   #    657711  9.2346E+01  1.1117E-04  1.5624E+04
   #    658042  9.2382E+01  1.1088E-04  1.5654E+04
   #    658373  9.2419E+01  1.1072E-04  1.5684E+04
   #    658704  9.2456E+01  1.1070E-04  1.5714E+04
   #    659035  9.2492E+01  1.1099E-04  1.5744E+04
   #    659351  9.2527E+01  1.1137E-04  1.5774E+04
   #    659670  9.2563E+01  1.1180E-04  1.5804E+04
   #    659989  9.2599E+01  1.1234E-04  1.5834E+04
   #    660308  9.2635E+01  1.1289E-04  1.5864E+04
   #    660627  9.2671E+01  1.1347E-04  1.5894E+04
   #    660940  9.2706E+01  1.1403E-04  1.5924E+04
   #    661249  9.2742E+01  1.1461E-04  1.5954E+04
   #    661568  9.2778E+01  1.1519E-04  1.5984E+04
   #    661887  9.2815E+01  1.1574E-04  1.6014E+04
   #    662206  9.2852E+01  1.1627E-04  1.6044E+04
   #    662525  9.2889E+01  1.1679E-04  1.6074E+04
   #    662834  9.2925E+01  1.1701E-04  1.6105E+04
   #    663161  9.2964E+01  1.1715E-04  1.6135E+04
   #    663490  9.3002E+01  1.1730E-04  1.6165E+04
   #    663819  9.3041E+01  1.1734E-04  1.6195E+04
   #    664148  9.3079E+01  1.1740E-04  1.6225E+04
   #    664460  9.3116E+01  1.1761E-04  1.6255E+04
   #    664789  9.3155E+01  1.1763E-04  1.6285E+04
   #    665118  9.3193E+01  1.1777E-04  1.6315E+04
   #    665450  9.3233E+01  1.1781E-04  1.6345E+04
   #    665782  9.3272E+01  1.1781E-04  1.6375E+04
   #    666111  9.3310E+01  1.1788E-04  1.6405E+04
   #    666436  9.3349E+01  1.1801E-04  1.6435E+04
   #    666760  9.3387E+01  1.1804E-04  1.6465E+04
   #    667087  9.3426E+01  1.1810E-04  1.6495E+04
   #    667417  9.3465E+01  1.1827E-04  1.6525E+04
   #    667747  9.3504E+01  1.1844E-04  1.6556E+04
   #    668061  9.3541E+01  1.1862E-04  1.6586E+04
   #    668391  9.3580E+01  1.1869E-04  1.6616E+04
   #    668721  9.3619E+01  1.1881E-04  1.6646E+04
   #    669055  9.3659E+01  1.1892E-04  1.6676E+04
   #    669389  9.3699E+01  1.1901E-04  1.6706E+04
   #    669712  9.3737E+01  1.1909E-04  1.6736E+04
   #    670043  9.3776E+01  1.1919E-04  1.6766E+04
   #    670371  9.3816E+01  1.1928E-04  1.6796E+04
   #    670696  9.3854E+01  1.1937E-04  1.6826E+04
   #    671020  9.3893E+01  1.1945E-04  1.6856E+04
   #    671329  9.3930E+01  1.1952E-04  1.6886E+04
   #    671654  9.3969E+01  1.1958E-04  1.6916E+04
   #    671979  9.4008E+01  1.1964E-04  1.6946E+04
   #    672304  9.4046E+01  1.1970E-04  1.6976E+04
   #    672629  9.4085E+01  1.1976E-04  1.7006E+04
   #    672943  9.4123E+01  1.1980E-04  1.7036E+04
   #    673267  9.4162E+01  1.1984E-04  1.7066E+04
   #    673598  9.4201E+01  1.1987E-04  1.7096E+04
   #    673930  9.4241E+01  1.1990E-04  1.7126E+04
   #    674262  9.4281E+01  1.1991E-04  1.7156E+04
   #    674581  9.4319E+01  1.1991E-04  1.7186E+04
   #    674898  9.4357E+01  1.1991E-04  1.7216E+04
   #    675222  9.4396E+01  1.1992E-04  1.7247E+04
   #    675546  9.4435E+01  1.1993E-04  1.7277E+04
   #    675876  9.4474E+01  1.1995E-04  1.7307E+04
   #    676167  9.4509E+01  1.1998E-04  1.7337E+04
   #    676500  9.4549E+01  1.2002E-04  1.7367E+04
   #    676833  9.4589E+01  1.2005E-04  1.7397E+04
   #    677166  9.4629E+01  1.2008E-04  1.7427E+04
   #    677499  9.4669E+01  1.2010E-04  1.7457E+04
   #    677824  9.4708E+01  1.2012E-04  1.7487E+04
   #    678120  9.4744E+01  1.2015E-04  1.7517E+04
   #    678436  9.4782E+01  1.2018E-04  1.7547E+04
   #    678758  9.4821E+01  1.2021E-04  1.7577E+04
   #    679080  9.4859E+01  1.2023E-04  1.7607E+04
   #    679402  9.4898E+01  1.2025E-04  1.7637E+04
   #    679714  9.4936E+01  1.2023E-04  1.7667E+04
   #    680036  9.4974E+01  1.2020E-04  1.7697E+04
   #    680358  9.5013E+01  1.2015E-04  1.7728E+04
   #    680679  9.5051E+01  1.2010E-04  1.7758E+04
   #    681000  9.5090E+01  1.2006E-04  1.7788E+04
   #    681312  9.5127E+01  1.2004E-04  1.7818E+04
   #    681634  9.5166E+01  1.2001E-04  1.7848E+04
   #    681949  9.5204E+01  1.1998E-04  1.7878E+04
   #    682271  9.5242E+01  1.1995E-04  1.7908E+04
   #    682599  9.5282E+01  1.1991E-04  1.7938E+04
   #    682920  9.5320E+01  1.1986E-04  1.7968E+04
   #    683252  9.5360E+01  1.1979E-04  1.7998E+04
   #    683585  9.5400E+01  4.9229E-05  1.8028E+04
   #    683918  9.5440E+01  1.1968E-04  1.8058E+04
   #    684251  9.5480E+01  1.1965E-04  1.8088E+04
   #    684566  9.5517E+01  1.1965E-04  1.8118E+04
   #    684899  9.5557E+01  1.1965E-04  1.8148E+04
   #    685232  9.5597E+01  1.1966E-04  1.8178E+04
   #    685557  9.5636E+01  1.1970E-04  1.8208E+04
   #    685889  9.5676E+01  1.1974E-04  1.8238E+04
   #    686213  9.5714E+01  1.1976E-04  1.8268E+04
   #    686546  9.5754E+01  1.1978E-04  1.8298E+04
   #    686880  9.5794E+01  1.1982E-04  1.8329E+04
   #    687216  9.5834E+01  1.1987E-04  1.8359E+04
   #    687552  9.5875E+01  1.1991E-04  1.8389E+04
   #    687881  9.5914E+01  1.1985E-04  1.8419E+04
   #    688217  9.5954E+01  1.1976E-04  1.8449E+04
   #    688553  9.5995E+01  1.1967E-04  1.8479E+04
   #    688882  9.6034E+01  1.1960E-04  1.8509E+04
   #    689218  9.6074E+01  1.1956E-04  1.8539E+04
   #    689542  9.6113E+01  1.1955E-04  1.8569E+04
   #    689875  9.6153E+01  1.1955E-04  1.8599E+04
   #    690214  9.6193E+01  1.1958E-04  1.8629E+04
   #    690553  9.6234E+01  1.1961E-04  1.8659E+04
   #    690891  9.6274E+01  1.1965E-04  1.8689E+04
   #    691213  9.6313E+01  1.1969E-04  1.8719E+04
   #    691552  9.6353E+01  1.1975E-04  1.8749E+04
   #    691891  9.6394E+01  1.1982E-04  1.8779E+04
   #    692230  9.6434E+01  1.1989E-04  1.8809E+04
   #    692562  9.6474E+01  1.1996E-04  1.8839E+04
   #    692890  9.6513E+01  1.2002E-04  1.8869E+04
   #    693228  9.6554E+01  1.2008E-04  1.8899E+04
   #    693567  9.6595E+01  1.2017E-04  1.8929E+04
   #    693905  9.6635E+01  1.2025E-04  1.8959E+04
   #    694244  9.6676E+01  1.2038E-04  1.8990E+04
   #    694574  9.6716E+01  1.2048E-04  1.9020E+04
   #    694913  9.6757E+01  1.2057E-04  1.9050E+04
   #    695252  9.6798E+01  1.2068E-04  1.9080E+04
   #    695590  9.6838E+01  1.2079E-04  1.9110E+04
   #    695928  9.6879E+01  1.2091E-04  1.9140E+04
   #    696241  9.6917E+01  1.2102E-04  1.9170E+04
   #    696579  9.6958E+01  1.2114E-04  1.9200E+04
   #    696917  9.6999E+01  1.2125E-04  1.9230E+04
   #    697255  9.7040E+01  1.2137E-04  1.9260E+04
   #    697591  9.7081E+01  1.2145E-04  1.9290E+04
   #    697910  9.7119E+01  1.2132E-04  1.9320E+04
   #    698239  9.7159E+01  1.2117E-04  1.9350E+04
   #    698568  9.7199E+01  1.2103E-04  1.9380E+04
   #    698897  9.7239E+01  1.2091E-04  1.9410E+04
   #    699226  9.7279E+01  1.2080E-04  1.9440E+04
   #    699545  9.7317E+01  1.2071E-04  1.9470E+04
   #    699867  9.7356E+01  1.2060E-04  1.9500E+04
   #    700196  9.7396E+01  1.2051E-04  1.9530E+04
   #    700525  9.7435E+01  1.2041E-04  1.9560E+04
   #    700853  9.7475E+01  1.2032E-04  1.9590E+04
   #    701171  9.7513E+01  1.2025E-04  1.9620E+04
   #    701501  9.7553E+01  1.2018E-04  1.9651E+04
   #    701830  9.7592E+01  1.2011E-04  1.9681E+04
   #    702159  9.7632E+01  1.2006E-04  1.9711E+04
   #    702488  9.7671E+01  1.2001E-04  1.9741E+04
   #    702813  9.7710E+01  1.1996E-04  1.9771E+04
   #    703143  9.7750E+01  1.1993E-04  1.9801E+04
   #    703466  9.7789E+01  1.1992E-04  1.9831E+04
   #    703795  9.7828E+01  1.1992E-04  1.9861E+04
   #    704126  9.7868E+01  1.1991E-04  1.9891E+04
   #    704460  9.7908E+01  1.1987E-04  1.9921E+04
   #    704784  9.7947E+01  1.1983E-04  1.9951E+04
   #    705117  9.7986E+01  1.1974E-04  1.9981E+04
   #    705451  9.8026E+01  1.1966E-04  2.0011E+04
   #    705784  9.8066E+01  1.1958E-04  2.0041E+04
   #    706117  9.8106E+01  1.1952E-04  2.0071E+04
   #    706441  9.8145E+01  1.1948E-04  2.0101E+04
   #    706777  9.8185E+01  1.1942E-04  2.0131E+04
   #    707106  9.8224E+01  1.1938E-04  2.0162E+04
   #    707442  9.8264E+01  1.1935E-04  2.0192E+04
   #    707778  9.8304E+01  1.1934E-04  2.0222E+04
   #    708104  9.8343E+01  1.1935E-04  2.0252E+04
   #    708440  9.8383E+01  1.1936E-04  2.0282E+04
   #    708777  9.8423E+01  1.1937E-04  2.0312E+04
   #    709114  9.8464E+01  1.1938E-04  2.0342E+04
   #    709451  9.8504E+01  1.1941E-04  2.0372E+04
   #    709779  9.8543E+01  1.1930E-04  2.0402E+04
   #    710116  9.8583E+01  1.1919E-04  2.0432E+04
   #    710447  9.8623E+01  1.1912E-04  2.0462E+04
   #    710785  9.8663E+01  1.1901E-04  2.0492E+04
   #    711122  9.8703E+01  1.1890E-04  2.0522E+04
   #    711449  9.8742E+01  1.1882E-04  2.0552E+04
   #    711786  9.8782E+01  1.1878E-04  2.0582E+04
   #    712123  9.8822E+01  1.1878E-04  2.0612E+04
   #    712460  9.8862E+01  1.1876E-04  2.0642E+04
   #    712797  9.8902E+01  1.1873E-04  2.0672E+04
   #    713121  9.8940E+01  1.1873E-04  2.0702E+04
   #    713450  9.8979E+01  1.1875E-04  2.0732E+04
   #    713779  9.9018E+01  1.1878E-04  2.0762E+04
   #    714101  9.9057E+01  1.1881E-04  2.0792E+04
   #    714430  9.9096E+01  1.1884E-04  2.0823E+04
   #    714749  9.9134E+01  1.1888E-04  2.0853E+04
   #    715080  9.9173E+01  1.1892E-04  2.0883E+04
   #    715412  9.9212E+01  1.1897E-04  2.0913E+04
   #    715743  9.9252E+01  1.1902E-04  2.0943E+04
   #    716075  9.9291E+01  1.1909E-04  2.0973E+04
   #    716396  9.9330E+01  1.1916E-04  2.1003E+04
   #    716728  9.9369E+01  1.1925E-04  2.1033E+04
   #    717060  9.9409E+01  1.1935E-04  2.1063E+04
   #    717392  9.9448E+01  1.1942E-04  2.1093E+04
   #    717720  9.9487E+01  1.1951E-04  2.1123E+04
   #    718047  9.9527E+01  1.1962E-04  2.1153E+04
   #    718385  9.9567E+01  1.1973E-04  2.1183E+04
   #    718724  9.9608E+01  1.1984E-04  2.1213E+04
   #    719063  9.9648E+01  1.1995E-04  2.1243E+04
   #    719402  9.9689E+01  1.1993E-04  2.1273E+04
   #    719730  9.9728E+01  1.1981E-04  2.1303E+04
   #    720069  9.9769E+01  1.1971E-04  2.1333E+04
   #    720408  9.9809E+01  1.1963E-04  2.1363E+04
   #    720741  9.9849E+01  1.1956E-04  2.1393E+04
   #    721069  9.9888E+01  1.1948E-04  2.1423E+04
   #    721381  9.9926E+01  1.1939E-04  2.1453E+04
   #    721709  9.9965E+01  1.1931E-04  2.1483E+04
   #    722037  1.0000E+02  1.1921E-04  2.1514E+04
   #    722375  1.0004E+02  1.1911E-04  2.1544E+04
   #    722713  1.0008E+02  1.1897E-04  2.1574E+04
   #    723041  1.0012E+02  1.1880E-04  2.1604E+04
   #    723379  1.0016E+02  1.1868E-04  2.1634E+04
   #    723717  1.0020E+02  1.1854E-04  2.1664E+04
   #    724055  1.0024E+02  1.1840E-04  2.1694E+04
   #    724393  1.0028E+02  1.1832E-04  2.1724E+04
   #    724722  1.0032E+02  1.1819E-04  2.1754E+04
   #    725052  1.0036E+02  1.1810E-04  2.1784E+04
   #    725390  1.0040E+02  1.1794E-04  2.1814E+04
   #    725728  1.0044E+02  1.1787E-04  2.1844E+04
   #    726066  1.0048E+02  1.1776E-04  2.1874E+04
   #    726393  1.0052E+02  1.1766E-04  2.1904E+04
   #    726731  1.0056E+02  1.1759E-04  2.1934E+04
   #    727069  1.0060E+02  1.1750E-04  2.1964E+04
   #    727406  1.0064E+02  1.1740E-04  2.1994E+04
   #    727743  1.0068E+02  1.1721E-04  2.2025E+04
   #    728070  1.0072E+02  1.1700E-04  2.2055E+04
   #    728397  1.0075E+02  1.1673E-04  2.2085E+04
   #    728728  1.0079E+02  1.1641E-04  2.2115E+04
   #    729059  1.0083E+02  1.1615E-04  2.2145E+04
   #    729390  1.0087E+02  1.1602E-04  2.2175E+04
   #    729721  1.0091E+02  1.1592E-04  2.2205E+04
   #    730042  1.0095E+02  1.1576E-04  2.2235E+04
   #    730373  1.0098E+02  1.1569E-04  2.2265E+04
   #    730704  1.0102E+02  1.1564E-04  2.2295E+04
   #    731035  1.0106E+02  1.1558E-04  2.2325E+04
   #    731366  1.0110E+02  1.1557E-04  2.2355E+04
   #    731687  1.0114E+02  1.1553E-04  2.2385E+04
   #    732011  1.0117E+02  1.1554E-04  2.2415E+04
   #    732342  1.0121E+02  1.1560E-04  2.2445E+04
   #    732672  1.0125E+02  1.1567E-04  2.2475E+04
   #    733001  1.0129E+02  1.1568E-04  2.2505E+04
   #    733320  1.0132E+02  1.1570E-04  2.2535E+04
   #    733649  1.0136E+02  1.1566E-04  2.2565E+04
   #    733978  1.0140E+02  1.1565E-04  2.2595E+04
   #    734307  1.0144E+02  1.1569E-04  2.2625E+04
   #    734636  1.0148E+02  1.1574E-04  2.2655E+04
   #    734954  1.0151E+02  1.1581E-04  2.2685E+04
   #    735283  1.0155E+02  1.1588E-04  2.2715E+04
   #    735606  1.0159E+02  1.1594E-04  2.2746E+04
   #    735935  1.0163E+02  1.1599E-04  2.2776E+04
   #    736264  1.0167E+02  1.1604E-04  2.2806E+04
   #    736593  1.0170E+02  1.1604E-04  2.2836E+04
   #    736911  1.0174E+02  1.1603E-04  2.2866E+04
   #    737240  1.0178E+02  1.1606E-04  2.2896E+04
   #    737569  1.0182E+02  1.1606E-04  2.2926E+04
   #    737898  1.0185E+02  1.1607E-04  2.2956E+04
   #    738227  1.0189E+02  1.1609E-04  2.2986E+04
   #    738546  1.0193E+02  1.1608E-04  2.3016E+04
   #    738875  1.0197E+02  1.1607E-04  2.3046E+04
   #    739197  1.0201E+02  1.1606E-04  2.3076E+04
   #    739526  1.0204E+02  1.1605E-04  2.3106E+04
   #    739855  1.0208E+02  1.1601E-04  2.3136E+04
   #    740173  1.0212E+02  1.1597E-04  2.3166E+04
   #    740502  1.0216E+02  1.1595E-04  2.3196E+04
   #    740831  1.0219E+02  1.1594E-04  2.3226E+04
   #    741160  1.0223E+02  1.1595E-04  2.3256E+04
   #    741489  1.0227E+02  1.1597E-04  2.3286E+04
   #    741817  1.0231E+02  1.1604E-04  2.3316E+04
   #    742135  1.0235E+02  1.1607E-04  2.3346E+04
   #    742464  1.0238E+02  1.1603E-04  2.3377E+04
   #    742786  1.0242E+02  1.1594E-04  2.3407E+04
   #    743115  1.0246E+02  1.1582E-04  2.3437E+04
   #    743444  1.0250E+02  1.1568E-04  2.3467E+04
   #    743764  1.0253E+02  1.1553E-04  2.3497E+04
   #    744092  1.0257E+02  1.1536E-04  2.3527E+04
   #    744420  1.0261E+02  1.1521E-04  2.3557E+04
   #    744749  1.0265E+02  1.1506E-04  2.3587E+04
   #    745077  1.0269E+02  1.1492E-04  2.3617E+04
   #    745396  1.0272E+02  1.1479E-04  2.3647E+04
   #    745725  1.0276E+02  1.1464E-04  2.3677E+04
   #    746054  1.0280E+02  1.1448E-04  2.3707E+04
   #    746377  1.0284E+02  1.1431E-04  2.3737E+04
   #    746705  1.0287E+02  1.1416E-04  2.3767E+04
   #    747034  1.0291E+02  1.1401E-04  2.3797E+04
   #    747352  1.0295E+02  1.1382E-04  2.3827E+04
   #    747680  1.0298E+02  1.1370E-04  2.3857E+04
   #    748008  1.0302E+02  1.1362E-04  2.3887E+04
   #    748337  1.0306E+02  1.1355E-04  2.3917E+04
   #    748665  1.0310E+02  1.1353E-04  2.3947E+04
   #    748983  1.0313E+02  1.1345E-04  2.3978E+04
   #    749312  1.0317E+02  1.1335E-04  2.4008E+04
   #    749634  1.0321E+02  1.1331E-04  2.4038E+04
   #    749962  1.0324E+02  1.1329E-04  2.4068E+04
   #    750290  1.0328E+02  1.1320E-04  2.4098E+04
   #    750611  1.0332E+02  1.1307E-04  2.4128E+04
   #    750940  1.0335E+02  1.1295E-04  2.4158E+04
   #    751268  1.0339E+02  1.1293E-04  2.4188E+04
   #    751596  1.0343E+02  1.1299E-04  2.4218E+04
   #    751925  1.0346E+02  1.1306E-04  2.4248E+04
   #    752253  1.0350E+02  1.1309E-04  2.4278E+04
   #    752573  1.0354E+02  1.1315E-04  2.4308E+04
   #    752902  1.0357E+02  1.1318E-04  2.4338E+04
   #    753223  1.0361E+02  1.1314E-04  2.4368E+04
   #    753551  1.0365E+02  1.1300E-04  2.4398E+04
   #    753879  1.0369E+02  1.1278E-04  2.4428E+04
   #    754198  1.0372E+02  1.1264E-04  2.4458E+04
   #    754527  1.0376E+02  1.1255E-04  2.4488E+04
   #    754855  1.0380E+02  1.1252E-04  2.4518E+04
   #    755184  1.0383E+02  1.1254E-04  2.4548E+04
   #    755512  1.0387E+02  1.1264E-04  2.4578E+04
   #    755840  1.0391E+02  1.1268E-04  2.4608E+04
   #    756158  1.0394E+02  1.1273E-04  2.4639E+04
   #    756487  1.0398E+02  1.1282E-04  2.4669E+04
   #    756809  1.0402E+02  1.1291E-04  2.4699E+04
   #    757138  1.0405E+02  1.1300E-04  2.4729E+04
   #    757466  1.0409E+02  1.1311E-04  2.4759E+04
   #    757785  1.0413E+02  1.1320E-04  2.4789E+04
   #    758113  1.0416E+02  1.1326E-04  2.4819E+04
   #    758441  1.0420E+02  1.1333E-04  2.4849E+04
   #    758770  1.0424E+02  1.1340E-04  2.4879E+04
   #    759098  1.0427E+02  1.1349E-04  2.4909E+04
   #    759426  1.0431E+02  1.1357E-04  2.4939E+04
   #    759745  1.0435E+02  1.1365E-04  2.4969E+04
   #    760073  1.0438E+02  1.1374E-04  2.4999E+04
   #    760395  1.0442E+02  1.1384E-04  2.5029E+04
   #    760723  1.0446E+02  1.1389E-04  2.5059E+04
   #    761051  1.0450E+02  1.1392E-04  2.5089E+04
   #    761369  1.0453E+02  1.1393E-04  2.5119E+04
   #    761697  1.0457E+02  1.1394E-04  2.5149E+04
   #    762025  1.0461E+02  1.1396E-04  2.5179E+04
   #    762353  1.0464E+02  1.1398E-04  2.5209E+04
   #    762681  1.0468E+02  1.1398E-04  2.5239E+04
   #    762999  1.0472E+02  1.1392E-04  2.5269E+04
   #    763327  1.0476E+02  1.1382E-04  2.5299E+04
   #    763655  1.0479E+02  1.1372E-04  2.5329E+04
   #    763977  1.0483E+02  1.1360E-04  2.5359E+04
   #    764305  1.0487E+02  1.1343E-04  2.5389E+04
   #    764633  1.0490E+02  1.1321E-04  2.5420E+04
   #    764953  1.0494E+02  1.1297E-04  2.5450E+04
   #    765282  1.0498E+02  1.1271E-04  2.5480E+04
   #    765611  1.0501E+02  1.1239E-04  2.5510E+04
   #    765940  1.0505E+02  1.1216E-04  2.5540E+04
   #    766269  1.0509E+02  1.1200E-04  2.5570E+04
   #    766588  1.0512E+02  1.1190E-04  2.5600E+04
   #    766917  1.0516E+02  1.1180E-04  2.5630E+04
   #    767244  1.0520E+02  1.1171E-04  2.5660E+04
   #    767569  1.0523E+02  1.1163E-04  2.5690E+04
   #    767898  1.0527E+02  1.1155E-04  2.5720E+04
   #    768227  1.0531E+02  1.1148E-04  2.5750E+04
   #    768546  1.0534E+02  1.1139E-04  2.5780E+04
   #    768875  1.0538E+02  1.1130E-04  2.5810E+04
   #    769204  1.0542E+02  1.1125E-04  2.5840E+04
   #    769533  1.0545E+02  1.1120E-04  2.5870E+04
   #    769862  1.0549E+02  1.1115E-04  2.5901E+04
   #    770181  1.0552E+02  1.1103E-04  2.5931E+04
   #    770510  1.0556E+02  1.1099E-04  2.5961E+04
   #    770832  1.0560E+02  1.1094E-04  2.5991E+04
   #    771161  1.0563E+02  1.1088E-04  2.6021E+04
   #    771490  1.0567E+02  1.1087E-04  2.6051E+04
   #    771819  1.0571E+02  1.1089E-04  2.6081E+04
   #    772139  1.0574E+02  1.1095E-04  2.6111E+04
   #    772468  1.0578E+02  1.1103E-04  2.6141E+04
   #    772797  1.0581E+02  1.1111E-04  2.6171E+04
   #    773126  1.0585E+02  1.1123E-04  2.6201E+04
   #    773455  1.0589E+02  1.1136E-04  2.6231E+04
   #    773774  1.0592E+02  1.1149E-04  2.6261E+04
   #    774103  1.0596E+02  1.1162E-04  2.6291E+04
   #    774424  1.0600E+02  1.1176E-04  2.6321E+04
   #    774753  1.0603E+02  1.1192E-04  2.6351E+04
   #    775082  1.0607E+02  1.1200E-04  2.6381E+04
   #    775411  1.0611E+02  1.1204E-04  2.6411E+04
   #    775730  1.0614E+02  1.1206E-04  2.6441E+04
   #    776059  1.0618E+02  1.1201E-04  2.6471E+04
   #    776388  1.0622E+02  1.1199E-04  2.6501E+04
   #    776717  1.0625E+02  1.1198E-04  2.6531E+04
   #    777046  1.0629E+02  1.1199E-04  2.6561E+04
   #    777366  1.0632E+02  1.1200E-04  2.6591E+04
   #    777695  1.0636E+02  1.1201E-04  2.6622E+04
   #    778019  1.0640E+02  1.1206E-04  2.6652E+04
   #    778348  1.0643E+02  1.1209E-04  2.6682E+04
   #    778677  1.0647E+02  1.1212E-04  2.6712E+04
   #    779006  1.0651E+02  1.1217E-04  2.6742E+04
   #    779325  1.0654E+02  1.1214E-04  2.6772E+04
   #    779654  1.0658E+02  1.1193E-04  2.6802E+04
   #    779983  1.0662E+02  1.1180E-04  2.6832E+04
   #    780312  1.0665E+02  1.1159E-04  2.6862E+04
   #    780641  1.0669E+02  1.1152E-04  2.6892E+04
   #    780961  1.0673E+02  1.1144E-04  2.6922E+04
   #    781290  1.0676E+02  1.1156E-04  2.6952E+04
   #    781612  1.0680E+02  1.1200E-04  2.6982E+04
   #    781941  1.0684E+02  1.1182E-04  2.7012E+04
   #    782270  1.0687E+02  1.1168E-04  2.7042E+04
   #    782599  1.0691E+02  1.1153E-04  2.7072E+04
   #    782918  1.0695E+02  1.1138E-04  2.7102E+04
   #    783247  1.0698E+02  1.1121E-04  2.7132E+04
   #    783576  1.0702E+02  1.1105E-04  2.7162E+04
   #    783905  1.0706E+02  1.1085E-04  2.7192E+04
   #    784234  1.0709E+02  1.1066E-04  2.7222E+04
   #    784552  1.0713E+02  1.1050E-04  2.7252E+04
   #    784881  1.0716E+02  1.1037E-04  2.7282E+04
   #    785203  1.0720E+02  1.1025E-04  2.7312E+04
   #    785532  1.0723E+02  1.1015E-04  2.7343E+04
   #    785861  1.0727E+02  1.1006E-04  2.7373E+04
   #    786190  1.0731E+02  1.0998E-04  2.7403E+04
   #    786508  1.0734E+02  1.0990E-04  2.7433E+04
   #    786836  1.0738E+02  1.0981E-04  2.7463E+04
   #    787165  1.0741E+02  1.0969E-04  2.7493E+04
   #    787494  1.0745E+02  1.0954E-04  2.7523E+04
   #    787823  1.0749E+02  1.0936E-04  2.7553E+04
   #    788144  1.0752E+02  1.0930E-04  2.7583E+04
   #    788466  1.0756E+02  1.0933E-04  2.7613E+04
   #    788795  1.0759E+02  1.0936E-04  2.7643E+04
   #    789124  1.0763E+02  1.0940E-04  2.7673E+04
   #    789453  1.0766E+02  1.0948E-04  2.7703E+04
   #    789782  1.0770E+02  1.0956E-04  2.7733E+04
   #    790101  1.0774E+02  1.0963E-04  2.7763E+04
   #    790430  1.0777E+02  1.0970E-04  2.7793E+04
   #    790759  1.0781E+02  1.0970E-04  2.7823E+04
   #    791088  1.0784E+02  1.0964E-04  2.7853E+04
   #    791417  1.0788E+02  1.0959E-04  2.7883E+04
   #    791736  1.0791E+02  1.0956E-04  2.7913E+04
   #    792059  1.0795E+02  1.0954E-04  2.7943E+04
   #    792388  1.0799E+02  1.0951E-04  2.7974E+04
   #    792717  1.0802E+02  1.0949E-04  2.8004E+04
   #    793047  1.0806E+02  1.0947E-04  2.8034E+04
   #    793377  1.0809E+02  1.0945E-04  2.8064E+04
   #    793697  1.0813E+02  1.0945E-04  2.8094E+04
   #    794027  1.0817E+02  1.0946E-04  2.8124E+04
   #    794357  1.0820E+02  1.0944E-04  2.8154E+04
   #    794687  1.0824E+02  1.0943E-04  2.8184E+04
   #    795018  1.0827E+02  1.0943E-04  2.8214E+04
   #    795348  1.0831E+02  1.0943E-04  2.8244E+04
   #    795661  1.0834E+02  1.0946E-04  2.8274E+04
   #    795991  1.0838E+02  1.0949E-04  2.8304E+04
   #    796322  1.0842E+02  1.0953E-04  2.8334E+04
   #    796653  1.0845E+02  1.0957E-04  2.8364E+04
   #    796983  1.0849E+02  1.0958E-04  2.8394E+04
   #    797304  1.0852E+02  1.0959E-04  2.8424E+04
   #    797634  1.0856E+02  1.0964E-04  2.8454E+04
   #    797964  1.0860E+02  1.0970E-04  2.8484E+04
   #    798294  1.0863E+02  1.0978E-04  2.8514E+04
   #    798628  1.0867E+02  1.0991E-04  2.8544E+04
   #    798962  1.0871E+02  1.1005E-04  2.8574E+04
   #    799279  1.0874E+02  1.1017E-04  2.8604E+04
   #    799613  1.0878E+02  1.1031E-04  2.8634E+04
   #    799947  1.0881E+02  1.1008E-04  2.8664E+04
   #    800281  1.0885E+02  1.0986E-04  2.8694E+04
   #    800618  1.0889E+02  1.0976E-04  2.8724E+04
   #    800941  1.0892E+02  1.1046E-04  2.8754E+04
   #    801271  1.0896E+02  1.1036E-04  2.8784E+04
   #    801599  1.0900E+02  1.1022E-04  2.8814E+04
   #    801920  1.0903E+02  1.1006E-04  2.8844E+04
   #    802241  1.0907E+02  1.0992E-04  2.8875E+04
   #    802562  1.0910E+02  1.0977E-04  2.8905E+04
   #    802869  1.0914E+02  1.0965E-04  2.8935E+04
   #    803189  1.0917E+02  1.0954E-04  2.8965E+04
   #    803510  1.0921E+02  1.0946E-04  2.8995E+04
   #    803831  1.0924E+02  1.0938E-04  2.9025E+04
   #    804152  1.0928E+02  1.0930E-04  2.9055E+04
   #    804473  1.0931E+02  1.0922E-04  2.9085E+04
   #    804786  1.0935E+02  1.0913E-04  2.9115E+04
   #    805112  1.0938E+02  1.0902E-04  2.9145E+04
   #    805438  1.0942E+02  1.0890E-04  2.9175E+04
   #    805764  1.0945E+02  1.0876E-04  2.9205E+04
   #    806088  1.0949E+02  1.0859E-04  2.9235E+04
   #    806401  1.0952E+02  1.0839E-04  2.9265E+04
   #    806727  1.0956E+02  1.0822E-04  2.9295E+04
   #    807053  1.0959E+02  1.0805E-04  2.9325E+04
   #    807380  1.0963E+02  1.0791E-04  2.9355E+04
   #    807706  1.0966E+02  1.0781E-04  2.9385E+04
   #    808032  1.0970E+02  1.0776E-04  2.9415E+04
   #    808348  1.0973E+02  1.0776E-04  2.9445E+04
   #    808674  1.0977E+02  1.0779E-04  2.9476E+04
   #    809000  1.0980E+02  1.0782E-04  2.9506E+04
   #    809326  1.0984E+02  1.0785E-04  2.9536E+04
   #    809646  1.0987E+02  1.0786E-04  2.9566E+04
   #    809972  1.0991E+02  1.0774E-04  2.9596E+04
   #    810287  1.0994E+02  1.0753E-04  2.9626E+04
   #    810613  1.0998E+02  1.0731E-04  2.9656E+04
   #    810939  1.1001E+02  1.0715E-04  2.9686E+04
   #    811265  1.1005E+02  1.0703E-04  2.9716E+04
   #    811591  1.1008E+02  1.0694E-04  2.9746E+04
   #    811907  1.1011E+02  1.0692E-04  2.9776E+04
   #    812233  1.1015E+02  1.0698E-04  2.9806E+04
   #    812559  1.1018E+02  1.0709E-04  2.9836E+04
   #    812885  1.1022E+02  1.0718E-04  2.9866E+04
   #    813204  1.1025E+02  1.0730E-04  2.9896E+04
   #    813530  1.1029E+02  1.0747E-04  2.9926E+04
   #    813847  1.1032E+02  1.0767E-04  2.9956E+04
   #    814173  1.1036E+02  1.0787E-04  2.9986E+04
   #    814499  1.1039E+02  1.0805E-04  3.0016E+04
   #    814825  1.1043E+02  1.0822E-04  3.0046E+04
   #    815151  1.1046E+02  1.0835E-04  3.0076E+04
   #    815477  1.1050E+02  1.0845E-04  3.0106E+04
   #    815793  1.1053E+02  1.0855E-04  3.0136E+04
   #    816119  1.1057E+02  1.0867E-04  3.0166E+04
   #    816445  1.1060E+02  1.0870E-04  3.0196E+04
   #    816764  1.1064E+02  1.0872E-04  3.0226E+04
   #    817090  1.1067E+02  1.0877E-04  3.0256E+04
   #    817416  1.1071E+02  1.0888E-04  3.0286E+04
   #    817733  1.1074E+02  1.0895E-04  3.0316E+04
   #    818059  1.1078E+02  1.0901E-04  3.0346E+04
   #    818385  1.1081E+02  1.0907E-04  3.0377E+04
   #    818711  1.1085E+02  1.0912E-04  3.0407E+04
   #    819037  1.1089E+02  1.0916E-04  3.0437E+04
   #    819352  1.1092E+02  1.0920E-04  3.0467E+04
   #    819678  1.1096E+02  1.0918E-04  3.0497E+04
   #    820004  1.1099E+02  1.0913E-04  3.0527E+04
   #    820324  1.1103E+02  1.0914E-04  3.0557E+04
   #    820650  1.1106E+02  1.0904E-04  3.0587E+04
   #    820976  1.1110E+02  1.0889E-04  3.0617E+04
   #    821291  1.1113E+02  1.0875E-04  3.0647E+04
   #    821618  1.1117E+02  1.0864E-04  3.0677E+04
   #    821944  1.1120E+02  1.0852E-04  3.0707E+04
   #    822270  1.1124E+02  1.0841E-04  3.0737E+04
   #    822596  1.1127E+02  1.0829E-04  3.0767E+04
   #    822922  1.1131E+02  1.0815E-04  3.0797E+04
   #    823238  1.1134E+02  1.0798E-04  3.0827E+04
   #    823564  1.1138E+02  1.0782E-04  3.0857E+04
   #    823884  1.1141E+02  1.0773E-04  3.0887E+04
   #    824214  1.1145E+02  1.0768E-04  3.0917E+04
   #    824546  1.1148E+02  1.0763E-04  3.0947E+04
   #    824869  1.1152E+02  1.0758E-04  3.0977E+04
   #    825201  1.1155E+02  1.0753E-04  3.1007E+04
   #    825531  1.1159E+02  1.0749E-04  3.1037E+04
   #    825858  1.1162E+02  1.0747E-04  3.1067E+04
   #    826185  1.1166E+02  1.0742E-04  3.1098E+04
   #    826512  1.1169E+02  1.0731E-04  3.1128E+04
   #    826828  1.1173E+02  1.0713E-04  3.1158E+04
   #    827148  1.1176E+02  1.0693E-04  3.1188E+04
   #    827475  1.1180E+02  1.0674E-04  3.1218E+04
   #    827802  1.1183E+02  1.0660E-04  3.1248E+04
   #    828129  1.1187E+02  1.0650E-04  3.1278E+04
   #    828456  1.1190E+02  1.0644E-04  3.1308E+04
   #    828773  1.1194E+02  1.0640E-04  3.1338E+04
   #    829100  1.1197E+02  1.0637E-04  3.1368E+04
   #    829427  1.1201E+02  1.0635E-04  3.1398E+04
   #    829754  1.1204E+02  1.0632E-04  3.1428E+04
   #    830081  1.1207E+02  1.0618E-04  3.1458E+04
   #    830408  1.1211E+02  1.0608E-04  3.1488E+04
   #    830718  1.1214E+02  1.0606E-04  3.1518E+04
   #    831045  1.1218E+02  1.0602E-04  3.1548E+04
   #    831372  1.1221E+02  1.0600E-04  3.1578E+04
   #    831699  1.1225E+02  1.0596E-04  3.1609E+04
   #    832025  1.1228E+02  1.0589E-04  3.1639E+04
   #    832341  1.1231E+02  1.0585E-04  3.1669E+04
   #    832667  1.1235E+02  1.0574E-04  3.1699E+04
   #    832993  1.1238E+02  1.0577E-04  3.1729E+04
   #    833320  1.1242E+02  1.0563E-04  3.1759E+04
   #    833647  1.1245E+02  1.0571E-04  3.1789E+04
   #    833974  1.1249E+02  1.0557E-04  3.1819E+04
   #    834284  1.1252E+02  1.0557E-04  3.1849E+04
   #    834611  1.1255E+02  1.0561E-04  3.1879E+04
   #    834938  1.1259E+02  1.0563E-04  3.1909E+04
   #    835265  1.1262E+02  1.0547E-04  3.1939E+04
   #    835592  1.1266E+02  1.0547E-04  3.1969E+04
   #    835919  1.1269E+02  1.0557E-04  3.1999E+04
   #    836236  1.1273E+02  1.0553E-04  3.2029E+04
   #    836562  1.1276E+02  1.0535E-04  3.2059E+04
   #    836888  1.1279E+02  1.0552E-04  3.2089E+04
   #    837215  1.1283E+02  1.0554E-04  3.2119E+04
   #    837542  1.1286E+02  1.0546E-04  3.2149E+04
   #    837862  1.1290E+02  1.0553E-04  3.2179E+04
   #    838179  1.1293E+02  1.0558E-04  3.2209E+04
   #    838506  1.1297E+02  1.0554E-04  3.2239E+04
   #    838832  1.1300E+02  1.0557E-04  3.2269E+04
   #    839158  1.1303E+02  1.0557E-04  3.2299E+04
   #    839484  1.1307E+02  1.0547E-04  3.2329E+04
   #    839810  1.1310E+02  1.0546E-04  3.2360E+04
   #    840127  1.1314E+02  1.0532E-04  3.2390E+04
   #    840453  1.1317E+02  1.0518E-04  3.2420E+04
   #    840779  1.1320E+02  1.0506E-04  3.2450E+04
   #    841105  1.1324E+02  1.0482E-04  3.2480E+04
   #    841426  1.1327E+02  1.0466E-04  3.2510E+04
   #    841752  1.1331E+02  1.0448E-04  3.2540E+04
   #    842067  1.1334E+02  1.0417E-04  3.2570E+04
   #    842393  1.1337E+02  1.0404E-04  3.2600E+04
   #    842719  1.1341E+02  1.0377E-04  3.2630E+04
   #    843045  1.1344E+02  1.0354E-04  3.2660E+04
   #    843371  1.1347E+02  1.0335E-04  3.2690E+04
   #    843697  1.1351E+02  1.0301E-04  3.2720E+04
   #    844014  1.1354E+02  1.0293E-04  3.2750E+04
   #    844340  1.1357E+02  1.0263E-04  3.2780E+04
   #    844667  1.1361E+02  1.0263E-04  3.2810E+04
   #    844987  1.1364E+02  1.0239E-04  3.2840E+04
   #    845313  1.1367E+02  1.0237E-04  3.2870E+04
   #    845639  1.1371E+02  1.0217E-04  3.2900E+04
   #    845956  1.1374E+02  1.0209E-04  3.2930E+04
   #    846283  1.1377E+02  1.0187E-04  3.2960E+04
   #    846610  1.1381E+02  1.0192E-04  3.2990E+04
   #    846936  1.1384E+02  1.0172E-04  3.3020E+04
   #    847262  1.1387E+02  1.0187E-04  3.3050E+04
   #    847589  1.1391E+02  1.0169E-04  3.3080E+04
   #    847906  1.1394E+02  1.0176E-04  3.3110E+04
   #    848226  1.1397E+02  1.0156E-04  3.3140E+04
   #    848553  1.1400E+02  1.0156E-04  3.3171E+04
   #    848877  1.1404E+02  1.0139E-04  3.3201E+04
   #    849199  1.1407E+02  1.0139E-04  3.3231E+04
   #    849520  1.1410E+02  1.0118E-04  3.3261E+04
   #    849832  1.1413E+02  1.0122E-04  3.3291E+04
   #    850153  1.1417E+02  1.0102E-04  3.3321E+04
   #    850474  1.1420E+02  1.0111E-04  3.3351E+04
   #    850796  1.1423E+02  1.0096E-04  3.3381E+04
   #    851118  1.1426E+02  1.0108E-04  3.3411E+04
   #    851439  1.1430E+02  1.0116E-04  3.3441E+04
   #    851744  1.1433E+02  1.0105E-04  3.3471E+04
   #    852066  1.1436E+02  1.0111E-04  3.3501E+04
   #    852388  1.1439E+02  1.0107E-04  3.3531E+04
   #    852710  1.1442E+02  1.0125E-04  3.3561E+04
   #    853031  1.1446E+02  1.0124E-04  3.3591E+04
   #    853352  1.1449E+02  1.0123E-04  3.3621E+04
   #    853664  1.1452E+02  1.0133E-04  3.3651E+04
   #    853986  1.1455E+02  1.0124E-04  3.3681E+04
   #    854308  1.1459E+02  1.0129E-04  3.3711E+04
   #    854630  1.1462E+02  1.0134E-04  3.3741E+04
   #    854952  1.1465E+02  1.0130E-04  3.3772E+04
   #    855267  1.1468E+02  1.0139E-04  3.3802E+04
   #    855580  1.1472E+02  1.0134E-04  3.3832E+04
   #    855902  1.1475E+02  1.0126E-04  3.3862E+04
   #    856223  1.1478E+02  1.0123E-04  3.3892E+04
   #    856545  1.1481E+02  1.0123E-04  3.3922E+04
   #    856866  1.1485E+02  1.0104E-04  3.3952E+04
   #    857187  1.1488E+02  1.0098E-04  3.3982E+04
   #    857508  1.1491E+02  1.0096E-04  3.4012E+04
   #    857820  1.1494E+02  1.0072E-04  3.4042E+04
   #    858142  1.1497E+02  1.0065E-04  3.4072E+04
   #    858463  1.1501E+02  1.0073E-04  3.4102E+04
   #    858778  1.1504E+02  1.0061E-04  3.4132E+04
   #    859099  1.1507E+02  1.0040E-04  3.4162E+04
   #    859421  1.1510E+02  1.0051E-04  3.4192E+04
   #    859732  1.1513E+02  1.0050E-04  3.4222E+04
   #    860054  1.1517E+02  1.0027E-04  3.4252E+04
   #    860376  1.1520E+02  1.0039E-04  3.4282E+04
   #    860697  1.1523E+02  1.0046E-04  3.4312E+04
   #    861019  1.1526E+02  1.0027E-04  3.4342E+04
   #    861340  1.1530E+02  1.0042E-04  3.4372E+04
   #    861651  1.1533E+02  1.0019E-04  3.4402E+04
   #    861972  1.1536E+02  1.0021E-04  3.4433E+04
   #    862286  1.1539E+02  1.0018E-04  3.4463E+04
   #    862607  1.1542E+02  1.0008E-04  3.4493E+04
   #    862928  1.1545E+02  1.0020E-04  3.4523E+04
   #    863249  1.1549E+02  1.0021E-04  3.4553E+04
   #    863560  1.1552E+02  1.0031E-04  3.4583E+04
   #    863880  1.1555E+02  1.0026E-04  3.4613E+04
   #    864201  1.1558E+02  1.0037E-04  3.4643E+04
   #    864522  1.1561E+02  1.0025E-04  3.4673E+04
   #    864842  1.1565E+02  1.0064E-04  3.4703E+04
   #    865163  1.1568E+02  1.0051E-04  3.4733E+04
   #    865477  1.1571E+02  1.0052E-04  3.4763E+04
   #    865793  1.1574E+02  1.0029E-04  3.4793E+04
   #    866114  1.1577E+02  1.0070E-04  3.4823E+04
   #    866435  1.1581E+02  1.0057E-04  3.4853E+04
   #    866756  1.1584E+02  1.0047E-04  3.4883E+04
   #    867077  1.1587E+02  1.0043E-04  3.4913E+04
   #    867398  1.1590E+02  1.0053E-04  3.4944E+04
   #    867708  1.1593E+02  1.0067E-04  3.4974E+04
   #    868029  1.1597E+02  1.0066E-04  3.5004E+04
   #    868351  1.1600E+02  1.0051E-04  3.5034E+04
   #    868673  1.1603E+02  1.0045E-04  3.5064E+04
   #    868988  1.1606E+02  1.0112E-04  3.5094E+04
   #    869310  1.1610E+02  1.0107E-04  3.5124E+04
   #    869621  1.1613E+02  1.0088E-04  3.5154E+04
   #    869943  1.1616E+02  1.0069E-04  3.5184E+04
   #    870265  1.1619E+02  1.0107E-04  3.5214E+04
   #    870587  1.1622E+02  1.0171E-04  3.5244E+04
   #    870908  1.1626E+02  1.0175E-04  3.5274E+04
   #    871230  1.1629E+02  1.0156E-04  3.5304E+04
   #    871543  1.1632E+02  1.0147E-04  3.5334E+04
   #    871866  1.1635E+02  1.0199E-04  3.5364E+04
   #    872187  1.1639E+02  1.0265E-04  3.5394E+04
   #    872503  1.1642E+02  1.0254E-04  3.5424E+04
   #    872824  1.1645E+02  1.0226E-04  3.5454E+04
   #    873145  1.1649E+02  1.0235E-04  3.5484E+04
   #    873457  1.1652E+02  1.0261E-04  3.5514E+04
   #    873778  1.1655E+02  1.0303E-04  3.5544E+04
   #    874099  1.1658E+02  1.0333E-04  3.5574E+04
   #    874422  1.1662E+02  1.0316E-04  3.5604E+04
   #    874748  1.1665E+02  1.0296E-04  3.5634E+04
   #    875074  1.1668E+02  1.0328E-04  3.5664E+04
   #    875392  1.1672E+02  1.0347E-04  3.5695E+04
   #    875718  1.1675E+02  1.0377E-04  3.5725E+04
   #    876039  1.1678E+02  1.0397E-04  3.5755E+04
   #    876365  1.1682E+02  1.0404E-04  3.5785E+04
   #    876691  1.1685E+02  1.0388E-04  3.5815E+04
   #    877017  1.1689E+02  1.0391E-04  3.5845E+04
   #    877334  1.1692E+02  1.0397E-04  3.5875E+04
   #    877660  1.1695E+02  1.0434E-04  3.5905E+04
   #    877986  1.1699E+02  1.0477E-04  3.5935E+04
   #    878312  1.1702E+02  1.0500E-04  3.5965E+04
   #    878638  1.1705E+02  1.0524E-04  3.5995E+04
   #    878964  1.1709E+02  1.0530E-04  3.6025E+04
   #    879280  1.1712E+02  1.0542E-04  3.6055E+04
   #    879600  1.1716E+02  1.0544E-04  3.6085E+04
   #    879927  1.1719E+02  1.0539E-04  3.6115E+04
   #    880258  1.1723E+02  1.0554E-04  3.6145E+04
   #    880589  1.1726E+02  1.0564E-04  3.6176E+04
   #    880920  1.1730E+02  1.0572E-04  3.6206E+04
   #    881240  1.1733E+02  1.0581E-04  3.6236E+04
   #    881571  1.1736E+02  1.0565E-04  3.6266E+04
   #    881902  1.1740E+02  1.0544E-04  3.6296E+04
   #    882232  1.1743E+02  1.0522E-04  3.6326E+04
   #    882563  1.1747E+02  1.0501E-04  3.6356E+04
   #    882894  1.1750E+02  1.0477E-04  3.6386E+04
   #    883209  1.1754E+02  1.0458E-04  3.6416E+04
   #    883540  1.1757E+02  1.0444E-04  3.6446E+04
   #    883871  1.1761E+02  1.0434E-04  3.6476E+04
   #    884202  1.1764E+02  1.0426E-04  3.6506E+04
   #    884533  1.1767E+02  1.0420E-04  3.6536E+04
   #    884863  1.1771E+02  1.0411E-04  3.6566E+04
   #    885182  1.1774E+02  1.0407E-04  3.6596E+04
   #    885513  1.1778E+02  1.0406E-04  3.6626E+04
   #    885844  1.1781E+02  1.0406E-04  3.6656E+04
   #    886175  1.1785E+02  1.0407E-04  3.6686E+04
   #    886498  1.1788E+02  1.0407E-04  3.6716E+04
   #    886827  1.1791E+02  1.0408E-04  3.6746E+04
   #    887146  1.1795E+02  1.0409E-04  3.6776E+04
   #    887475  1.1798E+02  1.0411E-04  3.6807E+04
   #    887804  1.1801E+02  1.0412E-04  3.6837E+04
   #    888133  1.1805E+02  1.0408E-04  3.6867E+04
   #    888463  1.1808E+02  1.0404E-04  3.6897E+04
   #    888785  1.1812E+02  1.0400E-04  3.6927E+04
   #    889116  1.1815E+02  1.0396E-04  3.6957E+04
   #    889447  1.1819E+02  1.0392E-04  3.6987E+04
   #    889777  1.1822E+02  1.0389E-04  3.7017E+04
   #    890100  1.1825E+02  1.0389E-04  3.7047E+04
   #    890431  1.1829E+02  1.0392E-04  3.7077E+04
   #    890752  1.1832E+02  1.0398E-04  3.7107E+04
   #    891083  1.1836E+02  1.0402E-04  3.7137E+04
   #    891413  1.1839E+02  1.0403E-04  3.7167E+04
   #    891743  1.1842E+02  1.0406E-04  3.7197E+04
   #    892073  1.1846E+02  1.0411E-04  3.7227E+04
   #    892403  1.1849E+02  1.0419E-04  3.7257E+04
   #    892724  1.1853E+02  1.0423E-04  3.7287E+04
   #    893051  1.1856E+02  1.0430E-04  3.7317E+04
   #    893380  1.1860E+02  1.0440E-04  3.7347E+04
   #    893702  1.1863E+02  1.0449E-04  3.7377E+04
   #    894031  1.1866E+02  1.0457E-04  3.7407E+04
   #    894360  1.1870E+02  1.0467E-04  3.7438E+04
   #    894679  1.1873E+02  1.0475E-04  3.7468E+04
   #    895008  1.1877E+02  1.0483E-04  3.7498E+04
   #    895337  1.1880E+02  1.0491E-04  3.7528E+04
   #    895664  1.1883E+02  1.0500E-04  3.7558E+04
   #    895988  1.1887E+02  1.0512E-04  3.7588E+04
   #    896314  1.1890E+02  1.0526E-04  3.7618E+04
   #    896632  1.1894E+02  1.0542E-04  3.7648E+04
   #    896963  1.1897E+02  1.0558E-04  3.7678E+04
   #    897288  1.1901E+02  1.0572E-04  3.7708E+04
   #    897619  1.1904E+02  1.0585E-04  3.7738E+04
   #    897950  1.1908E+02  1.0596E-04  3.7768E+04
   #    898281  1.1911E+02  1.0606E-04  3.7798E+04
   #    898602  1.1914E+02  1.0607E-04  3.7828E+04
   #    898933  1.1918E+02  1.0603E-04  3.7858E+04
   #    899264  1.1921E+02  1.0596E-04  3.7888E+04
   #    899595  1.1925E+02  1.0583E-04  3.7918E+04
   #    899926  1.1928E+02  1.0560E-04  3.7948E+04
   #    900249  1.1932E+02  1.0533E-04  3.7978E+04
   #    900580  1.1935E+02  1.0504E-04  3.8008E+04
   #    900904  1.1939E+02  1.0473E-04  3.8038E+04
   #    901236  1.1942E+02  1.0444E-04  3.8068E+04
   #    901567  1.1946E+02  1.0420E-04  3.8099E+04
   #    901898  1.1949E+02  1.0405E-04  3.8129E+04
   #    902219  1.1952E+02  1.0395E-04  3.8159E+04
   #    902550  1.1956E+02  1.0387E-04  3.8189E+04
   #    902881  1.1959E+02  1.0374E-04  3.8219E+04
   #    903212  1.1963E+02  1.0368E-04  3.8249E+04
   #    903545  1.1966E+02  1.0364E-04  3.8279E+04
   #    903878  1.1970E+02  1.0362E-04  3.8309E+04
   #    904194  1.1973E+02  1.0362E-04  3.8339E+04
   #    904527  1.1976E+02  1.0361E-04  3.8369E+04
   #    904860  1.1980E+02  1.0357E-04  3.8399E+04
   #    905193  1.1983E+02  1.0351E-04  3.8429E+04
   #    905526  1.1987E+02  1.0349E-04  3.8459E+04
   #    905859  1.1990E+02  1.0350E-04  3.8489E+04
   #    906182  1.1994E+02  1.0346E-04  3.8519E+04
   #    906515  1.1997E+02  1.0341E-04  3.8549E+04
   #    906848  1.2000E+02  1.0334E-04  3.8579E+04
   #    907181  1.2004E+02  1.0327E-04  3.8609E+04
   #    907510  1.2007E+02  1.0321E-04  3.8639E+04
   #    907832  1.2011E+02  1.0315E-04  3.8669E+04
   #    908151  1.2014E+02  1.0311E-04  3.8699E+04
   #    908480  1.2017E+02  1.0308E-04  3.8729E+04
   #    908811  1.2021E+02  1.0307E-04  3.8759E+04
   #    909142  1.2024E+02  1.0307E-04  3.8789E+04
   #    909472  1.2027E+02  1.0310E-04  3.8820E+04
   #    909792  1.2031E+02  1.0315E-04  3.8850E+04
   #    910102  1.2034E+02  1.0322E-04  3.8880E+04
   #    910422  1.2037E+02  1.0335E-04  3.8910E+04
   #    910742  1.2041E+02  1.0340E-04  3.8940E+04
   #    911062  1.2044E+02  1.0345E-04  3.8970E+04
   #    911376  1.2047E+02  1.0355E-04  3.9000E+04
   #    911696  1.2050E+02  1.0364E-04  3.9030E+04
   #    912006  1.2054E+02  1.0374E-04  3.9060E+04
   #    912326  1.2057E+02  1.0387E-04  3.9090E+04
   #    912646  1.2060E+02  1.0398E-04  3.9120E+04
   #    912966  1.2064E+02  1.0410E-04  3.9150E+04
   #    913286  1.2067E+02  1.0424E-04  3.9180E+04
   #    913606  1.2070E+02  1.0437E-04  3.9210E+04
   #    913916  1.2074E+02  1.0451E-04  3.9240E+04
   #    914236  1.2077E+02  1.0465E-04  3.9270E+04
   #    914556  1.2080E+02  1.0478E-04  3.9300E+04
   #    914869  1.2084E+02  1.0492E-04  3.9330E+04
   #    915189  1.2087E+02  1.0504E-04  3.9360E+04
   #    915506  1.2090E+02  1.0515E-04  3.9390E+04
   #    915813  1.2093E+02  1.0525E-04  3.9420E+04
   #    916130  1.2097E+02  1.0535E-04  3.9451E+04
   #    916448  1.2100E+02  1.0545E-04  3.9481E+04
   #    916765  1.2103E+02  1.0553E-04  3.9511E+04
   #    917082  1.2107E+02  1.0560E-04  3.9541E+04
   #    917400  1.2110E+02  1.0566E-04  3.9571E+04
   #    917711  1.2113E+02  1.0570E-04  3.9601E+04
   #    918033  1.2117E+02  1.0570E-04  3.9631E+04
   #    918347  1.2120E+02  1.0568E-04  3.9661E+04
   #    918669  1.2124E+02  1.0562E-04  3.9691E+04
   #    918991  1.2127E+02  1.0552E-04  3.9721E+04
   #    919313  1.2130E+02  1.0539E-04  3.9751E+04
   #    919625  1.2134E+02  1.0524E-04  3.9781E+04
   #    919947  1.2137E+02  1.0509E-04  3.9811E+04
   #    920269  1.2140E+02  1.0493E-04  3.9841E+04
   #    920591  1.2144E+02  1.0479E-04  3.9871E+04
   #    920913  1.2147E+02  1.0467E-04  3.9901E+04
   #    921235  1.2151E+02  1.0457E-04  3.9931E+04
   #    921546  1.2154E+02  1.0448E-04  3.9961E+04
   #    921862  1.2157E+02  1.0441E-04  3.9991E+04
   #    922184  1.2160E+02  1.0435E-04  4.0021E+04
   #    922503  1.2164E+02  1.0430E-04  4.0051E+04
   #    922821  1.2167E+02  1.0424E-04  4.0081E+04
   #    923139  1.2170E+02  1.0419E-04  4.0111E+04
   #    923448  1.2174E+02  1.0412E-04  4.0142E+04
   #    923766  1.2177E+02  1.0405E-04  4.0172E+04
   #    924084  1.2180E+02  1.0400E-04  4.0202E+04
   #    924402  1.2184E+02  1.0396E-04  4.0232E+04
   #    924721  1.2187E+02  1.0388E-04  4.0262E+04
   #    925034  1.2190E+02  1.0377E-04  4.0292E+04
   #    925344  1.2193E+02  1.0366E-04  4.0322E+04
   #    925664  1.2197E+02  1.0353E-04  4.0352E+04
   #    925984  1.2200E+02  1.0340E-04  4.0382E+04
   #    926304  1.2203E+02  1.0330E-04  4.0412E+04
   #    926623  1.2207E+02  1.0314E-04  4.0442E+04
   #    926943  1.2210E+02  1.0305E-04  4.0472E+04
   #    927253  1.2213E+02  1.0302E-04  4.0502E+04
   #    927574  1.2216E+02  1.0303E-04  4.0532E+04
   #    927895  1.2220E+02  1.0303E-04  4.0562E+04
   #    928216  1.2223E+02  1.0307E-04  4.0592E+04
   #    928530  1.2226E+02  1.0315E-04  4.0622E+04
   #    928851  1.2229E+02  1.0326E-04  4.0652E+04
   #    929162  1.2233E+02  1.0340E-04  4.0683E+04
   #    929483  1.2236E+02  1.0355E-04  4.0713E+04
   #    929804  1.2239E+02  1.0366E-04  4.0743E+04
   #    930125  1.2243E+02  1.0373E-04  4.0773E+04
   #    930446  1.2246E+02  1.0378E-04  4.0803E+04
   #    930767  1.2249E+02  1.0385E-04  4.0833E+04
   #    931077  1.2253E+02  1.0396E-04  4.0863E+04
   #    931398  1.2256E+02  1.0403E-04  4.0893E+04
   #    931719  1.2259E+02  1.0411E-04  4.0923E+04
   #    932033  1.2263E+02  1.0423E-04  4.0953E+04
   #    932354  1.2266E+02  1.0430E-04  4.0983E+04
   #    932675  1.2269E+02  1.0440E-04  4.1013E+04
   #    932988  1.2272E+02  1.0453E-04  4.1043E+04
   #    933308  1.2276E+02  1.0467E-04  4.1073E+04
   #    933629  1.2279E+02  1.0480E-04  4.1103E+04
   #    933950  1.2283E+02  1.0493E-04  4.1133E+04
   #    934271  1.2286E+02  1.0504E-04  4.1163E+04
   #    934592  1.2289E+02  1.0516E-04  4.1193E+04
   #    934905  1.2293E+02  1.0527E-04  4.1224E+04
   #    935226  1.2296E+02  1.0538E-04  4.1254E+04
   #    935537  1.2299E+02  1.0549E-04  4.1284E+04
 Total timeloop took        :    41290.450 sec
 Time spent on AMR          :     1035.485 sec
                  Percentage:         2.51 %
 Time spent on IO in loop   :      421.827 sec
                  Percentage:         1.02 %
 Time spent on ghost cells  :     4577.819 sec
                  Percentage:        11.09 %
 Time spent on computing    :    35255.319 sec
                  Percentage:        85.38 %
 Cells updated / proc / sec :    1.125E+05
 Total time spent on IO     :      422.825 sec
 Total timeintegration took :    41291.448 sec
   #    935610   1.230E+02   0.000E+00   4.129E+04
 -------------------------------------------------------------------------------
 Finished AMRVAC in :         41291.660 sec
 -------------------------------------------------------------------------------
######################## JOB EFFICIENCY REPORT ########################
# JobID:              1717486
# Cluster:            lapalma3
# User/Group:         can10010/can10
# Cores:              64
# Nodes:              4
# CPU Utilized:       733.75 CPU-hours
# Wall-clock time:    0 days 11:28:21
# CPU Efficiency:     99.93 %
# Memory Utilized:    7.92 GB
# Memory Efficiency:  7.28 % of 108.80 GB
#~~~~~~~~~~~~~~~~~~~~~~~~~~~~~~~~~~~~~~~~~~~~~~~~~~~~~~~~~~~~~~~~~~~~~~
# If your job has low CPU Efficiency or you have doubts about setting 
# up a job, do not hesitate and contact us:
#                          res_support@iac.es
#######################################################################
