 -----------------------------------------------------------------------------
 -----------------------------------------------------------------------------
 |         __  __ ____ ___        _    __  __ ______     ___    ____         |
 |        |  \/  |  _ \_ _|      / \  |  \/  |  _ \ \   / / \  / ___|        |
 |        | |\/| | |_) | |_____ / _ \ | |\/| | |_) \ \ / / _ \| |            |
 |        | |  | |  __/| |_____/ ___ \| |  | |  _ < \ V / ___ \ |___         |
 |        |_|  |_|_|  |___|   /_/   \_\_|  |_|_| \_\ \_/_/   \_\____|        |
 -----------------------------------------------------------------------------
 -----------------------------------------------------------------------------
 Spitzer MHD: par:   0.21633973559351147       ,perp:    2.1685795904764041E-011
 Combination of Colgan (2008) for high temperatures and
 Dalgarno & McCray (1972), DM2, for low temperatures
 Reading amrvac.par
 
 Output type | tsavestart |  dtsave   | ditsave | itsave(1) | tsave(1)
         log | 0.000E+00  | 0.200E+00 | ******  |      0    | *********
      normal | 0.000E+00  | 0.200E+00 | ******  |      0    | *********
       slice | 0.000E+00  | ********* | ******  | ******    | *********
   collapsed | 0.000E+00  | ********* | ******  | ******    | *********
    analysis | 0.000E+00  | ********* | ******  | ******    | *********
 
         Domain size (cells): 96 48 
                Level one dx: 0.208E+00 0.208E+00 
           Refine estimation: Lohner's scheme
 Note, Grid is reconstructed once every           3 iterations
           restart_from_file:  output/solar_atm_a0129.dat
                  converting: F

 minra  0.10256244189917035     
 rhob   7382.7014817162089     
 pb   59.061613380997102     
 nw=          11  and nw found in restart file=           8
 Please be aware of changes in w at restart.
 Using TRACL(ine) method with a mask
 By default, magnetic field lines are traced every 4 grid cells
 NOTE:  2D TRAC method take the y-dir == grav-dir
 Memory requirement for each processor in TRAC:
           1  MB
 -------------------------------------------------------------------------------
 Startup phase took :             0.187 sec
 -------------------------------------------------------------------------------
 Start integrating, print status every  3.00E+01 seconds
   #        it        time          dt  wc-time(s)
   #    428251  6.4500E+01  1.3315E-04  5.3265E-01
   #    428648  6.4553E+01  1.3297E-04  3.0577E+01
   #    429064  6.4608E+01  1.3272E-04  6.0615E+01
   #    429480  6.4663E+01  1.3260E-04  9.0653E+01
   #    429895  6.4718E+01  1.3254E-04  1.2071E+02
   #    430310  6.4773E+01  1.3262E-04  1.5072E+02
   #    430726  6.4828E+01  1.3278E-04  1.8078E+02
   #    431142  6.4884E+01  1.3296E-04  2.1080E+02
   #    431547  6.4937E+01  1.3307E-04  2.4080E+02
   #    431963  6.4993E+01  1.3313E-04  2.7084E+02
   #    432379  6.5048E+01  1.3317E-04  3.0088E+02
   #    432785  6.5102E+01  1.3328E-04  3.3095E+02
   #    433186  6.5156E+01  1.3343E-04  3.6095E+02
   #    433601  6.5211E+01  1.3360E-04  3.9099E+02
   #    434016  6.5266E+01  1.3361E-04  4.2104E+02
   #    434424  6.5321E+01  1.3348E-04  4.5106E+02
   #    434839  6.5376E+01  1.3338E-04  4.8112E+02
   #    435254  6.5432E+01  1.3335E-04  5.1117E+02
   #    435669  6.5487E+01  1.3328E-04  5.4123E+02
   #    436075  6.5541E+01  1.3315E-04  5.7125E+02
   #    436490  6.5596E+01  1.3304E-04  6.0128E+02
   #    436905  6.5651E+01  1.3296E-04  6.3133E+02
   #    437302  6.5704E+01  1.3262E-04  6.6135E+02
   #    437710  6.5758E+01  1.3241E-04  6.9138E+02
   #    438126  6.5813E+01  1.3229E-04  7.2144E+02
   #    438541  6.5868E+01  1.3223E-04  7.5146E+02
   #    438944  6.5921E+01  1.3219E-04  7.8152E+02
   #    439359  6.5976E+01  1.3218E-04  8.1154E+02
   #    439774  6.6031E+01  1.3218E-04  8.4158E+02
   #    440189  6.6086E+01  1.3217E-04  8.7159E+02
   #    440596  6.6140E+01  1.3205E-04  9.0161E+02
   #    441011  6.6194E+01  1.3165E-04  9.3166E+02
   #    441426  6.6249E+01  1.3119E-04  9.6167E+02
   #    441823  6.6301E+01  1.3083E-04  9.9212E+02
   #    442238  6.6355E+01  1.3057E-04  1.0222E+03
   #    442653  6.6409E+01  1.3051E-04  1.0522E+03
   #    443068  6.6463E+01  1.3051E-04  1.0822E+03
   #    443475  6.6516E+01  1.3047E-04  1.1123E+03
   #    443896  6.6571E+01  1.3038E-04  1.1423E+03
   #    444319  6.6626E+01  1.3014E-04  1.1724E+03
   #    444741  6.6681E+01  1.2965E-04  1.2024E+03
   #    445153  6.6734E+01  1.2925E-04  1.2324E+03
   #    445575  6.6789E+01  1.2899E-04  1.2624E+03
   #    445996  6.6843E+01  1.2885E-04  1.2924E+03
   #    446406  6.6896E+01  1.2885E-04  1.3225E+03
   #    446822  6.6950E+01  1.2888E-04  1.3525E+03
   #    447245  6.7004E+01  1.2890E-04  1.3825E+03
   #    447668  6.7059E+01  1.2888E-04  1.4126E+03
   #    448081  6.7112E+01  1.2876E-04  1.4427E+03
   #    448504  6.7166E+01  1.2857E-04  1.4727E+03
   #    448927  6.7221E+01  1.2845E-04  1.5028E+03
   #    449349  6.7275E+01  1.2847E-04  1.5328E+03
   #    449762  6.7328E+01  1.2862E-04  1.5628E+03
   #    450185  6.7382E+01  1.2879E-04  1.5928E+03
   #    450608  6.7437E+01  1.2898E-04  1.6228E+03
   #    451017  6.7490E+01  1.2918E-04  1.6529E+03
   #    451429  6.7543E+01  1.2936E-04  1.6829E+03
   #    451852  6.7598E+01  1.2946E-04  1.7129E+03
   #    452275  6.7652E+01  1.2952E-04  1.7430E+03
   #    452688  6.7706E+01  1.2963E-04  1.7730E+03
   #    453111  6.7761E+01  1.2974E-04  1.8030E+03
   #    453534  6.7816E+01  1.2991E-04  1.8330E+03
   #    453957  6.7871E+01  1.3001E-04  1.8630E+03
   #    454368  6.7924E+01  1.2991E-04  1.8931E+03
   #    454791  6.7979E+01  1.2972E-04  1.9231E+03
   #    455214  6.8034E+01  1.2946E-04  1.9531E+03
   #    455623  6.8087E+01  1.2922E-04  1.9831E+03
   #    456031  6.8139E+01  1.2900E-04  2.0131E+03
   #    456451  6.8193E+01  1.2886E-04  2.0432E+03
   #    456871  6.8247E+01  1.2883E-04  2.0732E+03
   #    457291  6.8302E+01  1.2882E-04  2.1038E+03
   #    457711  6.8356E+01  1.2882E-04  2.1339E+03
   #    458131  6.8410E+01  1.2881E-04  2.1639E+03
   #    458551  6.8464E+01  1.2878E-04  2.1939E+03
   #    458961  6.8517E+01  1.2874E-04  2.2240E+03
   #    459381  6.8571E+01  1.2867E-04  2.2541E+03
   #    459801  6.8625E+01  1.2858E-04  2.2841E+03
   #    460208  6.8677E+01  1.2846E-04  2.3141E+03
   #    460617  6.8729E+01  1.2829E-04  2.3441E+03
   #    461037  6.8783E+01  1.2802E-04  2.3742E+03
   #    461457  6.8837E+01  1.2775E-04  2.4042E+03
   #    461877  6.8890E+01  1.2752E-04  2.4343E+03
   #    462286  6.8943E+01  1.2737E-04  2.4643E+03
   #    462706  6.8996E+01  1.2731E-04  2.4944E+03
   #    463126  6.9049E+01  1.2727E-04  2.5244E+03
   #    463538  6.9102E+01  1.2726E-04  2.5544E+03
   #    463957  6.9155E+01  1.2727E-04  2.5845E+03
   #    464361  6.9206E+01  1.2733E-04  2.6146E+03
   #    464768  6.9258E+01  1.2733E-04  2.6447E+03
   #    465169  6.9309E+01  1.2712E-04  2.6747E+03
   #    465580  6.9362E+01  1.2678E-04  2.7048E+03
   #    465991  6.9414E+01  1.2657E-04  2.7348E+03
   #    466402  6.9466E+01  1.2658E-04  2.7648E+03
   #    466803  6.9516E+01  1.2659E-04  2.7949E+03
   #    467214  6.9568E+01  1.2660E-04  2.8249E+03
   #    467624  6.9620E+01  1.2651E-04  2.8550E+03
   #    468035  6.9672E+01  1.2636E-04  2.8850E+03
   #    468436  6.9723E+01  1.2619E-04  2.9151E+03
   #    468834  6.9773E+01  1.2600E-04  2.9451E+03
   #    469245  6.9825E+01  1.2585E-04  2.9751E+03
   #    469656  6.9876E+01  1.2584E-04  3.0051E+03
   #    470057  6.9927E+01  1.2589E-04  3.0352E+03
   #    470468  6.9979E+01  1.2609E-04  3.0652E+03
   #    470879  7.0030E+01  1.2651E-04  3.0952E+03
   #    471290  7.0083E+01  1.2680E-04  3.1253E+03
   #    471688  7.0133E+01  1.2700E-04  3.1553E+03
   #    472094  7.0185E+01  1.2715E-04  3.1853E+03
   #    472500  7.0236E+01  1.2728E-04  3.2153E+03
   #    472906  7.0288E+01  1.2742E-04  3.2454E+03
   #    473291  7.0337E+01  1.2757E-04  3.2755E+03
   #    473697  7.0389E+01  1.2779E-04  3.3055E+03
   #    474103  7.0441E+01  1.2799E-04  3.3355E+03
   #    474509  7.0493E+01  1.2819E-04  3.3655E+03
   #    474906  7.0544E+01  1.2839E-04  3.3956E+03
   #    475312  7.0596E+01  1.2857E-04  3.4256E+03
   #    475719  7.0648E+01  1.2867E-04  3.4557E+03
   #    476133  7.0702E+01  1.2874E-04  3.4857E+03
   #    476539  7.0754E+01  1.2879E-04  3.5157E+03
   #    476955  7.0807E+01  1.2885E-04  3.5458E+03
   #    477370  7.0861E+01  1.2893E-04  3.5758E+03
   #    477763  7.0912E+01  1.2900E-04  3.6058E+03
   #    478179  7.0965E+01  1.2904E-04  3.6358E+03
   #    478594  7.1019E+01  1.2900E-04  3.6658E+03
   #    479010  7.1072E+01  1.2880E-04  3.6959E+03
   #    479417  7.1125E+01  1.2850E-04  3.7260E+03
   #    479832  7.1178E+01  1.2819E-04  3.7560E+03
   #    480248  7.1231E+01  1.2792E-04  3.7860E+03
   #    480664  7.1284E+01  1.2772E-04  3.8161E+03
   #    481071  7.1336E+01  1.2761E-04  3.8462E+03
   #    481487  7.1389E+01  1.2756E-04  3.8762E+03
   #    481900  7.1442E+01  1.2750E-04  3.9062E+03
   #    482300  7.1493E+01  1.2748E-04  3.9362E+03
   #    482706  7.1545E+01  1.2747E-04  3.9663E+03
   #    483118  7.1597E+01  1.2740E-04  3.9963E+03
   #    483530  7.1650E+01  1.2716E-04  4.0263E+03
   #    483942  7.1702E+01  1.2680E-04  4.0563E+03
   #    484345  7.1753E+01  1.2646E-04  4.0864E+03
   #    484758  7.1805E+01  1.2615E-04  4.1164E+03
   #    485171  7.1857E+01  1.2593E-04  4.1465E+03
   #    485575  7.1908E+01  1.2582E-04  4.1765E+03
   #    485988  7.1960E+01  1.2579E-04  4.2066E+03
   #    486395  7.2011E+01  1.2574E-04  4.2366E+03
   #    486801  7.2062E+01  1.2576E-04  4.2666E+03
   #    487206  7.2113E+01  1.2585E-04  4.2967E+03
   #    487619  7.2165E+01  1.2594E-04  4.3267E+03
   #    488032  7.2217E+01  1.2596E-04  4.3568E+03
   #    488445  7.2269E+01  1.2595E-04  4.3868E+03
   #    488848  7.2320E+01  1.2600E-04  4.4169E+03
   #    489261  7.2372E+01  1.2612E-04  4.4469E+03
   #    489674  7.2424E+01  1.2627E-04  4.4769E+03
   #    490087  7.2476E+01  1.2647E-04  4.5070E+03
   #    490489  7.2527E+01  1.2668E-04  4.5370E+03
   #    490889  7.2578E+01  1.2689E-04  4.5670E+03
   #    491302  7.2630E+01  1.2713E-04  4.5971E+03
   #    491714  7.2682E+01  1.2736E-04  4.6271E+03
   #    492116  7.2734E+01  1.2754E-04  4.6571E+03
   #    492529  7.2786E+01  1.2768E-04  4.6872E+03
   #    492942  7.2839E+01  1.2779E-04  4.7173E+03
   #    493354  7.2892E+01  1.2785E-04  4.7473E+03
   #    493755  7.2943E+01  1.2794E-04  4.7773E+03
   #    494168  7.2996E+01  1.2801E-04  4.8074E+03
   #    494581  7.3049E+01  1.2805E-04  4.8374E+03
   #    494994  7.3102E+01  1.2807E-04  4.8675E+03
   #    495380  7.3151E+01  1.2805E-04  4.8975E+03
   #    495789  7.3203E+01  1.2799E-04  4.9275E+03
   #    496198  7.3256E+01  1.2784E-04  4.9576E+03
   #    496598  7.3307E+01  1.2759E-04  4.9876E+03
   #    497007  7.3359E+01  1.2730E-04  5.0177E+03
   #    497416  7.3411E+01  1.2703E-04  5.0477E+03
   #    497825  7.3463E+01  1.2680E-04  5.0778E+03
   #    498223  7.3513E+01  1.2665E-04  5.1078E+03
   #    498632  7.3565E+01  1.2658E-04  5.1379E+03
   #    499041  7.3617E+01  1.2658E-04  5.1680E+03
   #    499450  7.3668E+01  1.2659E-04  5.1980E+03
   #    499837  7.3717E+01  1.2654E-04  5.2280E+03
   #    500246  7.3769E+01  1.2642E-04  5.2581E+03
   #    500655  7.3821E+01  1.2612E-04  5.2881E+03
   #    501064  7.3872E+01  1.2582E-04  5.3182E+03
   #    501467  7.3923E+01  1.2559E-04  5.3483E+03
   #    501875  7.3974E+01  1.2544E-04  5.3783E+03
   #    502284  7.4025E+01  1.2545E-04  5.4083E+03
   #    502692  7.4077E+01  1.2555E-04  5.4383E+03
   #    503092  7.4127E+01  1.2567E-04  5.4684E+03
   #    503500  7.4178E+01  1.2573E-04  5.4984E+03
   #    503908  7.4229E+01  1.2564E-04  5.5284E+03
   #    504304  7.4279E+01  1.2558E-04  5.5584E+03
   #    504706  7.4330E+01  1.2560E-04  5.5884E+03
   #    505115  7.4381E+01  1.2562E-04  5.6185E+03
   #    505523  7.4432E+01  1.2563E-04  5.6485E+03
   #    505931  7.4483E+01  1.2565E-04  5.6786E+03
   #    506330  7.4533E+01  1.2571E-04  5.7086E+03
   #    506739  7.4585E+01  1.2580E-04  5.7387E+03
   #    507148  7.4636E+01  1.2591E-04  5.7687E+03
   #    507557  7.4688E+01  1.2598E-04  5.7988E+03
   #    507955  7.4738E+01  1.2603E-04  5.8288E+03
   #    508364  7.4789E+01  1.2610E-04  5.8588E+03
   #    508760  7.4839E+01  1.2618E-04  5.8888E+03
   #    509168  7.4891E+01  1.2631E-04  5.9189E+03
   #    509566  7.4941E+01  1.2645E-04  5.9489E+03
   #    509975  7.4993E+01  1.2665E-04  5.9790E+03
   #    510383  7.5045E+01  1.2684E-04  6.0090E+03
   #    510792  7.5097E+01  1.2702E-04  6.0390E+03
   #    511189  7.5147E+01  1.2712E-04  6.0691E+03
   #    511598  7.5199E+01  1.2721E-04  6.0992E+03
   #    512007  7.5251E+01  1.2730E-04  6.1292E+03
   #    512415  7.5303E+01  1.2737E-04  6.1592E+03
   #    512807  7.5353E+01  1.2745E-04  6.1893E+03
   #    513210  7.5404E+01  1.2757E-04  6.2194E+03
   #    513626  7.5457E+01  1.2773E-04  6.2494E+03
   #    514034  7.5509E+01  1.2783E-04  6.2794E+03
   #    514452  7.5563E+01  1.2786E-04  6.3094E+03
   #    514870  7.5616E+01  1.2788E-04  6.3395E+03
   #    515288  7.5670E+01  1.2797E-04  6.3695E+03
   #    515696  7.5722E+01  1.2797E-04  6.3995E+03
   #    516114  7.5775E+01  1.2790E-04  6.4295E+03
   #    516532  7.5829E+01  1.2778E-04  6.4596E+03
   #    516944  7.5881E+01  1.2763E-04  6.4896E+03
   #    517333  7.5931E+01  1.2751E-04  6.5196E+03
   #    517745  7.5984E+01  1.2741E-04  6.5496E+03
   #    518157  7.6036E+01  1.2731E-04  6.5797E+03
   #    518569  7.6088E+01  1.2722E-04  6.6097E+03
   #    518971  7.6139E+01  1.2718E-04  6.6397E+03
   #    519383  7.6192E+01  1.2712E-04  6.6697E+03
   #    519795  7.6244E+01  1.2701E-04  6.6997E+03
   #    520213  7.6297E+01  1.2686E-04  6.7298E+03
   #    520619  7.6349E+01  1.2669E-04  6.7598E+03
   #    521029  7.6401E+01  1.2659E-04  6.7898E+03
   #    521440  7.6453E+01  1.2659E-04  6.8199E+03
   #    521836  7.6503E+01  1.2668E-04  6.8499E+03
   #    522239  7.6554E+01  1.2682E-04  6.8799E+03
   #    522656  7.6607E+01  1.2700E-04  6.9099E+03
   #    523073  7.6660E+01  1.2718E-04  6.9399E+03
   #    523479  7.6711E+01  1.2736E-04  6.9700E+03
   #    523895  7.6764E+01  1.2760E-04  7.0000E+03
   #    524307  7.6817E+01  1.2771E-04  7.0300E+03
   #    524718  7.6869E+01  1.2765E-04  7.0601E+03
   #    525117  7.6920E+01  1.2739E-04  7.0901E+03
   #    525525  7.6972E+01  1.2696E-04  7.1201E+03
   #    525933  7.7024E+01  1.2668E-04  7.1501E+03
   #    526331  7.7074E+01  1.2659E-04  7.1801E+03
   #    526733  7.7125E+01  1.2674E-04  7.2101E+03
   #    527145  7.7177E+01  1.2695E-04  7.2402E+03
   #    527558  7.7230E+01  1.2721E-04  7.2702E+03
   #    527968  7.7282E+01  1.2737E-04  7.3002E+03
   #    528366  7.7333E+01  1.2735E-04  7.3302E+03
   #    528773  7.7384E+01  1.2727E-04  7.3603E+03
   #    529181  7.7436E+01  1.2724E-04  7.3903E+03
   #    529592  7.7489E+01  1.2733E-04  7.4203E+03
   #    529994  7.7540E+01  1.2751E-04  7.4503E+03
   #    530406  7.7592E+01  1.2775E-04  7.4804E+03
   #    530805  7.7643E+01  1.2800E-04  7.5104E+03
   #    531217  7.7696E+01  1.2815E-04  7.5405E+03
   #    531617  7.7747E+01  1.2837E-04  7.5705E+03
   #    532029  7.7800E+01  1.2856E-04  7.6005E+03
   #    532443  7.7854E+01  1.2870E-04  7.6306E+03
   #    532849  7.7906E+01  1.2886E-04  7.6606E+03
   #    533264  7.7959E+01  1.2919E-04  7.6907E+03
   #    533678  7.8013E+01  1.2953E-04  7.7207E+03
   #    534093  7.8067E+01  1.2979E-04  7.7507E+03
   #    534498  7.8119E+01  1.2992E-04  7.7807E+03
   #    534910  7.8173E+01  1.2987E-04  7.8108E+03
   #    535314  7.8225E+01  1.2980E-04  7.8408E+03
   #    535729  7.8279E+01  1.2978E-04  7.8709E+03
   #    536135  7.8332E+01  1.2981E-04  7.9009E+03
   #    536549  7.8385E+01  1.2980E-04  7.9309E+03
   #    536963  7.8439E+01  1.2966E-04  7.9609E+03
   #    537377  7.8493E+01  1.2968E-04  7.9909E+03
   #    537777  7.8545E+01  1.2945E-04  8.0209E+03
   #    538191  7.8598E+01  1.2913E-04  8.0510E+03
   #    538604  7.8651E+01  1.2887E-04  8.0810E+03
   #    539017  7.8705E+01  1.2871E-04  8.1118E+03
   #    539418  7.8756E+01  1.2856E-04  8.1418E+03
   #    539831  7.8809E+01  1.2845E-04  8.1718E+03
   #    540244  7.8862E+01  1.2847E-04  8.2018E+03
   #    540646  7.8914E+01  1.2857E-04  8.2318E+03
   #    541059  7.8967E+01  1.2872E-04  8.2618E+03
   #    541472  7.9020E+01  1.2889E-04  8.2918E+03
   #    541886  7.9074E+01  1.2877E-04  8.3219E+03
   #    542289  7.9125E+01  1.2821E-04  8.3519E+03
   #    542701  7.9178E+01  1.2773E-04  8.3819E+03
   #    543112  7.9230E+01  1.2753E-04  8.4119E+03
   #    543523  7.9283E+01  1.2749E-04  8.4419E+03
   #    543912  7.9333E+01  1.2756E-04  8.4719E+03
   #    544323  7.9385E+01  1.2764E-04  8.5019E+03
   #    544734  7.9437E+01  1.2772E-04  8.5320E+03
   #    545145  7.9490E+01  1.2790E-04  8.5620E+03
   #    545544  7.9541E+01  1.2822E-04  8.5920E+03
   #    545955  7.9594E+01  1.2851E-04  8.6220E+03
   #    546366  7.9647E+01  1.2875E-04  8.6521E+03
   #    546774  7.9699E+01  1.2898E-04  8.6821E+03
   #    547167  7.9750E+01  1.2915E-04  8.7121E+03
   #    547570  7.9802E+01  1.2900E-04  8.7422E+03
   #    547973  7.9854E+01  1.2888E-04  8.7722E+03
   #    548362  7.9904E+01  1.2878E-04  8.8023E+03
   #    548757  7.9955E+01  1.2862E-04  8.8323E+03
   #    549160  8.0006E+01  1.2844E-04  8.8624E+03
   #    549563  8.0058E+01  1.2825E-04  8.8924E+03
   #    549956  8.0109E+01  1.2820E-04  8.9224E+03
   #    550359  8.0160E+01  1.2820E-04  8.9524E+03
   #    550761  8.0212E+01  1.2818E-04  8.9824E+03
   #    551163  8.0263E+01  1.2814E-04  9.0124E+03
   #    551557  8.0314E+01  1.2810E-04  9.0425E+03
   #    551965  8.0366E+01  1.2807E-04  9.0725E+03
   #    552376  8.0418E+01  1.2803E-04  9.1026E+03
   #    552772  8.0469E+01  1.2800E-04  9.1326E+03
   #    553169  8.0520E+01  1.2800E-04  9.1626E+03
   #    553575  8.0572E+01  1.2802E-04  9.1926E+03
   #    553981  8.0624E+01  1.2803E-04  9.2226E+03
   #    554387  8.0676E+01  1.2806E-04  9.2527E+03
   #    554783  8.0727E+01  1.2814E-04  9.2828E+03
   #    555189  8.0779E+01  1.2824E-04  9.3128E+03
   #    555595  8.0831E+01  1.2836E-04  9.3428E+03
   #    556001  8.0883E+01  1.2847E-04  9.3729E+03
   #    556399  8.0934E+01  1.2857E-04  9.4029E+03
   #    556805  8.0986E+01  1.2867E-04  9.4329E+03
   #    557199  8.1037E+01  1.2873E-04  9.4630E+03
   #    557606  8.1089E+01  1.2863E-04  9.4930E+03
   #    558002  8.1140E+01  1.2840E-04  9.5231E+03
   #    558409  8.1192E+01  1.2816E-04  9.5531E+03
   #    558816  8.1244E+01  1.2792E-04  9.5831E+03
   #    559224  8.1296E+01  1.2776E-04  9.6132E+03
   #    559621  8.1347E+01  1.2765E-04  9.6432E+03
   #    560029  8.1399E+01  1.2760E-04  9.6732E+03
   #    560437  8.1451E+01  1.2751E-04  9.7033E+03
   #    560845  8.1503E+01  1.2747E-04  9.7333E+03
   #    561237  8.1553E+01  1.2749E-04  9.7634E+03
   #    561639  8.1604E+01  1.2751E-04  9.7934E+03
   #    562048  8.1656E+01  1.2750E-04  9.8235E+03
   #    562447  8.1707E+01  1.2752E-04  9.8535E+03
   #    562854  8.1759E+01  1.2755E-04  9.8835E+03
   #    563252  8.1810E+01  1.2761E-04  9.9135E+03
   #    563651  8.1861E+01  1.2766E-04  9.9435E+03
   #    564043  8.1911E+01  1.2770E-04  9.9736E+03
   #    564443  8.1962E+01  1.2767E-04  1.0004E+04
   #    564843  8.2013E+01  1.2760E-04  1.0034E+04
   #    565243  8.2064E+01  1.2735E-04  1.0064E+04
   #    565620  8.2112E+01  1.2710E-04  1.0094E+04
   #    566020  8.2163E+01  1.2684E-04  1.0124E+04
   #    566421  8.2213E+01  1.2665E-04  1.0154E+04
   #    566824  8.2264E+01  1.2655E-04  1.0184E+04
   #    567217  8.2314E+01  1.2651E-04  1.0214E+04
   #    567620  8.2365E+01  1.2645E-04  1.0244E+04
   #    568020  8.2416E+01  1.2638E-04  1.0274E+04
   #    568421  8.2466E+01  1.2636E-04  1.0304E+04
   #    568812  8.2516E+01  1.2638E-04  1.0334E+04
   #    569213  8.2566E+01  1.2636E-04  1.0364E+04
   #    569614  8.2617E+01  1.2632E-04  1.0394E+04
   #    570002  8.2666E+01  1.2628E-04  1.0424E+04
   #    570394  8.2716E+01  1.2625E-04  1.0454E+04
   #    570795  8.2766E+01  1.2622E-04  1.0484E+04
   #    571195  8.2817E+01  1.2616E-04  1.0514E+04
   #    571594  8.2867E+01  1.2608E-04  1.0544E+04
   #    571984  8.2916E+01  1.2598E-04  1.0575E+04
   #    572383  8.2966E+01  1.2591E-04  1.0605E+04
   #    572783  8.3016E+01  1.2587E-04  1.0635E+04
   #    573182  8.3067E+01  1.2588E-04  1.0665E+04
   #    573573  8.3116E+01  1.2587E-04  1.0695E+04
   #    573972  8.3166E+01  1.2583E-04  1.0725E+04
   #    574358  8.3215E+01  1.2576E-04  1.0755E+04
   #    574757  8.3265E+01  1.2572E-04  1.0785E+04
   #    575145  8.3314E+01  1.2565E-04  1.0815E+04
   #    575542  8.3363E+01  1.2556E-04  1.0845E+04
   #    575939  8.3413E+01  1.2549E-04  1.0875E+04
   #    576336  8.3463E+01  1.2543E-04  1.0905E+04
   #    576723  8.3512E+01  1.2539E-04  1.0935E+04
   #    577120  8.3561E+01  1.2532E-04  1.0965E+04
   #    577518  8.3611E+01  1.2522E-04  1.0995E+04
   #    577918  8.3661E+01  1.2513E-04  1.1025E+04
   #    578307  8.3710E+01  1.2504E-04  1.1055E+04
   #    578691  8.3758E+01  1.2495E-04  1.1085E+04
   #    579088  8.3807E+01  1.2484E-04  1.1115E+04
   #    579489  8.3857E+01  1.2469E-04  1.1145E+04
   #    579884  8.3906E+01  1.2445E-04  1.1175E+04
   #    580275  8.3955E+01  1.2422E-04  1.1205E+04
   #    580659  8.4003E+01  1.2407E-04  1.1236E+04
   #    581043  8.4050E+01  1.2389E-04  1.1266E+04
   #    581427  8.4098E+01  1.2379E-04  1.1296E+04
   #    581802  8.4144E+01  1.2378E-04  1.1326E+04
   #    582189  8.4192E+01  1.2372E-04  1.1356E+04
   #    582580  8.4240E+01  1.2367E-04  1.1386E+04
   #    582958  8.4287E+01  1.2359E-04  1.1416E+04
   #    583336  8.4334E+01  1.2352E-04  1.1446E+04
   #    583717  8.4381E+01  1.2348E-04  1.1476E+04
   #    584101  8.4428E+01  1.2346E-04  1.1506E+04
   #    584485  8.4476E+01  1.2344E-04  1.1536E+04
   #    584860  8.4522E+01  1.2338E-04  1.1566E+04
   #    585245  8.4569E+01  1.2333E-04  1.1596E+04
   #    585629  8.4617E+01  1.2331E-04  1.1626E+04
   #    586014  8.4664E+01  1.2326E-04  1.1656E+04
   #    586389  8.4710E+01  1.2317E-04  1.1686E+04
   #    586760  8.4756E+01  1.2300E-04  1.1716E+04
   #    587145  8.4803E+01  1.2281E-04  1.1746E+04
   #    587528  8.4850E+01  1.2263E-04  1.1776E+04
   #    587905  8.4897E+01  1.2242E-04  1.1806E+04
   #    588273  8.4942E+01  1.2222E-04  1.1836E+04
   #    588656  8.4988E+01  1.2189E-04  1.1866E+04
   #    589039  8.5035E+01  1.2166E-04  1.1896E+04
   #    589416  8.5081E+01  1.2145E-04  1.1926E+04
   #    589784  8.5125E+01  1.2127E-04  1.1956E+04
   #    590161  8.5171E+01  1.2113E-04  1.1987E+04
   #    590538  8.5217E+01  1.2101E-04  1.2017E+04
   #    590904  8.5261E+01  1.2093E-04  1.2047E+04
   #    591281  8.5306E+01  1.2085E-04  1.2077E+04
   #    591648  8.5351E+01  1.2077E-04  1.2107E+04
   #    592025  8.5396E+01  1.2064E-04  1.2137E+04
   #    592402  8.5442E+01  1.2050E-04  1.2167E+04
   #    592779  8.5487E+01  1.2006E-04  1.2197E+04
   #    593149  8.5531E+01  1.1967E-04  1.2227E+04
   #    593528  8.5577E+01  1.1924E-04  1.2257E+04
   #    593899  8.5621E+01  1.1885E-04  1.2287E+04
   #    594274  8.5665E+01  1.1849E-04  1.2317E+04
   #    594641  8.5709E+01  1.1816E-04  1.2347E+04
   #    595005  8.5752E+01  1.1788E-04  1.2377E+04
   #    595384  8.5796E+01  1.1764E-04  1.2407E+04
   #    595763  8.5841E+01  1.1739E-04  1.2437E+04
   #    596141  8.5885E+01  1.1716E-04  1.2467E+04
   #    596510  8.5928E+01  1.1695E-04  1.2497E+04
   #    596883  8.5972E+01  1.1676E-04  1.2527E+04
   #    597256  8.6015E+01  1.1658E-04  1.2557E+04
   #    597629  8.6059E+01  1.1643E-04  1.2587E+04
   #    598001  8.6102E+01  1.1628E-04  1.2617E+04
   #    598367  8.6145E+01  1.1611E-04  1.2647E+04
   #    598746  8.6189E+01  1.1595E-04  1.2678E+04
   #    599115  8.6231E+01  1.1584E-04  1.2708E+04
   #    599495  8.6275E+01  1.1573E-04  1.2738E+04
   #    599866  8.6318E+01  1.1564E-04  1.2768E+04
   #    600246  8.6362E+01  1.1559E-04  1.2798E+04
   #    600626  8.6406E+01  1.1558E-04  1.2828E+04
   #    601006  8.6450E+01  1.1560E-04  1.2858E+04
   #    601386  8.6494E+01  1.1566E-04  1.2888E+04
   #    601758  8.6537E+01  1.1575E-04  1.2918E+04
   #    602138  8.6581E+01  1.1586E-04  1.2948E+04
   #    602518  8.6625E+01  1.1600E-04  1.2978E+04
   #    602898  8.6669E+01  1.1613E-04  1.3008E+04
   #    603258  8.6711E+01  1.1622E-04  1.3038E+04
   #    603638  8.6755E+01  1.1627E-04  1.3068E+04
   #    604019  8.6799E+01  1.1634E-04  1.3098E+04
   #    604400  8.6844E+01  1.1589E-04  1.3128E+04
   #    604779  8.6887E+01  1.1544E-04  1.3158E+04
   #    605147  8.6930E+01  1.1506E-04  1.3188E+04
   #    605524  8.6973E+01  1.1471E-04  1.3218E+04
   #    605901  8.7016E+01  1.1440E-04  1.3248E+04
   #    606278  8.7059E+01  1.1414E-04  1.3278E+04
   #    606655  8.7102E+01  1.1407E-04  1.3308E+04
   #    607019  8.7144E+01  1.1398E-04  1.3338E+04
   #    607390  8.7186E+01  1.1403E-04  1.3368E+04
   #    607760  8.7228E+01  1.1417E-04  1.3398E+04
   #    608118  8.7269E+01  1.1436E-04  1.3428E+04
   #    608458  8.7308E+01  1.1455E-04  1.3458E+04
   #    608806  8.7348E+01  1.1471E-04  1.3488E+04
   #    609155  8.7388E+01  1.1493E-04  1.3519E+04
   #    609503  8.7428E+01  1.1518E-04  1.3549E+04
   #    609852  8.7468E+01  1.1542E-04  1.3579E+04
   #    610194  8.7508E+01  1.1560E-04  1.3609E+04
   #    610542  8.7548E+01  1.1576E-04  1.3639E+04
   #    610880  8.7587E+01  1.1591E-04  1.3669E+04
   #    611229  8.7628E+01  1.1606E-04  1.3699E+04
   #    611575  8.7668E+01  1.1620E-04  1.3729E+04
   #    611918  8.7708E+01  1.1633E-04  1.3759E+04
   #    612264  8.7748E+01  1.1645E-04  1.3789E+04
   #    612610  8.7788E+01  1.1659E-04  1.3819E+04
   #    612956  8.7829E+01  1.1670E-04  1.3849E+04
   #    613302  8.7869E+01  1.1681E-04  1.3879E+04
   #    613639  8.7908E+01  1.1694E-04  1.3909E+04
   #    613985  8.7949E+01  1.1708E-04  1.3939E+04
   #    614331  8.7989E+01  1.1717E-04  1.3970E+04
   #    614664  8.8028E+01  1.1719E-04  1.4000E+04
   #    615010  8.8069E+01  1.1720E-04  1.4030E+04
   #    615347  8.8108E+01  1.1723E-04  1.4060E+04
   #    615693  8.8149E+01  1.1724E-04  1.4090E+04
   #    616041  8.8190E+01  1.1724E-04  1.4120E+04
   #    616389  8.8230E+01  1.1723E-04  1.4150E+04
   #    616737  8.8271E+01  1.1721E-04  1.4180E+04
   #    617077  8.8311E+01  1.1721E-04  1.4210E+04
   #    617425  8.8352E+01  1.1721E-04  1.4240E+04
   #    617773  8.8393E+01  1.1720E-04  1.4270E+04
   #    618121  8.8433E+01  1.1707E-04  1.4300E+04
   #    618452  8.8472E+01  1.1688E-04  1.4330E+04
   #    618785  8.8511E+01  1.1666E-04  1.4360E+04
   #    619126  8.8551E+01  1.1637E-04  1.4390E+04
   #    619466  8.8590E+01  1.1605E-04  1.4420E+04
   #    619806  8.8630E+01  1.1571E-04  1.4450E+04
   #    620146  8.8669E+01  1.1526E-04  1.4480E+04
   #    620485  8.8708E+01  1.1477E-04  1.4510E+04
   #    620815  8.8746E+01  1.1428E-04  1.4540E+04
   #    621155  8.8784E+01  1.1380E-04  1.4570E+04
   #    621495  8.8823E+01  1.1342E-04  1.4600E+04
   #    621835  8.8861E+01  1.1311E-04  1.4630E+04
   #    622165  8.8899E+01  1.1286E-04  1.4660E+04
   #    622495  8.8936E+01  1.1262E-04  1.4691E+04
   #    622835  8.8974E+01  1.1235E-04  1.4721E+04
   #    623175  8.9012E+01  1.1208E-04  1.4751E+04
   #    623515  8.9050E+01  1.1185E-04  1.4781E+04
   #    623857  8.9089E+01  1.1163E-04  1.4811E+04
   #    624191  8.9126E+01  1.1141E-04  1.4841E+04
   #    624534  8.9164E+01  1.1117E-04  1.4871E+04
   #    624873  8.9202E+01  1.1086E-04  1.4901E+04
   #    625212  8.9239E+01  1.1051E-04  1.4931E+04
   #    625550  8.9276E+01  1.1017E-04  1.4961E+04
   #    625868  8.9311E+01  1.0991E-04  1.4991E+04
   #    626213  8.9349E+01  1.0968E-04  1.5021E+04
   #    626575  8.9389E+01  1.0946E-04  1.5051E+04
   #    626944  8.9429E+01  1.0923E-04  1.5081E+04
   #    627313  8.9469E+01  1.0904E-04  1.5111E+04
   #    627673  8.9509E+01  1.0891E-04  1.5141E+04
   #    628040  8.9549E+01  1.0884E-04  1.5171E+04
   #    628404  8.9588E+01  1.0883E-04  1.5201E+04
   #    628770  8.9628E+01  1.0885E-04  1.5231E+04
   #    629136  8.9668E+01  1.0885E-04  1.5261E+04
   #    629490  8.9706E+01  1.0885E-04  1.5291E+04
   #    629846  8.9745E+01  1.0888E-04  1.5321E+04
   #    630211  8.9785E+01  1.0887E-04  1.5351E+04
   #    630576  8.9825E+01  1.0883E-04  1.5381E+04
   #    630941  8.9864E+01  1.0875E-04  1.5412E+04
   #    631306  8.9904E+01  1.0862E-04  1.5442E+04
   #    631660  8.9942E+01  1.0848E-04  1.5472E+04
   #    632025  8.9982E+01  1.0839E-04  1.5502E+04
   #    632391  9.0022E+01  1.0838E-04  1.5532E+04
   #    632754  9.0061E+01  1.0846E-04  1.5562E+04
   #    633116  9.0100E+01  1.0861E-04  1.5592E+04
   #    633457  9.0137E+01  1.0872E-04  1.5622E+04
   #    633820  9.0177E+01  1.0885E-04  1.5652E+04
   #    634182  9.0216E+01  1.0844E-04  1.5682E+04
   #    634545  9.0255E+01  1.0764E-04  1.5712E+04
   #    634907  9.0294E+01  1.0696E-04  1.5742E+04
   #    635261  9.0332E+01  1.0646E-04  1.5772E+04
   #    635623  9.0370E+01  1.0616E-04  1.5802E+04
   #    635987  9.0409E+01  1.0589E-04  1.5832E+04
   #    636359  9.0448E+01  1.0584E-04  1.5862E+04
   #    636732  9.0488E+01  1.0579E-04  1.5892E+04
   #    637094  9.0526E+01  1.0593E-04  1.5922E+04
   #    637455  9.0564E+01  1.0599E-04  1.5952E+04
   #    637828  9.0604E+01  1.0648E-04  1.5982E+04
   #    638201  9.0644E+01  1.0681E-04  1.6012E+04
   #    638574  9.0684E+01  1.0741E-04  1.6042E+04
   #    638936  9.0723E+01  1.0781E-04  1.6072E+04
   #    639310  9.0763E+01  1.0837E-04  1.6102E+04
   #    639683  9.0803E+01  1.0885E-04  1.6132E+04
   #    640055  9.0844E+01  1.0934E-04  1.6162E+04
   #    640427  9.0885E+01  1.0986E-04  1.6193E+04
   #    640789  9.0925E+01  1.1034E-04  1.6223E+04
   #    641162  9.0966E+01  1.1068E-04  1.6253E+04
   #    641524  9.1006E+01  1.1091E-04  1.6283E+04
   #    641894  9.1047E+01  1.1110E-04  1.6313E+04
   #    642264  9.1088E+01  1.1125E-04  1.6343E+04
   #    642624  9.1128E+01  1.1136E-04  1.6373E+04
   #    642995  9.1169E+01  1.1148E-04  1.6403E+04
   #    643367  9.1211E+01  1.1161E-04  1.6433E+04
   #    643739  9.1252E+01  1.1172E-04  1.6463E+04
   #    644112  9.1294E+01  1.1179E-04  1.6493E+04
   #    644474  9.1335E+01  1.1182E-04  1.6523E+04
   #    644847  9.1376E+01  1.1184E-04  1.6553E+04
   #    645220  9.1418E+01  1.1186E-04  1.6583E+04
   #    645580  9.1458E+01  1.1191E-04  1.6613E+04
   #    645952  9.1500E+01  1.1199E-04  1.6643E+04
   #    646315  9.1541E+01  1.1205E-04  1.6673E+04
   #    646688  9.1582E+01  1.1209E-04  1.6703E+04
   #    647060  9.1624E+01  1.1209E-04  1.6733E+04
   #    647433  9.1666E+01  1.1200E-04  1.6764E+04
   #    647806  9.1708E+01  1.1174E-04  1.6794E+04
   #    648172  9.1748E+01  1.1145E-04  1.6824E+04
   #    648546  9.1790E+01  1.1113E-04  1.6854E+04
   #    648921  9.1832E+01  1.1078E-04  1.6884E+04
   #    649293  9.1873E+01  1.1050E-04  1.6914E+04
   #    649652  9.1912E+01  1.1028E-04  1.6944E+04
   #    650027  9.1954E+01  1.1003E-04  1.6974E+04
   #    650402  9.1995E+01  1.0980E-04  1.7004E+04
   #    650777  9.2036E+01  1.0961E-04  1.7034E+04
   #    651152  9.2077E+01  1.0947E-04  1.7064E+04
   #    651516  9.2117E+01  1.0936E-04  1.7094E+04
   #    651891  9.2158E+01  1.0923E-04  1.7124E+04
   #    652266  9.2199E+01  1.0912E-04  1.7154E+04
   #    652641  9.2240E+01  1.0902E-04  1.7184E+04
   #    653016  9.2281E+01  1.0887E-04  1.7214E+04
   #    653368  9.2319E+01  1.0872E-04  1.7244E+04
   #    653743  9.2360E+01  1.0857E-04  1.7274E+04
   #    654118  9.2400E+01  1.0844E-04  1.7304E+04
   #    654493  9.2441E+01  1.0820E-04  1.7335E+04
   #    654868  9.2481E+01  1.0800E-04  1.7365E+04
   #    655232  9.2521E+01  1.0786E-04  1.7395E+04
   #    655607  9.2561E+01  1.0777E-04  1.7425E+04
   #    655982  9.2601E+01  1.0770E-04  1.7455E+04
   #    656357  9.2642E+01  1.0769E-04  1.7485E+04
   #    656732  9.2682E+01  1.0777E-04  1.7515E+04
   #    657096  9.2721E+01  1.0793E-04  1.7545E+04
   #    657460  9.2761E+01  1.0814E-04  1.7575E+04
   #    657835  9.2801E+01  1.0831E-04  1.7605E+04
   #    658209  9.2842E+01  1.0847E-04  1.7635E+04
   #    658584  9.2883E+01  1.0862E-04  1.7665E+04
   #    658948  9.2922E+01  1.0877E-04  1.7695E+04
   #    659323  9.2963E+01  1.0898E-04  1.7725E+04
   #    659698  9.3004E+01  1.0927E-04  1.7755E+04
   #    660073  9.3045E+01  1.0949E-04  1.7785E+04
   #    660448  9.3086E+01  1.0975E-04  1.7815E+04
   #    660814  9.3126E+01  1.0998E-04  1.7845E+04
   #    661189  9.3167E+01  1.1017E-04  1.7876E+04
   #    661552  9.3207E+01  1.1037E-04  1.7906E+04
   #    661927  9.3249E+01  1.1060E-04  1.7936E+04
   #    662302  9.3290E+01  1.1080E-04  1.7966E+04
   #    662667  9.3331E+01  1.1096E-04  1.7996E+04
   #    663040  9.3372E+01  1.1114E-04  1.8026E+04
   #    663414  9.3414E+01  1.1133E-04  1.8056E+04
   #    663787  9.3455E+01  1.1151E-04  1.8086E+04
   #    664160  9.3497E+01  1.1167E-04  1.8116E+04
   #    664520  9.3537E+01  1.1180E-04  1.8146E+04
   #    664890  9.3579E+01  1.1191E-04  1.8176E+04
   #    665261  9.3620E+01  1.1199E-04  1.8206E+04
   #    665621  9.3660E+01  1.1204E-04  1.8236E+04
   #    665993  9.3702E+01  1.1198E-04  1.8266E+04
   #    666350  9.3742E+01  1.1180E-04  1.8296E+04
   #    666716  9.3783E+01  1.1155E-04  1.8326E+04
   #    667082  9.3824E+01  1.1128E-04  1.8356E+04
   #    667448  9.3864E+01  1.1104E-04  1.8386E+04
   #    667813  9.3905E+01  1.1084E-04  1.8416E+04
   #    668168  9.3944E+01  1.1067E-04  1.8446E+04
   #    668534  9.3985E+01  1.1051E-04  1.8476E+04
   #    668900  9.4025E+01  1.1037E-04  1.8506E+04
   #    669266  9.4065E+01  1.1024E-04  1.8536E+04
   #    669621  9.4104E+01  1.1013E-04  1.8566E+04
   #    669977  9.4144E+01  1.0999E-04  1.8597E+04
   #    670343  9.4184E+01  1.0988E-04  1.8627E+04
   #    670709  9.4224E+01  1.0978E-04  1.8657E+04
   #    671075  9.4264E+01  1.0971E-04  1.8687E+04
   #    671441  9.4304E+01  1.0967E-04  1.8717E+04
   #    671796  9.4343E+01  1.0968E-04  1.8747E+04
   #    672159  9.4383E+01  1.0973E-04  1.8777E+04
   #    672522  9.4423E+01  1.0982E-04  1.8807E+04
   #    672884  9.4463E+01  1.0989E-04  1.8837E+04
   #    673240  9.4502E+01  1.0987E-04  1.8867E+04
   #    673589  9.4540E+01  1.0983E-04  1.8897E+04
   #    673951  9.4580E+01  1.0977E-04  1.8927E+04
   #    674313  9.4620E+01  1.0971E-04  1.8957E+04
   #    674675  9.4659E+01  1.0965E-04  1.8987E+04
   #    675037  9.4699E+01  1.0956E-04  1.9017E+04
   #    675389  9.4738E+01  1.0955E-04  1.9047E+04
   #    675751  9.4777E+01  1.0958E-04  1.9077E+04
   #    676113  9.4817E+01  1.0961E-04  1.9107E+04
   #    676475  9.4857E+01  1.0966E-04  1.9138E+04
   #    676836  9.4896E+01  1.0974E-04  1.9168E+04
   #    677177  9.4934E+01  1.0985E-04  1.9198E+04
   #    677539  9.4973E+01  1.1001E-04  1.9228E+04
   #    677901  9.5013E+01  1.1024E-04  1.9258E+04
   #    678263  9.5053E+01  1.1056E-04  1.9288E+04
   #    678627  9.5093E+01  1.1085E-04  1.9318E+04
   #    678980  9.5133E+01  1.1122E-04  1.9348E+04
   #    679343  9.5173E+01  1.1158E-04  1.9378E+04
   #    679707  9.5214E+01  1.1199E-04  1.9408E+04
   #    680071  9.5255E+01  1.1234E-04  1.9438E+04
   #    680436  9.5296E+01  1.1242E-04  1.9468E+04
   #    680792  9.5336E+01  1.1239E-04  1.9498E+04
   #    681148  9.5376E+01  1.1216E-04  1.9528E+04
   #    681515  9.5417E+01  1.1203E-04  1.9558E+04
   #    681883  9.5458E+01  1.1201E-04  1.9588E+04
   #    682251  9.5499E+01  1.1211E-04  1.9618E+04
   #    682609  9.5539E+01  1.1235E-04  1.9648E+04
   #    682979  9.5581E+01  1.1267E-04  1.9678E+04
   #    683349  9.5623E+01  1.1305E-04  1.9708E+04
   #    683719  9.5665E+01  1.1343E-04  1.9738E+04
   #    684089  9.5707E+01  1.1371E-04  1.9768E+04
   #    684449  9.5748E+01  1.1406E-04  1.9798E+04
   #    684820  9.5790E+01  1.1447E-04  1.9828E+04
   #    685180  9.5831E+01  1.1493E-04  1.9858E+04
   #    685551  9.5874E+01  1.1530E-04  1.9888E+04
   #    685910  9.5915E+01  1.1572E-04  1.9919E+04
   #    686280  9.5958E+01  1.1619E-04  1.9949E+04
   #    686650  9.6001E+01  1.1669E-04  1.9979E+04
   #    687021  9.6045E+01  1.1717E-04  2.0009E+04
   #    687393  9.6088E+01  1.1769E-04  2.0039E+04
   #    687756  9.6131E+01  1.1816E-04  2.0069E+04
   #    688128  9.6175E+01  1.1851E-04  2.0099E+04
   #    688500  9.6219E+01  1.1890E-04  2.0129E+04
   #    688872  9.6264E+01  1.1922E-04  2.0159E+04
   #    689231  9.6306E+01  1.1950E-04  2.0189E+04
   #    689585  9.6349E+01  1.1960E-04  2.0219E+04
   #    689950  9.6392E+01  1.1957E-04  2.0249E+04
   #    690312  9.6436E+01  1.1960E-04  2.0279E+04
   #    690676  9.6479E+01  1.1968E-04  2.0309E+04
   #    691029  9.6521E+01  1.1979E-04  2.0339E+04
   #    691393  9.6565E+01  1.1992E-04  2.0369E+04
   #    691757  9.6609E+01  1.2006E-04  2.0399E+04
   #    692121  9.6652E+01  1.2021E-04  2.0429E+04
   #    692485  9.6696E+01  1.2036E-04  2.0459E+04
   #    692834  9.6738E+01  1.2052E-04  2.0489E+04
   #    693195  9.6782E+01  1.2065E-04  2.0519E+04
   #    693565  9.6826E+01  1.2078E-04  2.0549E+04
   #    693938  9.6871E+01  1.2080E-04  2.0579E+04
   #    694297  9.6915E+01  1.2076E-04  2.0609E+04
   #    694664  9.6959E+01  1.2071E-04  2.0639E+04
   #    695031  9.7003E+01  1.2066E-04  2.0669E+04
   #    695398  9.7048E+01  1.2063E-04  2.0699E+04
   #    695766  9.7092E+01  1.2060E-04  2.0729E+04
   #    696126  9.7135E+01  1.2061E-04  2.0759E+04
   #    696495  9.7180E+01  1.2064E-04  2.0789E+04
   #    696854  9.7223E+01  1.2067E-04  2.0820E+04
   #    697231  9.7269E+01  1.2072E-04  2.0850E+04
   #    697600  9.7313E+01  1.2075E-04  2.0880E+04
   #    697977  9.7359E+01  1.2078E-04  2.0910E+04
   #    698354  9.7404E+01  1.2080E-04  2.0940E+04
   #    698731  9.7450E+01  1.2083E-04  2.0970E+04
   #    699107  9.7495E+01  1.2084E-04  2.1000E+04
   #    699475  9.7540E+01  1.2085E-04  2.1030E+04
   #    699849  9.7585E+01  1.2072E-04  2.1060E+04
   #    700223  9.7630E+01  1.2056E-04  2.1090E+04
   #    700597  9.7675E+01  1.2040E-04  2.1120E+04
   #    700948  9.7717E+01  1.2025E-04  2.1150E+04
   #    701319  9.7762E+01  1.2008E-04  2.1180E+04
   #    701690  9.7806E+01  1.1994E-04  2.1210E+04
   #    702062  9.7851E+01  1.1981E-04  2.1240E+04
   #    702434  9.7895E+01  1.1969E-04  2.1270E+04
   #    702795  9.7938E+01  1.1961E-04  2.1300E+04
   #    703167  9.7983E+01  1.1957E-04  2.1330E+04
   #    703541  9.8028E+01  1.1954E-04  2.1360E+04
   #    703920  9.8073E+01  1.1945E-04  2.1390E+04
   #    704288  9.8117E+01  1.1938E-04  2.1420E+04
   #    704667  9.8162E+01  1.1935E-04  2.1450E+04
   #    705034  9.8206E+01  1.1934E-04  2.1480E+04
   #    705413  9.8251E+01  1.1935E-04  2.1510E+04
   #    705794  9.8297E+01  1.1935E-04  2.1540E+04
   #    706165  9.8341E+01  1.1935E-04  2.1570E+04
   #    706541  9.8386E+01  1.1934E-04  2.1601E+04
   #    706918  9.8431E+01  1.1933E-04  2.1631E+04
   #    707295  9.8476E+01  1.1934E-04  2.1661E+04
   #    707663  9.8520E+01  1.1938E-04  2.1691E+04
   #    708040  9.8565E+01  1.1943E-04  2.1721E+04
   #    708417  9.8610E+01  1.1948E-04  2.1751E+04
   #    708791  9.8654E+01  1.1952E-04  2.1781E+04
   #    709153  9.8698E+01  1.1955E-04  2.1811E+04
   #    709516  9.8741E+01  1.1958E-04  2.1841E+04
   #    709890  9.8786E+01  1.1958E-04  2.1871E+04
   #    710264  9.8830E+01  1.1957E-04  2.1901E+04
   #    710638  9.8875E+01  1.1957E-04  2.1931E+04
   #    711004  9.8919E+01  1.1958E-04  2.1961E+04
   #    711378  9.8963E+01  1.1957E-04  2.1991E+04
   #    711752  9.9008E+01  1.1955E-04  2.2021E+04
   #    712126  9.9053E+01  1.1953E-04  2.2051E+04
   #    712500  9.9098E+01  1.1950E-04  2.2081E+04
   #    712863  9.9141E+01  1.1944E-04  2.2111E+04
   #    713225  9.9184E+01  1.1932E-04  2.2141E+04
   #    713596  9.9228E+01  1.1917E-04  2.2171E+04
   #    713967  9.9272E+01  1.1902E-04  2.2201E+04
   #    714327  9.9315E+01  1.1886E-04  2.2231E+04
   #    714698  9.9359E+01  1.1872E-04  2.2261E+04
   #    715069  9.9403E+01  1.1854E-04  2.2291E+04
   #    715440  9.9447E+01  1.1835E-04  2.2321E+04
   #    715811  9.9491E+01  1.1823E-04  2.2351E+04
   #    716172  9.9534E+01  1.1808E-04  2.2381E+04
   #    716542  9.9577E+01  1.1778E-04  2.2411E+04
   #    716905  9.9620E+01  1.1748E-04  2.2442E+04
   #    717270  9.9663E+01  1.1718E-04  2.2472E+04
   #    717640  9.9706E+01  1.1692E-04  2.2502E+04
   #    717999  9.9748E+01  1.1671E-04  2.2532E+04
   #    718369  9.9791E+01  1.1650E-04  2.2562E+04
   #    718739  9.9834E+01  1.1630E-04  2.2592E+04
   #    719109  9.9877E+01  1.1613E-04  2.2622E+04
   #    719469  9.9919E+01  1.1599E-04  2.2652E+04
   #    719839  9.9962E+01  1.1588E-04  2.2682E+04
   #    720209  1.0000E+02  1.1578E-04  2.2712E+04
   #    720579  1.0005E+02  1.1567E-04  2.2742E+04
   #    720938  1.0009E+02  1.1559E-04  2.2772E+04
   #    721300  1.0013E+02  1.1551E-04  2.2802E+04
   #    721670  1.0017E+02  1.1538E-04  2.2832E+04
   #    722040  1.0022E+02  1.1519E-04  2.2862E+04
   #    722410  1.0026E+02  1.1487E-04  2.2892E+04
   #    722780  1.0030E+02  1.1460E-04  2.2922E+04
   #    723140  1.0034E+02  1.1444E-04  2.2952E+04
   #    723510  1.0038E+02  1.1427E-04  2.2982E+04
   #    723881  1.0043E+02  1.1422E-04  2.3012E+04
   #    724252  1.0047E+02  1.1424E-04  2.3042E+04
   #    724617  1.0051E+02  1.1424E-04  2.3073E+04
   #    724976  1.0055E+02  1.1407E-04  2.3103E+04
   #    725346  1.0059E+02  1.1386E-04  2.3133E+04
   #    725716  1.0064E+02  1.1375E-04  2.3163E+04
   #    726086  1.0068E+02  1.1371E-04  2.3193E+04
   #    726446  1.0072E+02  1.1371E-04  2.3223E+04
   #    726817  1.0076E+02  1.1373E-04  2.3253E+04
   #    727188  1.0080E+02  1.1381E-04  2.3283E+04
   #    727559  1.0085E+02  1.1389E-04  2.3313E+04
   #    727928  1.0089E+02  1.1406E-04  2.3343E+04
   #    728286  1.0093E+02  1.1419E-04  2.3373E+04
   #    728653  1.0097E+02  1.1434E-04  2.3403E+04
   #    729009  1.0101E+02  1.1445E-04  2.3433E+04
   #    729377  1.0105E+02  1.1449E-04  2.3463E+04
   #    729746  1.0110E+02  1.1448E-04  2.3493E+04
   #    730105  1.0114E+02  1.1447E-04  2.3523E+04
   #    730472  1.0118E+02  1.1446E-04  2.3554E+04
   #    730838  1.0122E+02  1.1449E-04  2.3584E+04
   #    731204  1.0126E+02  1.1452E-04  2.3614E+04
   #    731568  1.0130E+02  1.1456E-04  2.3644E+04
   #    731921  1.0134E+02  1.1460E-04  2.3674E+04
   #    732285  1.0139E+02  1.1464E-04  2.3704E+04
   #    732649  1.0143E+02  1.1464E-04  2.3734E+04
   #    733001  1.0147E+02  1.1458E-04  2.3764E+04
   #    733364  1.0151E+02  1.1445E-04  2.3794E+04
   #    733719  1.0155E+02  1.1423E-04  2.3824E+04
   #    734083  1.0159E+02  1.1396E-04  2.3854E+04
   #    734456  1.0163E+02  1.1368E-04  2.3884E+04
   #    734829  1.0168E+02  1.1341E-04  2.3914E+04
   #    735185  1.0172E+02  1.1317E-04  2.3944E+04
   #    735552  1.0176E+02  1.1297E-04  2.3974E+04
   #    735919  1.0180E+02  1.1280E-04  2.4004E+04
   #    736286  1.0184E+02  1.1265E-04  2.4034E+04
   #    736648  1.0188E+02  1.1250E-04  2.4064E+04
   #    737000  1.0192E+02  1.1235E-04  2.4094E+04
   #    737367  1.0196E+02  1.1218E-04  2.4124E+04
   #    737734  1.0200E+02  1.1198E-04  2.4154E+04
   #    738100  1.0205E+02  1.1179E-04  2.4184E+04
   #    738467  1.0209E+02  1.1156E-04  2.4214E+04
   #    738825  1.0213E+02  1.1130E-04  2.4244E+04
   #    739192  1.0217E+02  1.1104E-04  2.4275E+04
   #    739559  1.0221E+02  1.1082E-04  2.4305E+04
   #    739926  1.0225E+02  1.1056E-04  2.4335E+04
   #    740292  1.0229E+02  1.1038E-04  2.4365E+04
   #    740637  1.0233E+02  1.1033E-04  2.4395E+04
   #    741004  1.0237E+02  1.1034E-04  2.4425E+04
   #    741370  1.0241E+02  1.1034E-04  2.4455E+04
   #    741737  1.0245E+02  1.1039E-04  2.4485E+04
   #    742104  1.0249E+02  1.1025E-04  2.4515E+04
   #    742460  1.0253E+02  1.0989E-04  2.4545E+04
   #    742827  1.0257E+02  1.0962E-04  2.4575E+04
   #    743194  1.0261E+02  1.0942E-04  2.4605E+04
   #    743561  1.0265E+02  1.0928E-04  2.4635E+04
   #    743932  1.0269E+02  1.0924E-04  2.4665E+04
   #    744293  1.0273E+02  1.0922E-04  2.4695E+04
   #    744653  1.0277E+02  1.0928E-04  2.4725E+04
   #    745025  1.0281E+02  1.0933E-04  2.4755E+04
   #    745396  1.0285E+02  1.0943E-04  2.4785E+04
   #    745767  1.0289E+02  1.0952E-04  2.4815E+04
   #    746127  1.0293E+02  1.0957E-04  2.4845E+04
   #    746498  1.0297E+02  1.0965E-04  2.4875E+04
   #    746868  1.0301E+02  1.0975E-04  2.4905E+04
   #    747234  1.0305E+02  1.0982E-04  2.4936E+04
   #    747600  1.0309E+02  1.0990E-04  2.4966E+04
   #    747958  1.0313E+02  1.1002E-04  2.4996E+04
   #    748324  1.0317E+02  1.1016E-04  2.5026E+04
   #    748679  1.0321E+02  1.1031E-04  2.5056E+04
   #    749045  1.0325E+02  1.1042E-04  2.5086E+04
   #    749411  1.0329E+02  1.1052E-04  2.5116E+04
   #    749768  1.0333E+02  1.1064E-04  2.5146E+04
   #    750134  1.0337E+02  1.1080E-04  2.5176E+04
   #    750500  1.0341E+02  1.1096E-04  2.5206E+04
   #    750866  1.0345E+02  1.1114E-04  2.5236E+04
   #    751232  1.0349E+02  1.1130E-04  2.5266E+04
   #    751589  1.0353E+02  1.1135E-04  2.5296E+04
   #    751956  1.0357E+02  1.1131E-04  2.5326E+04
   #    752329  1.0361E+02  1.1116E-04  2.5356E+04
   #    752690  1.0365E+02  1.1097E-04  2.5386E+04
   #    753063  1.0370E+02  1.1076E-04  2.5416E+04
   #    753427  1.0374E+02  1.1056E-04  2.5446E+04
   #    753800  1.0378E+02  1.1034E-04  2.5476E+04
   #    754173  1.0382E+02  1.1011E-04  2.5507E+04
   #    754545  1.0386E+02  1.0987E-04  2.5537E+04
   #    754918  1.0390E+02  1.0962E-04  2.5567E+04
   #    755280  1.0394E+02  1.0937E-04  2.5597E+04
   #    755653  1.0398E+02  1.0910E-04  2.5627E+04
   #    756025  1.0402E+02  1.0884E-04  2.5657E+04
   #    756398  1.0406E+02  1.0860E-04  2.5687E+04
   #    756759  1.0410E+02  1.0842E-04  2.5717E+04
   #    757121  1.0414E+02  1.0818E-04  2.5747E+04
   #    757494  1.0418E+02  1.0793E-04  2.5777E+04
   #    757866  1.0422E+02  1.0772E-04  2.5807E+04
   #    758239  1.0426E+02  1.0751E-04  2.5837E+04
   #    758611  1.0430E+02  1.0740E-04  2.5867E+04
   #    758973  1.0434E+02  1.0726E-04  2.5897E+04
   #    759343  1.0438E+02  1.0716E-04  2.5927E+04
   #    759713  1.0442E+02  1.0712E-04  2.5957E+04
   #    760087  1.0446E+02  1.0709E-04  2.5987E+04
   #    760458  1.0450E+02  1.0705E-04  2.6017E+04
   #    760819  1.0454E+02  1.0688E-04  2.6047E+04
   #    761197  1.0458E+02  1.0659E-04  2.6077E+04
   #    761575  1.0462E+02  1.0637E-04  2.6107E+04
   #    761949  1.0466E+02  1.0627E-04  2.6137E+04
   #    762322  1.0470E+02  1.0626E-04  2.6168E+04
   #    762685  1.0473E+02  1.0628E-04  2.6198E+04
   #    763058  1.0477E+02  1.0633E-04  2.6228E+04
   #    763431  1.0481E+02  1.0642E-04  2.6258E+04
   #    763804  1.0485E+02  1.0650E-04  2.6288E+04
   #    764177  1.0489E+02  1.0658E-04  2.6318E+04
   #    764530  1.0493E+02  1.0663E-04  2.6348E+04
   #    764904  1.0497E+02  1.0670E-04  2.6378E+04
   #    765277  1.0501E+02  1.0679E-04  2.6408E+04
   #    765650  1.0505E+02  1.0689E-04  2.6438E+04
   #    766024  1.0509E+02  1.0700E-04  2.6468E+04
   #    766389  1.0513E+02  1.0714E-04  2.6498E+04
   #    766762  1.0517E+02  1.0727E-04  2.6528E+04
   #    767135  1.0521E+02  1.0737E-04  2.6558E+04
   #    767508  1.0525E+02  1.0751E-04  2.6588E+04
   #    767881  1.0529E+02  1.0766E-04  2.6618E+04
   #    768242  1.0533E+02  1.0780E-04  2.6648E+04
   #    768601  1.0537E+02  1.0794E-04  2.6678E+04
   #    768971  1.0541E+02  1.0807E-04  2.6708E+04
   #    769342  1.0545E+02  1.0822E-04  2.6738E+04
   #    769715  1.0549E+02  1.0841E-04  2.6768E+04
   #    770077  1.0553E+02  1.0859E-04  2.6798E+04
   #    770449  1.0557E+02  1.0876E-04  2.6828E+04
   #    770821  1.0561E+02  1.0890E-04  2.6858E+04
   #    771194  1.0565E+02  1.0894E-04  2.6888E+04
   #    771567  1.0569E+02  1.0880E-04  2.6918E+04
   #    771929  1.0573E+02  1.0864E-04  2.6948E+04
   #    772302  1.0577E+02  1.0847E-04  2.6978E+04
   #    772663  1.0581E+02  1.0830E-04  2.7009E+04
   #    773036  1.0585E+02  1.0809E-04  2.7039E+04
   #    773409  1.0589E+02  1.0784E-04  2.7069E+04
   #    773771  1.0593E+02  1.0756E-04  2.7099E+04
   #    774144  1.0597E+02  1.0723E-04  2.7129E+04
   #    774517  1.0601E+02  1.0692E-04  2.7159E+04
   #    774890  1.0605E+02  1.0662E-04  2.7189E+04
   #    775266  1.0609E+02  1.0631E-04  2.7219E+04
   #    775633  1.0613E+02  1.0598E-04  2.7249E+04
   #    776008  1.0617E+02  1.0563E-04  2.7279E+04
   #    776383  1.0621E+02  1.0535E-04  2.7309E+04
   #    776746  1.0624E+02  1.0517E-04  2.7339E+04
   #    777120  1.0628E+02  1.0499E-04  2.7369E+04
   #    777484  1.0632E+02  1.0484E-04  2.7399E+04
   #    777859  1.0636E+02  1.0473E-04  2.7429E+04
   #    778233  1.0640E+02  5.6290E-05  2.7459E+04
   #    778607  1.0644E+02  1.0463E-04  2.7489E+04
   #    778981  1.0648E+02  1.0461E-04  2.7519E+04
   #    779344  1.0652E+02  1.0462E-04  2.7549E+04
   #    779718  1.0656E+02  1.0462E-04  2.7579E+04
   #    780092  1.0659E+02  1.0455E-04  2.7610E+04
   #    780459  1.0663E+02  1.0449E-04  2.7640E+04
   #    780827  1.0667E+02  1.0445E-04  2.7670E+04
   #    781201  1.0671E+02  1.0448E-04  2.7700E+04
   #    781564  1.0675E+02  1.0455E-04  2.7730E+04
   #    781938  1.0679E+02  1.0464E-04  2.7760E+04
   #    782311  1.0683E+02  1.0478E-04  2.7790E+04
   #    782685  1.0687E+02  1.0494E-04  2.7820E+04
   #    783058  1.0690E+02  1.0517E-04  2.7850E+04
   #    783422  1.0694E+02  1.0540E-04  2.7880E+04
   #    783795  1.0698E+02  1.0561E-04  2.7910E+04
   #    784168  1.0702E+02  1.0583E-04  2.7940E+04
   #    784529  1.0706E+02  1.0608E-04  2.7970E+04
   #    784902  1.0710E+02  1.0634E-04  2.8000E+04
   #    785265  1.0714E+02  1.0658E-04  2.8030E+04
   #    785640  1.0718E+02  1.0672E-04  2.8060E+04
   #    786014  1.0722E+02  1.0682E-04  2.8090E+04
   #    786389  1.0726E+02  1.0690E-04  2.8120E+04
   #    786763  1.0730E+02  1.0699E-04  2.8150E+04
   #    787127  1.0734E+02  1.0710E-04  2.8180E+04
   #    787501  1.0738E+02  1.0726E-04  2.8210E+04
   #    787880  1.0742E+02  1.0741E-04  2.8240E+04
   #    788259  1.0746E+02  1.0756E-04  2.8270E+04
   #    788626  1.0750E+02  1.0771E-04  2.8300E+04
   #    788994  1.0754E+02  1.0788E-04  2.8330E+04
   #    789373  1.0758E+02  1.0804E-04  2.8360E+04
   #    789752  1.0762E+02  1.0820E-04  2.8390E+04
   #    790131  1.0766E+02  1.0833E-04  2.8421E+04
   #    790510  1.0770E+02  1.0836E-04  2.8451E+04
   #    790875  1.0774E+02  1.0833E-04  2.8481E+04
   #    791250  1.0778E+02  1.0818E-04  2.8511E+04
   #    791625  1.0782E+02  1.0800E-04  2.8541E+04
   #    791999  1.0786E+02  1.0778E-04  2.8571E+04
   #    792373  1.0790E+02  1.0757E-04  2.8601E+04
   #    792726  1.0794E+02  1.0739E-04  2.8631E+04
   #    793101  1.0798E+02  1.0722E-04  2.8661E+04
   #    793479  1.0802E+02  1.0709E-04  2.8691E+04
   #    793858  1.0806E+02  1.0697E-04  2.8721E+04
   #    794237  1.0810E+02  1.0687E-04  2.8751E+04
   #    794605  1.0814E+02  1.0674E-04  2.8781E+04
   #    794984  1.0818E+02  1.0652E-04  2.8811E+04
   #    795363  1.0822E+02  1.0630E-04  2.8841E+04
   #    795742  1.0826E+02  1.0607E-04  2.8871E+04
   #    796121  1.0830E+02  1.0584E-04  2.8901E+04
   #    796489  1.0834E+02  1.0570E-04  2.8931E+04
   #    796856  1.0838E+02  1.0560E-04  2.8961E+04
   #    797235  1.0842E+02  1.0553E-04  2.8991E+04
   #    797614  1.0846E+02  1.0551E-04  2.9021E+04
   #    797993  1.0850E+02  1.0554E-04  2.9051E+04
   #    798361  1.0854E+02  1.0555E-04  2.9081E+04
   #    798740  1.0858E+02  1.0563E-04  2.9111E+04
   #    799119  1.0862E+02  1.0577E-04  2.9141E+04
   #    799498  1.0866E+02  1.0591E-04  2.9171E+04
   #    799877  1.0870E+02  1.0590E-04  2.9202E+04
   #    800246  1.0874E+02  1.0590E-04  2.9232E+04
   #    800625  1.0878E+02  1.0592E-04  2.9262E+04
   #    800992  1.0882E+02  1.0598E-04  2.9292E+04
   #    801371  1.0886E+02  1.0607E-04  2.9322E+04
   #    801750  1.0890E+02  1.0622E-04  2.9352E+04
   #    802124  1.0894E+02  1.0638E-04  2.9382E+04
   #    802508  1.0898E+02  1.0651E-04  2.9412E+04
   #    802892  1.0902E+02  1.0661E-04  2.9442E+04
   #    803275  1.0906E+02  1.0673E-04  2.9472E+04
   #    803659  1.0910E+02  1.0688E-04  2.9502E+04
   #    804017  1.0914E+02  1.0704E-04  2.9532E+04
   #    804386  1.0918E+02  1.0715E-04  2.9562E+04
   #    804749  1.0922E+02  1.0730E-04  2.9592E+04
   #    805114  1.0926E+02  1.0746E-04  2.9622E+04
   #    805487  1.0930E+02  1.0761E-04  2.9652E+04
   #    805850  1.0934E+02  1.0775E-04  2.9682E+04
   #    806223  1.0938E+02  1.0790E-04  2.9712E+04
   #    806596  1.0942E+02  1.0804E-04  2.9742E+04
   #    806969  1.0946E+02  1.0818E-04  2.9772E+04
   #    807342  1.0950E+02  1.0834E-04  2.9802E+04
   #    807705  1.0954E+02  1.0850E-04  2.9832E+04
   #    808078  1.0958E+02  1.0865E-04  2.9862E+04
   #    808451  1.0962E+02  1.0883E-04  2.9892E+04
   #    808812  1.0966E+02  1.0900E-04  2.9923E+04
   #    809185  1.0970E+02  1.0914E-04  2.9953E+04
   #    809547  1.0974E+02  1.0923E-04  2.9983E+04
   #    809920  1.0978E+02  1.0921E-04  3.0013E+04
   #    810293  1.0982E+02  1.0909E-04  3.0043E+04
   #    810666  1.0986E+02  1.0894E-04  3.0073E+04
   #    811039  1.0990E+02  1.0877E-04  3.0103E+04
   #    811403  1.0994E+02  1.0859E-04  3.0133E+04
   #    811777  1.0998E+02  1.0840E-04  3.0163E+04
   #    812155  1.1002E+02  1.0822E-04  3.0193E+04
   #    812537  1.1006E+02  1.0808E-04  3.0223E+04
   #    812907  1.1010E+02  1.0795E-04  3.0253E+04
   #    813278  1.1014E+02  1.0783E-04  3.0283E+04
   #    813660  1.1018E+02  1.0769E-04  3.0313E+04
   #    814042  1.1023E+02  1.0754E-04  3.0343E+04
   #    814424  1.1027E+02  1.0738E-04  3.0373E+04
   #    814806  1.1031E+02  1.0725E-04  3.0403E+04
   #    815177  1.1035E+02  1.0712E-04  3.0433E+04
   #    815559  1.1039E+02  1.0703E-04  3.0463E+04
   #    815941  1.1043E+02  1.0697E-04  3.0493E+04
   #    816323  1.1047E+02  1.0696E-04  3.0523E+04
   #    816705  1.1051E+02  1.0699E-04  3.0553E+04
   #    817066  1.1055E+02  1.0704E-04  3.0583E+04
   #    817448  1.1059E+02  1.0712E-04  3.0613E+04
   #    817830  1.1063E+02  1.0730E-04  3.0643E+04
   #    818212  1.1067E+02  1.0751E-04  3.0673E+04
   #    818594  1.1071E+02  1.0769E-04  3.0703E+04
   #    818965  1.1075E+02  1.0770E-04  3.0733E+04
   #    819347  1.1079E+02  1.0770E-04  3.0763E+04
   #    819729  1.1084E+02  1.0776E-04  3.0793E+04
   #    820111  1.1088E+02  1.0788E-04  3.0824E+04
   #    820483  1.1092E+02  1.0804E-04  3.0854E+04
   #    820865  1.1096E+02  1.0827E-04  3.0884E+04
   #    821237  1.1100E+02  1.0845E-04  3.0914E+04
   #    821614  1.1104E+02  1.0859E-04  3.0944E+04
   #    821992  1.1108E+02  1.0874E-04  3.0974E+04
   #    822359  1.1112E+02  1.0891E-04  3.1004E+04
   #    822737  1.1116E+02  1.0905E-04  3.1034E+04
   #    823115  1.1120E+02  1.0923E-04  3.1064E+04
   #    823493  1.1124E+02  1.0942E-04  3.1094E+04
   #    823871  1.1129E+02  1.0963E-04  3.1124E+04
   #    824238  1.1133E+02  1.0990E-04  3.1154E+04
   #    824616  1.1137E+02  1.1016E-04  3.1184E+04
   #    824994  1.1141E+02  1.1041E-04  3.1214E+04
   #    825360  1.1145E+02  1.1066E-04  3.1244E+04
   #    825738  1.1149E+02  1.1093E-04  3.1274E+04
   #    826105  1.1153E+02  1.1122E-04  3.1304E+04
   #    826483  1.1157E+02  1.1151E-04  3.1334E+04
   #    826861  1.1162E+02  1.1180E-04  3.1364E+04
   #    827239  1.1166E+02  1.1209E-04  3.1394E+04
   #    827617  1.1170E+02  1.1239E-04  3.1425E+04
   #    827986  1.1174E+02  1.1267E-04  3.1455E+04
   #    828364  1.1178E+02  1.1282E-04  3.1485E+04
   #    828742  1.1183E+02  1.1278E-04  3.1515E+04
   #    829107  1.1187E+02  1.1273E-04  3.1545E+04
   #    829485  1.1191E+02  1.1267E-04  3.1575E+04
   #    829852  1.1195E+02  1.1261E-04  3.1605E+04
   #    830226  1.1199E+02  1.1261E-04  3.1635E+04
   #    830598  1.1204E+02  1.1262E-04  3.1665E+04
   #    830970  1.1208E+02  1.1264E-04  3.1695E+04
   #    831329  1.1212E+02  1.1264E-04  3.1725E+04
   #    831697  1.1216E+02  1.1265E-04  3.1755E+04
   #    832066  1.1220E+02  1.1263E-04  3.1785E+04
   #    832435  1.1224E+02  1.1260E-04  3.1815E+04
   #    832803  1.1228E+02  1.1251E-04  3.1845E+04
   #    833152  1.1232E+02  1.1245E-04  3.1875E+04
   #    833524  1.1237E+02  1.1240E-04  3.1905E+04
   #    833896  1.1241E+02  1.1238E-04  3.1935E+04
   #    834268  1.1245E+02  1.1239E-04  3.1965E+04
   #    834640  1.1249E+02  1.1243E-04  3.1995E+04
   #    835005  1.1253E+02  1.1253E-04  3.2025E+04
   #    835377  1.1257E+02  1.1268E-04  3.2055E+04
   #    835749  1.1262E+02  1.1290E-04  3.2085E+04
   #    836121  1.1266E+02  1.1315E-04  3.2115E+04
   #    836493  1.1270E+02  1.1332E-04  3.2145E+04
   #    836855  1.1274E+02  1.1332E-04  3.2175E+04
   #    837220  1.1278E+02  1.1325E-04  3.2205E+04
   #    837597  1.1283E+02  1.1325E-04  3.2235E+04
   #    837973  1.1287E+02  1.1332E-04  3.2265E+04
   #    838350  1.1291E+02  1.1348E-04  3.2295E+04
   #    838716  1.1295E+02  1.1370E-04  3.2326E+04
   #    839093  1.1300E+02  1.1391E-04  3.2356E+04
   #    839470  1.1304E+02  1.1414E-04  3.2386E+04
   #    839847  1.1308E+02  1.1435E-04  3.2416E+04
   #    840213  1.1312E+02  1.1449E-04  3.2446E+04
   #    840590  1.1317E+02  1.1466E-04  3.2476E+04
   #    840967  1.1321E+02  1.1492E-04  3.2506E+04
   #    841332  1.1325E+02  1.1524E-04  3.2536E+04
   #    841709  1.1330E+02  1.1553E-04  3.2566E+04
   #    842075  1.1334E+02  1.1589E-04  3.2596E+04
   #    842452  1.1338E+02  1.1639E-04  3.2626E+04
   #    842829  1.1343E+02  1.1677E-04  3.2656E+04
   #    843206  1.1347E+02  1.1709E-04  3.2686E+04
   #    843583  1.1351E+02  1.1700E-04  3.2716E+04
   #    843949  1.1356E+02  1.1681E-04  3.2746E+04
   #    844326  1.1360E+02  1.1674E-04  3.2776E+04
   #    844703  1.1364E+02  1.1672E-04  3.2806E+04
   #    845077  1.1369E+02  1.1670E-04  3.2836E+04
   #    845429  1.1373E+02  1.1669E-04  3.2866E+04
   #    845802  1.1377E+02  1.1664E-04  3.2896E+04
   #    846175  1.1382E+02  1.1652E-04  3.2926E+04
   #    846547  1.1386E+02  1.1628E-04  3.2956E+04
   #    846920  1.1390E+02  1.1602E-04  3.2986E+04
   #    847283  1.1394E+02  1.1586E-04  3.3016E+04
   #    847655  1.1399E+02  1.1575E-04  3.3046E+04
   #    848028  1.1403E+02  1.1568E-04  3.3077E+04
   #    848400  1.1407E+02  1.1564E-04  3.3107E+04
   #    848762  1.1412E+02  1.1567E-04  3.3137E+04
   #    849129  1.1416E+02  1.1568E-04  3.3167E+04
   #    849495  1.1420E+02  1.1568E-04  3.3197E+04
   #    849868  1.1424E+02  1.1562E-04  3.3227E+04
   #    850240  1.1429E+02  1.1557E-04  3.3257E+04
   #    850602  1.1433E+02  1.1556E-04  3.3287E+04
   #    850974  1.1437E+02  1.1559E-04  3.3317E+04
   #    851347  1.1441E+02  1.1564E-04  3.3347E+04
   #    851719  1.1446E+02  1.1569E-04  3.3377E+04
   #    852091  1.1450E+02  1.1580E-04  3.3407E+04
   #    852452  1.1454E+02  1.1592E-04  3.3437E+04
   #    852824  1.1459E+02  1.1601E-04  3.3467E+04
   #    853189  1.1463E+02  1.1611E-04  3.3497E+04
   #    853567  1.1467E+02  1.1622E-04  3.3527E+04
   #    853939  1.1471E+02  1.1630E-04  3.3557E+04
   #    854317  1.1476E+02  1.1638E-04  3.3587E+04
   #    854696  1.1480E+02  1.1643E-04  3.3618E+04
   #    855074  1.1485E+02  1.1646E-04  3.3648E+04
   #    855452  1.1489E+02  1.1646E-04  3.3678E+04
   #    855820  1.1493E+02  1.1634E-04  3.3708E+04
   #    856198  1.1498E+02  1.1618E-04  3.3738E+04
   #    856577  1.1502E+02  1.1596E-04  3.3768E+04
   #    856955  1.1507E+02  1.1571E-04  3.3798E+04
   #    857322  1.1511E+02  1.1543E-04  3.3828E+04
   #    857692  1.1515E+02  1.1514E-04  3.3858E+04
   #    858071  1.1519E+02  1.1483E-04  3.3888E+04
   #    858450  1.1524E+02  1.1454E-04  3.3918E+04
   #    858829  1.1528E+02  1.1427E-04  3.3948E+04
   #    859197  1.1532E+02  1.1407E-04  3.3978E+04
   #    859576  1.1537E+02  1.1383E-04  3.4008E+04
   #    859954  1.1541E+02  1.1363E-04  3.4038E+04
   #    860333  1.1545E+02  1.1346E-04  3.4068E+04
   #    860711  1.1549E+02  1.1333E-04  3.4098E+04
   #    861079  1.1554E+02  1.1324E-04  3.4128E+04
   #    861446  1.1558E+02  1.1315E-04  3.4158E+04
   #    861827  1.1562E+02  1.1299E-04  3.4188E+04
   #    862212  1.1566E+02  1.1290E-04  3.4218E+04
   #    862597  1.1571E+02  1.1284E-04  3.4249E+04
   #    862970  1.1575E+02  1.1277E-04  3.4279E+04
   #    863354  1.1579E+02  1.1267E-04  3.4309E+04
   #    863738  1.1584E+02  1.1260E-04  3.4339E+04
   #    864122  1.1588E+02  1.1250E-04  3.4369E+04
   #    864497  1.1592E+02  1.1235E-04  3.4399E+04
   #    864881  1.1597E+02  1.1227E-04  3.4429E+04
   #    865265  1.1601E+02  1.1221E-04  3.4459E+04
   #    865638  1.1605E+02  1.1212E-04  3.4489E+04
   #    866023  1.1609E+02  1.1201E-04  3.4519E+04
   #    866397  1.1614E+02  1.1191E-04  3.4549E+04
   #    866781  1.1618E+02  1.1186E-04  3.4579E+04
   #    867166  1.1622E+02  1.1192E-04  3.4609E+04
   #    867551  1.1626E+02  1.1199E-04  3.4639E+04
   #    867935  1.1631E+02  1.1205E-04  3.4669E+04
   #    868310  1.1635E+02  1.1206E-04  3.4699E+04
   #    868694  1.1639E+02  1.1207E-04  3.4729E+04
   #    869078  1.1644E+02  1.1209E-04  3.4759E+04
   #    869462  1.1648E+02  1.1209E-04  3.4789E+04
   #    869823  1.1652E+02  1.1206E-04  3.4819E+04
   #    870207  1.1656E+02  1.1209E-04  3.4849E+04
   #    870591  1.1660E+02  1.1213E-04  3.4879E+04
   #    870975  1.1665E+02  1.1214E-04  3.4909E+04
   #    871359  1.1669E+02  1.1215E-04  3.4939E+04
   #    871732  1.1673E+02  1.1216E-04  3.4969E+04
   #    872116  1.1678E+02  1.1216E-04  3.4999E+04
   #    872489  1.1682E+02  1.1216E-04  3.5029E+04
   #    872861  1.1686E+02  1.1216E-04  3.5059E+04
   #    873232  1.1690E+02  1.1220E-04  3.5089E+04
   #    873582  1.1694E+02  1.1222E-04  3.5120E+04
   #    873953  1.1698E+02  1.1223E-04  3.5150E+04
   #    874325  1.1702E+02  1.1226E-04  3.5180E+04
   #    874696  1.1707E+02  1.1230E-04  3.5210E+04
   #    875067  1.1711E+02  1.1233E-04  3.5240E+04
   #    875429  1.1715E+02  1.1236E-04  3.5270E+04
   #    875801  1.1719E+02  1.1234E-04  3.5300E+04
   #    876173  1.1723E+02  1.1229E-04  3.5330E+04
   #    876543  1.1727E+02  1.1213E-04  3.5360E+04
   #    876914  1.1731E+02  1.1192E-04  3.5390E+04
   #    877276  1.1735E+02  1.1170E-04  3.5420E+04
   #    877636  1.1739E+02  1.1142E-04  3.5450E+04
   #    878007  1.1744E+02  1.1110E-04  3.5480E+04
   #    878378  1.1748E+02  1.1074E-04  3.5510E+04
   #    878740  1.1752E+02  1.1046E-04  3.5540E+04
   #    879110  1.1756E+02  1.1022E-04  3.5570E+04
   #    879482  1.1760E+02  1.1007E-04  3.5600E+04
   #    879854  1.1764E+02  1.0988E-04  3.5630E+04
   #    880225  1.1768E+02  1.0978E-04  3.5660E+04
   #    880586  1.1772E+02  1.0971E-04  3.5690E+04
   #    880958  1.1776E+02  1.0961E-04  3.5720E+04
   #    881330  1.1780E+02  1.0946E-04  3.5750E+04
   #    881690  1.1784E+02  1.0933E-04  3.5780E+04
   #    882061  1.1788E+02  1.0914E-04  3.5810E+04
   #    882423  1.1792E+02  1.0900E-04  3.5840E+04
   #    882795  1.1796E+02  1.0885E-04  3.5870E+04
   #    883167  1.1800E+02  1.0870E-04  3.5901E+04
   #    883539  1.1804E+02  1.0853E-04  3.5931E+04
   #    883910  1.1808E+02  1.0842E-04  3.5961E+04
   #    884269  1.1812E+02  1.0836E-04  3.5991E+04
   #    884640  1.1816E+02  1.0833E-04  3.6021E+04
   #    885012  1.1820E+02  1.0833E-04  3.6051E+04
   #    885384  1.1824E+02  1.0840E-04  3.6081E+04
   #    885744  1.1828E+02  1.0846E-04  3.6111E+04
   #    886105  1.1832E+02  1.0849E-04  3.6141E+04
   #    886475  1.1836E+02  1.0853E-04  3.6171E+04
   #    886846  1.1840E+02  1.0853E-04  3.6201E+04
   #    887216  1.1844E+02  1.0855E-04  3.6231E+04
   #    887586  1.1848E+02  1.0859E-04  3.6261E+04
   #    887949  1.1852E+02  1.0863E-04  3.6291E+04
   #    888319  1.1856E+02  1.0871E-04  3.6321E+04
   #    888691  1.1860E+02  1.0879E-04  3.6351E+04
   #    889062  1.1864E+02  1.0887E-04  3.6381E+04
   #    889434  1.1868E+02  1.0892E-04  3.6411E+04
   #    889785  1.1872E+02  1.0899E-04  3.6441E+04
   #    890156  1.1876E+02  1.0905E-04  3.6471E+04
   #    890527  1.1880E+02  1.0912E-04  3.6501E+04
   #    890896  1.1884E+02  1.0920E-04  3.6531E+04
   #    891260  1.1888E+02  1.0928E-04  3.6561E+04
   #    891613  1.1892E+02  1.0938E-04  3.6592E+04
   #    891977  1.1896E+02  1.0949E-04  3.6622E+04
   #    892341  1.1900E+02  1.0960E-04  3.6652E+04
   #    892705  1.1904E+02  1.0970E-04  3.6682E+04
   #    893069  1.1908E+02  1.0979E-04  3.6712E+04
   #    893418  1.1912E+02  1.0986E-04  3.6742E+04
   #    893775  1.1916E+02  1.0991E-04  3.6772E+04
   #    894136  1.1920E+02  1.0991E-04  3.6802E+04
   #    894496  1.1924E+02  1.0982E-04  3.6832E+04
   #    894856  1.1928E+02  1.0962E-04  3.6862E+04
   #    895216  1.1931E+02  1.0936E-04  3.6892E+04
   #    895567  1.1935E+02  1.0912E-04  3.6922E+04
   #    895926  1.1939E+02  1.0890E-04  3.6952E+04
   #    896286  1.1943E+02  1.0869E-04  3.6982E+04
   #    896646  1.1947E+02  1.0847E-04  3.7012E+04
   #    897005  1.1951E+02  1.0825E-04  3.7042E+04
   #    897345  1.1955E+02  1.0800E-04  3.7072E+04
   #    897705  1.1959E+02  1.0775E-04  3.7102E+04
   #    898064  1.1962E+02  1.0751E-04  3.7132E+04
   #    898423  1.1966E+02  1.0733E-04  3.7162E+04
   #    898786  1.1970E+02  1.0721E-04  3.7192E+04
   #    899146  1.1974E+02  1.0715E-04  3.7222E+04
   #    899517  1.1978E+02  1.0713E-04  3.7253E+04
   #    899888  1.1982E+02  1.0711E-04  3.7283E+04
   #    900260  1.1986E+02  1.0708E-04  3.7313E+04
   #    900633  1.1990E+02  1.0704E-04  3.7343E+04
   #    900997  1.1994E+02  1.0697E-04  3.7373E+04
   #    901359  1.1998E+02  1.0689E-04  3.7403E+04
   #    901731  1.2002E+02  1.0684E-04  3.7433E+04
   #    902104  1.2006E+02  1.0675E-04  3.7463E+04
   #    902477  1.2010E+02  1.0660E-04  3.7493E+04
   #    902841  1.2013E+02  1.0644E-04  3.7523E+04
   #    903214  1.2017E+02  1.0635E-04  3.7553E+04
   #    903588  1.2021E+02  1.0628E-04  3.7583E+04
   #    903965  1.2025E+02  1.0627E-04  3.7613E+04
   #    904342  1.2029E+02  1.0633E-04  3.7643E+04
   #    904710  1.2033E+02  1.0646E-04  3.7673E+04
   #    905087  1.2037E+02  1.0655E-04  3.7703E+04
   #    905455  1.2041E+02  1.0669E-04  3.7733E+04
   #    905834  1.2045E+02  1.0681E-04  3.7763E+04
   #    906213  1.2049E+02  1.0695E-04  3.7793E+04
   #    906584  1.2053E+02  1.0713E-04  3.7823E+04
   #    906965  1.2057E+02  1.0722E-04  3.7853E+04
   #    907346  1.2062E+02  1.0731E-04  3.7883E+04
   #    907727  1.2066E+02  1.0740E-04  3.7914E+04
   #    908108  1.2070E+02  1.0756E-04  3.7944E+04
   #    908481  1.2074E+02  1.0768E-04  3.7974E+04
   #    908863  1.2078E+02  1.0773E-04  3.8004E+04
   #    909245  1.2082E+02  1.0778E-04  3.8034E+04
   #    909615  1.2086E+02  1.0784E-04  3.8064E+04
   #    909997  1.2090E+02  1.0794E-04  3.8094E+04
   #    910370  1.2094E+02  1.0807E-04  3.8124E+04
   #    910752  1.2098E+02  1.0819E-04  3.8154E+04
   #    911133  1.2102E+02  1.0830E-04  3.8184E+04
   #    911515  1.2106E+02  1.0841E-04  3.8214E+04
   #    911896  1.2111E+02  1.0851E-04  3.8244E+04
   #    912269  1.2115E+02  1.0853E-04  3.8274E+04
   #    912651  1.2119E+02  1.0847E-04  3.8304E+04
   #    913033  1.2123E+02  1.0833E-04  3.8334E+04
   #    913414  1.2127E+02  1.0817E-04  3.8364E+04
   #    913784  1.2131E+02  1.0803E-04  3.8394E+04
   #    914157  1.2135E+02  1.0785E-04  3.8424E+04
   #    914541  1.2139E+02  1.0769E-04  3.8454E+04
   #    914925  1.2143E+02  1.0754E-04  3.8485E+04
   #    915309  1.2147E+02  1.0739E-04  3.8515E+04
   #    915693  1.2152E+02  1.0725E-04  3.8545E+04
   #    916067  1.2156E+02  1.0710E-04  3.8575E+04
   #    916451  1.2160E+02  1.0695E-04  3.8605E+04
   #    916835  1.2164E+02  1.0680E-04  3.8635E+04
   #    917222  1.2168E+02  1.0668E-04  3.8665E+04
   #    917593  1.2172E+02  1.0659E-04  3.8695E+04
   #    917976  1.2176E+02  1.0654E-04  3.8725E+04
   #    918364  1.2180E+02  1.0654E-04  3.8755E+04
   #    918751  1.2184E+02  1.0653E-04  3.8785E+04
   #    919138  1.2188E+02  1.0656E-04  3.8815E+04
   #    919515  1.2192E+02  1.0663E-04  3.8845E+04
   #    919900  1.2196E+02  1.0672E-04  3.8875E+04
   #    920281  1.2201E+02  1.0666E-04  3.8905E+04
   #    920662  1.2205E+02  1.0646E-04  3.8935E+04
   #    921043  1.2209E+02  1.0625E-04  3.8965E+04
   #    921416  1.2213E+02  1.0602E-04  3.8995E+04
   #    921786  1.2217E+02  1.0589E-04  3.9025E+04
   #    922169  1.2221E+02  1.0588E-04  3.9055E+04
   #    922550  1.2225E+02  1.0596E-04  3.9085E+04
   #    922931  1.2229E+02  1.0610E-04  3.9115E+04
   #    923305  1.2233E+02  1.0632E-04  3.9145E+04
   #    923686  1.2237E+02  1.0655E-04  3.9175E+04
   #    924067  1.2241E+02  1.0677E-04  3.9205E+04
   #    924448  1.2245E+02  1.0698E-04  3.9235E+04
   #    924829  1.2249E+02  1.0719E-04  3.9265E+04
   #    925201  1.2253E+02  1.0742E-04  3.9295E+04
   #    925582  1.2257E+02  1.0770E-04  3.9325E+04
   #    925951  1.2261E+02  1.0791E-04  3.9355E+04
   #    926332  1.2265E+02  1.0810E-04  3.9385E+04
   #    926713  1.2269E+02  1.0832E-04  3.9416E+04
   #    927085  1.2273E+02  1.0848E-04  3.9446E+04
   #    927466  1.2277E+02  1.0861E-04  3.9476E+04
   #    927847  1.2281E+02  1.0879E-04  3.9506E+04
   #    928227  1.2286E+02  1.0896E-04  3.9536E+04
   #    928606  1.2290E+02  1.0913E-04  3.9566E+04
######################## JOB EFFICIENCY REPORT ########################
# WARNING: The efficiency report has not been generated               #
#          because the job has not ended gracefully.                  #
#######################################################################
