 -----------------------------------------------------------------------------
 -----------------------------------------------------------------------------
 |         __  __ ____ ___        _    __  __ ______     ___    ____         |
 |        |  \/  |  _ \_ _|      / \  |  \/  |  _ \ \   / / \  / ___|        |
 |        | |\/| | |_) | |_____ / _ \ | |\/| | |_) \ \ / / _ \| |            |
 |        | |  | |  __/| |_____/ ___ \| |  | |  _ < \ V / ___ \ |___         |
 |        |_|  |_|_|  |___|   /_/   \_\_|  |_|_| \_\ \_/_/   \_\____|        |
 -----------------------------------------------------------------------------
 -----------------------------------------------------------------------------
 Spitzer HD par:   0.21633973559351147     
 Reading amrvac.par
 
 Output type | tsavestart |  dtsave   | ditsave | itsave(1) | tsave(1)
         log | 0.000E+00  | 0.100E+00 | ******  |      0    | *********
      normal | 0.000E+00  | 0.233E+00 | ******  |      0    | *********
       slice | 0.000E+00  | ********* | ******  | ******    | *********
   collapsed | 0.000E+00  | ********* | ******  | ******    | *********
    analysis | 0.000E+00  | ********* | ******  | ******    | *********
 
         Domain size (cells): 1536 
                Level one dx: 0.286E+00 
           Refine estimation: Lohner's scheme
 Note, Grid is reconstructed once every           3 iterations
           restart_from_file:  undefined
                  converting: F

 -------------------------------------------------------------------------------
 Startup phase took :             2.430 sec
 -------------------------------------------------------------------------------
 Start integrating, print status every  3.00E+01 seconds
   #        it        time          dt  wc-time(s)
   #         0  0.0000E+00  2.2167E-04  4.8520E-03
   #     16829  1.3291E+00  6.7405E-06  3.0005E+01
   #     33503  1.4309E+00  5.6394E-06  6.0005E+01
   #     49830  1.5180E+00  5.2248E-06  9.0009E+01
   #     65595  1.5981E+00  4.9549E-06  1.2001E+02
   #     81414  1.6900E+00  8.8095E-06  1.5001E+02
   #     97454  1.8288E+00  8.6368E-06  1.8001E+02
   #    113679  2.0121E+00  1.5983E-05  2.1002E+02
   #    129684  2.2702E+00  1.6420E-05  2.4002E+02
   #    146064  2.5475E+00  1.7402E-05  2.7003E+02
   #    162657  2.8420E+00  1.8065E-05  3.0003E+02
   #    179223  3.1453E+00  1.8538E-05  3.3003E+02
   #    195699  3.4539E+00  1.8906E-05  3.6003E+02
   #    212064  3.7657E+00  1.9203E-05  3.9003E+02
   #    228575  4.0849E+00  1.9461E-05  4.2003E+02
   #    245079  4.4079E+00  1.9680E-05  4.5004E+02
   #    261768  4.7381E+00  1.9894E-05  4.8004E+02
   #    278436  5.0714E+00  2.0101E-05  5.1004E+02
   #    294678  5.3995E+00  2.0305E-05  5.4007E+02
   #    310827  5.7365E+00  4.1044E-05  5.7007E+02
   #    327333  6.2204E+00  2.2894E-05  6.0007E+02
   #    343995  6.6011E+00  2.2976E-05  6.3007E+02
   #    360588  6.9818E+00  2.3018E-05  6.6007E+02
   #    377310  7.3682E+00  2.3138E-05  6.9007E+02
   #    394092  7.7577E+00  2.3227E-05  7.2007E+02
   #    410919  8.1513E+00  2.3369E-05  7.5007E+02
   #    427590  8.3680E+00  1.2085E-05  7.8007E+02
   #    444216  8.5673E+00  1.1932E-05  8.1008E+02
   #    460626  8.7634E+00  1.2037E-05  8.4008E+02
   #    476535  8.9541E+00  1.1951E-05  8.7008E+02
   #    493290  9.1551E+00  1.2023E-05  9.0008E+02
   #    510045  9.3102E+00  6.0287E-06  9.3008E+02
   #    526650  9.4256E+00  6.0379E-06  9.6009E+02
   #    543210  9.5257E+00  6.0691E-06  9.9009E+02
   #    559791  9.6260E+00  6.0352E-06  1.0201E+03
   #    576528  9.7273E+00  6.0563E-06  1.0501E+03
   #    593006  9.8269E+00  6.0394E-06  1.0801E+03
   #    609630  9.9277E+00  6.0507E-06  1.1101E+03
   #    626340  1.0029E+01  6.0759E-06  1.1401E+03
   #    642780  1.0129E+01  6.0489E-06  1.1701E+03
   #    658725  1.0225E+01  6.0685E-06  1.2001E+03
   #    675291  1.0326E+01  6.0541E-06  1.2301E+03
   #    691830  1.0426E+01  6.0632E-06  1.2601E+03
   #    708561  1.0527E+01  6.0856E-06  1.2901E+03
   #    725190  1.0628E+01  6.0620E-06  1.3201E+03
   #    741702  1.0728E+01  6.0759E-06  1.3501E+03
   #    758241  1.0829E+01  6.0635E-06  1.3801E+03
   #    774810  1.0929E+01  6.0740E-06  1.4101E+03
   #    791406  1.1030E+01  6.0688E-06  1.4401E+03
   #    807990  1.1131E+01  6.0737E-06  1.4701E+03
   #    824505  1.1231E+01  6.0725E-06  1.5001E+03
   #    840381  1.1328E+01  6.0764E-06  1.5301E+03
   #    857084  1.1429E+01  6.0838E-06  1.5601E+03
   #    873609  1.1530E+01  6.0781E-06  1.5901E+03
   #    890052  1.1630E+01  6.0792E-06  1.6201E+03
   #    906624  1.1730E+01  6.0745E-06  1.6501E+03
   #    923208  1.1831E+01  6.0883E-06  1.6801E+03
   #    939822  1.1932E+01  6.0752E-06  1.7101E+03
   #    956421  1.2032E+01  6.0122E-06  1.7401E+03
   #    973017  1.2132E+01  5.9967E-06  1.7702E+03
   #    989571  1.2232E+01  6.0532E-06  1.8002E+03
   #   1006164  1.2332E+01  6.0870E-06  1.8302E+03
   #   1022090  1.2430E+01  6.1000E-06  1.8602E+03
   #   1038651  1.2531E+01  6.1022E-06  1.8902E+03
   #   1055190  1.2632E+01  6.1044E-06  1.9202E+03
   #   1071725  1.2732E+01  6.1071E-06  1.9502E+03
   #   1088316  1.2834E+01  6.1097E-06  1.9802E+03
   #   1104905  1.2935E+01  6.1128E-06  2.0102E+03
   #   1121458  1.3036E+01  6.1162E-06  2.0402E+03
   #   1138050  1.3138E+01  6.1183E-06  2.0702E+03
   #   1154643  1.3239E+01  6.1216E-06  2.1002E+03
   #   1171227  1.3341E+01  6.1248E-06  2.1302E+03
   #   1187829  1.3443E+01  6.1283E-06  2.1602E+03
   #   1203732  1.3540E+01  6.1310E-06  2.1902E+03
   #   1220343  1.3642E+01  6.1346E-06  2.2202E+03
   #   1236924  1.3744E+01  6.1389E-06  2.2502E+03
   #   1253496  1.3846E+01  6.1418E-06  2.2802E+03
   #   1270027  1.3947E+01  6.1452E-06  2.3102E+03
   #   1286601  1.4049E+01  6.1488E-06  2.3402E+03
   #   1303134  1.4151E+01  6.1524E-06  2.3702E+03
   #   1319664  1.4252E+01  6.1564E-06  2.4002E+03
   #   1336194  1.4354E+01  6.1604E-06  2.4302E+03
   #   1352751  1.4456E+01  6.1645E-06  2.4602E+03
   #   1368984  1.4556E+01  6.1690E-06  2.4902E+03
   #   1385253  1.4657E+01  6.1719E-06  2.5202E+03
   #   1401885  1.4759E+01  6.1761E-06  2.5502E+03
   #   1418502  1.4862E+01  6.1802E-06  2.5802E+03
   #   1435098  1.4965E+01  6.1844E-06  2.6102E+03
   #   1451715  1.5067E+01  6.1879E-06  2.6402E+03
   #   1468344  1.5170E+01  6.1923E-06  2.6702E+03
   #   1484937  1.5273E+01  6.1973E-06  2.7002E+03
   #   1501539  1.5376E+01  6.2008E-06  2.7302E+03
   #   1518159  1.5479E+01  6.2053E-06  2.7602E+03
   #   1534794  1.5582E+01  6.2096E-06  2.7902E+03
   #   1550700  1.5681E+01  6.2134E-06  2.8202E+03
   #   1567338  1.5785E+01  6.2177E-06  2.8502E+03
   #   1583943  1.5888E+01  6.2222E-06  2.8802E+03
   #   1600518  1.5991E+01  6.2273E-06  2.9102E+03
   #   1617057  1.6094E+01  6.2312E-06  2.9402E+03
   #   1633626  1.6197E+01  6.2353E-06  2.9702E+03
   #   1650186  1.6301E+01  6.2396E-06  3.0002E+03
   #   1666737  1.6404E+01  6.2438E-06  3.0302E+03
   #   1683342  1.6508E+01  6.2483E-06  3.0602E+03
   #   1699941  1.6611E+01  6.2528E-06  3.0902E+03
   #   1716468  1.6715E+01  6.2576E-06  3.1202E+03
   #   1732329  1.6814E+01  6.2626E-06  3.1502E+03
   #   1748904  1.6918E+01  6.2661E-06  3.1802E+03
   #   1765500  1.7022E+01  6.2706E-06  3.2102E+03
   #   1782093  1.7126E+01  6.2751E-06  3.2403E+03
   #   1798701  1.7230E+01  6.2799E-06  3.2703E+03
   #   1815324  1.7335E+01  6.2844E-06  3.3003E+03
   #   1831971  1.7439E+01  6.2892E-06  3.3303E+03
   #   1848588  1.7544E+01  6.2943E-06  3.3603E+03
   #   1865202  1.7648E+01  6.2980E-06  3.3903E+03
   #   1881828  1.7753E+01  6.3026E-06  3.4203E+03
   #   1898469  1.7858E+01  6.3071E-06  3.4503E+03
   #   1914367  1.7958E+01  6.3118E-06  3.4803E+03
   #   1930980  1.8063E+01  6.3160E-06  3.5103E+03
   #   1947573  1.8168E+01  6.3207E-06  3.5403E+03
   #   1964169  1.8273E+01  6.3259E-06  3.5703E+03
   #   1980771  1.8378E+01  6.3303E-06  3.6003E+03
   #   1997418  1.8484E+01  6.3350E-06  3.6303E+03
   #   2014071  1.8589E+01  6.3395E-06  3.6603E+03
   #   2030721  1.8695E+01  6.3438E-06  3.6903E+03
   #   2047299  1.8800E+01  6.3486E-06  3.7203E+03
   #   2063910  1.8905E+01  6.3533E-06  3.7503E+03
   #   2080535  1.9011E+01  6.3583E-06  3.7803E+03
   #   2096502  1.9113E+01  6.3633E-06  3.8103E+03
   #   2113128  1.9218E+01  6.3671E-06  3.8403E+03
   #   2129744  1.9324E+01  6.3719E-06  3.8703E+03
   #   2146317  1.9430E+01  6.3765E-06  3.9003E+03
   #   2160823  1.9522E+01  6.3807E-06  3.9303E+03
   #   2175271  1.9615E+01  6.3845E-06  3.9603E+03
   #   2189748  1.9707E+01  6.3888E-06  3.9903E+03
   #   2204292  1.9800E+01  6.3932E-06  4.0203E+03
   #   2218785  1.9893E+01  6.3977E-06  4.0503E+03
   #   2233311  1.9986E+01  6.4011E-06  4.0803E+03
   #   2247852  2.0079E+01  6.4052E-06  4.1103E+03
   #   2261784  2.0168E+01  6.4090E-06  4.1403E+03
   #   2276295  2.0261E+01  6.4133E-06  4.1703E+03
   #   2290818  2.0354E+01  6.4173E-06  4.2003E+03
   #   2305338  2.0447E+01  6.4215E-06  4.2303E+03
   #   2319852  2.0541E+01  6.4256E-06  4.2603E+03
   #   2334366  2.0634E+01  6.4305E-06  4.2903E+03
   #   2348904  2.0727E+01  6.4338E-06  4.3203E+03
   #   2363418  2.0821E+01  6.4378E-06  4.3503E+03
   #   2377944  2.0914E+01  6.4419E-06  4.3803E+03
   #   2392416  2.1008E+01  6.4460E-06  4.4103E+03
   #   2406633  2.1099E+01  6.4505E-06  4.4403E+03
   #   2420907  2.1191E+01  6.4538E-06  4.4703E+03
   #   2435457  2.1285E+01  6.4584E-06  4.5003E+03
   #   2450006  2.1379E+01  6.4628E-06  4.5303E+03
   #   2464554  2.1473E+01  6.4670E-06  4.5603E+03
   #   2479137  2.1568E+01  6.4705E-06  4.5903E+03
   #   2493708  2.1662E+01  6.4750E-06  4.6204E+03
   #   2508264  2.1756E+01  6.4787E-06  4.6504E+03
   #   2522783  2.1850E+01  6.4833E-06  4.6804E+03
   #   2537294  2.1944E+01  6.4869E-06  4.7104E+03
   #   2551779  2.2038E+01  6.4913E-06  4.7404E+03
   #   2565638  2.2128E+01  6.4956E-06  4.7704E+03
   #   2580155  2.2223E+01  6.5001E-06  4.8004E+03
   #   2594691  2.2317E+01  6.5035E-06  4.8304E+03
   #   2609229  2.2412E+01  6.5076E-06  4.8604E+03
   #   2623803  2.2507E+01  6.5115E-06  4.8904E+03
   #   2638282  2.2601E+01  6.5158E-06  4.9204E+03
   #   2652744  2.2695E+01  6.5198E-06  4.9504E+03
   #   2667249  2.2790E+01  6.5237E-06  4.9804E+03
   #   2681742  2.2884E+01  6.5281E-06  5.0104E+03
   #   2696244  2.2979E+01  6.5329E-06  5.0404E+03
   #   2710728  2.3074E+01  6.5362E-06  5.0704E+03
   #   2724576  2.3164E+01  6.5401E-06  5.1004E+03
   #   2739061  2.3259E+01  6.5443E-06  5.1304E+03
   #   2753547  2.3354E+01  6.5482E-06  5.1604E+03
   #   2768083  2.3449E+01  6.5526E-06  5.1904E+03
   #   2782599  2.3544E+01  6.5563E-06  5.2204E+03
   #   2797110  2.3639E+01  6.5608E-06  5.2504E+03
   #   2811603  2.3735E+01  6.5651E-06  5.2804E+03
   #   2826072  2.3830E+01  6.5694E-06  5.3104E+03
   #   2840550  2.3925E+01  6.5728E-06  5.3404E+03
   #   2855017  2.4020E+01  6.5772E-06  5.3704E+03
   #   2869530  2.4115E+01  6.5809E-06  5.4004E+03
######################## JOB EFFICIENCY REPORT ########################
# WARNING: The efficiency report has not been generated               #
#          because the job has not ended gracefully.                  #
#######################################################################
