 -----------------------------------------------------------------------------
 -----------------------------------------------------------------------------
 |         __  __ ____ ___        _    __  __ ______     ___    ____         |
 |        |  \/  |  _ \_ _|      / \  |  \/  |  _ \ \   / / \  / ___|        |
 |        | |\/| | |_) | |_____ / _ \ | |\/| | |_) \ \ / / _ \| |            |
 |        | |  | |  __/| |_____/ ___ \| |  | |  _ < \ V / ___ \ |___         |
 |        |_|  |_|_|  |___|   /_/   \_\_|  |_|_| \_\ \_/_/   \_\____|        |
 -----------------------------------------------------------------------------
 -----------------------------------------------------------------------------
 Spitzer MHD: par:   0.21633973559351147       ,perp:    2.1685795904764041E-011
 Combination of Colgan (2008) for high temperatures and
 Dalgarno & McCray (1972), DM2, for low temperatures
 Reading amrvac.par
 
 Output type | tsavestart |  dtsave   | ditsave | itsave(1) | tsave(1)
         log | 0.000E+00  | 0.100E+00 | ******  |      0    | *********
      normal | 0.000E+00  | 0.200E+00 | ******  |      0    | *********
       slice | 0.000E+00  | ********* | ******  | ******    | *********
   collapsed | 0.000E+00  | ********* | ******  | ******    | *********
    analysis | 0.000E+00  | ********* | ******  | ******    | *********
 
         Domain size (cells): 96 48 
                Level one dx: 0.208E+00 0.208E+00 
           Refine estimation: Lohner's scheme
 Note, Grid is reconstructed once every           3 iterations
           restart_from_file:  output/solar_atm_a0129.dat
                  converting: F

 minra  0.10256244189917035     
 rhob   7382.7014817162089     
 pb   59.061613380997102     
 nw=          11  and nw found in restart file=           8
 Please be aware of changes in w at restart.
 Using TRACL(ine) method with a mask
 By default, magnetic field lines are traced every 4 grid cells
 NOTE:  2D TRAC method take the y-dir == grav-dir
 Memory requirement for each processor in TRAC:
           1  MB
 -------------------------------------------------------------------------------
 Startup phase took :             0.145 sec
 -------------------------------------------------------------------------------
 Start integrating, print status every  3.00E+01 seconds
   #        it        time          dt  wc-time(s)
   #    428251  6.4500E+01  1.3315E-04  1.8185E-02
   #    428554  6.4540E+01  1.3302E-04  3.0085E+01
   #    428853  6.4580E+01  1.3286E-04  6.0160E+01
   #    429116  6.4615E+01  1.3268E-04  9.0164E+01
   #    429424  6.4656E+01  1.3252E-04  1.2023E+02
   #    429700  6.4692E+01  1.3250E-04  1.5038E+02
   #    429973  6.4728E+01  1.3253E-04  1.8047E+02
   #    430265  6.4767E+01  1.3259E-04  2.1052E+02
   #    430571  6.4808E+01  1.3272E-04  2.4060E+02
   #    430896  6.4851E+01  1.3287E-04  2.7066E+02
   #    431193  6.4890E+01  1.3301E-04  3.0073E+02
   #    431486  6.4929E+01  1.3311E-04  3.3076E+02
   #    431794  6.4970E+01  1.3318E-04  3.6118E+02
   #    432099  6.5011E+01  1.3323E-04  3.9119E+02
   #    432394  6.5050E+01  1.3333E-04  4.2120E+02
   #    432703  6.5091E+01  1.3347E-04  4.5122E+02
   #    433020  6.5134E+01  1.3362E-04  4.8131E+02
   #    433318  6.5173E+01  1.3377E-04  5.1137E+02
   #    433621  6.5214E+01  1.3390E-04  5.4146E+02
   #    433957  6.5259E+01  1.3389E-04  5.7152E+02
   #    434290  6.5303E+01  1.3379E-04  6.0155E+02
   #    434623  6.5348E+01  1.3367E-04  6.3163E+02
   #    434945  6.5391E+01  1.3356E-04  6.6164E+02
   #    435276  6.5435E+01  1.3346E-04  6.9164E+02
   #    435592  6.5477E+01  1.3333E-04  7.2173E+02
   #    435914  6.5520E+01  1.3318E-04  7.5184E+02
   #    436238  6.5563E+01  1.3303E-04  7.8191E+02
   #    436577  6.5608E+01  1.3293E-04  8.1193E+02
   #    436896  6.5651E+01  1.3291E-04  8.4199E+02
   #    437239  6.5696E+01  1.3299E-04  8.7199E+02
   #    437564  6.5739E+01  1.3301E-04  9.0207E+02
   #    437899  6.5784E+01  1.3298E-04  9.3214E+02
   #    438204  6.5824E+01  1.3293E-04  9.6221E+02
   #    438521  6.5866E+01  1.3285E-04  9.9222E+02
   #    438833  6.5908E+01  1.3274E-04  1.0223E+03
   #    439131  6.5947E+01  1.3261E-04  1.0523E+03
   #    439423  6.5986E+01  1.3245E-04  1.0824E+03
   #    439698  6.6022E+01  1.3233E-04  1.1124E+03
   #    439958  6.6057E+01  1.3227E-04  1.1425E+03
   #    440219  6.6091E+01  1.3220E-04  1.1727E+03
   #    440487  6.6127E+01  1.3212E-04  1.2027E+03
   #    440767  6.6164E+01  1.3194E-04  1.2327E+03
   #    441034  6.6199E+01  1.3165E-04  1.2628E+03
   #    441297  6.6233E+01  1.3138E-04  1.2929E+03
   #    441565  6.6269E+01  1.3113E-04  1.3229E+03
   #    441816  6.6301E+01  1.3091E-04  1.3532E+03
   #    442106  6.6339E+01  1.3071E-04  1.3832E+03
   #    442367  6.6373E+01  1.3061E-04  1.4133E+03
   #    442610  6.6405E+01  1.3057E-04  1.4433E+03
   #    442863  6.6438E+01  1.3055E-04  1.4739E+03
   #    443135  6.6474E+01  1.3052E-04  1.5039E+03
   #    443412  6.6510E+01  1.3048E-04  1.5339E+03
   #    443673  6.6544E+01  1.3043E-04  1.5643E+03
   #    443970  6.6582E+01  1.3035E-04  1.5943E+03
   #    444257  6.6620E+01  1.3017E-04  1.6244E+03
   #    444552  6.6658E+01  1.2983E-04  1.6544E+03
   #    444852  6.6697E+01  1.2947E-04  1.6845E+03
   #    445184  6.6740E+01  1.2920E-04  1.7145E+03
   #    445510  6.6782E+01  1.2904E-04  1.7446E+03
   #    445834  6.6824E+01  1.2895E-04  1.7747E+03
   #    446173  6.6867E+01  1.2893E-04  1.8047E+03
   #    446508  6.6911E+01  1.2897E-04  1.8347E+03
   #    446835  6.6953E+01  1.2902E-04  1.8648E+03
   #    447169  6.6996E+01  1.2905E-04  1.8948E+03
   #    447495  6.7038E+01  1.2900E-04  1.9249E+03
   #    447828  6.7081E+01  1.2886E-04  1.9550E+03
   #    448167  6.7124E+01  1.2873E-04  1.9850E+03
   #    448503  6.7168E+01  1.2861E-04  2.0151E+03
   #    448834  6.7210E+01  1.2855E-04  2.0451E+03
   #    449173  6.7254E+01  1.2859E-04  2.0752E+03
   #    449503  6.7296E+01  1.2868E-04  2.1053E+03
   #    449840  6.7339E+01  1.2882E-04  2.1353E+03
   #    450168  6.7382E+01  1.2898E-04  2.1654E+03
   #    450479  6.7422E+01  1.2912E-04  2.1954E+03
   #    450768  6.7459E+01  1.2924E-04  2.2265E+03
   #    451058  6.7497E+01  1.2927E-04  2.2565E+03
   #    451338  6.7533E+01  1.2923E-04  2.2865E+03
   #    451604  6.7567E+01  1.2913E-04  2.3170E+03
   #    451821  6.7595E+01  1.2906E-04  2.3471E+03
   #    452062  6.7626E+01  1.2900E-04  2.3772E+03
   #    452285  6.7655E+01  1.2895E-04  2.4072E+03
   #    452534  6.7687E+01  1.2891E-04  2.4373E+03
   #    452779  6.7718E+01  1.2888E-04  2.4674E+03
   #    452986  6.7745E+01  1.2887E-04  2.4975E+03
   #    453246  6.7778E+01  1.2888E-04  2.5275E+03
   #    453523  6.7814E+01  1.2889E-04  2.5575E+03
   #    453753  6.7844E+01  1.2891E-04  2.5875E+03
   #    454003  6.7876E+01  1.2894E-04  2.6176E+03
   #    454230  6.7905E+01  1.2896E-04  2.6477E+03
   #    454460  6.7935E+01  1.2896E-04  2.6778E+03
   #    454670  6.7962E+01  1.2894E-04  2.7078E+03
   #    454871  6.7988E+01  1.2892E-04  2.7379E+03
   #    455079  6.8015E+01  1.2888E-04  2.7679E+03
   #    455359  6.8051E+01  1.2883E-04  2.7979E+03
   #    455647  6.8088E+01  1.2876E-04  2.8280E+03
   #    455936  6.8125E+01  1.2868E-04  2.8581E+03
   #    456220  6.8162E+01  1.2861E-04  2.8881E+03
   #    456548  6.8204E+01  1.2851E-04  2.9181E+03
   #    456864  6.8244E+01  1.2842E-04  2.9482E+03
   #    457182  6.8285E+01  1.2832E-04  2.9782E+03
   #    457512  6.8327E+01  1.2819E-04  3.0083E+03
   #    457840  6.8369E+01  1.2804E-04  3.0384E+03
   #    458166  6.8411E+01  1.2789E-04  3.0685E+03
   #    458488  6.8452E+01  1.2774E-04  3.0985E+03
   #    458789  6.8491E+01  1.2761E-04  3.1286E+03
   #    459115  6.8532E+01  1.2750E-04  3.1586E+03
   #    459430  6.8572E+01  1.2744E-04  3.1887E+03
   #    459755  6.8614E+01  1.2739E-04  3.2188E+03
   #    460070  6.8654E+01  1.2728E-04  3.2488E+03
   #    460388  6.8694E+01  1.2716E-04  3.2788E+03
   #    460705  6.8734E+01  1.2706E-04  3.3089E+03
   #    461015  6.8774E+01  1.2695E-04  3.3389E+03
   #    461329  6.8814E+01  1.2686E-04  3.3689E+03
   #    461631  6.8852E+01  1.2678E-04  3.3989E+03
   #    461935  6.8890E+01  1.2673E-04  3.4290E+03
   #    462238  6.8929E+01  1.2670E-04  3.4591E+03
   #    462551  6.8968E+01  1.2670E-04  3.4891E+03
   #    462871  6.9009E+01  1.2672E-04  3.5192E+03
   #    463183  6.9048E+01  1.2673E-04  3.5495E+03
   #    463489  6.9087E+01  1.2676E-04  3.5795E+03
   #    463813  6.9128E+01  1.2681E-04  3.6095E+03
   #    464126  6.9168E+01  1.2686E-04  3.6395E+03
   #    464440  6.9208E+01  1.2684E-04  3.6696E+03
   #    464754  6.9247E+01  1.2677E-04  3.6996E+03
   #    465067  6.9287E+01  1.2668E-04  3.7297E+03
   #    465327  6.9320E+01  1.2662E-04  3.7597E+03
   #    465638  6.9359E+01  1.2657E-04  3.7899E+03
   #    465924  6.9396E+01  1.2654E-04  3.8199E+03
   #    466244  6.9436E+01  1.2651E-04  3.8500E+03
   #    466549  6.9475E+01  1.2648E-04  3.8801E+03
   #    466843  6.9512E+01  1.2639E-04  3.9101E+03
   #    467150  6.9550E+01  1.2620E-04  3.9401E+03
   #    467455  6.9589E+01  1.2601E-04  3.9701E+03
   #    467768  6.9628E+01  1.2586E-04  4.0002E+03
   #    468071  6.9666E+01  1.2572E-04  4.0302E+03
   #    468379  6.9705E+01  1.2564E-04  4.0603E+03
   #    468684  6.9743E+01  1.2561E-04  4.0904E+03
   #    468991  6.9782E+01  1.2559E-04  4.1204E+03
   #    469276  6.9817E+01  1.2558E-04  4.1504E+03
   #    469590  6.9857E+01  1.2561E-04  4.1805E+03
   #    469895  6.9895E+01  1.2569E-04  4.2105E+03
   #    470197  6.9933E+01  1.2577E-04  4.2406E+03
   #    470509  6.9972E+01  1.2585E-04  4.2707E+03
   #    470803  7.0009E+01  1.2590E-04  4.3007E+03
   #    471106  7.0047E+01  1.2595E-04  4.3308E+03
   #    471409  7.0086E+01  1.2601E-04  4.3609E+03
   #    471721  7.0125E+01  1.2608E-04  4.3909E+03
   #    472027  7.0164E+01  1.2621E-04  4.4211E+03
   #    472335  7.0202E+01  1.2635E-04  4.4511E+03
   #    472642  7.0241E+01  1.2655E-04  4.4811E+03
   #    472957  7.0281E+01  1.2677E-04  4.5112E+03
   #    473272  7.0321E+01  1.2698E-04  4.5413E+03
   #    473583  7.0361E+01  1.2714E-04  4.5713E+03
   #    473899  7.0401E+01  1.2730E-04  4.6014E+03
   #    474221  7.0442E+01  1.2747E-04  4.6314E+03
   #    474547  7.0483E+01  1.2757E-04  4.6615E+03
   #    474868  7.0524E+01  1.2765E-04  4.6916E+03
   #    475182  7.0564E+01  1.2776E-04  4.7216E+03
   #    475504  7.0605E+01  1.2787E-04  4.7517E+03
   #    475828  7.0647E+01  1.2791E-04  4.7817E+03
   #    476150  7.0688E+01  1.2791E-04  4.8117E+03
   #    476466  7.0729E+01  1.2781E-04  4.8418E+03
   #    476791  7.0770E+01  1.2756E-04  4.8719E+03
   #    477114  7.0811E+01  1.2723E-04  4.9019E+03
   #    477433  7.0852E+01  1.2694E-04  4.9320E+03
   #    477747  7.0891E+01  1.2684E-04  4.9621E+03
   #    478017  7.0926E+01  1.2681E-04  4.9921E+03
   #    478335  7.0966E+01  1.2682E-04  5.0221E+03
   #    478653  7.1006E+01  1.2689E-04  5.0522E+03
   #    478970  7.1046E+01  1.2697E-04  5.0822E+03
   #    479293  7.1087E+01  1.2694E-04  5.1123E+03
   #    479602  7.1127E+01  1.2664E-04  5.1424E+03
   #    479927  7.1168E+01  1.2622E-04  5.1724E+03
   #    480231  7.1206E+01  1.2586E-04  5.2024E+03
   #    480549  7.1246E+01  1.2568E-04  5.2324E+03
   #    480857  7.1285E+01  1.2561E-04  5.2625E+03
   #    481165  7.1323E+01  1.2555E-04  5.2926E+03
   #    481466  7.1361E+01  1.2555E-04  5.3226E+03
   #    481760  7.1398E+01  1.2558E-04  5.3528E+03
   #    482056  7.1435E+01  1.2562E-04  5.3828E+03
   #    482358  7.1473E+01  1.2572E-04  5.4130E+03
   #    482667  7.1512E+01  1.2584E-04  5.4431E+03
   #    482953  7.1548E+01  1.2600E-04  5.4731E+03
   #    483243  7.1584E+01  1.2619E-04  5.5033E+03
   #    483542  7.1622E+01  1.2642E-04  5.5334E+03
   #    483830  7.1659E+01  1.2667E-04  5.5635E+03
   #    484103  7.1693E+01  1.2683E-04  5.5935E+03
   #    484407  7.1732E+01  1.2698E-04  5.6236E+03
   #    484707  7.1770E+01  1.2712E-04  5.6537E+03
   #    485004  7.1808E+01  1.2722E-04  5.6837E+03
   #    485298  7.1845E+01  1.2732E-04  5.7139E+03
   #    485590  7.1882E+01  1.2743E-04  5.7440E+03
   #    485878  7.1919E+01  1.2756E-04  5.7740E+03
   #    486187  7.1958E+01  1.2765E-04  5.8041E+03
   #    486480  7.1996E+01  1.2776E-04  5.8342E+03
   #    486765  7.2032E+01  1.2794E-04  5.8642E+03
   #    487074  7.2072E+01  1.2809E-04  5.8943E+03
   #    487397  7.2113E+01  1.2825E-04  5.9243E+03
   #    487709  7.2153E+01  1.2841E-04  5.9543E+03
   #    488030  7.2194E+01  1.2857E-04  5.9844E+03
   #    488339  7.2234E+01  1.2873E-04  6.0144E+03
   #    488650  7.2274E+01  1.2884E-04  6.0445E+03
   #    488970  7.2315E+01  1.2890E-04  6.0746E+03
   #    489283  7.2355E+01  1.2890E-04  6.1046E+03
   #    489602  7.2397E+01  1.2886E-04  6.1346E+03
   #    489896  7.2434E+01  1.2879E-04  6.1646E+03
   #    490223  7.2476E+01  1.2869E-04  6.1947E+03
   #    490546  7.2518E+01  1.2858E-04  6.2247E+03
   #    490874  7.2560E+01  1.2842E-04  6.2548E+03
   #    491193  7.2601E+01  1.2811E-04  6.2848E+03
   #    491521  7.2643E+01  1.2773E-04  6.3149E+03
   #    491849  7.2685E+01  1.2741E-04  6.3450E+03
   #    492173  7.2726E+01  1.2715E-04  6.3750E+03
   #    492497  7.2767E+01  1.2690E-04  6.4051E+03
   #    492826  7.2809E+01  1.2670E-04  6.4351E+03
   #    493124  7.2846E+01  1.2656E-04  6.4652E+03
   #    493433  7.2886E+01  1.2645E-04  6.4953E+03
   #    493739  7.2924E+01  1.2633E-04  6.5253E+03
   #    494035  7.2962E+01  1.2623E-04  6.5553E+03
   #    494318  7.2997E+01  1.2611E-04  6.5854E+03
   #    494610  7.3034E+01  1.2597E-04  6.6155E+03
   #    494915  7.3072E+01  1.2583E-04  6.6455E+03
   #    495214  7.3110E+01  1.2571E-04  6.6756E+03
   #    495508  7.3147E+01  1.2564E-04  6.7057E+03
   #    495809  7.3185E+01  1.2564E-04  6.7357E+03
   #    496099  7.3221E+01  1.2571E-04  6.7658E+03
   #    496406  7.3260E+01  1.2582E-04  6.7959E+03
   #    496707  7.3297E+01  1.2591E-04  6.8259E+03
   #    496997  7.3334E+01  1.2597E-04  6.8559E+03
   #    497300  7.3372E+01  1.2569E-04  6.8862E+03
   #    497605  7.3410E+01  1.2546E-04  6.9163E+03
   #    497905  7.3448E+01  1.2533E-04  6.9464E+03
   #    498202  7.3485E+01  1.2533E-04  6.9764E+03
   #    498498  7.3522E+01  1.2531E-04  7.0064E+03
   #    498791  7.3559E+01  1.2538E-04  7.0365E+03
   #    499094  7.3597E+01  1.2548E-04  7.0665E+03
   #    499397  7.3635E+01  1.2555E-04  7.0966E+03
   #    499687  7.3671E+01  1.2559E-04  7.1266E+03
   #    499986  7.3709E+01  1.2559E-04  7.1567E+03
   #    500290  7.3747E+01  1.2559E-04  7.1868E+03
   #    500601  7.3786E+01  1.2560E-04  7.2169E+03
   #    500906  7.3824E+01  1.2568E-04  7.2469E+03
   #    501205  7.3862E+01  1.2583E-04  7.2769E+03
   #    501507  7.3900E+01  5.4222E-08  7.3070E+03
   #    501809  7.3938E+01  1.2614E-04  7.3370E+03
   #    502084  7.3973E+01  1.2633E-04  7.3671E+03
   #    502386  7.4011E+01  1.2657E-04  7.3972E+03
   #    502694  7.4050E+01  1.2676E-04  7.4272E+03
   #    503002  7.4089E+01  1.2696E-04  7.4572E+03
   #    503310  7.4128E+01  1.2717E-04  7.4873E+03
   #    503618  7.4167E+01  1.2742E-04  7.5173E+03
   #    503914  7.4205E+01  1.2767E-04  7.5473E+03
   #    504221  7.4244E+01  1.2791E-04  7.5773E+03
   #    504517  7.4282E+01  1.2803E-04  7.6074E+03
   #    504824  7.4321E+01  1.2812E-04  7.6374E+03
   #    505125  7.4360E+01  1.2822E-04  7.6676E+03
   #    505426  7.4398E+01  1.2834E-04  7.6976E+03
   #    505731  7.4437E+01  1.2845E-04  7.7276E+03
   #    506023  7.4475E+01  1.2852E-04  7.7577E+03
   #    506329  7.4514E+01  1.2854E-04  7.7877E+03
   #    506632  7.4553E+01  1.2851E-04  7.8178E+03
   #    506934  7.4592E+01  1.2847E-04  7.8479E+03
   #    507240  7.4631E+01  1.2844E-04  7.8779E+03
   #    507541  7.4670E+01  1.2843E-04  7.9079E+03
   #    507845  7.4709E+01  1.2842E-04  7.9379E+03
   #    508164  7.4750E+01  1.2838E-04  7.9680E+03
   #    508471  7.4789E+01  1.2831E-04  7.9980E+03
   #    508765  7.4827E+01  1.2818E-04  8.0281E+03
   #    509076  7.4867E+01  1.2801E-04  8.0581E+03
   #    509379  7.4905E+01  1.2782E-04  8.0881E+03
   #    509681  7.4944E+01  1.2764E-04  8.1182E+03
   #    509986  7.4983E+01  1.2741E-04  8.1483E+03
   #    510282  7.5020E+01  1.2716E-04  8.1783E+03
   #    510544  7.5054E+01  1.2696E-04  8.2083E+03
   #    510797  7.5086E+01  1.2678E-04  8.2384E+03
   #    511058  7.5119E+01  1.2660E-04  8.2689E+03
   #    511271  7.5146E+01  1.2649E-04  8.2990E+03
   #    511496  7.5174E+01  1.2638E-04  8.3292E+03
   #    511740  7.5205E+01  1.2629E-04  8.3595E+03
   #    512011  7.5239E+01  1.2621E-04  8.3899E+03
   #    512209  7.5264E+01  1.2617E-04  8.4200E+03
   #    512411  7.5290E+01  1.2612E-04  8.4504E+03
   #    512675  7.5323E+01  1.2607E-04  8.4804E+03
   #    512938  7.5356E+01  1.2601E-04  8.5107E+03
   #    513157  7.5384E+01  1.2596E-04  8.5407E+03
   #    513360  7.5409E+01  1.2589E-04  8.5708E+03
   #    513581  7.5437E+01  1.2581E-04  8.6008E+03
   #    513816  7.5467E+01  1.2573E-04  8.6310E+03
   #    514035  7.5494E+01  1.2565E-04  8.6610E+03
   #    514234  7.5519E+01  1.2562E-04  8.6911E+03
   #    514495  7.5552E+01  1.2557E-04  8.7211E+03
   #    514748  7.5584E+01  1.2552E-04  8.7512E+03
   #    514969  7.5611E+01  1.2546E-04  8.7813E+03
   #    515232  7.5644E+01  1.2538E-04  8.8113E+03
   #    515512  7.5679E+01  1.2530E-04  8.8415E+03
   #    515803  7.5716E+01  1.2522E-04  8.8716E+03
   #    516082  7.5751E+01  1.2517E-04  8.9016E+03
   #    516359  7.5785E+01  1.2514E-04  8.9317E+03
   #    516622  7.5818E+01  1.2512E-04  8.9618E+03
   #    516898  7.5853E+01  1.2509E-04  8.9918E+03
   #    517162  7.5886E+01  1.2507E-04  9.0218E+03
   #    517442  7.5921E+01  1.2505E-04  9.0519E+03
   #    517701  7.5953E+01  1.2506E-04  9.0823E+03
   #    517969  7.5987E+01  1.2509E-04  9.1124E+03
   #    518233  7.6020E+01  1.2516E-04  9.1424E+03
   #    518507  7.6054E+01  1.2527E-04  9.1725E+03
   #    518770  7.6087E+01  1.2536E-04  9.2026E+03
   #    519026  7.6119E+01  1.2548E-04  9.2327E+03
   #    519307  7.6154E+01  1.2564E-04  9.2628E+03
   #    519597  7.6191E+01  1.2581E-04  9.2930E+03
   #    519871  7.6225E+01  1.2591E-04  9.3237E+03
   #    520152  7.6260E+01  1.2594E-04  9.3537E+03
   #    520425  7.6295E+01  1.2596E-04  9.3838E+03
   #    520662  7.6324E+01  1.2597E-04  9.4139E+03
   #    520911  7.6356E+01  1.2598E-04  9.4439E+03
   #    521186  7.6390E+01  1.2590E-04  9.4740E+03
   #    521474  7.6427E+01  1.2584E-04  9.5040E+03
   #    521741  7.6460E+01  1.2575E-04  9.5340E+03
   #    522032  7.6497E+01  1.2568E-04  9.5641E+03
   #    522322  7.6533E+01  1.2563E-04  9.5941E+03
   #    522597  7.6568E+01  1.2559E-04  9.6241E+03
   #    522878  7.6603E+01  1.2554E-04  9.6542E+03
   #    523141  7.6636E+01  1.2550E-04  9.6843E+03
   #    523443  7.6674E+01  1.2548E-04  9.7144E+03
   #    523710  7.6707E+01  1.2544E-04  9.7444E+03
   #    523988  7.6742E+01  1.2532E-04  9.7745E+03
   #    524291  7.6780E+01  1.2524E-04  9.8046E+03
   #    524568  7.6815E+01  1.2519E-04  9.8347E+03
   #    524858  7.6851E+01  1.2514E-04  9.8648E+03
   #    525145  7.6887E+01  1.2507E-04  9.8949E+03
   #    525432  7.6923E+01  1.2500E-04  9.9250E+03
   #    525731  7.6960E+01  1.2493E-04  9.9550E+03
   #    526037  7.6998E+01  1.2486E-04  9.9851E+03
   #    526330  7.7035E+01  1.2478E-04  1.0015E+04
   #    526621  7.7071E+01  1.2469E-04  1.0045E+04
   #    526912  7.7107E+01  1.2461E-04  1.0075E+04
   #    527207  7.7144E+01  1.2452E-04  1.0105E+04
   #    527504  7.7181E+01  1.2443E-04  1.0135E+04
   #    527795  7.7217E+01  1.2438E-04  1.0165E+04
   #    528093  7.7254E+01  1.2433E-04  1.0195E+04
   #    528385  7.7291E+01  1.2435E-04  1.0225E+04
   #    528677  7.7327E+01  1.2438E-04  1.0256E+04
   #    528966  7.7363E+01  1.2442E-04  1.0286E+04
   #    529259  7.7399E+01  1.2445E-04  1.0316E+04
   #    529557  7.7436E+01  1.2446E-04  1.0346E+04
   #    529860  7.7474E+01  1.2447E-04  1.0376E+04
   #    530167  7.7512E+01  1.2450E-04  1.0406E+04
   #    530481  7.7551E+01  1.2452E-04  1.0436E+04
   #    530771  7.7587E+01  1.2456E-04  1.0466E+04
   #    531022  7.7618E+01  1.2459E-04  1.0496E+04
   #    531289  7.7652E+01  1.2465E-04  1.0526E+04
   #    531587  7.7689E+01  1.2471E-04  1.0556E+04
   #    531893  7.7727E+01  1.2476E-04  1.0586E+04
   #    532207  7.7766E+01  1.2476E-04  1.0616E+04
   #    532507  7.7803E+01  1.2474E-04  1.0646E+04
   #    532815  7.7842E+01  1.2474E-04  1.0676E+04
   #    533115  7.7879E+01  1.2478E-04  1.0706E+04
   #    533406  7.7916E+01  1.2485E-04  1.0736E+04
   #    533712  7.7954E+01  1.2493E-04  1.0766E+04
   #    534016  7.7992E+01  1.2491E-04  1.0796E+04
   #    534322  7.8030E+01  1.2482E-04  1.0826E+04
   #    534638  7.8069E+01  1.2470E-04  1.0857E+04
   #    534942  7.8107E+01  1.2458E-04  1.0887E+04
   #    535250  7.8146E+01  1.2445E-04  1.0917E+04
   #    535561  7.8184E+01  1.2431E-04  1.0947E+04
   #    535835  7.8218E+01  1.2417E-04  1.0977E+04
   #    536133  7.8255E+01  1.2401E-04  1.1007E+04
   #    536438  7.8293E+01  1.2384E-04  1.1037E+04
   #    536743  7.8331E+01  1.2366E-04  1.1067E+04
   #    537047  7.8368E+01  1.2347E-04  1.1097E+04
   #    537351  7.8406E+01  1.2327E-04  1.1127E+04
   #    537649  7.8442E+01  1.2307E-04  1.1157E+04
   #    537949  7.8479E+01  1.2291E-04  1.1187E+04
   #    538251  7.8516E+01  1.2275E-04  1.1217E+04
   #    538525  7.8550E+01  1.2263E-04  1.1247E+04
   #    538771  7.8580E+01  1.2254E-04  1.1277E+04
   #    539002  7.8608E+01  1.2245E-04  1.1307E+04
   #    539238  7.8637E+01  1.2235E-04  1.1338E+04
   #    539471  7.8666E+01  1.2215E-04  1.1368E+04
   #    539732  7.8698E+01  1.2188E-04  1.1398E+04
   #    539974  7.8727E+01  1.2168E-04  1.1428E+04
   #    540227  7.8758E+01  1.2155E-04  1.1458E+04
   #    540471  7.8787E+01  1.2149E-04  1.1488E+04
   #    540712  7.8817E+01  1.2142E-04  1.1518E+04
   #    540966  7.8847E+01  1.2136E-04  1.1548E+04
   #    541230  7.8879E+01  1.2132E-04  1.1578E+04
   #    541464  7.8908E+01  1.2131E-04  1.1608E+04
   #    541711  7.8938E+01  1.2135E-04  1.1638E+04
   #    541995  7.8972E+01  1.2139E-04  1.1669E+04
   #    542246  7.9003E+01  1.2147E-04  1.1699E+04
   #    542454  7.9028E+01  1.2152E-04  1.1729E+04
   #    542693  7.9057E+01  1.2160E-04  1.1759E+04
   #    542968  7.9090E+01  1.2164E-04  1.1789E+04
   #    543240  7.9123E+01  1.2166E-04  1.1819E+04
   #    543513  7.9157E+01  1.2169E-04  1.1849E+04
   #    543781  7.9189E+01  1.2174E-04  1.1879E+04
   #    544092  7.9227E+01  1.2177E-04  1.1909E+04
   #    544403  7.9265E+01  1.2180E-04  1.1940E+04
   #    544715  7.9303E+01  1.2179E-04  1.1970E+04
   #    545024  7.9341E+01  1.2179E-04  1.2000E+04
   #    545326  7.9377E+01  1.2182E-04  1.2030E+04
   #    545629  7.9414E+01  1.2192E-04  1.2060E+04
   #    545936  7.9452E+01  1.2204E-04  1.2090E+04
   #    546242  7.9489E+01  1.2213E-04  1.2120E+04
   #    546527  7.9524E+01  1.2221E-04  1.2150E+04
   #    546826  7.9560E+01  1.2228E-04  1.2180E+04
   #    547134  7.9598E+01  1.2230E-04  1.2210E+04
   #    547437  7.9635E+01  1.2229E-04  1.2240E+04
   #    547734  7.9671E+01  1.2224E-04  1.2270E+04
   #    548039  7.9709E+01  1.2215E-04  1.2300E+04
   #    548350  7.9747E+01  1.2202E-04  1.2330E+04
   #    548649  7.9783E+01  1.2187E-04  1.2360E+04
   #    548941  7.9819E+01  1.2172E-04  1.2390E+04
   #    549225  7.9853E+01  1.2160E-04  1.2420E+04
   #    549513  7.9888E+01  1.2138E-04  1.2450E+04
   #    549804  7.9923E+01  1.2115E-04  1.2480E+04
   #    550045  7.9953E+01  1.2105E-04  1.2510E+04
   #    550280  7.9981E+01  1.2098E-04  1.2540E+04
   #    550513  8.0009E+01  1.2097E-04  1.2571E+04
   #    550730  8.0035E+01  1.2099E-04  1.2601E+04
   #    550977  8.0065E+01  1.2101E-04  1.2631E+04
   #    551191  8.0091E+01  1.2103E-04  1.2661E+04
   #    551418  8.0119E+01  1.2106E-04  1.2691E+04
   #    551669  8.0149E+01  1.2111E-04  1.2721E+04
   #    551901  8.0177E+01  1.2118E-04  1.2751E+04
   #    552120  8.0204E+01  1.2123E-04  1.2781E+04
   #    552357  8.0232E+01  1.2121E-04  1.2811E+04
   #    552575  8.0259E+01  1.2121E-04  1.2841E+04
   #    552778  8.0283E+01  1.2122E-04  1.2871E+04
   #    552986  8.0309E+01  1.2125E-04  1.2901E+04
   #    553222  8.0337E+01  1.2126E-04  1.2931E+04
   #    553450  8.0365E+01  1.2126E-04  1.2961E+04
   #    553701  8.0395E+01  1.2127E-04  1.2991E+04
   #    553945  8.0425E+01  1.2131E-04  1.3021E+04
   #    554194  8.0455E+01  1.2136E-04  1.3052E+04
   #    554457  8.0487E+01  1.2141E-04  1.3082E+04
   #    554712  8.0518E+01  1.2144E-04  1.3112E+04
   #    554953  8.0547E+01  1.2143E-04  1.3142E+04
   #    555224  8.0580E+01  1.2139E-04  1.3172E+04
   #    555491  8.0612E+01  1.2132E-04  1.3202E+04
   #    555750  8.0644E+01  1.2123E-04  1.3232E+04
   #    556022  8.0677E+01  1.2112E-04  1.3262E+04
   #    556290  8.0709E+01  1.2100E-04  1.3292E+04
   #    556573  8.0743E+01  1.2090E-04  1.3322E+04
   #    556833  8.0775E+01  1.2084E-04  1.3352E+04
   #    557077  8.0804E+01  1.2079E-04  1.3382E+04
   #    557343  8.0836E+01  1.2074E-04  1.3412E+04
   #    557609  8.0868E+01  1.2069E-04  1.3442E+04
   #    557855  8.0898E+01  1.2064E-04  1.3472E+04
   #    558111  8.0929E+01  1.2060E-04  1.3503E+04
   #    558380  8.0961E+01  1.2058E-04  1.3533E+04
   #    558646  8.0993E+01  1.2058E-04  1.3563E+04
   #    558923  8.1027E+01  1.2059E-04  1.3593E+04
   #    559171  8.1057E+01  1.2060E-04  1.3623E+04
   #    559404  8.1085E+01  1.2061E-04  1.3654E+04
   #    559643  8.1113E+01  1.2061E-04  1.3684E+04
   #    559912  8.1146E+01  1.2061E-04  1.3714E+04
   #    560178  8.1178E+01  1.2059E-04  1.3744E+04
   #    560438  8.1209E+01  1.2056E-04  1.3774E+04
   #    560703  8.1241E+01  1.2052E-04  1.3804E+04
   #    560973  8.1274E+01  1.2046E-04  1.3834E+04
   #    561245  8.1306E+01  1.2037E-04  1.3864E+04
   #    561510  8.1338E+01  1.2024E-04  1.3894E+04
   #    561770  8.1370E+01  1.2010E-04  1.3924E+04
   #    562040  8.1402E+01  1.1996E-04  1.3954E+04
   #    562297  8.1433E+01  1.1983E-04  1.3984E+04
   #    562549  8.1463E+01  1.1966E-04  1.4014E+04
   #    562816  8.1495E+01  1.1952E-04  1.4044E+04
   #    563083  8.1527E+01  1.1949E-04  1.4075E+04
   #    563348  8.1558E+01  1.1952E-04  1.4105E+04
   #    563611  8.1590E+01  1.1955E-04  1.4135E+04
   #    563882  8.1622E+01  1.1956E-04  1.4165E+04
   #    564142  8.1653E+01  1.1956E-04  1.4195E+04
   #    564403  8.1684E+01  1.1957E-04  1.4225E+04
   #    564667  8.1716E+01  1.1959E-04  1.4255E+04
   #    564937  8.1748E+01  1.1962E-04  1.4285E+04
   #    565193  8.1779E+01  1.1964E-04  1.4315E+04
   #    565443  8.1809E+01  1.1964E-04  1.4345E+04
   #    565692  8.1838E+01  1.1962E-04  1.4375E+04
   #    565956  8.1870E+01  1.1959E-04  1.4405E+04
   #    566151  8.1893E+01  1.1959E-04  1.4435E+04
   #    566369  8.1919E+01  1.1959E-04  1.4465E+04
   #    566629  8.1950E+01  1.1958E-04  1.4495E+04
   #    566873  8.1980E+01  1.1957E-04  1.4525E+04
   #    567104  8.2007E+01  1.1957E-04  1.4555E+04
   #    567348  8.2036E+01  1.1958E-04  1.4585E+04
   #    567598  8.2066E+01  1.1960E-04  1.4616E+04
   #    567871  8.2099E+01  1.1960E-04  1.4646E+04
   #    568135  8.2130E+01  1.1959E-04  1.4676E+04
   #    568388  8.2161E+01  1.1964E-04  1.4706E+04
   #    568647  8.2192E+01  1.1971E-04  1.4736E+04
   #    568908  8.2223E+01  1.1978E-04  1.4766E+04
   #    569148  8.2252E+01  1.1986E-04  1.4796E+04
   #    569417  8.2284E+01  1.1991E-04  1.4826E+04
   #    569696  8.2317E+01  1.1994E-04  1.4856E+04
   #    569969  8.2350E+01  1.1999E-04  1.4886E+04
   #    570194  8.2377E+01  1.2005E-04  1.4916E+04
   #    570406  8.2402E+01  1.2007E-04  1.4947E+04
   #    570660  8.2433E+01  1.2013E-04  1.4977E+04
   #    570931  8.2465E+01  1.2018E-04  1.5007E+04
   #    571144  8.2491E+01  1.2018E-04  1.5037E+04
   #    571377  8.2519E+01  1.2020E-04  1.5067E+04
   #    571634  8.2550E+01  1.2024E-04  1.5097E+04
   #    571894  8.2581E+01  1.2020E-04  1.5127E+04
   #    572119  8.2608E+01  1.2011E-04  1.5157E+04
   #    572349  8.2636E+01  1.2004E-04  1.5187E+04
   #    572603  8.2666E+01  1.1996E-04  1.5217E+04
   #    572859  8.2697E+01  1.1988E-04  1.5247E+04
   #    573091  8.2725E+01  1.1983E-04  1.5277E+04
   #    573335  8.2754E+01  1.1978E-04  1.5307E+04
   #    573588  8.2784E+01  1.1974E-04  1.5337E+04
   #    573844  8.2815E+01  1.1970E-04  1.5367E+04
   #    574086  8.2844E+01  1.1967E-04  1.5398E+04
   #    574321  8.2872E+01  1.1963E-04  1.5428E+04
   #    574562  8.2901E+01  1.1962E-04  1.5458E+04
   #    574797  8.2929E+01  1.1960E-04  1.5488E+04
   #    575018  8.2955E+01  1.1959E-04  1.5518E+04
   #    575205  8.2977E+01  1.1958E-04  1.5548E+04
   #    575423  8.3003E+01  1.1957E-04  1.5578E+04
   #    575640  8.3029E+01  1.1958E-04  1.5608E+04
   #    575875  8.3058E+01  1.1960E-04  1.5638E+04
   #    576083  8.3082E+01  1.1964E-04  1.5668E+04
   #    576306  8.3109E+01  1.1969E-04  1.5698E+04
   #    576527  8.3135E+01  1.1972E-04  1.5728E+04
   #    576723  8.3159E+01  1.1976E-04  1.5758E+04
   #    576927  8.3183E+01  1.1981E-04  1.5788E+04
   #    577158  8.3211E+01  1.1987E-04  1.5819E+04
   #    577368  8.3236E+01  1.1992E-04  1.5849E+04
   #    577598  8.3264E+01  1.1994E-04  1.5879E+04
   #    577805  8.3289E+01  1.1994E-04  1.5910E+04
   #    578040  8.3317E+01  1.1995E-04  1.5940E+04
   #    578264  8.3344E+01  1.1994E-04  1.5970E+04
   #    578502  8.3372E+01  1.1993E-04  1.6000E+04
   #    578749  8.3402E+01  1.1991E-04  1.6030E+04
   #    578986  8.3430E+01  1.1989E-04  1.6060E+04
   #    579237  8.3460E+01  1.1985E-04  1.6090E+04
   #    579515  8.3493E+01  1.1978E-04  1.6120E+04
   #    579788  8.3526E+01  1.1969E-04  1.6150E+04
   #    580065  8.3559E+01  1.1958E-04  1.6180E+04
   #    580341  8.3592E+01  1.1944E-04  1.6210E+04
   #    580617  8.3625E+01  1.1929E-04  1.6240E+04
   #    580893  8.3658E+01  1.1915E-04  1.6270E+04
   #    581166  8.3690E+01  1.1900E-04  1.6300E+04
   #    581439  8.3723E+01  1.1885E-04  1.6330E+04
   #    581707  8.3755E+01  1.1871E-04  1.6360E+04
   #    581980  8.3787E+01  1.1856E-04  1.6390E+04
   #    582256  8.3820E+01  1.1842E-04  1.6420E+04
   #    582529  8.3852E+01  1.1830E-04  1.6451E+04
   #    582807  8.3885E+01  1.1819E-04  1.6481E+04
   #    583082  8.3917E+01  1.1810E-04  1.6511E+04
   #    583353  8.3949E+01  1.1801E-04  1.6541E+04
   #    583626  8.3981E+01  1.1794E-04  1.6571E+04
   #    583869  8.4010E+01  1.1789E-04  1.6601E+04
   #    584124  8.4040E+01  1.1781E-04  1.6631E+04
   #    584377  8.4070E+01  1.1775E-04  1.6661E+04
   #    584605  8.4097E+01  1.1770E-04  1.6691E+04
   #    584809  8.4121E+01  1.1765E-04  1.6721E+04
   #    584975  8.4140E+01  1.1759E-04  1.6751E+04
   #    585170  8.4163E+01  1.1752E-04  1.6781E+04
   #    585355  8.4185E+01  1.1743E-04  1.6811E+04
   #    585532  8.4206E+01  1.1734E-04  1.6842E+04
   #    585747  8.4231E+01  1.1724E-04  1.6872E+04
   #    585945  8.4254E+01  1.1715E-04  1.6902E+04
   #    586146  8.4278E+01  1.1708E-04  1.6932E+04
   #    586312  8.4297E+01  1.1703E-04  1.6963E+04
   #    586507  8.4320E+01  1.1696E-04  1.6994E+04
   #    586701  8.4342E+01  1.1690E-04  1.7025E+04
   #    586897  8.4365E+01  1.1684E-04  1.7055E+04
   #    587087  8.4388E+01  1.1679E-04  1.7085E+04
   #    587262  8.4408E+01  1.1677E-04  1.7115E+04
   #    587476  8.4433E+01  1.1673E-04  1.7145E+04
   #    587682  8.4457E+01  1.1673E-04  1.7175E+04
   #    587903  8.4483E+01  1.1674E-04  1.7205E+04
   #    588125  8.4509E+01  1.1677E-04  1.7235E+04
   #    588338  8.4534E+01  1.1681E-04  1.7265E+04
   #    588571  8.4561E+01  1.1686E-04  1.7295E+04
   #    588802  8.4588E+01  1.1692E-04  1.7325E+04
   #    589023  8.4614E+01  1.1699E-04  1.7356E+04
   #    589238  8.4639E+01  1.1706E-04  1.7386E+04
   #    589444  8.4663E+01  1.1713E-04  1.7416E+04
   #    589673  8.4690E+01  1.1721E-04  1.7446E+04
   #    589919  8.4718E+01  1.1730E-04  1.7476E+04
   #    590165  8.4747E+01  1.1739E-04  1.7506E+04
   #    590388  8.4773E+01  1.1744E-04  1.7536E+04
   #    590616  8.4800E+01  1.1750E-04  1.7566E+04
   #    590821  8.4824E+01  1.1731E-04  1.7597E+04
   #    591054  8.4852E+01  1.1713E-04  1.7627E+04
   #    591280  8.4878E+01  1.1698E-04  1.7657E+04
   #    591503  8.4904E+01  1.1686E-04  1.7687E+04
   #    591721  8.4930E+01  1.1678E-04  1.7717E+04
   #    591936  8.4955E+01  1.1667E-04  1.7747E+04
   #    592157  8.4980E+01  1.1655E-04  1.7777E+04
   #    592393  8.5008E+01  1.1646E-04  1.7807E+04
   #    592622  8.5034E+01  1.1638E-04  1.7837E+04
   #    592859  8.5062E+01  1.1632E-04  1.7867E+04
   #    593117  8.5092E+01  1.1626E-04  1.7897E+04
   #    593392  8.5124E+01  1.1615E-04  1.7927E+04
   #    593660  8.5155E+01  1.1606E-04  1.7957E+04
   #    593937  8.5187E+01  1.1597E-04  1.7987E+04
   #    594215  8.5219E+01  1.1589E-04  1.8018E+04
   #    594490  8.5251E+01  1.1582E-04  1.8048E+04
   #    594762  8.5283E+01  1.1575E-04  1.8078E+04
   #    595039  8.5315E+01  1.1566E-04  1.8108E+04
   #    595314  8.5346E+01  1.1556E-04  1.8138E+04
   #    595560  8.5375E+01  1.1548E-04  1.8168E+04
   #    595830  8.5406E+01  1.1540E-04  1.8198E+04
   #    596104  8.5438E+01  1.1532E-04  1.8228E+04
   #    596382  8.5470E+01  1.1525E-04  1.8258E+04
   #    596661  8.5502E+01  1.1518E-04  1.8288E+04
   #    596939  8.5534E+01  1.1512E-04  1.8318E+04
   #    597218  8.5566E+01  1.1505E-04  1.8348E+04
   #    597490  8.5597E+01  1.1500E-04  1.8378E+04
   #    597753  8.5627E+01  1.1496E-04  1.8409E+04
   #    598011  8.5657E+01  1.1490E-04  1.8439E+04
   #    598246  8.5684E+01  1.1484E-04  1.8469E+04
   #    598482  8.5711E+01  1.1478E-04  1.8499E+04
   #    598704  8.5736E+01  1.1474E-04  1.8529E+04
   #    598911  8.5760E+01  1.1470E-04  1.8559E+04
   #    599125  8.5785E+01  1.1456E-04  1.8589E+04
   #    599334  8.5809E+01  1.1438E-04  1.8619E+04
   #    599532  8.5831E+01  1.1422E-04  1.8649E+04
   #    599752  8.5856E+01  1.1406E-04  1.8679E+04
   #    599981  8.5883E+01  1.1389E-04  1.8709E+04
   #    600217  8.5909E+01  1.1370E-04  1.8739E+04
   #    600433  8.5934E+01  1.1352E-04  1.8769E+04
   #    600639  8.5957E+01  1.1335E-04  1.8799E+04
   #    600869  8.5983E+01  1.1316E-04  1.8829E+04
   #    601117  8.6011E+01  1.1293E-04  1.8859E+04
   #    601346  8.6037E+01  1.1272E-04  1.8889E+04
   #    601584  8.6064E+01  1.1250E-04  1.8920E+04
   #    601806  8.6089E+01  1.1230E-04  1.8950E+04
   #    602038  8.6115E+01  1.1203E-04  1.8980E+04
   #    602310  8.6145E+01  1.1174E-04  1.9010E+04
   #    602572  8.6175E+01  1.1147E-04  1.9040E+04
   #    602844  8.6205E+01  1.1121E-04  1.9070E+04
   #    603117  8.6235E+01  1.1094E-04  1.9100E+04
   #    603381  8.6264E+01  1.1074E-04  1.9130E+04
   #    603645  8.6294E+01  1.1056E-04  1.9160E+04
   #    603916  8.6323E+01  1.1035E-04  1.9190E+04
   #    604189  8.6354E+01  1.1019E-04  1.9220E+04
   #    604454  8.6383E+01  1.1006E-04  1.9250E+04
   #    604730  8.6413E+01  1.0996E-04  1.9281E+04
   #    604996  8.6442E+01  1.0986E-04  1.9311E+04
   #    605267  8.6472E+01  1.0980E-04  1.9341E+04
   #    605506  8.6498E+01  1.0974E-04  1.9371E+04
   #    605765  8.6527E+01  1.0968E-04  1.9401E+04
   #    606034  8.6556E+01  1.0961E-04  1.9431E+04
   #    606305  8.6586E+01  1.0954E-04  1.9461E+04
   #    606568  8.6614E+01  1.0946E-04  1.9491E+04
   #    606839  8.6644E+01  1.0937E-04  1.9521E+04
   #    607101  8.6673E+01  1.0928E-04  1.9551E+04
   #    607346  8.6700E+01  1.0919E-04  1.9581E+04
   #    607588  8.6726E+01  1.0913E-04  1.9611E+04
   #    607831  8.6752E+01  1.0906E-04  1.9641E+04
   #    608061  8.6777E+01  1.0900E-04  1.9671E+04
   #    608298  8.6803E+01  1.0894E-04  1.9701E+04
   #    608535  8.6829E+01  1.0888E-04  1.9731E+04
   #    608764  8.6854E+01  1.0883E-04  1.9761E+04
   #    609002  8.6880E+01  1.0877E-04  1.9792E+04
   #    609207  8.6902E+01  1.0871E-04  1.9822E+04
   #    609452  8.6929E+01  1.0864E-04  1.9852E+04
   #    609671  8.6953E+01  1.0859E-04  1.9882E+04
   #    609895  8.6977E+01  1.0854E-04  1.9912E+04
   #    610131  8.7002E+01  1.0850E-04  1.9942E+04
   #    610353  8.7027E+01  1.0848E-04  1.9972E+04
   #    610594  8.7053E+01  1.0846E-04  2.0002E+04
   #    610809  8.7076E+01  1.0838E-04  2.0032E+04
   #    611041  8.7101E+01  1.0828E-04  2.0062E+04
   #    611288  8.7128E+01  1.0817E-04  2.0093E+04
   #    611538  8.7155E+01  1.0809E-04  2.0123E+04
   #    611753  8.7178E+01  1.0802E-04  2.0153E+04
   #    611989  8.7203E+01  1.0795E-04  2.0183E+04
   #    612256  8.7232E+01  1.0788E-04  2.0213E+04
   #    612522  8.7261E+01  1.0782E-04  2.0243E+04
   #    612794  8.7290E+01  1.0776E-04  2.0273E+04
   #    613054  8.7318E+01  1.0768E-04  2.0303E+04
   #    613291  8.7344E+01  1.0761E-04  2.0333E+04
   #    613561  8.7373E+01  1.0754E-04  2.0363E+04
   #    613842  8.7403E+01  1.0745E-04  2.0393E+04
   #    614120  8.7433E+01  1.0736E-04  2.0424E+04
   #    614396  8.7462E+01  1.0728E-04  2.0454E+04
   #    614672  8.7492E+01  1.0721E-04  2.0484E+04
   #    614942  8.7521E+01  1.0714E-04  2.0514E+04
   #    615212  8.7550E+01  1.0708E-04  2.0544E+04
   #    615457  8.7576E+01  1.0707E-04  2.0574E+04
   #    615727  8.7605E+01  1.0712E-04  2.0604E+04
   #    615996  8.7634E+01  1.0718E-04  2.0634E+04
   #    616264  8.7662E+01  1.0715E-04  2.0664E+04
   #    616541  8.7692E+01  1.0715E-04  2.0694E+04
   #    616809  8.7721E+01  1.0721E-04  2.0724E+04
   #    617068  8.7749E+01  1.0729E-04  2.0754E+04
   #    617328  8.7776E+01  1.0738E-04  2.0784E+04
   #    617569  8.7802E+01  1.0742E-04  2.0814E+04
   #    617817  8.7829E+01  1.0743E-04  2.0844E+04
   #    618019  8.7851E+01  1.0745E-04  2.0874E+04
   #    618267  8.7877E+01  1.0746E-04  2.0904E+04
   #    618513  8.7904E+01  1.0749E-04  2.0934E+04
   #    618759  8.7930E+01  1.0753E-04  2.0965E+04
   #    619000  8.7956E+01  1.0756E-04  2.0995E+04
   #    619250  8.7983E+01  1.0760E-04  2.1025E+04
   #    619497  8.8009E+01  1.0765E-04  2.1055E+04
   #    619744  8.8036E+01  1.0771E-04  2.1085E+04
   #    619982  8.8062E+01  1.0777E-04  2.1115E+04
   #    620229  8.8088E+01  1.0785E-04  2.1145E+04
   #    620478  8.8115E+01  1.0793E-04  2.1175E+04
   #    620726  8.8142E+01  1.0802E-04  2.1205E+04
   #    620980  8.8169E+01  1.0811E-04  2.1235E+04
   #    621231  8.8196E+01  1.0822E-04  2.1265E+04
   #    621484  8.8224E+01  1.0831E-04  2.1295E+04
   #    621721  8.8250E+01  1.0841E-04  2.1325E+04
   #    621981  8.8278E+01  1.0854E-04  2.1355E+04
   #    622231  8.8305E+01  1.0864E-04  2.1385E+04
   #    622488  8.8333E+01  1.0874E-04  2.1415E+04
   #    622747  8.8361E+01  1.0886E-04  2.1446E+04
   #    623010  8.8390E+01  1.0897E-04  2.1476E+04
   #    623253  8.8416E+01  1.0905E-04  2.1506E+04
   #    623493  8.8442E+01  1.0914E-04  2.1536E+04
   #    623728  8.8468E+01  1.0922E-04  2.1566E+04
   #    623971  8.8494E+01  1.0927E-04  2.1596E+04
   #    624215  8.8521E+01  1.0933E-04  2.1626E+04
   #    624455  8.8547E+01  1.0938E-04  2.1656E+04
   #    624687  8.8573E+01  1.0942E-04  2.1686E+04
   #    624924  8.8598E+01  1.0945E-04  2.1716E+04
   #    625144  8.8622E+01  1.0948E-04  2.1746E+04
   #    625375  8.8648E+01  1.0932E-04  2.1776E+04
   #    625619  8.8674E+01  1.0910E-04  2.1806E+04
   #    625865  8.8701E+01  1.0888E-04  2.1837E+04
   #    626105  8.8727E+01  1.0865E-04  2.1867E+04
   #    626343  8.8753E+01  1.0841E-04  2.1897E+04
   #    626591  8.8780E+01  1.0817E-04  2.1927E+04
   #    626837  8.8806E+01  1.0796E-04  2.1957E+04
   #    627081  8.8833E+01  1.0778E-04  2.1987E+04
   #    627309  8.8857E+01  1.0762E-04  2.2017E+04
   #    627532  8.8881E+01  1.0750E-04  2.2047E+04
   #    627756  8.8905E+01  1.0738E-04  2.2077E+04
   #    627955  8.8927E+01  1.0728E-04  2.2107E+04
   #    628149  8.8947E+01  1.0721E-04  2.2137E+04
   #    628335  8.8967E+01  1.0714E-04  2.2167E+04
   #    628547  8.8990E+01  1.0707E-04  2.2198E+04
   #    628754  8.9012E+01  1.0700E-04  2.2228E+04
   #    628969  8.9035E+01  1.0693E-04  2.2258E+04
   #    629137  8.9053E+01  1.0684E-04  2.2288E+04
   #    629352  8.9076E+01  1.0674E-04  2.2318E+04
   #    629585  8.9101E+01  1.0665E-04  2.2348E+04
   #    629791  8.9123E+01  1.0659E-04  2.2378E+04
   #    629993  8.9144E+01  1.0653E-04  2.2408E+04
   #    630213  8.9168E+01  1.0645E-04  2.2438E+04
   #    630432  8.9191E+01  1.0634E-04  2.2468E+04
   #    630650  8.9214E+01  1.0624E-04  2.2498E+04
   #    630872  8.9238E+01  1.0613E-04  2.2529E+04
   #    631100  8.9262E+01  1.0602E-04  2.2559E+04
   #    631296  8.9283E+01  1.0592E-04  2.2589E+04
   #    631522  8.9307E+01  1.0581E-04  2.2619E+04
   #    631768  8.9333E+01  1.0569E-04  2.2649E+04
   #    632003  8.9358E+01  1.0558E-04  2.2679E+04
   #    632258  8.9385E+01  1.0539E-04  2.2709E+04
   #    632513  8.9411E+01  1.0519E-04  2.2739E+04
   #    632780  8.9439E+01  1.0499E-04  2.2769E+04
   #    633036  8.9466E+01  1.0481E-04  2.2799E+04
   #    633300  8.9494E+01  1.0464E-04  2.2829E+04
   #    633557  8.9521E+01  1.0449E-04  2.2859E+04
   #    633819  8.9548E+01  1.0438E-04  2.2889E+04
   #    634073  8.9574E+01  1.0428E-04  2.2919E+04
   #    634330  8.9601E+01  1.0419E-04  2.2949E+04
   #    634569  8.9626E+01  1.0413E-04  2.2980E+04
   #    634816  8.9652E+01  1.0408E-04  2.3010E+04
   #    635071  8.9678E+01  1.0399E-04  2.3040E+04
   #    635330  8.9705E+01  1.0390E-04  2.3070E+04
   #    635586  8.9732E+01  1.0381E-04  2.3100E+04
   #    635851  8.9759E+01  1.0374E-04  2.3130E+04
   #    636099  8.9785E+01  1.0367E-04  2.3160E+04
   #    636326  8.9808E+01  1.0362E-04  2.3190E+04
   #    636560  8.9833E+01  1.0355E-04  2.3220E+04
   #    636801  8.9858E+01  1.0348E-04  2.3250E+04
   #    637058  8.9884E+01  1.0342E-04  2.3280E+04
   #    637296  8.9909E+01  1.0340E-04  2.3310E+04
   #    637512  8.9931E+01  1.0342E-04  2.3341E+04
   #    637750  8.9956E+01  1.0343E-04  2.3371E+04
   #    638002  8.9982E+01  1.0349E-04  2.3401E+04
   #    638250  9.0007E+01  1.0359E-04  2.3431E+04
   #    638510  9.0034E+01  1.0372E-04  2.3461E+04
   #    638699  9.0054E+01  1.0373E-04  2.3491E+04
   #    638956  9.0081E+01  1.0370E-04  2.3521E+04
   #    639188  9.0105E+01  1.0374E-04  2.3551E+04
   #    639443  9.0131E+01  1.0384E-04  2.3581E+04
   #    639696  9.0157E+01  1.0399E-04  2.3611E+04
   #    639931  9.0182E+01  1.0414E-04  2.3641E+04
   #    640187  9.0209E+01  1.0426E-04  2.3671E+04
   #    640451  9.0236E+01  1.0440E-04  2.3702E+04
   #    640702  9.0262E+01  1.0454E-04  2.3732E+04
   #    640952  9.0288E+01  1.0467E-04  2.3762E+04
   #    641208  9.0315E+01  1.0483E-04  2.3792E+04
   #    641452  9.0341E+01  1.0497E-04  2.3822E+04
   #    641710  9.0368E+01  1.0511E-04  2.3852E+04
   #    641975  9.0396E+01  1.0526E-04  2.3882E+04
   #    642249  9.0425E+01  1.0542E-04  2.3912E+04
   #    642519  9.0453E+01  1.0560E-04  2.3942E+04
   #    642797  9.0482E+01  1.0577E-04  2.3972E+04
   #    643071  9.0511E+01  1.0594E-04  2.4002E+04
   #    643346  9.0540E+01  1.0610E-04  2.4032E+04
   #    643620  9.0570E+01  1.0617E-04  2.4062E+04
   #    643896  9.0599E+01  1.0622E-04  2.4092E+04
   #    644165  9.0627E+01  1.0629E-04  2.4122E+04
   #    644444  9.0657E+01  1.0639E-04  2.4152E+04
   #    644696  9.0684E+01  1.0650E-04  2.4183E+04
   #    644969  9.0713E+01  1.0662E-04  2.4213E+04
   #    645231  9.0741E+01  1.0672E-04  2.4243E+04
   #    645472  9.0767E+01  1.0681E-04  2.4273E+04
   #    645679  9.0789E+01  1.0686E-04  2.4303E+04
   #    645927  9.0815E+01  1.0671E-04  2.4333E+04
   #    646182  9.0842E+01  1.0657E-04  2.4363E+04
   #    646369  9.0862E+01  1.0647E-04  2.4393E+04
   #    646616  9.0889E+01  1.0634E-04  2.4423E+04
   #    646870  9.0916E+01  1.0622E-04  2.4453E+04
   #    647115  9.0942E+01  1.0611E-04  2.4483E+04
   #    647293  9.0960E+01  1.0606E-04  2.4513E+04
   #    647528  9.0985E+01  1.0598E-04  2.4543E+04
   #    647775  9.1011E+01  1.0588E-04  2.4574E+04
   #    648016  9.1037E+01  1.0578E-04  2.4604E+04
   #    648212  9.1058E+01  1.0571E-04  2.4634E+04
   #    648427  9.1080E+01  1.0563E-04  2.4664E+04
   #    648676  9.1107E+01  1.0557E-04  2.4694E+04
   #    648920  9.1132E+01  1.0552E-04  2.4724E+04
   #    649097  9.1151E+01  1.0547E-04  2.4754E+04
   #    649331  9.1176E+01  1.0541E-04  2.4784E+04
   #    649578  9.1202E+01  1.0539E-04  2.4814E+04
   #    649838  9.1229E+01  1.0537E-04  2.4844E+04
   #    650060  9.1252E+01  1.0535E-04  2.4874E+04
   #    650332  9.1281E+01  1.0536E-04  2.4905E+04
   #    650599  9.1309E+01  1.0537E-04  2.4935E+04
   #    650862  9.1337E+01  1.0539E-04  2.4965E+04
   #    651092  9.1361E+01  1.0541E-04  2.4995E+04
   #    651362  9.1390E+01  1.0542E-04  2.5025E+04
   #    651637  9.1419E+01  1.0544E-04  2.5055E+04
   #    651908  9.1447E+01  1.0543E-04  2.5085E+04
   #    652161  9.1474E+01  1.0541E-04  2.5115E+04
   #    652428  9.1502E+01  1.0537E-04  2.5145E+04
   #    652683  9.1529E+01  1.0535E-04  2.5175E+04
   #    652939  9.1556E+01  1.0536E-04  2.5205E+04
#################~ JOB EFFICIENCY REPORT ~##################
# JobID:                   133902                          #
# Cluster:                 dejar                           #
# Cores:                   28                              #
# Wall-clock time:         6.99 hours                      #
# User-CPU utilized:       190.87 CPU-hours                #
# User-CPU load:           97.4 %                          #
# System-CPU utilized:     3.00 CPU-hours                  #
# System-CPU load:         1.5 %                           #
# Memory utilized          5.11 GB                         #
# Memory efficiency        4.7 %                           #
#~~~~~~~~~~~~~~~~~~~~~~~~~~~~~~~~~~~~~~~~~~~~~~~~~~~~~~~~~~#
# If your job has low CPU Efficiency or you have doubts    #
# about setting up a job, do not hesitate and contact us:  #
#                    res_support@iac.es                    #
############################################################
