 -----------------------------------------------------------------------------
 -----------------------------------------------------------------------------
 |         __  __ ____ ___        _    __  __ ______     ___    ____         |
 |        |  \/  |  _ \_ _|      / \  |  \/  |  _ \ \   / / \  / ___|        |
 |        | |\/| | |_) | |_____ / _ \ | |\/| | |_) \ \ / / _ \| |            |
 |        | |  | |  __/| |_____/ ___ \| |  | |  _ < \ V / ___ \ |___         |
 |        |_|  |_|_|  |___|   /_/   \_\_|  |_|_| \_\ \_/_/   \_\____|        |
 -----------------------------------------------------------------------------
 -----------------------------------------------------------------------------
 Spitzer MHD: par:   0.21633973559351147       ,perp:    2.1685795904764041E-011
 Combination of Colgan (2008) for high temperatures and
 Dalgarno & McCray (1972), DM2, for low temperatures
 Reading amrvac.par
 
 Output type | tsavestart |  dtsave   | ditsave | itsave(1) | tsave(1)
         log | 0.000E+00  | 0.200E+00 | ******  |      0    | *********
      normal | 0.000E+00  | 0.200E+00 | ******  |      0    | *********
       slice | 0.000E+00  | ********* | ******  | ******    | *********
   collapsed | 0.000E+00  | ********* | ******  | ******    | *********
    analysis | 0.000E+00  | ********* | ******  | ******    | *********
 
         Domain size (cells): 96 48 
                Level one dx: 0.208E+00 0.208E+00 
           Refine estimation: Lohner's scheme
 Note, Grid is reconstructed once every           3 iterations
           restart_from_file:  output/solar_atm_a0155.dat
                  converting: F

 minra  0.10256244189917035     
 rhob   7382.7014817162089     
 pb   59.061613380997102     
 Using TRACL(ine) method with a mask
 By default, magnetic field lines are traced every 4 grid cells
 NOTE:  2D TRAC method take the y-dir == grav-dir
 Memory requirement for each processor in TRAC:
           1  MB
 -------------------------------------------------------------------------------
 Startup phase took :             0.199 sec
 -------------------------------------------------------------------------------
 Start integrating, print status every  3.00E+01 seconds
   #        it        time          dt  wc-time(s)
   #    468269  6.9702E+01  1.2627E-04  5.5767E-01
   #    468680  6.9754E+01  1.2607E-04  3.0570E+01
   #    469097  6.9806E+01  1.2589E-04  6.0630E+01
   #    469514  6.9859E+01  1.2581E-04  9.0678E+01
   #    469930  6.9911E+01  1.2587E-04  1.2074E+02
   #    470346  6.9963E+01  1.2601E-04  1.5078E+02
   #    470762  7.0016E+01  1.2638E-04  1.8078E+02
   #    471178  7.0068E+01  1.2673E-04  2.1079E+02
   #    471584  7.0120E+01  1.2695E-04  2.4081E+02
   #    471997  7.0172E+01  1.2712E-04  2.7082E+02
   #    472410  7.0225E+01  1.2725E-04  3.0088E+02
   #    472810  7.0276E+01  1.2736E-04  3.3091E+02
   #    473213  7.0327E+01  1.2749E-04  3.6095E+02
   #    473626  7.0380E+01  1.2767E-04  3.9102E+02
   #    474039  7.0432E+01  1.2786E-04  4.2107E+02
   #    474452  7.0485E+01  1.2808E-04  4.5109E+02
   #    474855  7.0537E+01  1.2830E-04  4.8112E+02
   #    475268  7.0590E+01  1.2855E-04  5.1117E+02
   #    475681  7.0643E+01  1.2875E-04  5.4120E+02
   #    476100  7.0697E+01  1.2891E-04  5.7122E+02
   #    476510  7.0750E+01  1.2899E-04  6.0128E+02
   #    476931  7.0804E+01  1.2900E-04  6.3132E+02
   #    477340  7.0857E+01  1.2898E-04  6.6138E+02
   #    477752  7.0910E+01  1.2897E-04  6.9138E+02
   #    478173  7.0964E+01  1.2893E-04  7.2141E+02
   #    478594  7.1019E+01  1.2884E-04  7.5143E+02
   #    479015  7.1073E+01  1.2868E-04  7.8149E+02
   #    479426  7.1126E+01  1.2844E-04  8.1154E+02
   #    479847  7.1180E+01  1.2820E-04  8.4157E+02
   #    480268  7.1234E+01  1.2797E-04  8.7163E+02
   #    480689  7.1288E+01  1.2781E-04  9.0169E+02
   #    481100  7.1340E+01  1.2773E-04  9.3173E+02
   #    481521  7.1394E+01  1.2766E-04  9.6176E+02
   #    481929  7.1446E+01  1.2764E-04  9.9177E+02
   #    482350  7.1500E+01  1.2761E-04  1.0218E+03
   #    482760  7.1552E+01  1.2752E-04  1.0518E+03
   #    483181  7.1605E+01  1.2727E-04  1.0819E+03
   #    483602  7.1659E+01  1.2687E-04  1.1119E+03
   #    484012  7.1711E+01  1.2648E-04  1.1419E+03
   #    484433  7.1764E+01  1.2614E-04  1.1719E+03
   #    484854  7.1817E+01  1.2593E-04  1.2020E+03
   #    485275  7.1870E+01  1.2588E-04  1.2320E+03
   #    485686  7.1922E+01  1.2592E-04  1.2620E+03
   #    486094  7.1973E+01  1.2600E-04  1.2921E+03
   #    486515  7.2026E+01  1.2614E-04  1.3221E+03
   #    486936  7.2079E+01  1.2626E-04  1.3521E+03
   #    487349  7.2132E+01  1.2629E-04  1.3822E+03
   #    487770  7.2185E+01  1.2628E-04  1.4122E+03
   #    488191  7.2238E+01  1.2630E-04  1.4422E+03
   #    488612  7.2291E+01  1.2638E-04  1.4722E+03
   #    489023  7.2343E+01  1.2649E-04  1.5022E+03
   #    489444  7.2396E+01  1.2663E-04  1.5322E+03
   #    489865  7.2449E+01  1.2680E-04  1.5623E+03
   #    490286  7.2503E+01  1.2693E-04  1.5930E+03
   #    490695  7.2555E+01  1.2700E-04  1.6231E+03
   #    491116  7.2608E+01  1.2707E-04  1.6531E+03
   #    491537  7.2662E+01  1.2713E-04  1.6831E+03
   #    491948  7.2714E+01  1.2722E-04  1.7131E+03
   #    492369  7.2767E+01  1.2735E-04  1.7431E+03
   #    492790  7.2821E+01  1.2749E-04  1.7731E+03
   #    493211  7.2875E+01  1.2766E-04  1.8032E+03
   #    493621  7.2927E+01  1.2787E-04  1.8332E+03
   #    494042  7.2981E+01  1.2798E-04  1.8632E+03
   #    494463  7.3035E+01  1.2804E-04  1.8933E+03
   #    494883  7.3089E+01  1.2805E-04  1.9233E+03
   #    495278  7.3139E+01  1.2788E-04  1.9533E+03
   #    495696  7.3193E+01  1.2763E-04  1.9833E+03
   #    496115  7.3246E+01  1.2737E-04  2.0134E+03
   #    496533  7.3299E+01  1.2711E-04  2.0434E+03
   #    496939  7.3351E+01  1.2693E-04  2.0734E+03
   #    497357  7.3404E+01  1.2683E-04  2.1034E+03
   #    497775  7.3457E+01  1.2678E-04  2.1335E+03
   #    498181  7.3508E+01  1.2678E-04  2.1635E+03
   #    498599  7.3561E+01  1.2673E-04  2.1935E+03
   #    499017  7.3614E+01  1.2662E-04  2.2235E+03
   #    499435  7.3667E+01  1.2645E-04  2.2536E+03
   #    499831  7.3717E+01  1.2629E-04  2.2836E+03
   #    500249  7.3770E+01  1.2613E-04  2.3136E+03
   #    500667  7.3822E+01  1.2598E-04  2.3436E+03
   #    501085  7.3875E+01  1.2589E-04  2.3736E+03
   #    501497  7.3927E+01  1.2584E-04  2.4036E+03
   #    501915  7.3979E+01  1.2581E-04  2.4337E+03
   #    502333  7.4032E+01  1.2586E-04  2.4637E+03
   #    502751  7.4085E+01  1.2604E-04  2.4937E+03
   #    503159  7.4136E+01  1.2620E-04  2.5237E+03
   #    503577  7.4189E+01  1.2641E-04  2.5537E+03
   #    503996  7.4242E+01  1.2659E-04  2.5838E+03
   #    504402  7.4293E+01  1.2673E-04  2.6138E+03
   #    504809  7.4345E+01  1.2683E-04  2.6438E+03
   #    505227  7.4398E+01  1.2690E-04  2.6739E+03
   #    505645  7.4451E+01  1.2696E-04  2.7039E+03
   #    506059  7.4503E+01  1.2704E-04  2.7344E+03
   #    506477  7.4556E+01  1.2709E-04  2.7645E+03
   #    506895  7.4610E+01  1.2719E-04  2.7945E+03
   #    507313  7.4663E+01  1.2728E-04  2.8245E+03
   #    507720  7.4715E+01  1.2739E-04  2.8545E+03
   #    508138  7.4768E+01  1.2749E-04  2.8846E+03
   #    508542  7.4819E+01  1.2755E-04  2.9146E+03
   #    508960  7.4873E+01  1.2758E-04  2.9447E+03
   #    509368  7.4925E+01  1.2747E-04  2.9747E+03
   #    509786  7.4978E+01  1.2726E-04  3.0047E+03
   #    510205  7.5031E+01  1.2699E-04  3.0348E+03
   #    510623  7.5084E+01  1.2673E-04  3.0648E+03
   #    511031  7.5136E+01  1.2658E-04  3.0948E+03
   #    511429  7.5186E+01  1.2658E-04  3.1248E+03
   #    511816  7.5235E+01  1.2665E-04  3.1549E+03
   #    512208  7.5285E+01  1.2672E-04  3.1849E+03
   #    512593  7.5334E+01  1.2684E-04  3.2149E+03
   #    512975  7.5382E+01  1.2694E-04  3.2450E+03
   #    513369  7.5432E+01  1.2697E-04  3.2750E+03
   #    513765  7.5482E+01  1.2692E-04  3.3050E+03
   #    514151  7.5531E+01  1.2690E-04  3.3350E+03
   #    514547  7.5582E+01  1.2690E-04  3.3650E+03
   #    514919  7.5629E+01  1.2693E-04  3.3951E+03
   #    515285  7.5675E+01  1.2701E-04  3.4251E+03
   #    515637  7.5720E+01  1.2712E-04  3.4551E+03
   #    515997  7.5766E+01  1.2727E-04  3.4852E+03
   #    516353  7.5811E+01  1.2742E-04  3.5153E+03
   #    516712  7.5857E+01  1.2748E-04  3.5453E+03
   #    517060  7.5901E+01  1.2740E-04  3.5753E+03
   #    517411  7.5946E+01  1.2716E-04  3.6054E+03
   #    517772  7.5992E+01  1.2687E-04  3.6355E+03
   #    518131  7.6037E+01  1.2664E-04  3.6655E+03
   #    518487  7.6082E+01  1.2647E-04  3.6956E+03
   #    518834  7.6126E+01  1.2634E-04  3.7256E+03
   #    519188  7.6171E+01  1.2634E-04  3.7557E+03
   #    519539  7.6215E+01  1.2640E-04  3.7857E+03
   #    519875  7.6257E+01  1.2656E-04  3.8158E+03
   #    520197  7.6298E+01  1.2683E-04  3.8458E+03
   #    520512  7.6338E+01  1.2709E-04  3.8758E+03
   #    520830  7.6379E+01  1.2744E-04  3.9059E+03
   #    521165  7.6421E+01  1.2770E-04  3.9359E+03
   #    521509  7.6465E+01  1.2781E-04  3.9659E+03
   #    521844  7.6508E+01  1.2781E-04  3.9960E+03
   #    522188  7.6552E+01  1.2784E-04  4.0260E+03
   #    522532  7.6596E+01  1.2794E-04  4.0560E+03
   #    522874  7.6640E+01  1.2812E-04  4.0861E+03
   #    523216  7.6684E+01  1.2831E-04  4.1162E+03
   #    523548  7.6726E+01  1.2834E-04  4.1462E+03
   #    523886  7.6770E+01  1.2820E-04  4.1762E+03
   #    524211  7.6811E+01  1.2816E-04  4.2062E+03
   #    524546  7.6854E+01  1.2797E-04  4.2363E+03
   #    524894  7.6899E+01  1.2773E-04  4.2664E+03
   #    525245  7.6943E+01  1.2717E-04  4.2964E+03
   #    525596  7.6988E+01  1.2676E-04  4.3265E+03
   #    525943  7.7032E+01  1.2609E-04  4.3565E+03
   #    526290  7.7076E+01  1.2576E-04  4.3866E+03
   #    526631  7.7118E+01  1.2507E-04  4.4166E+03
   #    526982  7.7162E+01  1.2437E-04  4.4466E+03
   #    527332  7.7205E+01  1.2413E-04  4.4767E+03
   #    527707  7.7252E+01  1.2351E-04  4.5067E+03
   #    528086  7.7299E+01  1.2289E-04  4.5367E+03
   #    528443  7.7342E+01  1.2233E-04  4.5668E+03
   #    528820  7.7388E+01  1.2202E-04  4.5968E+03
   #    529193  7.7434E+01  1.2126E-04  4.6269E+03
   #    529566  7.7479E+01  1.2057E-04  4.6569E+03
   #    529929  7.7523E+01  1.2010E-04  4.6869E+03
   #    530302  7.7567E+01  1.1964E-04  4.7169E+03
   #    530674  7.7612E+01  1.1909E-04  4.7469E+03
   #    531046  7.7656E+01  1.1850E-04  4.7770E+03
   #    531405  7.7698E+01  1.1795E-04  4.8070E+03
   #    531743  7.7738E+01  1.1743E-04  4.8371E+03
   #    532080  7.7777E+01  1.1683E-04  4.8671E+03
   #    532429  7.7818E+01  1.1631E-04  4.8972E+03
   #    532778  7.7859E+01  1.1575E-04  4.9273E+03
   #    533127  7.7899E+01  1.1527E-04  4.9573E+03
   #    533466  7.7938E+01  1.1485E-04  4.9874E+03
   #    533816  7.7978E+01  1.1449E-04  5.0175E+03
   #    534152  7.8016E+01  1.1402E-04  5.0475E+03
   #    534472  7.8053E+01  1.1367E-04  5.0776E+03
   #    534792  7.8089E+01  1.1321E-04  5.1076E+03
   #    535104  7.8124E+01  1.1293E-04  5.1376E+03
   #    535425  7.8161E+01  1.1247E-04  5.1677E+03
   #    535737  7.8196E+01  1.1227E-04  5.1978E+03
   #    536060  7.8232E+01  1.1199E-04  5.2278E+03
   #    536383  7.8268E+01  1.1166E-04  5.2578E+03
   #    536706  7.8304E+01  1.1151E-04  5.2879E+03
   #    537020  7.8339E+01  1.1123E-04  5.3180E+03
   #    537344  7.8375E+01  1.1115E-04  5.3480E+03
   #    537669  7.8411E+01  1.1095E-04  5.3780E+03
   #    537992  7.8447E+01  1.1084E-04  5.4081E+03
   #    538314  7.8482E+01  1.1062E-04  5.4382E+03
   #    538629  7.8517E+01  1.1054E-04  5.4682E+03
   #    538953  7.8553E+01  1.1034E-04  5.4982E+03
   #    539268  7.8588E+01  1.1019E-04  5.5283E+03
   #    539594  7.8624E+01  1.1001E-04  5.5583E+03
   #    539927  7.8660E+01  1.0977E-04  5.5884E+03
   #    540260  7.8697E+01  1.0947E-04  5.6184E+03
   #    540584  7.8732E+01  1.0915E-04  5.6485E+03
   #    540914  7.8768E+01  1.0889E-04  5.6785E+03
   #    541241  7.8804E+01  1.0848E-04  5.7085E+03
   #    541568  7.8839E+01  1.0809E-04  5.7386E+03
   #    541896  7.8874E+01  1.0775E-04  5.7686E+03
   #    542217  7.8909E+01  1.0747E-04  5.7986E+03
   #    542545  7.8944E+01  1.0716E-04  5.8286E+03
   #    542859  7.8978E+01  1.0687E-04  5.8587E+03
   #    543183  7.9012E+01  1.0657E-04  5.8887E+03
   #    543507  7.9047E+01  1.0623E-04  5.9187E+03
   #    543831  7.9081E+01  1.0592E-04  5.9487E+03
   #    544146  7.9114E+01  1.0558E-04  5.9788E+03
   #    544470  7.9149E+01  1.0524E-04  6.0088E+03
   #    544797  7.9183E+01  1.0492E-04  6.0389E+03
   #    545135  7.9218E+01  1.0469E-04  6.0689E+03
   #    545483  7.9255E+01  1.0444E-04  6.0990E+03
   #    545833  7.9291E+01  1.0414E-04  6.1290E+03
   #    546172  7.9326E+01  1.0378E-04  6.1591E+03
   #    546511  7.9362E+01  1.0338E-04  6.1891E+03
   #    546859  7.9397E+01  1.0293E-04  6.2192E+03
   #    547203  7.9433E+01  1.0247E-04  6.2492E+03
   #    547546  7.9468E+01  1.0204E-04  6.2793E+03
   #    547893  7.9503E+01  1.0157E-04  6.3093E+03
   #    548230  7.9537E+01  1.0117E-04  6.3393E+03
   #    548577  7.9572E+01  1.0076E-04  6.3694E+03
   #    548924  7.9607E+01  1.0035E-04  6.3994E+03
   #    549268  7.9642E+01  1.0000E-04  6.4295E+03
   #    549612  7.9676E+01  9.9673E-05  6.4596E+03
   #    549935  7.9708E+01  9.9380E-05  6.4897E+03
   #    550279  7.9742E+01  9.9087E-05  6.5197E+03
   #    550627  7.9777E+01  9.8810E-05  6.5498E+03
   #    550973  7.9811E+01  9.8527E-05  6.5798E+03
   #    551315  7.9844E+01  9.8245E-05  6.6099E+03
   #    551656  7.9878E+01  9.7861E-05  6.6399E+03
   #    551987  7.9910E+01  9.7468E-05  6.6699E+03
   #    552329  7.9944E+01  9.7059E-05  6.7000E+03
   #    552671  7.9977E+01  9.6644E-05  6.7301E+03
   #    553013  8.0010E+01  9.6219E-05  6.7601E+03
   #    553355  8.0042E+01  9.5810E-05  6.7901E+03
   #    553681  8.0074E+01  9.5413E-05  6.8202E+03
   #    554014  8.0105E+01  9.5012E-05  6.8507E+03
   #    554351  8.0137E+01  9.4617E-05  6.8807E+03
   #    554689  8.0169E+01  9.4216E-05  6.9108E+03
   #    555027  8.0201E+01  9.3814E-05  6.9408E+03
   #    555365  8.0232E+01  9.3419E-05  6.9709E+03
   #    555702  8.0264E+01  9.3034E-05  7.0010E+03
   #    556040  8.0295E+01  9.2636E-05  7.0310E+03
   #    556367  8.0326E+01  9.2260E-05  7.0611E+03
   #    556706  8.0357E+01  9.1877E-05  7.0912E+03
   #    557046  8.0388E+01  9.1499E-05  7.1212E+03
   #    557376  8.0418E+01  9.1137E-05  7.1513E+03
   #    557716  8.0449E+01  9.0768E-05  7.1814E+03
   #    558056  8.0480E+01  9.0402E-05  7.2114E+03
   #    558388  8.0510E+01  9.0045E-05  7.2414E+03
   #    558731  8.0540E+01  8.9676E-05  7.2715E+03
   #    559074  8.0571E+01  8.9310E-05  7.3016E+03
   #    559420  8.0602E+01  8.8947E-05  7.3316E+03
   #    559767  8.0633E+01  8.8586E-05  7.3616E+03
   #    560113  8.0663E+01  8.8230E-05  7.3916E+03
   #    560459  8.0694E+01  8.7878E-05  7.4216E+03
   #    560800  8.0724E+01  8.7535E-05  7.4517E+03
   #    561138  8.0753E+01  8.7200E-05  7.4817E+03
   #    561483  8.0783E+01  8.6863E-05  7.5118E+03
   #    561823  8.0813E+01  8.6535E-05  7.5418E+03
   #    562163  8.0842E+01  8.6211E-05  7.5719E+03
   #    562503  8.0871E+01  8.5885E-05  7.6019E+03
   #    562843  8.0901E+01  8.5565E-05  7.6319E+03
   #    563174  8.0929E+01  8.5258E-05  7.6620E+03
   #    563515  8.0958E+01  8.4948E-05  7.6921E+03
   #    563856  8.0987E+01  8.4644E-05  7.7221E+03
   #    564200  8.1016E+01  8.4343E-05  7.7521E+03
   #    564547  8.1045E+01  8.4045E-05  7.7822E+03
   #    564887  8.1073E+01  8.3759E-05  7.8122E+03
   #    565244  8.1103E+01  8.3466E-05  7.8422E+03
   #    565600  8.1133E+01  8.3172E-05  7.8723E+03
   #    565970  8.1164E+01  8.2870E-05  7.9023E+03
   #    566337  8.1194E+01  8.2578E-05  7.9323E+03
   #    566708  8.1225E+01  8.2291E-05  7.9624E+03
   #    567079  8.1255E+01  8.2013E-05  7.9924E+03
   #    567451  8.1285E+01  8.1745E-05  8.0225E+03
   #    567812  8.1315E+01  8.1499E-05  8.0526E+03
   #    568184  8.1345E+01  8.1262E-05  8.0826E+03
   #    568553  8.1375E+01  8.1048E-05  8.1126E+03
   #    568906  8.1404E+01  8.0864E-05  8.1427E+03
   #    569270  8.1433E+01  8.0702E-05  8.1728E+03
   #    569636  8.1463E+01  8.0572E-05  8.2028E+03
   #    570007  8.1493E+01  8.0474E-05  8.2328E+03
   #    570368  8.1522E+01  8.0407E-05  8.2628E+03
   #    570739  8.1551E+01  8.0365E-05  8.2929E+03
   #    571101  8.1580E+01  8.0355E-05  8.3229E+03
   #    571446  8.1608E+01  8.0369E-05  8.3530E+03
   #    571786  8.1635E+01  8.0404E-05  8.3830E+03
   #    572126  8.1663E+01  8.0454E-05  8.4131E+03
   #    572456  8.1689E+01  8.0516E-05  8.4431E+03
   #    572786  8.1716E+01  8.0591E-05  8.4731E+03
   #    573129  8.1744E+01  8.0681E-05  8.5032E+03
   #    573472  8.1771E+01  8.0785E-05  8.5333E+03
   #    573814  8.1799E+01  8.0903E-05  8.5633E+03
   #    574156  8.1827E+01  8.1034E-05  8.5933E+03
   #    574499  8.1854E+01  8.1182E-05  8.6234E+03
   #    574844  8.1882E+01  8.1357E-05  8.6534E+03
   #    575179  8.1910E+01  8.1548E-05  8.6835E+03
   #    575523  8.1938E+01  8.1766E-05  8.7135E+03
   #    575865  8.1966E+01  8.2011E-05  8.7435E+03
   #    576200  8.1993E+01  8.2277E-05  8.7736E+03
   #    576548  8.2022E+01  8.2586E-05  8.8036E+03
   #    576892  8.2050E+01  8.2932E-05  8.8337E+03
   #    577237  8.2079E+01  8.3332E-05  8.8637E+03
   #    577571  8.2107E+01  8.3698E-05  8.8937E+03
   #    577915  8.2136E+01  8.4057E-05  8.9238E+03
   #    578259  8.2165E+01  8.4302E-05  8.9538E+03
   #    578603  8.2194E+01  8.4478E-05  8.9838E+03
   #    578949  8.2223E+01  8.4676E-05  9.0139E+03
   #    579296  8.2252E+01  8.4914E-05  9.0439E+03
   #    579642  8.2282E+01  8.5172E-05  9.0739E+03
   #    579970  8.2310E+01  8.5382E-05  9.1040E+03
   #    580317  8.2339E+01  8.5542E-05  9.1341E+03
   #    580663  8.2369E+01  8.5621E-05  9.1641E+03
   #    581010  8.2399E+01  8.5605E-05  9.1941E+03
   #    581355  8.2428E+01  8.5510E-05  9.2242E+03
   #    581700  8.2458E+01  8.5308E-05  9.2542E+03
   #    582045  8.2487E+01  8.5016E-05  9.2842E+03
   #    582380  8.2516E+01  8.4943E-05  9.3142E+03
   #    582725  8.2545E+01  8.5149E-05  9.3443E+03
   #    583070  8.2574E+01  8.5799E-05  9.3743E+03
   #    583415  8.2604E+01  8.7136E-05  9.4044E+03
   #    583750  8.2634E+01  8.9600E-05  9.4344E+03
   #    584095  8.2665E+01  9.3126E-05  9.4645E+03
   #    584438  8.2698E+01  9.6968E-05  9.4945E+03
   #    584771  8.2731E+01  1.0080E-04  9.5246E+03
   #    585113  8.2766E+01  1.0425E-04  9.5546E+03
   #    585453  8.2801E+01  1.0556E-04  9.5846E+03
   #    585793  8.2838E+01  1.0647E-04  9.6147E+03
   #    586132  8.2874E+01  1.0711E-04  9.6448E+03
   #    586466  8.2910E+01  1.0767E-04  9.6748E+03
   #    586805  8.2946E+01  1.0814E-04  9.7048E+03
   #    587144  8.2983E+01  1.0859E-04  9.7349E+03
   #    587473  8.3019E+01  1.0899E-04  9.7649E+03
   #    587812  8.3056E+01  1.0939E-04  9.7950E+03
   #    588151  8.3093E+01  1.0978E-04  9.8250E+03
   #    588481  8.3129E+01  1.1018E-04  9.8551E+03
   #    588821  8.3167E+01  1.1062E-04  9.8851E+03
   #    589165  8.3205E+01  1.1110E-04  9.9152E+03
   #    589509  8.3243E+01  1.1139E-04  9.9452E+03
   #    589853  8.3281E+01  1.1165E-04  9.9752E+03
   #    590187  8.3319E+01  1.1182E-04  1.0005E+04
   #    590531  8.3357E+01  1.1206E-04  1.0035E+04
   #    590868  8.3395E+01  1.1223E-04  1.0065E+04
   #    591211  8.3433E+01  1.1242E-04  1.0095E+04
   #    591558  8.3472E+01  1.1250E-04  1.0125E+04
   #    591897  8.3511E+01  1.1241E-04  1.0155E+04
   #    592245  8.3550E+01  1.1211E-04  1.0185E+04
   #    592593  8.3589E+01  1.1192E-04  1.0215E+04
   #    592941  8.3627E+01  1.1187E-04  1.0245E+04
   #    593289  8.3666E+01  1.1218E-04  1.0276E+04
   #    593633  8.3705E+01  1.1268E-04  1.0306E+04
   #    593964  8.3742E+01  1.1321E-04  1.0336E+04
   #    594306  8.3781E+01  1.1381E-04  1.0366E+04
   #    594634  8.3819E+01  1.1457E-04  1.0396E+04
   #    594964  8.3857E+01  1.1511E-04  1.0426E+04
   #    595271  8.3892E+01  1.1596E-04  1.0456E+04
   #    595569  8.3927E+01  1.1639E-04  1.0486E+04
   #    595876  8.3962E+01  1.1724E-04  1.0516E+04
   #    596183  8.3999E+01  1.1790E-04  1.0546E+04
   #    596490  8.4035E+01  1.1848E-04  1.0576E+04
   #    596797  8.4071E+01  1.1932E-04  1.0606E+04
   #    597096  8.4107E+01  1.1964E-04  1.0636E+04
   #    597403  8.4144E+01  1.2052E-04  1.0666E+04
   #    597710  8.4181E+01  1.2090E-04  1.0696E+04
   #    598007  8.4217E+01  1.2150E-04  1.0726E+04
   #    598314  8.4254E+01  1.2216E-04  1.0756E+04
   #    598621  8.4292E+01  1.2262E-04  1.0786E+04
   #    598919  8.4328E+01  1.2336E-04  1.0816E+04
   #    599226  8.4366E+01  1.2374E-04  1.0846E+04
   #    599533  8.4404E+01  1.2434E-04  1.0876E+04
   #    599840  8.4443E+01  1.2496E-04  1.0906E+04
   #    600146  8.4481E+01  1.2537E-04  1.0937E+04
   #    600445  8.4519E+01  1.2592E-04  1.0967E+04
   #    600752  8.4557E+01  1.2640E-04  1.0997E+04
   #    601058  8.4596E+01  1.2663E-04  1.1027E+04
   #    601355  8.4634E+01  1.2695E-04  1.1057E+04
   #    601662  8.4673E+01  1.2731E-04  1.1087E+04
   #    601961  8.4711E+01  1.2747E-04  1.1117E+04
   #    602268  8.4750E+01  1.2765E-04  1.1147E+04
   #    602577  8.4789E+01  1.2791E-04  1.1177E+04
   #    602888  8.4829E+01  1.2817E-04  1.1207E+04
   #    603199  8.4869E+01  1.2842E-04  1.1237E+04
   #    603501  8.4908E+01  1.2863E-04  1.1267E+04
   #    603812  8.4948E+01  1.2885E-04  1.1297E+04
   #    604122  8.4988E+01  1.2902E-04  1.1327E+04
   #    604433  8.5028E+01  1.2918E-04  1.1357E+04
   #    604734  8.5067E+01  1.2933E-04  1.1387E+04
   #    605040  8.5107E+01  1.2949E-04  1.1418E+04
   #    605351  8.5147E+01  1.2968E-04  1.1448E+04
   #    605662  8.5187E+01  1.2989E-04  1.1478E+04
   #    605973  8.5228E+01  1.3011E-04  1.1508E+04
   #    606284  8.5268E+01  1.3028E-04  1.1538E+04
   #    606592  8.5308E+01  1.3040E-04  1.1568E+04
   #    606913  8.5350E+01  1.3048E-04  1.1598E+04
   #    607234  8.5392E+01  1.3055E-04  1.1629E+04
   #    607555  8.5434E+01  1.3063E-04  1.1659E+04
   #    607866  8.5474E+01  1.3070E-04  1.1689E+04
   #    608159  8.5513E+01  1.3078E-04  1.1719E+04
   #    608470  8.5553E+01  1.3087E-04  1.1749E+04
   #    608782  8.5594E+01  1.3093E-04  1.1779E+04
   #    609093  8.5635E+01  1.3099E-04  1.1809E+04
   #    609403  8.5676E+01  1.3104E-04  1.1839E+04
   #    609706  8.5715E+01  1.3109E-04  1.1869E+04
   #    610016  8.5756E+01  1.3116E-04  1.1899E+04
   #    610325  8.5796E+01  1.3121E-04  1.1929E+04
   #    610640  8.5838E+01  1.3126E-04  1.1959E+04
   #    610955  8.5879E+01  1.3130E-04  1.1989E+04
   #    611251  8.5918E+01  1.3136E-04  1.2019E+04
   #    611565  8.5959E+01  1.3141E-04  1.2049E+04
   #    611880  8.6001E+01  1.3144E-04  1.2079E+04
   #    612186  8.6041E+01  1.3147E-04  1.2109E+04
   #    612492  8.6081E+01  1.3150E-04  1.2139E+04
   #    612789  8.6120E+01  1.3153E-04  1.2169E+04
   #    613098  8.6161E+01  1.3158E-04  1.2199E+04
   #    613413  8.6202E+01  1.3163E-04  1.2229E+04
   #    613732  8.6244E+01  1.3169E-04  1.2259E+04
   #    614051  8.6286E+01  1.3176E-04  1.2289E+04
   #    614358  8.6327E+01  1.3184E-04  1.2319E+04
   #    614664  8.6367E+01  1.3189E-04  1.2350E+04
   #    614979  8.6409E+01  1.3194E-04  1.2380E+04
   #    615294  8.6450E+01  1.3198E-04  1.2410E+04
   #    615609  8.6492E+01  1.3204E-04  1.2440E+04
   #    615916  8.6532E+01  1.3210E-04  1.2470E+04
   #    616231  8.6574E+01  1.3217E-04  1.2500E+04
   #    616545  8.6615E+01  1.3224E-04  1.2530E+04
   #    616859  8.6657E+01  1.3229E-04  1.2560E+04
   #    617173  8.6698E+01  1.3232E-04  1.2590E+04
   #    617477  8.6739E+01  1.3234E-04  1.2620E+04
   #    617790  8.6780E+01  1.3234E-04  1.2650E+04
   #    618094  8.6820E+01  1.3235E-04  1.2680E+04
   #    618408  8.6862E+01  1.3237E-04  1.2710E+04
   #    618722  8.6903E+01  1.3240E-04  1.2740E+04
   #    619027  8.6944E+01  1.3244E-04  1.2770E+04
   #    619342  8.6985E+01  1.3250E-04  1.2800E+04
   #    619658  8.7027E+01  1.3247E-04  1.2830E+04
   #    619973  8.7069E+01  1.3245E-04  1.2860E+04
   #    620278  8.7109E+01  1.3242E-04  1.2891E+04
   #    620593  8.7151E+01  1.3237E-04  1.2921E+04
   #    620910  8.7193E+01  1.3237E-04  1.2951E+04
   #    621220  8.7234E+01  1.3239E-04  1.2981E+04
   #    621513  8.7273E+01  1.3243E-04  1.3011E+04
   #    621806  8.7312E+01  1.3248E-04  1.3041E+04
   #    622105  8.7351E+01  1.3253E-04  1.3071E+04
   #    622404  8.7391E+01  1.3256E-04  1.3101E+04
   #    622703  8.7430E+01  1.3253E-04  1.3131E+04
   #    623002  8.7470E+01  1.3250E-04  1.3161E+04
   #    623292  8.7509E+01  1.3247E-04  1.3191E+04
   #    623592  8.7548E+01  1.3244E-04  1.3221E+04
   #    623892  8.7588E+01  1.3240E-04  1.3251E+04
   #    624192  8.7628E+01  1.3236E-04  1.3281E+04
   #    624492  8.7667E+01  1.3232E-04  1.3311E+04
   #    624784  8.7706E+01  1.3230E-04  1.3341E+04
   #    625074  8.7744E+01  1.3227E-04  1.3371E+04
   #    625373  8.7784E+01  1.3223E-04  1.3401E+04
   #    625673  8.7824E+01  1.3219E-04  1.3431E+04
   #    625972  8.7863E+01  1.3213E-04  1.3461E+04
   #    626271  8.7903E+01  1.3209E-04  1.3492E+04
   #    626561  8.7941E+01  1.3207E-04  1.3522E+04
   #    626860  8.7980E+01  1.3206E-04  1.3552E+04
   #    627159  8.8020E+01  1.3203E-04  1.3582E+04
   #    627459  8.8059E+01  1.3202E-04  1.3612E+04
   #    627750  8.8098E+01  1.3197E-04  1.3642E+04
   #    628040  8.8136E+01  1.3192E-04  1.3672E+04
   #    628340  8.8176E+01  1.3188E-04  1.3702E+04
   #    628659  8.8218E+01  1.3185E-04  1.3732E+04
   #    628985  8.8261E+01  1.3178E-04  1.3762E+04
   #    629311  8.8304E+01  1.3167E-04  1.3792E+04
   #    629628  8.8345E+01  1.3159E-04  1.3822E+04
   #    629955  8.8388E+01  1.3146E-04  1.3852E+04
   #    630282  8.8431E+01  1.3115E-04  1.3882E+04
   #    630608  8.8474E+01  1.3081E-04  1.3912E+04
   #    630924  8.8515E+01  1.3046E-04  1.3942E+04
   #    631240  8.8556E+01  1.3016E-04  1.3972E+04
   #    631566  8.8599E+01  1.2995E-04  1.4002E+04
   #    631893  8.8641E+01  1.2954E-04  1.4032E+04
   #    632220  8.8683E+01  1.2925E-04  1.4062E+04
   #    632537  8.8724E+01  1.2900E-04  1.4093E+04
   #    632864  8.8766E+01  1.2861E-04  1.4123E+04
   #    633190  8.8808E+01  1.2835E-04  1.4153E+04
   #    633518  8.8850E+01  1.2811E-04  1.4183E+04
   #    633846  8.8892E+01  1.2773E-04  1.4213E+04
   #    634165  8.8933E+01  1.2752E-04  1.4243E+04
   #    634493  8.8975E+01  1.2736E-04  1.4273E+04
   #    634812  8.9015E+01  1.2697E-04  1.4303E+04
   #    635140  8.9057E+01  1.2680E-04  1.4333E+04
   #    635468  8.9099E+01  1.2680E-04  1.4363E+04
   #    635785  8.9139E+01  1.2640E-04  1.4393E+04
   #    636113  8.9180E+01  1.2612E-04  1.4423E+04
   #    636441  8.9221E+01  1.2613E-04  1.4453E+04
   #    636769  8.9263E+01  1.2583E-04  1.4483E+04
   #    637097  8.9304E+01  1.2555E-04  1.4513E+04
   #    637416  8.9344E+01  1.2555E-04  1.4543E+04
   #    637744  8.9385E+01  1.2524E-04  1.4573E+04
   #    638076  8.9427E+01  1.2505E-04  1.4603E+04
   #    638404  8.9468E+01  1.2511E-04  1.4633E+04
   #    638729  8.9508E+01  1.2479E-04  1.4663E+04
   #    639065  8.9550E+01  1.2470E-04  1.4693E+04
   #    639401  8.9592E+01  1.2495E-04  1.4724E+04
   #    639737  8.9634E+01  1.2442E-04  1.4754E+04
   #    640073  8.9676E+01  1.2438E-04  1.4784E+04
   #    640398  8.9716E+01  1.2452E-04  1.4814E+04
   #    640734  8.9758E+01  1.2407E-04  1.4844E+04
   #    641070  8.9800E+01  1.2411E-04  1.4874E+04
   #    641409  8.9842E+01  1.2394E-04  1.4904E+04
   #    641748  8.9884E+01  1.2385E-04  1.4934E+04
   #    642067  8.9923E+01  1.2413E-04  1.4964E+04
   #    642406  8.9965E+01  1.2367E-04  1.4994E+04
   #    642745  9.0007E+01  1.2398E-04  1.5024E+04
   #    643084  9.0049E+01  1.2370E-04  1.5054E+04
   #    643420  9.0091E+01  1.2367E-04  1.5084E+04
   #    643748  9.0131E+01  1.2382E-04  1.5114E+04
   #    644087  9.0173E+01  1.2343E-04  1.5145E+04
   #    644425  9.0215E+01  1.2389E-04  1.5175E+04
   #    644763  9.0257E+01  1.2346E-04  1.5205E+04
   #    645101  9.0298E+01  1.2341E-04  1.5235E+04
   #    645429  9.0339E+01  1.2365E-04  1.5265E+04
   #    645760  9.0380E+01  1.2324E-04  1.5295E+04
   #    646099  9.0422E+01  1.2369E-04  1.5325E+04
   #    646437  9.0463E+01  1.2320E-04  1.5355E+04
   #    646775  9.0505E+01  1.2338E-04  1.5385E+04
   #    647102  9.0545E+01  1.2319E-04  1.5415E+04
   #    647441  9.0587E+01  1.2311E-04  1.5445E+04
   #    647780  9.0629E+01  1.2316E-04  1.5475E+04
   #    648119  9.0670E+01  1.2301E-04  1.5505E+04
   #    648448  9.0711E+01  1.2311E-04  1.5535E+04
   #    648786  9.0753E+01  1.2286E-04  1.5565E+04
   #    649115  9.0793E+01  1.2303E-04  1.5595E+04
   #    649454  9.0835E+01  1.2272E-04  1.5625E+04
   #    649791  9.0876E+01  1.2292E-04  1.5655E+04
   #    650120  9.0916E+01  1.2259E-04  1.5685E+04
   #    650459  9.0958E+01  1.2278E-04  1.5715E+04
   #    650798  9.1000E+01  1.2248E-04  1.5746E+04
   #    651128  9.1040E+01  1.2258E-04  1.5776E+04
   #    651437  9.1078E+01  1.2233E-04  1.5806E+04
   #    651734  9.1114E+01  1.2248E-04  1.5836E+04
   #    652040  9.1152E+01  1.2217E-04  1.5866E+04
   #    652346  9.1189E+01  1.2231E-04  1.5896E+04
   #    652644  9.1225E+01  1.2211E-04  1.5926E+04
   #    652950  9.1263E+01  1.2212E-04  1.5956E+04
   #    653256  9.1300E+01  1.2198E-04  1.5986E+04
   #    653554  9.1336E+01  1.2192E-04  1.6016E+04
   #    653859  9.1374E+01  1.2182E-04  1.6046E+04
   #    654165  9.1411E+01  1.2170E-04  1.6076E+04
   #    654471  9.1448E+01  1.2165E-04  1.6106E+04
   #    654777  9.1485E+01  1.2145E-04  1.6136E+04
   #    655074  9.1521E+01  1.2135E-04  1.6166E+04
   #    655380  9.1558E+01  1.2122E-04  1.6196E+04
   #    655681  9.1595E+01  1.2114E-04  1.6226E+04
   #    655972  9.1630E+01  1.2111E-04  1.6256E+04
   #    656272  9.1666E+01  1.2103E-04  1.6286E+04
   #    656572  9.1703E+01  1.2099E-04  1.6316E+04
   #    656863  9.1738E+01  1.2076E-04  1.6346E+04
   #    657163  9.1774E+01  1.2073E-04  1.6377E+04
   #    657463  9.1810E+01  1.2066E-04  1.6407E+04
   #    657763  9.1846E+01  1.2056E-04  1.6437E+04
   #    658063  9.1882E+01  1.2038E-04  1.6467E+04
   #    658354  9.1918E+01  1.2043E-04  1.6497E+04
   #    658654  9.1954E+01  1.2038E-04  1.6527E+04
   #    658954  9.1990E+01  1.2031E-04  1.6557E+04
   #    659245  9.2025E+01  1.2029E-04  1.6587E+04
   #    659545  9.2061E+01  1.2022E-04  1.6617E+04
   #    659845  9.2097E+01  1.2018E-04  1.6647E+04
   #    660136  9.2132E+01  1.2008E-04  1.6677E+04
   #    660436  9.2168E+01  1.2011E-04  1.6707E+04
   #    660736  9.2204E+01  1.2018E-04  1.6737E+04
   #    661036  9.2240E+01  1.2009E-04  1.6767E+04
   #    661329  9.2275E+01  1.1992E-04  1.6797E+04
   #    661615  9.2309E+01  1.1992E-04  1.6828E+04
   #    661905  9.2344E+01  1.1994E-04  1.6858E+04
   #    662198  9.2379E+01  1.1991E-04  1.6888E+04
   #    662483  9.2413E+01  1.1984E-04  1.6918E+04
   #    662776  9.2448E+01  1.1973E-04  1.6948E+04
   #    663069  9.2483E+01  1.1971E-04  1.6978E+04
   #    663354  9.2518E+01  1.1974E-04  1.7008E+04
   #    663647  9.2553E+01  1.1951E-04  1.7038E+04
   #    663939  9.2588E+01  1.1928E-04  1.7069E+04
   #    664231  9.2622E+01  1.1931E-04  1.7099E+04
   #    664531  9.2658E+01  1.1920E-04  1.7129E+04
   #    664831  9.2694E+01  1.1883E-04  1.7159E+04
   #    665122  9.2728E+01  1.1871E-04  1.7189E+04
   #    665414  9.2763E+01  1.1863E-04  1.7219E+04
   #    665713  9.2798E+01  1.1827E-04  1.7249E+04
   #    666013  9.2834E+01  1.1819E-04  1.7279E+04
   #    666312  9.2869E+01  1.1810E-04  1.7309E+04
   #    666611  9.2904E+01  1.1779E-04  1.7339E+04
   #    666900  9.2938E+01  1.1787E-04  1.7369E+04
   #    667199  9.2974E+01  1.1767E-04  1.7399E+04
   #    667498  9.3009E+01  1.1752E-04  1.7429E+04
   #    667797  9.3044E+01  1.1729E-04  1.7459E+04
   #    668097  9.3079E+01  1.1712E-04  1.7489E+04
   #    668405  9.3115E+01  1.1681E-04  1.7519E+04
   #    668722  9.3152E+01  1.1668E-04  1.7549E+04
   #    669049  9.3190E+01  1.1641E-04  1.7579E+04
   #    669376  9.3228E+01  1.1599E-04  1.7609E+04
   #    669699  9.3266E+01  1.1591E-04  1.7639E+04
   #    670020  9.3303E+01  1.1569E-04  1.7669E+04
   #    670330  9.3339E+01  1.1543E-04  1.7700E+04
   #    670651  9.3376E+01  1.1517E-04  1.7730E+04
   #    670972  9.3413E+01  1.1528E-04  1.7760E+04
   #    671293  9.3450E+01  1.1510E-04  1.7790E+04
   #    671614  9.3486E+01  1.1474E-04  1.7820E+04
   #    671926  9.3522E+01  1.1468E-04  1.7850E+04
   #    672237  9.3558E+01  1.1491E-04  1.7880E+04
   #    672558  9.3595E+01  1.1456E-04  1.7910E+04
   #    672879  9.3631E+01  1.1434E-04  1.7940E+04
   #    673200  9.3668E+01  1.1443E-04  1.7970E+04
   #    673521  9.3705E+01  1.1446E-04  1.8000E+04
   #    673832  9.3740E+01  1.1421E-04  1.8030E+04
   #    674153  9.3777E+01  1.1395E-04  1.8060E+04
   #    674474  9.3814E+01  1.1434E-04  1.8090E+04
   #    674795  9.3850E+01  1.1457E-04  1.8120E+04
   #    675116  9.3887E+01  1.1409E-04  1.8150E+04
   #    675428  9.3923E+01  1.1393E-04  1.8180E+04
   #    675739  9.3958E+01  1.1417E-04  1.8210E+04
   #    676061  9.3995E+01  1.1457E-04  1.8240E+04
   #    676383  9.4032E+01  1.1474E-04  1.8270E+04
   #    676705  9.4069E+01  1.1461E-04  1.8301E+04
   #    677027  9.4106E+01  1.1449E-04  1.8331E+04
   #    677340  9.4142E+01  1.1474E-04  1.8361E+04
   #    677662  9.4179E+01  1.1514E-04  1.8391E+04
   #    677984  9.4216E+01  1.1535E-04  1.8421E+04
   #    678307  9.4253E+01  1.1494E-04  1.8451E+04
   #    678629  9.4290E+01  1.1496E-04  1.8481E+04
   #    678942  9.4326E+01  1.1512E-04  1.8511E+04
   #    679256  9.4362E+01  1.1529E-04  1.8541E+04
   #    679580  9.4399E+01  1.1558E-04  1.8571E+04
   #    679904  9.4437E+01  1.1580E-04  1.8601E+04
   #    680229  9.4475E+01  1.1596E-04  1.8631E+04
   #    680544  9.4511E+01  1.1595E-04  1.8661E+04
   #    680869  9.4549E+01  1.1610E-04  1.8691E+04
   #    681194  9.4587E+01  1.1636E-04  1.8721E+04
   #    681519  9.4624E+01  1.1659E-04  1.8751E+04
   #    681843  9.4662E+01  1.1696E-04  1.8781E+04
   #    682168  9.4700E+01  1.1720E-04  1.8811E+04
   #    682477  9.4736E+01  1.1733E-04  1.8841E+04
   #    682802  9.4775E+01  1.1754E-04  1.8871E+04
   #    683127  9.4813E+01  1.1772E-04  1.8901E+04
   #    683452  9.4851E+01  1.1798E-04  1.8932E+04
   #    683777  9.4889E+01  1.1775E-04  1.8962E+04
   #    684092  9.4926E+01  1.1752E-04  1.8992E+04
   #    684418  9.4965E+01  1.1725E-04  1.9022E+04
   #    684743  9.5003E+01  1.1704E-04  1.9052E+04
   #    685069  9.5041E+01  1.1684E-04  1.9082E+04
   #    685395  9.5079E+01  1.1659E-04  1.9112E+04
   #    685714  9.5116E+01  1.1631E-04  1.9142E+04
   #    686032  9.5153E+01  1.1605E-04  1.9172E+04
   #    686358  9.5191E+01  1.1585E-04  1.9202E+04
   #    686684  9.5229E+01  1.1572E-04  1.9232E+04
   #    687019  9.5267E+01  1.1562E-04  1.9262E+04
   #    687356  9.5306E+01  1.1552E-04  1.9292E+04
   #    687680  9.5344E+01  1.1537E-04  1.9322E+04
   #    688014  9.5382E+01  1.1520E-04  1.9352E+04
   #    688349  9.5421E+01  1.1498E-04  1.9382E+04
   #    688683  9.5459E+01  1.1475E-04  1.9412E+04
   #    689018  9.5497E+01  1.1457E-04  1.9442E+04
   #    689343  9.5535E+01  1.1443E-04  1.9473E+04
   #    689666  9.5572E+01  1.1433E-04  1.9503E+04
   #    689999  9.5610E+01  1.1422E-04  1.9533E+04
   #    690332  9.5648E+01  1.1407E-04  1.9563E+04
   #    690665  9.5686E+01  1.1386E-04  1.9593E+04
   #    690987  9.5722E+01  1.1364E-04  1.9623E+04
   #    691320  9.5760E+01  1.1342E-04  1.9653E+04
   #    691653  9.5798E+01  1.1328E-04  1.9683E+04
   #    691986  9.5835E+01  1.1320E-04  1.9713E+04
   #    692319  9.5873E+01  1.1318E-04  1.9743E+04
   #    692647  9.5910E+01  1.1320E-04  1.9773E+04
   #    692980  9.5948E+01  1.1324E-04  1.9803E+04
   #    693303  9.5985E+01  1.1327E-04  1.9833E+04
   #    693636  9.6022E+01  1.1335E-04  1.9863E+04
   #    693968  9.6060E+01  1.1345E-04  1.9893E+04
   #    694297  9.6097E+01  1.1356E-04  1.9923E+04
   #    694616  9.6133E+01  1.1368E-04  1.9954E+04
   #    694945  9.6171E+01  1.1382E-04  1.9984E+04
   #    695274  9.6208E+01  1.1396E-04  2.0014E+04
   #    695603  9.6246E+01  1.1408E-04  2.0044E+04
   #    695934  9.6284E+01  1.1419E-04  2.0074E+04
   #    696258  9.6321E+01  1.1426E-04  2.0104E+04
   #    696590  9.6359E+01  1.1430E-04  2.0134E+04
   #    696912  9.6395E+01  1.1433E-04  2.0164E+04
   #    697244  9.6433E+01  1.1433E-04  2.0194E+04
   #    697576  9.6471E+01  1.1432E-04  2.0224E+04
   #    697908  9.6509E+01  1.1427E-04  2.0254E+04
   #    698231  9.6546E+01  1.1418E-04  2.0284E+04
   #    698566  9.6584E+01  1.1407E-04  2.0314E+04
   #    698907  9.6623E+01  1.1394E-04  2.0344E+04
   #    699248  9.6662E+01  1.1385E-04  2.0374E+04
   #    699589  9.6701E+01  1.1379E-04  2.0404E+04
   #    699920  9.6738E+01  1.1375E-04  2.0434E+04
   #    700261  9.6777E+01  1.1368E-04  2.0464E+04
   #    700590  9.6815E+01  1.1359E-04  2.0494E+04
   #    700931  9.6853E+01  1.1351E-04  2.0524E+04
   #    701272  9.6892E+01  1.1343E-04  2.0554E+04
   #    701603  9.6929E+01  1.1333E-04  2.0584E+04
   #    701943  9.6968E+01  1.1319E-04  2.0614E+04
   #    702284  9.7007E+01  1.1304E-04  2.0644E+04
   #    702625  9.7045E+01  1.1288E-04  2.0675E+04
   #    702965  9.7083E+01  1.1271E-04  2.0705E+04
   #    703296  9.7121E+01  1.1244E-04  2.0735E+04
   #    703637  9.7159E+01  1.1220E-04  2.0765E+04
   #    703968  9.7196E+01  1.1201E-04  2.0795E+04
   #    704309  9.7234E+01  1.1180E-04  2.0825E+04
   #    704648  9.7272E+01  1.1162E-04  2.0855E+04
   #    704987  9.7310E+01  1.1145E-04  2.0885E+04
   #    705318  9.7347E+01  1.1130E-04  2.0915E+04
   #    705657  9.7384E+01  1.1115E-04  2.0945E+04
   #    705996  9.7422E+01  1.1103E-04  2.0975E+04
   #    706335  9.7460E+01  1.1093E-04  2.1005E+04
   #    706674  9.7497E+01  1.1084E-04  2.1035E+04
   #    707003  9.7534E+01  1.1070E-04  2.1065E+04
   #    707342  9.7571E+01  1.1054E-04  2.1095E+04
   #    707671  9.7608E+01  1.1033E-04  2.1125E+04
   #    708000  9.7644E+01  1.1008E-04  2.1155E+04
   #    708330  9.7680E+01  1.0987E-04  2.1185E+04
   #    708649  9.7715E+01  1.0972E-04  2.1215E+04
   #    708975  9.7751E+01  1.0962E-04  2.1245E+04
   #    709304  9.7787E+01  1.0957E-04  2.1275E+04
   #    709636  9.7823E+01  1.0959E-04  2.1305E+04
   #    709968  9.7860E+01  1.0965E-04  2.1335E+04
   #    710300  9.7896E+01  1.0972E-04  2.1365E+04
   #    710622  9.7931E+01  1.0985E-04  2.1396E+04
   #    710954  9.7968E+01  1.1000E-04  2.1426E+04
   #    711276  9.8003E+01  1.1014E-04  2.1456E+04
   #    711608  9.8040E+01  1.1026E-04  2.1486E+04
   #    711940  9.8077E+01  1.1036E-04  2.1516E+04
   #    712261  9.8112E+01  1.1045E-04  2.1546E+04
   #    712593  9.8149E+01  1.1054E-04  2.1576E+04
   #    712925  9.8185E+01  1.1065E-04  2.1606E+04
   #    713257  9.8222E+01  1.1075E-04  2.1636E+04
   #    713588  9.8259E+01  1.1088E-04  2.1666E+04
   #    713920  9.8296E+01  1.1102E-04  2.1696E+04
   #    714243  9.8331E+01  1.1116E-04  2.1726E+04
   #    714574  9.8368E+01  1.1132E-04  2.1756E+04
   #    714895  9.8404E+01  1.1142E-04  2.1786E+04
   #    715225  9.8441E+01  1.1151E-04  2.1816E+04
   #    715555  9.8477E+01  1.1162E-04  2.1846E+04
   #    715876  9.8513E+01  1.1173E-04  2.1876E+04
   #    716207  9.8550E+01  1.1185E-04  2.1906E+04
   #    716538  9.8587E+01  1.1195E-04  2.1936E+04
   #    716869  9.8624E+01  1.1203E-04  2.1966E+04
   #    717201  9.8662E+01  1.1211E-04  2.1997E+04
   #    717533  9.8699E+01  1.1214E-04  2.2027E+04
   #    717854  9.8735E+01  1.1216E-04  2.2057E+04
   #    718186  9.8772E+01  1.1212E-04  2.2087E+04
   #    718504  9.8808E+01  1.1197E-04  2.2117E+04
   #    718826  9.8844E+01  1.1179E-04  2.2147E+04
   #    719148  9.8880E+01  1.1162E-04  2.2177E+04
   #    719461  9.8915E+01  1.1148E-04  2.2207E+04
   #    719785  9.8951E+01  1.1133E-04  2.2237E+04
   #    720120  9.8988E+01  1.1120E-04  2.2267E+04
   #    720455  9.9025E+01  1.1104E-04  2.2297E+04
   #    720790  9.9062E+01  1.1091E-04  2.2327E+04
   #    721125  9.9099E+01  1.1078E-04  2.2357E+04
   #    721450  9.9135E+01  1.1068E-04  2.2387E+04
   #    721776  9.9171E+01  1.1060E-04  2.2417E+04
   #    722110  9.9208E+01  1.1054E-04  2.2447E+04
   #    722445  9.9245E+01  1.1048E-04  2.2477E+04
   #    722780  9.9282E+01  1.1040E-04  2.2507E+04
   #    723105  9.9318E+01  1.1030E-04  2.2537E+04
   #    723440  9.9355E+01  1.1019E-04  2.2568E+04
   #    723775  9.9392E+01  1.1005E-04  2.2598E+04
   #    724110  9.9429E+01  1.0987E-04  2.2628E+04
   #    724445  9.9466E+01  1.0968E-04  2.2658E+04
   #    724780  9.9502E+01  1.0946E-04  2.2688E+04
   #    725106  9.9538E+01  1.0928E-04  2.2718E+04
   #    725431  9.9574E+01  1.0918E-04  2.2748E+04
   #    725766  9.9610E+01  1.0912E-04  2.2778E+04
   #    726101  9.9647E+01  1.0912E-04  2.2808E+04
   #    726436  9.9683E+01  1.0909E-04  2.2838E+04
   #    726761  9.9719E+01  1.0900E-04  2.2868E+04
   #    727095  9.9755E+01  1.0887E-04  2.2898E+04
   #    727430  9.9791E+01  1.0873E-04  2.2928E+04
   #    727768  9.9828E+01  1.0861E-04  2.2958E+04
   #    728106  9.9865E+01  1.0853E-04  2.2988E+04
   #    728443  9.9901E+01  1.0853E-04  2.3018E+04
   #    728771  9.9937E+01  1.0860E-04  2.3048E+04
   #    729099  9.9973E+01  1.0870E-04  2.3079E+04
   #    729436  1.0001E+02  1.0864E-04  2.3109E+04
   #    729772  1.0005E+02  1.0787E-04  2.3139E+04
   #    730108  1.0008E+02  1.0725E-04  2.3169E+04
   #    730434  1.0012E+02  1.0660E-04  2.3199E+04
   #    730770  1.0015E+02  1.0589E-04  2.3229E+04
   #    731106  1.0019E+02  1.0533E-04  2.3259E+04
   #    731441  1.0022E+02  1.0386E-04  2.3289E+04
   #    731776  1.0026E+02  1.0197E-04  2.3319E+04
   #    732111  1.0029E+02  1.0151E-04  2.3349E+04
   #    732436  1.0032E+02  1.0390E-04  2.3379E+04
   #    732761  1.0036E+02  1.0727E-04  2.3409E+04
   #    733096  1.0040E+02  1.0966E-04  2.3439E+04
   #    733431  1.0043E+02  1.1013E-04  2.3469E+04
   #    733766  1.0047E+02  1.0945E-04  2.3499E+04
   #    734101  1.0051E+02  1.0930E-04  2.3529E+04
   #    734426  1.0054E+02  1.0931E-04  2.3559E+04
   #    734761  1.0058E+02  1.0962E-04  2.3589E+04
   #    735099  1.0061E+02  1.0985E-04  2.3619E+04
   #    735436  1.0065E+02  1.1003E-04  2.3649E+04
   #    735773  1.0069E+02  1.1021E-04  2.3679E+04
   #    736095  1.0072E+02  1.1053E-04  2.3710E+04
   #    736419  1.0076E+02  1.1074E-04  2.3740E+04
   #    736753  1.0080E+02  1.1103E-04  2.3770E+04
   #    737087  1.0083E+02  1.1127E-04  2.3800E+04
   #    737421  1.0087E+02  1.1152E-04  2.3830E+04
   #    737754  1.0091E+02  1.1140E-04  2.3860E+04
   #    738076  1.0094E+02  1.1127E-04  2.3890E+04
   #    738410  1.0098E+02  1.1111E-04  2.3920E+04
   #    738749  1.0102E+02  1.1094E-04  2.3950E+04
   #    739087  1.0106E+02  1.1080E-04  2.3980E+04
   #    739423  1.0109E+02  1.1063E-04  2.4010E+04
   #    739750  1.0113E+02  1.1045E-04  2.4040E+04
   #    740075  1.0117E+02  1.1025E-04  2.4070E+04
   #    740410  1.0120E+02  1.1013E-04  2.4100E+04
   #    740745  1.0124E+02  1.1002E-04  2.4130E+04
   #    741079  1.0128E+02  1.0995E-04  2.4160E+04
   #    741403  1.0131E+02  1.0991E-04  2.4190E+04
   #    741736  1.0135E+02  1.0988E-04  2.4220E+04
   #    742069  1.0139E+02  1.0982E-04  2.4250E+04
   #    742402  1.0142E+02  1.0980E-04  2.4280E+04
   #    742736  1.0146E+02  1.0976E-04  2.4311E+04
   #    743069  1.0150E+02  1.0965E-04  2.4341E+04
   #    743384  1.0153E+02  1.0953E-04  2.4371E+04
   #    743717  1.0157E+02  1.0941E-04  2.4401E+04
   #    744050  1.0160E+02  1.0932E-04  2.4431E+04
   #    744384  1.0164E+02  1.0927E-04  2.4461E+04
   #    744717  1.0168E+02  1.0927E-04  2.4491E+04
   #    745045  1.0171E+02  1.0928E-04  2.4521E+04
   #    745365  1.0175E+02  1.0930E-04  2.4551E+04
   #    745693  1.0178E+02  1.0927E-04  2.4581E+04
   #    746025  1.0182E+02  1.0921E-04  2.4611E+04
   #    746358  1.0185E+02  1.0915E-04  2.4641E+04
   #    746691  1.0189E+02  1.0915E-04  2.4671E+04
   #    747004  1.0193E+02  1.0920E-04  2.4701E+04
   #    747338  1.0196E+02  1.0926E-04  2.4731E+04
   #    747672  1.0200E+02  1.0934E-04  2.4761E+04
   #    748005  1.0203E+02  1.0946E-04  2.4791E+04
   #    748338  1.0207E+02  1.0960E-04  2.4821E+04
   #    748669  1.0211E+02  1.0970E-04  2.4851E+04
   #    748989  1.0214E+02  1.0981E-04  2.4881E+04
   #    749319  1.0218E+02  1.0994E-04  2.4911E+04
   #    749648  1.0221E+02  1.1009E-04  2.4941E+04
   #    749975  1.0225E+02  1.1028E-04  2.4971E+04
   #    750300  1.0229E+02  1.1049E-04  2.5001E+04
   #    750604  1.0232E+02  1.1066E-04  2.5031E+04
   #    750931  1.0236E+02  1.1084E-04  2.5061E+04
   #    751262  1.0239E+02  1.1104E-04  2.5091E+04
   #    751598  1.0243E+02  1.1125E-04  2.5122E+04
   #    751934  1.0247E+02  1.1141E-04  2.5152E+04
   #    752246  1.0250E+02  1.1152E-04  2.5182E+04
   #    752549  1.0254E+02  1.1163E-04  2.5212E+04
   #    752861  1.0257E+02  1.1174E-04  2.5242E+04
   #    753173  1.0261E+02  1.1178E-04  2.5272E+04
   #    753482  1.0264E+02  1.1179E-04  2.5302E+04
   #    753788  1.0267E+02  1.1172E-04  2.5332E+04
   #    754085  1.0271E+02  1.1167E-04  2.5362E+04
   #    754381  1.0274E+02  1.1164E-04  2.5392E+04
   #    754684  1.0277E+02  1.1162E-04  2.5422E+04
   #    754992  1.0281E+02  1.1160E-04  2.5452E+04
   #    755300  1.0284E+02  1.1157E-04  2.5482E+04
   #    755609  1.0288E+02  1.1155E-04  2.5512E+04
   #    755915  1.0291E+02  1.1150E-04  2.5543E+04
   #    756223  1.0295E+02  1.1139E-04  2.5573E+04
   #    756531  1.0298E+02  1.1128E-04  2.5603E+04
   #    756838  1.0301E+02  1.1115E-04  2.5633E+04
   #    757144  1.0305E+02  1.1103E-04  2.5663E+04
   #    757442  1.0308E+02  1.1089E-04  2.5693E+04
   #    757738  1.0311E+02  1.1074E-04  2.5723E+04
   #    758045  1.0315E+02  1.1053E-04  2.5753E+04
   #    758352  1.0318E+02  1.1037E-04  2.5783E+04
   #    758659  1.0322E+02  1.1023E-04  2.5813E+04
   #    758965  1.0325E+02  1.1011E-04  2.5843E+04
   #    759271  1.0328E+02  1.1003E-04  2.5874E+04
   #    759569  1.0332E+02  1.0997E-04  2.5904E+04
   #    759876  1.0335E+02  1.0993E-04  2.5934E+04
   #    760183  1.0338E+02  1.0996E-04  2.5964E+04
   #    760480  1.0342E+02  1.1001E-04  2.5994E+04
   #    760787  1.0345E+02  1.1002E-04  2.6024E+04
   #    761094  1.0348E+02  1.0996E-04  2.6054E+04
   #    761392  1.0352E+02  1.0983E-04  2.6084E+04
   #    761699  1.0355E+02  1.0970E-04  2.6114E+04
   #    762005  1.0358E+02  1.0961E-04  2.6144E+04
   #    762312  1.0362E+02  1.0957E-04  2.6174E+04
   #    762619  1.0365E+02  1.0954E-04  2.6204E+04
   #    762926  1.0369E+02  1.0954E-04  2.6234E+04
   #    763224  1.0372E+02  1.0953E-04  2.6264E+04
   #    763532  1.0375E+02  1.0948E-04  2.6294E+04
   #    763851  1.0379E+02  1.0937E-04  2.6324E+04
   #    764183  1.0382E+02  1.0921E-04  2.6355E+04
   #    764515  1.0386E+02  1.0905E-04  2.6385E+04
   #    764847  1.0390E+02  1.0890E-04  2.6415E+04
   #    765170  1.0393E+02  1.0878E-04  2.6445E+04
   #    765502  1.0397E+02  1.0869E-04  2.6475E+04
   #    765835  1.0400E+02  1.0869E-04  2.6505E+04
   #    766168  1.0404E+02  1.0874E-04  2.6535E+04
   #    766501  1.0407E+02  1.0882E-04  2.6565E+04
   #    766835  1.0411E+02  1.0892E-04  2.6595E+04
   #    767158  1.0415E+02  1.0903E-04  2.6625E+04
   #    767482  1.0418E+02  1.0913E-04  2.6655E+04
   #    767815  1.0422E+02  1.0921E-04  2.6685E+04
   #    768148  1.0425E+02  1.0931E-04  2.6715E+04
   #    768481  1.0429E+02  1.0945E-04  2.6745E+04
   #    768805  1.0433E+02  1.0960E-04  2.6775E+04
   #    769138  1.0436E+02  1.0979E-04  2.6805E+04
   #    769472  1.0440E+02  1.0996E-04  2.6835E+04
   #    769806  1.0444E+02  1.1013E-04  2.6865E+04
   #    770140  1.0447E+02  1.1030E-04  2.6895E+04
   #    770473  1.0451E+02  1.1047E-04  2.6925E+04
   #    770796  1.0455E+02  1.1060E-04  2.6955E+04
   #    771119  1.0458E+02  1.1071E-04  2.6985E+04
   #    771452  1.0462E+02  1.1081E-04  2.7016E+04
   #    771785  1.0465E+02  1.1088E-04  2.7046E+04
   #    772118  1.0469E+02  1.1097E-04  2.7076E+04
   #    772441  1.0473E+02  1.1095E-04  2.7106E+04
   #    772774  1.0476E+02  1.1093E-04  2.7136E+04
   #    773108  1.0480E+02  1.1089E-04  2.7166E+04
   #    773441  1.0484E+02  1.1081E-04  2.7196E+04
   #    773774  1.0488E+02  1.1070E-04  2.7226E+04
   #    774107  1.0491E+02  1.1056E-04  2.7256E+04
   #    774430  1.0495E+02  1.1039E-04  2.7286E+04
   #    774753  1.0498E+02  1.1019E-04  2.7316E+04
   #    775086  1.0502E+02  1.1000E-04  2.7346E+04
   #    775416  1.0506E+02  1.0982E-04  2.7376E+04
   #    775747  1.0509E+02  1.0971E-04  2.7406E+04
   #    776067  1.0513E+02  1.0960E-04  2.7436E+04
   #    776397  1.0516E+02  1.0949E-04  2.7466E+04
   #    776727  1.0520E+02  1.0939E-04  2.7496E+04
   #    777057  1.0524E+02  1.0931E-04  2.7526E+04
   #    777387  1.0527E+02  1.0922E-04  2.7556E+04
   #    777717  1.0531E+02  1.0913E-04  2.7586E+04
   #    778039  1.0534E+02  1.0907E-04  2.7616E+04
   #    778359  1.0538E+02  1.0899E-04  2.7646E+04
   #    778689  1.0541E+02  1.0891E-04  2.7676E+04
   #    779019  1.0545E+02  1.0884E-04  2.7706E+04
   #    779347  1.0549E+02  1.0878E-04  2.7736E+04
   #    779667  1.0552E+02  1.0871E-04  2.7766E+04
   #    779996  1.0556E+02  1.0860E-04  2.7796E+04
   #    780325  1.0559E+02  1.0854E-04  2.7826E+04
   #    780654  1.0563E+02  1.0845E-04  2.7856E+04
   #    780983  1.0566E+02  1.0834E-04  2.7886E+04
   #    781312  1.0570E+02  1.0820E-04  2.7916E+04
   #    781622  1.0573E+02  1.0807E-04  2.7947E+04
   #    781951  1.0577E+02  1.0793E-04  2.7977E+04
   #    782280  1.0580E+02  1.0779E-04  2.8007E+04
   #    782609  1.0584E+02  1.0768E-04  2.8037E+04
   #    782936  1.0587E+02  1.0760E-04  2.8067E+04
   #    783263  1.0591E+02  1.0756E-04  2.8097E+04
   #    783579  1.0594E+02  1.0753E-04  2.8127E+04
   #    783906  1.0598E+02  1.0753E-04  2.8157E+04
   #    784232  1.0601E+02  1.0757E-04  2.8187E+04
   #    784558  1.0605E+02  1.0761E-04  2.8217E+04
   #    784884  1.0608E+02  1.0764E-04  2.8247E+04
   #    785191  1.0612E+02  1.0769E-04  2.8277E+04
   #    785519  1.0615E+02  1.0775E-04  2.8307E+04
   #    785848  1.0619E+02  1.0782E-04  2.8337E+04
   #    786177  1.0622E+02  1.0791E-04  2.8367E+04
   #    786506  1.0626E+02  1.0804E-04  2.8397E+04
   #    786835  1.0629E+02  1.0816E-04  2.8427E+04
   #    787155  1.0633E+02  1.0829E-04  2.8457E+04
   #    787484  1.0636E+02  1.0848E-04  2.8487E+04
   #    787814  1.0640E+02  1.0870E-04  2.8517E+04
   #    788144  1.0644E+02  1.0895E-04  2.8547E+04
   #    788474  1.0647E+02  1.0917E-04  2.8577E+04
   #    788794  1.0651E+02  1.0940E-04  2.8607E+04
   #    789114  1.0654E+02  1.0963E-04  2.8637E+04
   #    789444  1.0658E+02  1.0985E-04  2.8668E+04
   #    789774  1.0661E+02  1.1004E-04  2.8698E+04
   #    790103  1.0665E+02  1.1021E-04  2.8728E+04
   #    790433  1.0669E+02  1.1033E-04  2.8758E+04
   #    790759  1.0672E+02  1.1032E-04  2.8788E+04
   #    791096  1.0676E+02  1.1026E-04  2.8818E+04
   #    791434  1.0680E+02  1.1019E-04  2.8848E+04
   #    791772  1.0683E+02  1.1011E-04  2.8878E+04
   #    792110  1.0687E+02  1.1004E-04  2.8908E+04
   #    792438  1.0691E+02  1.0994E-04  2.8938E+04
   #    792766  1.0694E+02  1.0983E-04  2.8968E+04
   #    793103  1.0698E+02  1.0970E-04  2.8998E+04
   #    793441  1.0702E+02  1.0957E-04  2.9028E+04
   #    793778  1.0705E+02  1.0945E-04  2.9058E+04
   #    794115  1.0709E+02  1.0933E-04  2.9088E+04
   #    794442  1.0713E+02  1.0922E-04  2.9118E+04
   #    794779  1.0716E+02  1.0908E-04  2.9148E+04
   #    795116  1.0720E+02  1.0891E-04  2.9178E+04
   #    795453  1.0724E+02  1.0876E-04  2.9208E+04
   #    795790  1.0727E+02  1.0859E-04  2.9238E+04
   #    796117  1.0731E+02  1.0849E-04  2.9268E+04
   #    796444  1.0735E+02  1.0837E-04  2.9298E+04
   #    796782  1.0738E+02  1.0830E-04  2.9328E+04
   #    797120  1.0742E+02  1.0826E-04  2.9358E+04
   #    797457  1.0745E+02  1.0819E-04  2.9388E+04
   #    797794  1.0749E+02  1.0814E-04  2.9418E+04
   #    798121  1.0753E+02  1.0814E-04  2.9449E+04
   #    798459  1.0756E+02  1.0811E-04  2.9479E+04
   #    798797  1.0760E+02  1.0809E-04  2.9509E+04
   #    799135  1.0764E+02  1.0805E-04  2.9539E+04
   #    799462  1.0767E+02  1.0798E-04  2.9569E+04
   #    799800  1.0771E+02  1.0790E-04  2.9599E+04
   #    800126  1.0774E+02  1.0781E-04  2.9629E+04
   #    800457  1.0778E+02  1.0771E-04  2.9659E+04
   #    800788  1.0781E+02  1.0759E-04  2.9689E+04
   #    801119  1.0785E+02  1.0745E-04  2.9719E+04
   #    801450  1.0789E+02  1.0731E-04  2.9749E+04
   #    801770  1.0792E+02  1.0720E-04  2.9779E+04
   #    802102  1.0796E+02  1.0716E-04  2.9809E+04
   #    802433  1.0799E+02  1.0721E-04  2.9839E+04
   #    802764  1.0803E+02  1.0720E-04  2.9869E+04
   #    803085  1.0806E+02  1.0723E-04  2.9899E+04
   #    803416  1.0810E+02  1.0728E-04  2.9929E+04
