 -----------------------------------------------------------------------------
 -----------------------------------------------------------------------------
 |         __  __ ____ ___        _    __  __ ______     ___    ____         |
 |        |  \/  |  _ \_ _|      / \  |  \/  |  _ \ \   / / \  / ___|        |
 |        | |\/| | |_) | |_____ / _ \ | |\/| | |_) \ \ / / _ \| |            |
 |        | |  | |  __/| |_____/ ___ \| |  | |  _ < \ V / ___ \ |___         |
 |        |_|  |_|_|  |___|   /_/   \_\_|  |_|_| \_\ \_/_/   \_\____|        |
 -----------------------------------------------------------------------------
 -----------------------------------------------------------------------------
 Spitzer MHD: par:   0.21633973559351147       ,perp:    2.1685795904764041E-011
 Combination of Colgan (2008) for high temperatures and
 Dalgarno & McCray (1972), DM2, for low temperatures
 Reading amrvac.par
 
 Output type | tsavestart |  dtsave   | ditsave | itsave(1) | tsave(1)
         log | 0.000E+00  | 0.200E+00 | ******  |      0    | *********
      normal | 0.000E+00  | 0.200E+00 | ******  |      0    | *********
       slice | 0.000E+00  | ********* | ******  | ******    | *********
   collapsed | 0.000E+00  | ********* | ******  | ******    | *********
    analysis | 0.000E+00  | ********* | ******  | ******    | *********
 
         Domain size (cells): 96 48 
                Level one dx: 0.208E+00 0.208E+00 
           Refine estimation: Lohner's scheme
 Note, Grid is reconstructed once every           3 iterations
           restart_from_file:  output/solar_atm_a0155.dat
                  converting: F

 minra  0.10256244189917035     
 rhob   7382.7014817162089     
 pb   59.061613380997102     
 Using TRACL(ine) method with a mask
 By default, magnetic field lines are traced every 4 grid cells
 NOTE:  2D TRAC method take the y-dir == grav-dir
 Memory requirement for each processor in TRAC:
           1  MB
 -------------------------------------------------------------------------------
 Startup phase took :             0.207 sec
 -------------------------------------------------------------------------------
 Start integrating, print status every  3.00E+01 seconds
   #        it        time          dt  wc-time(s)
   #    468269  6.9702E+01  1.2627E-04  5.4264E-01
   #    468680  6.9754E+01  1.2607E-04  3.0569E+01
   #    469097  6.9806E+01  1.2589E-04  6.0643E+01
   #    469513  6.9858E+01  1.2581E-04  9.0682E+01
   #    469928  6.9911E+01  1.2586E-04  1.2076E+02
   #    470344  6.9963E+01  1.2601E-04  1.5080E+02
   #    470760  7.0015E+01  1.2637E-04  1.8084E+02
   #    471176  7.0068E+01  1.2673E-04  2.1089E+02
   #    471581  7.0119E+01  1.2695E-04  2.4092E+02
   #    471988  7.0171E+01  1.2712E-04  2.7097E+02
   #    472402  7.0224E+01  1.2725E-04  3.0102E+02
   #    472815  7.0276E+01  1.2736E-04  3.3102E+02
   #    473219  7.0328E+01  1.2749E-04  3.6109E+02
   #    473633  7.0381E+01  1.2767E-04  3.9115E+02
   #    474047  7.0433E+01  1.2786E-04  4.2120E+02
   #    474461  7.0486E+01  1.2808E-04  4.5128E+02
   #    474866  7.0538E+01  1.2831E-04  4.8135E+02
   #    475280  7.0592E+01  1.2856E-04  5.1142E+02
   #    475693  7.0645E+01  1.2875E-04  5.4144E+02
   #    476113  7.0699E+01  1.2892E-04  5.7146E+02
   #    476516  7.0751E+01  1.2899E-04  6.0150E+02
   #    476938  7.0805E+01  1.2900E-04  6.3154E+02
   #    477359  7.0859E+01  1.2898E-04  6.6156E+02
   #    477772  7.0913E+01  1.2897E-04  6.9159E+02
   #    478194  7.0967E+01  1.2893E-04  7.2165E+02
   #    478616  7.1022E+01  1.2884E-04  7.5170E+02
   #    479037  7.1076E+01  1.2867E-04  7.8170E+02
   #    479449  7.1129E+01  1.2842E-04  8.1170E+02
   #    479871  7.1183E+01  1.2818E-04  8.4176E+02
   #    480293  7.1237E+01  1.2796E-04  8.7180E+02
   #    480715  7.1291E+01  1.2780E-04  9.0184E+02
   #    481122  7.1343E+01  1.2772E-04  9.3189E+02
   #    481544  7.1397E+01  1.2766E-04  9.6196E+02
   #    481965  7.1450E+01  1.2763E-04  9.9196E+02
   #    482376  7.1503E+01  1.2760E-04  1.0220E+03
   #    482798  7.1557E+01  1.2751E-04  1.0520E+03
   #    483219  7.1610E+01  1.2724E-04  1.0820E+03
   #    483641  7.1664E+01  1.2683E-04  1.1121E+03
   #    484052  7.1716E+01  1.2644E-04  1.1421E+03
   #    484474  7.1769E+01  1.2611E-04  1.1722E+03
   #    484896  7.1822E+01  1.2592E-04  1.2022E+03
   #    485318  7.1876E+01  1.2589E-04  1.2323E+03
   #    485719  7.1926E+01  1.2592E-04  1.2623E+03
   #    486141  7.1979E+01  1.2601E-04  1.2924E+03
   #    486563  7.2032E+01  1.2615E-04  1.3224E+03
   #    486985  7.2086E+01  1.2627E-04  1.3525E+03
   #    487396  7.2137E+01  1.2629E-04  1.3825E+03
   #    487817  7.2191E+01  1.2628E-04  1.4125E+03
   #    488239  7.2244E+01  1.2631E-04  1.4425E+03
   #    488661  7.2297E+01  1.2639E-04  1.4726E+03
   #    489073  7.2349E+01  1.2650E-04  1.5026E+03
   #    489495  7.2403E+01  1.2665E-04  1.5326E+03
   #    489917  7.2456E+01  1.2682E-04  1.5627E+03
   #    490318  7.2507E+01  1.2694E-04  1.5927E+03
   #    490740  7.2560E+01  1.2701E-04  1.6228E+03
   #    491162  7.2614E+01  1.2707E-04  1.6529E+03
   #    491584  7.2668E+01  1.2713E-04  1.6829E+03
   #    491995  7.2720E+01  1.2723E-04  1.7129E+03
   #    492417  7.2774E+01  1.2737E-04  1.7430E+03
   #    492839  7.2827E+01  1.2751E-04  1.7730E+03
   #    493261  7.2881E+01  1.2768E-04  1.8031E+03
   #    493672  7.2934E+01  1.2788E-04  1.8331E+03
   #    494094  7.2988E+01  1.2799E-04  1.8631E+03
   #    494507  7.3040E+01  1.2805E-04  1.8932E+03
   #    494927  7.3094E+01  1.2804E-04  1.9232E+03
   #    495337  7.3147E+01  1.2785E-04  1.9532E+03
   #    495755  7.3200E+01  1.2759E-04  1.9833E+03
   #    496173  7.3253E+01  1.2733E-04  2.0133E+03
   #    496583  7.3305E+01  1.2708E-04  2.0434E+03
   #    497001  7.3359E+01  1.2691E-04  2.0734E+03
   #    497419  7.3411E+01  1.2682E-04  2.1034E+03
   #    497837  7.3464E+01  1.2678E-04  2.1335E+03
   #    498247  7.3516E+01  1.2677E-04  2.1636E+03
   #    498665  7.3569E+01  1.2672E-04  2.1936E+03
   #    499077  7.3622E+01  1.2660E-04  2.2237E+03
   #    499495  7.3674E+01  1.2643E-04  2.2537E+03
   #    499901  7.3726E+01  1.2626E-04  2.2837E+03
   #    500319  7.3778E+01  1.2610E-04  2.3138E+03
   #    500736  7.3831E+01  1.2596E-04  2.3438E+03
   #    501153  7.3884E+01  1.2588E-04  2.3738E+03
   #    501559  7.3935E+01  1.2583E-04  2.4038E+03
   #    501977  7.3987E+01  1.2581E-04  2.4338E+03
   #    502395  7.4040E+01  1.2588E-04  2.4639E+03
   #    502813  7.4092E+01  1.2607E-04  2.4940E+03
   #    503220  7.4144E+01  1.2623E-04  2.5240E+03
   #    503629  7.4195E+01  1.2644E-04  2.5540E+03
   #    504046  7.4248E+01  1.2661E-04  2.5840E+03
   #    504464  7.4301E+01  1.2675E-04  2.6141E+03
   #    504870  7.4353E+01  1.2684E-04  2.6441E+03
   #    505287  7.4405E+01  1.2691E-04  2.6741E+03
   #    505704  7.4458E+01  1.2697E-04  2.7041E+03
   #    506111  7.4510E+01  1.2705E-04  2.7341E+03
   #    506529  7.4563E+01  1.2710E-04  2.7642E+03
   #    506946  7.4616E+01  1.2720E-04  2.7942E+03
   #    507363  7.4669E+01  1.2729E-04  2.8242E+03
   #    507770  7.4721E+01  1.2740E-04  2.8542E+03
   #    508179  7.4773E+01  1.2750E-04  2.8843E+03
   #    508597  7.4826E+01  1.2756E-04  2.9143E+03
   #    509014  7.4879E+01  1.2757E-04  2.9443E+03
   #    509420  7.4931E+01  1.2745E-04  2.9744E+03
   #    509838  7.4984E+01  1.2723E-04  3.0045E+03
   #    510256  7.5037E+01  1.2696E-04  3.0345E+03
   #    510673  7.5090E+01  1.2671E-04  3.0645E+03
   #    511048  7.5138E+01  1.2658E-04  3.0946E+03
   #    511410  7.5184E+01  1.2658E-04  3.1246E+03
   #    511770  7.5229E+01  1.2664E-04  3.1547E+03
   #    512136  7.5276E+01  1.2671E-04  3.1847E+03
   #    512486  7.5320E+01  1.2681E-04  3.2147E+03
   #    512852  7.5366E+01  1.2691E-04  3.2448E+03
   #    513207  7.5411E+01  1.2697E-04  3.2748E+03
   #    513549  7.5455E+01  1.2695E-04  3.3048E+03
   #    513894  7.5499E+01  1.2692E-04  3.3349E+03
   #    514230  7.5541E+01  1.2690E-04  3.3649E+03
   #    514575  7.5585E+01  1.2685E-04  3.3949E+03
   #    514920  7.5629E+01  1.2686E-04  3.4249E+03
   #    515258  7.5672E+01  1.2691E-04  3.4550E+03
   #    515566  7.5711E+01  1.2696E-04  3.4851E+03
   #    515867  7.5749E+01  1.2703E-04  3.5151E+03
   #    516173  7.5788E+01  1.2715E-04  3.5452E+03
   #    516486  7.5828E+01  1.2728E-04  3.5752E+03
   #    516802  7.5868E+01  1.2739E-04  3.6052E+03
   #    517111  7.5907E+01  1.2742E-04  3.6353E+03
   #    517426  7.5947E+01  1.2716E-04  3.6653E+03
   #    517739  7.5987E+01  1.2694E-04  3.6954E+03
   #    518049  7.6026E+01  1.2677E-04  3.7254E+03
   #    518366  7.6067E+01  1.2664E-04  3.7555E+03
   #    518665  7.6104E+01  1.2655E-04  3.7855E+03
   #    518967  7.6143E+01  1.2653E-04  3.8156E+03
   #    519263  7.6180E+01  1.2658E-04  3.8456E+03
   #    519567  7.6218E+01  1.2673E-04  3.8757E+03
   #    519869  7.6257E+01  1.2694E-04  3.9057E+03
   #    520170  7.6295E+01  1.2717E-04  3.9357E+03
   #    520463  7.6332E+01  1.2748E-04  3.9658E+03
   #    520767  7.6371E+01  1.2773E-04  3.9958E+03
   #    521085  7.6412E+01  1.2789E-04  4.0259E+03
   #    521405  7.6453E+01  1.2797E-04  4.0560E+03
   #    521722  7.6493E+01  1.2807E-04  4.0860E+03
   #    522021  7.6532E+01  1.2817E-04  4.1161E+03
   #    522337  7.6572E+01  1.2810E-04  4.1461E+03
   #    522648  7.6612E+01  1.2773E-04  4.1762E+03
   #    522966  7.6652E+01  1.2754E-04  4.2062E+03
   #    523297  7.6695E+01  1.2729E-04  4.2362E+03
   #    523617  7.6735E+01  1.2707E-04  4.2663E+03
   #    523938  7.6776E+01  1.2703E-04  4.2963E+03
   #    524259  7.6817E+01  1.2705E-04  4.3264E+03
   #    524586  7.6858E+01  1.2688E-04  4.3564E+03
   #    524931  7.6902E+01  1.2689E-04  4.3865E+03
   #    525280  7.6946E+01  1.2707E-04  4.4165E+03
   #    525653  7.6994E+01  1.2718E-04  4.4466E+03
   #    525998  7.7038E+01  1.2717E-04  4.4766E+03
   #    526331  7.7080E+01  1.2742E-04  4.5067E+03
   #    526661  7.7122E+01  1.2771E-04  4.5367E+03
   #    527000  7.7165E+01  1.2730E-04  4.5667E+03
   #    527339  7.7208E+01  1.2683E-04  4.5968E+03
   #    527677  7.7251E+01  1.2614E-04  4.6269E+03
   #    527996  7.7291E+01  1.2560E-04  4.6570E+03
   #    528306  7.7330E+01  1.2509E-04  4.6870E+03
   #    528627  7.7370E+01  1.2448E-04  4.7170E+03
   #    528948  7.7410E+01  1.2387E-04  4.7470E+03
   #    529266  7.7449E+01  1.2343E-04  4.7770E+03
   #    529583  7.7488E+01  1.2307E-04  4.8071E+03
   #    529886  7.7526E+01  1.2259E-04  4.8372E+03
   #    530201  7.7564E+01  1.2182E-04  4.8672E+03
   #    530510  7.7602E+01  1.2153E-04  4.8973E+03
   #    530818  7.7639E+01  1.2116E-04  4.9273E+03
   #    531123  7.7676E+01  1.2066E-04  4.9573E+03
   #    531418  7.7711E+01  1.2011E-04  4.9874E+03
   #    531720  7.7748E+01  1.1959E-04  5.0174E+03
   #    532024  7.7784E+01  1.1950E-04  5.0474E+03
   #    532328  7.7820E+01  1.1905E-04  5.0775E+03
   #    532631  7.7856E+01  1.1862E-04  5.1076E+03
   #    532935  7.7892E+01  1.1811E-04  5.1376E+03
   #    533223  7.7926E+01  1.1766E-04  5.1676E+03
   #    533526  7.7962E+01  1.1722E-04  5.1976E+03
   #    533831  7.7997E+01  1.1684E-04  5.2277E+03
   #    534137  7.8033E+01  1.1635E-04  5.2578E+03
   #    534440  7.8068E+01  1.1600E-04  5.2879E+03
   #    534748  7.8104E+01  1.1561E-04  5.3179E+03
   #    535050  7.8139E+01  1.1529E-04  5.3480E+03
   #    535364  7.8175E+01  1.1490E-04  5.3780E+03
   #    535687  7.8212E+01  1.1457E-04  5.4081E+03
   #    536012  7.8249E+01  1.1431E-04  5.4381E+03
   #    536332  7.8286E+01  1.1390E-04  5.4681E+03
   #    536651  7.8322E+01  1.1350E-04  5.4982E+03
   #    536979  7.8359E+01  1.1314E-04  5.5282E+03
   #    537307  7.8396E+01  1.1268E-04  5.5583E+03
   #    537635  7.8433E+01  1.1236E-04  5.5884E+03
   #    537962  7.8470E+01  1.1200E-04  5.6184E+03
   #    538280  7.8505E+01  1.1180E-04  5.6484E+03
   #    538607  7.8542E+01  1.1145E-04  5.6784E+03
   #    538935  7.8578E+01  1.1119E-04  5.7085E+03
   #    539263  7.8615E+01  1.1089E-04  5.7385E+03
   #    539591  7.8651E+01  1.1077E-04  5.7686E+03
   #    539912  7.8686E+01  1.1047E-04  5.7987E+03
   #    540231  7.8722E+01  1.1025E-04  5.8287E+03
   #    540558  7.8758E+01  1.0983E-04  5.8587E+03
   #    540883  7.8793E+01  1.0936E-04  5.8888E+03
   #    541202  7.8828E+01  1.0911E-04  5.9188E+03
   #    541518  7.8862E+01  1.0868E-04  5.9489E+03
   #    541834  7.8897E+01  1.0822E-04  5.9790E+03
   #    542136  7.8929E+01  1.0771E-04  6.0090E+03
   #    542442  7.8962E+01  1.0713E-04  6.0390E+03
   #    542746  7.8995E+01  1.0685E-04  6.0691E+03
   #    543050  7.9027E+01  1.0630E-04  6.0991E+03
   #    543348  7.9059E+01  1.0595E-04  6.1291E+03
   #    543650  7.9091E+01  1.0577E-04  6.1591E+03
   #    543945  7.9122E+01  1.0539E-04  6.1892E+03
   #    544250  7.9154E+01  1.0519E-04  6.2192E+03
   #    544560  7.9186E+01  1.0498E-04  6.2493E+03
   #    544873  7.9219E+01  1.0455E-04  6.2793E+03
   #    545193  7.9253E+01  1.0421E-04  6.3093E+03
   #    545521  7.9287E+01  1.0406E-04  6.3394E+03
   #    545841  7.9320E+01  1.0370E-04  6.3694E+03
   #    546171  7.9354E+01  1.0336E-04  6.3994E+03
   #    546496  7.9388E+01  1.0311E-04  6.4294E+03
   #    546814  7.9420E+01  1.0280E-04  6.4595E+03
   #    547138  7.9454E+01  1.0252E-04  6.4896E+03
   #    547463  7.9487E+01  1.0224E-04  6.5196E+03
   #    547785  7.9520E+01  1.0197E-04  6.5496E+03
   #    548117  7.9554E+01  1.0152E-04  6.5797E+03
   #    548448  7.9587E+01  1.0113E-04  6.6097E+03
   #    548778  7.9620E+01  1.0076E-04  6.6398E+03
   #    549108  7.9654E+01  1.0038E-04  6.6699E+03
   #    549438  7.9687E+01  1.0005E-04  6.6999E+03
   #    549760  7.9719E+01  9.9776E-05  6.7300E+03
   #    550090  7.9752E+01  9.9551E-05  6.7601E+03
   #    550412  7.9784E+01  9.9358E-05  6.7902E+03
   #    550742  7.9816E+01  9.9168E-05  6.8202E+03
   #    551072  7.9849E+01  9.8944E-05  6.8503E+03
   #    551405  7.9882E+01  9.8691E-05  6.8803E+03
   #    551730  7.9914E+01  9.8457E-05  6.9104E+03
   #    552064  7.9947E+01  9.8216E-05  6.9405E+03
   #    552398  7.9980E+01  9.7966E-05  6.9706E+03
   #    552732  8.0012E+01  9.7704E-05  7.0006E+03
   #    553064  8.0045E+01  9.7436E-05  7.0306E+03
   #    553395  8.0077E+01  9.7195E-05  7.0606E+03
   #    553710  8.0107E+01  9.6923E-05  7.0907E+03
   #    554041  8.0140E+01  9.6675E-05  7.1208E+03
   #    554372  8.0171E+01  9.6406E-05  7.1508E+03
   #    554704  8.0203E+01  9.6185E-05  7.1809E+03
   #    555026  8.0234E+01  9.5939E-05  7.2109E+03
   #    555351  8.0265E+01  9.5662E-05  7.2409E+03
   #    555677  8.0297E+01  9.5372E-05  7.2710E+03
   #    555993  8.0327E+01  9.5103E-05  7.3010E+03
   #    556317  8.0357E+01  9.4823E-05  7.3311E+03
   #    556642  8.0388E+01  9.4577E-05  7.3612E+03
   #    556970  8.0419E+01  9.4338E-05  7.3912E+03
   #    557290  8.0449E+01  9.4101E-05  7.4212E+03
   #    557611  8.0479E+01  9.3880E-05  7.4513E+03
   #    557925  8.0509E+01  9.3666E-05  7.4813E+03
   #    558248  8.0539E+01  9.3429E-05  7.5113E+03
   #    558571  8.0569E+01  9.3193E-05  7.5413E+03
   #    558894  8.0599E+01  9.2966E-05  7.5713E+03
   #    559218  8.0629E+01  9.2766E-05  7.6014E+03
   #    559540  8.0659E+01  9.2562E-05  7.6314E+03
   #    559873  8.0690E+01  9.2342E-05  7.6615E+03
   #    560211  8.0721E+01  9.2113E-05  7.6915E+03
   #    560559  8.0753E+01  9.1870E-05  7.7215E+03
   #    560900  8.0785E+01  9.1637E-05  7.7515E+03
   #    561243  8.0816E+01  9.1425E-05  7.7816E+03
   #    561584  8.0847E+01  9.1228E-05  7.8117E+03
   #    561925  8.0878E+01  9.1021E-05  7.8418E+03
   #    562254  8.0908E+01  9.0781E-05  7.8718E+03
   #    562597  8.0939E+01  9.0503E-05  7.9018E+03
   #    562942  8.0970E+01  9.0224E-05  7.9319E+03
   #    563286  8.1001E+01  8.9928E-05  7.9619E+03
   #    563631  8.1032E+01  8.9633E-05  7.9919E+03
   #    563975  8.1063E+01  8.9340E-05  8.0219E+03
   #    564315  8.1093E+01  8.9051E-05  8.0520E+03
   #    564644  8.1123E+01  8.8767E-05  8.0820E+03
   #    564986  8.1153E+01  8.8462E-05  8.1120E+03
   #    565328  8.1183E+01  8.8154E-05  8.1421E+03
   #    565669  8.1213E+01  8.7847E-05  8.1721E+03
   #    566011  8.1243E+01  8.7543E-05  8.2021E+03
   #    566354  8.1273E+01  8.7244E-05  8.2322E+03
   #    566697  8.1303E+01  8.6938E-05  8.2622E+03
   #    567030  8.1332E+01  8.6643E-05  8.2923E+03
   #    567373  8.1362E+01  8.6342E-05  8.3223E+03
   #    567716  8.1391E+01  8.6036E-05  8.3523E+03
   #    568061  8.1421E+01  8.5728E-05  8.3824E+03
   #    568398  8.1450E+01  8.5426E-05  8.4124E+03
   #    568743  8.1479E+01  8.5116E-05  8.4424E+03
   #    569077  8.1507E+01  8.4818E-05  8.4724E+03
   #    569420  8.1536E+01  8.4512E-05  8.5025E+03
   #    569763  8.1565E+01  8.4215E-05  8.5326E+03
   #    570106  8.1594E+01  8.3943E-05  8.5626E+03
   #    570450  8.1623E+01  8.3699E-05  8.5926E+03
   #    570796  8.1652E+01  8.3495E-05  8.6226E+03
   #    571142  8.1681E+01  8.3352E-05  8.6527E+03
   #    571478  8.1709E+01  8.3269E-05  8.6827E+03
   #    571825  8.1738E+01  8.3246E-05  8.7127E+03
   #    572164  8.1766E+01  8.3246E-05  8.7427E+03
   #    572510  8.1795E+01  8.3287E-05  8.7728E+03
   #    572857  8.1823E+01  8.3358E-05  8.8029E+03
   #    573203  8.1852E+01  8.3454E-05  8.8329E+03
   #    573549  8.1881E+01  8.3572E-05  8.8629E+03
   #    573885  8.1909E+01  8.3696E-05  8.8930E+03
   #    574234  8.1939E+01  8.3841E-05  8.9230E+03
   #    574583  8.1968E+01  8.4010E-05  8.9531E+03
   #    574931  8.1997E+01  8.4210E-05  8.9832E+03
   #    575274  8.2026E+01  8.4446E-05  9.0132E+03
   #    575610  8.2054E+01  8.4718E-05  9.0433E+03
   #    575952  8.2084E+01  8.5009E-05  9.0733E+03
   #    576286  8.2112E+01  8.5330E-05  9.1034E+03
   #    576628  8.2141E+01  8.5712E-05  9.1334E+03
   #    576970  8.2171E+01  8.6154E-05  9.1635E+03
   #    577312  8.2200E+01  8.6618E-05  9.1935E+03
   #    577654  8.2230E+01  8.7138E-05  9.2235E+03
   #    577996  8.2260E+01  8.7718E-05  9.2535E+03
   #    578338  8.2290E+01  8.8327E-05  9.2836E+03
   #    578673  8.2319E+01  8.8934E-05  9.3136E+03
   #    579018  8.2350E+01  8.9621E-05  9.3436E+03
   #    579356  8.2381E+01  9.0303E-05  9.3737E+03
   #    579701  8.2412E+01  9.1004E-05  9.4037E+03
   #    580047  8.2444E+01  9.1693E-05  9.4338E+03
   #    580393  8.2475E+01  9.2318E-05  9.4638E+03
   #    580727  8.2506E+01  9.2638E-05  9.4939E+03
   #    581072  8.2538E+01  9.2306E-05  9.5239E+03
   #    581417  8.2570E+01  9.2057E-05  9.5539E+03
   #    581763  8.2602E+01  9.2174E-05  9.5840E+03
   #    582107  8.2634E+01  9.2862E-05  9.6140E+03
   #    582452  8.2666E+01  9.4372E-05  9.6441E+03
   #    582792  8.2698E+01  9.6794E-05  9.6742E+03
   #    583114  8.2730E+01  9.8752E-05  9.7042E+03
   #    583454  8.2764E+01  1.0000E-04  9.7343E+03
   #    583793  8.2798E+01  1.0108E-04  9.7643E+03
   #    584132  8.2832E+01  1.0196E-04  9.7943E+03
   #    584472  8.2867E+01  1.0266E-04  9.8244E+03
   #    584812  8.2902E+01  1.0320E-04  9.8544E+03
   #    585144  8.2936E+01  1.0363E-04  9.8844E+03
   #    585487  8.2972E+01  1.0401E-04  9.9144E+03
   #    585830  8.3008E+01  1.0435E-04  9.9445E+03
   #    586173  8.3043E+01  1.0464E-04  9.9746E+03
   #    586516  8.3079E+01  1.0492E-04  1.0005E+04
   #    586843  8.3114E+01  1.0518E-04  1.0035E+04
   #    587185  8.3150E+01  1.0542E-04  1.0065E+04
   #    587528  8.3186E+01  1.0567E-04  1.0095E+04
   #    587869  8.3222E+01  1.0591E-04  1.0125E+04
   #    588207  8.3258E+01  1.0608E-04  1.0155E+04
   #    588545  8.3294E+01  1.0621E-04  1.0185E+04
   #    588873  8.3328E+01  1.0629E-04  1.0215E+04
   #    589211  8.3364E+01  1.0633E-04  1.0245E+04
   #    589549  8.3400E+01  1.0638E-04  1.0275E+04
   #    589887  8.3436E+01  1.0650E-04  1.0305E+04
   #    590225  8.3472E+01  1.0663E-04  1.0335E+04
   #    590546  8.3507E+01  1.0660E-04  1.0365E+04
   #    590884  8.3543E+01  1.0663E-04  1.0395E+04
   #    591222  8.3579E+01  1.0674E-04  1.0425E+04
   #    591560  8.3615E+01  1.0693E-04  1.0455E+04
   #    591898  8.3651E+01  1.0698E-04  1.0485E+04
   #    592236  8.3687E+01  1.0707E-04  1.0515E+04
   #    592563  8.3722E+01  1.0713E-04  1.0546E+04
   #    592899  8.3758E+01  1.0697E-04  1.0576E+04
   #    593236  8.3794E+01  1.0672E-04  1.0606E+04
   #    593573  8.3830E+01  1.0618E-04  1.0636E+04
   #    593910  8.3866E+01  1.0597E-04  1.0666E+04
   #    594240  8.3901E+01  1.0630E-04  1.0696E+04
   #    594566  8.3935E+01  1.0654E-04  1.0726E+04
   #    594897  8.3971E+01  1.0690E-04  1.0756E+04
   #    595228  8.4006E+01  1.0762E-04  1.0786E+04
   #    595559  8.4042E+01  1.0824E-04  1.0816E+04
   #    595890  8.4078E+01  1.0884E-04  1.0846E+04
   #    596212  8.4113E+01  1.0992E-04  1.0876E+04
   #    596542  8.4149E+01  1.1063E-04  1.0906E+04
   #    596871  8.4186E+01  1.1122E-04  1.0936E+04
   #    597200  8.4222E+01  1.1171E-04  1.0966E+04
   #    597522  8.4258E+01  1.1220E-04  1.0996E+04
   #    597850  8.4295E+01  1.1276E-04  1.1026E+04
   #    598168  8.4331E+01  1.1328E-04  1.1056E+04
   #    598494  8.4368E+01  1.1376E-04  1.1086E+04
   #    598820  8.4405E+01  1.1423E-04  1.1116E+04
   #    599147  8.4443E+01  1.1469E-04  1.1146E+04
   #    599475  8.4481E+01  1.1505E-04  1.1176E+04
   #    599775  8.4515E+01  1.1534E-04  1.1207E+04
   #    600085  8.4551E+01  1.1574E-04  1.1237E+04
   #    600394  8.4587E+01  1.1627E-04  1.1267E+04
   #    600703  8.4623E+01  1.1656E-04  1.1297E+04
   #    601002  8.4658E+01  1.1695E-04  1.1327E+04
   #    601307  8.4693E+01  1.1751E-04  1.1357E+04
   #    601602  8.4728E+01  1.1777E-04  1.1387E+04
   #    601907  8.4764E+01  1.1827E-04  1.1417E+04
   #    602213  8.4800E+01  1.1868E-04  1.1447E+04
   #    602518  8.4837E+01  1.1920E-04  1.1477E+04
   #    602824  8.4873E+01  1.1970E-04  1.1507E+04
   #    603119  8.4908E+01  1.2023E-04  1.1537E+04
   #    603425  8.4945E+01  1.2071E-04  1.1567E+04
   #    603731  8.4982E+01  1.2134E-04  1.1597E+04
   #    604034  8.5019E+01  1.2180E-04  1.1627E+04
   #    604326  8.5055E+01  1.2241E-04  1.1657E+04
   #    604624  8.5091E+01  1.2319E-04  1.1687E+04
   #    604915  8.5127E+01  1.2403E-04  1.1717E+04
   #    605212  8.5164E+01  1.2486E-04  1.1747E+04
   #    605509  8.5201E+01  1.2560E-04  1.1777E+04
   #    605806  8.5239E+01  1.2636E-04  1.1807E+04
   #    606103  8.5276E+01  1.2715E-04  1.1837E+04
   #    606391  8.5313E+01  1.2792E-04  1.1867E+04
   #    606688  8.5351E+01  1.2874E-04  1.1898E+04
   #    606985  8.5390E+01  1.2956E-04  1.1928E+04
   #    607282  8.5428E+01  1.3038E-04  1.1958E+04
   #    607573  8.5466E+01  1.3124E-04  1.1988E+04
   #    607870  8.5505E+01  1.3169E-04  1.2018E+04
   #    608157  8.5543E+01  1.3150E-04  1.2048E+04
   #    608454  8.5582E+01  1.3159E-04  1.2078E+04
   #    608751  8.5621E+01  1.3158E-04  1.2108E+04
   #    609048  8.5660E+01  1.3155E-04  1.2138E+04
   #    609346  8.5699E+01  1.3136E-04  1.2168E+04
   #    609635  8.5737E+01  1.3106E-04  1.2198E+04
   #    609933  8.5776E+01  1.3094E-04  1.2228E+04
   #    610230  8.5815E+01  1.3098E-04  1.2258E+04
   #    610528  8.5854E+01  1.3097E-04  1.2288E+04
   #    610820  8.5892E+01  1.3090E-04  1.2318E+04
   #    611109  8.5930E+01  1.3078E-04  1.2348E+04
   #    611407  8.5969E+01  1.3068E-04  1.2378E+04
   #    611705  8.6008E+01  1.3068E-04  1.2408E+04
   #    612003  8.6047E+01  1.3064E-04  1.2438E+04
   #    612301  8.6086E+01  1.3065E-04  1.2469E+04
   #    612590  8.6124E+01  1.3069E-04  1.2499E+04
   #    612888  8.6163E+01  1.3058E-04  1.2529E+04
   #    613186  8.6201E+01  1.3049E-04  1.2559E+04
   #    613484  8.6240E+01  1.3037E-04  1.2589E+04
   #    613779  8.6279E+01  1.3023E-04  1.2619E+04
   #    614071  8.6317E+01  1.3003E-04  1.2649E+04
   #    614372  8.6356E+01  1.2981E-04  1.2679E+04
   #    614671  8.6395E+01  1.2968E-04  1.2709E+04
   #    614970  8.6433E+01  1.2967E-04  1.2739E+04
   #    615269  8.6472E+01  1.2969E-04  1.2769E+04
   #    615558  8.6510E+01  1.2966E-04  1.2799E+04
   #    615857  8.6548E+01  1.2969E-04  1.2829E+04
   #    616156  8.6587E+01  1.2972E-04  1.2859E+04
   #    616455  8.6626E+01  1.2971E-04  1.2889E+04
   #    616754  8.6665E+01  1.2964E-04  1.2919E+04
   #    617048  8.6703E+01  1.2958E-04  1.2949E+04
   #    617338  8.6740E+01  1.2951E-04  1.2979E+04
   #    617637  8.6779E+01  1.2947E-04  1.3009E+04
   #    617936  8.6818E+01  1.2945E-04  1.3039E+04
   #    618235  8.6856E+01  1.2943E-04  1.3069E+04
   #    618534  8.6895E+01  1.2939E-04  1.3099E+04
   #    618823  8.6932E+01  1.2936E-04  1.3129E+04
   #    619121  8.6971E+01  1.2933E-04  1.3159E+04
   #    619420  8.7010E+01  1.2931E-04  1.3190E+04
   #    619718  8.7048E+01  1.2928E-04  1.3220E+04
   #    620016  8.7087E+01  1.2926E-04  1.3250E+04
   #    620301  8.7123E+01  1.2923E-04  1.3280E+04
   #    620600  8.7162E+01  1.2918E-04  1.3310E+04
   #    620899  8.7201E+01  1.2913E-04  1.3340E+04
   #    621197  8.7239E+01  1.2907E-04  1.3370E+04
   #    621496  8.7278E+01  1.2900E-04  1.3400E+04
   #    621785  8.7315E+01  1.2895E-04  1.3430E+04
   #    622084  8.7354E+01  1.2891E-04  1.3460E+04
   #    622383  8.7392E+01  1.2887E-04  1.3490E+04
   #    622683  8.7431E+01  1.2885E-04  1.3520E+04
   #    622983  8.7469E+01  1.2882E-04  1.3550E+04
   #    623279  8.7507E+01  1.2880E-04  1.3581E+04
   #    623573  8.7545E+01  1.2879E-04  1.3611E+04
   #    623873  8.7584E+01  1.2881E-04  1.3641E+04
   #    624173  8.7623E+01  1.2883E-04  1.3671E+04
   #    624473  8.7661E+01  1.2889E-04  1.3701E+04
   #    624773  8.7700E+01  1.2896E-04  1.3731E+04
   #    625068  8.7738E+01  1.2901E-04  1.3761E+04
   #    625372  8.7777E+01  1.2901E-04  1.3791E+04
   #    625676  8.7816E+01  1.2900E-04  1.3821E+04
   #    625980  8.7855E+01  1.2903E-04  1.3851E+04
   #    626284  8.7895E+01  1.2894E-04  1.3881E+04
   #    626579  8.7933E+01  1.2886E-04  1.3911E+04
   #    626878  8.7971E+01  1.2879E-04  1.3941E+04
   #    627182  8.8010E+01  1.2875E-04  1.3972E+04
   #    627485  8.8049E+01  1.2874E-04  1.4002E+04
   #    627789  8.8088E+01  1.2870E-04  1.4032E+04
   #    628083  8.8126E+01  1.2871E-04  1.4062E+04
   #    628387  8.8165E+01  1.2863E-04  1.4092E+04
   #    628688  8.8204E+01  1.2858E-04  1.4122E+04
   #    628987  8.8242E+01  1.2853E-04  1.4152E+04
   #    629286  8.8281E+01  1.2845E-04  1.4182E+04
   #    629576  8.8318E+01  1.2832E-04  1.4212E+04
   #    629872  8.8356E+01  1.2817E-04  1.4242E+04
   #    630172  8.8394E+01  1.2803E-04  1.4272E+04
   #    630480  8.8434E+01  1.2791E-04  1.4302E+04
   #    630788  8.8473E+01  1.2783E-04  1.4332E+04
   #    631087  8.8511E+01  1.2782E-04  1.4362E+04
   #    631397  8.8551E+01  1.2782E-04  1.4392E+04
   #    631705  8.8590E+01  1.2781E-04  1.4422E+04
   #    632012  8.8630E+01  1.2781E-04  1.4452E+04
   #    632317  8.8669E+01  1.2780E-04  1.4482E+04
   #    632618  8.8707E+01  1.2778E-04  1.4512E+04
   #    632909  8.8744E+01  1.2772E-04  1.4542E+04
   #    633201  8.8781E+01  1.2766E-04  1.4573E+04
   #    633500  8.8820E+01  1.2762E-04  1.4603E+04
   #    633799  8.8858E+01  1.2761E-04  1.4633E+04
   #    634099  8.8896E+01  1.2763E-04  1.4663E+04
   #    634391  8.8933E+01  1.2764E-04  1.4693E+04
   #    634691  8.8972E+01  1.2765E-04  1.4723E+04
   #    634989  8.9009E+01  1.2766E-04  1.4753E+04
   #    635287  8.9047E+01  1.2759E-04  1.4783E+04
   #    635586  8.9086E+01  1.2751E-04  1.4813E+04
   #    635875  8.9122E+01  1.2741E-04  1.4843E+04
   #    636182  8.9162E+01  1.2727E-04  1.4873E+04
   #    636495  8.9201E+01  1.2714E-04  1.4903E+04
   #    636818  8.9242E+01  1.2703E-04  1.4933E+04
   #    637140  8.9283E+01  1.2697E-04  1.4963E+04
   #    637451  8.9323E+01  1.2697E-04  1.4993E+04
   #    637772  8.9363E+01  1.2689E-04  1.5023E+04
   #    638093  8.9404E+01  1.2685E-04  1.5053E+04
   #    638414  8.9445E+01  1.2687E-04  1.5083E+04
   #    638735  8.9486E+01  1.2687E-04  1.5113E+04
   #    639045  8.9525E+01  1.2689E-04  1.5143E+04
   #    639366  8.9566E+01  1.2690E-04  1.5173E+04
   #    639688  8.9606E+01  1.2684E-04  1.5203E+04
   #    639997  8.9646E+01  1.2676E-04  1.5233E+04
   #    640310  8.9685E+01  1.2663E-04  1.5263E+04
   #    640612  8.9723E+01  1.2652E-04  1.5293E+04
   #    640924  8.9763E+01  1.2642E-04  1.5323E+04
   #    641236  8.9802E+01  1.2632E-04  1.5354E+04
   #    641551  8.9842E+01  1.2624E-04  1.5384E+04
   #    641880  8.9884E+01  1.2615E-04  1.5414E+04
   #    642199  8.9924E+01  1.2609E-04  1.5444E+04
   #    642528  8.9965E+01  1.2603E-04  1.5474E+04
   #    642857  9.0007E+01  1.2601E-04  1.5504E+04
   #    643186  9.0048E+01  1.2601E-04  1.5534E+04
   #    643509  9.0089E+01  1.2603E-04  1.5564E+04
   #    643829  9.0129E+01  1.2602E-04  1.5594E+04
   #    644157  9.0171E+01  1.2604E-04  1.5624E+04
   #    644485  9.0212E+01  1.2609E-04  1.5654E+04
   #    644812  9.0253E+01  1.2616E-04  1.5684E+04
   #    645123  9.0292E+01  1.2624E-04  1.5714E+04
   #    645426  9.0331E+01  1.2631E-04  1.5744E+04
   #    645724  9.0368E+01  1.2636E-04  1.5774E+04
   #    646012  9.0405E+01  1.2643E-04  1.5804E+04
   #    646300  9.0441E+01  1.2650E-04  1.5834E+04
   #    646588  9.0477E+01  1.2657E-04  1.5864E+04
   #    646862  9.0512E+01  1.2667E-04  1.5894E+04
   #    647150  9.0549E+01  1.2680E-04  1.5924E+04
   #    647438  9.0585E+01  1.2683E-04  1.5954E+04
   #    647726  9.0622E+01  1.2675E-04  1.5984E+04
   #    648014  9.0658E+01  1.2664E-04  1.6015E+04
   #    648302  9.0695E+01  1.2654E-04  1.6045E+04
   #    648582  9.0730E+01  1.2620E-04  1.6075E+04
   #    648870  9.0766E+01  1.2585E-04  1.6105E+04
   #    649158  9.0802E+01  1.2547E-04  1.6135E+04
   #    649461  9.0840E+01  1.2505E-04  1.6165E+04
   #    649757  9.0877E+01  1.2473E-04  1.6195E+04
   #    650051  9.0914E+01  1.2450E-04  1.6225E+04
   #    650354  9.0952E+01  1.2429E-04  1.6255E+04
   #    650652  9.0989E+01  1.2407E-04  1.6285E+04
   #    650942  9.1024E+01  1.2405E-04  1.6315E+04
   #    651232  9.1060E+01  1.2413E-04  1.6345E+04
   #    651525  9.1097E+01  1.2424E-04  1.6375E+04
   #    651808  9.1132E+01  1.2419E-04  1.6405E+04
   #    652100  9.1168E+01  1.2418E-04  1.6435E+04
   #    652393  9.1205E+01  1.2417E-04  1.6465E+04
   #    652685  9.1241E+01  1.2420E-04  1.6495E+04
   #    652971  9.1276E+01  1.2424E-04  1.6525E+04
   #    653254  9.1312E+01  1.2430E-04  1.6555E+04
   #    653546  9.1348E+01  1.2435E-04  1.6585E+04
   #    653838  9.1384E+01  1.2443E-04  1.6615E+04
   #    654131  9.1421E+01  1.2453E-04  1.6646E+04
   #    654424  9.1457E+01  1.2465E-04  1.6676E+04
   #    654716  9.1493E+01  1.2474E-04  1.6706E+04
   #    654999  9.1529E+01  1.2483E-04  1.6736E+04
   #    655291  9.1565E+01  1.2475E-04  1.6766E+04
   #    655584  9.1602E+01  1.2465E-04  1.6796E+04
   #    655877  9.1638E+01  1.2453E-04  1.6826E+04
   #    656164  9.1674E+01  1.2441E-04  1.6856E+04
   #    656451  9.1710E+01  1.2426E-04  1.6886E+04
   #    656743  9.1746E+01  1.2405E-04  1.6916E+04
   #    657035  9.1782E+01  1.2384E-04  1.6946E+04
   #    657327  9.1818E+01  1.2366E-04  1.6976E+04
   #    657619  9.1854E+01  1.2351E-04  1.7006E+04
   #    657908  9.1890E+01  1.2334E-04  1.7036E+04
   #    658187  9.1924E+01  1.2320E-04  1.7066E+04
   #    658477  9.1960E+01  1.2309E-04  1.7096E+04
   #    658766  9.1996E+01  1.2302E-04  1.7126E+04
   #    659056  9.2031E+01  1.2296E-04  1.7156E+04
   #    659340  9.2066E+01  1.2286E-04  1.7187E+04
   #    659629  9.2102E+01  1.2276E-04  1.7217E+04
   #    659910  9.2136E+01  1.2270E-04  1.7247E+04
   #    660199  9.2172E+01  1.2265E-04  1.7277E+04
   #    660488  9.2207E+01  1.2262E-04  1.7307E+04
   #    660777  9.2242E+01  1.2259E-04  1.7337E+04
   #    661066  9.2278E+01  1.2255E-04  1.7367E+04
   #    661347  9.2312E+01  1.2250E-04  1.7397E+04
   #    661636  9.2348E+01  1.2243E-04  1.7427E+04
   #    661925  9.2383E+01  1.2236E-04  1.7457E+04
   #    662232  9.2421E+01  1.2227E-04  1.7487E+04
   #    662536  9.2458E+01  1.2218E-04  1.7517E+04
   #    662828  9.2493E+01  1.2210E-04  1.7547E+04
   #    663133  9.2531E+01  1.2202E-04  1.7577E+04
   #    663447  9.2569E+01  1.2194E-04  1.7607E+04
   #    663748  9.2605E+01  1.2188E-04  1.7637E+04
   #    664062  9.2644E+01  1.2183E-04  1.7667E+04
   #    664379  9.2682E+01  1.2180E-04  1.7697E+04
   #    664687  9.2720E+01  1.2178E-04  1.7727E+04
   #    665004  9.2758E+01  1.2177E-04  1.7757E+04
   #    665321  9.2797E+01  1.2178E-04  1.7787E+04
   #    665633  9.2835E+01  1.2180E-04  1.7818E+04
   #    665950  9.2874E+01  1.2182E-04  1.7848E+04
   #    666256  9.2911E+01  1.2184E-04  1.7878E+04
   #    666570  9.2949E+01  1.2186E-04  1.7908E+04
   #    666885  9.2987E+01  1.2188E-04  1.7938E+04
   #    667200  9.3026E+01  1.2189E-04  1.7968E+04
   #    667515  9.3064E+01  1.2174E-04  1.7998E+04
   #    667836  9.3103E+01  1.2156E-04  1.8028E+04
   #    668149  9.3141E+01  1.2139E-04  1.8058E+04
   #    668470  9.3180E+01  1.2125E-04  1.8088E+04
   #    668791  9.3219E+01  1.2115E-04  1.8118E+04
   #    669105  9.3257E+01  1.2107E-04  1.8148E+04
   #    669437  9.3297E+01  1.2099E-04  1.8178E+04
   #    669763  9.3337E+01  1.2091E-04  1.8208E+04
   #    670099  9.3377E+01  1.2084E-04  1.8238E+04
   #    670435  9.3418E+01  1.2077E-04  1.8268E+04
   #    670771  9.3458E+01  1.2069E-04  1.8298E+04
   #    671107  9.3499E+01  1.2062E-04  1.8328E+04
   #    671433  9.3538E+01  1.2055E-04  1.8358E+04
   #    671769  9.3579E+01  1.2048E-04  1.8388E+04
   #    672105  9.3619E+01  1.2042E-04  1.8419E+04
   #    672441  9.3659E+01  1.2037E-04  1.8449E+04
   #    672767  9.3699E+01  1.2032E-04  1.8479E+04
   #    673088  9.3737E+01  1.2023E-04  1.8509E+04
   #    673419  9.3777E+01  1.2011E-04  1.8539E+04
   #    673751  9.3817E+01  1.1986E-04  1.8569E+04
   #    674083  9.3857E+01  1.1962E-04  1.8599E+04
   #    674414  9.3896E+01  1.1932E-04  1.8629E+04
   #    674736  9.3935E+01  1.1906E-04  1.8659E+04
   #    675068  9.3974E+01  1.1883E-04  1.8689E+04
   #    675399  9.4013E+01  1.1863E-04  1.8719E+04
   #    675734  9.4053E+01  1.1845E-04  1.8749E+04
   #    676070  9.4093E+01  1.1829E-04  1.8779E+04
   #    676393  9.4131E+01  1.1819E-04  1.8809E+04
   #    676728  9.4171E+01  1.1807E-04  1.8839E+04
   #    677063  9.4210E+01  1.1795E-04  1.8869E+04
   #    677398  9.4249E+01  1.1769E-04  1.8899E+04
   #    677733  9.4289E+01  1.1754E-04  1.8929E+04
   #    678058  9.4327E+01  1.1744E-04  1.8959E+04
   #    678392  9.4366E+01  1.1734E-04  1.8989E+04
   #    678726  9.4405E+01  1.1725E-04  1.9019E+04
   #    679061  9.4445E+01  1.1718E-04  1.9050E+04
   #    679396  9.4484E+01  1.1712E-04  1.9080E+04
   #    679721  9.4522E+01  1.1710E-04  1.9110E+04
   #    680047  9.4560E+01  1.1709E-04  1.9140E+04
   #    680379  9.4599E+01  1.1707E-04  1.9170E+04
   #    680710  9.4638E+01  1.1699E-04  1.9200E+04
   #    681041  9.4676E+01  1.1689E-04  1.9230E+04
   #    681362  9.4714E+01  1.1679E-04  1.9260E+04
   #    681692  9.4752E+01  1.1671E-04  1.9290E+04
   #    682023  9.4791E+01  1.1665E-04  1.9320E+04
   #    682354  9.4830E+01  1.1662E-04  1.9350E+04
   #    682685  9.4868E+01  1.1662E-04  1.9380E+04
   #    683016  9.4907E+01  1.1667E-04  1.9410E+04
   #    683337  9.4944E+01  1.1676E-04  1.9440E+04
   #    683661  9.4982E+01  1.1682E-04  1.9470E+04
   #    683990  9.5021E+01  1.1690E-04  1.9500E+04
   #    684318  9.5059E+01  1.1697E-04  1.9530E+04
   #    684645  9.5097E+01  1.1705E-04  1.9560E+04
   #    684964  9.5135E+01  1.1713E-04  1.9591E+04
   #    685293  9.5173E+01  1.1723E-04  1.9621E+04
   #    685622  9.5212E+01  1.1729E-04  1.9651E+04
   #    685949  9.5250E+01  1.1730E-04  1.9681E+04
   #    686277  9.5288E+01  1.1733E-04  1.9711E+04
   #    686601  9.5326E+01  1.1738E-04  1.9741E+04
   #    686932  9.5365E+01  1.1740E-04  1.9771E+04
   #    687270  9.5405E+01  1.1735E-04  1.9801E+04
   #    687608  9.5445E+01  1.1731E-04  1.9831E+04
   #    687949  9.5485E+01  1.1724E-04  1.9861E+04
   #    688279  9.5523E+01  1.1718E-04  1.9891E+04
   #    688620  9.5563E+01  1.1710E-04  1.9921E+04
   #    688961  9.5603E+01  1.1701E-04  1.9951E+04
   #    689302  9.5643E+01  1.1693E-04  1.9981E+04
   #    689642  9.5683E+01  1.1679E-04  2.0011E+04
   #    689973  9.5721E+01  1.1659E-04  2.0041E+04
   #    690314  9.5761E+01  1.1639E-04  2.0071E+04
   #    690647  9.5800E+01  1.1628E-04  2.0101E+04
   #    690988  9.5839E+01  1.1616E-04  2.0131E+04
   #    691329  9.5879E+01  1.1601E-04  2.0161E+04
   #    691662  9.5917E+01  1.1582E-04  2.0191E+04
   #    692003  9.5957E+01  1.1557E-04  2.0221E+04
   #    692342  9.5996E+01  1.1536E-04  2.0251E+04
   #    692679  9.6035E+01  1.1518E-04  2.0282E+04
   #    693015  9.6073E+01  1.1500E-04  2.0312E+04
   #    693340  9.6111E+01  1.1480E-04  2.0342E+04
   #    693677  9.6149E+01  1.1458E-04  2.0372E+04
   #    694014  9.6188E+01  1.1436E-04  2.0402E+04
   #    694344  9.6226E+01  1.1416E-04  2.0432E+04
   #    694681  9.6264E+01  1.1397E-04  2.0462E+04
   #    695018  9.6303E+01  1.1379E-04  2.0492E+04
   #    695347  9.6340E+01  1.1363E-04  2.0522E+04
   #    695685  9.6378E+01  1.1349E-04  2.0552E+04
   #    696023  9.6417E+01  1.1332E-04  2.0582E+04
   #    696361  9.6455E+01  1.1317E-04  2.0612E+04
   #    696699  9.6493E+01  1.1301E-04  2.0642E+04
   #    697028  9.6530E+01  1.1287E-04  2.0672E+04
   #    697367  9.6568E+01  1.1278E-04  2.0702E+04
   #    697707  9.6607E+01  1.1275E-04  2.0732E+04
   #    698040  9.6644E+01  1.1275E-04  2.0762E+04
   #    698380  9.6683E+01  1.1275E-04  2.0792E+04
   #    698711  9.6720E+01  1.1278E-04  2.0822E+04
   #    699051  9.6758E+01  1.1285E-04  2.0852E+04
   #    699391  9.6797E+01  1.1293E-04  2.0882E+04
   #    699731  9.6835E+01  1.1295E-04  2.0913E+04
   #    700071  9.6873E+01  1.1287E-04  2.0943E+04
   #    700401  9.6911E+01  1.1275E-04  2.0973E+04
   #    700738  9.6949E+01  1.1258E-04  2.1003E+04
   #    701075  9.6987E+01  1.1238E-04  2.1033E+04
   #    701412  9.7024E+01  1.1215E-04  2.1063E+04
   #    701741  9.7061E+01  1.1193E-04  2.1093E+04
   #    702077  9.7099E+01  1.1174E-04  2.1123E+04
   #    702402  9.7135E+01  1.1160E-04  2.1153E+04
   #    702737  9.7172E+01  1.1149E-04  2.1183E+04
   #    703073  9.7210E+01  1.1141E-04  2.1213E+04
   #    703409  9.7247E+01  1.1135E-04  2.1243E+04
   #    703745  9.7285E+01  1.1133E-04  2.1273E+04
   #    704072  9.7321E+01  1.1133E-04  2.1303E+04
   #    704408  9.7358E+01  1.1138E-04  2.1333E+04
   #    704745  9.7396E+01  1.1144E-04  2.1363E+04
   #    705074  9.7433E+01  1.1148E-04  2.1393E+04
   #    705410  9.7470E+01  1.1154E-04  2.1423E+04
   #    705746  9.7508E+01  1.1163E-04  2.1454E+04
   #    706072  9.7544E+01  1.1172E-04  2.1484E+04
   #    706408  9.7581E+01  1.1184E-04  2.1514E+04
   #    706747  9.7619E+01  1.1197E-04  2.1544E+04
   #    707086  9.7657E+01  1.1213E-04  2.1574E+04
   #    707425  9.7695E+01  1.1229E-04  2.1604E+04
   #    707753  9.7732E+01  1.1243E-04  2.1634E+04
   #    708091  9.7770E+01  1.1253E-04  2.1664E+04
   #    708427  9.7808E+01  1.1245E-04  2.1694E+04
   #    708758  9.7845E+01  1.1232E-04  2.1724E+04
   #    709096  9.7883E+01  1.1216E-04  2.1754E+04
   #    709424  9.7920E+01  1.1201E-04  2.1784E+04
   #    709762  9.7958E+01  1.1187E-04  2.1814E+04
   #    710100  9.7996E+01  1.1175E-04  2.1844E+04
   #    710438  9.8033E+01  1.1165E-04  2.1874E+04
   #    710774  9.8071E+01  1.1156E-04  2.1904E+04
   #    711110  9.8108E+01  1.1148E-04  2.1934E+04
   #    711435  9.8144E+01  1.1140E-04  2.1964E+04
   #    711771  9.8182E+01  1.1135E-04  2.1995E+04
   #    712107  9.8219E+01  1.1128E-04  2.2025E+04
   #    712436  9.8256E+01  1.1121E-04  2.2055E+04
   #    712772  9.8293E+01  1.1114E-04  2.2085E+04
   #    713098  9.8329E+01  1.1105E-04  2.2115E+04
   #    713433  9.8367E+01  1.1100E-04  2.2145E+04
   #    713768  9.8404E+01  1.1095E-04  2.2175E+04
   #    714104  9.8441E+01  1.1081E-04  2.2205E+04
   #    714441  9.8478E+01  1.1065E-04  2.2235E+04
   #    714769  9.8515E+01  1.1049E-04  2.2265E+04
   #    715106  9.8552E+01  1.1036E-04  2.2295E+04
   #    715444  9.8589E+01  1.1019E-04  2.2325E+04
   #    715782  9.8626E+01  1.1001E-04  2.2355E+04
   #    716115  9.8663E+01  1.0984E-04  2.2385E+04
   #    716454  9.8700E+01  1.0967E-04  2.2415E+04
   #    716784  9.8736E+01  1.0953E-04  2.2445E+04
   #    717123  9.8773E+01  1.0941E-04  2.2475E+04
   #    717463  9.8810E+01  1.0933E-04  2.2505E+04
   #    717802  9.8847E+01  1.0927E-04  2.2535E+04
   #    718141  9.8884E+01  1.0922E-04  2.2565E+04
   #    718470  9.8920E+01  1.0915E-04  2.2595E+04
   #    718809  9.8957E+01  1.0907E-04  2.2625E+04
   #    719148  9.8994E+01  1.0899E-04  2.2655E+04
   #    719487  9.9031E+01  1.0891E-04  2.2685E+04
   #    719819  9.9067E+01  1.0881E-04  2.2715E+04
   #    720158  9.9104E+01  1.0864E-04  2.2745E+04
   #    720487  9.9140E+01  1.0847E-04  2.2775E+04
   #    720826  9.9177E+01  1.0829E-04  2.2805E+04
   #    721165  9.9213E+01  1.0808E-04  2.2835E+04
   #    721504  9.9250E+01  1.0787E-04  2.2865E+04
   #    721843  9.9286E+01  1.0769E-04  2.2895E+04
   #    722171  9.9322E+01  1.0757E-04  2.2926E+04
   #    722510  9.9358E+01  1.0748E-04  2.2956E+04
   #    722849  9.9395E+01  1.0745E-04  2.2986E+04
   #    723187  9.9431E+01  1.0749E-04  2.3016E+04
   #    723519  9.9467E+01  1.0754E-04  2.3046E+04
   #    723859  9.9503E+01  1.0763E-04  2.3076E+04
   #    724196  9.9539E+01  1.0770E-04  2.3106E+04
   #    724544  9.9577E+01  1.0775E-04  2.3136E+04
   #    724891  9.9614E+01  1.0781E-04  2.3166E+04
   #    725238  9.9652E+01  1.0787E-04  2.3196E+04
   #    725585  9.9689E+01  1.0795E-04  2.3226E+04
   #    725923  9.9726E+01  1.0805E-04  2.3256E+04
   #    726270  9.9763E+01  1.0819E-04  2.3286E+04
   #    726617  9.9801E+01  1.0833E-04  2.3316E+04
   #    726958  9.9838E+01  1.0846E-04  2.3346E+04
   #    727305  9.9875E+01  1.0859E-04  2.3376E+04
   #    727641  9.9912E+01  1.0871E-04  2.3406E+04
   #    727988  9.9950E+01  1.0883E-04  2.3436E+04
   #    728335  9.9987E+01  1.0893E-04  2.3466E+04
   #    728682  1.0003E+02  1.0904E-04  2.3496E+04
   #    729029  1.0006E+02  1.0914E-04  2.3526E+04
   #    729376  1.0010E+02  1.0928E-04  2.3556E+04
   #    729715  1.0014E+02  1.0943E-04  2.3586E+04
   #    730062  1.0018E+02  1.0947E-04  2.3616E+04
   #    730409  1.0021E+02  1.0947E-04  2.3646E+04
   #    730749  1.0025E+02  1.0946E-04  2.3676E+04
   #    731097  1.0029E+02  1.0943E-04  2.3707E+04
   #    731434  1.0033E+02  1.0937E-04  2.3737E+04
   #    731782  1.0036E+02  1.0927E-04  2.3767E+04
   #    732129  1.0040E+02  1.0913E-04  2.3797E+04
   #    732471  1.0044E+02  1.0899E-04  2.3827E+04
   #    732813  1.0048E+02  1.0883E-04  2.3857E+04
   #    733145  1.0051E+02  1.0868E-04  2.3887E+04
   #    733487  1.0055E+02  1.0853E-04  2.3917E+04
   #    733829  1.0059E+02  1.0838E-04  2.3947E+04
   #    734172  1.0062E+02  1.0827E-04  2.3977E+04
   #    734508  1.0066E+02  1.0821E-04  2.4007E+04
   #    734850  1.0070E+02  1.0818E-04  2.4037E+04
   #    735181  1.0073E+02  1.0811E-04  2.4067E+04
   #    735524  1.0077E+02  1.0806E-04  2.4097E+04
   #    735867  1.0081E+02  1.0796E-04  2.4127E+04
   #    736210  1.0084E+02  1.0787E-04  2.4157E+04
   #    736553  1.0088E+02  1.0782E-04  2.4187E+04
   #    736886  1.0092E+02  1.0776E-04  2.4217E+04
   #    737222  1.0095E+02  1.0769E-04  2.4247E+04
   #    737551  1.0099E+02  1.0760E-04  2.4277E+04
   #    737881  1.0102E+02  1.0755E-04  2.4307E+04
   #    738205  1.0106E+02  1.0749E-04  2.4337E+04
   #    738533  1.0109E+02  1.0746E-04  2.4367E+04
   #    738851  1.0113E+02  1.0744E-04  2.4397E+04
   #    739178  1.0116E+02  1.0737E-04  2.4427E+04
   #    739506  1.0120E+02  1.0723E-04  2.4457E+04
   #    739833  1.0123E+02  1.0702E-04  2.4487E+04
   #    740161  1.0127E+02  1.0676E-04  2.4518E+04
   #    740488  1.0130E+02  1.0653E-04  2.4548E+04
   #    740815  1.0134E+02  1.0637E-04  2.4578E+04
   #    741150  1.0137E+02  1.0632E-04  2.4608E+04
   #    741480  1.0141E+02  1.0634E-04  2.4638E+04
   #    741803  1.0144E+02  1.0643E-04  2.4668E+04
   #    742133  1.0148E+02  1.0654E-04  2.4698E+04
   #    742452  1.0151E+02  1.0668E-04  2.4728E+04
   #    742782  1.0155E+02  1.0683E-04  2.4758E+04
   #    743112  1.0158E+02  1.0698E-04  2.4788E+04
   #    743442  1.0162E+02  1.0712E-04  2.4818E+04
   #    743772  1.0165E+02  1.0726E-04  2.4848E+04
   #    744101  1.0169E+02  1.0740E-04  2.4878E+04
   #    744421  1.0172E+02  1.0756E-04  2.4908E+04
   #    744751  1.0176E+02  1.0775E-04  2.4938E+04
   #    745074  1.0179E+02  1.0796E-04  2.4968E+04
   #    745404  1.0183E+02  1.0820E-04  2.4998E+04
   #    745734  1.0187E+02  1.0842E-04  2.5028E+04
   #    746064  1.0190E+02  1.0870E-04  2.5058E+04
   #    746384  1.0194E+02  1.0893E-04  2.5088E+04
   #    746714  1.0197E+02  1.0914E-04  2.5118E+04
   #    747044  1.0201E+02  1.0931E-04  2.5148E+04
   #    747374  1.0204E+02  1.0934E-04  2.5178E+04
   #    747706  1.0208E+02  1.0938E-04  2.5208E+04
   #    748028  1.0212E+02  1.0938E-04  2.5238E+04
   #    748360  1.0215E+02  1.0937E-04  2.5268E+04
   #    748685  1.0219E+02  1.0937E-04  2.5299E+04
   #    749017  1.0222E+02  1.0939E-04  2.5329E+04
   #    749349  1.0226E+02  1.0944E-04  2.5359E+04
   #    749681  1.0230E+02  1.0952E-04  2.5389E+04
   #    750003  1.0233E+02  1.0961E-04  2.5419E+04
   #    750335  1.0237E+02  1.0970E-04  2.5449E+04
   #    750667  1.0240E+02  1.0978E-04  2.5479E+04
   #    750999  1.0244E+02  1.0984E-04  2.5509E+04
   #    751331  1.0248E+02  1.0989E-04  2.5539E+04
   #    751653  1.0251E+02  1.0995E-04  2.5569E+04
   #    751985  1.0255E+02  1.0996E-04  2.5599E+04
   #    752309  1.0258E+02  1.0987E-04  2.5629E+04
   #    752641  1.0262E+02  1.0968E-04  2.5659E+04
   #    752973  1.0266E+02  1.0949E-04  2.5689E+04
   #    753305  1.0269E+02  1.0929E-04  2.5719E+04
   #    753629  1.0273E+02  1.0911E-04  2.5749E+04
   #    753961  1.0277E+02  1.0894E-04  2.5779E+04
   #    754293  1.0280E+02  1.0880E-04  2.5809E+04
   #    754625  1.0284E+02  1.0870E-04  2.5839E+04
   #    754957  1.0287E+02  1.0862E-04  2.5869E+04
   #    755289  1.0291E+02  1.0853E-04  2.5899E+04
   #    755611  1.0294E+02  1.0843E-04  2.5929E+04
   #    755937  1.0298E+02  1.0833E-04  2.5959E+04
   #    756269  1.0302E+02  1.0823E-04  2.5989E+04
   #    756601  1.0305E+02  1.0816E-04  2.6019E+04
   #    756933  1.0309E+02  1.0811E-04  2.6049E+04
   #    757255  1.0312E+02  1.0807E-04  2.6080E+04
   #    757586  1.0316E+02  1.0803E-04  2.6110E+04
   #    757917  1.0319E+02  1.0802E-04  2.6140E+04
   #    758249  1.0323E+02  1.0802E-04  2.6170E+04
   #    758581  1.0327E+02  1.0804E-04  2.6200E+04
   #    758911  1.0330E+02  1.0807E-04  2.6230E+04
   #    759232  1.0334E+02  1.0810E-04  2.6260E+04
   #    759555  1.0337E+02  1.0811E-04  2.6290E+04
   #    759885  1.0341E+02  1.0811E-04  2.6320E+04
   #    760215  1.0344E+02  1.0812E-04  2.6350E+04
   #    760544  1.0348E+02  1.0813E-04  2.6380E+04
   #    760864  1.0351E+02  1.0816E-04  2.6410E+04
   #    761192  1.0355E+02  1.0819E-04  2.6440E+04
   #    761504  1.0358E+02  1.0824E-04  2.6470E+04
   #    761808  1.0361E+02  1.0830E-04  2.6500E+04
   #    762111  1.0365E+02  1.0842E-04  2.6530E+04
   #    762415  1.0368E+02  1.0858E-04  2.6561E+04
   #    762711  1.0371E+02  1.0873E-04  2.6591E+04
   #    763010  1.0375E+02  1.0887E-04  2.6621E+04
   #    763315  1.0378E+02  1.0903E-04  2.6651E+04
   #    763620  1.0381E+02  1.0921E-04  2.6681E+04
   #    763925  1.0384E+02  1.0940E-04  2.6711E+04
   #    764230  1.0388E+02  1.0958E-04  2.6741E+04
   #    764535  1.0391E+02  1.0979E-04  2.6771E+04
   #    764830  1.0394E+02  1.0999E-04  2.6801E+04
   #    765144  1.0398E+02  1.1021E-04  2.6831E+04
   #    765473  1.0401E+02  1.1043E-04  2.6861E+04
   #    765803  1.0405E+02  1.1066E-04  2.6891E+04
   #    766126  1.0409E+02  1.1089E-04  2.6921E+04
   #    766445  1.0412E+02  1.1111E-04  2.6951E+04
   #    766775  1.0416E+02  1.1122E-04  2.6981E+04
   #    767105  1.0420E+02  1.1126E-04  2.7011E+04
   #    767435  1.0423E+02  1.1129E-04  2.7041E+04
   #    767765  1.0427E+02  1.1132E-04  2.7071E+04
   #    768094  1.0431E+02  1.1134E-04  2.7101E+04
   #    768412  1.0434E+02  1.1139E-04  2.7131E+04
   #    768741  1.0438E+02  1.1147E-04  2.7161E+04
   #    769070  1.0441E+02  1.1146E-04  2.7191E+04
   #    769399  1.0445E+02  1.1151E-04  2.7221E+04
   #    769721  1.0449E+02  1.1156E-04  2.7251E+04
   #    770040  1.0452E+02  1.1161E-04  2.7281E+04
   #    770369  1.0456E+02  1.1166E-04  2.7311E+04
   #    770698  1.0460E+02  1.1170E-04  2.7341E+04
   #    771026  1.0463E+02  1.1171E-04  2.7372E+04
   #    771354  1.0467E+02  1.1168E-04  2.7402E+04
   #    771683  1.0471E+02  1.1163E-04  2.7432E+04
   #    772001  1.0474E+02  1.1157E-04  2.7462E+04
   #    772330  1.0478E+02  1.1159E-04  2.7492E+04
   #    772659  1.0482E+02  1.1147E-04  2.7522E+04
   #    772988  1.0485E+02  1.1147E-04  2.7552E+04
   #    773310  1.0489E+02  1.1155E-04  2.7582E+04
   #    773628  1.0492E+02  1.1168E-04  2.7612E+04
   #    773957  1.0496E+02  1.1174E-04  2.7642E+04
   #    774286  1.0500E+02  1.1182E-04  2.7672E+04
   #    774615  1.0503E+02  1.1182E-04  2.7702E+04
   #    774944  1.0507E+02  1.1180E-04  2.7732E+04
   #    775273  1.0511E+02  1.1179E-04  2.7762E+04
   #    775593  1.0514E+02  1.1180E-04  2.7792E+04
   #    775923  1.0518E+02  1.1182E-04  2.7822E+04
   #    776252  1.0522E+02  1.1183E-04  2.7852E+04
   #    776582  1.0525E+02  1.1182E-04  2.7882E+04
   #    776906  1.0529E+02  1.1178E-04  2.7912E+04
   #    777226  1.0533E+02  1.1171E-04  2.7942E+04
   #    777556  1.0536E+02  1.1163E-04  2.7972E+04
   #    777886  1.0540E+02  1.1150E-04  2.8002E+04
   #    778216  1.0544E+02  1.1137E-04  2.8032E+04
   #    778546  1.0547E+02  1.1126E-04  2.8063E+04
   #    778876  1.0551E+02  1.1118E-04  2.8093E+04
   #    779197  1.0554E+02  1.1115E-04  2.8123E+04
   #    779521  1.0558E+02  1.1114E-04  2.8153E+04
   #    779850  1.0562E+02  1.1116E-04  2.8183E+04
   #    780180  1.0565E+02  1.1119E-04  2.8213E+04
   #    780503  1.0569E+02  1.1123E-04  2.8243E+04
   #    780822  1.0573E+02  1.1128E-04  2.8273E+04
   #    781152  1.0576E+02  1.1134E-04  2.8303E+04
   #    781482  1.0580E+02  1.1141E-04  2.8333E+04
   #    781812  1.0584E+02  1.1151E-04  2.8363E+04
   #    782142  1.0587E+02  1.1158E-04  2.8393E+04
   #    782472  1.0591E+02  1.1166E-04  2.8423E+04
   #    782791  1.0594E+02  1.1172E-04  2.8453E+04
   #    783121  1.0598E+02  1.1174E-04  2.8483E+04
   #    783450  1.0602E+02  1.1173E-04  2.8513E+04
   #    783778  1.0606E+02  1.1176E-04  2.8543E+04
   #    784105  1.0609E+02  1.1179E-04  2.8573E+04
   #    784424  1.0613E+02  1.1184E-04  2.8603E+04
   #    784753  1.0616E+02  1.1189E-04  2.8633E+04
   #    785082  1.0620E+02  1.1191E-04  2.8663E+04
   #    785411  1.0624E+02  1.1193E-04  2.8693E+04
   #    785740  1.0627E+02  1.1198E-04  2.8724E+04
   #    786069  1.0631E+02  1.1203E-04  2.8754E+04
   #    786388  1.0635E+02  1.1206E-04  2.8784E+04
   #    786717  1.0638E+02  1.1209E-04  2.8814E+04
   #    787046  1.0642E+02  1.1209E-04  2.8844E+04
   #    787368  1.0646E+02  1.1211E-04  2.8874E+04
   #    787697  1.0649E+02  1.1217E-04  2.8904E+04
   #    788017  1.0653E+02  1.1224E-04  2.8934E+04
   #    788346  1.0657E+02  1.1232E-04  2.8964E+04
   #    788675  1.0660E+02  1.1237E-04  2.8994E+04
   #    789004  1.0664E+02  1.1242E-04  2.9024E+04
   #    789333  1.0668E+02  1.1246E-04  2.9054E+04
   #    789652  1.0671E+02  1.1250E-04  2.9084E+04
   #    789982  1.0675E+02  1.1253E-04  2.9114E+04
   #    790311  1.0679E+02  1.1256E-04  2.9144E+04
   #    790640  1.0682E+02  1.1259E-04  2.9174E+04
   #    790963  1.0686E+02  1.1264E-04  2.9204E+04
   #    791292  1.0690E+02  1.1270E-04  2.9234E+04
   #    791610  1.0693E+02  1.1278E-04  2.9264E+04
   #    791939  1.0697E+02  1.1273E-04  2.9294E+04
   #    792269  1.0701E+02  1.1260E-04  2.9324E+04
   #    792598  1.0705E+02  1.1249E-04  2.9354E+04
   #    792928  1.0708E+02  1.1238E-04  2.9384E+04
   #    793246  1.0712E+02  1.1229E-04  2.9414E+04
   #    793576  1.0716E+02  1.1222E-04  2.9444E+04
   #    793906  1.0719E+02  1.1207E-04  2.9474E+04
   #    794236  1.0723E+02  1.1198E-04  2.9505E+04
   #    794559  1.0727E+02  1.1194E-04  2.9535E+04
   #    794889  1.0730E+02  1.1191E-04  2.9565E+04
   #    795210  1.0734E+02  1.1189E-04  2.9595E+04
   #    795541  1.0738E+02  1.1182E-04  2.9625E+04
   #    795872  1.0741E+02  1.1172E-04  2.9655E+04
   #    796202  1.0745E+02  1.1163E-04  2.9685E+04
   #    796532  1.0749E+02  1.1158E-04  2.9715E+04
   #    796853  1.0752E+02  1.1153E-04  2.9745E+04
   #    797183  1.0756E+02  1.1147E-04  2.9775E+04
   #    797513  1.0760E+02  1.1147E-04  2.9805E+04
   #    797843  1.0763E+02  1.1146E-04  2.9835E+04
   #    798166  1.0767E+02  1.1145E-04  2.9865E+04
   #    798496  1.0770E+02  1.1142E-04  2.9895E+04
   #    798816  1.0774E+02  1.1141E-04  2.9925E+04
   #    799146  1.0778E+02  1.1140E-04  2.9955E+04
   #    799476  1.0781E+02  1.1140E-04  2.9985E+04
   #    799806  1.0785E+02  1.1140E-04  3.0015E+04
   #    800136  1.0789E+02  1.1140E-04  3.0045E+04
   #    800456  1.0792E+02  1.1139E-04  3.0075E+04
   #    800786  1.0796E+02  1.1136E-04  3.0105E+04
   #    801116  1.0800E+02  1.1131E-04  3.0135E+04
   #    801446  1.0803E+02  1.1125E-04  3.0166E+04
   #    801769  1.0807E+02  1.1119E-04  3.0196E+04
   #    802099  1.0811E+02  1.1113E-04  3.0226E+04
   #    802419  1.0814E+02  1.1109E-04  3.0256E+04
   #    802749  1.0818E+02  1.1105E-04  3.0286E+04
   #    803079  1.0821E+02  1.1101E-04  3.0316E+04
   #    803409  1.0825E+02  1.1096E-04  3.0346E+04
   #    803736  1.0829E+02  1.1091E-04  3.0376E+04
   #    804053  1.0832E+02  1.1088E-04  3.0406E+04
   #    804381  1.0836E+02  1.1085E-04  3.0436E+04
   #    804708  1.0840E+02  1.1085E-04  3.0466E+04
   #    805029  1.0843E+02  1.1086E-04  3.0496E+04
   #    805356  1.0847E+02  1.1089E-04  3.0526E+04
   #    805683  1.0850E+02  1.1092E-04  3.0556E+04
   #    806001  1.0854E+02  1.1097E-04  3.0586E+04
   #    806329  1.0857E+02  1.1104E-04  3.0616E+04
   #    806657  1.0861E+02  1.1111E-04  3.0646E+04
   #    806984  1.0865E+02  1.1118E-04  3.0676E+04
   #    807311  1.0868E+02  1.1121E-04  3.0706E+04
   #    807628  1.0872E+02  1.1125E-04  3.0736E+04
   #    807954  1.0876E+02  1.1131E-04  3.0766E+04
   #    808280  1.0879E+02  1.1139E-04  3.0796E+04
   #    808599  1.0883E+02  1.1147E-04  3.0826E+04
   #    808925  1.0886E+02  1.1154E-04  3.0856E+04
   #    809250  1.0890E+02  1.1163E-04  3.0886E+04
   #    809565  1.0894E+02  1.1172E-04  3.0916E+04
   #    809890  1.0897E+02  1.1180E-04  3.0946E+04
   #    810216  1.0901E+02  1.1189E-04  3.0977E+04
   #    810542  1.0904E+02  1.1198E-04  3.1007E+04
   #    810868  1.0908E+02  1.1209E-04  3.1037E+04
   #    811187  1.0912E+02  1.1209E-04  3.1067E+04
   #    811512  1.0915E+02  1.1205E-04  3.1097E+04
   #    811838  1.0919E+02  1.1196E-04  3.1127E+04
   #    812157  1.0923E+02  1.1185E-04  3.1157E+04
   #    812483  1.0926E+02  1.1171E-04  3.1187E+04
   #    812809  1.0930E+02  1.1155E-04  3.1217E+04
   #    813125  1.0933E+02  1.1140E-04  3.1247E+04
   #    813451  1.0937E+02  1.1128E-04  3.1277E+04
   #    813776  1.0941E+02  1.1117E-04  3.1307E+04
   #    814102  1.0944E+02  1.1107E-04  3.1337E+04
   #    814427  1.0948E+02  1.1098E-04  3.1367E+04
   #    814753  1.0951E+02  1.1091E-04  3.1397E+04
   #    815070  1.0955E+02  1.1084E-04  3.1427E+04
   #    815396  1.0959E+02  1.1080E-04  3.1457E+04
   #    815716  1.0962E+02  1.1078E-04  3.1487E+04
   #    816042  1.0966E+02  1.1077E-04  3.1518E+04
   #    816368  1.0969E+02  1.1076E-04  3.1548E+04
   #    816684  1.0973E+02  1.1075E-04  3.1578E+04
   #    817010  1.0976E+02  1.1074E-04  3.1608E+04
   #    817336  1.0980E+02  1.1069E-04  3.1638E+04
   #    817662  1.0984E+02  1.1064E-04  3.1668E+04
   #    817988  1.0987E+02  1.1062E-04  3.1698E+04
   #    818314  1.0991E+02  1.1061E-04  3.1728E+04
   #    818631  1.0994E+02  1.1063E-04  3.1758E+04
   #    818957  1.0998E+02  1.1062E-04  3.1788E+04
   #    819277  1.1001E+02  1.1058E-04  3.1818E+04
   #    819603  1.1005E+02  1.1055E-04  3.1848E+04
   #    819929  1.1009E+02  1.1054E-04  3.1878E+04
   #    820246  1.1012E+02  1.1053E-04  3.1908E+04
   #    820573  1.1016E+02  1.1054E-04  3.1938E+04
