 -----------------------------------------------------------------------------
 -----------------------------------------------------------------------------
 |         __  __ ____ ___        _    __  __ ______     ___    ____         |
 |        |  \/  |  _ \_ _|      / \  |  \/  |  _ \ \   / / \  / ___|        |
 |        | |\/| | |_) | |_____ / _ \ | |\/| | |_) \ \ / / _ \| |            |
 |        | |  | |  __/| |_____/ ___ \| |  | |  _ < \ V / ___ \ |___         |
 |        |_|  |_|_|  |___|   /_/   \_\_|  |_|_| \_\ \_/_/   \_\____|        |
 -----------------------------------------------------------------------------
 -----------------------------------------------------------------------------
 Spitzer MHD: par:   0.21633973559351147       ,perp:    2.1685795904764041E-011
 Combination of Colgan (2008) for high temperatures and
 Dalgarno & McCray (1972), DM2, for low temperatures
 Reading amrvac.par
 
 Output type | tsavestart |  dtsave   | ditsave | itsave(1) | tsave(1)
         log | 0.000E+00  | 0.100E+00 | ******  |      0    | *********
      normal | 0.000E+00  | 0.200E+00 | ******  |      0    | *********
       slice | 0.000E+00  | ********* | ******  | ******    | *********
   collapsed | 0.000E+00  | ********* | ******  | ******    | *********
    analysis | 0.000E+00  | ********* | ******  | ******    | *********
 
         Domain size (cells): 96 48 
                Level one dx: 0.208E+00 0.208E+00 
           Refine estimation: Lohner's scheme
 Note, Grid is reconstructed once every           3 iterations
           restart_from_file:  output/solar_atm_a0129.dat
                  converting: F

 minra  0.10256244189917035     
 rhob   7382.7014817162089     
 pb   59.061613380997102     
 nw=          11  and nw found in restart file=           8
 Please be aware of changes in w at restart.
 Using TRACL(ine) method with a mask
 By default, magnetic field lines are traced every 4 grid cells
 NOTE:  2D TRAC method take the y-dir == grav-dir
 Memory requirement for each processor in TRAC:
           1  MB
 -------------------------------------------------------------------------------
 Startup phase took :             0.164 sec
 -------------------------------------------------------------------------------
 Start integrating, print status every  3.00E+01 seconds
   #        it        time          dt  wc-time(s)
   #    428251  6.4500E+01  1.3315E-04  1.7890E-02
   #    428618  6.4549E+01  1.3299E-04  3.0072E+01
   #    428991  6.4598E+01  1.3276E-04  6.0074E+01
   #    429370  6.4649E+01  1.3254E-04  9.0132E+01
   #    429748  6.4699E+01  1.3249E-04  1.2021E+02
   #    430126  6.4749E+01  1.3256E-04  1.5021E+02
   #    430504  6.4799E+01  1.3269E-04  1.8029E+02
   #    430874  6.4848E+01  1.3286E-04  2.1031E+02
   #    431253  6.4898E+01  1.3303E-04  2.4038E+02
   #    431631  6.4948E+01  1.3315E-04  2.7040E+02
   #    432010  6.4999E+01  1.3322E-04  3.0045E+02
   #    432391  6.5050E+01  1.3333E-04  3.3046E+02
   #    432773  6.5101E+01  1.3351E-04  3.6052E+02
   #    433146  6.5150E+01  1.3369E-04  3.9058E+02
   #    433513  6.5199E+01  1.3386E-04  4.2060E+02
   #    433868  6.5247E+01  1.3391E-04  4.5062E+02
   #    434237  6.5296E+01  1.3381E-04  4.8064E+02
   #    434603  6.5345E+01  1.3368E-04  5.1065E+02
   #    434973  6.5395E+01  1.3355E-04  5.4071E+02
   #    435346  6.5444E+01  1.3343E-04  5.7073E+02
   #    435717  6.5494E+01  1.3326E-04  6.0075E+02
   #    436089  6.5543E+01  1.3307E-04  6.3077E+02
   #    436461  6.5593E+01  1.3294E-04  6.6084E+02
   #    436834  6.5642E+01  1.3288E-04  6.9091E+02
   #    437208  6.5692E+01  1.3295E-04  7.2095E+02
   #    437578  6.5741E+01  1.3296E-04  7.5097E+02
   #    437945  6.5790E+01  1.3294E-04  7.8101E+02
   #    438308  6.5838E+01  1.3274E-04  8.1108E+02
   #    438663  6.5885E+01  1.3253E-04  8.4114E+02
   #    439029  6.5934E+01  1.3238E-04  8.7121E+02
   #    439388  6.5981E+01  1.3228E-04  9.0128E+02
   #    439754  6.6029E+01  1.3213E-04  9.3136E+02
   #    440121  6.6078E+01  1.3202E-04  9.6143E+02
   #    440488  6.6126E+01  1.3198E-04  9.9151E+02
   #    440846  6.6173E+01  1.3174E-04  1.0215E+03
   #    441210  6.6221E+01  1.3138E-04  1.0516E+03
   #    441574  6.6269E+01  1.3102E-04  1.0816E+03
   #    441941  6.6317E+01  1.3074E-04  1.1116E+03
   #    442302  6.6364E+01  1.3053E-04  1.1417E+03
   #    442661  6.6411E+01  1.3046E-04  1.1717E+03
   #    443026  6.6458E+01  1.3045E-04  1.2018E+03
   #    443386  6.6505E+01  1.3043E-04  1.2318E+03
   #    443747  6.6552E+01  1.3039E-04  1.2619E+03
   #    444107  6.6599E+01  1.3030E-04  1.2920E+03
   #    444468  6.6646E+01  1.2981E-04  1.3220E+03
   #    444827  6.6693E+01  1.2930E-04  1.3520E+03
   #    445184  6.6739E+01  1.2892E-04  1.3820E+03
   #    445540  6.6785E+01  1.2871E-04  1.4121E+03
   #    445894  6.6830E+01  1.2864E-04  1.4421E+03
   #    446248  6.6876E+01  1.2865E-04  1.4721E+03
   #    446598  6.6921E+01  1.2874E-04  1.5022E+03
   #    446945  6.6965E+01  1.2886E-04  1.5323E+03
   #    447300  6.7011E+01  1.2895E-04  1.5623E+03
   #    447649  6.7056E+01  1.2898E-04  1.5923E+03
   #    447999  6.7101E+01  1.2890E-04  1.6224E+03
   #    448327  6.7143E+01  1.2878E-04  1.6524E+03
   #    448670  6.7188E+01  1.2866E-04  1.6824E+03
   #    449012  6.7232E+01  1.2858E-04  1.7125E+03
   #    449355  6.7276E+01  1.2857E-04  1.7426E+03
   #    449701  6.7320E+01  1.2865E-04  1.7726E+03
   #    450042  6.7364E+01  1.2875E-04  1.8026E+03
   #    450390  6.7409E+01  1.2886E-04  1.8326E+03
   #    450743  6.7454E+01  1.2900E-04  1.8626E+03
   #    451096  6.7500E+01  1.2915E-04  1.8927E+03
   #    451446  6.7545E+01  1.2929E-04  1.9229E+03
   #    451805  6.7591E+01  1.2940E-04  1.9530E+03
   #    452152  6.7636E+01  1.2950E-04  1.9830E+03
   #    452487  6.7680E+01  1.2962E-04  2.0131E+03
   #    452831  6.7724E+01  1.2978E-04  2.0431E+03
   #    453176  6.7769E+01  1.2994E-04  2.0731E+03
   #    453521  6.7814E+01  1.3005E-04  2.1031E+03
   #    453863  6.7858E+01  1.3004E-04  2.1332E+03
   #    454217  6.7904E+01  1.2991E-04  2.1632E+03
   #    454568  6.7950E+01  1.2969E-04  2.1933E+03
   #    454911  6.7994E+01  1.2945E-04  2.2234E+03
   #    455268  6.8040E+01  1.2923E-04  2.2534E+03
   #    455618  6.8085E+01  1.2904E-04  2.2835E+03
   #    455972  6.8131E+01  1.2891E-04  2.3135E+03
   #    456321  6.8176E+01  1.2885E-04  2.3436E+03
   #    456669  6.8221E+01  1.2881E-04  2.3736E+03
   #    457025  6.8267E+01  1.2878E-04  2.4037E+03
   #    457384  6.8313E+01  1.2877E-04  2.4338E+03
   #    457739  6.8358E+01  1.2876E-04  2.4638E+03
   #    458097  6.8405E+01  1.2875E-04  2.4939E+03
   #    458453  6.8450E+01  1.2874E-04  2.5239E+03
   #    458813  6.8497E+01  1.2872E-04  2.5540E+03
   #    459165  6.8542E+01  1.2871E-04  2.5840E+03
   #    459526  6.8588E+01  1.2869E-04  2.6140E+03
   #    459883  6.8634E+01  1.2865E-04  2.6441E+03
   #    460243  6.8681E+01  1.2854E-04  2.6741E+03
   #    460608  6.8727E+01  1.2839E-04  2.7042E+03
   #    460970  6.8774E+01  1.2817E-04  2.7343E+03
   #    461335  6.8821E+01  1.2792E-04  2.7643E+03
   #    461701  6.8867E+01  1.2766E-04  2.7943E+03
   #    462066  6.8914E+01  1.2746E-04  2.8244E+03
   #    462418  6.8959E+01  1.2736E-04  2.8544E+03
   #    462780  6.9005E+01  1.2730E-04  2.8845E+03
   #    463143  6.9051E+01  1.2731E-04  2.9145E+03
   #    463507  6.9097E+01  1.2740E-04  2.9446E+03
   #    463868  6.9143E+01  1.2746E-04  2.9746E+03
   #    464228  6.9189E+01  1.2735E-04  3.0047E+03
   #    464590  6.9235E+01  1.2716E-04  3.0347E+03
   #    464951  6.9281E+01  1.2703E-04  3.0647E+03
   #    465316  6.9327E+01  1.2697E-04  3.0947E+03
   #    465678  6.9373E+01  1.2690E-04  3.1248E+03
   #    466043  6.9420E+01  1.2687E-04  3.1549E+03
   #    466404  6.9465E+01  1.2686E-04  3.1849E+03
   #    466758  6.9510E+01  1.2684E-04  3.2149E+03
   #    467112  6.9555E+01  1.2679E-04  3.2450E+03
   #    467467  6.9600E+01  1.2664E-04  3.2750E+03
   #    467831  6.9646E+01  1.2632E-04  3.3051E+03
   #    468191  6.9691E+01  1.2609E-04  3.3351E+03
   #    468553  6.9737E+01  1.2596E-04  3.3651E+03
   #    468910  6.9782E+01  1.2600E-04  3.3951E+03
   #    469272  6.9828E+01  1.2605E-04  3.4251E+03
   #    469638  6.9874E+01  1.2626E-04  3.4552E+03
   #    470003  6.9920E+01  1.2661E-04  3.4852E+03
   #    470363  6.9966E+01  1.2691E-04  3.5152E+03
   #    470723  7.0011E+01  1.2707E-04  3.5453E+03
   #    471069  7.0055E+01  1.2716E-04  3.5753E+03
   #    471419  7.0100E+01  1.2723E-04  3.6053E+03
   #    471752  7.0142E+01  1.2729E-04  3.6353E+03
   #    472105  7.0187E+01  1.2739E-04  3.6654E+03
   #    472442  7.0230E+01  1.2749E-04  3.6955E+03
   #    472782  7.0273E+01  1.2763E-04  3.7255E+03
   #    473111  7.0315E+01  1.2783E-04  3.7555E+03
   #    473453  7.0359E+01  1.2798E-04  3.7856E+03
   #    473805  7.0404E+01  1.2814E-04  3.8156E+03
   #    474145  7.0448E+01  1.2832E-04  3.8457E+03
   #    474499  7.0493E+01  1.2852E-04  3.8757E+03
   #    474854  7.0539E+01  1.2872E-04  3.9057E+03
   #    475200  7.0583E+01  1.2881E-04  3.9358E+03
   #    475544  7.0627E+01  1.2886E-04  3.9658E+03
   #    475898  7.0673E+01  1.2886E-04  3.9959E+03
   #    476245  7.0718E+01  1.2885E-04  4.0259E+03
   #    476567  7.0759E+01  1.2885E-04  4.0560E+03
   #    476910  7.0803E+01  1.2885E-04  4.0860E+03
   #    477265  7.0849E+01  1.2884E-04  4.1160E+03
   #    477618  7.0894E+01  1.2882E-04  4.1461E+03
   #    477981  7.0941E+01  1.2877E-04  4.1761E+03
   #    478342  7.0988E+01  1.2867E-04  4.2061E+03
   #    478709  7.1035E+01  1.2852E-04  4.2362E+03
   #    479069  7.1081E+01  1.2834E-04  4.2662E+03
   #    479432  7.1127E+01  1.2815E-04  4.2962E+03
   #    479798  7.1174E+01  1.2798E-04  4.3263E+03
   #    480158  7.1220E+01  1.2783E-04  4.3564E+03
   #    480517  7.1266E+01  1.2770E-04  4.3864E+03
   #    480880  7.1313E+01  1.2757E-04  4.4165E+03
   #    481232  7.1357E+01  1.2745E-04  4.4465E+03
   #    481598  7.1404E+01  1.2721E-04  4.4765E+03
   #    481965  7.1451E+01  1.2694E-04  4.5066E+03
   #    482330  7.1497E+01  1.2667E-04  4.5367E+03
   #    482693  7.1543E+01  1.2642E-04  4.5667E+03
   #    483051  7.1588E+01  1.2619E-04  4.5967E+03
   #    483415  7.1634E+01  1.2596E-04  4.6268E+03
   #    483776  7.1679E+01  1.2581E-04  4.6568E+03
   #    484140  7.1725E+01  1.2571E-04  4.6868E+03
   #    484502  7.1770E+01  1.2566E-04  4.7168E+03
   #    484864  7.1816E+01  1.2562E-04  4.7469E+03
   #    485224  7.1861E+01  1.2560E-04  4.7769E+03
   #    485588  7.1907E+01  1.2553E-04  4.8069E+03
   #    485948  7.1952E+01  1.2540E-04  4.8370E+03
   #    486311  7.1997E+01  1.2531E-04  4.8670E+03
   #    486670  7.2042E+01  1.2524E-04  4.8970E+03
   #    487028  7.2087E+01  1.2527E-04  4.9271E+03
   #    487392  7.2133E+01  1.2537E-04  4.9571E+03
   #    487756  7.2178E+01  1.2551E-04  4.9872E+03
   #    488113  7.2223E+01  1.2567E-04  5.0172E+03
   #    488476  7.2269E+01  1.2586E-04  5.0472E+03
   #    488839  7.2314E+01  1.2606E-04  5.0773E+03
   #    489196  7.2359E+01  1.2622E-04  5.1073E+03
   #    489556  7.2405E+01  1.2633E-04  5.1373E+03
   #    489922  7.2451E+01  1.2649E-04  5.1674E+03
   #    490288  7.2497E+01  1.2666E-04  5.1975E+03
   #    490651  7.2543E+01  1.2685E-04  5.2276E+03
   #    490980  7.2585E+01  1.2704E-04  5.2576E+03
   #    491346  7.2631E+01  1.2723E-04  5.2876E+03
   #    491702  7.2677E+01  1.2743E-04  5.3177E+03
   #    492065  7.2723E+01  1.2761E-04  5.3477E+03
   #    492426  7.2769E+01  1.2781E-04  5.3777E+03
   #    492789  7.2815E+01  1.2796E-04  5.4077E+03
   #    493152  7.2862E+01  1.2808E-04  5.4378E+03
   #    493512  7.2908E+01  1.2818E-04  5.4678E+03
   #    493883  7.2956E+01  1.2829E-04  5.4978E+03
   #    494253  7.3003E+01  1.2834E-04  5.5278E+03
   #    494618  7.3050E+01  1.2834E-04  5.5579E+03
   #    494987  7.3097E+01  1.2831E-04  5.5879E+03
   #    495363  7.3145E+01  1.2827E-04  5.6180E+03
   #    495732  7.3193E+01  1.2821E-04  5.6480E+03
   #    496104  7.3240E+01  1.2811E-04  5.6781E+03
   #    496476  7.3288E+01  1.2796E-04  5.7081E+03
   #    496848  7.3336E+01  1.2777E-04  5.7382E+03
   #    497218  7.3383E+01  1.2751E-04  5.7682E+03
   #    497591  7.3430E+01  1.2723E-04  5.7983E+03
   #    497959  7.3477E+01  1.2686E-04  5.8283E+03
   #    498331  7.3524E+01  1.2654E-04  5.8584E+03
   #    498703  7.3571E+01  1.2628E-04  5.8884E+03
   #    499052  7.3615E+01  1.2608E-04  5.9184E+03
   #    499401  7.3659E+01  1.2596E-04  5.9485E+03
   #    499770  7.3705E+01  1.2590E-04  5.9785E+03
   #    500141  7.3752E+01  1.2584E-04  6.0085E+03
   #    500514  7.3799E+01  1.2574E-04  6.0386E+03
   #    500887  7.3846E+01  1.2565E-04  6.0686E+03
   #    501259  7.3893E+01  1.2556E-04  6.0987E+03
   #    501628  7.3939E+01  1.2539E-04  6.1287E+03
   #    501999  7.3985E+01  1.2516E-04  6.1588E+03
   #    502370  7.4032E+01  1.2488E-04  6.1888E+03
   #    502741  7.4078E+01  1.2465E-04  6.2188E+03
   #    503104  7.4123E+01  1.2454E-04  6.2489E+03
   #    503476  7.4169E+01  1.2443E-04  6.2790E+03
   #    503847  7.4216E+01  1.2434E-04  6.3090E+03
   #    504213  7.4261E+01  1.2429E-04  6.3390E+03
   #    504583  7.4307E+01  1.2436E-04  6.3691E+03
   #    504954  7.4353E+01  1.2450E-04  6.3991E+03
   #    505308  7.4397E+01  1.2466E-04  6.4292E+03
   #    505672  7.4443E+01  1.2483E-04  6.4592E+03
   #    506043  7.4489E+01  1.2498E-04  6.4893E+03
   #    506413  7.4535E+01  1.2508E-04  6.5193E+03
   #    506783  7.4581E+01  1.2514E-04  6.5493E+03
   #    507156  7.4628E+01  1.2523E-04  6.5794E+03
   #    507521  7.4674E+01  1.2537E-04  6.6094E+03
   #    507885  7.4719E+01  1.2550E-04  6.6395E+03
   #    508251  7.4765E+01  1.2564E-04  6.6695E+03
   #    508613  7.4811E+01  1.2581E-04  6.6996E+03
   #    508976  7.4856E+01  1.2601E-04  6.7296E+03
   #    509340  7.4902E+01  1.2624E-04  6.7596E+03
   #    509704  7.4948E+01  1.2643E-04  6.7897E+03
   #    510064  7.4994E+01  1.2663E-04  6.8197E+03
   #    510426  7.5040E+01  1.2683E-04  6.8498E+03
   #    510789  7.5086E+01  1.2699E-04  6.8798E+03
   #    511153  7.5132E+01  1.2713E-04  6.9098E+03
   #    511516  7.5178E+01  1.2715E-04  6.9399E+03
   #    511879  7.5224E+01  1.2709E-04  6.9699E+03
   #    512243  7.5270E+01  1.2698E-04  7.0000E+03
   #    512604  7.5316E+01  1.2688E-04  7.0300E+03
   #    512967  7.5362E+01  1.2682E-04  7.0600E+03
   #    513329  7.5408E+01  1.2679E-04  7.0900E+03
   #    513694  7.5454E+01  1.2676E-04  7.1201E+03
   #    514045  7.5499E+01  1.2675E-04  7.1501E+03
   #    514402  7.5544E+01  1.2675E-04  7.1802E+03
   #    514762  7.5590E+01  1.2674E-04  7.2102E+03
   #    515121  7.5635E+01  1.2672E-04  7.2403E+03
   #    515478  7.5680E+01  1.2668E-04  7.2704E+03
   #    515830  7.5725E+01  1.2657E-04  7.3004E+03
   #    516187  7.5770E+01  1.2640E-04  7.3305E+03
   #    516547  7.5815E+01  1.2622E-04  7.3606E+03
   #    516895  7.5859E+01  1.2613E-04  7.3907E+03
   #    517243  7.5903E+01  1.2607E-04  7.4207E+03
   #    517576  7.5945E+01  1.2599E-04  7.4507E+03
   #    517920  7.5988E+01  1.2588E-04  7.4808E+03
   #    518271  7.6033E+01  1.2580E-04  7.5108E+03
   #    518622  7.6077E+01  1.2575E-04  7.5408E+03
   #    518977  7.6121E+01  1.2570E-04  7.5708E+03
   #    519329  7.6165E+01  1.2566E-04  7.6008E+03
   #    519670  7.6208E+01  1.2565E-04  7.6309E+03
   #    519971  7.6246E+01  1.2565E-04  7.6609E+03
   #    520325  7.6291E+01  1.2566E-04  7.6910E+03
   #    520673  7.6334E+01  1.2563E-04  7.7210E+03
   #    521032  7.6379E+01  1.2556E-04  7.7510E+03
   #    521399  7.6425E+01  1.2549E-04  7.7811E+03
   #    521764  7.6471E+01  1.2538E-04  7.8112E+03
   #    522124  7.6516E+01  1.2525E-04  7.8412E+03
   #    522479  7.6561E+01  1.2506E-04  7.8712E+03
   #    522841  7.6606E+01  1.2493E-04  7.9013E+03
   #    523206  7.6651E+01  1.2490E-04  7.9313E+03
   #    523570  7.6697E+01  1.2498E-04  7.9613E+03
   #    523936  7.6743E+01  1.2510E-04  7.9913E+03
   #    524303  7.6788E+01  1.2523E-04  8.0214E+03
   #    524665  7.6834E+01  1.2540E-04  8.0514E+03
   #    525034  7.6880E+01  1.2560E-04  8.0815E+03
   #    525405  7.6927E+01  1.2571E-04  8.1115E+03
   #    525774  7.6973E+01  1.2573E-04  8.1415E+03
   #    526140  7.7019E+01  1.2572E-04  8.1715E+03
   #    526500  7.7064E+01  1.2575E-04  8.2015E+03
   #    526864  7.7110E+01  1.2583E-04  8.2316E+03
   #    527226  7.7155E+01  1.2592E-04  8.2616E+03
   #    527589  7.7201E+01  1.2599E-04  8.2916E+03
   #    527952  7.7247E+01  1.2615E-04  8.3217E+03
   #    528309  7.7292E+01  1.2643E-04  8.3517E+03
   #    528666  7.7337E+01  1.2664E-04  8.3818E+03
   #    529018  7.7382E+01  1.2673E-04  8.4118E+03
   #    529372  7.7426E+01  1.2672E-04  8.4419E+03
   #    529723  7.7471E+01  1.2662E-04  8.4719E+03
   #    530074  7.7515E+01  1.2648E-04  8.5019E+03
   #    530426  7.7560E+01  1.2632E-04  8.5320E+03
   #    530781  7.7604E+01  1.2618E-04  8.5620E+03
   #    531138  7.7649E+01  1.2607E-04  8.5920E+03
   #    531496  7.7695E+01  1.2604E-04  8.6221E+03
   #    531849  7.7739E+01  1.2606E-04  8.6522E+03
   #    532204  7.7784E+01  1.2608E-04  8.6822E+03
   #    532560  7.7828E+01  1.2609E-04  8.7122E+03
   #    532905  7.7872E+01  1.2608E-04  8.7422E+03
   #    533261  7.7917E+01  1.2602E-04  8.7723E+03
   #    533616  7.7961E+01  1.2592E-04  8.8023E+03
   #    533971  7.8006E+01  1.2579E-04  8.8323E+03
   #    534307  7.8048E+01  1.2569E-04  8.8624E+03
   #    534654  7.8092E+01  1.2563E-04  8.8924E+03
   #    534994  7.8135E+01  1.2556E-04  8.9224E+03
   #    535326  7.8176E+01  1.2545E-04  8.9525E+03
   #    535673  7.8220E+01  1.2532E-04  8.9825E+03
   #    536026  7.8264E+01  1.2525E-04  9.0126E+03
   #    536373  7.8307E+01  1.2527E-04  9.0426E+03
   #    536726  7.8352E+01  1.2541E-04  9.0726E+03
   #    537076  7.8396E+01  1.2567E-04  9.1026E+03
   #    537422  7.8439E+01  1.2585E-04  9.1327E+03
   #    537768  7.8483E+01  1.2600E-04  9.1628E+03
   #    538108  7.8525E+01  1.2613E-04  9.1928E+03
   #    538440  7.8567E+01  1.2627E-04  9.2229E+03
   #    538769  7.8609E+01  1.2639E-04  9.2529E+03
   #    539106  7.8651E+01  1.2649E-04  9.2830E+03
   #    539434  7.8693E+01  1.2655E-04  9.3131E+03
   #    539768  7.8735E+01  1.2660E-04  9.3431E+03
   #    540103  7.8777E+01  1.2665E-04  9.3731E+03
   #    540436  7.8820E+01  1.2660E-04  9.4032E+03
   #    540769  7.8862E+01  1.2639E-04  9.4332E+03
   #    541103  7.8904E+01  1.2615E-04  9.4633E+03
   #    541421  7.8944E+01  1.2599E-04  9.4933E+03
   #    541739  7.8984E+01  1.2589E-04  9.5233E+03
   #    542066  7.9025E+01  1.2587E-04  9.5534E+03
   #    542403  7.9068E+01  1.2592E-04  9.5834E+03
   #    542741  7.9110E+01  1.2600E-04  9.6135E+03
   #    543078  7.9153E+01  1.2618E-04  9.6435E+03
   #    543410  7.9194E+01  1.2640E-04  9.6735E+03
   #    543751  7.9238E+01  1.2670E-04  9.7036E+03
   #    544093  7.9281E+01  1.2702E-04  9.7337E+03
   #    544429  7.9324E+01  1.2730E-04  9.7637E+03
   #    544770  7.9367E+01  1.2753E-04  9.7937E+03
   #    545096  7.9409E+01  1.2774E-04  9.8239E+03
   #    545428  7.9451E+01  1.2794E-04  9.8539E+03
   #    545764  7.9494E+01  1.2813E-04  9.8840E+03
   #    546101  7.9537E+01  1.2828E-04  9.9140E+03
   #    546450  7.9582E+01  1.2840E-04  9.9440E+03
   #    546797  7.9627E+01  1.2847E-04  9.9741E+03
   #    547141  7.9671E+01  1.2854E-04  1.0004E+04
   #    547450  7.9710E+01  1.2860E-04  1.0034E+04
   #    547776  7.9752E+01  1.2867E-04  1.0064E+04
   #    548100  7.9794E+01  1.2870E-04  1.0095E+04
   #    548429  7.9836E+01  1.2872E-04  1.0125E+04
   #    548760  7.9879E+01  1.2867E-04  1.0155E+04
   #    549091  7.9921E+01  1.2850E-04  1.0185E+04
   #    549419  7.9963E+01  1.2834E-04  1.0215E+04
   #    549737  8.0004E+01  1.2816E-04  1.0245E+04
   #    550066  8.0046E+01  1.2796E-04  1.0275E+04
   #    550395  8.0088E+01  1.2776E-04  1.0305E+04
   #    550728  8.0131E+01  1.2760E-04  1.0335E+04
   #    551072  8.0175E+01  1.2752E-04  1.0365E+04
   #    551413  8.0218E+01  1.2748E-04  1.0395E+04
   #    551747  8.0261E+01  1.2746E-04  1.0425E+04
   #    552081  8.0303E+01  1.2747E-04  1.0455E+04
   #    552415  8.0346E+01  1.2750E-04  1.0485E+04
   #    552750  8.0389E+01  1.2760E-04  1.0515E+04
   #    553086  8.0431E+01  1.2777E-04  1.0545E+04
   #    553422  8.0474E+01  1.2791E-04  1.0575E+04
   #    553760  8.0518E+01  1.2797E-04  1.0605E+04
   #    554098  8.0561E+01  1.2787E-04  1.0635E+04
   #    554435  8.0604E+01  1.2759E-04  1.0665E+04
   #    554776  8.0647E+01  1.2725E-04  1.0695E+04
   #    555116  8.0690E+01  1.2706E-04  1.0725E+04
   #    555450  8.0733E+01  1.2701E-04  1.0756E+04
   #    555782  8.0775E+01  1.2701E-04  1.0786E+04
   #    556113  8.0817E+01  1.2709E-04  1.0816E+04
   #    556442  8.0859E+01  1.2718E-04  1.0846E+04
   #    556764  8.0900E+01  1.2722E-04  1.0876E+04
   #    557095  8.0942E+01  1.2729E-04  1.0906E+04
   #    557432  8.0985E+01  1.2732E-04  1.0936E+04
   #    557763  8.1027E+01  1.2741E-04  1.0966E+04
   #    558097  8.1069E+01  1.2742E-04  1.0996E+04
   #    558422  8.1111E+01  1.2747E-04  1.1026E+04
   #    558749  8.1152E+01  1.2755E-04  1.1056E+04
   #    559086  8.1195E+01  1.2763E-04  1.1086E+04
   #    559418  8.1238E+01  1.2767E-04  1.1116E+04
   #    559750  8.1280E+01  1.2772E-04  1.1146E+04
   #    560083  8.1322E+01  1.2777E-04  1.1176E+04
   #    560400  8.1363E+01  1.2785E-04  1.1206E+04
   #    560716  8.1403E+01  1.2794E-04  1.1236E+04
   #    561045  8.1445E+01  1.2797E-04  1.1266E+04
   #    561377  8.1488E+01  1.2790E-04  1.1296E+04
   #    561711  8.1531E+01  1.2777E-04  1.1326E+04
   #    562048  8.1574E+01  1.2761E-04  1.1356E+04
   #    562387  8.1617E+01  1.2746E-04  1.1387E+04
   #    562728  8.1660E+01  1.2729E-04  1.1417E+04
   #    563067  8.1703E+01  1.2711E-04  1.1447E+04
   #    563406  8.1746E+01  1.2694E-04  1.1477E+04
   #    563745  8.1789E+01  1.2680E-04  1.1507E+04
   #    564086  8.1832E+01  1.2669E-04  1.1537E+04
   #    564426  8.1876E+01  1.2659E-04  1.1567E+04
   #    564767  8.1919E+01  1.2652E-04  1.1597E+04
   #    565108  8.1962E+01  1.2646E-04  1.1627E+04
   #    565445  8.2004E+01  1.2639E-04  1.1657E+04
   #    565789  8.2048E+01  1.2637E-04  1.1687E+04
   #    566129  8.2091E+01  1.2635E-04  1.1717E+04
   #    566463  8.2133E+01  1.2637E-04  1.1747E+04
   #    566798  8.2175E+01  1.2643E-04  1.1777E+04
   #    567139  8.2218E+01  1.2654E-04  1.1807E+04
   #    567476  8.2261E+01  1.2656E-04  1.1837E+04
   #    567813  8.2303E+01  1.2659E-04  1.1867E+04
   #    568158  8.2347E+01  1.2663E-04  1.1897E+04
   #    568502  8.2391E+01  1.2670E-04  1.1927E+04
   #    568842  8.2434E+01  1.2675E-04  1.1957E+04
   #    569180  8.2477E+01  1.2678E-04  1.1987E+04
   #    569517  8.2519E+01  1.2677E-04  1.2018E+04
   #    569853  8.2562E+01  1.2673E-04  1.2048E+04
   #    570191  8.2605E+01  1.2661E-04  1.2078E+04
   #    570523  8.2647E+01  1.2655E-04  1.2108E+04
   #    570858  8.2689E+01  1.2651E-04  1.2138E+04
   #    571192  8.2731E+01  1.2646E-04  1.2168E+04
   #    571517  8.2772E+01  1.2640E-04  1.2198E+04
   #    571840  8.2813E+01  1.2635E-04  1.2228E+04
   #    572156  8.2853E+01  1.2630E-04  1.2258E+04
   #    572481  8.2894E+01  1.2622E-04  1.2288E+04
   #    572805  8.2935E+01  1.2617E-04  1.2318E+04
   #    573131  8.2976E+01  1.2614E-04  1.2348E+04
   #    573459  8.3017E+01  1.2613E-04  1.2378E+04
   #    573784  8.3058E+01  1.2609E-04  1.2408E+04
   #    574086  8.3096E+01  1.2604E-04  1.2438E+04
   #    574406  8.3137E+01  1.2599E-04  1.2468E+04
   #    574730  8.3177E+01  1.2589E-04  1.2498E+04
   #    575051  8.3218E+01  1.2578E-04  1.2528E+04
   #    575380  8.3259E+01  1.2567E-04  1.2558E+04
   #    575711  8.3301E+01  1.2555E-04  1.2588E+04
   #    576043  8.3342E+01  1.2544E-04  1.2618E+04
   #    576373  8.3384E+01  1.2534E-04  1.2648E+04
   #    576705  8.3425E+01  1.2530E-04  1.2678E+04
   #    577036  8.3467E+01  1.2524E-04  1.2709E+04
   #    577362  8.3507E+01  1.2521E-04  1.2739E+04
   #    577690  8.3548E+01  1.2519E-04  1.2769E+04
   #    578024  8.3590E+01  1.2520E-04  1.2799E+04
   #    578358  8.3632E+01  1.2521E-04  1.2829E+04
   #    578693  8.3674E+01  1.2521E-04  1.2859E+04
   #    579011  8.3714E+01  1.2519E-04  1.2889E+04
   #    579343  8.3755E+01  1.2515E-04  1.2919E+04
   #    579676  8.3797E+01  1.2508E-04  1.2949E+04
   #    580011  8.3839E+01  1.2497E-04  1.2979E+04
   #    580338  8.3880E+01  1.2482E-04  1.3009E+04
   #    580667  8.3921E+01  1.2468E-04  1.3039E+04
   #    580998  8.3962E+01  1.2455E-04  1.3069E+04
   #    581329  8.4003E+01  1.2447E-04  1.3099E+04
   #    581662  8.4044E+01  1.2444E-04  1.3129E+04
   #    581989  8.4085E+01  1.2444E-04  1.3159E+04
   #    582316  8.4126E+01  1.2445E-04  1.3189E+04
   #    582640  8.4166E+01  1.2439E-04  1.3219E+04
   #    582966  8.4207E+01  1.2428E-04  1.3249E+04
   #    583294  8.4247E+01  1.2418E-04  1.3279E+04
   #    583619  8.4288E+01  1.2407E-04  1.3309E+04
   #    583944  8.4328E+01  1.2395E-04  1.3339E+04
   #    584265  8.4368E+01  1.2381E-04  1.3370E+04
   #    584593  8.4408E+01  1.2365E-04  1.3400E+04
   #    584907  8.4447E+01  1.2352E-04  1.3430E+04
   #    585232  8.4487E+01  1.2341E-04  1.3460E+04
   #    585564  8.4528E+01  1.2332E-04  1.3490E+04
   #    585895  8.4569E+01  1.2325E-04  1.3520E+04
   #    586224  8.4609E+01  1.2317E-04  1.3550E+04
   #    586553  8.4650E+01  1.2309E-04  1.3580E+04
   #    586883  8.4690E+01  1.2305E-04  1.3610E+04
   #    587200  8.4729E+01  1.2301E-04  1.3640E+04
   #    587522  8.4769E+01  1.2302E-04  1.3670E+04
   #    587852  8.4809E+01  1.2283E-04  1.3700E+04
   #    588179  8.4849E+01  1.2267E-04  1.3730E+04
   #    588504  8.4889E+01  1.2257E-04  1.3760E+04
   #    588828  8.4929E+01  1.2254E-04  1.3790E+04
   #    589151  8.4968E+01  1.2251E-04  1.3820E+04
   #    589472  8.5008E+01  1.2251E-04  1.3850E+04
   #    589800  8.5048E+01  1.2248E-04  1.3880E+04
   #    590120  8.5087E+01  1.2243E-04  1.3911E+04
   #    590442  8.5126E+01  1.2241E-04  1.3941E+04
   #    590769  8.5166E+01  1.2241E-04  1.3971E+04
   #    591092  8.5206E+01  1.2244E-04  1.4001E+04
   #    591416  8.5246E+01  1.2249E-04  1.4031E+04
   #    591737  8.5285E+01  1.2256E-04  1.4061E+04
   #    592064  8.5325E+01  1.2262E-04  1.4091E+04
   #    592385  8.5364E+01  1.2265E-04  1.4121E+04
   #    592707  8.5404E+01  1.2263E-04  1.4151E+04
   #    593026  8.5443E+01  1.2259E-04  1.4181E+04
   #    593355  8.5483E+01  1.2253E-04  1.4211E+04
   #    593686  8.5524E+01  1.2249E-04  1.4241E+04
   #    594015  8.5564E+01  1.2246E-04  1.4271E+04
   #    594345  8.5604E+01  1.2247E-04  1.4301E+04
   #    594673  8.5645E+01  1.2250E-04  1.4331E+04
   #    595004  8.5685E+01  1.2255E-04  1.4361E+04
   #    595335  8.5726E+01  1.2248E-04  1.4391E+04
   #    595661  8.5766E+01  1.2237E-04  1.4421E+04
   #    595991  8.5806E+01  1.2222E-04  1.4451E+04
   #    596321  8.5846E+01  1.2210E-04  1.4481E+04
   #    596651  8.5886E+01  1.2207E-04  1.4511E+04
   #    596985  8.5927E+01  1.2203E-04  1.4542E+04
   #    597311  8.5967E+01  1.2195E-04  1.4572E+04
   #    597631  8.6006E+01  1.2188E-04  1.4602E+04
   #    597950  8.6045E+01  1.2183E-04  1.4632E+04
   #    598267  8.6083E+01  1.2177E-04  1.4662E+04
   #    598583  8.6122E+01  1.2170E-04  1.4692E+04
   #    598898  8.6160E+01  1.2160E-04  1.4722E+04
   #    599212  8.6198E+01  1.2144E-04  1.4752E+04
   #    599525  8.6236E+01  1.2124E-04  1.4782E+04
   #    599832  8.6273E+01  1.2107E-04  1.4812E+04
   #    600117  8.6308E+01  1.2095E-04  1.4842E+04
   #    600427  8.6345E+01  1.2094E-04  1.4872E+04
   #    600738  8.6383E+01  1.2096E-04  1.4902E+04
   #    601054  8.6421E+01  1.2092E-04  1.4932E+04
   #    601357  8.6458E+01  1.2085E-04  1.4962E+04
   #    601651  8.6493E+01  1.2075E-04  1.4992E+04
   #    601953  8.6530E+01  1.2063E-04  1.5022E+04
   #    602248  8.6565E+01  1.2053E-04  1.5052E+04
   #    602553  8.6602E+01  1.2043E-04  1.5082E+04
   #    602858  8.6639E+01  1.2034E-04  1.5112E+04
   #    603157  8.6675E+01  1.2026E-04  1.5142E+04
   #    603466  8.6712E+01  1.2018E-04  1.5172E+04
   #    603790  8.6751E+01  1.2010E-04  1.5203E+04
   #    604105  8.6788E+01  1.2001E-04  1.5233E+04
   #    604424  8.6827E+01  1.1989E-04  1.5263E+04
   #    604750  8.6866E+01  1.1977E-04  1.5293E+04
   #    605077  8.6905E+01  1.1965E-04  1.5323E+04
   #    605403  8.6944E+01  1.1957E-04  1.5353E+04
   #    605734  8.6983E+01  1.1953E-04  1.5383E+04
   #    606063  8.7023E+01  1.1950E-04  1.5413E+04
   #    606386  8.7061E+01  1.1948E-04  1.5443E+04
   #    606705  8.7099E+01  1.1946E-04  1.5473E+04
   #    607027  8.7138E+01  1.1945E-04  1.5503E+04
   #    607352  8.7177E+01  1.1944E-04  1.5533E+04
   #    607676  8.7215E+01  1.1942E-04  1.5563E+04
   #    608001  8.7254E+01  1.1940E-04  1.5593E+04
   #    608328  8.7293E+01  1.1937E-04  1.5623E+04
   #    608656  8.7332E+01  1.1932E-04  1.5653E+04
   #    608985  8.7371E+01  1.1930E-04  1.5683E+04
   #    609313  8.7410E+01  1.1934E-04  1.5713E+04
   #    609641  8.7450E+01  1.1934E-04  1.5743E+04
   #    609969  8.7489E+01  1.1933E-04  1.5773E+04
   #    610292  8.7527E+01  1.1932E-04  1.5803E+04
   #    610614  8.7566E+01  1.1928E-04  1.5833E+04
   #    610939  8.7604E+01  1.1920E-04  1.5863E+04
   #    611263  8.7643E+01  1.1909E-04  1.5893E+04
   #    611588  8.7682E+01  1.1900E-04  1.5924E+04
   #    611913  8.7720E+01  1.1894E-04  1.5954E+04
   #    612241  8.7759E+01  1.1886E-04  1.5984E+04
   #    612564  8.7798E+01  1.1880E-04  1.6014E+04
   #    612868  8.7834E+01  1.1877E-04  1.6044E+04
   #    613185  8.7871E+01  1.1874E-04  1.6074E+04
   #    613504  8.7909E+01  1.1871E-04  1.6104E+04
   #    613829  8.7948E+01  1.1872E-04  1.6134E+04
   #    614152  8.7986E+01  1.1875E-04  1.6164E+04
   #    614475  8.8024E+01  1.1872E-04  1.6194E+04
   #    614799  8.8063E+01  1.1871E-04  1.6224E+04
   #    615121  8.8101E+01  1.1868E-04  1.6254E+04
   #    615436  8.8138E+01  1.1864E-04  1.6284E+04
   #    615756  8.8176E+01  1.1857E-04  1.6314E+04
   #    616073  8.8214E+01  1.1848E-04  1.6344E+04
   #    616393  8.8252E+01  1.1837E-04  1.6374E+04
   #    616719  8.8290E+01  1.1829E-04  1.6404E+04
   #    617043  8.8328E+01  1.1823E-04  1.6434E+04
   #    617368  8.8367E+01  1.1818E-04  1.6464E+04
   #    617693  8.8405E+01  1.1814E-04  1.6494E+04
   #    618020  8.8444E+01  1.1811E-04  1.6525E+04
   #    618347  8.8482E+01  1.1808E-04  1.6555E+04
   #    618674  8.8521E+01  1.1803E-04  1.6585E+04
   #    619001  8.8560E+01  1.1798E-04  1.6615E+04
   #    619326  8.8598E+01  1.1792E-04  1.6645E+04
   #    619654  8.8637E+01  1.1788E-04  1.6675E+04
   #    619982  8.8675E+01  1.1784E-04  1.6705E+04
   #    620308  8.8714E+01  1.1778E-04  1.6735E+04
   #    620633  8.8752E+01  1.1774E-04  1.6765E+04
   #    620956  8.8790E+01  1.1771E-04  1.6795E+04
   #    621281  8.8828E+01  1.1764E-04  1.6825E+04
   #    621605  8.8866E+01  1.1755E-04  1.6855E+04
   #    621929  8.8904E+01  1.1748E-04  1.6885E+04
   #    622252  8.8942E+01  1.1744E-04  1.6915E+04
   #    622577  8.8980E+01  1.1743E-04  1.6945E+04
   #    622898  8.9018E+01  1.1739E-04  1.6975E+04
   #    623212  8.9055E+01  1.1736E-04  1.7005E+04
   #    623517  8.9090E+01  1.1734E-04  1.7035E+04
   #    623834  8.9128E+01  1.1730E-04  1.7065E+04
   #    624154  8.9165E+01  1.1725E-04  1.7095E+04
   #    624467  8.9202E+01  1.1721E-04  1.7125E+04
   #    624779  8.9238E+01  1.1716E-04  1.7156E+04
   #    625096  8.9275E+01  1.1711E-04  1.7186E+04
   #    625405  8.9312E+01  1.1705E-04  1.7216E+04
   #    625721  8.9349E+01  1.1698E-04  1.7246E+04
   #    625998  8.9381E+01  1.1692E-04  1.7276E+04
   #    626305  8.9417E+01  1.1682E-04  1.7306E+04
   #    626620  8.9454E+01  1.1676E-04  1.7336E+04
   #    626945  8.9492E+01  1.1671E-04  1.7366E+04
   #    627268  8.9529E+01  1.1671E-04  1.7396E+04
   #    627592  8.9567E+01  1.1670E-04  1.7426E+04
   #    627915  8.9605E+01  1.1672E-04  1.7456E+04
   #    628235  8.9642E+01  1.1673E-04  1.7486E+04
   #    628553  8.9679E+01  1.1675E-04  1.7516E+04
   #    628875  8.9717E+01  1.1675E-04  1.7546E+04
   #    629194  8.9754E+01  1.1671E-04  1.7576E+04
   #    629516  8.9792E+01  1.1668E-04  1.7606E+04
   #    629824  8.9827E+01  1.1663E-04  1.7636E+04
   #    630127  8.9863E+01  1.1658E-04  1.7666E+04
   #    630427  8.9898E+01  1.1652E-04  1.7696E+04
   #    630722  8.9932E+01  1.1646E-04  1.7726E+04
   #    631010  8.9966E+01  1.1641E-04  1.7757E+04
   #    631303  9.0000E+01  1.1634E-04  1.7787E+04
   #    631599  9.0034E+01  1.1624E-04  1.7817E+04
   #    631897  9.0069E+01  1.1613E-04  1.7847E+04
   #    632194  9.0103E+01  1.1600E-04  1.7877E+04
   #    632492  9.0138E+01  1.1587E-04  1.7907E+04
   #    632789  9.0172E+01  1.1574E-04  1.7937E+04
   #    633084  9.0206E+01  1.1557E-04  1.7967E+04
   #    633380  9.0240E+01  1.1544E-04  1.7997E+04
   #    633678  9.0275E+01  1.1534E-04  1.8027E+04
   #    633976  9.0309E+01  1.1524E-04  1.8057E+04
   #    634276  9.0344E+01  1.1517E-04  1.8087E+04
   #    634575  9.0378E+01  1.1513E-04  1.8117E+04
   #    634874  9.0412E+01  1.1509E-04  1.8147E+04
   #    635173  9.0447E+01  1.1508E-04  1.8177E+04
   #    635471  9.0481E+01  1.1512E-04  1.8207E+04
   #    635768  9.0515E+01  1.1515E-04  1.8237E+04
   #    636069  9.0550E+01  1.1519E-04  1.8267E+04
   #    636365  9.0584E+01  1.1522E-04  1.8298E+04
   #    636662  9.0618E+01  1.1521E-04  1.8328E+04
   #    636959  9.0652E+01  1.1520E-04  1.8358E+04
   #    637256  9.0687E+01  1.1519E-04  1.8388E+04
   #    637549  9.0720E+01  1.1519E-04  1.8418E+04
   #    637835  9.0753E+01  1.1519E-04  1.8448E+04
   #    638134  9.0788E+01  1.1520E-04  1.8478E+04
   #    638431  9.0822E+01  1.1522E-04  1.8508E+04
   #    638719  9.0855E+01  1.1526E-04  1.8538E+04
   #    639004  9.0888E+01  1.1533E-04  1.8568E+04
   #    639301  9.0922E+01  1.1535E-04  1.8598E+04
   #    639604  9.0957E+01  1.1539E-04  1.8628E+04
   #    639917  9.0993E+01  1.1542E-04  1.8658E+04
   #    640227  9.1029E+01  1.1545E-04  1.8688E+04
   #    640526  9.1063E+01  1.1543E-04  1.8718E+04
   #    640838  9.1099E+01  1.1535E-04  1.8748E+04
   #    641152  9.1135E+01  1.1527E-04  1.8778E+04
   #    641444  9.1169E+01  1.1520E-04  1.8808E+04
   #    641742  9.1203E+01  1.1512E-04  1.8838E+04
   #    642053  9.1239E+01  1.1502E-04  1.8868E+04
   #    642358  9.1274E+01  1.1492E-04  1.8898E+04
   #    642649  9.1308E+01  1.1483E-04  1.8928E+04
   #    642952  9.1342E+01  1.1476E-04  1.8959E+04
   #    643261  9.1378E+01  1.1471E-04  1.8989E+04
   #    643566  9.1413E+01  1.1470E-04  1.9019E+04
   #    643864  9.1447E+01  1.1473E-04  1.9049E+04
   #    644169  9.1482E+01  1.1476E-04  1.9079E+04
   #    644474  9.1517E+01  1.1480E-04  1.9109E+04
   #    644784  9.1552E+01  1.1486E-04  1.9139E+04
   #    645092  9.1588E+01  1.1494E-04  1.9169E+04
   #    645400  9.1623E+01  1.1502E-04  1.9199E+04
   #    645710  9.1659E+01  1.1509E-04  1.9229E+04
   #    646017  9.1694E+01  1.1514E-04  1.9259E+04
   #    646325  9.1730E+01  1.1516E-04  1.9289E+04
   #    646632  9.1765E+01  1.1515E-04  1.9319E+04
   #    646938  9.1800E+01  1.1513E-04  1.9349E+04
   #    647246  9.1836E+01  1.1508E-04  1.9379E+04
   #    647543  9.1870E+01  1.1500E-04  1.9409E+04
   #    647846  9.1904E+01  1.1490E-04  1.9439E+04
   #    648152  9.1940E+01  1.1480E-04  1.9470E+04
   #    648457  9.1975E+01  1.1470E-04  1.9500E+04
   #    648763  9.2010E+01  1.1463E-04  1.9530E+04
   #    649062  9.2044E+01  1.1456E-04  1.9560E+04
   #    649362  9.2078E+01  1.1450E-04  1.9590E+04
   #    649662  9.2113E+01  1.1446E-04  1.9620E+04
   #    649957  9.2146E+01  1.1442E-04  1.9650E+04
   #    650255  9.2180E+01  1.1442E-04  1.9681E+04
   #    650556  9.2215E+01  1.1443E-04  1.9711E+04
   #    650862  9.2250E+01  1.1444E-04  1.9741E+04
   #    651167  9.2285E+01  1.1447E-04  1.9771E+04
   #    651473  9.2320E+01  1.1450E-04  1.9801E+04
   #    651777  9.2355E+01  1.1455E-04  1.9831E+04
   #    652083  9.2390E+01  1.1460E-04  1.9861E+04
   #    652392  9.2425E+01  1.1464E-04  1.9891E+04
   #    652698  9.2460E+01  1.1468E-04  1.9921E+04
   #    653002  9.2495E+01  1.1470E-04  1.9951E+04
   #    653311  9.2530E+01  1.1472E-04  1.9981E+04
   #    653621  9.2566E+01  1.1473E-04  2.0011E+04
   #    653929  9.2601E+01  1.1475E-04  2.0041E+04
   #    654237  9.2636E+01  1.1475E-04  2.0071E+04
   #    654546  9.2672E+01  1.1474E-04  2.0101E+04
   #    654856  9.2707E+01  1.1472E-04  2.0131E+04
   #    655164  9.2743E+01  1.1470E-04  2.0161E+04
   #    655459  9.2777E+01  1.1468E-04  2.0191E+04
   #    655754  9.2810E+01  1.1464E-04  2.0222E+04
   #    656056  9.2845E+01  1.1459E-04  2.0252E+04
   #    656347  9.2878E+01  1.1453E-04  2.0282E+04
   #    656639  9.2912E+01  1.1448E-04  2.0312E+04
   #    656926  9.2945E+01  1.1443E-04  2.0342E+04
   #    657209  9.2977E+01  1.1440E-04  2.0372E+04
   #    657492  9.3009E+01  1.1437E-04  2.0402E+04
   #    657766  9.3041E+01  1.1434E-04  2.0432E+04
   #    658040  9.3072E+01  1.1432E-04  2.0462E+04
   #    658322  9.3104E+01  1.1430E-04  2.0492E+04
   #    658598  9.3136E+01  1.1428E-04  2.0522E+04
   #    658875  9.3167E+01  1.1426E-04  2.0552E+04
   #    659146  9.3198E+01  1.1424E-04  2.0582E+04
   #    659418  9.3229E+01  1.1421E-04  2.0612E+04
   #    659680  9.3259E+01  1.1421E-04  2.0642E+04
   #    659954  9.3291E+01  1.1421E-04  2.0672E+04
   #    660235  9.3323E+01  1.1422E-04  2.0702E+04
   #    660512  9.3354E+01  1.1423E-04  2.0732E+04
   #    660790  9.3386E+01  1.1424E-04  2.0763E+04
   #    661060  9.3417E+01  1.1424E-04  2.0793E+04
   #    661332  9.3448E+01  1.1423E-04  2.0823E+04
   #    661569  9.3475E+01  1.1421E-04  2.0853E+04
   #    661842  9.3506E+01  1.1418E-04  2.0883E+04
   #    662119  9.3538E+01  1.1413E-04  2.0913E+04
   #    662405  9.3570E+01  1.1408E-04  2.0943E+04
   #    662690  9.3603E+01  1.1401E-04  2.0973E+04
   #    662977  9.3635E+01  1.1392E-04  2.1003E+04
   #    663267  9.3668E+01  1.1383E-04  2.1033E+04
   #    663559  9.3702E+01  1.1376E-04  2.1063E+04
   #    663848  9.3734E+01  1.1371E-04  2.1093E+04
   #    664135  9.3767E+01  1.1369E-04  2.1123E+04
   #    664424  9.3800E+01  5.6472E-05  2.1153E+04
   #    664711  9.3833E+01  1.1368E-04  2.1183E+04
   #    665001  9.3865E+01  1.1367E-04  2.1213E+04
   #    665288  9.3898E+01  1.1366E-04  2.1243E+04
   #    665576  9.3931E+01  1.1366E-04  2.1273E+04
   #    665866  9.3964E+01  1.1364E-04  2.1303E+04
   #    666152  9.3996E+01  1.1361E-04  2.1334E+04
   #    666439  9.4029E+01  1.1356E-04  2.1364E+04
   #    666723  9.4061E+01  1.1348E-04  2.1394E+04
   #    667011  9.4094E+01  1.1340E-04  2.1424E+04
   #    667300  9.4126E+01  1.1333E-04  2.1454E+04
   #    667591  9.4159E+01  1.1328E-04  2.1484E+04
   #    667886  9.4193E+01  1.1326E-04  2.1514E+04
   #    668175  9.4225E+01  1.1326E-04  2.1544E+04
   #    668458  9.4258E+01  1.1330E-04  2.1574E+04
   #    668740  9.4289E+01  1.1336E-04  2.1604E+04
   #    669018  9.4321E+01  1.1343E-04  2.1634E+04
   #    669296  9.4353E+01  1.1351E-04  2.1664E+04
   #    669576  9.4384E+01  1.1360E-04  2.1694E+04
   #    669855  9.4416E+01  1.1370E-04  2.1724E+04
   #    670139  9.4448E+01  1.1379E-04  2.1754E+04
   #    670424  9.4481E+01  1.1389E-04  2.1784E+04
   #    670710  9.4513E+01  1.1397E-04  2.1814E+04
   #    670999  9.4546E+01  1.1406E-04  2.1844E+04
   #    671288  9.4579E+01  1.1413E-04  2.1874E+04
   #    671580  9.4613E+01  1.1419E-04  2.1904E+04
   #    671871  9.4646E+01  1.1426E-04  2.1934E+04
   #    672158  9.4679E+01  1.1431E-04  2.1964E+04
   #    672448  9.4712E+01  1.1435E-04  2.1995E+04
   #    672736  9.4745E+01  1.1437E-04  2.2025E+04
   #    673008  9.4776E+01  1.1439E-04  2.2055E+04
   #    673291  9.4808E+01  1.1438E-04  2.2085E+04
   #    673581  9.4841E+01  1.1437E-04  2.2115E+04
   #    673874  9.4875E+01  1.1436E-04  2.2145E+04
   #    674163  9.4908E+01  1.1435E-04  2.2175E+04
   #    674456  9.4941E+01  1.1435E-04  2.2205E+04
   #    674748  9.4975E+01  1.1423E-04  2.2235E+04
   #    675043  9.5008E+01  1.1403E-04  2.2265E+04
   #    675337  9.5042E+01  1.1383E-04  2.2295E+04
   #    675630  9.5075E+01  1.1363E-04  2.2325E+04
   #    675920  9.5108E+01  1.1345E-04  2.2355E+04
   #    676218  9.5142E+01  1.1326E-04  2.2385E+04
   #    676516  9.5175E+01  1.1310E-04  2.2415E+04
   #    676804  9.5208E+01  1.1295E-04  2.2445E+04
   #    677102  9.5242E+01  1.1282E-04  2.2475E+04
   #    677395  9.5275E+01  1.1269E-04  2.2506E+04
   #    677690  9.5308E+01  1.1256E-04  2.2536E+04
   #    677993  9.5342E+01  1.1244E-04  2.2566E+04
   #    678291  9.5375E+01  1.1234E-04  2.2596E+04
   #    678586  9.5408E+01  1.1228E-04  2.2626E+04
   #    678883  9.5442E+01  1.1224E-04  2.2656E+04
   #    679176  9.5475E+01  1.1213E-04  2.2686E+04
   #    679469  9.5507E+01  1.1194E-04  2.2716E+04
   #    679762  9.5540E+01  1.1177E-04  2.2746E+04
   #    680065  9.5574E+01  1.1160E-04  2.2776E+04
   #    680374  9.5608E+01  1.1145E-04  2.2806E+04
   #    680675  9.5642E+01  1.1131E-04  2.2836E+04
   #    680969  9.5675E+01  1.1121E-04  2.2866E+04
   #    681277  9.5709E+01  1.1115E-04  2.2896E+04
   #    681584  9.5743E+01  1.1112E-04  2.2926E+04
   #    681886  9.5776E+01  1.1112E-04  2.2956E+04
   #    682181  9.5809E+01  1.1113E-04  2.2986E+04
   #    682479  9.5842E+01  1.1115E-04  2.3016E+04
   #    682765  9.5874E+01  1.1116E-04  2.3046E+04
   #    683050  9.5906E+01  1.1118E-04  2.3076E+04
   #    683339  9.5938E+01  1.1120E-04  2.3106E+04
   #    683624  9.5970E+01  1.1122E-04  2.3136E+04
   #    683914  9.6002E+01  1.1123E-04  2.3166E+04
   #    684207  9.6034E+01  1.1124E-04  2.3197E+04
   #    684495  9.6066E+01  1.1126E-04  2.3227E+04
   #    684771  9.6097E+01  1.1128E-04  2.3257E+04
   #    685048  9.6128E+01  1.1131E-04  2.3287E+04
   #    685334  9.6160E+01  1.1136E-04  2.3317E+04
   #    685619  9.6192E+01  1.1141E-04  2.3347E+04
   #    685891  9.6222E+01  1.1146E-04  2.3377E+04
   #    686163  9.6252E+01  1.1151E-04  2.3407E+04
   #    686442  9.6283E+01  1.1157E-04  2.3437E+04
   #    686717  9.6314E+01  1.1161E-04  2.3467E+04
   #    686993  9.6345E+01  1.1165E-04  2.3497E+04
   #    687271  9.6376E+01  1.1168E-04  2.3527E+04
   #    687541  9.6406E+01  1.1170E-04  2.3557E+04
   #    687817  9.6437E+01  1.1173E-04  2.3587E+04
   #    688099  9.6468E+01  1.1176E-04  2.3617E+04
   #    688376  9.6499E+01  1.1179E-04  2.3647E+04
   #    688650  9.6530E+01  1.1183E-04  2.3677E+04
   #    688931  9.6561E+01  1.1186E-04  2.3707E+04
   #    689209  9.6592E+01  1.1189E-04  2.3737E+04
   #    689487  9.6623E+01  1.1191E-04  2.3767E+04
   #    689763  9.6654E+01  1.1180E-04  2.3797E+04
   #    690041  9.6685E+01  1.1159E-04  2.3827E+04
   #    690327  9.6717E+01  1.1135E-04  2.3857E+04
   #    690611  9.6749E+01  1.1113E-04  2.3887E+04
   #    690893  9.6780E+01  1.1091E-04  2.3918E+04
   #    691177  9.6811E+01  1.1069E-04  2.3948E+04
   #    691468  9.6844E+01  1.1046E-04  2.3978E+04
   #    691755  9.6875E+01  1.1022E-04  2.4008E+04
   #    692044  9.6907E+01  1.0994E-04  2.4038E+04
   #    692334  9.6939E+01  1.0966E-04  2.4068E+04
   #    692613  9.6969E+01  1.0939E-04  2.4098E+04
   #    692902  9.7001E+01  1.0911E-04  2.4128E+04
   #    693190  9.7032E+01  1.0885E-04  2.4158E+04
   #    693480  9.7064E+01  1.0861E-04  2.4188E+04
   #    693772  9.7096E+01  1.0838E-04  2.4218E+04
   #    694059  9.7127E+01  1.0817E-04  2.4248E+04
   #    694349  9.7158E+01  1.0799E-04  2.4278E+04
   #    694641  9.7189E+01  1.0782E-04  2.4308E+04
   #    694947  9.7222E+01  1.0763E-04  2.4338E+04
   #    695246  9.7255E+01  1.0746E-04  2.4368E+04
   #    695538  9.7286E+01  1.0729E-04  2.4398E+04
   #    695833  9.7317E+01  1.0712E-04  2.4428E+04
   #    696129  9.7349E+01  1.0693E-04  2.4458E+04
   #    696433  9.7382E+01  1.0672E-04  2.4489E+04
   #    696730  9.7413E+01  1.0648E-04  2.4519E+04
   #    697036  9.7446E+01  1.0624E-04  2.4549E+04
   #    697341  9.7478E+01  1.0601E-04  2.4579E+04
   #    697647  9.7510E+01  1.0580E-04  2.4609E+04
   #    697951  9.7543E+01  1.0560E-04  2.4639E+04
   #    698256  9.7575E+01  1.0543E-04  2.4669E+04
   #    698563  9.7607E+01  1.0527E-04  2.4699E+04
   #    698869  9.7639E+01  1.0513E-04  2.4729E+04
   #    699169  9.7671E+01  1.0498E-04  2.4759E+04
   #    699475  9.7703E+01  1.0485E-04  2.4789E+04
   #    699784  9.7735E+01  1.0473E-04  2.4819E+04
   #    700093  9.7768E+01  1.0462E-04  2.4849E+04
   #    700398  9.7799E+01  1.0451E-04  2.4879E+04
   #    700703  9.7831E+01  1.0438E-04  2.4909E+04
   #    701010  9.7863E+01  1.0421E-04  2.4939E+04
   #    701314  9.7895E+01  1.0411E-04  2.4969E+04
   #    701620  9.7927E+01  1.0402E-04  2.4999E+04
   #    701926  9.7959E+01  1.0393E-04  2.5029E+04
   #    702234  9.7991E+01  1.0385E-04  2.5059E+04
   #    702539  9.8022E+01  1.0377E-04  2.5089E+04
   #    702842  9.8054E+01  1.0371E-04  2.5119E+04
   #    703145  9.8085E+01  1.0366E-04  2.5150E+04
   #    703441  9.8116E+01  1.0361E-04  2.5180E+04
   #    703743  9.8147E+01  1.0357E-04  2.5210E+04
   #    704050  9.8179E+01  1.0353E-04  2.5240E+04
   #    704353  9.8210E+01  1.0351E-04  2.5270E+04
   #    704656  9.8241E+01  1.0348E-04  2.5300E+04
   #    704956  9.8272E+01  1.0346E-04  2.5330E+04
   #    705255  9.8303E+01  1.0345E-04  2.5360E+04
   #    705556  9.8334E+01  1.0345E-04  2.5390E+04
   #    705851  9.8365E+01  1.0342E-04  2.5420E+04
   #    706153  9.8396E+01  1.0341E-04  2.5450E+04
   #    706457  9.8428E+01  1.0340E-04  2.5480E+04
   #    706759  9.8459E+01  1.0343E-04  2.5510E+04
   #    707057  9.8490E+01  1.0342E-04  2.5540E+04
   #    707359  9.8521E+01  1.0346E-04  2.5570E+04
   #    707662  9.8552E+01  1.0346E-04  2.5600E+04
   #    707964  9.8583E+01  1.0352E-04  2.5630E+04
   #    708239  9.8612E+01  1.0355E-04  2.5660E+04
   #    708540  9.8643E+01  1.0360E-04  2.5690E+04
   #    708837  9.8674E+01  1.0368E-04  2.5720E+04
   #    709138  9.8705E+01  1.0374E-04  2.5751E+04
   #    709436  9.8736E+01  1.0382E-04  2.5781E+04
   #    709733  9.8767E+01  1.0390E-04  2.5811E+04
   #    710031  9.8798E+01  1.0400E-04  2.5841E+04
   #    710326  9.8828E+01  1.0411E-04  2.5871E+04
   #    710618  9.8859E+01  1.0426E-04  2.5901E+04
   #    710913  9.8890E+01  1.0441E-04  2.5931E+04
   #    711212  9.8921E+01  1.0456E-04  2.5961E+04
   #    711504  9.8951E+01  1.0469E-04  2.5991E+04
   #    711788  9.8981E+01  1.0481E-04  2.6021E+04
   #    712065  9.9010E+01  1.0491E-04  2.6051E+04
   #    712352  9.9040E+01  1.0500E-04  2.6081E+04
   #    712636  9.9070E+01  1.0508E-04  2.6111E+04
   #    712927  9.9101E+01  1.0516E-04  2.6141E+04
   #    713218  9.9131E+01  1.0525E-04  2.6171E+04
   #    713503  9.9161E+01  1.0532E-04  2.6201E+04
   #    713791  9.9191E+01  1.0537E-04  2.6231E+04
   #    714079  9.9222E+01  1.0540E-04  2.6261E+04
   #    714364  9.9252E+01  1.0541E-04  2.6292E+04
   #    714653  9.9282E+01  1.0527E-04  2.6322E+04
   #    714938  9.9312E+01  1.0509E-04  2.6352E+04
   #    715230  9.9343E+01  1.0489E-04  2.6382E+04
   #    715521  9.9373E+01  1.0473E-04  2.6412E+04
   #    715814  9.9404E+01  1.0457E-04  2.6442E+04
   #    716107  9.9435E+01  1.0440E-04  2.6472E+04
   #    716393  9.9464E+01  1.0423E-04  2.6502E+04
   #    716680  9.9494E+01  1.0408E-04  2.6532E+04
   #    716972  9.9525E+01  1.0393E-04  2.6562E+04
   #    717261  9.9555E+01  1.0379E-04  2.6592E+04
   #    717556  9.9585E+01  1.0364E-04  2.6622E+04
   #    717853  9.9616E+01  1.0348E-04  2.6652E+04
   #    718150  9.9647E+01  1.0329E-04  2.6682E+04
   #    718446  9.9677E+01  1.0308E-04  2.6712E+04
   #    718739  9.9707E+01  1.0284E-04  2.6742E+04
   #    719034  9.9738E+01  1.0257E-04  2.6773E+04
   #    719329  9.9768E+01  1.0235E-04  2.6803E+04
   #    719622  9.9798E+01  1.0216E-04  2.6833E+04
   #    719897  9.9826E+01  1.0200E-04  2.6863E+04
   #    720187  9.9855E+01  1.0187E-04  2.6893E+04
   #    720478  9.9885E+01  1.0178E-04  2.6923E+04
   #    720769  9.9915E+01  1.0171E-04  2.6953E+04
   #    721062  9.9944E+01  1.0166E-04  2.6983E+04
   #    721356  9.9974E+01  1.0161E-04  2.7013E+04
   #    721646  1.0000E+02  1.0157E-04  2.7043E+04
   #    721939  1.0003E+02  1.0155E-04  2.7073E+04
   #    722234  1.0006E+02  1.0155E-04  2.7103E+04
   #    722525  1.0009E+02  1.0155E-04  2.7133E+04
   #    722814  1.0012E+02  1.0154E-04  2.7163E+04
   #    723105  1.0015E+02  1.0155E-04  2.7193E+04
   #    723394  1.0018E+02  1.0158E-04  2.7223E+04
   #    723684  1.0021E+02  1.0164E-04  2.7253E+04
   #    723977  1.0024E+02  1.0172E-04  2.7283E+04
   #    724266  1.0027E+02  1.0181E-04  2.7313E+04
   #    724558  1.0030E+02  1.0193E-04  2.7343E+04
   #    724852  1.0033E+02  1.0211E-04  2.7374E+04
   #    725148  1.0036E+02  1.0230E-04  2.7404E+04
   #    725443  1.0039E+02  1.0246E-04  2.7434E+04
   #    725734  1.0042E+02  1.0264E-04  2.7464E+04
   #    726029  1.0045E+02  1.0282E-04  2.7494E+04
   #    726325  1.0048E+02  1.0301E-04  2.7524E+04
   #    726613  1.0051E+02  1.0316E-04  2.7554E+04
   #    726897  1.0054E+02  1.0326E-04  2.7584E+04
   #    727188  1.0057E+02  1.0335E-04  2.7614E+04
   #    727476  1.0060E+02  1.0346E-04  2.7644E+04
   #    727764  1.0063E+02  1.0357E-04  2.7674E+04
   #    728047  1.0066E+02  1.0371E-04  2.7704E+04
   #    728338  1.0069E+02  1.0382E-04  2.7734E+04
   #    728636  1.0072E+02  1.0392E-04  2.7764E+04
   #    728927  1.0075E+02  1.0402E-04  2.7794E+04
   #    729220  1.0078E+02  1.0404E-04  2.7824E+04
   #    729508  1.0081E+02  1.0406E-04  2.7854E+04
   #    729800  1.0084E+02  1.0408E-04  2.7884E+04
   #    730089  1.0087E+02  1.0411E-04  2.7914E+04
   #    730382  1.0090E+02  1.0415E-04  2.7944E+04
   #    730675  1.0093E+02  1.0418E-04  2.7975E+04
   #    730967  1.0096E+02  1.0421E-04  2.8005E+04
   #    731256  1.0099E+02  1.0424E-04  2.8035E+04
   #    731528  1.0102E+02  1.0428E-04  2.8065E+04
   #    731818  1.0105E+02  1.0432E-04  2.8095E+04
   #    732109  1.0108E+02  1.0436E-04  2.8125E+04
   #    732404  1.0111E+02  1.0435E-04  2.8155E+04
   #    732700  1.0114E+02  1.0428E-04  2.8185E+04
   #    732995  1.0117E+02  1.0420E-04  2.8215E+04
   #    733288  1.0120E+02  1.0411E-04  2.8245E+04
   #    733582  1.0123E+02  1.0403E-04  2.8275E+04
   #    733878  1.0127E+02  1.0396E-04  2.8305E+04
   #    734166  1.0130E+02  1.0390E-04  2.8335E+04
   #    734461  1.0133E+02  1.0383E-04  2.8365E+04
   #    734758  1.0136E+02  1.0377E-04  2.8395E+04
   #    735056  1.0139E+02  1.0369E-04  2.8425E+04
   #    735355  1.0142E+02  1.0360E-04  2.8455E+04
   #    735652  1.0145E+02  1.0352E-04  2.8485E+04
   #    735946  1.0148E+02  1.0346E-04  2.8515E+04
   #    736247  1.0151E+02  1.0341E-04  2.8545E+04
   #    736545  1.0154E+02  1.0335E-04  2.8575E+04
   #    736838  1.0157E+02  1.0328E-04  2.8606E+04
   #    737131  1.0160E+02  1.0319E-04  2.8636E+04
   #    737425  1.0163E+02  1.0309E-04  2.8666E+04
   #    737717  1.0166E+02  1.0300E-04  2.8696E+04
   #    738010  1.0169E+02  1.0292E-04  2.8726E+04
   #    738299  1.0172E+02  1.0286E-04  2.8756E+04
   #    738592  1.0175E+02  1.0281E-04  2.8786E+04
#################~ JOB EFFICIENCY REPORT ~##################
# JobID:                   133948                          #
# Cluster:                 dejar                           #
# Cores:                   28                              #
# Wall-clock time:         7.99 hours                      #
# User-CPU utilized:       219.46 CPU-hours                #
# User-CPU load:           97.9 %                          #
# System-CPU utilized:     3.95 CPU-hours                  #
# System-CPU load:         1.8 %                           #
# Memory utilized          6.03 GB                         #
# Memory efficiency        5.3 %                           #
#~~~~~~~~~~~~~~~~~~~~~~~~~~~~~~~~~~~~~~~~~~~~~~~~~~~~~~~~~~#
# If your job has low CPU Efficiency or you have doubts    #
# about setting up a job, do not hesitate and contact us:  #
#                    res_support@iac.es                    #
############################################################
