 -----------------------------------------------------------------------------
 -----------------------------------------------------------------------------
 |         __  __ ____ ___        _    __  __ ______     ___    ____         |
 |        |  \/  |  _ \_ _|      / \  |  \/  |  _ \ \   / / \  / ___|        |
 |        | |\/| | |_) | |_____ / _ \ | |\/| | |_) \ \ / / _ \| |            |
 |        | |  | |  __/| |_____/ ___ \| |  | |  _ < \ V / ___ \ |___         |
 |        |_|  |_|_|  |___|   /_/   \_\_|  |_|_| \_\ \_/_/   \_\____|        |
 -----------------------------------------------------------------------------
 -----------------------------------------------------------------------------
 Spitzer MHD: par:   0.21633973559351147       ,perp:    2.1685795904764041E-011
 Combination of Colgan (2008) for high temperatures and
 Dalgarno & McCray (1972), DM2, for low temperatures
 Reading amrvac.par
 
 Output type | tsavestart |  dtsave   | ditsave | itsave(1) | tsave(1)
         log | 0.000E+00  | 0.200E+00 | ******  |      0    | *********
      normal | 0.000E+00  | 0.200E+00 | ******  |      0    | *********
       slice | 0.000E+00  | ********* | ******  | ******    | *********
   collapsed | 0.000E+00  | ********* | ******  | ******    | *********
    analysis | 0.000E+00  | ********* | ******  | ******    | *********
 
         Domain size (cells): 96 48 
                Level one dx: 0.208E+00 0.208E+00 
           Refine estimation: Lohner's scheme
 Note, Grid is reconstructed once every           3 iterations
           restart_from_file:  output/solar_atm_a0129.dat
                  converting: F

 minra  0.10256244189917035     
 rhob   7382.7014817162089     
 pb   59.061613380997102     
 nw=          11  and nw found in restart file=           8
 Please be aware of changes in w at restart.
 Using TRACL(ine) method with a mask
 By default, magnetic field lines are traced every 4 grid cells
 NOTE:  2D TRAC method take the y-dir == grav-dir
 Memory requirement for each processor in TRAC:
           1  MB
 -------------------------------------------------------------------------------
 Startup phase took :             0.295 sec
 -------------------------------------------------------------------------------
 Start integrating, print status every  3.00E+01 seconds
   #        it        time          dt  wc-time(s)
   #    428251  6.4500E+01  1.3315E-04  5.3030E-01
   #    428662  6.4555E+01  1.3296E-04  3.0541E+01
   #    429079  6.4610E+01  1.3271E-04  6.0600E+01
   #    429495  6.4665E+01  1.3259E-04  9.0621E+01
   #    429910  6.4720E+01  1.3254E-04  1.2064E+02
   #    430327  6.4775E+01  1.3263E-04  1.5070E+02
   #    430744  6.4831E+01  1.3278E-04  1.8074E+02
   #    431161  6.4886E+01  1.3296E-04  2.1080E+02
   #    431567  6.4940E+01  1.3308E-04  2.4081E+02
   #    431984  6.4996E+01  1.3313E-04  2.7088E+02
   #    432401  6.5051E+01  1.3317E-04  3.0093E+02
   #    432802  6.5104E+01  1.3329E-04  3.3098E+02
   #    433217  6.5160E+01  1.3345E-04  3.6100E+02
   #    433632  6.5215E+01  1.3361E-04  3.9102E+02
   #    434047  6.5271E+01  1.3360E-04  4.2107E+02
   #    434452  6.5325E+01  1.3347E-04  4.5112E+02
   #    434868  6.5380E+01  1.3338E-04  4.8118E+02
   #    435283  6.5435E+01  1.3335E-04  5.1119E+02
   #    435699  6.5491E+01  1.3327E-04  5.4125E+02
   #    436104  6.5545E+01  1.3314E-04  5.7128E+02
   #    436519  6.5600E+01  1.3304E-04  6.0128E+02
   #    436934  6.5655E+01  1.3292E-04  6.3132E+02
   #    437330  6.5708E+01  1.3261E-04  6.6138E+02
   #    437745  6.5763E+01  1.3239E-04  6.9142E+02
   #    438160  6.5818E+01  1.3228E-04  7.2144E+02
   #    438575  6.5872E+01  1.3223E-04  7.5147E+02
   #    438979  6.5926E+01  1.3219E-04  7.8152E+02
   #    439394  6.5981E+01  1.3218E-04  8.1154E+02
   #    439809  6.6036E+01  1.3218E-04  8.4158E+02
   #    440224  6.6090E+01  1.3216E-04  8.7163E+02
   #    440627  6.6144E+01  1.3203E-04  9.0164E+02
   #    441042  6.6198E+01  1.3161E-04  9.3166E+02
   #    441457  6.6253E+01  1.3116E-04  9.6167E+02
   #    441851  6.6304E+01  1.3081E-04  9.9171E+02
   #    442266  6.6359E+01  1.3056E-04  1.0217E+03
   #    442682  6.6413E+01  1.3051E-04  1.0518E+03
   #    443097  6.6467E+01  1.3051E-04  1.0818E+03
   #    443503  6.6520E+01  1.3046E-04  1.1119E+03
   #    443924  6.6575E+01  1.3037E-04  1.1419E+03
   #    444347  6.6630E+01  1.3011E-04  1.1719E+03
   #    444770  6.6685E+01  1.2962E-04  1.2020E+03
   #    445184  6.6738E+01  1.2923E-04  1.2320E+03
   #    445606  6.6793E+01  1.2898E-04  1.2620E+03
   #    446029  6.6847E+01  1.2885E-04  1.2921E+03
   #    446442  6.6901E+01  1.2885E-04  1.3222E+03
   #    446854  6.6954E+01  1.2889E-04  1.3522E+03
   #    447277  6.7008E+01  1.2890E-04  1.3822E+03
   #    447700  6.7063E+01  1.2887E-04  1.4123E+03
   #    448115  6.7116E+01  1.2874E-04  1.4423E+03
   #    448538  6.7171E+01  1.2857E-04  1.4724E+03
   #    448961  6.7225E+01  1.2845E-04  1.5024E+03
   #    449384  6.7279E+01  1.2848E-04  1.5324E+03
   #    449795  6.7332E+01  1.2863E-04  1.5625E+03
   #    450218  6.7387E+01  1.2880E-04  1.5925E+03
   #    450634  6.7440E+01  1.2900E-04  1.6227E+03
   #    451056  6.7495E+01  1.2920E-04  1.6527E+03
   #    451469  6.7548E+01  1.2938E-04  1.6827E+03
   #    451892  6.7603E+01  1.2946E-04  1.7128E+03
   #    452315  6.7657E+01  1.2953E-04  1.7428E+03
   #    452729  6.7711E+01  1.2963E-04  1.7728E+03
   #    453152  6.7766E+01  1.2976E-04  1.8028E+03
   #    453575  6.7821E+01  1.2993E-04  1.8328E+03
   #    453998  6.7876E+01  1.3000E-04  1.8628E+03
   #    454411  6.7930E+01  1.2990E-04  1.8929E+03
   #    454834  6.7984E+01  1.2970E-04  1.9229E+03
   #    455247  6.8038E+01  1.2944E-04  1.9530E+03
   #    455670  6.8093E+01  1.2920E-04  1.9830E+03
   #    456081  6.8146E+01  1.2898E-04  2.0130E+03
   #    456501  6.8200E+01  1.2886E-04  2.0430E+03
   #    456921  6.8254E+01  1.2882E-04  2.0730E+03
   #    457331  6.8307E+01  1.2882E-04  2.1030E+03
   #    457752  6.8361E+01  1.2882E-04  2.1331E+03
   #    458173  6.8415E+01  1.2880E-04  2.1631E+03
   #    458594  6.8469E+01  1.2878E-04  2.1932E+03
   #    459006  6.8522E+01  1.2873E-04  2.2232E+03
   #    459426  6.8576E+01  1.2866E-04  2.2532E+03
   #    459835  6.8629E+01  1.2857E-04  2.2832E+03
   #    460256  6.8683E+01  1.2845E-04  2.3133E+03
   #    460667  6.8736E+01  1.2826E-04  2.3434E+03
   #    461088  6.8790E+01  1.2799E-04  2.3734E+03
   #    461509  6.8843E+01  1.2772E-04  2.4035E+03
   #    461930  6.8897E+01  1.2749E-04  2.4335E+03
   #    462340  6.8949E+01  1.2736E-04  2.4635E+03
   #    462761  6.9003E+01  1.2731E-04  2.4936E+03
   #    463182  6.9057E+01  1.2727E-04  2.5236E+03
   #    463593  6.9109E+01  1.2726E-04  2.5537E+03
   #    464012  6.9162E+01  1.2728E-04  2.5837E+03
   #    464414  6.9213E+01  1.2734E-04  2.6138E+03
   #    464825  6.9266E+01  1.2731E-04  2.6438E+03
   #    465226  6.9317E+01  1.2708E-04  2.6739E+03
   #    465637  6.9369E+01  1.2673E-04  2.7039E+03
   #    466048  6.9421E+01  1.2656E-04  2.7340E+03
   #    466459  6.9473E+01  1.2660E-04  2.7641E+03
   #    466861  6.9524E+01  1.2659E-04  2.7941E+03
   #    467272  6.9576E+01  1.2661E-04  2.8241E+03
   #    467683  6.9628E+01  1.2649E-04  2.8541E+03
   #    468094  6.9680E+01  1.2634E-04  2.8842E+03
   #    468493  6.9730E+01  1.2616E-04  2.9142E+03
   #    468893  6.9780E+01  1.2597E-04  2.9442E+03
   #    469304  6.9832E+01  1.2584E-04  2.9742E+03
   #    469715  6.9884E+01  1.2585E-04  3.0043E+03
   #    470115  6.9934E+01  1.2591E-04  3.0343E+03
   #    470526  6.9986E+01  1.2614E-04  3.0643E+03
   #    470936  7.0038E+01  1.2656E-04  3.0943E+03
   #    471347  7.0090E+01  1.2683E-04  3.1244E+03
   #    471747  7.0141E+01  1.2702E-04  3.1545E+03
   #    472154  7.0192E+01  1.2717E-04  3.1845E+03
   #    472561  7.0244E+01  1.2730E-04  3.2145E+03
   #    472968  7.0296E+01  1.2744E-04  3.2446E+03
   #    473355  7.0345E+01  1.2760E-04  3.2746E+03
   #    473762  7.0397E+01  1.2782E-04  3.3047E+03
   #    474169  7.0449E+01  1.2802E-04  3.3347E+03
   #    474576  7.0501E+01  1.2823E-04  3.3648E+03
   #    474971  7.0552E+01  1.2842E-04  3.3948E+03
   #    475378  7.0604E+01  1.2860E-04  3.4249E+03
   #    475785  7.0657E+01  1.2869E-04  3.4549E+03
   #    476190  7.0709E+01  1.2875E-04  3.4849E+03
   #    476606  7.0762E+01  1.2880E-04  3.5149E+03
   #    477022  7.0816E+01  1.2886E-04  3.5450E+03
   #    477429  7.0868E+01  1.2894E-04  3.5750E+03
   #    477834  7.0921E+01  1.2901E-04  3.6050E+03
   #    478250  7.0974E+01  1.2903E-04  3.6351E+03
   #    478666  7.1028E+01  1.2898E-04  3.6652E+03
   #    479082  7.1082E+01  1.2875E-04  3.6952E+03
   #    479489  7.1134E+01  1.2845E-04  3.7252E+03
   #    479905  7.1187E+01  1.2814E-04  3.7553E+03
   #    480320  7.1240E+01  1.2788E-04  3.7853E+03
   #    480736  7.1293E+01  1.2770E-04  3.8154E+03
   #    481141  7.1345E+01  1.2760E-04  3.8454E+03
   #    481557  7.1398E+01  1.2754E-04  3.8754E+03
   #    481962  7.1450E+01  1.2749E-04  3.9055E+03
   #    482375  7.1503E+01  1.2748E-04  3.9361E+03
   #    482789  7.1555E+01  1.2746E-04  3.9662E+03
   #    483202  7.1608E+01  1.2736E-04  3.9962E+03
   #    483615  7.1660E+01  1.2708E-04  4.0262E+03
   #    484021  7.1712E+01  1.2674E-04  4.0563E+03
   #    484434  7.1764E+01  1.2639E-04  4.0863E+03
   #    484847  7.1816E+01  1.2610E-04  4.1163E+03
   #    485260  7.1868E+01  1.2590E-04  4.1464E+03
   #    485663  7.1919E+01  1.2580E-04  4.1764E+03
   #    486076  7.1971E+01  1.2579E-04  4.2064E+03
   #    486480  7.2022E+01  1.2573E-04  4.2364E+03
   #    486893  7.2074E+01  1.2578E-04  4.2665E+03
   #    487301  7.2125E+01  1.2588E-04  4.2965E+03
   #    487714  7.2177E+01  1.2594E-04  4.3265E+03
   #    488127  7.2229E+01  1.2596E-04  4.3565E+03
   #    488540  7.2281E+01  1.2596E-04  4.3866E+03
   #    488943  7.2332E+01  1.2603E-04  4.4166E+03
   #    489356  7.2384E+01  1.2615E-04  4.4466E+03
   #    489769  7.2436E+01  1.2631E-04  4.4766E+03
   #    490182  7.2488E+01  1.2652E-04  4.5066E+03
   #    490588  7.2539E+01  1.2672E-04  4.5367E+03
   #    490991  7.2591E+01  1.2694E-04  4.5668E+03
   #    491404  7.2643E+01  1.2719E-04  4.5968E+03
   #    491817  7.2696E+01  1.2741E-04  4.6268E+03
   #    492221  7.2747E+01  1.2758E-04  4.6568E+03
   #    492634  7.2800E+01  1.2771E-04  4.6869E+03
   #    493047  7.2853E+01  1.2780E-04  4.7169E+03
   #    493450  7.2904E+01  1.2787E-04  4.7469E+03
   #    493863  7.2957E+01  1.2796E-04  4.7769E+03
   #    494277  7.3010E+01  1.2802E-04  4.8070E+03
   #    494690  7.3063E+01  1.2806E-04  4.8370E+03
   #    495094  7.3114E+01  1.2807E-04  4.8671E+03
   #    495495  7.3166E+01  1.2803E-04  4.8971E+03
   #    495905  7.3218E+01  1.2797E-04  4.9271E+03
   #    496315  7.3271E+01  1.2777E-04  4.9572E+03
   #    496715  7.3322E+01  1.2750E-04  4.9872E+03
   #    497125  7.3374E+01  1.2722E-04  5.0173E+03
   #    497535  7.3426E+01  1.2696E-04  5.0473E+03
   #    497945  7.3478E+01  1.2675E-04  5.0773E+03
   #    498345  7.3529E+01  1.2662E-04  5.1074E+03
   #    498755  7.3580E+01  1.2658E-04  5.1374E+03
   #    499165  7.3632E+01  1.2658E-04  5.1674E+03
   #    499569  7.3683E+01  1.2658E-04  5.1977E+03
   #    499968  7.3734E+01  1.2651E-04  5.2277E+03
   #    500378  7.3786E+01  1.2634E-04  5.2577E+03
   #    500788  7.3837E+01  1.2602E-04  5.2878E+03
   #    501198  7.3889E+01  1.2574E-04  5.3178E+03
   #    501597  7.3939E+01  1.2553E-04  5.3478E+03
   #    502007  7.3991E+01  1.2542E-04  5.3779E+03
   #    502417  7.4042E+01  1.2548E-04  5.4079E+03
   #    502827  7.4093E+01  1.2560E-04  5.4379E+03
   #    503227  7.4144E+01  1.2570E-04  5.4680E+03
   #    503637  7.4195E+01  1.2570E-04  5.4981E+03
   #    504038  7.4246E+01  1.2562E-04  5.5281E+03
   #    504448  7.4297E+01  1.2558E-04  5.5582E+03
   #    504848  7.4347E+01  1.2561E-04  5.5883E+03
   #    505258  7.4399E+01  1.2562E-04  5.6183E+03
   #    505668  7.4450E+01  1.2564E-04  5.6483E+03
   #    506078  7.4502E+01  1.2567E-04  5.6784E+03
   #    506478  7.4552E+01  1.2574E-04  5.7084E+03
   #    506888  7.4604E+01  1.2584E-04  5.7385E+03
   #    507298  7.4655E+01  1.2595E-04  5.7685E+03
   #    507698  7.4706E+01  1.2599E-04  5.7986E+03
   #    508108  7.4757E+01  1.2606E-04  5.8286E+03
   #    508509  7.4808E+01  1.2612E-04  5.8587E+03
   #    508919  7.4859E+01  1.2623E-04  5.8887E+03
   #    509322  7.4910E+01  1.2636E-04  5.9188E+03
   #    509731  7.4962E+01  1.2652E-04  5.9488E+03
   #    510141  7.5014E+01  1.2674E-04  5.9789E+03
   #    510550  7.5066E+01  1.2692E-04  6.0089E+03
   #    510950  7.5117E+01  1.2708E-04  6.0389E+03
   #    511359  7.5169E+01  1.2717E-04  6.0690E+03
   #    511768  7.5221E+01  1.2726E-04  6.0990E+03
   #    512178  7.5273E+01  1.2736E-04  6.1290E+03
   #    512577  7.5324E+01  1.2745E-04  6.1591E+03
   #    512979  7.5375E+01  1.2756E-04  6.1891E+03
   #    513390  7.5427E+01  1.2771E-04  6.2192E+03
   #    513809  7.5481E+01  1.2785E-04  6.2492E+03
   #    514218  7.5533E+01  1.2788E-04  6.2793E+03
   #    514636  7.5587E+01  1.2787E-04  6.3093E+03
   #    515055  7.5640E+01  1.2792E-04  6.3394E+03
   #    515474  7.5694E+01  1.2802E-04  6.3694E+03
   #    515883  7.5746E+01  1.2800E-04  6.3995E+03
   #    516301  7.5800E+01  1.2789E-04  6.4295E+03
   #    516718  7.5853E+01  1.2773E-04  6.4595E+03
   #    517123  7.5905E+01  1.2758E-04  6.4895E+03
   #    517527  7.5956E+01  1.2747E-04  6.5196E+03
   #    517941  7.6009E+01  1.2737E-04  6.5496E+03
   #    518355  7.6061E+01  1.2724E-04  6.5797E+03
   #    518762  7.6113E+01  1.2717E-04  6.6097E+03
   #    519181  7.6167E+01  1.2715E-04  6.6397E+03
   #    519601  7.6220E+01  1.2708E-04  6.6698E+03
   #    520020  7.6273E+01  1.2695E-04  6.6998E+03
   #    520426  7.6325E+01  1.2679E-04  6.7299E+03
   #    520837  7.6377E+01  1.2663E-04  6.7599E+03
   #    521249  7.6429E+01  1.2654E-04  6.7899E+03
   #    521661  7.6481E+01  1.2657E-04  6.8200E+03
   #    522058  7.6531E+01  1.2670E-04  6.8500E+03
   #    522469  7.6583E+01  1.2686E-04  6.8800E+03
   #    522880  7.6635E+01  1.2706E-04  6.9101E+03
   #    523290  7.6687E+01  1.2729E-04  6.9401E+03
   #    523687  7.6738E+01  1.2746E-04  6.9701E+03
   #    524098  7.6790E+01  1.2748E-04  7.0002E+03
   #    524510  7.6843E+01  1.2724E-04  7.0302E+03
   #    524923  7.6895E+01  1.2672E-04  7.0603E+03
   #    525324  7.6946E+01  1.2613E-04  7.0903E+03
   #    525737  7.6998E+01  1.2558E-04  7.1203E+03
   #    526137  7.7048E+01  1.2531E-04  7.1504E+03
   #    526546  7.7099E+01  1.2523E-04  7.1804E+03
   #    526945  7.7149E+01  1.2525E-04  7.2104E+03
   #    527354  7.7200E+01  1.2539E-04  7.2404E+03
   #    527762  7.7252E+01  1.2567E-04  7.2705E+03
   #    528170  7.7303E+01  1.2603E-04  7.3005E+03
   #    528568  7.7353E+01  1.2635E-04  7.3305E+03
   #    528973  7.7404E+01  1.2656E-04  7.3606E+03
   #    529377  7.7455E+01  1.2680E-04  7.3906E+03
   #    529772  7.7506E+01  1.2709E-04  7.4207E+03
   #    530177  7.7557E+01  1.2740E-04  7.4507E+03
   #    530574  7.7608E+01  1.2766E-04  7.4808E+03
   #    530981  7.7660E+01  1.2803E-04  7.5108E+03
   #    531375  7.7710E+01  1.2847E-04  7.5408E+03
   #    531781  7.7763E+01  1.2904E-04  7.5709E+03
   #    532187  7.7815E+01  1.2954E-04  7.6009E+03
   #    532588  7.7867E+01  1.2976E-04  7.6309E+03
   #    532970  7.7917E+01  1.2987E-04  7.6610E+03
   #    533373  7.7969E+01  1.2995E-04  7.6910E+03
   #    533776  7.8021E+01  1.3003E-04  7.7211E+03
   #    534178  7.8074E+01  1.3008E-04  7.7511E+03
   #    534573  7.8125E+01  1.3012E-04  7.7811E+03
   #    534968  7.8176E+01  1.3016E-04  7.8111E+03
   #    535373  7.8229E+01  1.3017E-04  7.8412E+03
   #    535778  7.8282E+01  1.3012E-04  7.8712E+03
   #    536173  7.8333E+01  1.2999E-04  7.9013E+03
   #    536578  7.8386E+01  1.2980E-04  7.9313E+03
   #    536983  7.8438E+01  1.2953E-04  7.9614E+03
   #    537388  7.8491E+01  1.2922E-04  7.9914E+03
   #    537783  7.8542E+01  1.2907E-04  8.0215E+03
   #    538181  7.8593E+01  1.2888E-04  8.0515E+03
   #    538578  7.8644E+01  1.2866E-04  8.0816E+03
   #    538975  7.8695E+01  1.2843E-04  8.1117E+03
   #    539354  7.8744E+01  1.2820E-04  8.1417E+03
   #    539750  7.8794E+01  1.2808E-04  8.1717E+03
   #    540146  7.8845E+01  1.2808E-04  8.2017E+03
   #    540543  7.8896E+01  1.2803E-04  8.2318E+03
   #    540928  7.8945E+01  1.2749E-04  8.2619E+03
   #    541332  7.8997E+01  1.2709E-04  8.2919E+03
   #    541736  7.9048E+01  1.2695E-04  8.3219E+03
   #    542134  7.9098E+01  1.2698E-04  8.3520E+03
   #    542519  7.9147E+01  1.2705E-04  8.3820E+03
   #    542918  7.9198E+01  1.2689E-04  8.4121E+03
   #    543317  7.9248E+01  1.2679E-04  8.4421E+03
   #    543707  7.9298E+01  1.2685E-04  8.4721E+03
   #    544098  7.9348E+01  1.2702E-04  8.5022E+03
   #    544498  7.9398E+01  1.2719E-04  8.5322E+03
   #    544899  7.9449E+01  1.2689E-04  8.5622E+03
   #    545295  7.9499E+01  1.2667E-04  8.5922E+03
   #    545683  7.9549E+01  1.2655E-04  8.6222E+03
   #    546084  7.9599E+01  1.2641E-04  8.6523E+03
   #    546485  7.9650E+01  1.2628E-04  8.6823E+03
   #    546886  7.9701E+01  1.2629E-04  8.7124E+03
   #    547277  7.9750E+01  1.2636E-04  8.7424E+03
   #    547678  7.9801E+01  1.2629E-04  8.7724E+03
   #    548070  7.9850E+01  1.2630E-04  8.8025E+03
   #    548471  7.9901E+01  1.2642E-04  8.8325E+03
   #    548862  7.9950E+01  1.2658E-04  8.8625E+03
   #    549263  8.0001E+01  1.2671E-04  8.8925E+03
   #    549664  8.0052E+01  1.2687E-04  8.9226E+03
   #    550065  8.0103E+01  1.2708E-04  8.9526E+03
   #    550458  8.0153E+01  1.2730E-04  8.9827E+03
   #    550859  8.0204E+01  1.2758E-04  9.0127E+03
   #    551260  8.0255E+01  1.2782E-04  9.0428E+03
   #    551656  8.0306E+01  1.2794E-04  9.0732E+03
   #    552048  8.0356E+01  1.2774E-04  9.1033E+03
   #    552449  8.0407E+01  1.2753E-04  9.1333E+03
   #    552850  8.0458E+01  1.2738E-04  9.1634E+03
   #    553239  8.0507E+01  1.2729E-04  9.1934E+03
   #    553639  8.0558E+01  1.2720E-04  9.2234E+03
   #    554035  8.0609E+01  1.2713E-04  9.2535E+03
   #    554433  8.0659E+01  1.2710E-04  9.2835E+03
   #    554821  8.0709E+01  1.2715E-04  9.3136E+03
   #    555218  8.0759E+01  1.2716E-04  9.3436E+03
   #    555615  8.0809E+01  1.2715E-04  9.3736E+03
   #    556012  8.0860E+01  1.2719E-04  9.4037E+03
   #    556393  8.0908E+01  1.2721E-04  9.4337E+03
   #    556789  8.0959E+01  1.2721E-04  9.4638E+03
   #    557181  8.1009E+01  1.2717E-04  9.4938E+03
   #    557567  8.1058E+01  1.2711E-04  9.5238E+03
   #    557946  8.1106E+01  1.2704E-04  9.5540E+03
   #    558333  8.1155E+01  1.2701E-04  9.5840E+03
   #    558720  8.1204E+01  1.2702E-04  9.6141E+03
   #    559112  8.1254E+01  1.2706E-04  9.6441E+03
   #    559507  8.1304E+01  1.2690E-04  9.6742E+03
   #    559890  8.1353E+01  1.2671E-04  9.7042E+03
   #    560279  8.1402E+01  1.2664E-04  9.7342E+03
   #    560658  8.1450E+01  1.2664E-04  9.7642E+03
   #    561047  8.1499E+01  1.2663E-04  9.7943E+03
   #    561430  8.1548E+01  1.2660E-04  9.8244E+03
   #    561821  8.1597E+01  1.2656E-04  9.8544E+03
   #    562215  8.1647E+01  1.2653E-04  9.8844E+03
   #    562609  8.1697E+01  1.2647E-04  9.9144E+03
   #    562994  8.1745E+01  1.2639E-04  9.9445E+03
   #    563387  8.1795E+01  1.2627E-04  9.9746E+03
   #    563778  8.1844E+01  1.2619E-04  1.0005E+04
   #    564169  8.1894E+01  1.2613E-04  1.0035E+04
   #    564550  8.1942E+01  1.2611E-04  1.0065E+04
   #    564931  8.1990E+01  1.2614E-04  1.0095E+04
   #    565327  8.2040E+01  1.2619E-04  1.0125E+04
   #    565703  8.2087E+01  1.2623E-04  1.0155E+04
   #    566072  8.2134E+01  1.2626E-04  1.0185E+04
   #    566452  8.2182E+01  1.2620E-04  1.0215E+04
   #    566834  8.2230E+01  1.2615E-04  1.0245E+04
   #    567215  8.2278E+01  1.2621E-04  1.0275E+04
   #    567582  8.2324E+01  1.2625E-04  1.0305E+04
   #    567957  8.2372E+01  1.2623E-04  1.0335E+04
   #    568333  8.2419E+01  1.2614E-04  1.0365E+04
   #    568709  8.2466E+01  1.2604E-04  1.0395E+04
   #    569062  8.2511E+01  1.2596E-04  1.0425E+04
   #    569431  8.2557E+01  1.2584E-04  1.0455E+04
   #    569807  8.2605E+01  1.2558E-04  1.0485E+04
   #    570187  8.2652E+01  1.2540E-04  1.0515E+04
   #    570567  8.2700E+01  1.2534E-04  1.0545E+04
   #    570937  8.2746E+01  1.2533E-04  1.0575E+04
   #    571317  8.2794E+01  1.2522E-04  1.0605E+04
   #    571691  8.2841E+01  1.2508E-04  1.0635E+04
   #    572069  8.2888E+01  1.2493E-04  1.0666E+04
   #    572434  8.2933E+01  1.2477E-04  1.0696E+04
   #    572800  8.2979E+01  1.2464E-04  1.0726E+04
   #    573174  8.3026E+01  1.2449E-04  1.0756E+04
   #    573543  8.3071E+01  1.2434E-04  1.0786E+04
   #    573903  8.3116E+01  1.2418E-04  1.0816E+04
   #    574276  8.3162E+01  1.2403E-04  1.0846E+04
   #    574647  8.3208E+01  1.2392E-04  1.0876E+04
   #    575013  8.3254E+01  1.2385E-04  1.0906E+04
   #    575380  8.3299E+01  1.2379E-04  1.0936E+04
   #    575738  8.3344E+01  1.2374E-04  1.0966E+04
   #    576105  8.3389E+01  1.2370E-04  1.0996E+04
   #    576474  8.3435E+01  1.2365E-04  1.1026E+04
   #    576835  8.3479E+01  1.2361E-04  1.1056E+04
   #    577194  8.3524E+01  1.2365E-04  1.1086E+04
   #    577562  8.3569E+01  1.2370E-04  1.1116E+04
   #    577930  8.3614E+01  1.2379E-04  1.1146E+04
   #    578298  8.3660E+01  1.2380E-04  1.1176E+04
   #    578666  8.3706E+01  1.2383E-04  1.1206E+04
   #    579023  8.3750E+01  1.2387E-04  1.1236E+04
   #    579390  8.3795E+01  1.2393E-04  1.1266E+04
   #    579758  8.3841E+01  1.2401E-04  1.1296E+04
   #    580126  8.3886E+01  1.2410E-04  1.1326E+04
   #    580483  8.3931E+01  1.2420E-04  1.1356E+04
   #    580843  8.3975E+01  1.2427E-04  1.1386E+04
   #    581211  8.4021E+01  1.2433E-04  1.1416E+04
   #    581578  8.4067E+01  1.2440E-04  1.1446E+04
   #    581931  8.4111E+01  1.2435E-04  1.1476E+04
   #    582295  8.4156E+01  1.2426E-04  1.1507E+04
   #    582662  8.4201E+01  1.2420E-04  1.1537E+04
   #    583028  8.4247E+01  1.2405E-04  1.1567E+04
   #    583392  8.4292E+01  1.2389E-04  1.1597E+04
   #    583747  8.4336E+01  1.2358E-04  1.1627E+04
   #    584115  8.4381E+01  1.2325E-04  1.1657E+04
   #    584484  8.4427E+01  1.2291E-04  1.1687E+04
   #    584845  8.4471E+01  1.2271E-04  1.1717E+04
   #    585203  8.4515E+01  1.2260E-04  1.1747E+04
   #    585572  8.4560E+01  1.2252E-04  1.1777E+04
   #    585939  8.4605E+01  1.2235E-04  1.1807E+04
   #    586305  8.4650E+01  1.2217E-04  1.1837E+04
   #    586671  8.4694E+01  1.2200E-04  1.1867E+04
   #    587031  8.4738E+01  1.2183E-04  1.1897E+04
   #    587401  8.4783E+01  1.2165E-04  1.1927E+04
   #    587770  8.4828E+01  1.2154E-04  1.1957E+04
   #    588132  8.4872E+01  1.2147E-04  1.1987E+04
   #    588480  8.4914E+01  1.2143E-04  1.2017E+04
   #    588834  8.4957E+01  1.2136E-04  1.2047E+04
   #    589193  8.5001E+01  1.2126E-04  1.2077E+04
   #    589551  8.5044E+01  1.2111E-04  1.2107E+04
   #    589909  8.5088E+01  1.2098E-04  1.2137E+04
   #    590250  8.5129E+01  1.2088E-04  1.2167E+04
   #    590587  8.5170E+01  1.2079E-04  1.2198E+04
   #    590925  8.5210E+01  1.2072E-04  1.2228E+04
   #    591263  8.5251E+01  1.2058E-04  1.2258E+04
   #    591601  8.5292E+01  1.2037E-04  1.2288E+04
   #    591929  8.5331E+01  1.1995E-04  1.2318E+04
   #    592267  8.5372E+01  1.1935E-04  1.2348E+04
   #    592597  8.5411E+01  1.1859E-04  1.2378E+04
   #    592933  8.5451E+01  1.1790E-04  1.2408E+04
   #    593269  8.5490E+01  1.1741E-04  1.2438E+04
   #    593595  8.5528E+01  1.1679E-04  1.2468E+04
   #    593932  8.5568E+01  1.1611E-04  1.2498E+04
   #    594269  8.5607E+01  1.1549E-04  1.2528E+04
   #    594605  8.5645E+01  1.1499E-04  1.2558E+04
   #    594941  8.5684E+01  1.1454E-04  1.2588E+04
   #    595268  8.5721E+01  1.1403E-04  1.2618E+04
   #    595605  8.5760E+01  1.1350E-04  1.2648E+04
   #    595935  8.5797E+01  1.1299E-04  1.2678E+04
   #    596273  8.5835E+01  1.1247E-04  1.2709E+04
   #    596610  8.5873E+01  1.1209E-04  1.2739E+04
   #    596938  8.5909E+01  1.1168E-04  1.2769E+04
   #    597275  8.5947E+01  1.1122E-04  1.2799E+04
   #    597612  8.5984E+01  1.1074E-04  1.2829E+04
   #    597949  8.6022E+01  1.1029E-04  1.2859E+04
   #    598286  8.6059E+01  1.0985E-04  1.2889E+04
   #    598623  8.6096E+01  1.0942E-04  1.2919E+04
   #    598950  8.6131E+01  1.0901E-04  1.2949E+04
   #    599281  8.6167E+01  1.0863E-04  1.2979E+04
   #    599601  8.6202E+01  1.0827E-04  1.3009E+04
   #    599933  8.6238E+01  1.0790E-04  1.3039E+04
   #    600271  8.6274E+01  1.0757E-04  1.3069E+04
   #    600598  8.6309E+01  1.0728E-04  1.3099E+04
   #    600930  8.6345E+01  1.0702E-04  1.3129E+04
   #    601262  8.6381E+01  1.0684E-04  1.3159E+04
   #    601594  8.6416E+01  1.0672E-04  1.3189E+04
   #    601932  8.6452E+01  1.0665E-04  1.3219E+04
   #    602268  8.6488E+01  1.0647E-04  1.3249E+04
   #    602593  8.6522E+01  1.0622E-04  1.3279E+04
   #    602928  8.6558E+01  1.0599E-04  1.3309E+04
   #    603255  8.6593E+01  1.0577E-04  1.3339E+04
   #    603590  8.6628E+01  1.0559E-04  1.3369E+04
   #    603925  8.6663E+01  1.0545E-04  1.3400E+04
   #    604266  8.6699E+01  1.0527E-04  1.3430E+04
   #    604595  8.6734E+01  1.0508E-04  1.3460E+04
   #    604932  8.6769E+01  1.0491E-04  1.3490E+04
   #    605270  8.6805E+01  1.0476E-04  1.3520E+04
   #    605608  8.6840E+01  1.0464E-04  1.3550E+04
   #    605940  8.6875E+01  1.0455E-04  1.3580E+04
   #    606255  8.6908E+01  1.0447E-04  1.3610E+04
   #    606578  8.6941E+01  1.0439E-04  1.3640E+04
   #    606896  8.6974E+01  1.0431E-04  1.3670E+04
   #    607226  8.7009E+01  1.0423E-04  1.3700E+04
   #    607561  8.7044E+01  1.0415E-04  1.3730E+04
   #    607896  8.7079E+01  1.0408E-04  1.3760E+04
   #    608221  8.7112E+01  1.0398E-04  1.3790E+04
   #    608556  8.7147E+01  1.0389E-04  1.3820E+04
   #    608889  8.7182E+01  1.0382E-04  1.3850E+04
   #    609218  8.7216E+01  1.0379E-04  1.3880E+04
   #    609547  8.7250E+01  1.0379E-04  1.3910E+04
   #    609878  8.7284E+01  1.0384E-04  1.3940E+04
   #    610203  8.7318E+01  1.0393E-04  1.3970E+04
   #    610531  8.7352E+01  1.0406E-04  1.4000E+04
   #    610866  8.7387E+01  1.0411E-04  1.4030E+04
   #    611199  8.7422E+01  1.0417E-04  1.4060E+04
   #    611525  8.7456E+01  1.0427E-04  1.4091E+04
   #    611850  8.7490E+01  1.0437E-04  1.4121E+04
   #    612167  8.7523E+01  1.0448E-04  1.4151E+04
   #    612492  8.7557E+01  1.0457E-04  1.4181E+04
   #    612817  8.7591E+01  1.0464E-04  1.4211E+04
   #    613142  8.7625E+01  1.0471E-04  1.4241E+04
   #    613467  8.7659E+01  1.0480E-04  1.4271E+04
   #    613786  8.7692E+01  1.0490E-04  1.4301E+04
   #    614102  8.7725E+01  1.0498E-04  1.4331E+04
   #    614427  8.7760E+01  1.0506E-04  1.4361E+04
   #    614757  8.7794E+01  1.0515E-04  1.4391E+04
   #    615090  8.7829E+01  1.0526E-04  1.4421E+04
   #    615422  8.7864E+01  1.0539E-04  1.4451E+04
   #    615754  8.7899E+01  1.0556E-04  1.4481E+04
   #    616077  8.7933E+01  1.0572E-04  1.4511E+04
   #    616408  8.7968E+01  1.0588E-04  1.4541E+04
   #    616744  8.8004E+01  1.0604E-04  1.4571E+04
   #    617079  8.8039E+01  1.0622E-04  1.4601E+04
   #    617404  8.8074E+01  1.0639E-04  1.4631E+04
   #    617727  8.8108E+01  1.0657E-04  1.4662E+04
   #    618059  8.8144E+01  1.0677E-04  1.4692E+04
   #    618392  8.8179E+01  1.0699E-04  1.4722E+04
   #    618725  8.8215E+01  1.0722E-04  1.4752E+04
   #    619054  8.8250E+01  1.0739E-04  1.4782E+04
   #    619383  8.8286E+01  1.0750E-04  1.4812E+04
   #    619702  8.8320E+01  1.0763E-04  1.4842E+04
   #    620032  8.8356E+01  1.0778E-04  1.4872E+04
   #    620361  8.8391E+01  1.0793E-04  1.4902E+04
   #    620691  8.8427E+01  1.0806E-04  1.4932E+04
   #    621013  8.8461E+01  1.0819E-04  1.4962E+04
   #    621342  8.8497E+01  1.0833E-04  1.4992E+04
   #    621662  8.8532E+01  1.0851E-04  1.5022E+04
   #    621992  8.8568E+01  1.0867E-04  1.5052E+04
   #    622322  8.8603E+01  1.0877E-04  1.5082E+04
   #    622651  8.8639E+01  1.0895E-04  1.5112E+04
   #    622980  8.8675E+01  1.0910E-04  1.5142E+04
   #    623300  8.8710E+01  1.0933E-04  1.5172E+04
   #    623630  8.8746E+01  1.0960E-04  1.5202E+04
   #    623958  8.8782E+01  1.0990E-04  1.5232E+04
   #    624285  8.8818E+01  1.1028E-04  1.5262E+04
   #    624605  8.8853E+01  1.1067E-04  1.5292E+04
   #    624932  8.8890E+01  1.1106E-04  1.5323E+04
   #    625250  8.8925E+01  1.1148E-04  1.5353E+04
   #    625577  8.8962E+01  1.1185E-04  1.5383E+04
   #    625904  8.8998E+01  1.1225E-04  1.5413E+04
   #    626231  8.9035E+01  1.1261E-04  1.5443E+04
   #    626558  8.9072E+01  1.1299E-04  1.5473E+04
   #    626875  8.9108E+01  1.1337E-04  1.5503E+04
   #    627202  8.9145E+01  1.1375E-04  1.5533E+04
   #    627529  8.9182E+01  1.1410E-04  1.5563E+04
   #    627855  8.9219E+01  1.1447E-04  1.5593E+04
   #    628173  8.9256E+01  1.1481E-04  1.5623E+04
   #    628499  8.9293E+01  1.1515E-04  1.5653E+04
   #    628815  8.9330E+01  1.1545E-04  1.5683E+04
   #    629139  8.9367E+01  1.1571E-04  1.5713E+04
   #    629463  8.9405E+01  1.1595E-04  1.5743E+04
   #    629787  8.9442E+01  1.1621E-04  1.5773E+04
   #    630110  8.9480E+01  1.1648E-04  1.5803E+04
   #    630424  8.9516E+01  1.1672E-04  1.5833E+04
   #    630748  8.9554E+01  1.1698E-04  1.5863E+04
   #    631072  8.9592E+01  1.1721E-04  1.5893E+04
   #    631396  8.9630E+01  1.1743E-04  1.5923E+04
   #    631713  8.9667E+01  1.1769E-04  1.5953E+04
   #    632037  8.9706E+01  1.1799E-04  1.5984E+04
   #    632351  8.9743E+01  1.1826E-04  1.6014E+04
   #    632675  8.9781E+01  1.1844E-04  1.6044E+04
   #    632999  8.9819E+01  1.1859E-04  1.6074E+04
   #    633323  8.9858E+01  1.1872E-04  1.6104E+04
   #    633647  8.9896E+01  1.1886E-04  1.6134E+04
   #    633962  8.9934E+01  1.1900E-04  1.6164E+04
   #    634288  8.9973E+01  1.1912E-04  1.6194E+04
   #    634614  9.0011E+01  1.1922E-04  1.6224E+04
   #    634934  9.0049E+01  1.1933E-04  1.6254E+04
   #    635260  9.0088E+01  1.1943E-04  1.6284E+04
   #    635576  9.0126E+01  1.1955E-04  1.6314E+04
   #    635902  9.0165E+01  1.1967E-04  1.6344E+04
   #    636228  9.0204E+01  1.1979E-04  1.6374E+04
   #    636554  9.0243E+01  1.1988E-04  1.6404E+04
   #    636880  9.0282E+01  1.1999E-04  1.6434E+04
   #    637197  9.0320E+01  1.2010E-04  1.6465E+04
   #    637523  9.0360E+01  1.2023E-04  1.6495E+04
   #    637849  9.0399E+01  1.2036E-04  1.6525E+04
   #    638197  9.0441E+01  1.2050E-04  1.6555E+04
   #    638540  9.0482E+01  1.2067E-04  1.6585E+04
   #    638880  9.0523E+01  1.2085E-04  1.6615E+04
   #    639231  9.0566E+01  1.2102E-04  1.6645E+04
   #    639582  9.0608E+01  1.2117E-04  1.6675E+04
   #    639932  9.0650E+01  1.2079E-04  1.6705E+04
   #    640282  9.0693E+01  1.2022E-04  1.6735E+04
   #    640621  9.0733E+01  1.1967E-04  1.6765E+04
   #    640972  9.0775E+01  1.1916E-04  1.6795E+04
   #    641323  9.0817E+01  1.1870E-04  1.6825E+04
   #    641674  9.0858E+01  1.1825E-04  1.6855E+04
   #    642024  9.0900E+01  1.1785E-04  1.6885E+04
   #    642357  9.0939E+01  1.1748E-04  1.6915E+04
   #    642708  9.0980E+01  1.1710E-04  1.6945E+04
   #    643058  9.1021E+01  1.1677E-04  1.6975E+04
   #    643408  9.1062E+01  1.1649E-04  1.7005E+04
   #    643756  9.1102E+01  1.1627E-04  1.7035E+04
   #    644094  9.1141E+01  1.1603E-04  1.7065E+04
   #    644441  9.1182E+01  1.1582E-04  1.7095E+04
   #    644788  9.1222E+01  1.1565E-04  1.7125E+04
   #    645135  9.1262E+01  1.1550E-04  1.7155E+04
   #    645482  9.1302E+01  1.1535E-04  1.7185E+04
   #    645819  9.1341E+01  1.1519E-04  1.7215E+04
   #    646159  9.1380E+01  1.1498E-04  1.7245E+04
   #    646506  9.1420E+01  1.1475E-04  1.7275E+04
   #    646853  9.1460E+01  1.1449E-04  1.7306E+04
   #    647200  9.1499E+01  1.1421E-04  1.7336E+04
   #    647538  9.1538E+01  1.1396E-04  1.7366E+04
   #    647885  9.1577E+01  1.1369E-04  1.7396E+04
   #    648232  9.1617E+01  1.1345E-04  1.7426E+04
   #    648579  9.1656E+01  1.1326E-04  1.7456E+04
   #    648926  9.1695E+01  1.1316E-04  1.7486E+04
   #    649262  9.1733E+01  1.1315E-04  1.7516E+04
   #    649609  9.1772E+01  1.1324E-04  1.7546E+04
   #    649949  9.1811E+01  1.1337E-04  1.7576E+04
   #    650296  9.1850E+01  1.1350E-04  1.7606E+04
   #    650643  9.1890E+01  1.1363E-04  1.7636E+04
   #    650980  9.1928E+01  1.1379E-04  1.7666E+04
   #    651328  9.1968E+01  1.1393E-04  1.7696E+04
   #    651676  9.2007E+01  1.1409E-04  1.7726E+04
   #    652024  9.2047E+01  1.1426E-04  1.7756E+04
   #    652372  9.2087E+01  1.1432E-04  1.7786E+04
   #    652709  9.2125E+01  1.1390E-04  1.7816E+04
   #    653057  9.2165E+01  1.1331E-04  1.7846E+04
   #    653398  9.2203E+01  1.1280E-04  1.7876E+04
   #    653746  9.2242E+01  1.1245E-04  1.7906E+04
   #    654093  9.2281E+01  1.1229E-04  1.7937E+04
   #    654430  9.2319E+01  1.1236E-04  1.7967E+04
   #    654778  9.2358E+01  1.1254E-04  1.7997E+04
   #    655126  9.2398E+01  1.1299E-04  1.8027E+04
   #    655480  9.2438E+01  1.1348E-04  1.8057E+04
   #    655834  9.2478E+01  1.1407E-04  1.8087E+04
   #    656176  9.2517E+01  1.1480E-04  1.8117E+04
   #    656528  9.2558E+01  1.1556E-04  1.8147E+04
   #    656880  9.2598E+01  1.1620E-04  1.8177E+04
   #    657220  9.2638E+01  1.1689E-04  1.8207E+04
   #    657566  9.2679E+01  1.1749E-04  1.8237E+04
   #    657904  9.2718E+01  1.1799E-04  1.8267E+04
   #    658258  9.2760E+01  1.1832E-04  1.8297E+04
   #    658612  9.2802E+01  1.1843E-04  1.8327E+04
   #    658971  9.2845E+01  1.1852E-04  1.8357E+04
   #    659332  9.2887E+01  1.1862E-04  1.8387E+04
   #    659683  9.2929E+01  1.1876E-04  1.8417E+04
   #    660045  9.2972E+01  1.1890E-04  1.8447E+04
   #    660407  9.3015E+01  1.1902E-04  1.8477E+04
   #    660769  9.3058E+01  1.1914E-04  1.8507E+04
   #    661122  9.3100E+01  1.1930E-04  1.8537E+04
   #    661473  9.3142E+01  1.1953E-04  1.8567E+04
   #    661825  9.3184E+01  1.1976E-04  1.8597E+04
   #    662175  9.3226E+01  1.1996E-04  1.8628E+04
   #    662525  9.3268E+01  1.2013E-04  1.8658E+04
   #    662865  9.3309E+01  1.2028E-04  1.8688E+04
   #    663224  9.3352E+01  1.2043E-04  1.8718E+04
   #    663584  9.3396E+01  1.2055E-04  1.8748E+04
   #    663943  9.3439E+01  1.2067E-04  1.8778E+04
   #    664302  9.3482E+01  1.2078E-04  1.8808E+04
   #    664651  9.3524E+01  1.2101E-04  1.8838E+04
   #    665003  9.3567E+01  1.2109E-04  1.8868E+04
   #    665362  9.3610E+01  1.2131E-04  1.8898E+04
   #    665721  9.3654E+01  1.2167E-04  1.8928E+04
   #    666080  9.3698E+01  1.2207E-04  1.8958E+04
   #    666428  9.3740E+01  1.2238E-04  1.8988E+04
   #    666787  9.3784E+01  1.2255E-04  1.9018E+04
   #    667146  9.3828E+01  1.2288E-04  1.9048E+04
   #    667505  9.3872E+01  1.2318E-04  1.9078E+04
   #    667855  9.3916E+01  1.2319E-04  1.9108E+04
   #    668213  9.3960E+01  1.2322E-04  1.9138E+04
   #    668569  9.4003E+01  1.2329E-04  1.9168E+04
   #    668917  9.4046E+01  1.2339E-04  1.9198E+04
   #    669273  9.4090E+01  1.2351E-04  1.9228E+04
   #    669616  9.4133E+01  1.2362E-04  1.9258E+04
   #    669972  9.4177E+01  1.2371E-04  1.9288E+04
   #    670328  9.4221E+01  1.2378E-04  1.9318E+04
   #    670686  9.4265E+01  1.2384E-04  1.9348E+04
   #    671044  9.4309E+01  1.2387E-04  1.9379E+04
   #    671402  9.4354E+01  1.2389E-04  1.9409E+04
   #    671760  9.4398E+01  1.2389E-04  1.9439E+04
   #    672118  9.4442E+01  1.2389E-04  1.9470E+04
   #    672476  9.4487E+01  1.2387E-04  1.9500E+04
   #    672816  9.4529E+01  1.2384E-04  1.9530E+04
   #    673174  9.4573E+01  1.2379E-04  1.9560E+04
   #    673532  9.4617E+01  1.2373E-04  1.9590E+04
   #    673890  9.4662E+01  1.2368E-04  1.9620E+04
   #    674248  9.4706E+01  1.2368E-04  1.9650E+04
   #    674595  9.4749E+01  1.2367E-04  1.9680E+04
   #    674953  9.4793E+01  1.2363E-04  1.9710E+04
   #    675311  9.4837E+01  1.2360E-04  1.9740E+04
   #    675669  9.4882E+01  1.2354E-04  1.9770E+04
   #    676016  9.4924E+01  1.2351E-04  1.9800E+04
   #    676363  9.4967E+01  1.2348E-04  1.9830E+04
   #    676715  9.5011E+01  1.2345E-04  1.9860E+04
   #    677066  9.5054E+01  1.2345E-04  1.9890E+04
   #    677419  9.5098E+01  1.2347E-04  1.9920E+04
   #    677761  9.5140E+01  1.2347E-04  1.9950E+04
   #    678114  9.5183E+01  1.2346E-04  1.9980E+04
   #    678466  9.5227E+01  1.2343E-04  2.0010E+04
   #    678819  9.5270E+01  1.2339E-04  2.0040E+04
   #    679161  9.5313E+01  1.2333E-04  2.0070E+04
   #    679514  9.5356E+01  1.2327E-04  2.0100E+04
   #    679869  9.5400E+01  5.9332E-05  2.0130E+04
   #    680218  9.5443E+01  1.2319E-04  2.0161E+04
   #    680564  9.5485E+01  1.2318E-04  2.0191E+04
   #    680900  9.5527E+01  1.2317E-04  2.0221E+04
   #    681244  9.5569E+01  1.2319E-04  2.0251E+04
   #    681586  9.5611E+01  1.2318E-04  2.0281E+04
   #    681928  9.5653E+01  1.2320E-04  2.0311E+04
   #    682270  9.5696E+01  1.2323E-04  2.0341E+04
   #    682600  9.5736E+01  1.2328E-04  2.0371E+04
   #    682942  9.5778E+01  1.2333E-04  2.0401E+04
   #    683284  9.5821E+01  1.2338E-04  2.0431E+04
   #    683625  9.5863E+01  1.2341E-04  2.0461E+04
   #    683959  9.5904E+01  1.2339E-04  2.0491E+04
   #    684291  9.5945E+01  1.2334E-04  2.0521E+04
   #    684632  9.5987E+01  1.2328E-04  2.0551E+04
   #    684974  9.6029E+01  1.2325E-04  2.0581E+04
   #    685316  9.6071E+01  1.2324E-04  2.0611E+04
   #    685650  9.6112E+01  1.2323E-04  2.0641E+04
   #    685995  9.6155E+01  1.2319E-04  2.0671E+04
   #    686340  9.6197E+01  1.2316E-04  2.0701E+04
   #    686683  9.6239E+01  1.2315E-04  2.0731E+04
   #    687025  9.6282E+01  1.2317E-04  2.0761E+04
   #    687357  9.6322E+01  1.2319E-04  2.0791E+04
   #    687692  9.6364E+01  1.2324E-04  2.0821E+04
   #    688034  9.6406E+01  1.2329E-04  2.0852E+04
   #    688375  9.6448E+01  1.2333E-04  2.0882E+04
   #    688716  9.6490E+01  1.2337E-04  2.0912E+04
   #    689047  9.6531E+01  1.2339E-04  2.0942E+04
   #    689389  9.6573E+01  1.2343E-04  2.0972E+04
   #    689730  9.6615E+01  1.2347E-04  2.1002E+04
   #    690071  9.6657E+01  1.2349E-04  2.1032E+04
   #    690412  9.6699E+01  1.2352E-04  2.1062E+04
   #    690744  9.6740E+01  1.2349E-04  2.1092E+04
   #    691085  9.6782E+01  1.2339E-04  2.1122E+04
   #    691419  9.6823E+01  1.2329E-04  2.1152E+04
   #    691759  9.6865E+01  1.2308E-04  2.1182E+04
   #    692099  9.6907E+01  1.2287E-04  2.1212E+04
   #    692430  9.6948E+01  1.2268E-04  2.1242E+04
   #    692771  9.6990E+01  1.2250E-04  2.1272E+04
   #    693112  9.7031E+01  1.2233E-04  2.1302E+04
   #    693453  9.7073E+01  1.2218E-04  2.1332E+04
   #    693784  9.7113E+01  1.2205E-04  2.1362E+04
   #    694126  9.7155E+01  1.2192E-04  2.1392E+04
   #    694468  9.7197E+01  1.2181E-04  2.1422E+04
   #    694801  9.7237E+01  1.2168E-04  2.1452E+04
   #    695142  9.7279E+01  1.2155E-04  2.1483E+04
   #    695473  9.7319E+01  1.2134E-04  2.1513E+04
   #    695815  9.7360E+01  1.2107E-04  2.1543E+04
   #    696156  9.7402E+01  1.2086E-04  2.1573E+04
   #    696497  9.7443E+01  1.2058E-04  2.1603E+04
   #    696838  9.7484E+01  1.2025E-04  2.1633E+04
   #    697169  9.7524E+01  1.2000E-04  2.1663E+04
   #    697511  9.7565E+01  1.1980E-04  2.1693E+04
   #    697852  9.7605E+01  1.1960E-04  2.1723E+04
   #    698194  9.7646E+01  1.1937E-04  2.1753E+04
   #    698532  9.7687E+01  1.1913E-04  2.1783E+04
   #    698868  9.7727E+01  1.1889E-04  2.1813E+04
   #    699214  9.7768E+01  1.1868E-04  2.1843E+04
   #    699560  9.7809E+01  1.1852E-04  2.1873E+04
   #    699907  9.7850E+01  1.1839E-04  2.1903E+04
   #    700255  9.7891E+01  1.1827E-04  2.1933E+04
   #    700592  9.7931E+01  1.1818E-04  2.1963E+04
   #    700939  9.7972E+01  1.1808E-04  2.1993E+04
   #    701287  9.8013E+01  1.1787E-04  2.2023E+04
   #    701635  9.8054E+01  1.1762E-04  2.2053E+04
   #    701983  9.8095E+01  1.1744E-04  2.2083E+04
   #    702314  9.8133E+01  1.1722E-04  2.2113E+04
   #    702662  9.8174E+01  1.1706E-04  2.2143E+04
   #    703012  9.8215E+01  1.1693E-04  2.2174E+04
   #    703361  9.8256E+01  1.1686E-04  2.2204E+04
   #    703710  9.8297E+01  1.1677E-04  2.2234E+04
   #    704048  9.8336E+01  1.1670E-04  2.2264E+04
   #    704394  9.8376E+01  1.1662E-04  2.2294E+04
   #    704740  9.8417E+01  1.1656E-04  2.2324E+04
   #    705086  9.8457E+01  1.1653E-04  2.2354E+04
   #    705432  9.8497E+01  1.1651E-04  2.2384E+04
   #    705768  9.8537E+01  1.1652E-04  2.2414E+04
   #    706107  9.8576E+01  1.1656E-04  2.2444E+04
   #    706453  9.8616E+01  1.1659E-04  2.2474E+04
   #    706799  9.8657E+01  1.1657E-04  2.2504E+04
   #    707145  9.8697E+01  1.1653E-04  2.2534E+04
   #    707481  9.8736E+01  1.1644E-04  2.2564E+04
   #    707827  9.8776E+01  1.1631E-04  2.2594E+04
   #    708173  9.8817E+01  1.1628E-04  2.2624E+04
   #    708519  9.8857E+01  1.1629E-04  2.2654E+04
   #    708866  9.8897E+01  1.1630E-04  2.2684E+04
   #    709205  9.8937E+01  1.1628E-04  2.2714E+04
   #    709553  9.8977E+01  1.1627E-04  2.2745E+04
   #    709894  9.9017E+01  1.1627E-04  2.2775E+04
   #    710242  9.9057E+01  1.1630E-04  2.2805E+04
   #    710590  9.9098E+01  1.1634E-04  2.2835E+04
   #    710928  9.9137E+01  1.1635E-04  2.2865E+04
   #    711275  9.9177E+01  1.1632E-04  2.2895E+04
   #    711623  9.9218E+01  1.1624E-04  2.2925E+04
   #    711971  9.9258E+01  1.1616E-04  2.2955E+04
   #    712314  9.9298E+01  1.1604E-04  2.2985E+04
   #    712637  9.9335E+01  1.1592E-04  2.3015E+04
   #    712962  9.9373E+01  1.1578E-04  2.3045E+04
   #    713285  9.9410E+01  1.1563E-04  2.3075E+04
   #    713606  9.9447E+01  1.1540E-04  2.3105E+04
   #    713934  9.9485E+01  1.1519E-04  2.3135E+04
   #    714249  9.9522E+01  1.1501E-04  2.3165E+04
   #    714572  9.9559E+01  1.1488E-04  2.3195E+04
   #    714895  9.9596E+01  1.1476E-04  2.3225E+04
   #    715217  9.9633E+01  1.1456E-04  2.3255E+04
   #    715540  9.9670E+01  1.1437E-04  2.3285E+04
   #    715862  9.9706E+01  1.1411E-04  2.3315E+04
   #    716175  9.9742E+01  1.1378E-04  2.3346E+04
   #    716497  9.9779E+01  1.1345E-04  2.3376E+04
   #    716812  9.9814E+01  1.1318E-04  2.3406E+04
   #    717134  9.9851E+01  1.1292E-04  2.3436E+04
   #    717455  9.9887E+01  1.1271E-04  2.3466E+04
   #    717768  9.9922E+01  1.1255E-04  2.3496E+04
   #    718090  9.9958E+01  1.1240E-04  2.3526E+04
   #    718412  9.9995E+01  1.1230E-04  2.3556E+04
   #    718734  1.0003E+02  1.1221E-04  2.3586E+04
   #    719056  1.0007E+02  1.1211E-04  2.3616E+04
   #    719378  1.0010E+02  1.1200E-04  2.3646E+04
   #    719692  1.0014E+02  1.1190E-04  2.3676E+04
   #    720014  1.0017E+02  1.1173E-04  2.3706E+04
   #    720329  1.0021E+02  1.1154E-04  2.3736E+04
   #    720651  1.0025E+02  1.1133E-04  2.3766E+04
   #    720973  1.0028E+02  1.1118E-04  2.3796E+04
   #    721285  1.0032E+02  1.1108E-04  2.3826E+04
   #    721607  1.0035E+02  1.1102E-04  2.3856E+04
   #    721929  1.0039E+02  1.1097E-04  2.3886E+04
   #    722250  1.0042E+02  1.1095E-04  2.3917E+04
   #    722571  1.0046E+02  1.1095E-04  2.3947E+04
   #    722892  1.0049E+02  1.1096E-04  2.3977E+04
   #    723205  1.0053E+02  1.1102E-04  2.4007E+04
   #    723526  1.0056E+02  1.1113E-04  2.4037E+04
   #    723840  1.0060E+02  1.1126E-04  2.4067E+04
   #    724161  1.0063E+02  1.1140E-04  2.4097E+04
   #    724482  1.0067E+02  1.1158E-04  2.4127E+04
   #    724803  1.0071E+02  1.1174E-04  2.4157E+04
   #    725115  1.0074E+02  1.1187E-04  2.4187E+04
   #    725435  1.0078E+02  1.1200E-04  2.4217E+04
   #    725756  1.0081E+02  1.1212E-04  2.4247E+04
   #    726077  1.0085E+02  1.1226E-04  2.4277E+04
   #    726398  1.0089E+02  1.1235E-04  2.4307E+04
   #    726709  1.0092E+02  1.1242E-04  2.4337E+04
   #    727029  1.0096E+02  1.1247E-04  2.4367E+04
   #    727343  1.0099E+02  1.1251E-04  2.4397E+04
   #    727663  1.0103E+02  1.1253E-04  2.4427E+04
   #    727988  1.0106E+02  1.1258E-04  2.4457E+04
   #    728315  1.0110E+02  1.1261E-04  2.4487E+04
   #    728632  1.0114E+02  1.1260E-04  2.4517E+04
   #    728959  1.0117E+02  1.1258E-04  2.4547E+04
   #    729286  1.0121E+02  1.1253E-04  2.4577E+04
   #    729613  1.0125E+02  1.1245E-04  2.4607E+04
   #    729940  1.0128E+02  1.1234E-04  2.4638E+04
   #    730257  1.0132E+02  1.1220E-04  2.4668E+04
   #    730584  1.0136E+02  1.1207E-04  2.4698E+04
   #    730904  1.0139E+02  1.1191E-04  2.4728E+04
   #    731231  1.0143E+02  1.1168E-04  2.4758E+04
   #    731558  1.0146E+02  1.1148E-04  2.4788E+04
   #    731887  1.0150E+02  1.1134E-04  2.4818E+04
   #    732209  1.0154E+02  1.1109E-04  2.4848E+04
   #    732539  1.0157E+02  1.1089E-04  2.4878E+04
   #    732870  1.0161E+02  1.1070E-04  2.4908E+04
   #    733201  1.0165E+02  1.1055E-04  2.4938E+04
   #    733532  1.0168E+02  1.1041E-04  2.4968E+04
   #    733853  1.0172E+02  1.1030E-04  2.4998E+04
   #    734176  1.0175E+02  1.1019E-04  2.5028E+04
   #    734507  1.0179E+02  1.1007E-04  2.5058E+04
   #    734837  1.0183E+02  1.0992E-04  2.5088E+04
   #    735157  1.0186E+02  1.0970E-04  2.5118E+04
   #    735475  1.0190E+02  1.0948E-04  2.5148E+04
   #    735785  1.0193E+02  1.0927E-04  2.5179E+04
   #    736103  1.0197E+02  1.0907E-04  2.5209E+04
   #    736421  1.0200E+02  1.0889E-04  2.5239E+04
   #    736739  1.0204E+02  1.0872E-04  2.5269E+04
   #    737057  1.0207E+02  1.0857E-04  2.5299E+04
   #    737375  1.0210E+02  1.0846E-04  2.5329E+04
   #    737677  1.0214E+02  1.0838E-04  2.5359E+04
   #    737995  1.0217E+02  1.0829E-04  2.5389E+04
   #    738313  1.0221E+02  1.0819E-04  2.5419E+04
   #    738631  1.0224E+02  1.0808E-04  2.5449E+04
   #    738949  1.0227E+02  1.0795E-04  2.5479E+04
   #    739267  1.0231E+02  1.0779E-04  2.5509E+04
   #    739575  1.0234E+02  1.0765E-04  2.5539E+04
   #    739893  1.0238E+02  1.0752E-04  2.5569E+04
   #    740211  1.0241E+02  1.0742E-04  2.5599E+04
   #    740529  1.0244E+02  1.0738E-04  2.5629E+04
   #    740847  1.0248E+02  1.0740E-04  2.5659E+04
   #    741154  1.0251E+02  1.0746E-04  2.5690E+04
   #    741476  1.0255E+02  1.0758E-04  2.5720E+04
   #    741799  1.0258E+02  1.0767E-04  2.5750E+04
   #    742122  1.0262E+02  1.0777E-04  2.5780E+04
   #    742445  1.0265E+02  1.0789E-04  2.5810E+04
   #    742768  1.0269E+02  1.0800E-04  2.5840E+04
   #    743081  1.0272E+02  1.0806E-04  2.5870E+04
   #    743404  1.0275E+02  1.0810E-04  2.5900E+04
   #    743727  1.0279E+02  1.0814E-04  2.5930E+04
   #    744054  1.0282E+02  1.0820E-04  2.5960E+04
   #    744382  1.0286E+02  1.0831E-04  2.5990E+04
   #    744703  1.0289E+02  1.0837E-04  2.6020E+04
   #    745021  1.0293E+02  1.0843E-04  2.6050E+04
   #    745349  1.0296E+02  1.0850E-04  2.6080E+04
   #    745677  1.0300E+02  1.0861E-04  2.6111E+04
   #    746005  1.0304E+02  1.0869E-04  2.6141E+04
   #    746333  1.0307E+02  1.0875E-04  2.6171E+04
   #    746661  1.0311E+02  1.0878E-04  2.6201E+04
   #    746979  1.0314E+02  1.0883E-04  2.6231E+04
   #    747307  1.0318E+02  1.0888E-04  2.6261E+04
   #    747634  1.0321E+02  1.0889E-04  2.6291E+04
   #    747961  1.0325E+02  1.0886E-04  2.6321E+04
   #    748280  1.0328E+02  1.0880E-04  2.6351E+04
   #    748597  1.0332E+02  1.0872E-04  2.6381E+04
   #    748924  1.0335E+02  1.0860E-04  2.6411E+04
   #    749251  1.0339E+02  1.0845E-04  2.6441E+04
   #    749578  1.0342E+02  1.0829E-04  2.6471E+04
   #    749905  1.0346E+02  1.0819E-04  2.6501E+04
   #    750232  1.0350E+02  1.0810E-04  2.6531E+04
   #    750549  1.0353E+02  1.0799E-04  2.6562E+04
   #    750873  1.0356E+02  1.0790E-04  2.6592E+04
   #    751198  1.0360E+02  1.0783E-04  2.6622E+04
   #    751515  1.0363E+02  1.0777E-04  2.6652E+04
   #    751840  1.0367E+02  1.0773E-04  2.6682E+04
   #    752165  1.0370E+02  1.0771E-04  2.6712E+04
   #    752481  1.0374E+02  1.0763E-04  2.6742E+04
   #    752804  1.0377E+02  1.0746E-04  2.6772E+04
   #    753124  1.0381E+02  1.0729E-04  2.6802E+04
   #    753443  1.0384E+02  1.0708E-04  2.6832E+04
   #    753763  1.0387E+02  1.0685E-04  2.6862E+04
   #    754082  1.0391E+02  1.0661E-04  2.6892E+04
   #    754392  1.0394E+02  1.0637E-04  2.6922E+04
   #    754711  1.0398E+02  1.0617E-04  2.6952E+04
   #    755024  1.0401E+02  1.0603E-04  2.6982E+04
   #    755344  1.0404E+02  1.0592E-04  2.7012E+04
   #    755664  1.0408E+02  1.0583E-04  2.7042E+04
   #    755983  1.0411E+02  1.0576E-04  2.7072E+04
   #    756292  1.0414E+02  1.0570E-04  2.7102E+04
   #    756611  1.0418E+02  1.0562E-04  2.7132E+04
   #    756930  1.0421E+02  1.0556E-04  2.7162E+04
   #    757249  1.0424E+02  1.0550E-04  2.7193E+04
   #    757568  1.0428E+02  1.0546E-04  2.7223E+04
   #    757887  1.0431E+02  1.0544E-04  2.7253E+04
   #    758197  1.0434E+02  1.0544E-04  2.7283E+04
   #    758509  1.0438E+02  1.0545E-04  2.7313E+04
   #    758828  1.0441E+02  1.0546E-04  2.7343E+04
   #    759147  1.0444E+02  1.0548E-04  2.7373E+04
   #    759466  1.0448E+02  1.0552E-04  2.7403E+04
   #    759786  1.0451E+02  1.0557E-04  2.7433E+04
   #    760099  1.0454E+02  1.0562E-04  2.7463E+04
   #    760418  1.0458E+02  1.0567E-04  2.7493E+04
   #    760738  1.0461E+02  1.0574E-04  2.7523E+04
   #    761057  1.0465E+02  1.0583E-04  2.7553E+04
   #    761376  1.0468E+02  1.0593E-04  2.7583E+04
   #    761686  1.0471E+02  1.0602E-04  2.7613E+04
   #    761998  1.0475E+02  1.0613E-04  2.7643E+04
   #    762317  1.0478E+02  1.0625E-04  2.7673E+04
   #    762636  1.0481E+02  1.0638E-04  2.7703E+04
   #    762955  1.0485E+02  1.0648E-04  2.7733E+04
   #    763274  1.0488E+02  1.0660E-04  2.7763E+04
   #    763584  1.0491E+02  1.0668E-04  2.7793E+04
   #    763903  1.0495E+02  1.0670E-04  2.7823E+04
   #    764222  1.0498E+02  1.0669E-04  2.7853E+04
   #    764542  1.0502E+02  1.0667E-04  2.7884E+04
   #    764861  1.0505E+02  1.0665E-04  2.7914E+04
   #    765180  1.0508E+02  1.0660E-04  2.7944E+04
   #    765485  1.0512E+02  1.0651E-04  2.7974E+04
   #    765807  1.0515E+02  1.0637E-04  2.8004E+04
   #    766129  1.0519E+02  1.0620E-04  2.8034E+04
   #    766450  1.0522E+02  1.0602E-04  2.8064E+04
   #    766771  1.0525E+02  1.0581E-04  2.8094E+04
   #    767093  1.0529E+02  1.0557E-04  2.8124E+04
   #    767404  1.0532E+02  1.0535E-04  2.8154E+04
   #    767726  1.0535E+02  1.0519E-04  2.8184E+04
   #    768048  1.0539E+02  1.0507E-04  2.8214E+04
   #    768370  1.0542E+02  1.0498E-04  2.8244E+04
   #    768692  1.0546E+02  1.0492E-04  2.8274E+04
   #    769007  1.0549E+02  1.0484E-04  2.8304E+04
   #    769319  1.0552E+02  1.0469E-04  2.8334E+04
   #    769641  1.0556E+02  1.0452E-04  2.8364E+04
   #    769965  1.0559E+02  1.0430E-04  2.8394E+04
   #    770289  1.0562E+02  1.0412E-04  2.8425E+04
   #    770612  1.0566E+02  1.0388E-04  2.8455E+04
   #    770935  1.0569E+02  1.0368E-04  2.8485E+04
   #    771249  1.0572E+02  1.0353E-04  2.8515E+04
   #    771573  1.0576E+02  1.0340E-04  2.8545E+04
   #    771896  1.0579E+02  1.0330E-04  2.8575E+04
   #    772213  1.0582E+02  1.0323E-04  2.8605E+04
   #    772537  1.0586E+02  1.0319E-04  2.8635E+04
   #    772861  1.0589E+02  1.0316E-04  2.8665E+04
   #    773175  1.0592E+02  1.0310E-04  2.8695E+04
   #    773499  1.0595E+02  1.0301E-04  2.8725E+04
   #    773823  1.0599E+02  1.0290E-04  2.8755E+04
   #    774146  1.0602E+02  1.0274E-04  2.8785E+04
   #    774470  1.0605E+02  1.0258E-04  2.8815E+04
   #    774794  1.0609E+02  1.0243E-04  2.8845E+04
   #    775108  1.0612E+02  1.0233E-04  2.8875E+04
   #    775432  1.0615E+02  1.0222E-04  2.8905E+04
   #    775748  1.0619E+02  1.0214E-04  2.8935E+04
   #    776072  1.0622E+02  1.0209E-04  2.8965E+04
   #    776396  1.0625E+02  1.0206E-04  2.8995E+04
   #    776720  1.0628E+02  1.0205E-04  2.9026E+04
   #    777034  1.0632E+02  1.0208E-04  2.9056E+04
   #    777358  1.0635E+02  1.0214E-04  2.9086E+04
   #    777682  1.0638E+02  1.0218E-04  2.9116E+04
   #    778006  1.0642E+02  1.0226E-04  2.9146E+04
   #    778330  1.0645E+02  1.0234E-04  2.9176E+04
   #    778654  1.0648E+02  1.0245E-04  2.9206E+04
   #    778968  1.0651E+02  1.0254E-04  2.9236E+04
   #    779285  1.0655E+02  1.0265E-04  2.9266E+04
   #    779609  1.0658E+02  1.0280E-04  2.9296E+04
   #    779931  1.0661E+02  1.0290E-04  2.9326E+04
   #    780254  1.0665E+02  1.0305E-04  2.9356E+04
   #    780577  1.0668E+02  1.0322E-04  2.9386E+04
   #    780894  1.0671E+02  1.0340E-04  2.9416E+04
   #    781218  1.0675E+02  1.0359E-04  2.9446E+04
   #    781541  1.0678E+02  1.0379E-04  2.9476E+04
   #    781865  1.0681E+02  1.0399E-04  2.9506E+04
   #    782189  1.0685E+02  1.0414E-04  2.9537E+04
   #    782513  1.0688E+02  1.0427E-04  2.9567E+04
   #    782821  1.0691E+02  1.0441E-04  2.9597E+04
   #    783145  1.0695E+02  1.0459E-04  2.9627E+04
   #    783469  1.0698E+02  1.0470E-04  2.9657E+04
   #    783793  1.0701E+02  1.0470E-04  2.9687E+04
   #    784117  1.0705E+02  1.0470E-04  2.9717E+04
   #    784440  1.0708E+02  1.0469E-04  2.9747E+04
   #    784755  1.0712E+02  1.0461E-04  2.9777E+04
   #    785079  1.0715E+02  1.0446E-04  2.9807E+04
   #    785402  1.0718E+02  1.0430E-04  2.9837E+04
   #    785726  1.0722E+02  1.0415E-04  2.9867E+04
   #    786050  1.0725E+02  1.0399E-04  2.9897E+04
   #    786368  1.0728E+02  1.0382E-04  2.9927E+04
   #    786682  1.0732E+02  1.0358E-04  2.9957E+04
   #    787006  1.0735E+02  1.0331E-04  2.9987E+04
   #    787329  1.0738E+02  1.0308E-04  3.0017E+04
   #    787653  1.0742E+02  1.0291E-04  3.0047E+04
   #    787976  1.0745E+02  1.0271E-04  3.0077E+04
   #    788299  1.0748E+02  1.0256E-04  3.0107E+04
   #    788613  1.0751E+02  1.0244E-04  3.0137E+04
   #    788936  1.0755E+02  1.0230E-04  3.0168E+04
   #    789260  1.0758E+02  1.0218E-04  3.0198E+04
   #    789577  1.0761E+02  1.0208E-04  3.0228E+04
   #    789901  1.0765E+02  1.0198E-04  3.0258E+04
   #    790225  1.0768E+02  1.0183E-04  3.0288E+04
   #    790552  1.0771E+02  1.0173E-04  3.0318E+04
   #    790870  1.0774E+02  1.0162E-04  3.0348E+04
   #    791203  1.0778E+02  1.0152E-04  3.0378E+04
   #    791546  1.0781E+02  1.0143E-04  3.0408E+04
   #    791887  1.0785E+02  1.0135E-04  3.0438E+04
   #    792230  1.0788E+02  1.0127E-04  3.0468E+04
   #    792570  1.0792E+02  1.0113E-04  3.0498E+04
   #    792921  1.0795E+02  1.0089E-04  3.0528E+04
   #    793268  1.0799E+02  1.0070E-04  3.0558E+04
   #    793623  1.0802E+02  1.0054E-04  3.0588E+04
   #    793978  1.0806E+02  1.0039E-04  3.0618E+04
   #    794332  1.0809E+02  1.0025E-04  3.0648E+04
   #    794676  1.0813E+02  1.0017E-04  3.0678E+04
   #    795030  1.0816E+02  1.0010E-04  3.0708E+04
   #    795384  1.0820E+02  1.0004E-04  3.0738E+04
   #    795738  1.0823E+02  9.9983E-05  3.0768E+04
   #    796092  1.0827E+02  9.9982E-05  3.0798E+04
   #    796446  1.0831E+02  1.0006E-04  3.0829E+04
   #    796792  1.0834E+02  1.0016E-04  3.0859E+04
   #    797140  1.0838E+02  1.0029E-04  3.0889E+04
   #    797497  1.0841E+02  1.0034E-04  3.0919E+04
   #    797853  1.0845E+02  1.0045E-04  3.0949E+04
   #    798209  1.0848E+02  1.0061E-04  3.0979E+04
   #    798556  1.0852E+02  1.0069E-04  3.1009E+04
   #    798912  1.0855E+02  1.0083E-04  3.1039E+04
   #    799268  1.0859E+02  1.0101E-04  3.1069E+04
   #    799623  1.0862E+02  1.0120E-04  3.1099E+04
   #    799979  1.0866E+02  1.0140E-04  3.1129E+04
   #    800335  1.0870E+02  1.0162E-04  3.1159E+04
   #    800680  1.0873E+02  1.0184E-04  3.1189E+04
   #    801028  1.0877E+02  1.0199E-04  3.1219E+04
   #    801384  1.0880E+02  1.0211E-04  3.1249E+04
   #    801740  1.0884E+02  1.0225E-04  3.1279E+04
   #    802096  1.0888E+02  1.0242E-04  3.1309E+04
   #    802451  1.0891E+02  1.0262E-04  3.1340E+04
   #    802807  1.0895E+02  1.0282E-04  3.1370E+04
   #    803163  1.0899E+02  1.0302E-04  3.1400E+04
   #    803519  1.0902E+02  1.0308E-04  3.1430E+04
   #    803875  1.0906E+02  1.0304E-04  3.1460E+04
   #    804231  1.0910E+02  1.0295E-04  3.1490E+04
   #    804576  1.0913E+02  1.0282E-04  3.1520E+04
   #    804924  1.0917E+02  1.0265E-04  3.1550E+04
   #    805281  1.0920E+02  1.0247E-04  3.1581E+04
   #    805638  1.0924E+02  1.0229E-04  3.1611E+04
   #    805995  1.0928E+02  1.0213E-04  3.1641E+04
   #    806347  1.0931E+02  1.0192E-04  3.1671E+04
   #    806689  1.0935E+02  1.0171E-04  3.1701E+04
   #    807040  1.0938E+02  1.0152E-04  3.1731E+04
   #    807397  1.0942E+02  1.0132E-04  3.1761E+04
   #    807754  1.0946E+02  1.0113E-04  3.1791E+04
   #    808111  1.0949E+02  1.0088E-04  3.1821E+04
   #    808456  1.0953E+02  1.0065E-04  3.1851E+04
   #    808804  1.0956E+02  1.0047E-04  3.1881E+04
   #    809159  1.0960E+02  1.0032E-04  3.1911E+04
   #    809514  1.0963E+02  1.0026E-04  3.1941E+04
   #    809869  1.0967E+02  1.0012E-04  3.1971E+04
   #    810224  1.0970E+02  1.0003E-04  3.2001E+04
   #    810569  1.0974E+02  9.9991E-05  3.2031E+04
   #    810925  1.0977E+02  9.9963E-05  3.2061E+04
   #    811280  1.0981E+02  9.9912E-05  3.2091E+04
   #    811636  1.0985E+02  9.9870E-05  3.2121E+04
   #    811991  1.0988E+02  9.9843E-05  3.2151E+04
   #    812330  1.0991E+02  9.9798E-05  3.2181E+04
   #    812686  1.0995E+02  9.9712E-05  3.2211E+04
   #    813042  1.0999E+02  9.9547E-05  3.2241E+04
   #    813395  1.1002E+02  9.9262E-05  3.2271E+04
   #    813739  1.1005E+02  9.9012E-05  3.2302E+04
   #    814083  1.1009E+02  9.8829E-05  3.2332E+04
   #    814420  1.1012E+02  9.8691E-05  3.2362E+04
   #    814769  1.1016E+02  9.8583E-05  3.2392E+04
   #    815118  1.1019E+02  9.8510E-05  3.2422E+04
   #    815467  1.1022E+02  9.8484E-05  3.2452E+04
   #    815816  1.1026E+02  9.8486E-05  3.2482E+04
   #    816157  1.1029E+02  9.8551E-05  3.2512E+04
   #    816496  1.1033E+02  9.8643E-05  3.2542E+04
   #    816847  1.1036E+02  9.8719E-05  3.2572E+04
   #    817198  1.1040E+02  9.8755E-05  3.2602E+04
   #    817549  1.1043E+02  9.8843E-05  3.2632E+04
   #    817900  1.1046E+02  9.8982E-05  3.2662E+04
   #    818251  1.1050E+02  9.9125E-05  3.2692E+04
   #    818595  1.1053E+02  9.9235E-05  3.2722E+04
   #    818946  1.1057E+02  9.9404E-05  3.2752E+04
   #    819297  1.1060E+02  9.9590E-05  3.2782E+04
   #    819648  1.1064E+02  9.9787E-05  3.2812E+04
   #    819992  1.1067E+02  9.9984E-05  3.2842E+04
   #    820343  1.1071E+02  1.0020E-04  3.2872E+04
   #    820686  1.1074E+02  1.0044E-04  3.2902E+04
   #    821038  1.1078E+02  1.0068E-04  3.2932E+04
   #    821391  1.1081E+02  1.0081E-04  3.2963E+04
   #    821743  1.1085E+02  1.0095E-04  3.2993E+04
   #    822095  1.1088E+02  1.0112E-04  3.3023E+04
   #    822437  1.1092E+02  1.0131E-04  3.3053E+04
   #    822789  1.1095E+02  1.0150E-04  3.3083E+04
   #    823135  1.1099E+02  1.0169E-04  3.3113E+04
   #    823473  1.1102E+02  1.0182E-04  3.3143E+04
   #    823803  1.1106E+02  1.0184E-04  3.3173E+04
   #    824140  1.1109E+02  1.0184E-04  3.3203E+04
   #    824468  1.1113E+02  1.0181E-04  3.3233E+04
   #    824806  1.1116E+02  1.0174E-04  3.3263E+04
   #    825144  1.1119E+02  1.0161E-04  3.3293E+04
   #    825482  1.1123E+02  1.0143E-04  3.3323E+04
   #    825820  1.1126E+02  1.0122E-04  3.3353E+04
   #    826158  1.1130E+02  1.0099E-04  3.3383E+04
   #    826486  1.1133E+02  1.0082E-04  3.3413E+04
   #    826824  1.1136E+02  1.0070E-04  3.3443E+04
   #    827162  1.1140E+02  1.0056E-04  3.3473E+04
   #    827494  1.1143E+02  1.0037E-04  3.3504E+04
   #    827832  1.1147E+02  1.0025E-04  3.3534E+04
   #    828170  1.1150E+02  1.0013E-04  3.3564E+04
   #    828511  1.1153E+02  1.0004E-04  3.3594E+04
   #    828863  1.1157E+02  9.9967E-05  3.3624E+04
   #    829215  1.1160E+02  9.9899E-05  3.3654E+04
   #    829565  1.1164E+02  9.9828E-05  3.3684E+04
   #    829909  1.1167E+02  9.9694E-05  3.3714E+04
   #    830253  1.1171E+02  9.9630E-05  3.3744E+04
   #    830589  1.1174E+02  9.9557E-05  3.3774E+04
   #    830921  1.1177E+02  9.9494E-05  3.3804E+04
   #    831261  1.1181E+02  9.9408E-05  3.3834E+04
   #    831601  1.1184E+02  9.9279E-05  3.3864E+04
   #    831941  1.1188E+02  9.9197E-05  3.3894E+04
   #    832280  1.1191E+02  9.9091E-05  3.3924E+04
   #    832611  1.1194E+02  9.9044E-05  3.3954E+04
   #    832951  1.1198E+02  9.9052E-05  3.3984E+04
   #    833291  1.1201E+02  9.9039E-05  3.4014E+04
   #    833630  1.1204E+02  9.9065E-05  3.4044E+04
   #    833970  1.1208E+02  9.9072E-05  3.4074E+04
   #    834309  1.1211E+02  9.8922E-05  3.4104E+04
   #    834632  1.1214E+02  9.8779E-05  3.4135E+04
   #    834971  1.1218E+02  9.8677E-05  3.4165E+04
   #    835311  1.1221E+02  9.8640E-05  3.4195E+04
   #    835651  1.1224E+02  9.8608E-05  3.4225E+04
   #    835990  1.1228E+02  9.8637E-05  3.4255E+04
   #    836330  1.1231E+02  9.8718E-05  3.4285E+04
   #    836663  1.1234E+02  9.8759E-05  3.4315E+04
   #    837008  1.1238E+02  9.8839E-05  3.4345E+04
   #    837353  1.1241E+02  9.8892E-05  3.4375E+04
   #    837696  1.1244E+02  9.8953E-05  3.4405E+04
   #    838028  1.1248E+02  9.9038E-05  3.4435E+04
   #    838351  1.1251E+02  9.9141E-05  3.4465E+04
   #    838672  1.1254E+02  9.9278E-05  3.4495E+04
   #    839003  1.1257E+02  9.9443E-05  3.4525E+04
   #    839335  1.1261E+02  9.9620E-05  3.4555E+04
   #    839667  1.1264E+02  9.9798E-05  3.4585E+04
   #    839998  1.1267E+02  9.9984E-05  3.4615E+04
   #    840328  1.1271E+02  1.0018E-04  3.4645E+04
   #    840650  1.1274E+02  1.0039E-04  3.4675E+04
   #    840981  1.1277E+02  1.0061E-04  3.4705E+04
   #    841312  1.1280E+02  1.0085E-04  3.4736E+04
   #    841643  1.1284E+02  1.0105E-04  3.4766E+04
   #    841966  1.1287E+02  1.0124E-04  3.4796E+04
   #    842297  1.1290E+02  1.0142E-04  3.4826E+04
   #    842619  1.1294E+02  1.0157E-04  3.4856E+04
   #    842950  1.1297E+02  1.0168E-04  3.4886E+04
   #    843281  1.1300E+02  1.0177E-04  3.4916E+04
   #    843610  1.1304E+02  1.0185E-04  3.4946E+04
   #    843939  1.1307E+02  1.0191E-04  3.4976E+04
   #    844268  1.1310E+02  1.0194E-04  3.5006E+04
   #    844587  1.1314E+02  1.0194E-04  3.5036E+04
   #    844916  1.1317E+02  1.0192E-04  3.5066E+04
   #    845245  1.1320E+02  1.0188E-04  3.5096E+04
   #    845570  1.1324E+02  1.0185E-04  3.5126E+04
   #    845908  1.1327E+02  1.0183E-04  3.5156E+04
   #    846245  1.1331E+02  1.0180E-04  3.5186E+04
   #    846574  1.1334E+02  1.0177E-04  3.5216E+04
   #    846910  1.1337E+02  1.0173E-04  3.5246E+04
   #    847246  1.1341E+02  1.0165E-04  3.5276E+04
   #    847583  1.1344E+02  1.0151E-04  3.5306E+04
   #    847921  1.1348E+02  1.0138E-04  3.5336E+04
   #    848259  1.1351E+02  1.0130E-04  3.5367E+04
   #    848587  1.1354E+02  1.0119E-04  3.5397E+04
   #    848924  1.1358E+02  1.0108E-04  3.5427E+04
   #    849253  1.1361E+02  1.0104E-04  3.5457E+04
   #    849589  1.1365E+02  1.0098E-04  3.5487E+04
   #    849926  1.1368E+02  1.0093E-04  3.5517E+04
   #    850263  1.1371E+02  1.0090E-04  3.5547E+04
   #    850590  1.1375E+02  1.0088E-04  3.5577E+04
   #    850927  1.1378E+02  1.0084E-04  3.5607E+04
   #    851264  1.1381E+02  1.0076E-04  3.5637E+04
   #    851602  1.1385E+02  1.0070E-04  3.5667E+04
   #    851946  1.1388E+02  1.0066E-04  3.5697E+04
   #    852279  1.1392E+02  1.0060E-04  3.5727E+04
   #    852617  1.1395E+02  1.0053E-04  3.5757E+04
   #    852961  1.1398E+02  1.0045E-04  3.5787E+04
   #    853305  1.1402E+02  1.0040E-04  3.5817E+04
   #    853642  1.1405E+02  1.0039E-04  3.5847E+04
   #    853979  1.1409E+02  1.0037E-04  3.5877E+04
   #    854305  1.1412E+02  1.0032E-04  3.5907E+04
   #    854640  1.1415E+02  1.0026E-04  3.5937E+04
   #    854973  1.1419E+02  1.0020E-04  3.5967E+04
   #    855308  1.1422E+02  1.0017E-04  3.5997E+04
######################## JOB EFFICIENCY REPORT ########################
# WARNING: The efficiency report has not been generated               #
#          because the job has not ended gracefully.                  #
#######################################################################
