 -----------------------------------------------------------------------------
 -----------------------------------------------------------------------------
 |         __  __ ____ ___        _    __  __ ______     ___    ____         |
 |        |  \/  |  _ \_ _|      / \  |  \/  |  _ \ \   / / \  / ___|        |
 |        | |\/| | |_) | |_____ / _ \ | |\/| | |_) \ \ / / _ \| |            |
 |        | |  | |  __/| |_____/ ___ \| |  | |  _ < \ V / ___ \ |___         |
 |        |_|  |_|_|  |___|   /_/   \_\_|  |_|_| \_\ \_/_/   \_\____|        |
 -----------------------------------------------------------------------------
 -----------------------------------------------------------------------------
 Spitzer MHD: par:   0.21633973559351147       ,perp:    2.1685795904764041E-011
 Combination of Colgan (2008) for high temperatures and
 Dalgarno & McCray (1972), DM2, for low temperatures
 Reading amrvac.par
 
 Output type | tsavestart |  dtsave   | ditsave | itsave(1) | tsave(1)
         log | 0.000E+00  | 0.200E+00 | ******  |      0    | *********
      normal | 0.000E+00  | 0.200E+00 | ******  |      0    | *********
       slice | 0.000E+00  | ********* | ******  | ******    | *********
   collapsed | 0.000E+00  | ********* | ******  | ******    | *********
    analysis | 0.000E+00  | ********* | ******  | ******    | *********
 
         Domain size (cells): 96 48 
                Level one dx: 0.208E+00 0.208E+00 
           Refine estimation: Lohner's scheme
 Note, Grid is reconstructed once every           3 iterations
           restart_from_file:  output/solar_atm_a0377.dat
                  converting: F

 minra  0.10256244189917035     
 rhob   7382.7014817162089     
 pb   59.061613380997102     
 Using TRACL(ine) method with a mask
 By default, magnetic field lines are traced every 4 grid cells
 NOTE:  2D TRAC method take the y-dir == grav-dir
 Memory requirement for each processor in TRAC:
           1  MB
 -------------------------------------------------------------------------------
 Startup phase took :             0.503 sec
 -------------------------------------------------------------------------------
 Start integrating, print status every  3.00E+01 seconds
   #        it        time          dt  wc-time(s)
   #    854250  1.1411E+02  1.0033E-04  5.5905E-01
   #    854587  1.1415E+02  1.0027E-04  3.0573E+01
   #    854926  1.1418E+02  1.0021E-04  6.0614E+01
   #    855267  1.1422E+02  1.0017E-04  9.0692E+01
   #    855608  1.1425E+02  1.0017E-04  1.2071E+02
   #    855948  1.1428E+02  1.0018E-04  1.5072E+02
   #    856287  1.1432E+02  1.0020E-04  1.8077E+02
   #    856628  1.1435E+02  1.0024E-04  2.1081E+02
   #    856969  1.1439E+02  1.0032E-04  2.4088E+02
   #    857310  1.1442E+02  1.0047E-04  2.7093E+02
   #    857644  1.1445E+02  1.0057E-04  3.0093E+02
   #    857985  1.1449E+02  1.0079E-04  3.3098E+02
   #    858318  1.1452E+02  1.0098E-04  3.6101E+02
   #    858659  1.1456E+02  1.0124E-04  3.9105E+02
   #    859000  1.1459E+02  1.0149E-04  4.2108E+02
   #    859341  1.1463E+02  1.0174E-04  4.5111E+02
   #    859689  1.1466E+02  1.0207E-04  4.8112E+02
   #    860040  1.1470E+02  1.0240E-04  5.1121E+02
   #    860382  1.1473E+02  1.0270E-04  5.4128E+02
   #    860733  1.1477E+02  1.0301E-04  5.7136E+02
   #    861084  1.1480E+02  1.0325E-04  6.0144E+02
   #    861427  1.1484E+02  1.0343E-04  6.3149E+02
   #    861778  1.1488E+02  1.0361E-04  6.6155E+02
   #    862129  1.1491E+02  1.0383E-04  6.9163E+02
   #    862470  1.1495E+02  1.0398E-04  7.2171E+02
   #    862821  1.1498E+02  1.0415E-04  7.5176E+02
   #    863172  1.1502E+02  1.0437E-04  7.8185E+02
   #    863523  1.1506E+02  1.0458E-04  8.1190E+02
   #    863874  1.1509E+02  1.0471E-04  8.4197E+02
   #    864215  1.1513E+02  1.0484E-04  8.7206E+02
   #    864565  1.1517E+02  1.0495E-04  9.0207E+02
   #    864908  1.1520E+02  1.0503E-04  9.3210E+02
   #    865243  1.1524E+02  1.0502E-04  9.6211E+02
   #    865586  1.1527E+02  1.0499E-04  9.9213E+02
   #    865929  1.1531E+02  1.0493E-04  1.0222E+03
   #    866263  1.1535E+02  1.0481E-04  1.0523E+03
   #    866606  1.1538E+02  1.0466E-04  1.0823E+03
   #    866949  1.1542E+02  1.0452E-04  1.1124E+03
   #    867292  1.1545E+02  1.0439E-04  1.1424E+03
   #    867635  1.1549E+02  1.0429E-04  1.1725E+03
   #    867968  1.1552E+02  1.0421E-04  1.2025E+03
   #    868311  1.1556E+02  1.0418E-04  1.2325E+03
   #    868654  1.1560E+02  1.0416E-04  1.2626E+03
   #    868990  1.1563E+02  1.0415E-04  1.2926E+03
   #    869333  1.1567E+02  1.0412E-04  1.3227E+03
   #    869676  1.1570E+02  1.0406E-04  1.3527E+03
   #    870009  1.1574E+02  1.0396E-04  1.3827E+03
   #    870352  1.1577E+02  1.0388E-04  1.4128E+03
   #    870695  1.1581E+02  1.0382E-04  1.4428E+03
   #    871038  1.1584E+02  1.0377E-04  1.4729E+03
   #    871381  1.1588E+02  1.0377E-04  1.5029E+03
   #    871724  1.1591E+02  1.0378E-04  1.5330E+03
   #    872057  1.1595E+02  1.0382E-04  1.5630E+03
   #    872393  1.1598E+02  1.0384E-04  1.5931E+03
   #    872735  1.1602E+02  1.0378E-04  1.6231E+03
   #    873078  1.1605E+02  1.0366E-04  1.6532E+03
   #    873420  1.1609E+02  1.0351E-04  1.6832E+03
   #    873753  1.1612E+02  1.0340E-04  1.7133E+03
   #    874096  1.1616E+02  1.0331E-04  1.7433E+03
   #    874437  1.1620E+02  1.0328E-04  1.7734E+03
   #    874779  1.1623E+02  1.0332E-04  1.8034E+03
   #    875122  1.1627E+02  1.0339E-04  1.8335E+03
   #    875465  1.1630E+02  1.0348E-04  1.8636E+03
   #    875799  1.1634E+02  1.0366E-04  1.8936E+03
   #    876134  1.1637E+02  1.0390E-04  1.9237E+03
   #    876476  1.1641E+02  1.0415E-04  1.9537E+03
   #    876817  1.1644E+02  1.0442E-04  1.9838E+03
   #    877158  1.1648E+02  1.0467E-04  2.0138E+03
   #    877502  1.1651E+02  1.0491E-04  2.0439E+03
   #    877842  1.1655E+02  1.0518E-04  2.0740E+03
   #    878190  1.1659E+02  1.0544E-04  2.1041E+03
   #    878540  1.1662E+02  1.0574E-04  2.1341E+03
   #    878890  1.1666E+02  1.0610E-04  2.1642E+03
   #    879238  1.1670E+02  1.0640E-04  2.1943E+03
   #    879573  1.1673E+02  1.0670E-04  2.2243E+03
   #    879913  1.1677E+02  1.0696E-04  2.2543E+03
   #    880260  1.1681E+02  1.0724E-04  2.2844E+03
   #    880607  1.1684E+02  1.0749E-04  2.3144E+03
   #    880954  1.1688E+02  1.0777E-04  2.3444E+03
   #    881291  1.1692E+02  1.0806E-04  2.3745E+03
   #    881638  1.1695E+02  1.0829E-04  2.4045E+03
   #    881985  1.1699E+02  1.0851E-04  2.4346E+03
   #    882333  1.1703E+02  1.0875E-04  2.4647E+03
   #    882680  1.1707E+02  1.0896E-04  2.4947E+03
   #    883027  1.1711E+02  1.0906E-04  2.5247E+03
   #    883364  1.1714E+02  1.0910E-04  2.5548E+03
   #    883704  1.1718E+02  1.0918E-04  2.5849E+03
   #    884051  1.1722E+02  1.0927E-04  2.6150E+03
   #    884398  1.1725E+02  1.0933E-04  2.6450E+03
   #    884745  1.1729E+02  1.0931E-04  2.6750E+03
   #    885083  1.1733E+02  1.0923E-04  2.7051E+03
   #    885430  1.1737E+02  1.0915E-04  2.7351E+03
   #    885777  1.1741E+02  1.0906E-04  2.7652E+03
   #    886124  1.1744E+02  1.0899E-04  2.7953E+03
   #    886471  1.1748E+02  1.0892E-04  2.8253E+03
   #    886808  1.1752E+02  1.0891E-04  2.8554E+03
   #    887155  1.1756E+02  1.0892E-04  2.8854E+03
   #    887495  1.1759E+02  1.0889E-04  2.9155E+03
   #    887842  1.1763E+02  1.0891E-04  2.9455E+03
   #    888189  1.1767E+02  1.0898E-04  2.9756E+03
   #    888536  1.1771E+02  1.0904E-04  3.0057E+03
   #    888872  1.1774E+02  1.0912E-04  3.0357E+03
   #    889219  1.1778E+02  1.0920E-04  3.0658E+03
   #    889566  1.1782E+02  1.0920E-04  3.0958E+03
   #    889913  1.1786E+02  1.0914E-04  3.1259E+03
   #    890260  1.1789E+02  1.0910E-04  3.1559E+03
   #    890597  1.1793E+02  1.0910E-04  3.1860E+03
   #    890939  1.1797E+02  1.0919E-04  3.2162E+03
   #    891285  1.1801E+02  1.0932E-04  3.2462E+03
   #    891632  1.1804E+02  1.0948E-04  3.2763E+03
   #    891978  1.1808E+02  1.0969E-04  3.3063E+03
   #    892314  1.1812E+02  1.0998E-04  3.3363E+03
   #    892660  1.1816E+02  1.1014E-04  3.3663E+03
   #    893007  1.1820E+02  1.0991E-04  3.3964E+03
   #    893354  1.1823E+02  1.0968E-04  3.4265E+03
   #    893700  1.1827E+02  1.0950E-04  3.4565E+03
   #    894058  1.1831E+02  1.0939E-04  3.4866E+03
   #    894404  1.1835E+02  1.0937E-04  3.5166E+03
   #    894752  1.1839E+02  1.0941E-04  3.5467E+03
   #    895109  1.1843E+02  1.0952E-04  3.5768E+03
   #    895466  1.1846E+02  1.0972E-04  3.6068E+03
   #    895822  1.1850E+02  1.0994E-04  3.6368E+03
   #    896169  1.1854E+02  1.1019E-04  3.6668E+03
   #    896526  1.1858E+02  1.1019E-04  3.6969E+03
   #    896883  1.1862E+02  1.1006E-04  3.7270E+03
   #    897239  1.1866E+02  1.0993E-04  3.7570E+03
   #    897595  1.1870E+02  1.0983E-04  3.7870E+03
   #    897940  1.1874E+02  1.0977E-04  3.8171E+03
   #    898294  1.1878E+02  1.0967E-04  3.8471E+03
   #    898644  1.1881E+02  1.0951E-04  3.8772E+03
   #    899002  1.1885E+02  1.0930E-04  3.9072E+03
   #    899360  1.1889E+02  1.0920E-04  3.9372E+03
   #    899708  1.1893E+02  1.0913E-04  3.9673E+03
   #    900064  1.1897E+02  1.0907E-04  3.9973E+03
   #    900420  1.1901E+02  1.0904E-04  4.0273E+03
   #    900777  1.1905E+02  1.0904E-04  4.0573E+03
   #    901133  1.1909E+02  1.0906E-04  4.0874E+03
   #    901480  1.1912E+02  1.0909E-04  4.1174E+03
   #    901836  1.1916E+02  1.0912E-04  4.1474E+03
   #    902192  1.1920E+02  1.0915E-04  4.1774E+03
   #    902541  1.1924E+02  1.0913E-04  4.2075E+03
   #    902897  1.1928E+02  1.0909E-04  4.2375E+03
   #    903247  1.1932E+02  1.0906E-04  4.2679E+03
   #    903602  1.1935E+02  1.0907E-04  4.2979E+03
   #    903954  1.1939E+02  1.0909E-04  4.3279E+03
   #    904306  1.1943E+02  1.0914E-04  4.3579E+03
   #    904658  1.1947E+02  1.0920E-04  4.3879E+03
   #    905010  1.1951E+02  1.0928E-04  4.4179E+03
   #    905352  1.1955E+02  1.0934E-04  4.4480E+03
   #    905705  1.1958E+02  1.0945E-04  4.4781E+03
   #    906058  1.1962E+02  1.0956E-04  4.5081E+03
   #    906404  1.1966E+02  1.0967E-04  4.5381E+03
   #    906757  1.1970E+02  1.0974E-04  4.5682E+03
   #    907100  1.1974E+02  1.0980E-04  4.5983E+03
   #    907453  1.1978E+02  1.0981E-04  4.6283E+03
   #    907804  1.1981E+02  1.0981E-04  4.6584E+03
   #    908148  1.1985E+02  1.0983E-04  4.6884E+03
   #    908492  1.1989E+02  1.0987E-04  4.7185E+03
   #    908828  1.1993E+02  1.0989E-04  4.7486E+03
   #    909184  1.1997E+02  1.0992E-04  4.7786E+03
   #    909540  1.2000E+02  1.0995E-04  4.8087E+03
   #    909896  1.2004E+02  1.0997E-04  4.8387E+03
   #    910244  1.2008E+02  1.0995E-04  4.8687E+03
   #    910589  1.2012E+02  1.0991E-04  4.8987E+03
   #    910945  1.2016E+02  1.0982E-04  4.9288E+03
   #    911301  1.2020E+02  1.0970E-04  4.9588E+03
   #    911657  1.2024E+02  1.0949E-04  4.9889E+03
   #    912013  1.2028E+02  1.0927E-04  5.0190E+03
   #    912369  1.2032E+02  1.0908E-04  5.0490E+03
   #    912714  1.2035E+02  1.0896E-04  5.0790E+03
   #    913070  1.2039E+02  1.0883E-04  5.1091E+03
   #    913426  1.2043E+02  1.0870E-04  5.1391E+03
   #    913772  1.2047E+02  1.0855E-04  5.1691E+03
   #    914121  1.2051E+02  1.0846E-04  5.1991E+03
   #    914460  1.2054E+02  1.0835E-04  5.2291E+03
   #    914810  1.2058E+02  1.0825E-04  5.2592E+03
   #    915159  1.2062E+02  1.0813E-04  5.2892E+03
   #    915509  1.2066E+02  1.0801E-04  5.3193E+03
   #    915858  1.2069E+02  1.0793E-04  5.3493E+03
   #    916197  1.2073E+02  1.0782E-04  5.3793E+03
   #    916547  1.2077E+02  1.0773E-04  5.4094E+03
   #    916897  1.2081E+02  1.0758E-04  5.4395E+03
   #    917246  1.2084E+02  1.0738E-04  5.4695E+03
   #    917588  1.2088E+02  1.0718E-04  5.4995E+03
   #    917928  1.2092E+02  1.0697E-04  5.5296E+03
   #    918278  1.2095E+02  1.0675E-04  5.5597E+03
   #    918628  1.2099E+02  1.0659E-04  5.5898E+03
   #    918977  1.2103E+02  1.0650E-04  5.6198E+03
   #    919326  1.2107E+02  1.0650E-04  5.6498E+03
   #    919675  1.2110E+02  1.0655E-04  5.6798E+03
   #    920014  1.2114E+02  1.0660E-04  5.7098E+03
   #    920363  1.2118E+02  1.0671E-04  5.7398E+03
   #    920712  1.2121E+02  1.0684E-04  5.7699E+03
   #    921061  1.2125E+02  1.0692E-04  5.7999E+03
   #    921402  1.2129E+02  1.0695E-04  5.8299E+03
   #    921741  1.2132E+02  1.0695E-04  5.8600E+03
   #    922091  1.2136E+02  1.0698E-04  5.8900E+03
   #    922441  1.2140E+02  1.0698E-04  5.9201E+03
   #    922791  1.2144E+02  1.0704E-04  5.9501E+03
   #    923141  1.2147E+02  1.0712E-04  5.9802E+03
   #    923491  1.2151E+02  1.0720E-04  6.0103E+03
   #    923831  1.2155E+02  1.0731E-04  6.0404E+03
   #    924181  1.2158E+02  1.0745E-04  6.0704E+03
   #    924529  1.2162E+02  1.0758E-04  6.1004E+03
   #    924875  1.2166E+02  1.0767E-04  6.1304E+03
   #    925214  1.2170E+02  1.0774E-04  6.1605E+03
   #    925550  1.2173E+02  1.0779E-04  6.1905E+03
   #    925896  1.2177E+02  1.0783E-04  6.2205E+03
   #    926242  1.2181E+02  1.0790E-04  6.2505E+03
   #    926589  1.2184E+02  1.0796E-04  6.2806E+03
   #    926935  1.2188E+02  1.0803E-04  6.3106E+03
   #    927271  1.2192E+02  1.0811E-04  6.3406E+03
   #    927617  1.2195E+02  1.0810E-04  6.3707E+03
   #    927963  1.2199E+02  1.0812E-04  6.4007E+03
   #    928310  1.2203E+02  1.0815E-04  6.4307E+03
   #    928664  1.2207E+02  1.0817E-04  6.4608E+03
   #    929010  1.2211E+02  1.0816E-04  6.4908E+03
   #    929353  1.2214E+02  1.0811E-04  6.5208E+03
   #    929707  1.2218E+02  1.0800E-04  6.5508E+03
   #    930060  1.2222E+02  1.0785E-04  6.5808E+03
   #    930412  1.2226E+02  1.0769E-04  6.6109E+03
   #    930765  1.2229E+02  1.0752E-04  6.6409E+03
   #    931108  1.2233E+02  1.0741E-04  6.6709E+03
   #    931462  1.2237E+02  1.0733E-04  6.7010E+03
   #    931816  1.2241E+02  1.0722E-04  6.7310E+03
   #    932170  1.2245E+02  1.0712E-04  6.7611E+03
   #    932524  1.2248E+02  1.0703E-04  6.7912E+03
   #    932861  1.2252E+02  1.0691E-04  6.8212E+03
   #    933213  1.2256E+02  1.0681E-04  6.8513E+03
   #    933559  1.2259E+02  1.0667E-04  6.8813E+03
   #    933905  1.2263E+02  1.0643E-04  6.9114E+03
   #    934251  1.2267E+02  1.0626E-04  6.9414E+03
   #    934597  1.2270E+02  1.0614E-04  6.9714E+03
   #    934935  1.2274E+02  1.0603E-04  7.0015E+03
   #    935282  1.2278E+02  1.0593E-04  7.0315E+03
   #    935628  1.2281E+02  1.0583E-04  7.0616E+03
   #    935974  1.2285E+02  1.0571E-04  7.0916E+03
   #    936314  1.2289E+02  1.0559E-04  7.1216E+03
   #    936653  1.2292E+02  1.0553E-04  7.1517E+03
   #    937002  1.2296E+02  1.0554E-04  7.1817E+03
   #    937351  1.2300E+02  1.0558E-04  7.2117E+03
 Total timeloop took        :     7215.457 sec
 Time spent on AMR          :      189.535 sec
                  Percentage:         2.63 %
 Time spent on IO in loop   :       38.478 sec
                  Percentage:         0.53 %
 Time spent on ghost cells  :     1127.654 sec
                  Percentage:        15.63 %
 Time spent on computing    :     5859.790 sec
                  Percentage:        81.21 %
 Cells updated / proc / sec :    1.131E+05
 Total time spent on IO     :       39.352 sec
 Total timeintegration took :     7216.332 sec
   #    937395   1.230E+02   0.000E+00   7.215E+03
 -------------------------------------------------------------------------------
 Finished AMRVAC in :          7216.835 sec
 -------------------------------------------------------------------------------
######################## JOB EFFICIENCY REPORT ########################
# JobID:              1717275
# Cluster:            lapalma3
# User/Group:         can10010/can10
# Cores:              64
# Nodes:              4
# CPU Utilized:       128.26 CPU-hours
# Wall-clock time:    0 days 02:00:27
# CPU Efficiency:     99.83 %
# Memory Utilized:    4.83 GB
# Memory Efficiency:  4.44 % of 108.80 GB
#~~~~~~~~~~~~~~~~~~~~~~~~~~~~~~~~~~~~~~~~~~~~~~~~~~~~~~~~~~~~~~~~~~~~~~
# If your job has low CPU Efficiency or you have doubts about setting 
# up a job, do not hesitate and contact us:
#                          res_support@iac.es
#######################################################################
