 -----------------------------------------------------------------------------
 -----------------------------------------------------------------------------
 |         __  __ ____ ___        _    __  __ ______     ___    ____         |
 |        |  \/  |  _ \_ _|      / \  |  \/  |  _ \ \   / / \  / ___|        |
 |        | |\/| | |_) | |_____ / _ \ | |\/| | |_) \ \ / / _ \| |            |
 |        | |  | |  __/| |_____/ ___ \| |  | |  _ < \ V / ___ \ |___         |
 |        |_|  |_|_|  |___|   /_/   \_\_|  |_|_| \_\ \_/_/   \_\____|        |
 -----------------------------------------------------------------------------
 -----------------------------------------------------------------------------
 Spitzer HD par:   0.21633973559351147     
 Reading amrvac.par
 
 Output type | tsavestart |  dtsave   | ditsave | itsave(1) | tsave(1)
         log | 0.000E+00  | 0.100E+00 | ******  |      0    | *********
      normal | 0.000E+00  | 0.233E+00 | ******  |      0    | *********
       slice | 0.000E+00  | ********* | ******  | ******    | *********
   collapsed | 0.000E+00  | ********* | ******  | ******    | *********
    analysis | 0.000E+00  | ********* | ******  | ******    | *********
 
         Domain size (cells): 1536 
                Level one dx: 0.521E+00 
           Refine estimation: Lohner's scheme
 Note, Grid is reconstructed once every           3 iterations
           restart_from_file:  undefined
                  converting: F

 -------------------------------------------------------------------------------
 Startup phase took :             2.514 sec
 -------------------------------------------------------------------------------
 Start integrating, print status every  3.00E+01 seconds
   #        it        time          dt  wc-time(s)
   #         0  0.0000E+00  4.0303E-04  4.5930E-03
   #     16935  1.4571E+00  9.9174E-06  3.0007E+01
   #     33738  1.6110E+00  8.6445E-06  6.0008E+01
   #     49785  1.7416E+00  7.7860E-06  9.0011E+01
   #     64713  1.8554E+00  8.0899E-06  1.2001E+02
   #     80172  1.9806E+00  8.1326E-06  1.5002E+02
   #     96030  2.1390E+00  1.4627E-05  1.8002E+02
   #    112839  2.3900E+00  1.5338E-05  2.1003E+02
   #    129645  2.6543E+00  1.6052E-05  2.4003E+02
   #    146420  2.9279E+00  1.6540E-05  2.7003E+02
   #    163212  3.2089E+00  1.6909E-05  3.0003E+02
   #    179991  3.4951E+00  1.7204E-05  3.3004E+02
   #    196773  3.7858E+00  1.7448E-05  3.6004E+02
   #    213669  4.0824E+00  1.7662E-05  3.9004E+02
   #    230412  4.3797E+00  1.7849E-05  4.2004E+02
   #    246951  4.6763E+00  1.8019E-05  4.5004E+02
   #    263730  4.9800E+00  1.8197E-05  4.8004E+02
   #    280563  5.2876E+00  1.8365E-05  5.1004E+02
   #    297366  5.6177E+00  3.7114E-05  5.4005E+02
   #    314223  6.2496E+00  3.7877E-05  5.7005E+02
   #    331041  6.6705E+00  2.1009E-05  6.0005E+02
   #    347871  7.0249E+00  2.1444E-05  6.3005E+02
   #    364701  7.3823E+00  2.1101E-05  6.6006E+02
   #    381513  7.7410E+00  2.1420E-05  6.9006E+02
   #    398550  8.1042E+00  2.1264E-05  7.2006E+02
   #    414840  8.4557E+00  2.1510E-05  7.5006E+02
   #    431652  8.6475E+00  1.1000E-05  7.8006E+02
   #    448665  8.8334E+00  1.0873E-05  8.1007E+02
   #    465456  9.0167E+00  1.0952E-05  8.4007E+02
   #    482250  9.1999E+00  1.0883E-05  8.7008E+02
   #    499003  9.3834E+00  1.0938E-05  9.0008E+02
   #    515836  9.5674E+00  1.1020E-05  9.3008E+02
   #    532602  9.7514E+00  1.0943E-05  9.6008E+02
   #    549423  9.9362E+00  1.0992E-05  9.9008E+02
   #    566208  1.0120E+01  1.0960E-05  1.0201E+03
   #    582981  1.0305E+01  1.0990E-05  1.0501E+03
   #    599180  1.0483E+01  1.1042E-05  1.0801E+03
   #    616179  1.0670E+01  1.1002E-05  1.1101E+03
   #    632976  1.0855E+01  1.1031E-05  1.1401E+03
   #    649701  1.1040E+01  1.1024E-05  1.1701E+03
   #    666436  1.1224E+01  1.1035E-05  1.2001E+03
   #    683166  1.1409E+01  1.1043E-05  1.2301E+03
   #    699900  1.1594E+01  1.1051E-05  1.2601E+03
   #    716619  1.1779E+01  1.1058E-05  1.2901E+03
   #    733366  1.1964E+01  1.1063E-05  1.3201E+03
   #    750220  1.2150E+01  1.1071E-05  1.3501E+03
   #    766980  1.2336E+01  1.1078E-05  1.3801E+03
   #    783126  1.2515E+01  1.1085E-05  1.4101E+03
   #    800022  1.2702E+01  1.1094E-05  1.4401E+03
   #    816859  1.2889E+01  1.1105E-05  1.4701E+03
   #    833601  1.3075E+01  1.1114E-05  1.5001E+03
   #    850302  1.3261E+01  1.1124E-05  1.5301E+03
   #    867015  1.3447E+01  1.1136E-05  1.5601E+03
   #    883782  1.3634E+01  1.1149E-05  1.5901E+03
   #    900492  1.3820E+01  1.1159E-05  1.6201E+03
   #    917292  1.4008E+01  1.1171E-05  1.6501E+03
   #    934200  1.4197E+01  1.1185E-05  1.6801E+03
   #    950925  1.4384E+01  1.1197E-05  1.7101E+03
   #    967077  1.4565E+01  1.1210E-05  1.7401E+03
   #    983772  1.4752E+01  1.1223E-05  1.7701E+03
   #   1000461  1.4939E+01  1.1238E-05  1.8001E+03
   #   1017186  1.5127E+01  1.1250E-05  1.8301E+03
   #   1033864  1.5315E+01  1.1265E-05  1.8601E+03
   #   1050609  1.5504E+01  1.1279E-05  1.8901E+03
   #   1067637  1.5696E+01  1.1294E-05  1.9201E+03
   #   1084569  1.5887E+01  1.1309E-05  1.9501E+03
   #   1101708  1.6081E+01  1.1322E-05  1.9801E+03
   #   1118490  1.6271E+01  1.1339E-05  2.0101E+03
   #   1135254  1.6462E+01  1.1353E-05  2.0401E+03
   #   1151430  1.6645E+01  1.1368E-05  2.0701E+03
   #   1168182  1.6836E+01  1.1381E-05  2.1001E+03
   #   1184931  1.7027E+01  1.1398E-05  2.1301E+03
   #   1201665  1.7217E+01  1.1412E-05  2.1602E+03
   #   1218438  1.7409E+01  1.1428E-05  2.1902E+03
   #   1235247  1.7601E+01  1.1443E-05  2.2202E+03
   #   1252281  1.7796E+01  1.1458E-05  2.2502E+03
   #   1269153  1.7990E+01  1.1474E-05  2.2802E+03
   #   1286067  1.8184E+01  1.1488E-05  2.3102E+03
   #   1302801  1.8376E+01  1.1505E-05  2.3402E+03
   #   1319268  1.8566E+01  1.1519E-05  2.3702E+03
   #   1335801  1.8756E+01  1.1535E-05  2.4002E+03
   #   1352538  1.8949E+01  1.1551E-05  2.4302E+03
   #   1369680  1.9148E+01  1.1567E-05  2.4602E+03
   #   1386567  1.9343E+01  1.1582E-05  2.4902E+03
   #   1403643  1.9541E+01  1.1597E-05  2.5202E+03
   #   1420437  1.9736E+01  1.1614E-05  2.5502E+03
   #   1437203  1.9931E+01  1.1629E-05  2.5802E+03
   #   1453977  2.0126E+01  1.1644E-05  2.6102E+03
   #   1470696  2.0321E+01  1.1660E-05  2.6402E+03
   #   1487445  2.0516E+01  1.1677E-05  2.6702E+03
   #   1504041  2.0710E+01  1.1691E-05  2.7002E+03
   #   1520814  2.0906E+01  1.1706E-05  2.7302E+03
   #   1537521  2.1102E+01  1.1722E-05  2.7602E+03
   #   1554228  2.1298E+01  1.1739E-05  2.7902E+03
   #   1570908  2.1494E+01  1.1753E-05  2.8202E+03
   #   1587648  2.1690E+01  1.1768E-05  2.8502E+03
   #   1604562  2.1890E+01  1.1786E-05  2.8802E+03
