 -----------------------------------------------------------------------------
 -----------------------------------------------------------------------------
 |         __  __ ____ ___        _    __  __ ______     ___    ____         |
 |        |  \/  |  _ \_ _|      / \  |  \/  |  _ \ \   / / \  / ___|        |
 |        | |\/| | |_) | |_____ / _ \ | |\/| | |_) \ \ / / _ \| |            |
 |        | |  | |  __/| |_____/ ___ \| |  | |  _ < \ V / ___ \ |___         |
 |        |_|  |_|_|  |___|   /_/   \_\_|  |_|_| \_\ \_/_/   \_\____|        |
 -----------------------------------------------------------------------------
 -----------------------------------------------------------------------------
 Spitzer HD par:   0.21633973559351147     
 Reading amrvac.par
 
 Output type | tsavestart |  dtsave   | ditsave | itsave(1) | tsave(1)
         log | 0.000E+00  | 0.100E+00 | ******  |      0    | *********
      normal | 0.000E+00  | 0.233E+00 | ******  |      0    | *********
       slice | 0.000E+00  | ********* | ******  | ******    | *********
   collapsed | 0.000E+00  | ********* | ******  | ******    | *********
    analysis | 0.000E+00  | ********* | ******  | ******    | *********
 
         Domain size (cells): 1536 
                Level one dx: 0.521E+00 
           Refine estimation: Lohner's scheme
 Note, Grid is reconstructed once every           3 iterations
           restart_from_file:  output/heating_1d0318.dat
                  converting: F

 -------------------------------------------------------------------------------
 Startup phase took :             0.453 sec
 -------------------------------------------------------------------------------
 Start integrating, print status every  3.00E+01 seconds
   #        it        time          dt  wc-time(s)
   #   5512893  7.4063E+01  1.4581E-05  1.4425E-02
   #   5529084  7.4299E+01  1.4589E-05  3.0018E+01
   #   5545647  7.4541E+01  1.4597E-05  6.0021E+01
   #   5562270  7.4783E+01  1.4604E-05  9.0022E+01
   #   5578830  7.5025E+01  1.4612E-05  1.2003E+02
   #   5595388  7.5267E+01  1.4621E-05  1.5003E+02
   #   5611941  7.5509E+01  1.4627E-05  1.8003E+02
   #   5627835  7.5742E+01  1.4635E-05  2.1003E+02
   #   5644641  7.5988E+01  1.4643E-05  2.4003E+02
   #   5661305  7.6232E+01  1.4651E-05  2.7003E+02
   #   5678232  7.6480E+01  1.4659E-05  3.0004E+02
   #   5694897  7.6724E+01  1.4666E-05  3.3004E+02
   #   5711892  7.6973E+01  1.4673E-05  3.6004E+02
   #   5728570  7.7218E+01  1.4681E-05  3.9004E+02
   #   5745264  7.7463E+01  1.4690E-05  4.2004E+02
   #   5762220  7.7712E+01  1.4699E-05  4.5004E+02
   #   5778954  7.7958E+01  1.4705E-05  4.8004E+02
   #   5796024  7.8209E+01  1.4712E-05  5.1005E+02
   #   5812207  7.8448E+01  1.4720E-05  5.4005E+02
   #   5828760  7.8691E+01  1.4727E-05  5.7005E+02
   #   5845305  7.8935E+01  1.4734E-05  6.0005E+02
   #   5861862  7.9179E+01  1.4743E-05  6.3006E+02
   #   5878656  7.9427E+01  1.4750E-05  6.6006E+02
   #   5895333  7.9673E+01  1.4756E-05  6.9006E+02
   #   5912247  7.9922E+01  1.4764E-05  7.2006E+02
   #   5928801  8.0167E+01  1.4772E-05  7.5007E+02
   #   5945496  8.0413E+01  1.4779E-05  7.8007E+02
   #   5962245  8.0661E+01  1.4786E-05  8.1007E+02
   #   5978154  8.0896E+01  1.4793E-05  8.4007E+02
   #   5994743  8.1142E+01  1.4801E-05  8.7008E+02
   #   6011544  8.1390E+01  1.4807E-05  9.0008E+02
   #   6028149  8.1636E+01  1.4815E-05  9.3008E+02
   #   6044733  8.1882E+01  1.4822E-05  9.6008E+02
   #   6061574  8.2132E+01  1.4829E-05  9.9008E+02
   #   6078333  8.2380E+01  1.4836E-05  1.0201E+03
   #   6095056  8.2628E+01  1.4845E-05  1.0501E+03
   #   6111879  8.2878E+01  1.4852E-05  1.0801E+03
   #   6128775  8.3129E+01  1.4858E-05  1.1101E+03
   #   6145636  8.3379E+01  1.4865E-05  1.1401E+03
   #   6161565  8.3616E+01  1.4873E-05  1.1701E+03
   #   6178140  8.3863E+01  1.4878E-05  1.2001E+03
   #   6194685  8.4109E+01  1.4886E-05  1.2301E+03
   #   6211536  8.4360E+01  1.4895E-05  1.2601E+03
   #   6228674  8.4615E+01  1.4902E-05  1.2901E+03
   #   6245420  8.4865E+01  1.4908E-05  1.3201E+03
   #   6262482  8.5119E+01  1.4915E-05  1.3501E+03
   #   6279012  8.5366E+01  1.4921E-05  1.3801E+03
   #   6295659  8.5614E+01  1.4928E-05  1.4101E+03
   #   6312339  8.5863E+01  1.4935E-05  1.4401E+03
   #   6328896  8.6111E+01  1.4942E-05  1.4701E+03
   #   6344970  8.6351E+01  1.4950E-05  1.5001E+03
   #   6361791  8.6602E+01  1.4956E-05  1.5301E+03
   #   6378603  8.6854E+01  1.4962E-05  1.5601E+03
   #   6395235  8.7103E+01  1.4969E-05  1.5901E+03
