 -----------------------------------------------------------------------------
 -----------------------------------------------------------------------------
 |         __  __ ____ ___        _    __  __ ______     ___    ____         |
 |        |  \/  |  _ \_ _|      / \  |  \/  |  _ \ \   / / \  / ___|        |
 |        | |\/| | |_) | |_____ / _ \ | |\/| | |_) \ \ / / _ \| |            |
 |        | |  | |  __/| |_____/ ___ \| |  | |  _ < \ V / ___ \ |___         |
 |        |_|  |_|_|  |___|   /_/   \_\_|  |_|_| \_\ \_/_/   \_\____|        |
 -----------------------------------------------------------------------------
 -----------------------------------------------------------------------------
 Spitzer MHD: par:   0.21633973559351147       ,perp:    2.1685795904764041E-011
 Combination of Colgan (2008) for high temperatures and
 Dalgarno & McCray (1972), DM2, for low temperatures
 Reading amrvac.par
 
 Output type | tsavestart |  dtsave   | ditsave | itsave(1) | tsave(1)
         log | 0.000E+00  | 0.200E+00 | ******  |      0    | *********
      normal | 0.000E+00  | 0.200E+00 | ******  |      0    | *********
       slice | 0.000E+00  | ********* | ******  | ******    | *********
   collapsed | 0.000E+00  | ********* | ******  | ******    | *********
    analysis | 0.000E+00  | ********* | ******  | ******    | *********
 
         Domain size (cells): 96 48 
                Level one dx: 0.208E+00 0.208E+00 
           Refine estimation: Lohner's scheme
 Note, Grid is reconstructed once every           3 iterations
           restart_from_file:  output/solar_atm_a0178.dat
                  converting: F

 minra  0.10256244189917035     
 rhob   7382.7014817162089     
 pb   59.061613380997102     
 Using TRACL(ine) method with a mask
 By default, magnetic field lines are traced every 4 grid cells
 NOTE:  2D TRAC method take the y-dir == grav-dir
 Memory requirement for each processor in TRAC:
           1  MB
 -------------------------------------------------------------------------------
 Startup phase took :             0.340 sec
 -------------------------------------------------------------------------------
 Start integrating, print status every  3.00E+01 seconds
   #        it        time          dt  wc-time(s)
   #    504481  7.4303E+01  1.2675E-04  5.5650E-01
   #    504894  7.4356E+01  1.2685E-04  3.0614E+01
   #    505311  7.4408E+01  1.2692E-04  6.0651E+01
   #    505719  7.4460E+01  1.2698E-04  9.0710E+01
   #    506135  7.4513E+01  1.2706E-04  1.2075E+02
   #    506553  7.4566E+01  1.2713E-04  1.5082E+02
   #    506971  7.4619E+01  1.2723E-04  1.8089E+02
   #    507388  7.4672E+01  1.2733E-04  2.1091E+02
   #    507796  7.4724E+01  1.2745E-04  2.4097E+02
   #    508213  7.4777E+01  1.2755E-04  2.7097E+02
   #    508630  7.4831E+01  1.2761E-04  3.0099E+02
   #    509048  7.4884E+01  1.2756E-04  3.3106E+02
   #    509455  7.4936E+01  1.2742E-04  3.6108E+02
   #    509872  7.4989E+01  1.2722E-04  3.9109E+02
   #    510280  7.5041E+01  1.2695E-04  4.2111E+02
   #    510698  7.5094E+01  1.2661E-04  4.5117E+02
   #    511105  7.5145E+01  1.2642E-04  4.8118E+02
   #    511522  7.5198E+01  1.2640E-04  5.1119E+02
   #    511940  7.5251E+01  1.2647E-04  5.4125E+02
   #    512358  7.5304E+01  1.2659E-04  5.7144E+02
   #    512783  7.5357E+01  1.2671E-04  6.0149E+02
   #    513206  7.5411E+01  1.2679E-04  6.3154E+02
   #    513629  7.5465E+01  1.2672E-04  6.6158E+02
   #    514037  7.5516E+01  1.2666E-04  6.9165E+02
   #    514433  7.5566E+01  1.2666E-04  7.2168E+02
   #    514820  7.5615E+01  1.2670E-04  7.5169E+02
   #    515216  7.5666E+01  1.2684E-04  7.8173E+02
   #    515602  7.5715E+01  1.2697E-04  8.1174E+02
   #    515992  7.5764E+01  1.2704E-04  8.4178E+02
   #    516379  7.5813E+01  1.2701E-04  8.7183E+02
   #    516768  7.5863E+01  1.2705E-04  9.0187E+02
   #    517144  7.5911E+01  1.2711E-04  9.3190E+02
   #    517531  7.5960E+01  1.2721E-04  9.6192E+02
   #    517918  7.6009E+01  1.2720E-04  9.9193E+02
   #    518307  7.6058E+01  1.2705E-04  1.0220E+03
   #    518678  7.6105E+01  1.2693E-04  1.0520E+03
   #    519064  7.6154E+01  1.2683E-04  1.0820E+03
   #    519448  7.6203E+01  1.2677E-04  1.1121E+03
   #    519829  7.6251E+01  1.2680E-04  1.1421E+03
   #    520212  7.6300E+01  1.2689E-04  1.1722E+03
   #    520575  7.6346E+01  1.2707E-04  1.2022E+03
   #    520935  7.6392E+01  1.2730E-04  1.2322E+03
   #    521280  7.6436E+01  1.2750E-04  1.2622E+03
   #    521625  7.6480E+01  1.2773E-04  1.2923E+03
   #    521960  7.6523E+01  1.2802E-04  1.3223E+03
   #    522307  7.6567E+01  1.2821E-04  1.3523E+03
   #    522645  7.6610E+01  1.2835E-04  1.3823E+03
   #    522991  7.6655E+01  1.2845E-04  1.4123E+03
   #    523347  7.6700E+01  1.2852E-04  1.4424E+03
   #    523711  7.6747E+01  1.2860E-04  1.4725E+03
   #    524079  7.6795E+01  1.2876E-04  1.5025E+03
   #    524448  7.6842E+01  1.2838E-04  1.5325E+03
   #    524818  7.6889E+01  1.2774E-04  1.5625E+03
   #    525162  7.6933E+01  1.2732E-04  1.5926E+03
   #    525507  7.6977E+01  1.2730E-04  1.6226E+03
   #    525867  7.7023E+01  1.2681E-04  1.6527E+03
   #    526235  7.7069E+01  1.2614E-04  1.6827E+03
   #    526586  7.7114E+01  1.2602E-04  1.7127E+03
   #    526949  7.7159E+01  1.2572E-04  1.7428E+03
   #    527311  7.7205E+01  1.2497E-04  1.7728E+03
   #    527676  7.7250E+01  1.2428E-04  1.8028E+03
   #    528041  7.7295E+01  1.2367E-04  1.8328E+03
   #    528418  7.7342E+01  1.2305E-04  1.8629E+03
   #    528812  7.7390E+01  1.2238E-04  1.8929E+03
   #    529206  7.7438E+01  1.2176E-04  1.9229E+03
   #    529594  7.7485E+01  1.2122E-04  1.9530E+03
   #    529958  7.7529E+01  1.2087E-04  1.9830E+03
   #    530331  7.7574E+01  1.2051E-04  2.0130E+03
   #    530698  7.7618E+01  1.2013E-04  2.0431E+03
   #    531084  7.7665E+01  1.1954E-04  2.0731E+03
   #    531457  7.7709E+01  1.1914E-04  2.1032E+03
   #    531832  7.7754E+01  1.1856E-04  2.1332E+03
   #    532203  7.7798E+01  1.1811E-04  2.1632E+03
   #    532573  7.7841E+01  1.1758E-04  2.1933E+03
   #    532943  7.7885E+01  1.1710E-04  2.2234E+03
   #    533302  7.7927E+01  1.1667E-04  2.2534E+03
   #    533672  7.7970E+01  1.1621E-04  2.2835E+03
   #    534041  7.8012E+01  1.1585E-04  2.3135E+03
   #    534422  7.8056E+01  1.1542E-04  2.3436E+03
   #    534796  7.8100E+01  1.1503E-04  2.3736E+03
   #    535167  7.8142E+01  1.1469E-04  2.4036E+03
   #    535549  7.8186E+01  1.1427E-04  2.4337E+03
   #    535931  7.8229E+01  1.1394E-04  2.4637E+03
   #    536313  7.8273E+01  1.1352E-04  2.4937E+03
   #    536675  7.8314E+01  1.1321E-04  2.5238E+03
   #    537032  7.8354E+01  1.1280E-04  2.5539E+03
   #    537390  7.8395E+01  1.1252E-04  2.5839E+03
   #    537748  7.8435E+01  1.1222E-04  2.6140E+03
   #    538108  7.8475E+01  1.1188E-04  2.6441E+03
   #    538456  7.8514E+01  1.1157E-04  2.6741E+03
   #    538808  7.8553E+01  1.1127E-04  2.7041E+03
   #    539166  7.8593E+01  1.1093E-04  2.7341E+03
   #    539524  7.8633E+01  1.1063E-04  2.7641E+03
   #    539884  7.8672E+01  1.1029E-04  2.7942E+03
   #    540233  7.8711E+01  1.0995E-04  2.8243E+03
   #    540592  7.8750E+01  1.0955E-04  2.8543E+03
   #    540948  7.8789E+01  1.0915E-04  2.8844E+03
   #    541305  7.8828E+01  1.0878E-04  2.9144E+03
   #    541662  7.8867E+01  1.0834E-04  2.9445E+03
   #    542011  7.8905E+01  1.0795E-04  2.9745E+03
   #    542361  7.8942E+01  1.0755E-04  3.0045E+03
   #    542721  7.8981E+01  1.0710E-04  3.0345E+03
   #    543076  7.9019E+01  1.0666E-04  3.0646E+03
   #    543436  7.9057E+01  1.0622E-04  3.0947E+03
   #    543795  7.9095E+01  1.0580E-04  3.1248E+03
   #    544134  7.9131E+01  1.0540E-04  3.1548E+03
   #    544483  7.9168E+01  1.0501E-04  3.1849E+03
   #    544848  7.9206E+01  1.0459E-04  3.2150E+03
   #    545212  7.9244E+01  1.0416E-04  3.2450E+03
   #    545571  7.9281E+01  1.0376E-04  3.2751E+03
   #    545920  7.9317E+01  1.0339E-04  3.3051E+03
   #    546274  7.9354E+01  1.0306E-04  3.3352E+03
   #    546635  7.9391E+01  1.0274E-04  3.3652E+03
   #    546996  7.9428E+01  1.0246E-04  3.3953E+03
   #    547352  7.9464E+01  1.0219E-04  3.4253E+03
   #    547708  7.9501E+01  1.0192E-04  3.4553E+03
   #    548053  7.9536E+01  1.0154E-04  3.4854E+03
