 -----------------------------------------------------------------------------
 -----------------------------------------------------------------------------
 |         __  __ ____ ___        _    __  __ ______     ___    ____         |
 |        |  \/  |  _ \_ _|      / \  |  \/  |  _ \ \   / / \  / ___|        |
 |        | |\/| | |_) | |_____ / _ \ | |\/| | |_) \ \ / / _ \| |            |
 |        | |  | |  __/| |_____/ ___ \| |  | |  _ < \ V / ___ \ |___         |
 |        |_|  |_|_|  |___|   /_/   \_\_|  |_|_| \_\ \_/_/   \_\____|        |
 -----------------------------------------------------------------------------
 -----------------------------------------------------------------------------
 Spitzer HD par:   0.21633973559351147     
 Reading amrvac.par
 
 Output type | tsavestart |  dtsave   | ditsave | itsave(1) | tsave(1)
         log | 0.000E+00  | 0.100E+00 | ******  |      0    | *********
      normal | 0.000E+00  | 0.233E+00 | ******  |      0    | *********
       slice | 0.000E+00  | ********* | ******  | ******    | *********
   collapsed | 0.000E+00  | ********* | ******  | ******    | *********
    analysis | 0.000E+00  | ********* | ******  | ******    | *********
 
         Domain size (cells): 1536 
                Level one dx: 0.260E+00 
           Refine estimation: Lohner's scheme
 Note, Grid is reconstructed once every           3 iterations
           restart_from_file:  output/heating_1d0400.dat
                  converting: F

 -------------------------------------------------------------------------------
 Startup phase took :             0.078 sec
 -------------------------------------------------------------------------------
 Start integrating, print status every  3.00E+01 seconds
   #        it        time          dt  wc-time(s)
   #   4076014  9.3161E+01  7.6513E-05  5.2510E-03
   #   4093436  9.4494E+01  7.6627E-05  3.0005E+01
   #   4111504  9.5879E+01  7.6740E-05  6.0008E+01
   #   4129642  9.8384E+01  1.5386E-04  9.0011E+01
   #   4147804  1.0118E+02  1.5430E-04  1.2001E+02
   #   4165909  1.0397E+02  1.5472E-04  1.5002E+02
   #   4184065  1.0678E+02  1.5513E-04  1.8002E+02
   #   4202209  1.0960E+02  1.5553E-04  2.1002E+02
   #   4220344  1.1242E+02  1.5593E-04  2.4002E+02
   #   4238485  1.1525E+02  1.5629E-04  2.7002E+02
   #   4256599  1.1808E+02  1.5666E-04  3.0002E+02
   #   4274027  1.2031E+02  8.0759E-05  3.3002E+02
   #   4291360  1.2106E+02  2.1857E-05  3.6002E+02
   #   4308646  1.2143E+02  2.1043E-05  3.9002E+02
   #   4325935  1.2179E+02  2.0416E-05  4.2003E+02
   #   4343239  1.2214E+02  2.0008E-05  4.5003E+02
   #   4360540  1.2248E+02  1.9736E-05  4.8003E+02
   #   4377849  1.2282E+02  1.9572E-05  5.1003E+02
   #   4395166  1.2326E+02  3.9107E-05  5.4004E+02
   #   4412707  1.2461E+02  7.8894E-05  5.7004E+02
   #   4430737  1.2722E+02  1.6078E-04  6.0004E+02
   #   4448890  1.3016E+02  1.6394E-04  6.3004E+02
   #   4466572  1.3308E+02  1.6695E-04  6.6004E+02
   #   4484731  1.3614E+02  1.6999E-04  6.9005E+02
   #   4502857  1.3924E+02  1.7247E-04  7.2005E+02
   #   4520992  1.4237E+02  1.7265E-04  7.5005E+02
   #   4539130  1.4550E+02  1.7283E-04  7.8005E+02
   #   4557274  1.4863E+02  1.7300E-04  8.1006E+02
   #   4575415  1.5177E+02  1.7317E-04  8.4006E+02
   #   4593546  1.5490E+02  1.7334E-04  8.7006E+02
   #   4611670  1.5804E+02  1.7350E-04  9.0006E+02
   #   4629778  1.6118E+02  1.7366E-04  9.3006E+02
   #   4647638  1.6428E+02  1.7382E-04  9.6010E+02
   #   4665532  1.6739E+02  1.7397E-04  9.9011E+02
   #   4683643  1.7054E+02  1.7412E-04  1.0201E+03
   #   4701736  1.7369E+02  1.7427E-04  1.0501E+03
   #   4719892  1.7685E+02  1.7441E-04  1.0801E+03
   #   4738042  1.8001E+02  1.7455E-04  1.1101E+03
   #   4756180  1.8317E+02  1.7469E-04  1.1401E+03
