 -----------------------------------------------------------------------------
 -----------------------------------------------------------------------------
 |         __  __ ____ ___        _    __  __ ______     ___    ____         |
 |        |  \/  |  _ \_ _|      / \  |  \/  |  _ \ \   / / \  / ___|        |
 |        | |\/| | |_) | |_____ / _ \ | |\/| | |_) \ \ / / _ \| |            |
 |        | |  | |  __/| |_____/ ___ \| |  | |  _ < \ V / ___ \ |___         |
 |        |_|  |_|_|  |___|   /_/   \_\_|  |_|_| \_\ \_/_/   \_\____|        |
 -----------------------------------------------------------------------------
 -----------------------------------------------------------------------------
 Spitzer HD par:   0.21633973559351147     
 Reading amrvac.par
 
 Output type | tsavestart |  dtsave   | ditsave | itsave(1) | tsave(1)
         log | 0.000E+00  | 0.100E+00 | ******  |      0    | *********
      normal | 0.000E+00  | 0.233E+00 | ******  |      0    | *********
       slice | 0.000E+00  | ********* | ******  | ******    | *********
   collapsed | 0.000E+00  | ********* | ******  | ******    | *********
    analysis | 0.000E+00  | ********* | ******  | ******    | *********
 
         Domain size (cells): 1536 
                Level one dx: 0.260E+00 
           Refine estimation: Lohner's scheme
 Note, Grid is reconstructed once every           3 iterations
           restart_from_file:  undefined
                  converting: F

 -------------------------------------------------------------------------------
 Startup phase took :             2.688 sec
 -------------------------------------------------------------------------------
 Start integrating, print status every  3.00E+01 seconds
   #        it        time          dt  wc-time(s)
   #         0  0.0000E+00  2.0152E-04  5.8744E-03
   #     17295  1.3909E+00  7.9026E-06  3.0010E+01
   #     34404  1.5147E+00  1.3303E-05  6.0012E+01
   #     51474  1.7222E+00  1.1237E-05  9.0015E+01
   #     68544  1.9052E+00  1.0410E-05  1.2001E+02
   #     85635  2.0813E+00  1.0256E-05  1.5002E+02
   #    102870  2.2587E+00  1.0365E-05  1.8002E+02
   #    119904  2.4374E+00  1.0633E-05  2.1002E+02
   #    136974  2.6212E+00  1.0901E-05  2.4002E+02
   #    153753  2.8060E+00  1.1122E-05  2.7003E+02
   #    171531  3.0056E+00  1.1326E-05  3.0003E+02
   #    188634  3.2613E+00  2.3119E-05  3.3003E+02
   #    205698  3.6614E+00  2.3777E-05  3.6003E+02
   #    223320  4.0861E+00  2.4433E-05  3.9003E+02
   #    240797  4.5187E+00  2.5076E-05  4.2003E+02
   #    258153  4.9593E+00  2.5699E-05  4.5004E+02
   #    275376  5.4101E+00  2.6695E-05  4.8004E+02
   #    292488  5.8679E+00  2.7350E-05  5.1004E+02
   #    309921  6.3437E+00  2.7372E-05  5.4004E+02
   #    327165  6.8189E+00  2.7700E-05  5.7005E+02
   #    343836  7.2825E+00  2.7910E-05  6.0005E+02
   #    360864  7.6833E+00  1.4041E-05  6.3005E+02
   #    377871  7.9221E+00  1.4059E-05  6.6006E+02
   #    394872  8.1615E+00  1.4091E-05  6.9006E+02
   #    411858  8.4011E+00  1.4122E-05  7.2006E+02
   #    428943  8.6426E+00  1.4152E-05  7.5007E+02
   #    446001  8.8843E+00  1.4179E-05  7.8007E+02
   #    463059  9.1263E+00  1.4205E-05  8.1007E+02
   #    480369  9.3724E+00  1.4232E-05  8.4007E+02
   #    497517  9.5141E+00  7.1229E-06  8.7008E+02
   #    514572  9.6357E+00  7.1289E-06  9.0008E+02
   #    531318  9.7551E+00  7.1349E-06  9.3008E+02
   #    548310  9.8764E+00  7.1412E-06  9.6008E+02
   #    565311  9.9979E+00  7.1480E-06  9.9009E+02
   #    582253  1.0119E+01  7.1537E-06  1.0201E+03
   #    599283  1.0241E+01  7.1597E-06  1.0501E+03
   #    616299  1.0363E+01  7.1655E-06  1.0801E+03
   #    633326  1.0485E+01  7.1711E-06  1.1101E+03
   #    650598  1.0609E+01  7.1764E-06  1.1401E+03
   #    667590  1.0731E+01  7.1812E-06  1.1701E+03
   #    684567  1.0853E+01  7.1870E-06  1.2001E+03
   #    701530  1.0975E+01  7.1924E-06  1.2301E+03
   #    718026  1.1093E+01  7.1976E-06  1.2601E+03
   #    735030  1.1216E+01  7.2034E-06  1.2901E+03
   #    752019  1.1338E+01  7.2095E-06  1.3201E+03
   #    769194  1.1462E+01  7.2164E-06  1.3501E+03
   #    786375  1.1586E+01  7.2232E-06  1.3801E+03
   #    803907  1.1713E+01  7.2301E-06  1.4101E+03
   #    821073  1.1837E+01  7.2374E-06  1.4401E+03
   #    838128  1.1960E+01  7.2443E-06  1.4701E+03
   #    855159  1.2084E+01  7.2518E-06  1.5001E+03
   #    872211  1.2208E+01  7.2592E-06  1.5301E+03
   #    889254  1.2331E+01  7.2669E-06  1.5601E+03
   #    905793  1.2452E+01  7.2740E-06  1.5901E+03
   #    922824  1.2576E+01  7.2821E-06  1.6201E+03
   #    940008  1.2701E+01  7.2901E-06  1.6501E+03
   #    957330  1.2827E+01  7.2980E-06  1.6801E+03
   #    974583  1.2953E+01  7.3059E-06  1.7101E+03
   #    991746  1.3078E+01  7.3139E-06  1.7401E+03
   #   1008732  1.3203E+01  7.3224E-06  1.7701E+03
   #   1025733  1.3327E+01  7.3305E-06  1.8001E+03
   #   1042698  1.3452E+01  7.3390E-06  1.8301E+03
   #   1059916  1.3578E+01  7.3470E-06  1.8601E+03
   #   1076734  1.3702E+01  7.3552E-06  1.8901E+03
   #   1094118  1.3830E+01  7.3638E-06  1.9201E+03
   #   1111272  1.3956E+01  7.3724E-06  1.9501E+03
   #   1128273  1.4082E+01  7.3807E-06  1.9801E+03
   #   1145304  1.4207E+01  7.3895E-06  2.0101E+03
   #   1162296  1.4333E+01  7.3981E-06  2.0401E+03
   #   1179333  1.4459E+01  7.4063E-06  2.0701E+03
   #   1196808  1.4589E+01  7.4150E-06  2.1002E+03
   #   1213914  1.4715E+01  7.4235E-06  2.1302E+03
   #   1230969  1.4842E+01  7.4322E-06  2.1602E+03
   #   1248048  1.4969E+01  7.4407E-06  2.1902E+03
   #   1264663  1.5093E+01  7.4497E-06  2.2202E+03
   #   1281717  1.5220E+01  7.4584E-06  2.2502E+03
   #   1299072  1.5349E+01  7.4663E-06  2.2802E+03
   #   1316508  1.5480E+01  7.4750E-06  2.3102E+03
   #   1333803  1.5609E+01  7.4840E-06  2.3402E+03
   #   1350815  1.5736E+01  7.4926E-06  2.3702E+03
   #   1367829  1.5864E+01  7.5011E-06  2.4002E+03
   #   1384839  1.5992E+01  7.5099E-06  2.4302E+03
   #   1401855  1.6119E+01  7.5185E-06  2.4602E+03
   #   1419270  1.6250E+01  7.5266E-06  2.4902E+03
   #   1436425  1.6380E+01  7.5351E-06  2.5202E+03
   #   1453285  1.6507E+01  7.5435E-06  2.5502E+03
   #   1470294  1.6635E+01  7.5523E-06  2.5802E+03
   #   1487553  1.6766E+01  7.5607E-06  2.6102E+03
   #   1504644  1.6895E+01  7.5695E-06  2.6402E+03
   #   1521670  1.7024E+01  7.5778E-06  2.6702E+03
   #   1539086  1.7156E+01  7.5867E-06  2.7002E+03
   #   1556541  1.7288E+01  7.5948E-06  2.7302E+03
   #   1573791  1.7419E+01  7.6032E-06  2.7602E+03
   #   1591098  1.7551E+01  7.6121E-06  2.7902E+03
   #   1608237  1.7682E+01  7.6209E-06  2.8202E+03
   #   1625514  1.7813E+01  7.6291E-06  2.8502E+03
   #   1642206  1.7941E+01  7.6374E-06  2.8802E+03
   #   1659567  1.8073E+01  7.6452E-06  2.9102E+03
   #   1676934  1.8206E+01  7.6537E-06  2.9402E+03
   #   1694103  1.8338E+01  7.6623E-06  2.9702E+03
   #   1711374  1.8470E+01  7.6709E-06  3.0002E+03
   #   1728522  1.8602E+01  7.6789E-06  3.0302E+03
   #   1745738  1.8734E+01  7.6872E-06  3.0602E+03
   #   1763088  1.8867E+01  7.6954E-06  3.0902E+03
   #   1780529  1.9002E+01  7.7035E-06  3.1202E+03
   #   1797983  1.9136E+01  7.7117E-06  3.1502E+03
   #   1814958  1.9267E+01  7.7198E-06  3.1802E+03
   #   1831494  1.9395E+01  7.7275E-06  3.2102E+03
   #   1848432  1.9526E+01  7.7358E-06  3.2402E+03
   #   1865454  1.9658E+01  7.7438E-06  3.2702E+03
   #   1882830  1.9792E+01  7.7517E-06  3.3002E+03
   #   1899999  1.9925E+01  7.7600E-06  3.3302E+03
   #   1917327  2.0060E+01  7.7676E-06  3.3602E+03
   #   1934514  2.0193E+01  7.7758E-06  3.3902E+03
   #   1951809  2.0328E+01  7.7838E-06  3.4202E+03
   #   1969083  2.0462E+01  7.7922E-06  3.4502E+03
