 -----------------------------------------------------------------------------
 -----------------------------------------------------------------------------
 |         __  __ ____ ___        _    __  __ ______     ___    ____         |
 |        |  \/  |  _ \_ _|      / \  |  \/  |  _ \ \   / / \  / ___|        |
 |        | |\/| | |_) | |_____ / _ \ | |\/| | |_) \ \ / / _ \| |            |
 |        | |  | |  __/| |_____/ ___ \| |  | |  _ < \ V / ___ \ |___         |
 |        |_|  |_|_|  |___|   /_/   \_\_|  |_|_| \_\ \_/_/   \_\____|        |
 -----------------------------------------------------------------------------
 -----------------------------------------------------------------------------
 Spitzer MHD: par:   0.21633973559351147       ,perp:    2.1685795904764041E-011
 Combination of Colgan (2008) for high temperatures and
 Dalgarno & McCray (1972), DM2, for low temperatures
 Reading amrvac.par
 
 Output type | tsavestart |  dtsave   | ditsave | itsave(1) | tsave(1)
         log | 0.000E+00  | 0.200E+00 | ******  |      0    | *********
      normal | 0.000E+00  | 0.200E+00 | ******  |      0    | *********
       slice | 0.000E+00  | ********* | ******  | ******    | *********
   collapsed | 0.000E+00  | ********* | ******  | ******    | *********
    analysis | 0.000E+00  | ********* | ******  | ******    | *********
 
         Domain size (cells): 96 48 
                Level one dx: 0.208E+00 0.208E+00 
           Refine estimation: Lohner's scheme
 Note, Grid is reconstructed once every           3 iterations
           restart_from_file:  output/solar_atm_a0155.dat
                  converting: F

 minra  0.10256244189917035     
 rhob   7382.7014817162089     
 pb   59.061613380997102     
 Using TRACL(ine) method with a mask
 By default, magnetic field lines are traced every 4 grid cells
 NOTE:  2D TRAC method take the y-dir == grav-dir
 Memory requirement for each processor in TRAC:
           1  MB
 -------------------------------------------------------------------------------
 Startup phase took :             0.357 sec
 -------------------------------------------------------------------------------
 Start integrating, print status every  3.00E+01 seconds
   #        it        time          dt  wc-time(s)
   #    468269  6.9702E+01  1.2627E-04  5.4231E-01
   #    468665  6.9752E+01  1.2608E-04  3.0590E+01
   #    469076  6.9803E+01  1.2590E-04  6.0616E+01
   #    469487  6.9855E+01  1.2581E-04  9.0659E+01
   #    469896  6.9907E+01  1.2586E-04  1.2066E+02
   #    470307  6.9958E+01  1.2598E-04  1.5072E+02
   #    470718  7.0010E+01  1.2632E-04  1.8078E+02
   #    471128  7.0062E+01  1.2670E-04  2.1079E+02
   #    471529  7.0113E+01  1.2693E-04  2.4080E+02
   #    471938  7.0165E+01  1.2710E-04  2.7085E+02
   #    472346  7.0217E+01  1.2723E-04  3.0087E+02
   #    472754  7.0269E+01  1.2735E-04  3.3090E+02
   #    473144  7.0318E+01  1.2746E-04  3.6094E+02
   #    473552  7.0370E+01  1.2762E-04  3.9098E+02
   #    473960  7.0422E+01  1.2782E-04  4.2101E+02
   #    474368  7.0475E+01  1.2803E-04  4.5106E+02
   #    474766  7.0526E+01  1.2825E-04  4.8108E+02
   #    475174  7.0578E+01  1.2849E-04  5.1110E+02
   #    475582  7.0630E+01  1.2871E-04  5.4113E+02
   #    475995  7.0684E+01  1.2887E-04  5.7120E+02
   #    476401  7.0736E+01  1.2898E-04  6.0122E+02
   #    476817  7.0790E+01  1.2900E-04  6.3123E+02
   #    477233  7.0843E+01  1.2899E-04  6.6126E+02
   #    477640  7.0896E+01  1.2897E-04  6.9127E+02
   #    478046  7.0948E+01  1.2895E-04  7.2130E+02
   #    478462  7.1002E+01  1.2888E-04  7.5131E+02
   #    478878  7.1055E+01  1.2875E-04  7.8134E+02
   #    479286  7.1108E+01  1.2852E-04  8.1136E+02
   #    479702  7.1161E+01  1.2828E-04  8.4139E+02
   #    480118  7.1214E+01  1.2805E-04  8.7141E+02
   #    480534  7.1268E+01  1.2786E-04  9.0143E+02
   #    480939  7.1319E+01  1.2776E-04  9.3143E+02
   #    481355  7.1373E+01  1.2768E-04  9.6144E+02
   #    481771  7.1426E+01  1.2764E-04  9.9147E+02
   #    482177  7.1477E+01  1.2762E-04  1.0215E+03
   #    482583  7.1529E+01  1.2757E-04  1.0515E+03
   #    483000  7.1582E+01  1.2740E-04  1.0815E+03
   #    483416  7.1635E+01  1.2705E-04  1.1116E+03
   #    483832  7.1688E+01  1.2664E-04  1.1416E+03
   #    484236  7.1739E+01  1.2629E-04  1.1716E+03
   #    484652  7.1792E+01  1.2600E-04  1.2016E+03
   #    485068  7.1844E+01  1.2588E-04  1.2316E+03
   #    485484  7.1896E+01  1.2592E-04  1.2617E+03
   #    485890  7.1948E+01  1.2595E-04  1.2917E+03
   #    486306  7.2000E+01  1.6616E-05  1.3217E+03
   #    486713  7.2051E+01  1.2620E-04  1.3517E+03
   #    487121  7.2103E+01  1.2628E-04  1.3820E+03
   #    487537  7.2155E+01  1.2629E-04  1.4121E+03
   #    487954  7.2208E+01  1.2628E-04  1.4421E+03
   #    488370  7.2260E+01  1.2633E-04  1.4721E+03
   #    488776  7.2312E+01  1.2642E-04  1.5021E+03
   #    489192  7.2364E+01  1.2654E-04  1.5322E+03
   #    489609  7.2417E+01  1.2669E-04  1.5622E+03
   #    490026  7.2470E+01  1.2685E-04  1.5923E+03
   #    490434  7.2522E+01  1.2696E-04  1.6223E+03
   #    490841  7.2573E+01  1.2703E-04  1.6523E+03
   #    491258  7.2626E+01  1.2708E-04  1.6824E+03
   #    491674  7.2679E+01  1.2715E-04  1.7124E+03
   #    492082  7.2731E+01  1.2726E-04  1.7424E+03
   #    492498  7.2784E+01  1.2740E-04  1.7725E+03
   #    492914  7.2837E+01  1.2753E-04  1.8025E+03
   #    493331  7.2890E+01  1.2772E-04  1.8325E+03
   #    493738  7.2942E+01  1.2790E-04  1.8625E+03
   #    494155  7.2995E+01  1.2800E-04  1.8926E+03
   #    494571  7.3049E+01  1.2806E-04  1.9226E+03
   #    494986  7.3102E+01  1.2802E-04  1.9526E+03
   #    495378  7.3152E+01  1.2783E-04  1.9827E+03
   #    495791  7.3205E+01  1.2757E-04  2.0127E+03
   #    496204  7.3257E+01  1.2731E-04  2.0427E+03
   #    496606  7.3308E+01  1.2707E-04  2.0728E+03
   #    497019  7.3361E+01  1.2690E-04  2.1028E+03
   #    497432  7.3413E+01  1.2681E-04  2.1328E+03
   #    497845  7.3465E+01  1.2678E-04  2.1629E+03
   #    498248  7.3517E+01  1.2677E-04  2.1929E+03
   #    498661  7.3569E+01  1.2672E-04  2.2229E+03
   #    499074  7.3621E+01  1.2660E-04  2.2530E+03
   #    499487  7.3673E+01  1.2643E-04  2.2830E+03
   #    499881  7.3723E+01  1.2627E-04  2.3131E+03
   #    500293  7.3775E+01  1.2611E-04  2.3431E+03
   #    500706  7.3827E+01  1.2597E-04  2.3731E+03
   #    501119  7.3879E+01  1.2588E-04  2.4032E+03
   #    501521  7.3930E+01  1.2583E-04  2.4332E+03
   #    501934  7.3982E+01  1.2581E-04  2.4632E+03
   #    502347  7.4034E+01  1.2587E-04  2.4933E+03
   #    502759  7.4086E+01  1.2604E-04  2.5233E+03
   #    503163  7.4137E+01  1.2620E-04  2.5533E+03
   #    503576  7.4189E+01  1.2641E-04  2.5834E+03
   #    503988  7.4241E+01  1.2659E-04  2.6134E+03
   #    504392  7.4292E+01  1.2672E-04  2.6434E+03
   #    504794  7.4343E+01  1.2683E-04  2.6734E+03
   #    505207  7.4395E+01  1.2690E-04  2.7035E+03
   #    505619  7.4447E+01  1.2696E-04  2.7335E+03
   #    506031  7.4500E+01  1.2704E-04  2.7635E+03
   #    506434  7.4551E+01  1.2708E-04  2.7935E+03
   #    506847  7.4603E+01  1.2717E-04  2.8236E+03
   #    507259  7.4656E+01  1.2727E-04  2.8536E+03
   #    507660  7.4707E+01  1.2737E-04  2.8837E+03
   #    508073  7.4760E+01  1.2748E-04  2.9137E+03
   #    508485  7.4812E+01  1.2754E-04  2.9438E+03
   #    508889  7.4864E+01  1.2758E-04  2.9738E+03
   #    509291  7.4915E+01  1.2751E-04  3.0038E+03
   #    509704  7.4967E+01  1.2730E-04  3.0339E+03
   #    510117  7.5020E+01  1.2705E-04  3.0640E+03
   #    510529  7.5072E+01  1.2678E-04  3.0940E+03
   #    510931  7.5123E+01  1.2661E-04  3.1240E+03
   #    511343  7.5175E+01  1.2657E-04  3.1540E+03
   #    511755  7.5227E+01  1.2664E-04  3.1840E+03
   #    512170  7.5280E+01  1.2671E-04  3.2141E+03
   #    512578  7.5332E+01  1.2683E-04  3.2441E+03
   #    512999  7.5385E+01  1.2693E-04  3.2742E+03
   #    513407  7.5437E+01  1.2695E-04  3.3042E+03
   #    513824  7.5490E+01  1.2689E-04  3.3342E+03
   #    514231  7.5541E+01  1.2687E-04  3.3643E+03
   #    514648  7.5594E+01  1.2683E-04  3.3943E+03
   #    515065  7.5647E+01  1.2685E-04  3.4244E+03
   #    515482  7.5700E+01  1.2691E-04  3.4544E+03
   #    515888  7.5752E+01  1.2702E-04  3.4844E+03
   #    516305  7.5804E+01  1.2714E-04  3.5145E+03
   #    516723  7.5858E+01  1.2722E-04  3.5445E+03
   #    517130  7.5909E+01  1.2727E-04  3.5745E+03
   #    517536  7.5961E+01  1.2725E-04  3.6046E+03
   #    517950  7.6014E+01  1.2721E-04  3.6346E+03
   #    518364  7.6066E+01  1.2714E-04  3.6646E+03
   #    518766  7.6118E+01  1.2719E-04  3.6947E+03
   #    519180  7.6170E+01  1.2732E-04  3.7247E+03
   #    519594  7.6223E+01  1.2753E-04  3.7548E+03
   #    520012  7.6276E+01  1.2779E-04  3.7848E+03
   #    520422  7.6329E+01  1.2804E-04  3.8148E+03
   #    520838  7.6382E+01  1.2825E-04  3.8449E+03
   #    521251  7.6435E+01  1.2824E-04  3.8750E+03
   #    521661  7.6487E+01  1.2808E-04  3.9050E+03
   #    522056  7.6538E+01  1.2785E-04  3.9350E+03
   #    522471  7.6591E+01  1.2763E-04  3.9650E+03
   #    522887  7.6644E+01  1.2759E-04  3.9951E+03
   #    523303  7.6697E+01  1.2766E-04  4.0251E+03
   #    523709  7.6749E+01  1.2786E-04  4.0551E+03
   #    524120  7.6802E+01  1.2811E-04  4.0852E+03
   #    524531  7.6854E+01  1.2847E-04  4.1152E+03
   #    524931  7.6906E+01  1.2870E-04  4.1452E+03
   #    525343  7.6959E+01  1.2886E-04  4.1752E+03
   #    525755  7.7012E+01  1.2898E-04  4.2053E+03
   #    526163  7.7065E+01  1.2906E-04  4.2353E+03
   #    526551  7.7115E+01  1.2916E-04  4.2653E+03
   #    526958  7.7167E+01  1.2928E-04  4.2954E+03
   #    527366  7.7220E+01  1.2944E-04  4.3254E+03
   #    527774  7.7273E+01  1.2955E-04  4.3554E+03
   #    528177  7.7325E+01  1.2960E-04  4.3855E+03
   #    528586  7.7378E+01  1.2949E-04  4.4156E+03
   #    528995  7.7431E+01  1.2934E-04  4.4456E+03
   #    529401  7.7483E+01  1.2923E-04  4.4757E+03
   #    529787  7.7533E+01  1.2916E-04  4.5057E+03
   #    530183  7.7584E+01  1.2904E-04  4.5358E+03
   #    530591  7.7637E+01  1.2897E-04  4.5658E+03
   #    530995  7.7689E+01  1.2875E-04  4.5959E+03
   #    531402  7.7741E+01  1.2844E-04  4.6259E+03
   #    531819  7.7795E+01  1.2817E-04  4.6559E+03
   #    532236  7.7848E+01  1.2812E-04  4.6859E+03
   #    532639  7.7900E+01  1.2816E-04  4.7160E+03
   #    533028  7.7950E+01  1.2831E-04  4.7460E+03
   #    533427  7.8001E+01  1.2850E-04  4.7760E+03
   #    533821  7.8052E+01  1.2863E-04  4.8060E+03
   #    534218  7.8103E+01  1.2845E-04  4.8360E+03
   #    534605  7.8152E+01  1.2816E-04  4.8661E+03
   #    535002  7.8203E+01  1.2792E-04  4.8961E+03
   #    535392  7.8253E+01  1.2753E-04  4.9261E+03
   #    535791  7.8304E+01  1.2699E-04  4.9561E+03
   #    536180  7.8353E+01  1.2648E-04  4.9862E+03
   #    536580  7.8403E+01  1.2594E-04  5.0162E+03
   #    536980  7.8454E+01  1.2549E-04  5.0463E+03
   #    537378  7.8504E+01  1.2515E-04  5.0763E+03
   #    537755  7.8551E+01  1.2497E-04  5.1063E+03
   #    538142  7.8599E+01  1.2492E-04  5.1364E+03
   #    538529  7.8647E+01  1.2497E-04  5.1664E+03
   #    538916  7.8696E+01  1.2500E-04  5.1965E+03
   #    539283  7.8742E+01  1.2490E-04  5.2265E+03
   #    539667  7.8790E+01  1.2487E-04  5.2565E+03
   #    540051  7.8837E+01  1.2493E-04  5.2865E+03
   #    540435  7.8885E+01  1.2501E-04  5.3166E+03
   #    540810  7.8932E+01  1.2511E-04  5.3466E+03
   #    541186  7.8979E+01  1.2502E-04  5.3767E+03
   #    541562  7.9026E+01  1.2462E-04  5.4067E+03
   #    541939  7.9073E+01  1.2421E-04  5.4368E+03
   #    542308  7.9119E+01  1.2390E-04  5.4668E+03
   #    542697  7.9167E+01  1.2370E-04  5.4969E+03
   #    543086  7.9215E+01  1.2360E-04  5.5269E+03
   #    543466  7.9262E+01  1.2348E-04  5.5570E+03
   #    543844  7.9309E+01  1.2337E-04  5.5870E+03
   #    544234  7.9357E+01  1.2326E-04  5.6170E+03
   #    544623  7.9405E+01  1.2317E-04  5.6470E+03
   #    545011  7.9453E+01  1.2300E-04  5.6770E+03
   #    545399  7.9500E+01  1.2295E-04  5.7071E+03
   #    545782  7.9547E+01  1.2300E-04  5.7371E+03
   #    546176  7.9596E+01  1.2292E-04  5.7671E+03
   #    546570  7.9644E+01  1.2290E-04  5.7971E+03
   #    546964  7.9693E+01  1.2295E-04  5.8272E+03
   #    547342  7.9739E+01  1.2303E-04  5.8572E+03
   #    547720  7.9786E+01  1.2311E-04  5.8872E+03
   #    548108  7.9833E+01  1.2317E-04  5.9173E+03
   #    548495  7.9881E+01  1.2329E-04  5.9473E+03
   #    548871  7.9927E+01  1.2332E-04  5.9773E+03
   #    549256  7.9975E+01  1.2316E-04  6.0073E+03
   #    549639  8.0022E+01  1.2313E-04  6.0374E+03
   #    550022  8.0069E+01  1.2325E-04  6.0674E+03
   #    550400  8.0116E+01  1.2341E-04  6.0975E+03
   #    550783  8.0163E+01  1.2344E-04  6.1275E+03
   #    551170  8.0211E+01  1.2346E-04  6.1575E+03
   #    551557  8.0259E+01  1.2345E-04  6.1876E+03
   #    551933  8.0305E+01  1.2347E-04  6.2176E+03
   #    552307  8.0351E+01  1.2362E-04  6.2477E+03
   #    552689  8.0398E+01  1.2390E-04  6.2777E+03
   #    553072  8.0446E+01  1.2411E-04  6.3078E+03
   #    553456  8.0494E+01  1.2416E-04  6.3378E+03
   #    553830  8.0540E+01  1.2430E-04  6.3678E+03
   #    554214  8.0588E+01  1.2446E-04  6.3979E+03
   #    554597  8.0635E+01  1.2466E-04  6.4279E+03
   #    554981  8.0683E+01  1.2490E-04  6.4579E+03
   #    555363  8.0731E+01  1.2508E-04  6.4880E+03
   #    555754  8.0780E+01  1.2536E-04  6.5180E+03
   #    556143  8.0829E+01  1.2570E-04  6.5481E+03
   #    556538  8.0878E+01  1.2574E-04  6.5781E+03
   #    556911  8.0925E+01  1.2577E-04  6.6081E+03
   #    557292  8.0973E+01  1.2590E-04  6.6382E+03
   #    557673  8.1021E+01  1.2604E-04  6.6682E+03
   #    558054  8.1069E+01  1.2610E-04  6.6982E+03
   #    558424  8.1116E+01  1.2603E-04  6.7283E+03
   #    558803  8.1164E+01  1.2581E-04  6.7583E+03
   #    559181  8.1211E+01  1.2555E-04  6.7884E+03
   #    559558  8.1258E+01  1.2526E-04  6.8184E+03
   #    559935  8.1305E+01  1.2494E-04  6.8484E+03
   #    560297  8.1351E+01  1.2458E-04  6.8785E+03
   #    560677  8.1398E+01  1.2420E-04  6.9085E+03
   #    561057  8.1445E+01  1.2400E-04  6.9386E+03
   #    561437  8.1492E+01  1.2388E-04  6.9687E+03
   #    561806  8.1538E+01  1.2386E-04  6.9987E+03
   #    562184  8.1585E+01  1.2399E-04  7.0287E+03
   #    562564  8.1632E+01  1.2384E-04  7.0588E+03
   #    562941  8.1678E+01  1.2381E-04  7.0889E+03
   #    563307  8.1724E+01  1.2372E-04  7.1189E+03
   #    563680  8.1770E+01  1.2364E-04  7.1489E+03
   #    564046  8.1815E+01  1.2349E-04  7.1790E+03
   #    564418  8.1861E+01  1.2340E-04  7.2090E+03
   #    564782  8.1906E+01  1.2343E-04  7.2392E+03
   #    565155  8.1952E+01  1.2344E-04  7.2692E+03
   #    565532  8.1998E+01  1.2337E-04  7.2993E+03
   #    565909  8.2045E+01  1.2333E-04  7.3293E+03
   #    566286  8.2091E+01  1.2321E-04  7.3593E+03
   #    566651  8.2136E+01  1.2311E-04  7.3894E+03
   #    567031  8.2183E+01  1.2303E-04  7.4195E+03
   #    567411  8.2230E+01  1.2290E-04  7.4495E+03
   #    567791  8.2276E+01  1.2282E-04  7.4795E+03
   #    568152  8.2321E+01  1.2279E-04  7.5096E+03
   #    568532  8.2367E+01  1.2280E-04  7.5396E+03
   #    568912  8.2414E+01  1.2275E-04  7.5696E+03
   #    569291  8.2460E+01  1.2274E-04  7.5997E+03
   #    569661  8.2506E+01  1.2272E-04  7.6297E+03
   #    570038  8.2552E+01  1.2261E-04  7.6598E+03
   #    570418  8.2599E+01  1.2250E-04  7.6898E+03
   #    570798  8.2645E+01  1.2241E-04  7.7199E+03
   #    571178  8.2692E+01  1.2236E-04  7.7499E+03
   #    571547  8.2737E+01  1.2233E-04  7.7799E+03
   #    571926  8.2783E+01  1.2231E-04  7.8100E+03
   #    572293  8.2828E+01  1.2231E-04  7.8401E+03
   #    572661  8.2873E+01  1.2231E-04  7.8701E+03
   #    573017  8.2916E+01  1.2229E-04  7.9001E+03
   #    573380  8.2961E+01  1.2228E-04  7.9302E+03
   #    573745  8.3005E+01  1.2226E-04  7.9602E+03
   #    574114  8.3050E+01  1.2216E-04  7.9902E+03
   #    574483  8.3096E+01  1.2206E-04  8.0203E+03
   #    574834  8.3138E+01  1.2199E-04  8.0503E+03
   #    575195  8.3182E+01  1.2188E-04  8.0803E+03
   #    575557  8.3226E+01  1.2179E-04  8.1103E+03
   #    575919  8.3271E+01  1.2175E-04  8.1403E+03
   #    576269  8.3313E+01  1.2166E-04  8.1704E+03
   #    576632  8.3357E+01  1.2155E-04  8.2004E+03
   #    576995  8.3401E+01  1.2148E-04  8.2305E+03
   #    577358  8.3445E+01  1.2149E-04  8.2605E+03
   #    577724  8.3490E+01  1.2156E-04  8.2905E+03
   #    578077  8.3533E+01  1.2160E-04  8.3206E+03
   #    578437  8.3577E+01  1.2163E-04  8.3506E+03
   #    578797  8.3620E+01  1.2164E-04  8.3807E+03
   #    579157  8.3664E+01  1.2167E-04  8.4107E+03
   #    579510  8.3707E+01  1.2173E-04  8.4408E+03
   #    579874  8.3751E+01  1.2174E-04  8.4708E+03
   #    580230  8.3795E+01  1.2178E-04  8.5009E+03
   #    580593  8.3839E+01  1.2185E-04  8.5309E+03
   #    580956  8.3883E+01  1.2190E-04  8.5610E+03
   #    581309  8.3926E+01  1.2190E-04  8.5910E+03
   #    581672  8.3970E+01  1.2189E-04  8.6211E+03
   #    582033  8.4014E+01  1.2189E-04  8.6511E+03
   #    582393  8.4058E+01  1.2190E-04  8.6811E+03
   #    582753  8.4102E+01  1.2192E-04  8.7111E+03
   #    583110  8.4146E+01  1.2196E-04  8.7412E+03
   #    583477  8.4190E+01  1.2202E-04  8.7713E+03
   #    583832  8.4234E+01  1.2213E-04  8.8013E+03
   #    584169  8.4275E+01  1.2224E-04  8.8314E+03
   #    584493  8.4314E+01  1.2240E-04  8.8614E+03
   #    584827  8.4355E+01  1.2255E-04  8.8915E+03
   #    585160  8.4396E+01  1.2267E-04  8.9215E+03
   #    585494  8.4437E+01  1.2278E-04  8.9516E+03
   #    585828  8.4478E+01  1.2289E-04  8.9816E+03
   #    586150  8.4518E+01  1.2296E-04  9.0117E+03
   #    586479  8.4558E+01  1.2303E-04  9.0417E+03
   #    586809  8.4599E+01  1.2314E-04  9.0718E+03
   #    587140  8.4639E+01  1.2323E-04  9.1018E+03
   #    587463  8.4679E+01  1.2331E-04  9.1319E+03
   #    587782  8.4719E+01  1.2321E-04  9.1619E+03
   #    588104  8.4758E+01  1.2291E-04  9.1920E+03
   #    588424  8.4797E+01  1.2262E-04  9.2220E+03
   #    588743  8.4836E+01  1.2224E-04  9.2521E+03
   #    589060  8.4875E+01  1.2179E-04  9.2822E+03
   #    589352  8.4911E+01  1.2132E-04  9.3122E+03
   #    589647  8.4946E+01  1.2086E-04  9.3423E+03
   #    589942  8.4982E+01  1.2043E-04  9.3723E+03
   #    590237  8.5017E+01  1.1998E-04  9.4024E+03
   #    590532  8.5053E+01  1.1947E-04  9.4325E+03
   #    590820  8.5087E+01  1.1898E-04  9.4625E+03
   #    591106  8.5121E+01  1.1852E-04  9.4925E+03
   #    591405  8.5156E+01  1.1806E-04  9.5226E+03
   #    591705  8.5192E+01  1.1758E-04  9.5526E+03
   #    592005  8.5227E+01  1.1708E-04  9.5827E+03
   #    592305  8.5262E+01  1.1665E-04  9.6127E+03
   #    592605  8.5297E+01  1.1623E-04  9.6428E+03
   #    592901  8.5331E+01  1.1566E-04  9.6728E+03
   #    593204  8.5366E+01  1.1510E-04  9.7028E+03
   #    593507  8.5401E+01  1.1436E-04  9.7329E+03
   #    593809  8.5435E+01  1.1369E-04  9.7629E+03
   #    594095  8.5468E+01  1.1295E-04  9.7929E+03
   #    594387  8.5501E+01  1.1234E-04  9.8229E+03
   #    594671  8.5532E+01  1.1164E-04  9.8530E+03
   #    594963  8.5565E+01  1.1093E-04  9.8830E+03
   #    595255  8.5597E+01  1.1041E-04  9.9130E+03
   #    595547  8.5629E+01  1.0982E-04  9.9431E+03
   #    595839  8.5661E+01  1.0908E-04  9.9731E+03
   #    596132  8.5693E+01  1.0851E-04  1.0003E+04
   #    596415  8.5724E+01  1.0803E-04  1.0033E+04
   #    596705  8.5755E+01  1.0729E-04  1.0063E+04
   #    596994  8.5786E+01  1.0688E-04  1.0093E+04
   #    597277  8.5816E+01  1.0640E-04  1.0123E+04
   #    597566  8.5847E+01  1.0595E-04  1.0153E+04
   #    597855  8.5877E+01  1.0546E-04  1.0184E+04
   #    598141  8.5907E+01  1.0504E-04  1.0214E+04
   #    598437  8.5938E+01  1.0447E-04  1.0244E+04
   #    598733  8.5969E+01  1.0406E-04  1.0274E+04
   #    599029  8.6000E+01  1.0359E-04  1.0304E+04
   #    599325  8.6031E+01  1.0325E-04  1.0334E+04
   #    599621  8.6061E+01  1.0286E-04  1.0364E+04
   #    599917  8.6091E+01  1.0229E-04  1.0394E+04
   #    600204  8.6121E+01  1.0187E-04  1.0424E+04
   #    600494  8.6150E+01  1.0138E-04  1.0454E+04
   #    600788  8.6180E+01  1.0105E-04  1.0484E+04
   #    601083  8.6210E+01  1.0078E-04  1.0514E+04
   #    601377  8.6239E+01  1.0038E-04  1.0544E+04
   #    601672  8.6269E+01  1.0019E-04  1.0574E+04
   #    601969  8.6299E+01  9.9773E-05  1.0604E+04
   #    602255  8.6327E+01  9.9517E-05  1.0634E+04
   #    602548  8.6356E+01  9.9312E-05  1.0664E+04
   #    602841  8.6385E+01  9.8944E-05  1.0694E+04
   #    603134  8.6414E+01  9.8669E-05  1.0724E+04
   #    603422  8.6442E+01  9.8377E-05  1.0754E+04
   #    603715  8.6471E+01  9.8109E-05  1.0784E+04
   #    604007  8.6500E+01  9.7909E-05  1.0814E+04
   #    604287  8.6527E+01  9.7651E-05  1.0844E+04
   #    604580  8.6556E+01  9.7523E-05  1.0875E+04
   #    604873  8.6584E+01  9.7341E-05  1.0905E+04
   #    605165  8.6613E+01  9.7168E-05  1.0935E+04
   #    605458  8.6641E+01  9.6935E-05  1.0965E+04
   #    605751  8.6670E+01  9.6654E-05  1.0995E+04
   #    606043  8.6698E+01  9.6408E-05  1.1025E+04
   #    606326  8.6725E+01  9.6190E-05  1.1055E+04
   #    606612  8.6752E+01  9.6031E-05  1.1085E+04
   #    606904  8.6780E+01  9.5835E-05  1.1115E+04
   #    607196  8.6808E+01  9.5641E-05  1.1145E+04
   #    607488  8.6836E+01  9.5519E-05  1.1175E+04
   #    607781  8.6864E+01  9.5342E-05  1.1205E+04
   #    608074  8.6892E+01  9.5156E-05  1.1235E+04
   #    608359  8.6919E+01  9.5035E-05  1.1265E+04
   #    608652  8.6947E+01  9.4921E-05  1.1296E+04
   #    608945  8.6975E+01  9.4815E-05  1.1326E+04
   #    609238  8.7003E+01  9.4750E-05  1.1356E+04
   #    609531  8.7030E+01  9.4719E-05  1.1386E+04
   #    609818  8.7058E+01  9.4689E-05  1.1416E+04
   #    610111  8.7085E+01  9.4611E-05  1.1446E+04
   #    610394  8.7112E+01  9.4621E-05  1.1476E+04
   #    610685  8.7140E+01  9.4653E-05  1.1506E+04
   #    610976  8.7167E+01  9.4649E-05  1.1536E+04
   #    611267  8.7195E+01  9.4636E-05  1.1566E+04
   #    611558  8.7222E+01  9.4592E-05  1.1596E+04
   #    611849  8.7250E+01  9.4560E-05  1.1626E+04
   #    612140  8.7277E+01  9.4515E-05  1.1656E+04
   #    612431  8.7305E+01  9.4447E-05  1.1686E+04
   #    612713  8.7331E+01  9.4328E-05  1.1716E+04
   #    612997  8.7358E+01  9.4233E-05  1.1746E+04
   #    613287  8.7385E+01  9.4157E-05  1.1776E+04
   #    613577  8.7413E+01  9.4106E-05  1.1806E+04
   #    613867  8.7440E+01  9.3974E-05  1.1836E+04
   #    614157  8.7467E+01  9.3893E-05  1.1866E+04
   #    614447  8.7494E+01  9.3855E-05  1.1896E+04
   #    614729  8.7521E+01  9.3686E-05  1.1927E+04
   #    615019  8.7548E+01  9.3419E-05  1.1957E+04
   #    615309  8.7575E+01  9.3137E-05  1.1987E+04
   #    615599  8.7602E+01  9.2861E-05  1.2017E+04
   #    615889  8.7629E+01  9.2588E-05  1.2047E+04
   #    616174  8.7655E+01  9.2308E-05  1.2077E+04
   #    616464  8.7682E+01  9.2017E-05  1.2107E+04
   #    616744  8.7708E+01  9.1743E-05  1.2137E+04
   #    617032  8.7734E+01  9.1466E-05  1.2167E+04
   #    617323  8.7761E+01  9.1076E-05  1.2197E+04
   #    617614  8.7787E+01  9.0674E-05  1.2227E+04
   #    617905  8.7813E+01  9.0263E-05  1.2257E+04
   #    618196  8.7839E+01  8.9849E-05  1.2287E+04
   #    618484  8.7865E+01  8.9459E-05  1.2317E+04
   #    618771  8.7891E+01  8.9076E-05  1.2347E+04
   #    619043  8.7915E+01  8.8713E-05  1.2377E+04
   #    619330  8.7941E+01  8.8344E-05  1.2407E+04
   #    619617  8.7966E+01  8.7991E-05  1.2437E+04
   #    619904  8.7991E+01  8.7647E-05  1.2467E+04
   #    620191  8.8016E+01  8.7302E-05  1.2497E+04
   #    620476  8.8041E+01  8.6969E-05  1.2527E+04
   #    620761  8.8066E+01  8.6642E-05  1.2557E+04
   #    621046  8.8090E+01  8.6313E-05  1.2587E+04
   #    621321  8.8114E+01  8.6001E-05  1.2618E+04
   #    621606  8.8138E+01  8.5680E-05  1.2648E+04
   #    621891  8.8163E+01  8.5360E-05  1.2678E+04
   #    622170  8.8187E+01  8.5044E-05  1.2708E+04
   #    622454  8.8211E+01  8.4728E-05  1.2738E+04
   #    622738  8.8235E+01  8.4424E-05  1.2768E+04
   #    623022  8.8259E+01  8.4111E-05  1.2798E+04
   #    623306  8.8282E+01  8.3795E-05  1.2828E+04
   #    623591  8.8306E+01  8.3487E-05  1.2858E+04
   #    623867  8.8329E+01  8.3206E-05  1.2888E+04
   #    624155  8.8353E+01  8.2917E-05  1.2918E+04
   #    624444  8.8377E+01  8.2626E-05  1.2948E+04
   #    624733  8.8401E+01  8.2325E-05  1.2978E+04
   #    625022  8.8425E+01  8.2041E-05  1.3008E+04
   #    625305  8.8448E+01  8.1780E-05  1.3038E+04
   #    625594  8.8472E+01  8.1505E-05  1.3068E+04
   #    625884  8.8495E+01  8.1218E-05  1.3098E+04
   #    626168  8.8518E+01  8.0940E-05  1.3128E+04
   #    626461  8.8542E+01  8.0661E-05  1.3158E+04
   #    626753  8.8565E+01  8.0396E-05  1.3188E+04
   #    627045  8.8589E+01  8.0163E-05  1.3219E+04
   #    627334  8.8612E+01  7.9964E-05  1.3249E+04
   #    627634  8.8636E+01  7.9783E-05  1.3279E+04
   #    627942  8.8660E+01  7.9611E-05  1.3309E+04
   #    628252  8.8685E+01  7.9455E-05  1.3339E+04
   #    628551  8.8709E+01  7.9319E-05  1.3369E+04
   #    628866  8.8734E+01  7.9196E-05  1.3399E+04
   #    629180  8.8759E+01  7.9098E-05  1.3429E+04
   #    629495  8.8783E+01  7.9025E-05  1.3459E+04
   #    629810  8.8808E+01  7.8970E-05  1.3489E+04
   #    630125  8.8833E+01  7.8925E-05  1.3519E+04
   #    630440  8.8858E+01  7.8852E-05  1.3549E+04
   #    630754  8.8883E+01  7.8785E-05  1.3579E+04
   #    631065  8.8907E+01  7.8748E-05  1.3610E+04
   #    631380  8.8932E+01  7.8724E-05  1.3640E+04
   #    631694  8.8957E+01  7.8702E-05  1.3670E+04
   #    632001  8.8981E+01  7.8673E-05  1.3700E+04
   #    632314  8.9006E+01  7.8645E-05  1.3730E+04
   #    632627  8.9030E+01  7.8626E-05  1.3760E+04
   #    632940  8.9055E+01  7.8615E-05  1.3790E+04
   #    633253  8.9079E+01  7.8597E-05  1.3820E+04
   #    633554  8.9103E+01  7.8585E-05  1.3850E+04
   #    633846  8.9126E+01  7.8581E-05  1.3880E+04
   #    634147  8.9150E+01  7.8580E-05  1.3910E+04
   #    634447  8.9173E+01  7.8569E-05  1.3940E+04
   #    634747  8.9197E+01  7.8559E-05  1.3970E+04
   #    635047  8.9220E+01  7.8563E-05  1.4001E+04
   #    635343  8.9244E+01  7.8577E-05  1.4031E+04
   #    635643  8.9267E+01  7.8598E-05  1.4061E+04
   #    635943  8.9291E+01  7.8634E-05  1.4091E+04
   #    636234  8.9314E+01  7.8676E-05  1.4121E+04
   #    636534  8.9337E+01  7.8716E-05  1.4151E+04
   #    636834  8.9361E+01  7.8763E-05  1.4181E+04
   #    637134  8.9384E+01  7.8809E-05  1.4211E+04
   #    637435  8.9408E+01  7.8854E-05  1.4241E+04
   #    637735  8.9432E+01  7.8901E-05  1.4271E+04
   #    638035  8.9455E+01  7.8952E-05  1.4301E+04
   #    638330  8.9479E+01  7.9010E-05  1.4331E+04
   #    638630  8.9502E+01  7.9071E-05  1.4361E+04
   #    638923  8.9526E+01  7.9111E-05  1.4391E+04
   #    639224  8.9549E+01  7.9155E-05  1.4421E+04
   #    639525  8.9573E+01  7.9194E-05  1.4451E+04
   #    639827  8.9597E+01  7.9232E-05  1.4481E+04
   #    640135  8.9622E+01  7.9275E-05  1.4511E+04
   #    640440  8.9646E+01  7.9312E-05  1.4542E+04
   #    640744  8.9670E+01  7.9357E-05  1.4572E+04
   #    641049  8.9694E+01  7.9412E-05  1.4602E+04
   #    641346  8.9718E+01  7.9451E-05  1.4632E+04
   #    641644  8.9741E+01  7.9495E-05  1.4662E+04
   #    641950  8.9766E+01  7.9549E-05  1.4692E+04
   #    642256  8.9790E+01  7.9600E-05  1.4722E+04
   #    642562  8.9814E+01  7.9664E-05  1.4752E+04
   #    642868  8.9839E+01  7.9734E-05  1.4782E+04
   #    643174  8.9863E+01  7.9797E-05  1.4812E+04
   #    643479  8.9887E+01  7.9768E-05  1.4842E+04
   #    643774  8.9911E+01  7.9743E-05  1.4872E+04
   #    644078  8.9935E+01  7.9848E-05  1.4902E+04
   #    644381  8.9959E+01  8.0181E-05  1.4932E+04
   #    644684  8.9984E+01  8.0783E-05  1.4962E+04
   #    644981  9.0008E+01  8.1922E-05  1.4992E+04
   #    645284  9.0033E+01  8.3810E-05  1.5022E+04
   #    645587  9.0059E+01  8.5719E-05  1.5052E+04
   #    645889  9.0085E+01  8.7352E-05  1.5082E+04
   #    646182  9.0111E+01  8.8887E-05  1.5112E+04
   #    646484  9.0138E+01  9.2392E-05  1.5142E+04
   #    646786  9.0166E+01  9.4526E-05  1.5172E+04
   #    647088  9.0195E+01  9.6611E-05  1.5202E+04
   #    647391  9.0225E+01  9.8803E-05  1.5232E+04
   #    647693  9.0255E+01  1.0039E-04  1.5262E+04
   #    647993  9.0285E+01  1.0148E-04  1.5293E+04
   #    648276  9.0314E+01  1.0242E-04  1.5323E+04
   #    648572  9.0344E+01  1.0265E-04  1.5353E+04
   #    648868  9.0375E+01  1.0323E-04  1.5383E+04
   #    649164  9.0405E+01  1.0357E-04  1.5413E+04
   #    649460  9.0436E+01  1.0379E-04  1.5443E+04
   #    649756  9.0467E+01  1.0394E-04  1.5473E+04
   #    650052  9.0498E+01  1.0405E-04  1.5503E+04
   #    650340  9.0527E+01  1.0415E-04  1.5533E+04
   #    650637  9.0558E+01  1.0422E-04  1.5563E+04
   #    650933  9.0589E+01  1.0430E-04  1.5593E+04
   #    651229  9.0620E+01  1.0448E-04  1.5623E+04
   #    651519  9.0650E+01  1.0462E-04  1.5653E+04
   #    651815  9.0681E+01  1.0468E-04  1.5683E+04
   #    652102  9.0712E+01  1.0469E-04  1.5713E+04
   #    652404  9.0743E+01  1.0473E-04  1.5743E+04
   #    652705  9.0775E+01  1.0481E-04  1.5773E+04
   #    653006  9.0806E+01  1.0494E-04  1.5803E+04
   #    653307  9.0838E+01  1.0514E-04  1.5833E+04
   #    653608  9.0869E+01  1.0544E-04  1.5863E+04
   #    653909  9.0901E+01  1.0578E-04  1.5893E+04
   #    654200  9.0932E+01  1.0621E-04  1.5923E+04
   #    654495  9.0964E+01  1.0670E-04  1.5953E+04
   #    654796  9.0996E+01  1.0727E-04  1.5983E+04
   #    655097  9.1028E+01  1.0791E-04  1.6014E+04
   #    655398  9.1061E+01  1.0861E-04  1.6044E+04
   #    655700  9.1094E+01  1.0934E-04  1.6074E+04
   #    655992  9.1126E+01  1.1003E-04  1.6104E+04
   #    656294  9.1159E+01  1.1010E-04  1.6134E+04
   #    656596  9.1192E+01  1.1018E-04  1.6164E+04
   #    656898  9.1225E+01  1.1030E-04  1.6194E+04
   #    657199  9.1259E+01  1.1044E-04  1.6224E+04
   #    657500  9.1292E+01  1.1058E-04  1.6254E+04
   #    657786  9.1323E+01  1.1009E-04  1.6284E+04
   #    658088  9.1357E+01  1.0971E-04  1.6314E+04
   #    658390  9.1390E+01  1.0945E-04  1.6344E+04
   #    658692  9.1423E+01  1.0948E-04  1.6374E+04
   #    658994  9.1456E+01  1.0926E-04  1.6404E+04
   #    659297  9.1489E+01  1.0862E-04  1.6434E+04
   #    659589  9.1521E+01  1.0854E-04  1.6464E+04
   #    659892  9.1553E+01  1.0879E-04  1.6494E+04
   #    660195  9.1586E+01  1.0911E-04  1.6525E+04
   #    660498  9.1619E+01  1.0917E-04  1.6555E+04
   #    660801  9.1652E+01  1.0905E-04  1.6585E+04
   #    661098  9.1685E+01  1.0919E-04  1.6615E+04
   #    661392  9.1717E+01  1.0939E-04  1.6645E+04
   #    661695  9.1750E+01  1.0971E-04  1.6675E+04
   #    661998  9.1784E+01  1.1001E-04  1.6705E+04
   #    662301  9.1817E+01  1.1012E-04  1.6735E+04
   #    662604  9.1850E+01  1.1015E-04  1.6765E+04
   #    662907  9.1884E+01  1.1011E-04  1.6795E+04
   #    663199  9.1916E+01  1.1024E-04  1.6825E+04
   #    663502  9.1949E+01  1.1042E-04  1.6855E+04
   #    663804  9.1983E+01  1.1066E-04  1.6885E+04
   #    664107  9.2016E+01  1.1092E-04  1.6915E+04
   #    664403  9.2049E+01  1.1120E-04  1.6945E+04
   #    664705  9.2083E+01  1.1147E-04  1.6975E+04
   #    664999  9.2115E+01  1.1172E-04  1.7005E+04
   #    665302  9.2149E+01  1.1199E-04  1.7035E+04
   #    665604  9.2183E+01  1.1229E-04  1.7065E+04
   #    665906  9.2217E+01  1.1262E-04  1.7095E+04
   #    666208  9.2251E+01  1.1293E-04  1.7126E+04
   #    666510  9.2285E+01  1.1329E-04  1.7156E+04
   #    666802  9.2319E+01  1.1373E-04  1.7186E+04
   #    667104  9.2353E+01  1.1432E-04  1.7216E+04
   #    667406  9.2388E+01  1.1504E-04  1.7246E+04
   #    667702  9.2422E+01  1.1574E-04  1.7276E+04
   #    668004  9.2457E+01  1.1630E-04  1.7306E+04
   #    668305  9.2492E+01  1.1673E-04  1.7336E+04
   #    668597  9.2526E+01  1.1740E-04  1.7366E+04
   #    668898  9.2562E+01  1.1763E-04  1.7396E+04
   #    669199  9.2597E+01  1.1766E-04  1.7426E+04
   #    669500  9.2632E+01  1.1766E-04  1.7456E+04
   #    669801  9.2668E+01  1.1778E-04  1.7486E+04
   #    670102  9.2703E+01  1.1787E-04  1.7516E+04
   #    670394  9.2738E+01  1.1792E-04  1.7546E+04
   #    670691  9.2773E+01  1.1796E-04  1.7577E+04
   #    670992  9.2808E+01  1.1798E-04  1.7607E+04
   #    671290  9.2843E+01  1.1801E-04  1.7637E+04
   #    671586  9.2878E+01  1.1799E-04  1.7667E+04
   #    671873  9.2912E+01  1.1770E-04  1.7697E+04
   #    672169  9.2947E+01  1.1754E-04  1.7727E+04
   #    672465  9.2982E+01  1.1747E-04  1.7757E+04
   #    672761  9.3016E+01  1.1746E-04  1.7787E+04
   #    673057  9.3051E+01  1.1747E-04  1.7817E+04
   #    673353  9.3086E+01  1.1749E-04  1.7847E+04
   #    673641  9.3120E+01  1.1751E-04  1.7877E+04
   #    673931  9.3154E+01  1.1756E-04  1.7907E+04
   #    674227  9.3188E+01  1.1763E-04  1.7937E+04
   #    674523  9.3223E+01  1.1774E-04  1.7967E+04
   #    674819  9.3258E+01  1.1785E-04  1.7997E+04
   #    675116  9.3293E+01  1.1799E-04  1.8027E+04
   #    675404  9.3327E+01  1.1815E-04  1.8058E+04
   #    675700  9.3362E+01  1.1828E-04  1.8088E+04
   #    675996  9.3397E+01  1.1843E-04  1.8118E+04
   #    676292  9.3432E+01  1.1857E-04  1.8148E+04
   #    676589  9.3467E+01  1.1869E-04  1.8178E+04
   #    676886  9.3503E+01  1.1882E-04  1.8208E+04
   #    677167  9.3536E+01  1.1883E-04  1.8238E+04
   #    677464  9.3571E+01  1.1890E-04  1.8268E+04
   #    677761  9.3607E+01  1.1896E-04  1.8298E+04
   #    678058  9.3642E+01  1.1903E-04  1.8328E+04
   #    678355  9.3677E+01  1.1912E-04  1.8358E+04
   #    678642  9.3712E+01  1.1923E-04  1.8388E+04
   #    678938  9.3747E+01  1.1935E-04  1.8418E+04
   #    679235  9.3782E+01  1.1948E-04  1.8448E+04
   #    679533  9.3818E+01  1.1958E-04  1.8478E+04
   #    679831  9.3854E+01  1.1960E-04  1.8508E+04
   #    680128  9.3889E+01  1.1929E-04  1.8538E+04
   #    680410  9.3923E+01  1.1914E-04  1.8568E+04
   #    680707  9.3958E+01  1.1879E-04  1.8598E+04
   #    681004  9.3993E+01  1.1849E-04  1.8628E+04
   #    681301  9.4028E+01  1.1826E-04  1.8658E+04
   #    681598  9.4063E+01  1.1797E-04  1.8688E+04
   #    681896  9.4099E+01  1.1762E-04  1.8718E+04
   #    682184  9.4132E+01  1.1745E-04  1.8748E+04
   #    682482  9.4167E+01  1.1731E-04  1.8778E+04
   #    682780  9.4202E+01  1.1715E-04  1.8809E+04
   #    683078  9.4237E+01  1.1684E-04  1.8839E+04
   #    683377  9.4272E+01  1.1673E-04  1.8869E+04
   #    683675  9.4307E+01  1.1664E-04  1.8899E+04
   #    683983  9.4343E+01  1.1640E-04  1.8929E+04
   #    684310  9.4381E+01  1.1628E-04  1.8959E+04
   #    684637  9.4419E+01  1.1603E-04  1.8989E+04
   #    684964  9.4457E+01  1.1584E-04  1.9019E+04
   #    685291  9.4495E+01  1.1570E-04  1.9049E+04
   #    685609  9.4531E+01  1.1560E-04  1.9079E+04
   #    685936  9.4569E+01  1.1550E-04  1.9109E+04
   #    686262  9.4607E+01  1.1537E-04  1.9139E+04
   #    686580  9.4643E+01  1.1534E-04  1.9169E+04
   #    686897  9.4680E+01  1.1528E-04  1.9199E+04
   #    687199  9.4715E+01  1.1525E-04  1.9229E+04
   #    687517  9.4751E+01  1.1528E-04  1.9259E+04
   #    687837  9.4788E+01  1.1539E-04  1.9289E+04
   #    688157  9.4825E+01  1.1532E-04  1.9319E+04
   #    688477  9.4862E+01  1.1538E-04  1.9349E+04
   #    688797  9.4899E+01  1.1531E-04  1.9380E+04
   #    689108  9.4935E+01  1.1536E-04  1.9410E+04
   #    689428  9.4972E+01  1.1533E-04  1.9440E+04
   #    689746  9.5008E+01  1.1526E-04  1.9470E+04
   #    690064  9.5045E+01  1.1537E-04  1.9500E+04
   #    690374  9.5081E+01  1.1536E-04  1.9530E+04
   #    690685  9.5117E+01  1.1517E-04  1.9560E+04
   #    691002  9.5153E+01  1.1523E-04  1.9590E+04
   #    691318  9.5190E+01  1.1507E-04  1.9620E+04
   #    691634  9.5226E+01  1.1502E-04  1.9650E+04
   #    691950  9.5262E+01  1.1492E-04  1.9680E+04
   #    692273  9.5299E+01  1.1487E-04  1.9710E+04
   #    692585  9.5335E+01  1.1488E-04  1.9740E+04
   #    692908  9.5372E+01  1.1486E-04  1.9770E+04
   #    693230  9.5409E+01  1.1478E-04  1.9800E+04
   #    693553  9.5446E+01  1.1475E-04  1.9830E+04
   #    693870  9.5483E+01  1.1472E-04  1.9860E+04
   #    694184  9.5519E+01  1.1480E-04  1.9890E+04
   #    694507  9.5556E+01  1.1468E-04  1.9920E+04
   #    694830  9.5593E+01  1.1489E-04  1.9950E+04
   #    695153  9.5630E+01  1.1486E-04  1.9980E+04
   #    695476  9.5667E+01  1.1476E-04  2.0010E+04
   #    695799  9.5704E+01  1.1512E-04  2.0040E+04
   #    696112  9.5740E+01  1.1500E-04  2.0070E+04
   #    696431  9.5777E+01  1.1488E-04  2.0101E+04
   #    696755  9.5814E+01  1.1525E-04  2.0131E+04
   #    697079  9.5852E+01  1.1530E-04  2.0161E+04
   #    697397  9.5888E+01  1.1510E-04  2.0191E+04
   #    697711  9.5924E+01  1.1513E-04  2.0221E+04
   #    698031  9.5961E+01  1.1537E-04  2.0251E+04
   #    698353  9.5998E+01  1.1549E-04  2.0281E+04
   #    698678  9.6036E+01  1.1545E-04  2.0311E+04
   #    699002  9.6073E+01  1.1553E-04  2.0341E+04
   #    699316  9.6110E+01  1.1585E-04  2.0371E+04
   #    699641  9.6147E+01  1.1611E-04  2.0401E+04
   #    699964  9.6185E+01  1.1614E-04  2.0431E+04
   #    700293  9.6223E+01  1.1623E-04  2.0461E+04
   #    700622  9.6261E+01  1.1648E-04  2.0491E+04
   #    700943  9.6299E+01  1.1694E-04  2.0521E+04
   #    701257  9.6335E+01  1.1744E-04  2.0551E+04
   #    701584  9.6374E+01  1.1780E-04  2.0581E+04
   #    701911  9.6412E+01  1.1798E-04  2.0611E+04
   #    702233  9.6450E+01  1.1823E-04  2.0641E+04
   #    702555  9.6489E+01  1.1847E-04  2.0671E+04
   #    702868  9.6526E+01  1.1865E-04  2.0701E+04
   #    703190  9.6564E+01  1.1909E-04  2.0731E+04
   #    703513  9.6602E+01  1.1948E-04  2.0761E+04
   #    703847  9.6642E+01  1.1996E-04  2.0791E+04
   #    704184  9.6683E+01  1.2034E-04  2.0821E+04
   #    704503  9.6721E+01  1.2076E-04  2.0852E+04
   #    704840  9.6762E+01  1.2123E-04  2.0882E+04
   #    705177  9.6803E+01  1.2116E-04  2.0912E+04
   #    705508  9.6843E+01  1.2142E-04  2.0942E+04
   #    705839  9.6883E+01  1.2170E-04  2.0972E+04
   #    706162  9.6923E+01  1.2200E-04  2.1002E+04
   #    706493  9.6963E+01  1.2225E-04  2.1032E+04
   #    706825  9.7003E+01  1.2225E-04  2.1062E+04
   #    707156  9.7044E+01  1.2245E-04  2.1092E+04
   #    707487  9.7085E+01  1.2279E-04  2.1122E+04
   #    707807  9.7124E+01  1.2320E-04  2.1152E+04
   #    708134  9.7164E+01  1.2351E-04  2.1182E+04
   #    708466  9.7205E+01  1.2373E-04  2.1212E+04
   #    708798  9.7246E+01  1.2371E-04  2.1242E+04
   #    709129  9.7287E+01  1.2393E-04  2.1272E+04
   #    709450  9.7327E+01  1.2420E-04  2.1302E+04
   #    709782  9.7368E+01  1.2462E-04  2.1332E+04
   #    710114  9.7410E+01  1.2503E-04  2.1362E+04
   #    710444  9.7451E+01  1.2545E-04  2.1392E+04
   #    710773  9.7492E+01  1.2548E-04  2.1422E+04
   #    711092  9.7532E+01  1.2547E-04  2.1453E+04
   #    711414  9.7573E+01  1.2565E-04  2.1483E+04
   #    711743  9.7614E+01  1.2595E-04  2.1513E+04
   #    712072  9.7656E+01  1.2620E-04  2.1543E+04
   #    712401  9.7697E+01  1.2639E-04  2.1573E+04
   #    712719  9.7737E+01  1.2659E-04  2.1603E+04
   #    713047  9.7779E+01  1.2667E-04  2.1633E+04
   #    713375  9.7820E+01  1.2668E-04  2.1663E+04
   #    713703  9.7862E+01  1.2669E-04  2.1693E+04
   #    714031  9.7904E+01  1.2668E-04  2.1723E+04
   #    714350  9.7944E+01  1.2665E-04  2.1753E+04
   #    714678  9.7985E+01  1.2662E-04  2.1783E+04
   #    715000  9.8026E+01  1.2658E-04  2.1813E+04
   #    715328  9.8068E+01  1.2654E-04  2.1843E+04
   #    715657  9.8109E+01  1.2648E-04  2.1873E+04
   #    715976  9.8150E+01  1.2641E-04  2.1903E+04
   #    716306  9.8191E+01  1.2635E-04  2.1933E+04
   #    716636  9.8233E+01  1.2628E-04  2.1963E+04
   #    716966  9.8275E+01  1.2622E-04  2.1993E+04
   #    717289  9.8315E+01  1.2616E-04  2.2023E+04
   #    717622  9.8357E+01  1.2611E-04  2.2053E+04
   #    717955  9.8399E+01  1.2605E-04  2.2083E+04
   #    718286  9.8441E+01  1.2599E-04  2.2113E+04
   #    718607  9.8482E+01  1.2594E-04  2.2143E+04
   #    718926  9.8522E+01  1.2590E-04  2.2173E+04
   #    719256  9.8563E+01  1.2587E-04  2.2203E+04
   #    719586  9.8605E+01  1.2584E-04  2.2233E+04
   #    719916  9.8646E+01  1.2583E-04  2.2264E+04
   #    720246  9.8688E+01  1.2582E-04  2.2294E+04
   #    720566  9.8728E+01  1.2581E-04  2.2324E+04
   #    720897  9.8770E+01  1.2580E-04  2.2354E+04
   #    721228  9.8811E+01  1.2581E-04  2.2384E+04
   #    721559  9.8853E+01  1.2581E-04  2.2414E+04
   #    721890  9.8894E+01  1.2581E-04  2.2444E+04
   #    722204  9.8934E+01  1.2568E-04  2.2474E+04
   #    722535  9.8976E+01  1.2556E-04  2.2504E+04
   #    722866  9.9017E+01  1.2545E-04  2.2534E+04
   #    723197  9.9059E+01  1.2535E-04  2.2564E+04
   #    723528  9.9100E+01  1.2526E-04  2.2594E+04
   #    723848  9.9140E+01  1.2517E-04  2.2624E+04
   #    724179  9.9182E+01  1.2510E-04  2.2654E+04
   #    724510  9.9223E+01  1.2505E-04  2.2684E+04
   #    724841  9.9264E+01  1.2502E-04  2.2714E+04
   #    725172  9.9306E+01  1.2494E-04  2.2744E+04
   #    725493  9.9346E+01  1.2489E-04  2.2774E+04
   #    725817  9.9386E+01  1.2482E-04  2.2804E+04
   #    726148  9.9427E+01  1.2478E-04  2.2834E+04
   #    726479  9.9469E+01  1.2476E-04  2.2865E+04
   #    726810  9.9510E+01  1.2472E-04  2.2895E+04
   #    727132  9.9550E+01  1.2462E-04  2.2925E+04
   #    727463  9.9591E+01  1.2453E-04  2.2955E+04
   #    727794  9.9633E+01  1.2443E-04  2.2985E+04
   #    728125  9.9674E+01  1.2433E-04  2.3015E+04
   #    728446  9.9714E+01  1.2424E-04  2.3045E+04
   #    728778  9.9755E+01  1.2416E-04  2.3075E+04
   #    729102  9.9795E+01  1.2409E-04  2.3105E+04
   #    729433  9.9836E+01  1.2403E-04  2.3135E+04
   #    729764  9.9877E+01  1.2397E-04  2.3165E+04
   #    730086  9.9917E+01  1.2393E-04  2.3195E+04
   #    730418  9.9958E+01  1.2387E-04  2.3225E+04
   #    730749  9.9999E+01  1.2381E-04  2.3255E+04
   #    731081  1.0004E+02  1.2374E-04  2.3285E+04
   #    731412  1.0008E+02  1.2368E-04  2.3315E+04
   #    731734  1.0012E+02  1.2363E-04  2.3345E+04
   #    732065  1.0016E+02  1.2359E-04  2.3375E+04
   #    732397  1.0020E+02  1.2355E-04  2.3405E+04
   #    732718  1.0024E+02  1.2353E-04  2.3435E+04
   #    733049  1.0028E+02  1.2353E-04  2.3465E+04
   #    733371  1.0032E+02  1.2352E-04  2.3495E+04
   #    733702  1.0036E+02  1.2352E-04  2.3525E+04
   #    734033  1.0040E+02  1.2351E-04  2.3555E+04
   #    734364  1.0045E+02  1.2351E-04  2.3585E+04
   #    734696  1.0049E+02  1.2351E-04  2.3616E+04
   #    735020  1.0053E+02  1.2351E-04  2.3646E+04
   #    735352  1.0057E+02  1.2351E-04  2.3676E+04
   #    735684  1.0061E+02  1.2353E-04  2.3706E+04
   #    736016  1.0065E+02  1.2355E-04  2.3736E+04
   #    736341  1.0069E+02  1.2358E-04  2.3766E+04
   #    736666  1.0073E+02  1.2359E-04  2.3796E+04
   #    736998  1.0077E+02  1.2358E-04  2.3826E+04
   #    737330  1.0081E+02  1.2339E-04  2.3856E+04
   #    737662  1.0085E+02  1.2321E-04  2.3886E+04
   #    737994  1.0089E+02  1.2302E-04  2.3916E+04
   #    738315  1.0093E+02  1.2284E-04  2.3946E+04
   #    738647  1.0097E+02  1.2262E-04  2.3976E+04
   #    738979  1.0101E+02  1.2243E-04  2.4006E+04
   #    739311  1.0106E+02  1.2229E-04  2.4037E+04
   #    739643  1.0110E+02  1.2211E-04  2.4067E+04
   #    739964  1.0113E+02  1.2193E-04  2.4097E+04
   #    740296  1.0118E+02  1.2179E-04  2.4127E+04
   #    740625  1.0122E+02  1.2166E-04  2.4157E+04
   #    740959  1.0126E+02  1.2147E-04  2.4187E+04
   #    741293  1.0130E+02  1.2130E-04  2.4217E+04
   #    741615  1.0134E+02  1.2118E-04  2.4247E+04
   #    741946  1.0138E+02  1.2104E-04  2.4277E+04
   #    742273  1.0142E+02  1.2092E-04  2.4307E+04
   #    742596  1.0145E+02  1.2081E-04  2.4337E+04
   #    742920  1.0149E+02  1.2071E-04  2.4367E+04
   #    743235  1.0153E+02  1.2058E-04  2.4397E+04
   #    743557  1.0157E+02  1.2049E-04  2.4427E+04
   #    743885  1.0161E+02  1.2039E-04  2.4457E+04
   #    744217  1.0165E+02  1.2030E-04  2.4487E+04
   #    744550  1.0169E+02  1.2019E-04  2.4517E+04
   #    744873  1.0173E+02  1.2010E-04  2.4547E+04
   #    745206  1.0177E+02  1.2003E-04  2.4577E+04
   #    745538  1.0181E+02  1.1992E-04  2.4607E+04
   #    745870  1.0185E+02  1.1977E-04  2.4637E+04
   #    746202  1.0189E+02  1.1963E-04  2.4667E+04
   #    746525  1.0193E+02  1.1950E-04  2.4697E+04
   #    746857  1.0197E+02  1.1936E-04  2.4728E+04
   #    747182  1.0200E+02  1.1922E-04  2.4758E+04
   #    747514  1.0204E+02  1.1911E-04  2.4788E+04
   #    747847  1.0208E+02  1.1905E-04  2.4818E+04
   #    748169  1.0212E+02  1.1901E-04  2.4848E+04
   #    748501  1.0216E+02  1.1898E-04  2.4878E+04
   #    748833  1.0220E+02  1.1897E-04  2.4908E+04
   #    749165  1.0224E+02  1.1896E-04  2.4938E+04
   #    749497  1.0228E+02  1.1892E-04  2.4968E+04
   #    749821  1.0232E+02  1.1888E-04  2.4998E+04
   #    750153  1.0236E+02  1.1884E-04  2.5028E+04
   #    750477  1.0240E+02  1.1881E-04  2.5058E+04
   #    750809  1.0244E+02  1.1864E-04  2.5088E+04
   #    751141  1.0248E+02  1.1769E-04  2.5118E+04
   #    751462  1.0251E+02  1.1679E-04  2.5148E+04
   #    751794  1.0255E+02  1.1583E-04  2.5178E+04
   #    752126  1.0259E+02  1.1506E-04  2.5208E+04
   #    752455  1.0263E+02  1.1436E-04  2.5238E+04
   #    752783  1.0266E+02  1.1354E-04  2.5268E+04
   #    753108  1.0270E+02  1.1269E-04  2.5298E+04
   #    753422  1.0274E+02  1.1218E-04  2.5328E+04
   #    753747  1.0277E+02  1.1147E-04  2.5358E+04
   #    754065  1.0281E+02  1.1097E-04  2.5388E+04
   #    754390  1.0284E+02  1.1047E-04  2.5419E+04
   #    754715  1.0288E+02  1.0995E-04  2.5449E+04
   #    755029  1.0291E+02  1.0949E-04  2.5479E+04
   #    755354  1.0295E+02  1.0928E-04  2.5509E+04
   #    755679  1.0299E+02  1.0894E-04  2.5539E+04
   #    756004  1.0302E+02  1.0859E-04  2.5569E+04
   #    756328  1.0306E+02  1.0827E-04  2.5599E+04
   #    756653  1.0309E+02  1.0811E-04  2.5629E+04
   #    756970  1.0313E+02  1.0811E-04  2.5659E+04
   #    757295  1.0316E+02  1.0786E-04  2.5689E+04
   #    757614  1.0320E+02  1.0762E-04  2.5719E+04
   #    757939  1.0323E+02  1.0762E-04  2.5749E+04
   #    758263  1.0326E+02  1.0761E-04  2.5779E+04
   #    758588  1.0330E+02  1.0744E-04  2.5809E+04
   #    758903  1.0333E+02  1.0753E-04  2.5839E+04
   #    759228  1.0337E+02  1.0762E-04  2.5869E+04
   #    759553  1.0340E+02  1.0759E-04  2.5899E+04
   #    759878  1.0344E+02  1.0778E-04  2.5929E+04
   #    760203  1.0347E+02  1.0797E-04  2.5960E+04
   #    760528  1.0351E+02  1.0790E-04  2.5990E+04
   #    760843  1.0354E+02  1.0828E-04  2.6020E+04
   #    761161  1.0358E+02  1.0845E-04  2.6050E+04
   #    761486  1.0361E+02  1.0854E-04  2.6080E+04
   #    761811  1.0365E+02  1.0897E-04  2.6110E+04
   #    762136  1.0368E+02  1.0911E-04  2.6140E+04
   #    762451  1.0372E+02  1.0941E-04  2.6170E+04
   #    762776  1.0375E+02  1.0967E-04  2.6200E+04
   #    763101  1.0379E+02  1.0995E-04  2.6230E+04
   #    763426  1.0382E+02  1.1032E-04  2.6260E+04
   #    763751  1.0386E+02  1.1069E-04  2.6290E+04
   #    764076  1.0390E+02  1.1106E-04  2.6320E+04
   #    764394  1.0393E+02  1.1132E-04  2.6350E+04
   #    764716  1.0397E+02  1.1178E-04  2.6380E+04
   #    765044  1.0400E+02  1.1202E-04  2.6410E+04
   #    765372  1.0404E+02  1.1248E-04  2.6440E+04
   #    765699  1.0408E+02  1.1289E-04  2.6470E+04
   #    766017  1.0411E+02  1.1313E-04  2.6501E+04
   #    766344  1.0415E+02  1.1356E-04  2.6531E+04
   #    766671  1.0419E+02  1.1395E-04  2.6561E+04
   #    766998  1.0423E+02  1.1409E-04  2.6591E+04
   #    767326  1.0426E+02  1.1442E-04  2.6621E+04
   #    767654  1.0430E+02  1.1443E-04  2.6651E+04
   #    767963  1.0434E+02  1.1441E-04  2.6681E+04
   #    768286  1.0437E+02  1.1435E-04  2.6711E+04
   #    768609  1.0441E+02  1.1426E-04  2.6741E+04
   #    768932  1.0445E+02  1.1415E-04  2.6771E+04
   #    769255  1.0448E+02  1.1407E-04  2.6801E+04
   #    769571  1.0452E+02  1.1403E-04  2.6831E+04
   #    769903  1.0456E+02  1.1400E-04  2.6861E+04
   #    770234  1.0460E+02  1.1399E-04  2.6891E+04
   #    770565  1.0463E+02  1.1401E-04  2.6921E+04
   #    770896  1.0467E+02  1.1401E-04  2.6951E+04
   #    771227  1.0471E+02  1.1400E-04  2.6981E+04
   #    771541  1.0474E+02  1.1403E-04  2.7011E+04
   #    771872  1.0478E+02  1.1410E-04  2.7041E+04
   #    772203  1.0482E+02  1.1425E-04  2.7071E+04
   #    772534  1.0486E+02  1.1429E-04  2.7101E+04
   #    772865  1.0490E+02  1.1434E-04  2.7131E+04
   #    773186  1.0493E+02  1.1442E-04  2.7161E+04
   #    773517  1.0497E+02  1.1450E-04  2.7191E+04
   #    773848  1.0501E+02  1.1458E-04  2.7221E+04
   #    774179  1.0505E+02  1.1465E-04  2.7252E+04
   #    774510  1.0508E+02  1.1458E-04  2.7282E+04
   #    774830  1.0512E+02  1.1453E-04  2.7312E+04
   #    775153  1.0516E+02  1.1451E-04  2.7342E+04
   #    775484  1.0520E+02  1.1452E-04  2.7372E+04
   #    775815  1.0523E+02  1.1455E-04  2.7402E+04
   #    776146  1.0527E+02  1.1461E-04  2.7432E+04
   #    776477  1.0531E+02  1.1463E-04  2.7462E+04
   #    776798  1.0535E+02  1.1465E-04  2.7492E+04
   #    777129  1.0538E+02  1.1467E-04  2.7522E+04
   #    777459  1.0542E+02  1.1469E-04  2.7552E+04
   #    777790  1.0546E+02  1.1469E-04  2.7582E+04
   #    778121  1.0550E+02  1.1467E-04  2.7612E+04
   #    778438  1.0553E+02  1.1459E-04  2.7642E+04
   #    778762  1.0557E+02  1.1448E-04  2.7672E+04
   #    779093  1.0561E+02  1.1434E-04  2.7702E+04
   #    779424  1.0565E+02  1.1423E-04  2.7732E+04
   #    779755  1.0568E+02  1.1409E-04  2.7762E+04
   #    780076  1.0572E+02  1.1397E-04  2.7792E+04
   #    780407  1.0576E+02  1.1382E-04  2.7822E+04
   #    780738  1.0580E+02  1.1365E-04  2.7853E+04
   #    781069  1.0583E+02  1.1349E-04  2.7883E+04
   #    781400  1.0587E+02  1.1332E-04  2.7913E+04
   #    781731  1.0591E+02  1.1317E-04  2.7943E+04
   #    782052  1.0594E+02  1.1301E-04  2.7973E+04
   #    782376  1.0598E+02  1.1288E-04  2.8003E+04
   #    782707  1.0602E+02  1.1274E-04  2.8033E+04
   #    783037  1.0606E+02  1.1259E-04  2.8063E+04
   #    783367  1.0609E+02  1.1244E-04  2.8093E+04
   #    783686  1.0613E+02  1.1227E-04  2.8123E+04
   #    784014  1.0617E+02  1.1210E-04  2.8153E+04
   #    784342  1.0620E+02  1.1188E-04  2.8183E+04
   #    784670  1.0624E+02  1.1170E-04  2.8213E+04
   #    784998  1.0628E+02  1.1156E-04  2.8243E+04
   #    785326  1.0631E+02  1.1148E-04  2.8273E+04
   #    785639  1.0635E+02  1.1143E-04  2.8303E+04
   #    785964  1.0638E+02  1.1133E-04  2.8333E+04
   #    786293  1.0642E+02  1.1130E-04  2.8363E+04
   #    786621  1.0646E+02  1.1132E-04  2.8393E+04
   #    786950  1.0649E+02  1.1132E-04  2.8423E+04
   #    787267  1.0653E+02  1.1132E-04  2.8453E+04
   #    787595  1.0656E+02  1.1129E-04  2.8483E+04
   #    787923  1.0660E+02  1.1118E-04  2.8513E+04
   #    788251  1.0664E+02  1.1111E-04  2.8543E+04
   #    788579  1.0667E+02  1.1102E-04  2.8573E+04
   #    788908  1.0671E+02  1.1097E-04  2.8604E+04
   #    789219  1.0675E+02  1.1094E-04  2.8634E+04
   #    789547  1.0678E+02  1.1088E-04  2.8664E+04
   #    789875  1.0682E+02  1.1083E-04  2.8694E+04
   #    790201  1.0685E+02  1.1077E-04  2.8724E+04
   #    790527  1.0689E+02  1.1072E-04  2.8754E+04
   #    790842  1.0693E+02  1.1071E-04  2.8784E+04
   #    791168  1.0696E+02  1.1067E-04  2.8814E+04
   #    791494  1.0700E+02  1.1067E-04  2.8844E+04
   #    791820  1.0703E+02  1.1068E-04  2.8874E+04
   #    792145  1.0707E+02  1.1071E-04  2.8904E+04
   #    792471  1.0711E+02  1.1077E-04  2.8934E+04
   #    792779  1.0714E+02  1.1083E-04  2.8964E+04
   #    793105  1.0718E+02  1.1090E-04  2.8994E+04
   #    793430  1.0721E+02  1.1095E-04  2.9024E+04
   #    793755  1.0725E+02  1.1101E-04  2.9054E+04
   #    794080  1.0728E+02  1.1112E-04  2.9084E+04
   #    794395  1.0732E+02  1.1123E-04  2.9114E+04
   #    794712  1.0735E+02  1.1134E-04  2.9145E+04
   #    795026  1.0739E+02  1.1145E-04  2.9175E+04
   #    795340  1.0742E+02  1.1157E-04  2.9205E+04
   #    795654  1.0746E+02  1.1173E-04  2.9235E+04
   #    795968  1.0749E+02  1.1189E-04  2.9265E+04
   #    796265  1.0753E+02  1.1204E-04  2.9295E+04
   #    796579  1.0756E+02  1.1220E-04  2.9325E+04
   #    796893  1.0760E+02  1.1237E-04  2.9355E+04
   #    797207  1.0763E+02  1.1245E-04  2.9385E+04
   #    797520  1.0767E+02  1.1248E-04  2.9415E+04
   #    797834  1.0770E+02  1.1244E-04  2.9445E+04
   #    798140  1.0774E+02  1.1238E-04  2.9475E+04
   #    798454  1.0777E+02  1.1230E-04  2.9505E+04
   #    798768  1.0781E+02  1.1221E-04  2.9535E+04
   #    799081  1.0784E+02  1.1211E-04  2.9565E+04
   #    799394  1.0788E+02  1.1199E-04  2.9595E+04
   #    799701  1.0791E+02  1.1187E-04  2.9625E+04
   #    800006  1.0795E+02  1.1171E-04  2.9655E+04
   #    800320  1.0798E+02  1.1154E-04  2.9685E+04
   #    800634  1.0802E+02  1.1137E-04  2.9716E+04
   #    800948  1.0805E+02  1.1118E-04  2.9746E+04
   #    801266  1.0809E+02  1.1099E-04  2.9776E+04
   #    801576  1.0812E+02  1.1083E-04  2.9806E+04
   #    801896  1.0816E+02  1.1065E-04  2.9836E+04
   #    802216  1.0819E+02  1.1046E-04  2.9866E+04
   #    802542  1.0823E+02  1.1031E-04  2.9896E+04
   #    802876  1.0827E+02  1.1017E-04  2.9926E+04
   #    803203  1.0830E+02  1.1003E-04  2.9956E+04
   #    803526  1.0834E+02  1.0994E-04  2.9986E+04
   #    803860  1.0837E+02  1.0985E-04  3.0016E+04
   #    804194  1.0841E+02  1.0978E-04  3.0046E+04
   #    804528  1.0845E+02  1.0973E-04  3.0076E+04
   #    804861  1.0848E+02  1.0969E-04  3.0106E+04
   #    805185  1.0852E+02  1.0964E-04  3.0136E+04
   #    805518  1.0856E+02  1.0957E-04  3.0166E+04
   #    805849  1.0859E+02  1.0948E-04  3.0196E+04
   #    806177  1.0863E+02  1.0943E-04  3.0226E+04
   #    806498  1.0866E+02  1.0941E-04  3.0256E+04
   #    806826  1.0870E+02  1.0938E-04  3.0286E+04
   #    807143  1.0873E+02  1.0934E-04  3.0316E+04
   #    807471  1.0877E+02  1.0930E-04  3.0346E+04
   #    807800  1.0880E+02  1.0928E-04  3.0376E+04
   #    808128  1.0884E+02  1.0923E-04  3.0406E+04
   #    808456  1.0888E+02  1.0920E-04  3.0436E+04
   #    808784  1.0891E+02  1.0912E-04  3.0467E+04
   #    809097  1.0895E+02  1.0907E-04  3.0497E+04
   #    809417  1.0898E+02  1.0906E-04  3.0527E+04
   #    809738  1.0902E+02  1.0908E-04  3.0557E+04
   #    810053  1.0905E+02  1.0912E-04  3.0587E+04
   #    810371  1.0909E+02  1.0916E-04  3.0617E+04
   #    810681  1.0912E+02  1.0922E-04  3.0647E+04
   #    811002  1.0915E+02  1.0929E-04  3.0677E+04
   #    811323  1.0919E+02  1.0940E-04  3.0707E+04
   #    811641  1.0922E+02  1.0950E-04  3.0737E+04
   #    811955  1.0926E+02  1.0960E-04  3.0767E+04
   #    812270  1.0929E+02  1.0966E-04  3.0797E+04
   #    812577  1.0933E+02  1.0970E-04  3.0827E+04
   #    812892  1.0936E+02  1.0975E-04  3.0857E+04
   #    813207  1.0940E+02  1.0978E-04  3.0887E+04
   #    813516  1.0943E+02  1.0978E-04  3.0917E+04
   #    813831  1.0946E+02  1.0981E-04  3.0947E+04
   #    814146  1.0950E+02  1.0983E-04  3.0977E+04
   #    814452  1.0953E+02  1.0985E-04  3.1008E+04
   #    814767  1.0957E+02  1.0991E-04  3.1038E+04
   #    815082  1.0960E+02  1.0997E-04  3.1068E+04
   #    815395  1.0964E+02  1.1004E-04  3.1098E+04
   #    815709  1.0967E+02  1.1008E-04  3.1128E+04
   #    816019  1.0970E+02  1.1014E-04  3.1158E+04
   #    816319  1.0974E+02  1.1024E-04  3.1188E+04
   #    816629  1.0977E+02  1.1033E-04  3.1218E+04
   #    816933  1.0981E+02  1.1039E-04  3.1248E+04
   #    817242  1.0984E+02  1.1040E-04  3.1278E+04
   #    817552  1.0987E+02  1.1038E-04  3.1308E+04
   #    817862  1.0991E+02  1.1038E-04  3.1338E+04
   #    818164  1.0994E+02  1.1038E-04  3.1368E+04
   #    818474  1.0998E+02  1.1038E-04  3.1398E+04
   #    818784  1.1001E+02  1.1035E-04  3.1428E+04
   #    819093  1.1004E+02  1.1030E-04  3.1458E+04
   #    819403  1.1008E+02  1.1024E-04  3.1488E+04
   #    819713  1.1011E+02  1.1016E-04  3.1518E+04
   #    820013  1.1015E+02  1.1006E-04  3.1548E+04
   #    820316  1.1018E+02  1.0995E-04  3.1578E+04
   #    820626  1.1021E+02  1.0983E-04  3.1609E+04
   #    820936  1.1025E+02  1.0971E-04  3.1639E+04
   #    821246  1.1028E+02  1.0959E-04  3.1669E+04
   #    821547  1.1031E+02  1.0946E-04  3.1699E+04
   #    821857  1.1035E+02  1.0930E-04  3.1729E+04
   #    822167  1.1038E+02  1.0911E-04  3.1759E+04
   #    822477  1.1042E+02  1.0895E-04  3.1789E+04
   #    822787  1.1045E+02  1.0879E-04  3.1819E+04
   #    823097  1.1048E+02  1.0864E-04  3.1849E+04
   #    823390  1.1051E+02  1.0854E-04  3.1879E+04
   #    823700  1.1055E+02  1.0844E-04  3.1909E+04
   #    824010  1.1058E+02  1.0837E-04  3.1939E+04
   #    824321  1.1062E+02  1.0832E-04  3.1969E+04
   #    824630  1.1065E+02  1.0830E-04  3.1999E+04
   #    824940  1.1068E+02  1.0829E-04  3.2029E+04
   #    825241  1.1072E+02  1.0829E-04  3.2059E+04
   #    825551  1.1075E+02  1.0822E-04  3.2089E+04
   #    825864  1.1078E+02  1.0813E-04  3.2119E+04
   #    826178  1.1082E+02  1.0797E-04  3.2149E+04
   #    826492  1.1085E+02  1.0782E-04  3.2179E+04
   #    826799  1.1088E+02  1.0771E-04  3.2209E+04
   #    827104  1.1092E+02  1.0764E-04  3.2239E+04
   #    827418  1.1095E+02  1.0762E-04  3.2270E+04
   #    827732  1.1098E+02  1.0762E-04  3.2300E+04
   #    828045  1.1102E+02  1.0764E-04  3.2330E+04
   #    828358  1.1105E+02  1.0768E-04  3.2360E+04
   #    828672  1.1108E+02  1.0772E-04  3.2390E+04
   #    828976  1.1112E+02  1.0772E-04  3.2420E+04
   #    829290  1.1115E+02  1.0771E-04  3.2450E+04
   #    829603  1.1119E+02  1.0770E-04  3.2480E+04
   #    829917  1.1122E+02  1.0770E-04  3.2510E+04
   #    830224  1.1125E+02  1.0770E-04  3.2540E+04
   #    830537  1.1129E+02  1.0775E-04  3.2570E+04
   #    830839  1.1132E+02  1.0782E-04  3.2600E+04
   #    831152  1.1135E+02  1.0794E-04  3.2630E+04
   #    831465  1.1139E+02  1.0805E-04  3.2660E+04
   #    831778  1.1142E+02  1.0815E-04  3.2690E+04
   #    832091  1.1145E+02  1.0827E-04  3.2720E+04
   #    832404  1.1149E+02  1.0834E-04  3.2750E+04
   #    832708  1.1152E+02  1.0841E-04  3.2780E+04
   #    833021  1.1155E+02  1.0848E-04  3.2810E+04
   #    833334  1.1159E+02  1.0852E-04  3.2841E+04
   #    833641  1.1162E+02  1.0856E-04  3.2871E+04
   #    833954  1.1166E+02  1.0860E-04  3.2901E+04
   #    834267  1.1169E+02  1.0861E-04  3.2931E+04
   #    834569  1.1172E+02  1.0864E-04  3.2961E+04
   #    834881  1.1176E+02  1.0871E-04  3.2991E+04
   #    835193  1.1179E+02  1.0881E-04  3.3021E+04
   #    835505  1.1182E+02  1.0889E-04  3.3051E+04
   #    835817  1.1186E+02  1.0898E-04  3.3081E+04
   #    836129  1.1189E+02  1.0907E-04  3.3111E+04
   #    836432  1.1193E+02  1.0919E-04  3.3141E+04
   #    836744  1.1196E+02  1.0927E-04  3.3171E+04
   #    837049  1.1199E+02  1.0931E-04  3.3201E+04
   #    837361  1.1203E+02  1.0933E-04  3.3231E+04
   #    837672  1.1206E+02  1.0928E-04  3.3261E+04
   #    837984  1.1209E+02  1.0917E-04  3.3291E+04
   #    838286  1.1213E+02  1.0905E-04  3.3321E+04
   #    838597  1.1216E+02  1.0894E-04  3.3351E+04
   #    838908  1.1220E+02  1.0888E-04  3.3382E+04
   #    839219  1.1223E+02  1.0880E-04  3.3412E+04
   #    839530  1.1226E+02  1.0871E-04  3.3442E+04
   #    839841  1.1230E+02  1.0862E-04  3.3472E+04
   #    840143  1.1233E+02  1.0854E-04  3.3502E+04
   #    840449  1.1236E+02  1.0849E-04  3.3532E+04
   #    840760  1.1240E+02  1.0843E-04  3.3562E+04
   #    841070  1.1243E+02  1.0835E-04  3.3592E+04
   #    841380  1.1246E+02  1.0826E-04  3.3622E+04
   #    841691  1.1250E+02  1.0813E-04  3.3652E+04
   #    841992  1.1253E+02  1.0800E-04  3.3682E+04
   #    842303  1.1256E+02  1.0787E-04  3.3712E+04
   #    842618  1.1260E+02  1.0767E-04  3.3742E+04
   #    842934  1.1263E+02  1.0745E-04  3.3772E+04
   #    843250  1.1267E+02  1.0729E-04  3.3802E+04
   #    843559  1.1270E+02  1.0718E-04  3.3832E+04
   #    843863  1.1273E+02  1.0711E-04  3.3862E+04
   #    844179  1.1276E+02  1.0708E-04  3.3892E+04
   #    844495  1.1280E+02  1.0705E-04  3.3923E+04
   #    844811  1.1283E+02  1.0707E-04  3.3953E+04
   #    845127  1.1287E+02  1.0709E-04  3.3983E+04
   #    845444  1.1290E+02  1.0711E-04  3.4013E+04
   #    845750  1.1293E+02  1.0706E-04  3.4043E+04
   #    846056  1.1297E+02  1.0696E-04  3.4073E+04
   #    846353  1.1300E+02  1.0684E-04  3.4103E+04
   #    846648  1.1303E+02  1.0672E-04  3.4133E+04
   #    846940  1.1306E+02  1.0663E-04  3.4163E+04
   #    847238  1.1309E+02  1.0659E-04  3.4193E+04
   #    847527  1.1312E+02  1.0657E-04  3.4223E+04
   #    847825  1.1315E+02  1.0660E-04  3.4253E+04
   #    848122  1.1319E+02  1.0666E-04  3.4283E+04
   #    848420  1.1322E+02  1.0672E-04  3.4313E+04
   #    848718  1.1325E+02  1.0682E-04  3.4343E+04
   #    849016  1.1328E+02  1.0696E-04  3.4374E+04
   #    849314  1.1331E+02  1.0710E-04  3.4404E+04
   #    849602  1.1334E+02  1.0725E-04  3.4434E+04
   #    849899  1.1338E+02  1.0739E-04  3.4464E+04
   #    850190  1.1341E+02  1.0752E-04  3.4494E+04
   #    850488  1.1344E+02  1.0767E-04  3.4524E+04
   #    850786  1.1347E+02  1.0785E-04  3.4554E+04
   #    851083  1.1350E+02  1.0794E-04  3.4584E+04
   #    851372  1.1353E+02  1.0802E-04  3.4614E+04
   #    851670  1.1357E+02  1.0808E-04  3.4644E+04
   #    851968  1.1360E+02  1.0814E-04  3.4674E+04
   #    852266  1.1363E+02  1.0819E-04  3.4704E+04
   #    852564  1.1366E+02  1.0823E-04  3.4734E+04
   #    852862  1.1370E+02  1.0826E-04  3.4764E+04
   #    853151  1.1373E+02  1.0829E-04  3.4794E+04
   #    853443  1.1376E+02  1.0830E-04  3.4825E+04
   #    853741  1.1379E+02  1.0830E-04  3.4855E+04
   #    854039  1.1382E+02  1.0826E-04  3.4885E+04
   #    854337  1.1386E+02  1.0823E-04  3.4915E+04
   #    854635  1.1389E+02  1.0820E-04  3.4945E+04
   #    854924  1.1392E+02  1.0819E-04  3.4975E+04
   #    855222  1.1395E+02  1.0820E-04  3.5005E+04
   #    855520  1.1398E+02  1.0824E-04  3.5035E+04
   #    855818  1.1402E+02  1.0828E-04  3.5065E+04
   #    856115  1.1405E+02  1.0827E-04  3.5095E+04
   #    856412  1.1408E+02  1.0827E-04  3.5125E+04
   #    856704  1.1411E+02  1.0826E-04  3.5155E+04
   #    856993  1.1414E+02  1.0824E-04  3.5185E+04
   #    857299  1.1418E+02  1.0821E-04  3.5215E+04
   #    857619  1.1421E+02  1.0815E-04  3.5245E+04
   #    857939  1.1424E+02  1.0808E-04  3.5275E+04
   #    858259  1.1428E+02  1.0799E-04  3.5305E+04
   #    858579  1.1431E+02  1.0790E-04  3.5335E+04
   #    858890  1.1435E+02  1.0782E-04  3.5365E+04
   #    859217  1.1438E+02  1.0765E-04  3.5395E+04
   #    859545  1.1442E+02  1.0747E-04  3.5425E+04
   #    859869  1.1445E+02  1.0723E-04  3.5455E+04
   #    860193  1.1449E+02  1.0707E-04  3.5485E+04
   #    860510  1.1452E+02  1.0692E-04  3.5515E+04
   #    860838  1.1456E+02  1.0678E-04  3.5545E+04
   #    861165  1.1459E+02  1.0672E-04  3.5575E+04
   #    861493  1.1463E+02  1.0666E-04  3.5606E+04
   #    861820  1.1466E+02  1.0658E-04  3.5636E+04
   #    862147  1.1470E+02  1.0651E-04  3.5666E+04
   #    862465  1.1473E+02  1.0642E-04  3.5696E+04
   #    862792  1.1476E+02  1.0630E-04  3.5726E+04
   #    863119  1.1480E+02  1.0619E-04  3.5756E+04
   #    863440  1.1483E+02  1.0612E-04  3.5786E+04
   #    863768  1.1487E+02  1.0606E-04  3.5816E+04
   #    864097  1.1490E+02  1.0600E-04  3.5846E+04
   #    864416  1.1494E+02  1.0596E-04  3.5876E+04
   #    864744  1.1497E+02  1.0591E-04  3.5906E+04
   #    865072  1.1501E+02  1.0587E-04  3.5936E+04
   #    865400  1.1504E+02  1.0581E-04  3.5966E+04
   #    865728  1.1508E+02  1.0575E-04  3.5996E+04
   #    866056  1.1511E+02  1.0569E-04  3.6026E+04
   #    866373  1.1514E+02  1.0563E-04  3.6056E+04
   #    866701  1.1518E+02  1.0563E-04  3.6086E+04
   #    867022  1.1521E+02  1.0565E-04  3.6116E+04
   #    867350  1.1525E+02  1.0566E-04  3.6146E+04
   #    867678  1.1528E+02  1.0571E-04  3.6176E+04
   #    867995  1.1532E+02  1.0579E-04  3.6206E+04
   #    868323  1.1535E+02  1.0589E-04  3.6236E+04
   #    868651  1.1538E+02  1.0598E-04  3.6266E+04
   #    868980  1.1542E+02  1.0608E-04  3.6296E+04
   #    869308  1.1545E+02  1.0621E-04  3.6326E+04
   #    869636  1.1549E+02  1.0632E-04  3.6356E+04
   #    869956  1.1552E+02  1.0642E-04  3.6387E+04
   #    870284  1.1556E+02  1.0653E-04  3.6417E+04
   #    870605  1.1559E+02  1.0667E-04  3.6447E+04
   #    870933  1.1563E+02  1.0680E-04  3.6477E+04
   #    871261  1.1566E+02  1.0690E-04  3.6507E+04
   #    871589  1.1570E+02  1.0700E-04  3.6537E+04
   #    871907  1.1573E+02  1.0706E-04  3.6567E+04
   #    872235  1.1577E+02  1.0712E-04  3.6597E+04
   #    872563  1.1580E+02  1.0718E-04  3.6627E+04
   #    872891  1.1584E+02  1.0725E-04  3.6657E+04
   #    873219  1.1587E+02  1.0732E-04  3.6687E+04
   #    873547  1.1591E+02  1.0739E-04  3.6717E+04
   #    873863  1.1594E+02  1.0746E-04  3.6747E+04
   #    874183  1.1598E+02  1.0753E-04  3.6777E+04
   #    874510  1.1601E+02  1.0761E-04  3.6807E+04
   #    874837  1.1605E+02  1.0763E-04  3.6837E+04
   #    875164  1.1608E+02  1.0759E-04  3.6867E+04
   #    875480  1.1612E+02  1.0751E-04  3.6897E+04
   #    875807  1.1615E+02  1.0738E-04  3.6927E+04
   #    876134  1.1619E+02  1.0723E-04  3.6957E+04
   #    876461  1.1622E+02  1.0707E-04  3.6987E+04
   #    876788  1.1626E+02  1.0693E-04  3.7018E+04
   #    877114  1.1629E+02  1.0683E-04  3.7048E+04
   #    877429  1.1632E+02  1.0673E-04  3.7078E+04
   #    877749  1.1636E+02  1.0665E-04  3.7108E+04
   #    878075  1.1639E+02  1.0659E-04  3.7138E+04
   #    878399  1.1643E+02  1.0654E-04  3.7168E+04
   #    878723  1.1646E+02  1.0649E-04  3.7198E+04
   #    879047  1.1650E+02  1.0645E-04  3.7228E+04
   #    879361  1.1653E+02  1.0641E-04  3.7258E+04
   #    879685  1.1656E+02  1.0635E-04  3.7288E+04
   #    880009  1.1660E+02  1.0624E-04  3.7318E+04
   #    880333  1.1663E+02  1.0609E-04  3.7348E+04
   #    880657  1.1667E+02  1.0598E-04  3.7378E+04
   #    880975  1.1670E+02  1.0589E-04  3.7408E+04
   #    881288  1.1673E+02  1.0579E-04  3.7438E+04
   #    881612  1.1677E+02  1.0570E-04  3.7468E+04
   #    881936  1.1680E+02  1.0569E-04  3.7498E+04
   #    882260  1.1684E+02  1.0574E-04  3.7528E+04
   #    882581  1.1687E+02  1.0580E-04  3.7558E+04
   #    882900  1.1690E+02  1.0587E-04  3.7588E+04
   #    883208  1.1694E+02  1.0592E-04  3.7618E+04
   #    883528  1.1697E+02  1.0595E-04  3.7648E+04
   #    883848  1.1700E+02  1.0593E-04  3.7679E+04
   #    884168  1.1704E+02  1.0586E-04  3.7709E+04
   #    884481  1.1707E+02  1.0576E-04  3.7739E+04
   #    884801  1.1711E+02  1.0565E-04  3.7769E+04
   #    885111  1.1714E+02  1.0556E-04  3.7799E+04
   #    885430  1.1717E+02  1.0551E-04  3.7829E+04
   #    885750  1.1721E+02  1.0552E-04  3.7859E+04
   #    886070  1.1724E+02  1.0552E-04  3.7889E+04
   #    886389  1.1727E+02  1.0557E-04  3.7919E+04
   #    886709  1.1731E+02  1.0564E-04  3.7949E+04
   #    887018  1.1734E+02  1.0575E-04  3.7979E+04
   #    887337  1.1737E+02  1.0580E-04  3.8009E+04
   #    887656  1.1741E+02  1.0582E-04  3.8039E+04
   #    887969  1.1744E+02  1.0587E-04  3.8069E+04
   #    888289  1.1747E+02  1.0597E-04  3.8099E+04
   #    888617  1.1751E+02  1.0607E-04  3.8129E+04
   #    888936  1.1754E+02  1.0619E-04  3.8159E+04
   #    889266  1.1758E+02  1.0629E-04  3.8189E+04
   #    889596  1.1761E+02  1.0640E-04  3.8220E+04
   #    889926  1.1765E+02  1.0653E-04  3.8250E+04
   #    890252  1.1768E+02  1.0668E-04  3.8280E+04
   #    890566  1.1772E+02  1.0685E-04  3.8310E+04
   #    890890  1.1775E+02  1.0701E-04  3.8340E+04
   #    891214  1.1779E+02  1.0714E-04  3.8370E+04
   #    891532  1.1782E+02  1.0727E-04  3.8400E+04
   #    891856  1.1785E+02  1.0737E-04  3.8430E+04
   #    892180  1.1789E+02  1.0748E-04  3.8460E+04
   #    892495  1.1792E+02  1.0759E-04  3.8490E+04
   #    892819  1.1796E+02  1.0770E-04  3.8520E+04
   #    893143  1.1799E+02  1.0780E-04  3.8550E+04
   #    893467  1.1803E+02  1.0788E-04  3.8580E+04
   #    893791  1.1806E+02  1.0794E-04  3.8610E+04
   #    894115  1.1810E+02  1.0797E-04  3.8640E+04
   #    894430  1.1813E+02  1.0795E-04  3.8670E+04
   #    894755  1.1817E+02  1.0791E-04  3.8700E+04
   #    895074  1.1820E+02  1.0784E-04  3.8730E+04
   #    895400  1.1824E+02  1.0774E-04  3.8760E+04
   #    895727  1.1827E+02  1.0765E-04  3.8790E+04
   #    896053  1.1831E+02  1.0759E-04  3.8820E+04
   #    896370  1.1834E+02  1.0754E-04  3.8850E+04
   #    896697  1.1838E+02  1.0755E-04  3.8880E+04
   #    897024  1.1841E+02  1.0758E-04  3.8910E+04
   #    897351  1.1845E+02  1.0761E-04  3.8941E+04
   #    897678  1.1848E+02  1.0762E-04  3.8971E+04
   #    897998  1.1852E+02  1.0763E-04  3.9001E+04
   #    898317  1.1855E+02  1.0762E-04  3.9031E+04
   #    898641  1.1858E+02  1.0761E-04  3.9061E+04
   #    898965  1.1862E+02  1.0760E-04  3.9091E+04
   #    899288  1.1865E+02  1.0758E-04  3.9121E+04
   #    899612  1.1869E+02  1.0754E-04  3.9151E+04
   #    899926  1.1872E+02  1.0748E-04  3.9181E+04
   #    900250  1.1876E+02  1.0739E-04  3.9211E+04
   #    900574  1.1879E+02  1.0739E-04  3.9241E+04
   #    900898  1.1883E+02  1.0726E-04  3.9271E+04
   #    901223  1.1886E+02  1.0719E-04  3.9301E+04
   #    901553  1.1890E+02  1.0715E-04  3.9331E+04
   #    901866  1.1893E+02  1.0718E-04  3.9361E+04
   #    902196  1.1897E+02  1.0726E-04  3.9391E+04
   #    902526  1.1900E+02  1.0736E-04  3.9421E+04
   #    902856  1.1904E+02  1.0748E-04  3.9452E+04
   #    903186  1.1907E+02  1.0757E-04  3.9482E+04
   #    903516  1.1911E+02  1.0761E-04  3.9512E+04
   #    903838  1.1914E+02  1.0769E-04  3.9542E+04
   #    904166  1.1918E+02  1.0774E-04  3.9572E+04
   #    904488  1.1921E+02  1.0770E-04  3.9602E+04
   #    904812  1.1925E+02  1.0766E-04  3.9632E+04
   #    905137  1.1928E+02  1.0758E-04  3.9662E+04
   #    905448  1.1932E+02  1.0747E-04  3.9692E+04
   #    905773  1.1935E+02  1.0740E-04  3.9722E+04
   #    906098  1.1939E+02  1.0738E-04  3.9752E+04
   #    906423  1.1942E+02  1.0738E-04  3.9782E+04
   #    906749  1.1946E+02  1.0742E-04  3.9812E+04
   #    907075  1.1949E+02  1.0745E-04  3.9842E+04
   #    907391  1.1952E+02  1.0750E-04  3.9872E+04
   #    907719  1.1956E+02  1.0754E-04  3.9902E+04
   #    908048  1.1960E+02  1.0751E-04  3.9932E+04
   #    908377  1.1963E+02  1.0747E-04  3.9963E+04
   #    908705  1.1967E+02  1.0744E-04  3.9993E+04
   #    909026  1.1970E+02  1.0743E-04  4.0023E+04
   #    909344  1.1973E+02  1.0743E-04  4.0053E+04
   #    909673  1.1977E+02  1.0743E-04  4.0083E+04
   #    910002  1.1981E+02  1.0743E-04  4.0113E+04
   #    910331  1.1984E+02  1.0745E-04  4.0143E+04
   #    910660  1.1988E+02  1.0748E-04  4.0173E+04
   #    910989  1.1991E+02  1.0754E-04  4.0203E+04
   #    911307  1.1995E+02  1.0756E-04  4.0233E+04
   #    911636  1.1998E+02  1.0759E-04  4.0263E+04
   #    911965  1.2002E+02  1.0763E-04  4.0293E+04
   #    912294  1.2005E+02  1.0766E-04  4.0323E+04
   #    912615  1.2009E+02  1.0766E-04  4.0353E+04
   #    912934  1.2012E+02  1.0766E-04  4.0383E+04
   #    913262  1.2016E+02  1.0767E-04  4.0413E+04
   #    913591  1.2019E+02  1.0767E-04  4.0443E+04
   #    913919  1.2023E+02  1.0770E-04  4.0473E+04
   #    914247  1.2026E+02  1.0773E-04  4.0503E+04
   #    914575  1.2030E+02  1.0778E-04  4.0534E+04
   #    914893  1.2033E+02  1.0785E-04  4.0564E+04
   #    915224  1.2037E+02  1.0788E-04  4.0594E+04
   #    915556  1.2040E+02  1.0791E-04  4.0624E+04
   #    915889  1.2044E+02  1.0797E-04  4.0654E+04
   #    916215  1.2047E+02  1.0803E-04  4.0684E+04
   #    916548  1.2051E+02  1.0818E-04  4.0714E+04
   #    916870  1.2055E+02  1.0834E-04  4.0744E+04
   #    917203  1.2058E+02  1.0849E-04  4.0774E+04
   #    917536  1.2062E+02  1.0859E-04  4.0804E+04
   #    917869  1.2065E+02  1.0875E-04  4.0834E+04
   #    918202  1.2069E+02  1.0892E-04  4.0864E+04
   #    918523  1.2072E+02  1.0902E-04  4.0894E+04
   #    918855  1.2076E+02  1.0910E-04  4.0924E+04
   #    919187  1.2080E+02  1.0921E-04  4.0954E+04
   #    919512  1.2083E+02  1.0934E-04  4.0984E+04
   #    919844  1.2087E+02  1.0948E-04  4.1014E+04
   #    920176  1.2091E+02  1.0957E-04  4.1044E+04
   #    920498  1.2094E+02  1.0961E-04  4.1074E+04
   #    920830  1.2098E+02  1.0962E-04  4.1104E+04
   #    921162  1.2101E+02  1.0964E-04  4.1134E+04
   #    921494  1.2105E+02  1.0966E-04  4.1165E+04
   #    921826  1.2109E+02  1.0966E-04  4.1195E+04
   #    922148  1.2112E+02  1.0968E-04  4.1225E+04
   #    922480  1.2116E+02  1.0969E-04  4.1255E+04
   #    922812  1.2119E+02  1.0969E-04  4.1285E+04
   #    923137  1.2123E+02  1.0970E-04  4.1315E+04
   #    923469  1.2127E+02  1.0972E-04  4.1345E+04
   #    923801  1.2130E+02  1.0974E-04  4.1375E+04
   #    924122  1.2134E+02  1.0977E-04  4.1405E+04
   #    924454  1.2137E+02  1.0980E-04  4.1435E+04
   #    924786  1.2141E+02  1.0981E-04  4.1465E+04
   #    925118  1.2145E+02  1.0982E-04  4.1495E+04
   #    925450  1.2148E+02  1.0982E-04  4.1525E+04
   #    925773  1.2152E+02  1.0984E-04  4.1555E+04
   #    926108  1.2156E+02  1.0986E-04  4.1585E+04
   #    926443  1.2159E+02  1.0992E-04  4.1615E+04
   #    926771  1.2163E+02  1.0996E-04  4.1645E+04
   #    927106  1.2167E+02  1.1001E-04  4.1675E+04
   #    927441  1.2170E+02  1.1005E-04  4.1705E+04
   #    927766  1.2174E+02  1.1008E-04  4.1735E+04
   #    928101  1.2178E+02  1.1013E-04  4.1766E+04
   #    928435  1.2181E+02  1.1015E-04  4.1796E+04
   #    928768  1.2185E+02  1.1017E-04  4.1826E+04
   #    929101  1.2189E+02  1.1020E-04  4.1856E+04
   #    929424  1.2192E+02  1.1024E-04  4.1886E+04
   #    929756  1.2196E+02  1.1028E-04  4.1916E+04
   #    930089  1.2199E+02  1.1033E-04  4.1946E+04
   #    930415  1.2203E+02  1.1034E-04  4.1976E+04
   #    930748  1.2207E+02  1.1037E-04  4.2006E+04
   #    931080  1.2210E+02  1.1040E-04  4.2036E+04
   #    931402  1.2214E+02  1.1042E-04  4.2066E+04
   #    931734  1.2218E+02  1.1045E-04  4.2096E+04
   #    932067  1.2221E+02  1.1049E-04  4.2126E+04
   #    932400  1.2225E+02  1.1054E-04  4.2156E+04
   #    932734  1.2229E+02  1.1060E-04  4.2186E+04
   #    933058  1.2232E+02  1.1066E-04  4.2216E+04
   #    933391  1.2236E+02  1.1074E-04  4.2246E+04
   #    933725  1.2240E+02  1.1082E-04  4.2276E+04
   #    934053  1.2243E+02  1.1091E-04  4.2306E+04
   #    934388  1.2247E+02  1.1103E-04  4.2336E+04
   #    934723  1.2251E+02  1.1117E-04  4.2366E+04
   #    935047  1.2254E+02  1.1131E-04  4.2396E+04
   #    935382  1.2258E+02  1.1143E-04  4.2427E+04
   #    935717  1.2262E+02  1.1155E-04  4.2457E+04
   #    936052  1.2265E+02  1.1169E-04  4.2487E+04
   #    936387  1.2269E+02  1.1186E-04  4.2517E+04
   #    936710  1.2273E+02  1.1202E-04  4.2547E+04
   #    937045  1.2277E+02  1.1218E-04  4.2577E+04
   #    937373  1.2280E+02  1.1228E-04  4.2607E+04
   #    937707  1.2284E+02  1.1238E-04  4.2637E+04
   #    938042  1.2288E+02  1.1248E-04  4.2667E+04
   #    938376  1.2292E+02  1.1257E-04  4.2697E+04
   #    938701  1.2295E+02  1.1266E-04  4.2727E+04
   #    939036  1.2299E+02  1.1272E-04  4.2757E+04
 Total timeloop took        :    42765.184 sec
 Time spent on AMR          :     1053.018 sec
                  Percentage:         2.46 %
 Time spent on IO in loop   :      442.452 sec
                  Percentage:         1.03 %
 Time spent on ghost cells  :     4894.253 sec
                  Percentage:        11.44 %
 Time spent on computing    :    36375.461 sec
                  Percentage:        85.06 %
 Cells updated / proc / sec :    1.110E+05
 Total time spent on IO     :      443.395 sec
 Total timeintegration took :    42766.127 sec
   #    939127   1.230E+02   0.000E+00   4.277E+04
 -------------------------------------------------------------------------------
 Finished AMRVAC in :         42766.484 sec
 -------------------------------------------------------------------------------
######################## JOB EFFICIENCY REPORT ########################
# JobID:              1717441
# Cluster:            lapalma3
# User/Group:         can10010/can10
# Cores:              64
# Nodes:              4
# CPU Utilized:       759.94 CPU-hours
# Wall-clock time:    0 days 11:52:59
# CPU Efficiency:     99.92 %
# Memory Utilized:    7.61 GB
# Memory Efficiency:  6.99 % of 108.80 GB
#~~~~~~~~~~~~~~~~~~~~~~~~~~~~~~~~~~~~~~~~~~~~~~~~~~~~~~~~~~~~~~~~~~~~~~
# If your job has low CPU Efficiency or you have doubts about setting 
# up a job, do not hesitate and contact us:
#                          res_support@iac.es
#######################################################################
