 -----------------------------------------------------------------------------
 -----------------------------------------------------------------------------
 |         __  __ ____ ___        _    __  __ ______     ___    ____         |
 |        |  \/  |  _ \_ _|      / \  |  \/  |  _ \ \   / / \  / ___|        |
 |        | |\/| | |_) | |_____ / _ \ | |\/| | |_) \ \ / / _ \| |            |
 |        | |  | |  __/| |_____/ ___ \| |  | |  _ < \ V / ___ \ |___         |
 |        |_|  |_|_|  |___|   /_/   \_\_|  |_|_| \_\ \_/_/   \_\____|        |
 -----------------------------------------------------------------------------
 -----------------------------------------------------------------------------
 Spitzer MHD: par:   0.21633973559351147       ,perp:    2.1685795904764041E-011
 Combination of Colgan (2008) for high temperatures and
 Dalgarno & McCray (1972), DM2, for low temperatures
 Reading amrvac.par
 
 Output type | tsavestart |  dtsave   | ditsave | itsave(1) | tsave(1)
         log | 0.000E+00  | 0.200E+00 | ******  |      0    | *********
      normal | 0.000E+00  | 0.200E+00 | ******  |      0    | *********
       slice | 0.000E+00  | ********* | ******  | ******    | *********
   collapsed | 0.000E+00  | ********* | ******  | ******    | *********
    analysis | 0.000E+00  | ********* | ******  | ******    | *********
 
         Domain size (cells): 96 48 
                Level one dx: 0.208E+00 0.208E+00 
           Refine estimation: Lohner's scheme
 Note, Grid is reconstructed once every           3 iterations
           restart_from_file:  output/solar_atm_a0155.dat
                  converting: F

 minra  0.10256244189917035     
 rhob   7382.7014817162089     
 pb   59.061613380997102     
 Using TRACL(ine) method with a mask
 By default, magnetic field lines are traced every 4 grid cells
 NOTE:  2D TRAC method take the y-dir == grav-dir
 Memory requirement for each processor in TRAC:
           1  MB
 -------------------------------------------------------------------------------
 Startup phase took :             0.207 sec
 -------------------------------------------------------------------------------
 Start integrating, print status every  3.00E+01 seconds
   #        it        time          dt  wc-time(s)
   #    468269  6.9702E+01  1.2627E-04  5.5175E-01
   #    468667  6.9752E+01  1.2608E-04  3.0576E+01
   #    469080  6.9804E+01  1.2590E-04  6.0618E+01
   #    469493  6.9856E+01  1.2581E-04  9.0655E+01
   #    469905  6.9908E+01  1.2586E-04  1.2070E+02
   #    470318  6.9960E+01  1.2599E-04  1.5076E+02
   #    470731  7.0012E+01  1.2634E-04  1.8078E+02
   #    471144  7.0064E+01  1.2671E-04  2.1085E+02
   #    471543  7.0115E+01  1.2693E-04  2.4088E+02
   #    471952  7.0167E+01  1.2710E-04  2.7092E+02
   #    472361  7.0219E+01  1.2724E-04  3.0097E+02
   #    472770  7.0271E+01  1.2735E-04  3.3099E+02
   #    473161  7.0320E+01  1.2747E-04  3.6105E+02
   #    473570  7.0373E+01  1.2763E-04  3.9112E+02
   #    473979  7.0425E+01  1.2783E-04  4.2117E+02
   #    474388  7.0477E+01  1.2804E-04  4.5120E+02
   #    474786  7.0528E+01  1.2826E-04  4.8125E+02
   #    475195  7.0581E+01  1.2850E-04  5.1127E+02
   #    475604  7.0633E+01  1.2871E-04  5.4132E+02
   #    476017  7.0686E+01  1.2888E-04  5.7136E+02
   #    476425  7.0739E+01  1.2898E-04  6.0138E+02
   #    476842  7.0793E+01  1.2900E-04  6.3144E+02
   #    477249  7.0845E+01  1.2899E-04  6.6145E+02
   #    477666  7.0899E+01  1.2897E-04  6.9151E+02
   #    478073  7.0952E+01  1.2895E-04  7.2156E+02
   #    478490  7.1005E+01  1.2887E-04  7.5157E+02
   #    478907  7.1059E+01  1.2874E-04  7.8160E+02
   #    479314  7.1111E+01  1.2850E-04  8.1164E+02
   #    479731  7.1165E+01  1.2826E-04  8.4166E+02
   #    480148  7.1218E+01  1.2803E-04  8.7169E+02
   #    480565  7.1272E+01  1.2785E-04  9.0172E+02
   #    480974  7.1324E+01  1.2776E-04  9.3179E+02
   #    481391  7.1377E+01  1.2768E-04  9.6179E+02
   #    481801  7.1429E+01  1.2764E-04  9.9182E+02
   #    482218  7.1483E+01  1.2762E-04  1.0219E+03
   #    482627  7.1535E+01  1.2756E-04  1.0519E+03
   #    483044  7.1588E+01  1.2737E-04  1.0820E+03
   #    483461  7.1641E+01  1.2701E-04  1.1120E+03
   #    483878  7.1694E+01  1.2660E-04  1.1420E+03
   #    484285  7.1745E+01  1.2625E-04  1.1721E+03
   #    484702  7.1798E+01  1.2598E-04  1.2021E+03
   #    485119  7.1850E+01  1.2588E-04  1.2321E+03
   #    485533  7.1903E+01  1.2591E-04  1.2628E+03
   #    485950  7.1955E+01  1.2596E-04  1.2928E+03
   #    486358  7.2006E+01  1.2608E-04  1.3228E+03
   #    486775  7.2059E+01  1.2622E-04  1.3528E+03
   #    487182  7.2110E+01  1.2629E-04  1.3829E+03
   #    487599  7.2163E+01  1.2628E-04  1.4129E+03
   #    488016  7.2216E+01  1.2628E-04  1.4429E+03
   #    488433  7.2268E+01  1.2635E-04  1.4729E+03
   #    488840  7.2320E+01  1.2644E-04  1.5030E+03
   #    489257  7.2373E+01  1.2656E-04  1.5330E+03
   #    489674  7.2425E+01  1.2672E-04  1.5630E+03
   #    490091  7.2478E+01  1.2687E-04  1.5930E+03
   #    490497  7.2530E+01  1.2697E-04  1.6231E+03
   #    490905  7.2581E+01  1.2704E-04  1.6531E+03
   #    491322  7.2634E+01  1.2709E-04  1.6831E+03
   #    491739  7.2687E+01  1.2717E-04  1.7132E+03
   #    492146  7.2739E+01  1.2727E-04  1.7432E+03
   #    492563  7.2792E+01  1.2742E-04  1.7732E+03
   #    492981  7.2845E+01  1.2756E-04  1.8033E+03
   #    493398  7.2899E+01  1.2776E-04  1.8333E+03
   #    493803  7.2950E+01  1.2792E-04  1.8634E+03
   #    494220  7.3004E+01  1.2801E-04  1.8934E+03
   #    494637  7.3057E+01  1.2806E-04  1.9234E+03
   #    495041  7.3109E+01  1.2800E-04  1.9534E+03
   #    495446  7.3161E+01  1.2779E-04  1.9835E+03
   #    495860  7.3213E+01  1.2752E-04  2.0135E+03
   #    496273  7.3266E+01  1.2727E-04  2.0435E+03
   #    496679  7.3318E+01  1.2703E-04  2.0736E+03
   #    497093  7.3370E+01  1.2688E-04  2.1037E+03
   #    497507  7.3423E+01  1.2681E-04  2.1337E+03
   #    497921  7.3475E+01  1.2678E-04  2.1638E+03
   #    498324  7.3526E+01  1.2677E-04  2.1938E+03
   #    498738  7.3579E+01  1.2670E-04  2.2239E+03
   #    499152  7.3631E+01  1.2657E-04  2.2539E+03
   #    499565  7.3683E+01  1.2640E-04  2.2839E+03
   #    499960  7.3733E+01  1.2624E-04  2.3139E+03
   #    500373  7.3785E+01  1.2608E-04  2.3440E+03
   #    500787  7.3837E+01  1.2594E-04  2.3740E+03
   #    501201  7.3890E+01  1.2587E-04  2.4041E+03
   #    501604  7.3940E+01  1.2582E-04  2.4341E+03
   #    502017  7.3992E+01  1.2581E-04  2.4641E+03
   #    502430  7.4044E+01  1.2589E-04  2.4941E+03
   #    502844  7.4096E+01  1.2608E-04  2.5242E+03
   #    503247  7.4147E+01  1.2624E-04  2.5542E+03
   #    503660  7.4199E+01  1.2645E-04  2.5842E+03
   #    504064  7.4250E+01  1.2662E-04  2.6142E+03
   #    504477  7.4303E+01  1.2675E-04  2.6443E+03
   #    504883  7.4354E+01  1.2685E-04  2.6743E+03
   #    505296  7.4406E+01  1.2691E-04  2.7043E+03
   #    505709  7.4459E+01  1.2697E-04  2.7343E+03
   #    506113  7.4510E+01  1.2705E-04  2.7644E+03
   #    506526  7.4563E+01  1.2710E-04  2.7944E+03
   #    506939  7.4615E+01  1.2719E-04  2.8244E+03
   #    507352  7.4668E+01  1.2729E-04  2.8544E+03
   #    507758  7.4719E+01  1.2740E-04  2.8845E+03
   #    508171  7.4772E+01  1.2749E-04  2.9145E+03
   #    508578  7.4824E+01  1.2755E-04  2.9446E+03
   #    508991  7.4877E+01  1.2758E-04  2.9746E+03
   #    509393  7.4928E+01  1.2746E-04  3.0046E+03
   #    509806  7.4980E+01  1.2725E-04  3.0346E+03
   #    510219  7.5033E+01  1.2698E-04  3.0646E+03
   #    510632  7.5085E+01  1.2672E-04  3.0946E+03
   #    511035  7.5136E+01  1.2658E-04  3.1246E+03
   #    511448  7.5188E+01  1.2658E-04  3.1547E+03
   #    511861  7.5241E+01  1.2666E-04  3.1847E+03
   #    512279  7.5294E+01  1.2674E-04  3.2147E+03
   #    512690  7.5346E+01  1.2687E-04  3.2448E+03
   #    513100  7.5398E+01  1.2695E-04  3.2748E+03
   #    513519  7.5451E+01  1.2695E-04  3.3049E+03
   #    513935  7.5504E+01  1.2689E-04  3.3354E+03
   #    514354  7.5557E+01  1.2680E-04  3.3655E+03
   #    514776  7.5610E+01  1.2673E-04  3.3955E+03
   #    515198  7.5664E+01  1.2677E-04  3.4256E+03
   #    515609  7.5716E+01  1.2684E-04  3.4556E+03
   #    516009  7.5767E+01  1.2698E-04  3.4856E+03
   #    516401  7.5817E+01  1.2711E-04  3.5157E+03
   #    516790  7.5866E+01  1.2723E-04  3.5457E+03
   #    517171  7.5914E+01  1.2733E-04  3.5758E+03
   #    517546  7.5962E+01  1.2742E-04  3.6058E+03
   #    517929  7.6011E+01  1.2747E-04  3.6359E+03
   #    518310  7.6060E+01  1.2744E-04  3.6659E+03
   #    518682  7.6107E+01  1.2739E-04  3.6960E+03
   #    519065  7.6156E+01  1.2738E-04  3.7260E+03
   #    519447  7.6204E+01  1.2742E-04  3.7561E+03
   #    519827  7.6253E+01  1.2753E-04  3.7861E+03
   #    520207  7.6301E+01  1.2768E-04  3.8162E+03
   #    520575  7.6348E+01  1.2789E-04  3.8462E+03
   #    520954  7.6397E+01  1.2814E-04  3.8763E+03
   #    521330  7.6445E+01  1.2843E-04  3.9064E+03
   #    521685  7.6491E+01  1.2865E-04  3.9364E+03
   #    522026  7.6535E+01  1.2882E-04  3.9664E+03
   #    522368  7.6579E+01  1.2897E-04  3.9965E+03
   #    522709  7.6623E+01  1.2913E-04  4.0265E+03
   #    523052  7.6667E+01  1.2908E-04  4.0566E+03
   #    523385  7.6710E+01  1.2886E-04  4.0866E+03
   #    523728  7.6754E+01  1.2859E-04  4.1167E+03
   #    524071  7.6798E+01  1.2831E-04  4.1467E+03
   #    524426  7.6843E+01  1.2809E-04  4.1768E+03
   #    524794  7.6891E+01  1.2794E-04  4.2068E+03
   #    525144  7.6935E+01  1.2786E-04  4.2369E+03
   #    525509  7.6982E+01  1.2795E-04  4.2669E+03
   #    525873  7.7029E+01  1.2811E-04  4.2970E+03
   #    526237  7.7075E+01  1.2818E-04  4.3270E+03
   #    526592  7.7121E+01  1.2826E-04  4.3571E+03
   #    526951  7.7167E+01  1.2844E-04  4.3871E+03
   #    527320  7.7214E+01  1.2798E-04  4.4171E+03
   #    527678  7.7260E+01  1.2758E-04  4.4472E+03
   #    528030  7.7305E+01  1.2714E-04  4.4772E+03
   #    528381  7.7349E+01  1.2692E-04  4.5073E+03
   #    528726  7.7393E+01  1.2681E-04  4.5373E+03
   #    529065  7.7436E+01  1.2683E-04  4.5674E+03
   #    529410  7.7480E+01  1.2697E-04  4.5975E+03
   #    529765  7.7525E+01  1.2712E-04  4.6275E+03
   #    530138  7.7572E+01  1.2709E-04  4.6575E+03
   #    530511  7.7620E+01  1.2692E-04  4.6876E+03
   #    530884  7.7667E+01  1.2666E-04  4.7177E+03
   #    531246  7.7713E+01  1.2660E-04  4.7477E+03
   #    531619  7.7760E+01  1.2623E-04  4.7778E+03
   #    531998  7.7808E+01  1.2602E-04  4.8078E+03
   #    532371  7.7854E+01  1.2536E-04  4.8379E+03
   #    532737  7.7900E+01  1.2460E-04  4.8679E+03
   #    533083  7.7943E+01  1.2411E-04  4.8980E+03
   #    533447  7.7988E+01  1.2360E-04  4.9280E+03
   #    533811  7.8033E+01  1.2302E-04  4.9580E+03
   #    534175  7.8078E+01  1.2242E-04  4.9881E+03
   #    534536  7.8122E+01  1.2185E-04  5.0181E+03
   #    534908  7.8167E+01  1.2115E-04  5.0482E+03
   #    535281  7.8212E+01  1.2048E-04  5.0783E+03
   #    535654  7.8257E+01  1.1985E-04  5.1083E+03
   #    536030  7.8302E+01  1.1916E-04  5.1383E+03
   #    536385  7.8344E+01  1.1863E-04  5.1684E+03
   #    536738  7.8386E+01  1.1827E-04  5.1984E+03
   #    537088  7.8427E+01  1.1777E-04  5.2284E+03
   #    537449  7.8469E+01  1.1734E-04  5.2585E+03
   #    537797  7.8510E+01  1.1676E-04  5.2885E+03
   #    538140  7.8550E+01  1.1630E-04  5.3185E+03
   #    538485  7.8590E+01  1.1553E-04  5.3486E+03
   #    538832  7.8630E+01  1.1503E-04  5.3786E+03
   #    539179  7.8670E+01  1.1461E-04  5.4087E+03
   #    539515  7.8708E+01  1.1424E-04  5.4387E+03
   #    539861  7.8748E+01  1.1397E-04  5.4687E+03
   #    540207  7.8787E+01  1.1377E-04  5.4988E+03
   #    540558  7.8827E+01  1.1362E-04  5.5288E+03
   #    540896  7.8865E+01  1.1326E-04  5.5588E+03
   #    541242  7.8905E+01  1.1305E-04  5.5889E+03
   #    541578  7.8942E+01  1.1282E-04  5.6189E+03
   #    541925  7.8982E+01  1.1247E-04  5.6489E+03
   #    542272  7.9021E+01  1.1226E-04  5.6790E+03
   #    542619  7.9059E+01  1.1203E-04  5.7091E+03
   #    542967  7.9098E+01  1.1164E-04  5.7391E+03
   #    543306  7.9136E+01  1.1130E-04  5.7691E+03
   #    543655  7.9175E+01  1.1091E-04  5.7992E+03
   #    544004  7.9214E+01  1.1068E-04  5.8292E+03
   #    544351  7.9252E+01  1.1045E-04  5.8592E+03
   #    544690  7.9289E+01  1.1021E-04  5.8893E+03
   #    545028  7.9327E+01  1.1003E-04  5.9193E+03
   #    545376  7.9365E+01  1.0977E-04  5.9494E+03
   #    545722  7.9403E+01  1.0945E-04  5.9794E+03
   #    546068  7.9441E+01  1.0917E-04  6.0094E+03
   #    546416  7.9478E+01  1.0882E-04  6.0395E+03
   #    546753  7.9515E+01  1.0849E-04  6.0695E+03
   #    547100  7.9553E+01  1.0812E-04  6.0996E+03
   #    547448  7.9590E+01  1.0771E-04  6.1296E+03
   #    547796  7.9628E+01  1.0734E-04  6.1596E+03
   #    548137  7.9664E+01  1.0695E-04  6.1896E+03
   #    548485  7.9701E+01  1.0652E-04  6.2197E+03
   #    548823  7.9737E+01  1.0613E-04  6.2497E+03
   #    549170  7.9774E+01  1.0570E-04  6.2797E+03
   #    549519  7.9811E+01  1.0521E-04  6.3098E+03
   #    549867  7.9847E+01  1.0467E-04  6.3398E+03
   #    550215  7.9884E+01  1.0420E-04  6.3698E+03
   #    550553  7.9919E+01  1.0376E-04  6.3999E+03
   #    550901  7.9955E+01  1.0332E-04  6.4299E+03
   #    551247  7.9990E+01  1.0299E-04  6.4600E+03
   #    551588  8.0025E+01  1.0269E-04  6.4900E+03
   #    551922  8.0060E+01  1.0245E-04  6.5200E+03
   #    552268  8.0095E+01  1.0221E-04  6.5501E+03
   #    552607  8.0130E+01  1.0189E-04  6.5802E+03
   #    552953  8.0165E+01  1.0155E-04  6.6102E+03
   #    553299  8.0200E+01  1.0116E-04  6.6403E+03
   #    553639  8.0234E+01  1.0079E-04  6.6703E+03
   #    553984  8.0269E+01  1.0042E-04  6.7004E+03
   #    554332  8.0304E+01  1.0005E-04  6.7304E+03
   #    554671  8.0338E+01  9.9705E-05  6.7604E+03
   #    555020  8.0373E+01  9.9380E-05  6.7905E+03
   #    555369  8.0407E+01  9.9043E-05  6.8205E+03
   #    555709  8.0441E+01  9.8746E-05  6.8506E+03
   #    556056  8.0475E+01  9.8448E-05  6.8806E+03
   #    556393  8.0508E+01  9.8178E-05  6.9107E+03
   #    556739  8.0542E+01  9.7905E-05  6.9407E+03
   #    557085  8.0576E+01  9.7631E-05  6.9708E+03
   #    557428  8.0609E+01  9.7383E-05  7.0008E+03
   #    557771  8.0643E+01  9.7155E-05  7.0308E+03
   #    558112  8.0676E+01  9.6925E-05  7.0609E+03
   #    558437  8.0707E+01  9.6715E-05  7.0909E+03
   #    558773  8.0740E+01  9.6429E-05  7.1210E+03
   #    559109  8.0772E+01  9.6061E-05  7.1511E+03
   #    559438  8.0803E+01  9.5686E-05  7.1811E+03
   #    559773  8.0835E+01  9.5306E-05  7.2111E+03
   #    560106  8.0867E+01  9.4912E-05  7.2412E+03
   #    560439  8.0899E+01  9.4527E-05  7.2712E+03
   #    560763  8.0929E+01  9.4150E-05  7.3012E+03
   #    561096  8.0961E+01  9.3759E-05  7.3313E+03
   #    561429  8.0992E+01  9.3375E-05  7.3613E+03
   #    561762  8.1023E+01  9.2995E-05  7.3913E+03
   #    562095  8.1054E+01  9.2606E-05  7.4213E+03
   #    562428  8.1084E+01  9.2220E-05  7.4514E+03
   #    562753  8.1114E+01  9.1846E-05  7.4814E+03
   #    563081  8.1144E+01  9.1471E-05  7.5115E+03
   #    563415  8.1175E+01  9.1093E-05  7.5415E+03
   #    563749  8.1205E+01  9.0712E-05  7.5716E+03
   #    564087  8.1236E+01  9.0329E-05  7.6016E+03
   #    564425  8.1266E+01  8.9951E-05  7.6317E+03
   #    564762  8.1296E+01  8.9580E-05  7.6617E+03
   #    565089  8.1326E+01  8.9226E-05  7.6918E+03
   #    565422  8.1355E+01  8.8872E-05  7.7218E+03
   #    565756  8.1385E+01  8.8524E-05  7.7519E+03
   #    566090  8.1414E+01  8.8175E-05  7.7819E+03
   #    566420  8.1443E+01  8.7833E-05  7.8120E+03
   #    566764  8.1474E+01  8.7482E-05  7.8420E+03
   #    567097  8.1503E+01  8.7147E-05  7.8720E+03
   #    567421  8.1531E+01  8.6826E-05  7.9021E+03
   #    567755  8.1560E+01  8.6502E-05  7.9321E+03
   #    568090  8.1589E+01  8.6183E-05  7.9622E+03
   #    568425  8.1617E+01  8.5871E-05  7.9922E+03
   #    568765  8.1647E+01  8.5557E-05  8.0223E+03
   #    569104  8.1676E+01  8.5244E-05  8.0523E+03
   #    569442  8.1704E+01  8.4937E-05  8.0824E+03
   #    569771  8.1732E+01  8.4643E-05  8.1125E+03
   #    570104  8.1760E+01  8.4349E-05  8.1425E+03
   #    570447  8.1789E+01  8.4048E-05  8.1725E+03
   #    570785  8.1818E+01  8.3756E-05  8.2026E+03
   #    571123  8.1846E+01  8.3468E-05  8.2326E+03
   #    571461  8.1874E+01  8.3187E-05  8.2626E+03
   #    571799  8.1902E+01  8.2912E-05  8.2927E+03
   #    572122  8.1929E+01  8.2657E-05  8.3227E+03
   #    572453  8.1956E+01  8.2400E-05  8.3528E+03
   #    572784  8.1983E+01  8.2144E-05  8.3828E+03
   #    573115  8.2010E+01  8.1896E-05  8.4129E+03
   #    573446  8.2037E+01  8.1655E-05  8.4429E+03
   #    573770  8.2064E+01  8.1424E-05  8.4729E+03
   #    574101  8.2091E+01  8.1194E-05  8.5030E+03
   #    574421  8.2117E+01  8.0975E-05  8.5330E+03
   #    574749  8.2143E+01  8.0754E-05  8.5630E+03
   #    575077  8.2170E+01  8.0539E-05  8.5930E+03
   #    575401  8.2196E+01  8.0331E-05  8.6231E+03
   #    575723  8.2222E+01  8.0132E-05  8.6532E+03
   #    576042  8.2247E+01  7.9941E-05  8.6833E+03
   #    576358  8.2272E+01  7.9751E-05  8.7133E+03
   #    576674  8.2298E+01  7.9570E-05  8.7433E+03
   #    576981  8.2322E+01  7.9405E-05  8.7733E+03
   #    577291  8.2347E+01  7.9250E-05  8.8034E+03
   #    577608  8.2372E+01  7.9106E-05  8.8334E+03
   #    577927  8.2397E+01  7.8976E-05  8.8634E+03
   #    578246  8.2422E+01  7.8861E-05  8.8934E+03
   #    578565  8.2447E+01  7.8759E-05  8.9234E+03
   #    578884  8.2472E+01  7.8672E-05  8.9535E+03
   #    579203  8.2497E+01  7.8602E-05  8.9835E+03
   #    579511  8.2521E+01  7.8548E-05  9.0135E+03
   #    579830  8.2547E+01  7.8507E-05  9.0436E+03
   #    580149  8.2572E+01  7.8483E-05  9.0736E+03
   #    580467  8.2597E+01  7.8476E-05  9.1037E+03
   #    580773  8.2620E+01  7.8484E-05  9.1337E+03
   #    581086  8.2645E+01  7.8511E-05  9.1637E+03
   #    581398  8.2670E+01  7.8554E-05  9.1938E+03
   #    581707  8.2694E+01  7.8616E-05  9.2238E+03
   #    582007  8.2717E+01  7.8696E-05  9.2539E+03
   #    582324  8.2742E+01  7.8793E-05  9.2839E+03
   #    582645  8.2768E+01  7.8912E-05  9.3139E+03
   #    582967  8.2793E+01  7.9041E-05  9.3440E+03
   #    583289  8.2819E+01  7.9180E-05  9.3740E+03
   #    583612  8.2844E+01  7.9336E-05  9.4041E+03
   #    583936  8.2870E+01  7.9508E-05  9.4342E+03
   #    584252  8.2895E+01  7.9669E-05  9.4642E+03
   #    584565  8.2920E+01  7.9833E-05  9.4943E+03
   #    584888  8.2946E+01  8.0000E-05  9.5243E+03
   #    585210  8.2972E+01  8.0153E-05  9.5544E+03
   #    585532  8.2997E+01  8.0258E-05  9.5844E+03
   #    585852  8.3023E+01  8.0283E-05  9.6144E+03
   #    586169  8.3049E+01  8.0243E-05  9.6444E+03
   #    586487  8.3074E+01  8.0194E-05  9.6745E+03
   #    586804  8.3099E+01  8.0164E-05  9.7045E+03
   #    587127  8.3125E+01  8.0156E-05  9.7346E+03
   #    587461  8.3152E+01  8.0182E-05  9.7646E+03
   #    587803  8.3180E+01  8.0245E-05  9.7947E+03
   #    588145  8.3207E+01  8.0350E-05  9.8247E+03
   #    588484  8.3234E+01  8.0489E-05  9.8548E+03
   #    588823  8.3262E+01  8.0667E-05  9.8848E+03
   #    589162  8.3289E+01  8.0858E-05  9.9148E+03
   #    589491  8.3316E+01  8.1057E-05  9.9448E+03
   #    589830  8.3343E+01  8.1233E-05  9.9749E+03
   #    590169  8.3371E+01  8.1381E-05  1.0005E+04
   #    590508  8.3398E+01  8.1444E-05  1.0035E+04
   #    590847  8.3426E+01  8.1416E-05  1.0065E+04
   #    591180  8.3453E+01  8.1293E-05  1.0095E+04
   #    591519  8.3480E+01  8.0923E-05  1.0125E+04
   #    591848  8.3507E+01  8.0701E-05  1.0155E+04
   #    592187  8.3534E+01  8.0626E-05  1.0185E+04
   #    592526  8.3562E+01  8.0779E-05  1.0215E+04
   #    592863  8.3589E+01  8.1304E-05  1.0245E+04
   #    593198  8.3616E+01  8.2242E-05  1.0275E+04
   #    593531  8.3644E+01  8.4069E-05  1.0306E+04
   #    593864  8.3672E+01  8.7158E-05  1.0336E+04
   #    594194  8.3702E+01  9.0716E-05  1.0366E+04
   #    594515  8.3731E+01  9.4311E-05  1.0396E+04
   #    594841  8.3763E+01  9.7918E-05  1.0426E+04
   #    595174  8.3796E+01  1.0118E-04  1.0456E+04
   #    595510  8.3830E+01  1.0405E-04  1.0486E+04
   #    595848  8.3866E+01  1.0551E-04  1.0516E+04
   #    596186  8.3902E+01  1.0636E-04  1.0546E+04
   #    596513  8.3937E+01  1.0703E-04  1.0576E+04
   #    596851  8.3973E+01  1.0757E-04  1.0606E+04
   #    597187  8.4009E+01  1.0808E-04  1.0636E+04
   #    597522  8.4045E+01  1.0848E-04  1.0666E+04
   #    597857  8.4082E+01  1.0885E-04  1.0696E+04
   #    598180  8.4117E+01  1.0920E-04  1.0726E+04
   #    598505  8.4153E+01  1.0958E-04  1.0756E+04
   #    598839  8.4189E+01  1.0990E-04  1.0786E+04
   #    599175  8.4226E+01  1.1020E-04  1.0816E+04
   #    599511  8.4263E+01  1.1045E-04  1.0847E+04
   #    599847  8.4300E+01  1.1038E-04  1.0877E+04
   #    600173  8.4336E+01  1.1003E-04  1.0907E+04
   #    600512  8.4373E+01  1.0959E-04  1.0937E+04
   #    600850  8.4410E+01  1.0953E-04  1.0967E+04
   #    601188  8.4447E+01  1.0993E-04  1.0997E+04
   #    601526  8.4485E+01  1.1052E-04  1.1027E+04
   #    601841  8.4520E+01  1.1096E-04  1.1057E+04
   #    602147  8.4554E+01  1.1175E-04  1.1087E+04
   #    602459  8.4589E+01  1.1258E-04  1.1117E+04
   #    602771  8.4624E+01  1.1317E-04  1.1147E+04
   #    603083  8.4659E+01  1.1379E-04  1.1177E+04
   #    603395  8.4695E+01  1.1488E-04  1.1207E+04
   #    603699  8.4730E+01  1.1622E-04  1.1237E+04
   #    604007  8.4766E+01  1.1759E-04  1.1267E+04
   #    604315  8.4802E+01  1.1855E-04  1.1297E+04
   #    604623  8.4839E+01  1.1884E-04  1.1327E+04
   #    604937  8.4876E+01  1.1949E-04  1.1357E+04
   #    605243  8.4913E+01  1.2012E-04  1.1387E+04
   #    605552  8.4950E+01  1.2045E-04  1.1417E+04
   #    605868  8.4988E+01  1.2094E-04  1.1447E+04
   #    606184  8.5026E+01  1.2157E-04  1.1477E+04
   #    606500  8.5065E+01  1.2228E-04  1.1507E+04
   #    606816  8.5104E+01  1.2284E-04  1.1538E+04
   #    607121  8.5141E+01  1.2339E-04  1.1568E+04
   #    607437  8.5180E+01  1.2395E-04  1.1598E+04
   #    607753  8.5220E+01  1.2451E-04  1.1628E+04
   #    608069  8.5259E+01  1.2510E-04  1.1658E+04
   #    608384  8.5298E+01  1.2565E-04  1.1688E+04
   #    608683  8.5336E+01  1.2619E-04  1.1718E+04
   #    608998  8.5376E+01  1.2680E-04  1.1748E+04
   #    609313  8.5416E+01  1.2749E-04  1.1778E+04
   #    609628  8.5456E+01  1.2772E-04  1.1808E+04
   #    609944  8.5497E+01  1.2786E-04  1.1838E+04
   #    610250  8.5536E+01  1.2798E-04  1.1868E+04
   #    610566  8.5576E+01  1.2812E-04  1.1898E+04
   #    610881  8.5616E+01  1.2828E-04  1.1928E+04
   #    611197  8.5657E+01  1.2845E-04  1.1958E+04
   #    611513  8.5698E+01  1.2868E-04  1.1988E+04
   #    611822  8.5737E+01  1.2892E-04  1.2018E+04
   #    612132  8.5777E+01  1.2915E-04  1.2048E+04
   #    612448  8.5818E+01  1.2932E-04  1.2078E+04
   #    612761  8.5859E+01  1.2953E-04  1.2108E+04
   #    613074  8.5899E+01  1.2975E-04  1.2139E+04
   #    613378  8.5939E+01  1.2995E-04  1.2169E+04
   #    613690  8.5979E+01  1.3010E-04  1.2199E+04
   #    614001  8.6020E+01  1.3032E-04  1.2229E+04
   #    614313  8.6060E+01  1.3054E-04  1.2259E+04
   #    614625  8.6101E+01  1.3075E-04  1.2289E+04
   #    614926  8.6141E+01  1.3095E-04  1.2319E+04
   #    615239  8.6182E+01  1.3111E-04  1.2349E+04
   #    615546  8.6222E+01  1.3124E-04  1.2379E+04
   #    615860  8.6263E+01  1.3139E-04  1.2409E+04
   #    616174  8.6304E+01  1.3153E-04  1.2439E+04
   #    616479  8.6345E+01  1.3166E-04  1.2469E+04
   #    616793  8.6386E+01  1.3179E-04  1.2499E+04
   #    617107  8.6427E+01  1.3190E-04  1.2529E+04
   #    617421  8.6469E+01  1.3200E-04  1.2559E+04
   #    617727  8.6509E+01  1.3210E-04  1.2589E+04
   #    618040  8.6551E+01  1.3221E-04  1.2619E+04
   #    618350  8.6591E+01  1.3229E-04  1.2649E+04
   #    618660  8.6632E+01  1.3236E-04  1.2679E+04
   #    618965  8.6673E+01  1.3242E-04  1.2710E+04
   #    619265  8.6713E+01  1.3248E-04  1.2740E+04
   #    619575  8.6754E+01  1.3248E-04  1.2770E+04
   #    619885  8.6795E+01  1.3246E-04  1.2800E+04
   #    620195  8.6836E+01  1.3243E-04  1.2830E+04
   #    620504  8.6877E+01  1.3241E-04  1.2860E+04
   #    620805  8.6916E+01  1.3240E-04  1.2890E+04
   #    621115  8.6957E+01  1.3240E-04  1.2920E+04
   #    621425  8.6998E+01  1.3239E-04  1.2950E+04
   #    621735  8.7039E+01  1.3238E-04  1.2980E+04
   #    622045  8.7080E+01  1.3234E-04  1.3010E+04
   #    622335  8.7119E+01  1.3226E-04  1.3040E+04
   #    622634  8.7158E+01  1.3219E-04  1.3070E+04
   #    622933  8.7198E+01  1.3213E-04  1.3100E+04
   #    623232  8.7237E+01  1.3207E-04  1.3131E+04
   #    623531  8.7277E+01  1.3203E-04  1.3161E+04
   #    623823  8.7315E+01  1.3203E-04  1.3191E+04
   #    624122  8.7355E+01  1.3205E-04  1.3221E+04
   #    624421  8.7394E+01  1.3207E-04  1.3251E+04
   #    624720  8.7434E+01  1.3209E-04  1.3281E+04
   #    625019  8.7473E+01  1.3213E-04  1.3311E+04
   #    625302  8.7511E+01  1.3217E-04  1.3341E+04
   #    625601  8.7550E+01  1.3222E-04  1.3371E+04
   #    625900  8.7590E+01  1.3225E-04  1.3401E+04
   #    626199  8.7629E+01  1.3218E-04  1.3431E+04
   #    626498  8.7669E+01  1.3212E-04  1.3461E+04
   #    626789  8.7707E+01  1.3206E-04  1.3491E+04
   #    627087  8.7747E+01  1.3200E-04  1.3521E+04
   #    627384  8.7786E+01  1.3194E-04  1.3551E+04
   #    627681  8.7825E+01  1.3188E-04  1.3581E+04
   #    627978  8.7864E+01  1.3182E-04  1.3611E+04
   #    628275  8.7903E+01  1.3176E-04  1.3641E+04
   #    628560  8.7941E+01  1.3169E-04  1.3672E+04
   #    628857  8.7980E+01  1.3162E-04  1.3702E+04
   #    629154  8.8019E+01  1.3156E-04  1.3732E+04
   #    629451  8.8058E+01  1.3149E-04  1.3762E+04
   #    629748  8.8097E+01  1.3143E-04  1.3792E+04
   #    630037  8.8135E+01  1.3137E-04  1.3822E+04
   #    630334  8.8174E+01  1.3130E-04  1.3852E+04
   #    630630  8.8213E+01  1.3123E-04  1.3882E+04
   #    630926  8.8252E+01  1.3116E-04  1.3912E+04
   #    631222  8.8290E+01  1.3110E-04  1.3942E+04
   #    631510  8.8328E+01  1.3104E-04  1.3972E+04
   #    631800  8.8366E+01  1.3098E-04  1.4002E+04
   #    632097  8.8405E+01  1.3092E-04  1.4032E+04
   #    632394  8.8444E+01  1.3087E-04  1.4062E+04
   #    632691  8.8483E+01  1.3083E-04  1.4092E+04
   #    632978  8.8520E+01  1.3080E-04  1.4122E+04
   #    633274  8.8559E+01  1.3077E-04  1.4152E+04
   #    633570  8.8598E+01  1.3075E-04  1.4182E+04
   #    633866  8.8636E+01  1.3072E-04  1.4212E+04
   #    634163  8.8675E+01  1.3067E-04  1.4242E+04
   #    634450  8.8713E+01  1.3060E-04  1.4272E+04
   #    634767  8.8754E+01  1.3052E-04  1.4302E+04
   #    635080  8.8795E+01  1.3046E-04  1.4332E+04
   #    635400  8.8837E+01  1.3040E-04  1.4362E+04
   #    635720  8.8878E+01  1.3035E-04  1.4392E+04
   #    636030  8.8919E+01  1.3031E-04  1.4423E+04
   #    636351  8.8960E+01  1.3028E-04  1.4453E+04
   #    636672  8.9002E+01  1.3024E-04  1.4483E+04
   #    636993  8.9044E+01  1.3018E-04  1.4513E+04
   #    637314  8.9086E+01  1.3014E-04  1.4543E+04
   #    637626  8.9126E+01  1.3011E-04  1.4573E+04
   #    637946  8.9168E+01  1.3009E-04  1.4603E+04
   #    638267  8.9210E+01  1.2986E-04  1.4633E+04
   #    638581  8.9250E+01  1.2967E-04  1.4663E+04
   #    638902  8.9292E+01  1.2951E-04  1.4693E+04
   #    639214  8.9332E+01  1.2930E-04  1.4723E+04
   #    639534  8.9374E+01  1.2904E-04  1.4753E+04
   #    639855  8.9415E+01  1.2880E-04  1.4783E+04
   #    640175  8.9456E+01  1.2864E-04  1.4813E+04
   #    640495  8.9497E+01  1.2850E-04  1.4843E+04
   #    640805  8.9537E+01  1.2822E-04  1.4873E+04
   #    641125  8.9578E+01  1.2795E-04  1.4903E+04
   #    641445  8.9619E+01  1.2779E-04  1.4933E+04
   #    641759  8.9659E+01  1.2769E-04  1.4963E+04
   #    642079  8.9700E+01  1.2745E-04  1.4993E+04
   #    642389  8.9739E+01  1.2717E-04  1.5023E+04
   #    642709  8.9780E+01  1.2701E-04  1.5054E+04
   #    643029  8.9821E+01  1.2689E-04  1.5084E+04
   #    643349  8.9861E+01  1.2669E-04  1.5114E+04
   #    643670  8.9902E+01  1.2642E-04  1.5144E+04
   #    643984  8.9942E+01  1.2639E-04  1.5174E+04
   #    644307  8.9982E+01  1.2620E-04  1.5204E+04
   #    644630  9.0023E+01  1.2590E-04  1.5234E+04
   #    644953  9.0064E+01  1.2579E-04  1.5264E+04
   #    645268  9.0103E+01  1.2559E-04  1.5294E+04
   #    645581  9.0143E+01  1.2521E-04  1.5324E+04
   #    645904  9.0183E+01  1.2522E-04  1.5354E+04
   #    646227  9.0223E+01  1.2508E-04  1.5384E+04
   #    646550  9.0264E+01  1.2468E-04  1.5414E+04
   #    646873  9.0304E+01  1.2464E-04  1.5444E+04
   #    647186  9.0343E+01  1.2453E-04  1.5474E+04
   #    647509  9.0383E+01  1.2419E-04  1.5504E+04
   #    647832  9.0423E+01  1.2417E-04  1.5534E+04
   #    648155  9.0463E+01  1.2412E-04  1.5564E+04
   #    648478  9.0503E+01  1.2383E-04  1.5594E+04
   #    648785  9.0541E+01  1.2382E-04  1.5624E+04
   #    649108  9.0581E+01  1.2368E-04  1.5654E+04
   #    649431  9.0621E+01  1.2344E-04  1.5684E+04
   #    649754  9.0661E+01  1.2342E-04  1.5715E+04
   #    650077  9.0701E+01  1.2315E-04  1.5745E+04
   #    650390  9.0739E+01  1.2299E-04  1.5775E+04
   #    650713  9.0779E+01  1.2299E-04  1.5805E+04
   #    651036  9.0819E+01  1.2278E-04  1.5835E+04
   #    651359  9.0858E+01  1.2268E-04  1.5865E+04
   #    651681  9.0898E+01  1.2284E-04  1.5895E+04
   #    651995  9.0936E+01  1.2246E-04  1.5925E+04
   #    652312  9.0975E+01  1.2235E-04  1.5955E+04
   #    652635  9.1015E+01  1.2259E-04  1.5985E+04
   #    652958  9.1054E+01  1.2212E-04  1.6015E+04
   #    653281  9.1094E+01  1.2225E-04  1.6045E+04
   #    653594  9.1132E+01  1.2213E-04  1.6075E+04
   #    653917  9.1171E+01  1.2188E-04  1.6105E+04
   #    654240  9.1211E+01  1.2227E-04  1.6135E+04
   #    654563  9.1250E+01  1.2176E-04  1.6165E+04
   #    654886  9.1290E+01  1.2189E-04  1.6196E+04
   #    655199  9.1328E+01  1.2183E-04  1.6226E+04
   #    655522  9.1367E+01  1.2160E-04  1.6256E+04
   #    655838  9.1406E+01  1.2206E-04  1.6286E+04
   #    656161  9.1445E+01  1.2156E-04  1.6316E+04
   #    656484  9.1484E+01  1.2198E-04  1.6346E+04
   #    656798  9.1523E+01  1.2171E-04  1.6376E+04
   #    657121  9.1562E+01  1.2167E-04  1.6406E+04
   #    657444  9.1601E+01  1.2208E-04  1.6436E+04
   #    657767  9.1640E+01  1.2171E-04  1.6466E+04
   #    658091  9.1680E+01  1.2208E-04  1.6496E+04
   #    658404  9.1718E+01  1.2192E-04  1.6526E+04
   #    658727  9.1757E+01  1.2177E-04  1.6556E+04
   #    659050  9.1797E+01  1.2212E-04  1.6586E+04
   #    659367  9.1835E+01  1.2178E-04  1.6616E+04
   #    659696  9.1876E+01  1.2201E-04  1.6646E+04
   #    660019  9.1915E+01  1.2194E-04  1.6676E+04
   #    660352  9.1956E+01  1.2184E-04  1.6706E+04
   #    660685  9.1996E+01  1.2199E-04  1.6736E+04
   #    661019  9.2037E+01  1.2167E-04  1.6766E+04
   #    661350  9.2077E+01  1.2201E-04  1.6796E+04
   #    661654  9.2114E+01  1.2163E-04  1.6826E+04
   #    661956  9.2151E+01  1.2161E-04  1.6856E+04
   #    662258  9.2188E+01  1.2158E-04  1.6886E+04
   #    662555  9.2224E+01  1.2134E-04  1.6916E+04
   #    662857  9.2260E+01  1.2152E-04  1.6946E+04
   #    663159  9.2297E+01  1.2117E-04  1.6977E+04
   #    663452  9.2332E+01  1.2111E-04  1.7007E+04
   #    663754  9.2369E+01  1.2099E-04  1.7037E+04
   #    664056  9.2405E+01  1.2084E-04  1.7067E+04
   #    664358  9.2442E+01  1.2086E-04  1.7097E+04
   #    664660  9.2478E+01  1.2064E-04  1.7127E+04
   #    664955  9.2514E+01  1.2067E-04  1.7157E+04
   #    665257  9.2550E+01  1.2040E-04  1.7187E+04
   #    665559  9.2587E+01  1.2034E-04  1.7217E+04
   #    665856  9.2622E+01  1.2016E-04  1.7247E+04
   #    666154  9.2658E+01  1.2013E-04  1.7277E+04
   #    666448  9.2693E+01  1.2003E-04  1.7307E+04
   #    666733  9.2728E+01  1.1994E-04  1.7337E+04
   #    667027  9.2763E+01  1.1987E-04  1.7367E+04
   #    667321  9.2798E+01  1.1977E-04  1.7397E+04
   #    667615  9.2833E+01  1.1974E-04  1.7427E+04
   #    667908  9.2868E+01  1.1949E-04  1.7457E+04
   #    668202  9.2903E+01  1.1944E-04  1.7487E+04
   #    668487  9.2937E+01  1.1925E-04  1.7517E+04
   #    668781  9.2973E+01  1.1926E-04  1.7548E+04
   #    669067  9.3007E+01  1.1912E-04  1.7578E+04
   #    669354  9.3041E+01  1.1895E-04  1.7608E+04
   #    669647  9.3076E+01  1.1889E-04  1.7638E+04
   #    669938  9.3110E+01  1.1877E-04  1.7668E+04
   #    670238  9.3146E+01  1.1873E-04  1.7698E+04
   #    670538  9.3181E+01  1.1871E-04  1.7728E+04
   #    670838  9.3217E+01  1.1853E-04  1.7758E+04
   #    671138  9.3252E+01  1.1838E-04  1.7788E+04
   #    671438  9.3288E+01  1.1828E-04  1.7818E+04
   #    671729  9.3322E+01  1.1827E-04  1.7848E+04
   #    672029  9.3358E+01  1.1819E-04  1.7878E+04
   #    672323  9.3393E+01  1.1808E-04  1.7908E+04
   #    672623  9.3428E+01  1.1789E-04  1.7938E+04
   #    672923  9.3463E+01  1.1781E-04  1.7968E+04
   #    673224  9.3499E+01  1.1778E-04  1.7998E+04
   #    673516  9.3533E+01  1.1765E-04  1.8028E+04
   #    673816  9.3568E+01  1.1742E-04  1.8058E+04
   #    674117  9.3604E+01  1.1728E-04  1.8088E+04
   #    674415  9.3639E+01  1.1722E-04  1.8118E+04
   #    674713  9.3673E+01  1.1699E-04  1.8148E+04
   #    675012  9.3708E+01  1.1673E-04  1.8178E+04
   #    675303  9.3742E+01  1.1671E-04  1.8208E+04
   #    675597  9.3777E+01  1.1657E-04  1.8238E+04
   #    675898  9.3812E+01  1.1628E-04  1.8268E+04
   #    676195  9.3846E+01  1.1617E-04  1.8298E+04
   #    676491  9.3881E+01  1.1622E-04  1.8328E+04
   #    676778  9.3914E+01  1.1598E-04  1.8358E+04
   #    677075  9.3948E+01  1.1578E-04  1.8389E+04
   #    677375  9.3983E+01  1.1580E-04  1.8419E+04
   #    677675  9.4018E+01  1.1567E-04  1.8449E+04
   #    677975  9.4052E+01  1.1548E-04  1.8479E+04
   #    678275  9.4087E+01  1.1524E-04  1.8509E+04
   #    678558  9.4120E+01  1.1523E-04  1.8539E+04
   #    678857  9.4154E+01  1.1514E-04  1.8569E+04
   #    679160  9.4189E+01  1.1492E-04  1.8599E+04
   #    679459  9.4223E+01  1.1489E-04  1.8629E+04
   #    679764  9.4258E+01  1.1484E-04  1.8659E+04
   #    680084  9.4295E+01  1.1471E-04  1.8689E+04
   #    680394  9.4331E+01  1.1450E-04  1.8719E+04
   #    680715  9.4367E+01  1.1458E-04  1.8749E+04
   #    681036  9.4404E+01  1.1463E-04  1.8779E+04
   #    681357  9.4441E+01  1.1433E-04  1.8809E+04
   #    681678  9.4477E+01  1.1432E-04  1.8839E+04
   #    681983  9.4512E+01  1.1437E-04  1.8869E+04
   #    682304  9.4549E+01  1.1421E-04  1.8899E+04
   #    682625  9.4586E+01  1.1392E-04  1.8929E+04
   #    682946  9.4622E+01  1.1402E-04  1.8959E+04
   #    683268  9.4659E+01  1.1409E-04  1.8990E+04
   #    683589  9.4695E+01  1.1358E-04  1.9020E+04
   #    683901  9.4731E+01  1.1349E-04  1.9050E+04
   #    684222  9.4767E+01  1.1390E-04  1.9080E+04
   #    684544  9.4804E+01  1.1358E-04  1.9110E+04
   #    684865  9.4840E+01  1.1338E-04  1.9140E+04
   #    685186  9.4877E+01  1.1337E-04  1.9170E+04
   #    685491  9.4911E+01  1.1379E-04  1.9200E+04
   #    685814  9.4948E+01  1.1391E-04  1.9230E+04
   #    686136  9.4985E+01  1.1341E-04  1.9260E+04
   #    686459  9.5021E+01  1.1321E-04  1.9290E+04
   #    686782  9.5058E+01  1.1360E-04  1.9320E+04
   #    687105  9.5095E+01  1.1392E-04  1.9350E+04
   #    687418  9.5130E+01  1.1396E-04  1.9380E+04
   #    687741  9.5167E+01  1.1357E-04  1.9410E+04
   #    688067  9.5204E+01  1.1354E-04  1.9440E+04
   #    688398  9.5242E+01  1.1369E-04  1.9470E+04
   #    688729  9.5279E+01  1.1402E-04  1.9500E+04
   #    689044  9.5315E+01  1.1397E-04  1.9530E+04
   #    689371  9.5352E+01  1.1373E-04  1.9560E+04
   #    689698  9.5390E+01  1.1376E-04  1.9590E+04
   #    690025  9.5427E+01  1.1402E-04  1.9620E+04
   #    690351  9.5464E+01  1.1451E-04  1.9651E+04
   #    690678  9.5501E+01  1.1455E-04  1.9681E+04
   #    691001  9.5538E+01  1.1444E-04  1.9711E+04
   #    691334  9.5577E+01  1.1450E-04  1.9741E+04
   #    691667  9.5615E+01  1.1467E-04  1.9771E+04
   #    692000  9.5653E+01  1.1488E-04  1.9801E+04
   #    692333  9.5691E+01  1.1507E-04  1.9831E+04
   #    692650  9.5728E+01  1.1524E-04  1.9861E+04
   #    692983  9.5766E+01  1.1549E-04  1.9891E+04
   #    693314  9.5804E+01  1.1582E-04  1.9921E+04
   #    693642  9.5842E+01  1.1606E-04  1.9951E+04
   #    693969  9.5880E+01  1.1612E-04  1.9981E+04
   #    694291  9.5918E+01  1.1622E-04  2.0011E+04
   #    694624  9.5956E+01  1.1646E-04  2.0041E+04
   #    694957  9.5995E+01  1.1672E-04  2.0071E+04
   #    695290  9.6034E+01  1.1692E-04  2.0101E+04
   #    695623  9.6073E+01  1.1678E-04  2.0131E+04
   #    695946  9.6111E+01  1.1661E-04  2.0161E+04
   #    696272  9.6149E+01  1.1641E-04  2.0192E+04
   #    696605  9.6187E+01  1.1619E-04  2.0222E+04
   #    696938  9.6226E+01  1.1598E-04  2.0252E+04
   #    697271  9.6265E+01  1.1581E-04  2.0282E+04
   #    697604  9.6303E+01  1.1567E-04  2.0312E+04
   #    697927  9.6341E+01  1.1556E-04  2.0342E+04
   #    698259  9.6379E+01  1.1544E-04  2.0372E+04
   #    698587  9.6417E+01  1.1533E-04  2.0402E+04
   #    698915  9.6455E+01  1.1523E-04  2.0432E+04
   #    699243  9.6492E+01  1.1511E-04  2.0462E+04
   #    699555  9.6528E+01  1.1496E-04  2.0492E+04
   #    699884  9.6566E+01  1.1474E-04  2.0522E+04
   #    700212  9.6604E+01  1.1452E-04  2.0552E+04
   #    700540  9.6641E+01  1.1419E-04  2.0582E+04
   #    700868  9.6678E+01  1.1387E-04  2.0612E+04
   #    701187  9.6715E+01  1.1367E-04  2.0642E+04
   #    701515  9.6752E+01  1.1353E-04  2.0672E+04
   #    701844  9.6789E+01  1.1343E-04  2.0702E+04
   #    702171  9.6826E+01  1.1330E-04  2.0732E+04
   #    702494  9.6863E+01  1.1324E-04  2.0762E+04
   #    702817  9.6900E+01  1.1320E-04  2.0792E+04
   #    703123  9.6934E+01  1.1318E-04  2.0822E+04
   #    703446  9.6971E+01  1.1315E-04  2.0852E+04
   #    703769  9.7007E+01  1.1312E-04  2.0882E+04
   #    704092  9.7044E+01  1.1305E-04  2.0912E+04
   #    704419  9.7081E+01  1.1293E-04  2.0943E+04
   #    704738  9.7117E+01  1.1280E-04  2.0973E+04
   #    705067  9.7154E+01  1.1266E-04  2.1003E+04
   #    705396  9.7191E+01  1.1252E-04  2.1033E+04
   #    705724  9.7228E+01  1.1241E-04  2.1063E+04
   #    706052  9.7265E+01  1.1231E-04  2.1093E+04
   #    706380  9.7301E+01  1.1225E-04  2.1123E+04
   #    706691  9.7336E+01  1.1224E-04  2.1153E+04
   #    707019  9.7373E+01  1.1224E-04  2.1183E+04
   #    707347  9.7410E+01  1.1226E-04  2.1213E+04
   #    707673  9.7446E+01  1.1229E-04  2.1243E+04
   #    708000  9.7483E+01  1.1234E-04  2.1273E+04
   #    708316  9.7519E+01  1.1238E-04  2.1303E+04
   #    708643  9.7555E+01  1.1238E-04  2.1333E+04
   #    708971  9.7592E+01  1.1237E-04  2.1363E+04
   #    709298  9.7629E+01  1.1236E-04  2.1393E+04
   #    709624  9.7666E+01  1.1238E-04  2.1423E+04
   #    709950  9.7702E+01  1.1243E-04  2.1453E+04
   #    710259  9.7737E+01  1.1250E-04  2.1483E+04
   #    710585  9.7774E+01  1.1254E-04  2.1513E+04
   #    710911  9.7810E+01  1.1259E-04  2.1543E+04
   #    711237  9.7847E+01  1.1265E-04  2.1573E+04
   #    711563  9.7884E+01  1.1271E-04  2.1603E+04
   #    711880  9.7920E+01  1.1275E-04  2.1633E+04
   #    712206  9.7956E+01  1.1276E-04  2.1663E+04
   #    712532  9.7993E+01  1.1271E-04  2.1693E+04
   #    712858  9.8030E+01  1.1260E-04  2.1723E+04
   #    713186  9.8067E+01  1.1244E-04  2.1754E+04
   #    713517  9.8104E+01  1.1227E-04  2.1784E+04
   #    713833  9.8139E+01  1.1211E-04  2.1814E+04
   #    714164  9.8176E+01  1.1195E-04  2.1844E+04
   #    714495  9.8213E+01  1.1182E-04  2.1874E+04
   #    714826  9.8250E+01  1.1171E-04  2.1904E+04
   #    715155  9.8287E+01  1.1162E-04  2.1934E+04
   #    715472  9.8322E+01  1.1155E-04  2.1964E+04
   #    715796  9.8359E+01  1.1147E-04  2.1994E+04
   #    716121  9.8395E+01  1.1141E-04  2.2024E+04
   #    716447  9.8431E+01  1.1134E-04  2.2054E+04
   #    716773  9.8467E+01  1.1130E-04  2.2084E+04
   #    717093  9.8503E+01  1.1127E-04  2.2114E+04
   #    717409  9.8538E+01  1.1126E-04  2.2144E+04
   #    717739  9.8575E+01  1.1124E-04  2.2174E+04
   #    718070  9.8611E+01  1.1121E-04  2.2204E+04
   #    718401  9.8648E+01  1.1115E-04  2.2234E+04
   #    718732  9.8685E+01  1.1102E-04  2.2264E+04
   #    719050  9.8720E+01  1.1086E-04  2.2294E+04
   #    719376  9.8756E+01  1.1065E-04  2.2324E+04
   #    719702  9.8792E+01  1.1046E-04  2.2354E+04
   #    720029  9.8828E+01  1.1021E-04  2.2385E+04
   #    720356  9.8864E+01  1.0998E-04  2.2415E+04
   #    720676  9.8900E+01  1.0982E-04  2.2445E+04
   #    720994  9.8935E+01  1.0970E-04  2.2475E+04
   #    721320  9.8970E+01  1.0956E-04  2.2505E+04
   #    721647  9.9006E+01  1.0945E-04  2.2535E+04
   #    721973  9.9042E+01  1.0937E-04  2.2565E+04
   #    722299  9.9077E+01  1.0932E-04  2.2595E+04
   #    722616  9.9112E+01  1.0928E-04  2.2625E+04
   #    722942  9.9148E+01  1.0925E-04  2.2655E+04
   #    723269  9.9183E+01  1.0924E-04  2.2685E+04
   #    723596  9.9219E+01  1.0923E-04  2.2715E+04
   #    723922  9.9255E+01  1.0921E-04  2.2745E+04
   #    724242  9.9290E+01  1.0917E-04  2.2775E+04
   #    724559  9.9324E+01  1.0914E-04  2.2805E+04
   #    724886  9.9360E+01  1.0912E-04  2.2835E+04
   #    725213  9.9396E+01  1.0907E-04  2.2865E+04
   #    725540  9.9431E+01  1.0905E-04  2.2895E+04
   #    725867  9.9467E+01  1.0897E-04  2.2926E+04
   #    726198  9.9503E+01  1.0890E-04  2.2956E+04
   #    726520  9.9538E+01  1.0882E-04  2.2986E+04
   #    726851  9.9574E+01  1.0876E-04  2.3016E+04
   #    727183  9.9610E+01  1.0873E-04  2.3046E+04
   #    727514  9.9646E+01  1.0873E-04  2.3076E+04
   #    727837  9.9681E+01  1.0875E-04  2.3106E+04
   #    728158  9.9716E+01  1.0876E-04  2.3136E+04
   #    728489  9.9752E+01  1.0878E-04  2.3166E+04
   #    728820  9.9788E+01  1.0883E-04  2.3196E+04
   #    729151  9.9824E+01  1.0888E-04  2.3226E+04
   #    729482  9.9860E+01  1.0894E-04  2.3256E+04
   #    729813  9.9896E+01  1.0899E-04  2.3286E+04
   #    730135  9.9931E+01  1.0903E-04  2.3316E+04
   #    730466  9.9967E+01  1.0905E-04  2.3346E+04
   #    730798  1.0000E+02  1.0907E-04  2.3376E+04
   #    731129  1.0004E+02  1.0910E-04  2.3406E+04
   #    731454  1.0007E+02  1.0914E-04  2.3436E+04
   #    731783  1.0011E+02  1.0923E-04  2.3467E+04
   #    732113  1.0015E+02  1.0935E-04  2.3497E+04
   #    732441  1.0018E+02  1.0944E-04  2.3527E+04
   #    732768  1.0022E+02  1.0958E-04  2.3557E+04
   #    733095  1.0025E+02  1.0970E-04  2.3587E+04
   #    733422  1.0029E+02  1.0983E-04  2.3617E+04
   #    733740  1.0033E+02  1.0997E-04  2.3647E+04
   #    734063  1.0036E+02  1.1010E-04  2.3677E+04
   #    734386  1.0040E+02  1.1016E-04  2.3707E+04
   #    734708  1.0043E+02  1.1017E-04  2.3737E+04
   #    735025  1.0047E+02  1.1015E-04  2.3767E+04
   #    735347  1.0050E+02  1.1010E-04  2.3797E+04
   #    735661  1.0054E+02  1.1003E-04  2.3827E+04
   #    735986  1.0057E+02  1.0997E-04  2.3858E+04
   #    736311  1.0061E+02  1.0992E-04  2.3888E+04
   #    736636  1.0064E+02  1.0987E-04  2.3918E+04
   #    736961  1.0068E+02  1.0984E-04  2.3948E+04
   #    737279  1.0071E+02  1.0982E-04  2.3978E+04
   #    737610  1.0075E+02  1.0983E-04  2.4008E+04
   #    737940  1.0079E+02  1.0980E-04  2.4038E+04
   #    738262  1.0082E+02  1.0978E-04  2.4068E+04
   #    738591  1.0086E+02  1.0975E-04  2.4098E+04
   #    738920  1.0089E+02  1.0971E-04  2.4128E+04
   #    739241  1.0093E+02  1.0967E-04  2.4158E+04
   #    739566  1.0097E+02  1.0961E-04  2.4188E+04
   #    739896  1.0100E+02  1.0956E-04  2.4218E+04
   #    740226  1.0104E+02  1.0948E-04  2.4248E+04
   #    740556  1.0107E+02  1.0938E-04  2.4278E+04
   #    740886  1.0111E+02  1.0928E-04  2.4308E+04
   #    741205  1.0114E+02  1.0915E-04  2.4338E+04
   #    741535  1.0118E+02  1.0898E-04  2.4368E+04
   #    741859  1.0122E+02  1.0879E-04  2.4398E+04
   #    742190  1.0125E+02  1.0859E-04  2.4428E+04
   #    742521  1.0129E+02  1.0841E-04  2.4458E+04
   #    742843  1.0132E+02  1.0826E-04  2.4489E+04
   #    743174  1.0136E+02  1.0812E-04  2.4519E+04
   #    743505  1.0139E+02  1.0801E-04  2.4549E+04
   #    743835  1.0143E+02  1.0794E-04  2.4579E+04
   #    744165  1.0147E+02  1.0790E-04  2.4609E+04
   #    744494  1.0150E+02  1.0789E-04  2.4639E+04
   #    744816  1.0154E+02  1.0790E-04  2.4669E+04
   #    745146  1.0157E+02  1.0790E-04  2.4699E+04
   #    745469  1.0161E+02  1.0785E-04  2.4729E+04
   #    745799  1.0164E+02  1.0766E-04  2.4759E+04
   #    746130  1.0168E+02  1.0602E-04  2.4789E+04
   #    746451  1.0171E+02  1.0707E-04  2.4819E+04
   #    746782  1.0175E+02  1.0771E-04  2.4849E+04
   #    747113  1.0178E+02  1.0775E-04  2.4879E+04
   #    747444  1.0182E+02  1.0783E-04  2.4909E+04
   #    747775  1.0185E+02  1.0792E-04  2.4939E+04
   #    748104  1.0189E+02  1.0803E-04  2.4969E+04
   #    748423  1.0192E+02  1.0818E-04  2.4999E+04
   #    748753  1.0196E+02  1.0836E-04  2.5029E+04
   #    749076  1.0199E+02  1.0854E-04  2.5059E+04
   #    749406  1.0203E+02  1.0870E-04  2.5089E+04
   #    749736  1.0207E+02  1.0878E-04  2.5119E+04
   #    750065  1.0210E+02  1.0884E-04  2.5150E+04
   #    750384  1.0214E+02  1.0891E-04  2.5180E+04
   #    750713  1.0217E+02  1.0902E-04  2.5210E+04
   #    751042  1.0221E+02  1.0912E-04  2.5240E+04
   #    751371  1.0224E+02  1.0922E-04  2.5270E+04
   #    751700  1.0228E+02  1.0932E-04  2.5300E+04
   #    752022  1.0232E+02  1.0943E-04  2.5330E+04
   #    752353  1.0235E+02  1.0947E-04  2.5360E+04
   #    752678  1.0239E+02  1.0950E-04  2.5390E+04
   #    753009  1.0242E+02  1.0957E-04  2.5420E+04
   #    753340  1.0246E+02  1.0965E-04  2.5450E+04
   #    753671  1.0250E+02  1.0973E-04  2.5480E+04
   #    753992  1.0253E+02  1.0983E-04  2.5510E+04
   #    754323  1.0257E+02  1.0993E-04  2.5540E+04
   #    754654  1.0260E+02  1.1004E-04  2.5570E+04
   #    754985  1.0264E+02  1.1013E-04  2.5600E+04
   #    755316  1.0268E+02  1.1022E-04  2.5630E+04
   #    755636  1.0271E+02  1.1030E-04  2.5660E+04
   #    755960  1.0275E+02  1.1038E-04  2.5690E+04
   #    756291  1.0278E+02  1.1045E-04  2.5720E+04
   #    756622  1.0282E+02  1.1052E-04  2.5750E+04
   #    756953  1.0286E+02  1.1058E-04  2.5780E+04
   #    757284  1.0289E+02  1.1059E-04  2.5811E+04
   #    757607  1.0293E+02  1.1050E-04  2.5841E+04
   #    757938  1.0297E+02  1.1036E-04  2.5871E+04
   #    758269  1.0300E+02  1.1015E-04  2.5901E+04
   #    758600  1.0304E+02  1.0997E-04  2.5931E+04
   #    758931  1.0308E+02  1.0982E-04  2.5961E+04
   #    759257  1.0311E+02  1.0969E-04  2.5991E+04
   #    759581  1.0315E+02  1.0957E-04  2.6022E+04
   #    759912  1.0318E+02  1.0942E-04  2.6052E+04
   #    760243  1.0322E+02  1.0923E-04  2.6082E+04
   #    760572  1.0326E+02  1.0900E-04  2.6112E+04
   #    760901  1.0329E+02  1.0876E-04  2.6142E+04
   #    761221  1.0333E+02  1.0855E-04  2.6172E+04
   #    761548  1.0336E+02  1.0840E-04  2.6202E+04
   #    761873  1.0340E+02  1.0831E-04  2.6232E+04
   #    762199  1.0343E+02  1.0825E-04  2.6262E+04
   #    762526  1.0347E+02  1.0820E-04  2.6292E+04
   #    762853  1.0350E+02  1.0816E-04  2.6322E+04
   #    763165  1.0354E+02  1.0814E-04  2.6352E+04
   #    763491  1.0357E+02  1.0812E-04  2.6382E+04
   #    763816  1.0361E+02  1.0809E-04  2.6412E+04
   #    764141  1.0364E+02  1.0807E-04  2.6442E+04
   #    764465  1.0368E+02  1.0800E-04  2.6472E+04
   #    764787  1.0371E+02  1.0786E-04  2.6502E+04
   #    765098  1.0375E+02  1.0774E-04  2.6532E+04
   #    765419  1.0378E+02  1.0769E-04  2.6562E+04
   #    765739  1.0381E+02  1.0768E-04  2.6592E+04
   #    766060  1.0385E+02  1.0770E-04  2.6623E+04
   #    766381  1.0388E+02  1.0776E-04  2.6653E+04
   #    766686  1.0392E+02  1.0782E-04  2.6683E+04
   #    767009  1.0395E+02  1.0790E-04  2.6713E+04
   #    767333  1.0399E+02  1.0801E-04  2.6743E+04
   #    767659  1.0402E+02  1.0817E-04  2.6773E+04
   #    767986  1.0406E+02  1.0836E-04  2.6803E+04
   #    768313  1.0409E+02  1.0851E-04  2.6833E+04
   #    768629  1.0413E+02  1.0864E-04  2.6863E+04
   #    768951  1.0416E+02  1.0877E-04  2.6893E+04
   #    769272  1.0420E+02  1.0890E-04  2.6923E+04
   #    769576  1.0423E+02  1.0901E-04  2.6953E+04
   #    769873  1.0426E+02  1.0915E-04  2.6983E+04
   #    770164  1.0429E+02  1.0930E-04  2.7013E+04
   #    770453  1.0433E+02  1.0946E-04  2.7043E+04
   #    770751  1.0436E+02  1.0965E-04  2.7073E+04
   #    771049  1.0439E+02  1.0980E-04  2.7103E+04
   #    771347  1.0442E+02  1.0995E-04  2.7133E+04
   #    771645  1.0446E+02  1.1007E-04  2.7163E+04
   #    771940  1.0449E+02  1.1013E-04  2.7193E+04
   #    772225  1.0452E+02  1.1012E-04  2.7223E+04
   #    772519  1.0455E+02  1.1013E-04  2.7253E+04
   #    772814  1.0458E+02  1.1014E-04  2.7283E+04
   #    773109  1.0462E+02  1.1014E-04  2.7313E+04
   #    773398  1.0465E+02  1.1013E-04  2.7343E+04
   #    773692  1.0468E+02  1.1012E-04  2.7373E+04
   #    773978  1.0471E+02  1.1011E-04  2.7403E+04
   #    774273  1.0475E+02  1.1014E-04  2.7434E+04
   #    774567  1.0478E+02  1.1016E-04  2.7464E+04
   #    774862  1.0481E+02  1.1018E-04  2.7494E+04
   #    775157  1.0484E+02  1.1020E-04  2.7524E+04
   #    775452  1.0488E+02  1.1023E-04  2.7554E+04
   #    775750  1.0491E+02  1.1025E-04  2.7584E+04
   #    776037  1.0494E+02  1.1025E-04  2.7614E+04
   #    776330  1.0497E+02  1.1025E-04  2.7644E+04
   #    776629  1.0501E+02  1.1024E-04  2.7674E+04
   #    776931  1.0504E+02  1.1016E-04  2.7704E+04
   #    777234  1.0507E+02  1.1003E-04  2.7734E+04
   #    777554  1.0511E+02  1.0988E-04  2.7764E+04
   #    777871  1.0514E+02  1.0971E-04  2.7794E+04
   #    778197  1.0518E+02  1.0946E-04  2.7824E+04
   #    778522  1.0521E+02  1.0914E-04  2.7854E+04
   #    778847  1.0525E+02  1.0887E-04  2.7884E+04
   #    779172  1.0528E+02  1.0864E-04  2.7914E+04
   #    779487  1.0532E+02  1.0848E-04  2.7945E+04
   #    779804  1.0535E+02  1.0835E-04  2.7975E+04
   #    780125  1.0539E+02  1.0824E-04  2.8005E+04
   #    780451  1.0542E+02  1.0813E-04  2.8035E+04
   #    780779  1.0546E+02  1.0802E-04  2.8065E+04
   #    781107  1.0549E+02  1.0791E-04  2.8095E+04
   #    781425  1.0553E+02  1.0784E-04  2.8125E+04
   #    781753  1.0556E+02  1.0780E-04  2.8155E+04
   #    782081  1.0560E+02  1.0779E-04  2.8185E+04
   #    782409  1.0563E+02  1.0781E-04  2.8215E+04
   #    782737  1.0567E+02  1.0785E-04  2.8245E+04
   #    783065  1.0570E+02  1.0793E-04  2.8275E+04
   #    783378  1.0574E+02  1.0798E-04  2.8305E+04
   #    783706  1.0577E+02  1.0807E-04  2.8335E+04
   #    784034  1.0581E+02  1.0814E-04  2.8365E+04
   #    784362  1.0584E+02  1.0807E-04  2.8395E+04
   #    784690  1.0588E+02  1.0803E-04  2.8425E+04
   #    785008  1.0591E+02  1.0802E-04  2.8455E+04
   #    785336  1.0595E+02  1.0804E-04  2.8485E+04
   #    785664  1.0598E+02  1.0810E-04  2.8515E+04
   #    785992  1.0602E+02  1.0819E-04  2.8545E+04
   #    786320  1.0606E+02  1.0827E-04  2.8575E+04
   #    786648  1.0609E+02  1.0834E-04  2.8605E+04
   #    786960  1.0613E+02  1.0842E-04  2.8635E+04
   #    787282  1.0616E+02  1.0850E-04  2.8666E+04
   #    787603  1.0619E+02  1.0858E-04  2.8696E+04
   #    787924  1.0623E+02  1.0865E-04  2.8726E+04
   #    788245  1.0626E+02  1.0871E-04  2.8756E+04
   #    788566  1.0630E+02  1.0869E-04  2.8786E+04
   #    788877  1.0633E+02  1.0866E-04  2.8816E+04
   #    789201  1.0637E+02  1.0861E-04  2.8846E+04
   #    789525  1.0640E+02  1.0856E-04  2.8876E+04
   #    789849  1.0644E+02  1.0859E-04  2.8906E+04
   #    790173  1.0647E+02  1.0860E-04  2.8936E+04
   #    790490  1.0651E+02  1.0861E-04  2.8966E+04
   #    790803  1.0654E+02  1.0860E-04  2.8996E+04
   #    791127  1.0658E+02  1.0864E-04  2.9026E+04
   #    791451  1.0661E+02  1.0871E-04  2.9056E+04
   #    791775  1.0665E+02  1.0877E-04  2.9086E+04
   #    792099  1.0668E+02  1.0877E-04  2.9116E+04
   #    792412  1.0672E+02  1.0881E-04  2.9146E+04
   #    792736  1.0675E+02  1.0886E-04  2.9176E+04
   #    793060  1.0679E+02  1.0888E-04  2.9206E+04
   #    793384  1.0682E+02  1.0888E-04  2.9236E+04
   #    793701  1.0686E+02  1.0885E-04  2.9266E+04
   #    794025  1.0689E+02  1.0878E-04  2.9296E+04
   #    794339  1.0693E+02  1.0867E-04  2.9326E+04
   #    794663  1.0696E+02  1.0852E-04  2.9357E+04
   #    794987  1.0700E+02  1.0831E-04  2.9387E+04
   #    795310  1.0703E+02  1.0810E-04  2.9417E+04
   #    795633  1.0707E+02  1.0787E-04  2.9447E+04
   #    795956  1.0710E+02  1.0771E-04  2.9477E+04
   #    796268  1.0714E+02  1.0751E-04  2.9507E+04
   #    796591  1.0717E+02  1.0735E-04  2.9537E+04
   #    796914  1.0720E+02  1.0722E-04  2.9567E+04
   #    797230  1.0724E+02  1.0712E-04  2.9597E+04
   #    797553  1.0727E+02  1.0703E-04  2.9627E+04
   #    797876  1.0731E+02  1.0695E-04  2.9657E+04
   #    798191  1.0734E+02  1.0686E-04  2.9687E+04
   #    798515  1.0738E+02  1.0677E-04  2.9717E+04
   #    798840  1.0741E+02  1.0666E-04  2.9747E+04
   #    799169  1.0745E+02  1.0651E-04  2.9777E+04
   #    799499  1.0748E+02  1.0635E-04  2.9807E+04
   #    799817  1.0751E+02  1.0619E-04  2.9837E+04
   #    800147  1.0755E+02  1.0602E-04  2.9867E+04
   #    800477  1.0758E+02  1.0585E-04  2.9897E+04
   #    800801  1.0762E+02  1.0570E-04  2.9927E+04
   #    801131  1.0765E+02  1.0557E-04  2.9957E+04
   #    801461  1.0769E+02  1.0546E-04  2.9987E+04
   #    801781  1.0772E+02  1.0536E-04  3.0018E+04
   #    802111  1.0776E+02  1.0528E-04  3.0048E+04
   #    802441  1.0779E+02  1.0521E-04  3.0078E+04
   #    802771  1.0783E+02  1.0516E-04  3.0108E+04
   #    803097  1.0786E+02  1.0516E-04  3.0138E+04
   #    803421  1.0789E+02  1.0519E-04  3.0168E+04
   #    803736  1.0793E+02  1.0525E-04  3.0198E+04
   #    804064  1.0796E+02  1.0531E-04  3.0228E+04
   #    804386  1.0800E+02  1.0538E-04  3.0258E+04
   #    804716  1.0803E+02  1.0544E-04  3.0288E+04
   #    805046  1.0807E+02  1.0552E-04  3.0318E+04
   #    805376  1.0810E+02  1.0561E-04  3.0348E+04
   #    805695  1.0813E+02  1.0571E-04  3.0378E+04
   #    806025  1.0817E+02  1.0582E-04  3.0408E+04
   #    806355  1.0820E+02  1.0592E-04  3.0438E+04
   #    806685  1.0824E+02  1.0604E-04  3.0468E+04
   #    807015  1.0827E+02  1.0618E-04  3.0498E+04
   #    807344  1.0831E+02  1.0634E-04  3.0528E+04
   #    807664  1.0834E+02  1.0648E-04  3.0558E+04
   #    807989  1.0838E+02  1.0659E-04  3.0588E+04
   #    808319  1.0841E+02  1.0670E-04  3.0618E+04
   #    808649  1.0845E+02  1.0682E-04  3.0649E+04
   #    808979  1.0848E+02  1.0697E-04  3.0679E+04
   #    809299  1.0852E+02  1.0705E-04  3.0709E+04
   #    809628  1.0855E+02  1.0712E-04  3.0739E+04
   #    809958  1.0859E+02  1.0718E-04  3.0769E+04
   #    810287  1.0862E+02  1.0724E-04  3.0799E+04
   #    810617  1.0866E+02  1.0728E-04  3.0829E+04
   #    810947  1.0869E+02  1.0727E-04  3.0859E+04
   #    811267  1.0873E+02  1.0722E-04  3.0889E+04
   #    811590  1.0876E+02  1.0714E-04  3.0919E+04
   #    811919  1.0880E+02  1.0705E-04  3.0949E+04
   #    812249  1.0883E+02  1.0694E-04  3.0979E+04
   #    812579  1.0887E+02  1.0683E-04  3.1009E+04
   #    812909  1.0890E+02  1.0672E-04  3.1039E+04
   #    813228  1.0894E+02  1.0662E-04  3.1069E+04
   #    813558  1.0897E+02  1.0644E-04  3.1099E+04
   #    813888  1.0901E+02  1.0624E-04  3.1130E+04
   #    814218  1.0904E+02  1.0606E-04  3.1160E+04
   #    814547  1.0908E+02  1.0582E-04  3.1190E+04
   #    814869  1.0911E+02  1.0564E-04  3.1220E+04
   #    815189  1.0915E+02  1.0547E-04  3.1250E+04
   #    815519  1.0918E+02  1.0529E-04  3.1280E+04
   #    815849  1.0922E+02  1.0514E-04  3.1310E+04
   #    816178  1.0925E+02  1.0500E-04  3.1340E+04
   #    816508  1.0928E+02  1.0491E-04  3.1370E+04
   #    816828  1.0932E+02  1.0482E-04  3.1400E+04
   #    817157  1.0935E+02  1.0471E-04  3.1430E+04
   #    817487  1.0939E+02  1.0458E-04  3.1460E+04
   #    817817  1.0942E+02  1.0447E-04  3.1490E+04
   #    818147  1.0946E+02  1.0436E-04  3.1520E+04
   #    818470  1.0949E+02  1.0424E-04  3.1550E+04
   #    818790  1.0952E+02  1.0409E-04  3.1580E+04
   #    819120  1.0956E+02  1.0391E-04  3.1610E+04
   #    819450  1.0959E+02  1.0375E-04  3.1640E+04
   #    819780  1.0963E+02  1.0359E-04  3.1671E+04
   #    820110  1.0966E+02  1.0342E-04  3.1701E+04
   #    820440  1.0969E+02  1.0326E-04  3.1731E+04
   #    820758  1.0973E+02  1.0314E-04  3.1761E+04
   #    821088  1.0976E+02  1.0307E-04  3.1791E+04
   #    821417  1.0980E+02  1.0305E-04  3.1821E+04
   #    821747  1.0983E+02  1.0308E-04  3.1851E+04
   #    822070  1.0986E+02  1.0312E-04  3.1881E+04
   #    822399  1.0990E+02  1.0318E-04  3.1911E+04
   #    822719  1.0993E+02  1.0322E-04  3.1941E+04
   #    823048  1.0996E+02  1.0325E-04  3.1971E+04
