 -----------------------------------------------------------------------------
 -----------------------------------------------------------------------------
 |         __  __ ____ ___        _    __  __ ______     ___    ____         |
 |        |  \/  |  _ \_ _|      / \  |  \/  |  _ \ \   / / \  / ___|        |
 |        | |\/| | |_) | |_____ / _ \ | |\/| | |_) \ \ / / _ \| |            |
 |        | |  | |  __/| |_____/ ___ \| |  | |  _ < \ V / ___ \ |___         |
 |        |_|  |_|_|  |___|   /_/   \_\_|  |_|_| \_\ \_/_/   \_\____|        |
 -----------------------------------------------------------------------------
 -----------------------------------------------------------------------------
 Spitzer MHD: par:   0.21633973559351147       ,perp:    2.1685795904764041E-011
 Combination of Colgan (2008) for high temperatures and
 Dalgarno & McCray (1972), DM2, for low temperatures
 Reading amrvac.par
 
 Output type | tsavestart |  dtsave   | ditsave | itsave(1) | tsave(1)
         log | 0.000E+00  | 0.200E+00 | ******  |      0    | *********
      normal | 0.000E+00  | 0.200E+00 | ******  |      0    | *********
       slice | 0.000E+00  | ********* | ******  | ******    | *********
   collapsed | 0.000E+00  | ********* | ******  | ******    | *********
    analysis | 0.000E+00  | ********* | ******  | ******    | *********
 
         Domain size (cells): 96 48 
                Level one dx: 0.208E+00 0.208E+00 
           Refine estimation: Lohner's scheme
 Note, Grid is reconstructed once every           3 iterations
           restart_from_file:  output/solar_atm_a0178.dat
                  converting: F

 minra  0.10256244189917035     
 rhob   7382.7014817162089     
 pb   59.061613380997102     
 Using TRACL(ine) method with a mask
 By default, magnetic field lines are traced every 4 grid cells
 NOTE:  2D TRAC method take the y-dir == grav-dir
 Memory requirement for each processor in TRAC:
           1  MB
 -------------------------------------------------------------------------------
 Startup phase took :             0.205 sec
 -------------------------------------------------------------------------------
 Start integrating, print status every  3.00E+01 seconds
   #        it        time          dt  wc-time(s)
   #    504481  7.4303E+01  1.2675E-04  5.4334E-01
   #    504894  7.4356E+01  1.2685E-04  3.0575E+01
   #    505312  7.4409E+01  1.2692E-04  6.0632E+01
   #    505730  7.4462E+01  1.2698E-04  9.0678E+01
   #    506147  7.4515E+01  1.2706E-04  1.2071E+02
   #    506565  7.4568E+01  1.2713E-04  1.5076E+02
   #    506983  7.4621E+01  1.2724E-04  1.8079E+02
   #    507401  7.4674E+01  1.2734E-04  2.1084E+02
   #    507800  7.4725E+01  1.2745E-04  2.4086E+02
   #    508218  7.4778E+01  1.2755E-04  2.7092E+02
   #    508635  7.4831E+01  1.2761E-04  3.0093E+02
   #    509053  7.4885E+01  1.2756E-04  3.3100E+02
   #    509464  7.4937E+01  1.2742E-04  3.6101E+02
   #    509882  7.4990E+01  1.2722E-04  3.9107E+02
   #    510300  7.5043E+01  1.2693E-04  4.2110E+02
   #    510718  7.5096E+01  1.2660E-04  4.5116E+02
   #    511117  7.5147E+01  1.2641E-04  4.8121E+02
   #    511503  7.5196E+01  1.2639E-04  5.1121E+02
   #    511890  7.5244E+01  1.2642E-04  5.4126E+02
   #    512279  7.5294E+01  1.2651E-04  5.7126E+02
   #    512687  7.5345E+01  1.2664E-04  6.0128E+02
   #    513105  7.5398E+01  1.2676E-04  6.3132E+02
   #    513503  7.5449E+01  1.2677E-04  6.6137E+02
   #    513899  7.5499E+01  1.2668E-04  6.9137E+02
   #    514286  7.5548E+01  1.2657E-04  7.2143E+02
   #    514682  7.5598E+01  1.2651E-04  7.5145E+02
   #    515079  7.5648E+01  1.2661E-04  7.8149E+02
   #    515471  7.5698E+01  1.2674E-04  8.1154E+02
   #    515851  7.5746E+01  1.2694E-04  8.4162E+02
   #    516232  7.5794E+01  1.2716E-04  8.7168E+02
   #    516610  7.5842E+01  1.2731E-04  9.0169E+02
   #    516998  7.5892E+01  1.2729E-04  9.3174E+02
   #    517377  7.5940E+01  1.2715E-04  9.6179E+02
   #    517765  7.5989E+01  1.2696E-04  9.9180E+02
   #    518154  7.6038E+01  1.2681E-04  1.0218E+03
   #    518539  7.6087E+01  1.2672E-04  1.0519E+03
   #    518914  7.6135E+01  1.2671E-04  1.0820E+03
   #    519293  7.6183E+01  1.2677E-04  1.1120E+03
   #    519670  7.6231E+01  1.2686E-04  1.1421E+03
   #    520055  7.6279E+01  1.2704E-04  1.1722E+03
   #    520426  7.6327E+01  1.2729E-04  1.2022E+03
   #    520790  7.6373E+01  1.2751E-04  1.2322E+03
   #    521161  7.6420E+01  1.2774E-04  1.2623E+03
   #    521532  7.6468E+01  1.2800E-04  1.2924E+03
   #    521896  7.6514E+01  1.2827E-04  1.3225E+03
   #    522269  7.6562E+01  1.2777E-04  1.3525E+03
   #    522641  7.6609E+01  1.2688E-04  1.3825E+03
   #    523012  7.6656E+01  1.2639E-04  1.4125E+03
   #    523381  7.6703E+01  1.2590E-04  1.4426E+03
   #    523741  7.6748E+01  1.2540E-04  1.4726E+03
   #    524111  7.6794E+01  1.2480E-04  1.5026E+03
   #    524481  7.6840E+01  1.2410E-04  1.5327E+03
   #    524844  7.6885E+01  1.2353E-04  1.5627E+03
   #    525206  7.6930E+01  1.2291E-04  1.5928E+03
   #    525570  7.6975E+01  1.2253E-04  1.6228E+03
   #    525950  7.7021E+01  1.2206E-04  1.6529E+03
   #    526336  7.7068E+01  1.2152E-04  1.6829E+03
   #    526725  7.7115E+01  1.2112E-04  1.7129E+03
   #    527126  7.7164E+01  1.2040E-04  1.7429E+03
   #    527526  7.7212E+01  1.1995E-04  1.7730E+03
   #    527924  7.7259E+01  1.1927E-04  1.8030E+03
   #    528307  7.7305E+01  1.1887E-04  1.8331E+03
   #    528697  7.7351E+01  1.1837E-04  1.8632E+03
   #    529083  7.7397E+01  1.1810E-04  1.8933E+03
   #    529473  7.7443E+01  1.1781E-04  1.9233E+03
   #    529853  7.7487E+01  1.1753E-04  1.9534E+03
   #    530222  7.7531E+01  1.1725E-04  1.9834E+03
   #    530599  7.7575E+01  1.1703E-04  2.0134E+03
   #    530976  7.7619E+01  1.1678E-04  2.0435E+03
   #    531357  7.7663E+01  1.1655E-04  2.0735E+03
   #    531731  7.7707E+01  1.1632E-04  2.1036E+03
   #    532117  7.7752E+01  1.1605E-04  2.1336E+03
   #    532503  7.7797E+01  1.1575E-04  2.1636E+03
   #    532879  7.7840E+01  1.1548E-04  2.1937E+03
   #    533264  7.7884E+01  1.1517E-04  2.2237E+03
   #    533641  7.7928E+01  1.1495E-04  2.2537E+03
   #    534027  7.7972E+01  1.1472E-04  2.2837E+03
   #    534415  7.8016E+01  1.1448E-04  2.3138E+03
   #    534811  7.8062E+01  1.1420E-04  2.3438E+03
   #    535200  7.8106E+01  1.1390E-04  2.3738E+03
   #    535598  7.8151E+01  1.1359E-04  2.4039E+03
   #    535996  7.8196E+01  1.1329E-04  2.4339E+03
   #    536394  7.8241E+01  1.1304E-04  2.4639E+03
   #    536791  7.8286E+01  1.1279E-04  2.4939E+03
   #    537169  7.8329E+01  1.1253E-04  2.5240E+03
   #    537550  7.8372E+01  1.1232E-04  2.5541E+03
   #    537931  7.8414E+01  1.1210E-04  2.5841E+03
   #    538312  7.8457E+01  1.1193E-04  2.6142E+03
   #    538693  7.8500E+01  1.1176E-04  2.6442E+03
   #    539064  7.8541E+01  1.1161E-04  2.6742E+03
   #    539445  7.8584E+01  1.1145E-04  2.7043E+03
   #    539828  7.8626E+01  1.1129E-04  2.7343E+03
   #    540223  7.8670E+01  1.1112E-04  2.7643E+03
   #    540606  7.8713E+01  1.1097E-04  2.7944E+03
   #    540987  7.8755E+01  1.1083E-04  2.8244E+03
   #    541360  7.8796E+01  1.1070E-04  2.8545E+03
   #    541739  7.8838E+01  1.1054E-04  2.8846E+03
   #    542117  7.8880E+01  1.1041E-04  2.9146E+03
   #    542488  7.8921E+01  1.1030E-04  2.9446E+03
   #    542867  7.8963E+01  1.1019E-04  2.9747E+03
   #    543233  7.9003E+01  1.1009E-04  3.0047E+03
   #    543582  7.9041E+01  1.1003E-04  3.0347E+03
   #    543933  7.9080E+01  1.1000E-04  3.0648E+03
   #    544278  7.9118E+01  1.0990E-04  3.0948E+03
   #    544628  7.9156E+01  1.0977E-04  3.1248E+03
   #    544977  7.9194E+01  1.0965E-04  3.1549E+03
   #    545319  7.9232E+01  1.0956E-04  3.1850E+03
   #    545667  7.9270E+01  1.0948E-04  3.2150E+03
   #    546007  7.9307E+01  1.0939E-04  3.2450E+03
   #    546367  7.9347E+01  1.0931E-04  3.2750E+03
   #    546728  7.9386E+01  1.0923E-04  3.3051E+03
   #    547089  7.9425E+01  1.0906E-04  3.3352E+03
   #    547449  7.9465E+01  1.0890E-04  3.3652E+03
   #    547810  7.9504E+01  1.0878E-04  3.3953E+03
   #    548159  7.9542E+01  1.0867E-04  3.4253E+03
   #    548516  7.9581E+01  1.0858E-04  3.4553E+03
   #    548871  7.9619E+01  1.0852E-04  3.4854E+03
   #    549219  7.9657E+01  1.0847E-04  3.5155E+03
   #    549580  7.9696E+01  1.0840E-04  3.5455E+03
   #    549930  7.9734E+01  1.0831E-04  3.5756E+03
   #    550291  7.9773E+01  1.0824E-04  3.6056E+03
   #    550658  7.9813E+01  1.0818E-04  3.6356E+03
   #    551020  7.9852E+01  1.0813E-04  3.6657E+03
   #    551385  7.9891E+01  1.0810E-04  3.6957E+03
   #    551741  7.9930E+01  1.0807E-04  3.7258E+03
   #    552106  7.9969E+01  1.0803E-04  3.7558E+03
   #    552472  8.0009E+01  1.0799E-04  3.7859E+03
   #    552831  8.0047E+01  1.0798E-04  3.8159E+03
   #    553196  8.0087E+01  1.0797E-04  3.8460E+03
   #    553551  8.0125E+01  1.0797E-04  3.8760E+03
   #    553913  8.0164E+01  1.0797E-04  3.9061E+03
   #    554277  8.0203E+01  1.0799E-04  3.9362E+03
   #    554641  8.0243E+01  1.0801E-04  3.9662E+03
   #    555005  8.0282E+01  1.0806E-04  3.9963E+03
   #    555357  8.0320E+01  1.0810E-04  4.0263E+03
   #    555721  8.0359E+01  1.0815E-04  4.0564E+03
   #    556085  8.0399E+01  1.0819E-04  4.0864E+03
   #    556449  8.0438E+01  1.0822E-04  4.1164E+03
   #    556805  8.0477E+01  1.0826E-04  4.1465E+03
   #    557162  8.0515E+01  1.0829E-04  4.1765E+03
   #    557527  8.0555E+01  1.0831E-04  4.2066E+03
   #    557891  8.0594E+01  1.0831E-04  4.2366E+03
   #    558253  8.0633E+01  1.0832E-04  4.2667E+03
   #    558615  8.0673E+01  1.0833E-04  4.2967E+03
   #    558968  8.0711E+01  1.0836E-04  4.3268E+03
   #    559328  8.0750E+01  1.0840E-04  4.3568E+03
   #    559689  8.0789E+01  1.0845E-04  4.3868E+03
   #    560054  8.0829E+01  1.0852E-04  4.4169E+03
   #    560419  8.0868E+01  1.0862E-04  4.4470E+03
   #    560768  8.0906E+01  1.0874E-04  4.4770E+03
   #    561130  8.0946E+01  1.0888E-04  4.5070E+03
   #    561485  8.0984E+01  1.0899E-04  4.5371E+03
   #    561848  8.1024E+01  1.0912E-04  4.5671E+03
   #    562209  8.1063E+01  1.0927E-04  4.5971E+03
   #    562561  8.1102E+01  1.0941E-04  4.6272E+03
   #    562903  8.1139E+01  1.0956E-04  4.6572E+03
   #    563252  8.1177E+01  1.0972E-04  4.6872E+03
   #    563601  8.1216E+01  1.0957E-04  4.7173E+03
   #    563950  8.1254E+01  1.0944E-04  4.7474E+03
   #    564299  8.1292E+01  1.0934E-04  4.7774E+03
   #    564633  8.1328E+01  1.0926E-04  4.8075E+03
   #    564984  8.1367E+01  1.0916E-04  4.8375E+03
   #    565334  8.1405E+01  1.0907E-04  4.8676E+03
   #    565684  8.1443E+01  1.0898E-04  4.8976E+03
   #    566046  8.1482E+01  1.0890E-04  4.9277E+03
   #    566403  8.1521E+01  1.0883E-04  4.9577E+03
   #    566767  8.1561E+01  1.0868E-04  4.9877E+03
   #    567131  8.1600E+01  1.0851E-04  5.0177E+03
   #    567496  8.1640E+01  1.0835E-04  5.0478E+03
   #    567863  8.1680E+01  1.0795E-04  5.0779E+03
   #    568220  8.1718E+01  1.0739E-04  5.1079E+03
   #    568580  8.1757E+01  1.0695E-04  5.1379E+03
   #    568947  8.1796E+01  1.0661E-04  5.1680E+03
   #    569313  8.1835E+01  1.0650E-04  5.1981E+03
   #    569678  8.1874E+01  1.0632E-04  5.2281E+03
   #    570028  8.1911E+01  1.0636E-04  5.2582E+03
   #    570386  8.1949E+01  1.0653E-04  5.2882E+03
   #    570740  8.1987E+01  1.0687E-04  5.3183E+03
   #    571092  8.2024E+01  1.0738E-04  5.3483E+03
   #    571444  8.2062E+01  1.0715E-04  5.3783E+03
   #    571798  8.2101E+01  1.1516E-04  5.4084E+03
   #    572140  8.2142E+01  1.2150E-04  5.4384E+03
   #    572479  8.2184E+01  1.2386E-04  5.4685E+03
   #    572824  8.2227E+01  1.2534E-04  5.4985E+03
   #    573169  8.2270E+01  1.2643E-04  5.5286E+03
   #    573505  8.2313E+01  1.2707E-04  5.5586E+03
   #    573850  8.2357E+01  1.2701E-04  5.5887E+03
   #    574197  8.2401E+01  1.2688E-04  5.6187E+03
   #    574546  8.2445E+01  1.2673E-04  5.6488E+03
   #    574895  8.2489E+01  1.2659E-04  5.6788E+03
   #    575235  8.2532E+01  1.2649E-04  5.7088E+03
   #    575584  8.2576E+01  1.2645E-04  5.7389E+03
   #    575926  8.2619E+01  1.2640E-04  5.7689E+03
   #    576275  8.2663E+01  1.2644E-04  5.7990E+03
   #    576615  8.2706E+01  1.2651E-04  5.8290E+03
   #    576964  8.2751E+01  1.2660E-04  5.8591E+03
   #    577313  8.2795E+01  1.2670E-04  5.8891E+03
   #    577662  8.2839E+01  1.2680E-04  5.9192E+03
   #    578011  8.2883E+01  1.2694E-04  5.9493E+03
   #    578352  8.2927E+01  1.2714E-04  5.9793E+03
   #    578701  8.2971E+01  1.2731E-04  6.0094E+03
   #    579050  8.3015E+01  1.2751E-04  6.0394E+03
   #    579399  8.3060E+01  1.2773E-04  6.0695E+03
   #    579739  8.3103E+01  1.2788E-04  6.0995E+03
   #    580079  8.3147E+01  1.2803E-04  6.1295E+03
   #    580428  8.3192E+01  1.2817E-04  6.1596E+03
   #    580776  8.3236E+01  1.2820E-04  6.1896E+03
   #    581127  8.3281E+01  1.2821E-04  6.2196E+03
   #    581473  8.3326E+01  1.2821E-04  6.2497E+03
   #    581829  8.3371E+01  1.2823E-04  6.2797E+03
   #    582186  8.3417E+01  1.2829E-04  6.3098E+03
   #    582540  8.3462E+01  1.2833E-04  6.3398E+03
   #    582886  8.3507E+01  1.2835E-04  6.3699E+03
   #    583241  8.3552E+01  1.2835E-04  6.3999E+03
   #    583589  8.3597E+01  1.2835E-04  6.4300E+03
   #    583944  8.3642E+01  1.2835E-04  6.4600E+03
   #    584299  8.3688E+01  1.2833E-04  6.4901E+03
   #    584645  8.3732E+01  1.2831E-04  6.5201E+03
   #    585000  8.3778E+01  1.2829E-04  6.5501E+03
   #    585387  8.3828E+01  1.2826E-04  6.5802E+03
   #    585777  8.3878E+01  1.2824E-04  6.6102E+03
   #    586155  8.3926E+01  1.2823E-04  6.6403E+03
   #    586544  8.3976E+01  1.2823E-04  6.6703E+03
   #    586932  8.4026E+01  1.2823E-04  6.7003E+03
   #    587320  8.4075E+01  1.2824E-04  6.7303E+03
   #    587688  8.4123E+01  1.2825E-04  6.7604E+03
   #    588073  8.4172E+01  1.2825E-04  6.7904E+03
   #    588462  8.4222E+01  1.2824E-04  6.8204E+03
   #    588851  8.4272E+01  1.2811E-04  6.8505E+03
   #    589231  8.4320E+01  1.2794E-04  6.8805E+03
   #    589619  8.4370E+01  1.2781E-04  6.9105E+03
   #    590000  8.4419E+01  1.2771E-04  6.9405E+03
   #    590378  8.4467E+01  1.2763E-04  6.9705E+03
   #    590743  8.4513E+01  1.2758E-04  7.0006E+03
   #    591118  8.4561E+01  1.2755E-04  7.0307E+03
   #    591488  8.4608E+01  1.2756E-04  7.0607E+03
   #    591850  8.4654E+01  1.2765E-04  7.0908E+03
   #    592219  8.4702E+01  1.2778E-04  7.1209E+03
   #    592579  8.4748E+01  1.2793E-04  7.1509E+03
   #    592945  8.4794E+01  1.2810E-04  7.1810E+03
   #    593310  8.4841E+01  1.2824E-04  7.2110E+03
   #    593677  8.4888E+01  1.2825E-04  7.2411E+03
   #    594036  8.4934E+01  1.2810E-04  7.2712E+03
   #    594405  8.4981E+01  1.2791E-04  7.3012E+03
   #    594775  8.5029E+01  1.2778E-04  7.3312E+03
   #    595145  8.5076E+01  1.2778E-04  7.3612E+03
   #    595501  8.5122E+01  1.2782E-04  7.3912E+03
   #    595866  8.5168E+01  1.2797E-04  7.4213E+03
   #    596234  8.5215E+01  1.2818E-04  7.4513E+03
   #    596599  8.5262E+01  1.2842E-04  7.4813E+03
   #    596955  8.5308E+01  1.2855E-04  7.5114E+03
   #    597320  8.5355E+01  1.2875E-04  7.5414E+03
   #    597684  8.5402E+01  1.2897E-04  7.5715E+03
   #    598044  8.5448E+01  1.2927E-04  7.6015E+03
   #    598402  8.5494E+01  1.2961E-04  7.6316E+03
   #    598752  8.5540E+01  1.2984E-04  7.6616E+03
   #    599115  8.5587E+01  1.3010E-04  7.6917E+03
   #    599471  8.5633E+01  1.3034E-04  7.7217E+03
   #    599836  8.5681E+01  1.3039E-04  7.7517E+03
   #    600190  8.5727E+01  1.3043E-04  7.7817E+03
   #    600554  8.5774E+01  1.3053E-04  7.8118E+03
   #    600916  8.5822E+01  1.3066E-04  7.8418E+03
   #    601279  8.5869E+01  1.3085E-04  7.8719E+03
   #    601633  8.5915E+01  1.3097E-04  7.9019E+03
   #    601996  8.5963E+01  1.3106E-04  7.9320E+03
   #    602361  8.6011E+01  1.3115E-04  7.9620E+03
   #    602726  8.6059E+01  1.3129E-04  7.9920E+03
   #    603090  8.6107E+01  1.3146E-04  8.0221E+03
   #    603435  8.6152E+01  1.3162E-04  8.0521E+03
   #    603799  8.6200E+01  9.8669E-05  8.0821E+03
   #    604158  8.6247E+01  1.3166E-04  8.1122E+03
   #    604516  8.6294E+01  1.3163E-04  8.1422E+03
   #    604872  8.6341E+01  1.3151E-04  8.1723E+03
   #    605238  8.6389E+01  1.3140E-04  8.2023E+03
   #    605605  8.6437E+01  1.3134E-04  8.2323E+03
   #    605973  8.6486E+01  1.3138E-04  8.2623E+03
   #    606333  8.6533E+01  1.3157E-04  8.2924E+03
   #    606704  8.6582E+01  1.3185E-04  8.3225E+03
   #    607075  8.6631E+01  1.3206E-04  8.3526E+03
   #    607440  8.6679E+01  1.3224E-04  8.3826E+03
   #    607804  8.6727E+01  1.3245E-04  8.4126E+03
   #    608179  8.6777E+01  1.3263E-04  8.4426E+03
   #    608555  8.6827E+01  1.3271E-04  8.4726E+03
   #    608933  8.6877E+01  1.3278E-04  8.5027E+03
   #    609301  8.6926E+01  1.3280E-04  8.5327E+03
   #    609679  8.6976E+01  1.3283E-04  8.5627E+03
   #    610057  8.7026E+01  1.3296E-04  8.5927E+03
   #    610429  8.7076E+01  1.3316E-04  8.6227E+03
   #    610792  8.7124E+01  1.3317E-04  8.6528E+03
   #    611164  8.7173E+01  1.3312E-04  8.6828E+03
   #    611528  8.7222E+01  1.3315E-04  8.7128E+03
   #    611900  8.7271E+01  1.3327E-04  8.7428E+03
   #    612262  8.7320E+01  1.3341E-04  8.7729E+03
   #    612638  8.7370E+01  1.3354E-04  8.8029E+03
   #    613015  8.7420E+01  1.3370E-04  8.8329E+03
   #    613392  8.7471E+01  1.3392E-04  8.8630E+03
   #    613758  8.7520E+01  1.3413E-04  8.8930E+03
   #    614135  8.7570E+01  1.3430E-04  8.9231E+03
   #    614512  8.7621E+01  1.3449E-04  8.9531E+03
   #    614889  8.7672E+01  1.3457E-04  8.9832E+03
   #    615255  8.7721E+01  1.3464E-04  9.0132E+03
   #    615623  8.7770E+01  1.3455E-04  9.0432E+03
   #    616000  8.7821E+01  1.3452E-04  9.0733E+03
   #    616377  8.7872E+01  1.3456E-04  9.1033E+03
   #    616743  8.7921E+01  1.3445E-04  9.1333E+03
   #    617120  8.7972E+01  1.3432E-04  9.1633E+03
   #    617497  8.8022E+01  1.3414E-04  9.1934E+03
   #    617874  8.8073E+01  1.3398E-04  9.2234E+03
   #    618240  8.8122E+01  1.3391E-04  9.2534E+03
   #    618617  8.8172E+01  1.3393E-04  9.2834E+03
   #    618998  8.8223E+01  1.3373E-04  9.3135E+03
   #    619371  8.8273E+01  1.3350E-04  9.3436E+03
   #    619739  8.8322E+01  1.3328E-04  9.3736E+03
   #    620120  8.8373E+01  1.3308E-04  9.4036E+03
   #    620501  8.8423E+01  1.3291E-04  9.4337E+03
   #    620882  8.8474E+01  1.3276E-04  9.4637E+03
   #    621252  8.8523E+01  1.3265E-04  9.4937E+03
   #    621633  8.8574E+01  1.3257E-04  9.5237E+03
   #    622014  8.8624E+01  1.3251E-04  9.5538E+03
   #    622395  8.8675E+01  1.3248E-04  9.5838E+03
   #    622765  8.8724E+01  1.3246E-04  9.6139E+03
   #    623146  8.8774E+01  1.3245E-04  9.6439E+03
   #    623520  8.8824E+01  1.3245E-04  9.6740E+03
   #    623901  8.8874E+01  1.3247E-04  9.7041E+03
   #    624271  8.8923E+01  1.3249E-04  9.7341E+03
   #    624652  8.8974E+01  1.3252E-04  9.7642E+03
   #    625033  8.9024E+01  1.3256E-04  9.7942E+03
   #    625414  8.9075E+01  1.3260E-04  9.8242E+03
   #    625784  8.9124E+01  1.3266E-04  9.8543E+03
   #    626164  8.9174E+01  1.3271E-04  9.8843E+03
   #    626545  8.9225E+01  1.3273E-04  9.9143E+03
   #    626926  8.9275E+01  1.3276E-04  9.9444E+03
   #    627296  8.9324E+01  1.3280E-04  9.9744E+03
   #    627668  8.9374E+01  1.3285E-04  1.0004E+04
   #    628049  8.9424E+01  1.3291E-04  1.0034E+04
   #    628430  8.9475E+01  1.3298E-04  1.0065E+04
   #    628799  8.9524E+01  1.3305E-04  1.0095E+04
   #    629180  8.9575E+01  1.3314E-04  1.0125E+04
   #    629561  8.9625E+01  1.3325E-04  1.0155E+04
   #    629942  8.9676E+01  1.3314E-04  1.0185E+04
   #    630312  8.9725E+01  1.3289E-04  1.0215E+04
   #    630693  8.9776E+01  1.3278E-04  1.0245E+04
   #    631075  8.9827E+01  1.3263E-04  1.0275E+04
   #    631456  8.9877E+01  1.3238E-04  1.0305E+04
   #    631817  8.9925E+01  1.3209E-04  1.0335E+04
   #    632197  8.9975E+01  1.3174E-04  1.0365E+04
   #    632577  9.0025E+01  1.3139E-04  1.0395E+04
   #    632957  9.0075E+01  1.3116E-04  1.0425E+04
   #    633326  9.0123E+01  1.3105E-04  1.0455E+04
   #    633706  9.0173E+01  1.3104E-04  1.0485E+04
   #    634086  9.0223E+01  1.3107E-04  1.0515E+04
   #    634465  9.0272E+01  1.3116E-04  1.0545E+04
   #    634835  9.0321E+01  1.3128E-04  1.0575E+04
   #    635215  9.0371E+01  1.3146E-04  1.0605E+04
   #    635594  9.0421E+01  1.3164E-04  1.0635E+04
   #    635964  9.0469E+01  1.3182E-04  1.0665E+04
   #    636333  9.0518E+01  1.3185E-04  1.0695E+04
   #    636709  9.0568E+01  1.3169E-04  1.0725E+04
   #    637086  9.0617E+01  1.3155E-04  1.0755E+04
   #    637463  9.0667E+01  1.3137E-04  1.0785E+04
   #    637832  9.0715E+01  1.3121E-04  1.0815E+04
   #    638211  9.0765E+01  1.3106E-04  1.0846E+04
   #    638590  9.0814E+01  1.3087E-04  1.0876E+04
   #    638968  9.0864E+01  1.3061E-04  1.0906E+04
   #    639336  9.0912E+01  1.3036E-04  1.0936E+04
   #    639715  9.0961E+01  1.3016E-04  1.0966E+04
   #    640086  9.1009E+01  1.3003E-04  1.0996E+04
   #    640464  9.1058E+01  1.2988E-04  1.1026E+04
   #    640843  9.1108E+01  1.2976E-04  1.1056E+04
   #    641210  9.1155E+01  1.2965E-04  1.1086E+04
   #    641588  9.1204E+01  1.2924E-04  1.1116E+04
   #    641966  9.1253E+01  1.2889E-04  1.1146E+04
   #    642345  9.1302E+01  1.2862E-04  1.1176E+04
   #    642712  9.1349E+01  1.2840E-04  1.1206E+04
   #    643091  9.1398E+01  1.2827E-04  1.1236E+04
   #    643469  9.1446E+01  1.2817E-04  1.1266E+04
   #    643839  9.1493E+01  1.2809E-04  1.1296E+04
   #    644208  9.1541E+01  1.2803E-04  1.1326E+04
   #    644589  9.1589E+01  1.2793E-04  1.1356E+04
   #    644969  9.1638E+01  1.2787E-04  1.1386E+04
   #    645349  9.1686E+01  1.2781E-04  1.1416E+04
   #    645718  9.1734E+01  1.2772E-04  1.1446E+04
   #    646099  9.1782E+01  1.2771E-04  1.1476E+04
   #    646480  9.1831E+01  1.2772E-04  1.1506E+04
   #    646861  9.1879E+01  1.2771E-04  1.1536E+04
   #    647232  9.1927E+01  1.2771E-04  1.1566E+04
   #    647613  9.1975E+01  1.2769E-04  1.1596E+04
   #    647985  9.2023E+01  1.2766E-04  1.1626E+04
   #    648366  9.2071E+01  1.2764E-04  1.1656E+04
   #    648735  9.2119E+01  1.2764E-04  1.1686E+04
   #    649116  9.2167E+01  1.2764E-04  1.1717E+04
   #    649496  9.2216E+01  1.2764E-04  1.1747E+04
   #    649877  9.2264E+01  1.2751E-04  1.1777E+04
   #    650247  9.2311E+01  1.2723E-04  1.1807E+04
   #    650624  9.2359E+01  1.2689E-04  1.1837E+04
   #    651001  9.2407E+01  1.2656E-04  1.1867E+04
   #    651376  9.2454E+01  1.2626E-04  1.1897E+04
   #    651751  9.2502E+01  1.2591E-04  1.1927E+04
   #    652108  9.2547E+01  1.2559E-04  1.1957E+04
   #    652483  9.2594E+01  1.2529E-04  1.1987E+04
   #    652858  9.2641E+01  1.2508E-04  1.2017E+04
   #    653233  9.2687E+01  1.2484E-04  1.2047E+04
   #    653597  9.2733E+01  1.2461E-04  1.2077E+04
   #    653973  9.2780E+01  1.2443E-04  1.2107E+04
   #    654348  9.2826E+01  1.2432E-04  1.2137E+04
   #    654723  9.2873E+01  1.2428E-04  1.2167E+04
   #    655088  9.2918E+01  1.2430E-04  1.2197E+04
   #    655462  9.2965E+01  1.2433E-04  1.2227E+04
   #    655833  9.3011E+01  1.2435E-04  1.2257E+04
   #    656196  9.3056E+01  1.2431E-04  1.2287E+04
   #    656567  9.3102E+01  1.2414E-04  1.2317E+04
   #    656928  9.3147E+01  1.2381E-04  1.2347E+04
   #    657297  9.3192E+01  1.2356E-04  1.2377E+04
   #    657662  9.3237E+01  1.2335E-04  1.2407E+04
   #    658027  9.3282E+01  1.2315E-04  1.2437E+04
   #    658382  9.3326E+01  1.2299E-04  1.2468E+04
   #    658747  9.3371E+01  1.2283E-04  1.2498E+04
   #    659112  9.3416E+01  1.2265E-04  1.2528E+04
   #    659476  9.3460E+01  1.2229E-04  1.2558E+04
   #    659841  9.3505E+01  1.2194E-04  1.2588E+04
   #    660190  9.3547E+01  1.2159E-04  1.2618E+04
   #    660555  9.3592E+01  1.2138E-04  1.2648E+04
   #    660920  9.3636E+01  1.2112E-04  1.2678E+04
   #    661285  9.3680E+01  1.2088E-04  1.2708E+04
   #    661640  9.3723E+01  1.2069E-04  1.2738E+04
   #    662005  9.3767E+01  1.2053E-04  1.2768E+04
   #    662370  9.3811E+01  1.2039E-04  1.2798E+04
   #    662735  9.3855E+01  1.2021E-04  1.2828E+04
   #    663112  9.3900E+01  1.2004E-04  1.2858E+04
   #    663483  9.3945E+01  1.1987E-04  1.2888E+04
   #    663855  9.3989E+01  1.1968E-04  1.2918E+04
   #    664235  9.4034E+01  1.1946E-04  1.2948E+04
   #    664615  9.4080E+01  1.1919E-04  1.2978E+04
   #    664984  9.4124E+01  1.1892E-04  1.3008E+04
   #    665365  9.4169E+01  1.1866E-04  1.3038E+04
   #    665745  9.4214E+01  1.1842E-04  1.3068E+04
   #    666126  9.4259E+01  1.1815E-04  1.3098E+04
   #    666506  9.4304E+01  1.1791E-04  1.3128E+04
   #    666874  9.4347E+01  1.1777E-04  1.3158E+04
   #    667253  9.4392E+01  1.1773E-04  1.3189E+04
   #    667632  9.4436E+01  1.1773E-04  1.3219E+04
   #    668003  9.4480E+01  1.1775E-04  1.3249E+04
   #    668371  9.4524E+01  1.1778E-04  1.3279E+04
   #    668750  9.4568E+01  1.1781E-04  1.3309E+04
   #    669129  9.4613E+01  1.1787E-04  1.3339E+04
   #    669508  9.4657E+01  1.1792E-04  1.3369E+04
   #    669887  9.4702E+01  1.1795E-04  1.3399E+04
   #    670252  9.4745E+01  1.1795E-04  1.3429E+04
   #    670624  9.4789E+01  1.1796E-04  1.3459E+04
   #    670996  9.4833E+01  1.1799E-04  1.3489E+04
   #    671368  9.4877E+01  1.1803E-04  1.3519E+04
   #    671728  9.4919E+01  1.1805E-04  1.3549E+04
   #    672090  9.4962E+01  1.1784E-04  1.3579E+04
   #    672461  9.5006E+01  1.1768E-04  1.3609E+04
   #    672829  9.5049E+01  1.1757E-04  1.3639E+04
   #    673200  9.5093E+01  1.1743E-04  1.3669E+04
   #    673560  9.5135E+01  1.1728E-04  1.3699E+04
   #    673931  9.5178E+01  1.1711E-04  1.3729E+04
   #    674303  9.5222E+01  1.1699E-04  1.3759E+04
   #    674677  9.5266E+01  1.1692E-04  1.3789E+04
   #    675051  9.5309E+01  1.1683E-04  1.3819E+04
   #    675416  9.5352E+01  1.1671E-04  1.3849E+04
   #    675790  9.5395E+01  1.1657E-04  1.3879E+04
   #    676156  9.5438E+01  1.1639E-04  1.3909E+04
   #    676531  9.5482E+01  1.1618E-04  1.3939E+04
   #    676896  9.5524E+01  1.1600E-04  1.3970E+04
   #    677272  9.5568E+01  1.1586E-04  1.4000E+04
   #    677649  9.5611E+01  1.1569E-04  1.4030E+04
   #    678026  9.5655E+01  1.1552E-04  1.4060E+04
   #    678403  9.5698E+01  1.1539E-04  1.4090E+04
   #    678770  9.5741E+01  1.1528E-04  1.4120E+04
   #    679147  9.5784E+01  1.1524E-04  1.4150E+04
   #    679524  9.5828E+01  1.1520E-04  1.4180E+04
   #    679901  9.5871E+01  1.1518E-04  1.4210E+04
   #    680259  9.5912E+01  1.1519E-04  1.4240E+04
   #    680636  9.5956E+01  1.1525E-04  1.4270E+04
   #    681013  9.5999E+01  1.1529E-04  1.4300E+04
   #    681391  9.6043E+01  1.1540E-04  1.4330E+04
   #    681765  9.6086E+01  1.1547E-04  1.4360E+04
   #    682130  9.6128E+01  1.1555E-04  1.4390E+04
   #    682502  9.6171E+01  1.1556E-04  1.4420E+04
   #    682875  9.6214E+01  1.1553E-04  1.4450E+04
   #    683249  9.6257E+01  1.1548E-04  1.4480E+04
   #    683623  9.6300E+01  1.1542E-04  1.4510E+04
   #    683987  9.6342E+01  1.1536E-04  1.4540E+04
   #    684352  9.6385E+01  1.1530E-04  1.4570E+04
   #    684727  9.6428E+01  1.1523E-04  1.4600E+04
   #    685102  9.6471E+01  1.1513E-04  1.4630E+04
   #    685466  9.6513E+01  1.1501E-04  1.4660E+04
   #    685841  9.6556E+01  1.1487E-04  1.4690E+04
   #    686216  9.6599E+01  1.1473E-04  1.4720E+04
   #    686593  9.6642E+01  1.1456E-04  1.4750E+04
   #    686970  9.6685E+01  1.1430E-04  1.4781E+04
   #    687336  9.6727E+01  1.1399E-04  1.4811E+04
   #    687713  9.6770E+01  1.1367E-04  1.4841E+04
   #    688082  9.6812E+01  1.1336E-04  1.4871E+04
   #    688459  9.6855E+01  1.1309E-04  1.4901E+04
   #    688839  9.6898E+01  1.1288E-04  1.4931E+04
   #    689208  9.6939E+01  1.1271E-04  1.4961E+04
   #    689588  9.6982E+01  1.1256E-04  1.4991E+04
   #    689969  9.7025E+01  1.1241E-04  1.5021E+04
   #    690350  9.7068E+01  1.1229E-04  1.5051E+04
   #    690731  9.7110E+01  1.1219E-04  1.5082E+04
   #    691114  9.7153E+01  1.1210E-04  1.5112E+04
   #    691497  9.7196E+01  1.1197E-04  1.5142E+04
   #    691880  9.7239E+01  1.1182E-04  1.5172E+04
   #    692255  9.7281E+01  1.1166E-04  1.5202E+04
   #    692629  9.7323E+01  1.1150E-04  1.5232E+04
   #    693012  9.7365E+01  1.1134E-04  1.5262E+04
   #    693396  9.7408E+01  1.1117E-04  1.5292E+04
   #    693782  9.7451E+01  1.1091E-04  1.5322E+04
   #    694174  9.7494E+01  1.1052E-04  1.5352E+04
   #    694556  9.7536E+01  1.1022E-04  1.5382E+04
   #    694947  9.7579E+01  1.0997E-04  1.5412E+04
   #    695340  9.7623E+01  1.0984E-04  1.5442E+04
   #    695733  9.7666E+01  1.0976E-04  1.5472E+04
   #    696123  9.7708E+01  1.0972E-04  1.5502E+04
   #    696494  9.7749E+01  1.0971E-04  1.5532E+04
   #    696883  9.7792E+01  1.0973E-04  1.5562E+04
   #    697272  9.7834E+01  1.0975E-04  1.5592E+04
   #    697660  9.7877E+01  1.0981E-04  1.5622E+04
   #    698040  9.7919E+01  1.0985E-04  1.5652E+04
   #    698429  9.7962E+01  1.0995E-04  1.5682E+04
   #    698818  9.8004E+01  1.1007E-04  1.5712E+04
   #    699210  9.8047E+01  1.1026E-04  1.5742E+04
   #    699603  9.8091E+01  1.1043E-04  1.5772E+04
   #    699987  9.8133E+01  1.1062E-04  1.5803E+04
   #    700380  9.8177E+01  1.1083E-04  1.5833E+04
   #    700765  9.8219E+01  1.1101E-04  1.5863E+04
   #    701158  9.8263E+01  1.1116E-04  1.5893E+04
   #    701551  9.8307E+01  1.1130E-04  1.5923E+04
   #    701931  9.8349E+01  1.1142E-04  1.5953E+04
   #    702316  9.8392E+01  1.1153E-04  1.5983E+04
   #    702701  9.8435E+01  1.1163E-04  1.6013E+04
   #    703086  9.8478E+01  1.1172E-04  1.6043E+04
   #    703460  9.8520E+01  1.1179E-04  1.6073E+04
   #    703841  9.8562E+01  1.1186E-04  1.6103E+04
   #    704221  9.8605E+01  1.1193E-04  1.6133E+04
   #    704601  9.8647E+01  1.1198E-04  1.6163E+04
